[176494] [2025-01-16 15:31:26] INFO: ==> Running file: /autodl-fs/data/PythonProject/P3MC/downstream.py
[176494] [2025-01-16 15:31:26] INFO: ==> Config: {'exp_name': 'CVTSLANet_ads-b-10_iq_PT_powerNorm_FT_powerNorm', 'exp_type': 'Downstream_random_rot', 'random_seed': 2024, 'platform': 'linux', 'device': 'cuda', 'iteration': 100, 'epoch': 100, 'dataset': {'name': 'ads-b-10', 'root': '~/Datasets/ADS-B', 'type': 'iq', 'normalize': 'power', 'train_batch_size': 30, 'test_batch_size': 30, 'ratio': 0.2, 'num_classes': 10, 'shot': 15, 'snr': None}, 'encoder': {'name': 'CVTSLANet', 'root': 'models/KANTSLANet2Feature.py', 'feature_dim': 1024, 'pretrain_path': './runs/Pretext_random_rot/CVTSLANet_ads-b_iq_powerNorm/best_encoder.pth', 'TSLA_config': {'seq_len': 4800, 'patch_size': 32, 'num_channels': 2, 'emb_dim': 256, 'depth': 3, 'dropout_rate': 0.3}}, 'classifier': {'name': 'linear', 'root': 'models/LinearClassifier.py', 'in_dim': 1024, 'ratio': 0.2, 'num_classes': 10}, 'optimizer': {'lr': 0.001, 'weight_decay': 0}, 'extra_info': '', 'exp_path': 'runs/Downstream_random_rot/CVTSLANet_ads-b-10_iq_PT_powerNorm_FT_powerNorm/15Shot/0116_153126', 'save_path': 'runs/Downstream_random_rot/CVTSLANet_ads-b-10_iq_PT_powerNorm_FT_powerNorm'}
[176494] [2025-01-16 15:31:26] INFO: --------------------------------------------
[176494] [2025-01-16 15:31:26] INFO: Iteration 1/100
[176494] [2025-01-16 15:32:13] INFO: ==> Train Set: Acc: 100.00%, Loss: 0.00056093, Best model in epoch 99
[176494] [2025-01-16 15:32:14] INFO: ==> Test Set: Acc: 97.75%, Loss: 0.09043379
[176494] [2025-01-16 15:32:14] INFO: --------------------------------------------
[176494] [2025-01-16 15:32:14] INFO: Iteration 2/100
[176494] [2025-01-16 15:33:00] INFO: ==> Train Set: Acc: 100.00%, Loss: 0.00055227, Best model in epoch 86
[176494] [2025-01-16 15:33:01] INFO: ==> Test Set: Acc: 95.88%, Loss: 0.16505698
[176494] [2025-01-16 15:33:01] INFO: --------------------------------------------
[176494] [2025-01-16 15:33:01] INFO: Iteration 3/100
[176494] [2025-01-16 15:33:48] INFO: ==> Train Set: Acc: 100.00%, Loss: 0.00033382, Best model in epoch 90
[176494] [2025-01-16 15:33:49] INFO: ==> Test Set: Acc: 97.16%, Loss: 0.10888387
[176494] [2025-01-16 15:33:49] INFO: --------------------------------------------
[176494] [2025-01-16 15:33:49] INFO: Iteration 4/100
[176494] [2025-01-16 15:34:36] INFO: ==> Train Set: Acc: 100.00%, Loss: 0.00074937, Best model in epoch 86
[176494] [2025-01-16 15:34:37] INFO: ==> Test Set: Acc: 96.47%, Loss: 0.20483348
[176494] [2025-01-16 15:34:37] INFO: --------------------------------------------
[176494] [2025-01-16 15:34:37] INFO: Iteration 5/100
[176494] [2025-01-16 15:35:24] INFO: ==> Train Set: Acc: 100.00%, Loss: 0.00087413, Best model in epoch 96
[176494] [2025-01-16 15:35:25] INFO: ==> Test Set: Acc: 96.47%, Loss: 0.15448916
[176494] [2025-01-16 15:35:25] INFO: --------------------------------------------
[176494] [2025-01-16 15:35:25] INFO: Iteration 6/100
[176494] [2025-01-16 15:36:11] INFO: ==> Train Set: Acc: 100.00%, Loss: 0.00140342, Best model in epoch 98
[176494] [2025-01-16 15:36:12] INFO: ==> Test Set: Acc: 95.20%, Loss: 0.17216338
[176494] [2025-01-16 15:36:12] INFO: --------------------------------------------
[176494] [2025-01-16 15:36:12] INFO: Iteration 7/100
[176494] [2025-01-16 15:37:00] INFO: ==> Train Set: Acc: 100.00%, Loss: 0.00061429, Best model in epoch 82
[176494] [2025-01-16 15:37:01] INFO: ==> Test Set: Acc: 95.78%, Loss: 0.27340446
[176494] [2025-01-16 15:37:01] INFO: --------------------------------------------
[176494] [2025-01-16 15:37:01] INFO: Iteration 8/100
[176494] [2025-01-16 15:37:47] INFO: ==> Train Set: Acc: 100.00%, Loss: 0.00038537, Best model in epoch 96
[176494] [2025-01-16 15:37:48] INFO: ==> Test Set: Acc: 96.86%, Loss: 0.13675646
[176494] [2025-01-16 15:37:48] INFO: --------------------------------------------
[176494] [2025-01-16 15:37:48] INFO: Iteration 9/100
[176494] [2025-01-16 15:38:34] INFO: ==> Train Set: Acc: 100.00%, Loss: 0.00035181, Best model in epoch 94
[176494] [2025-01-16 15:38:35] INFO: ==> Test Set: Acc: 97.25%, Loss: 0.10173288
[176494] [2025-01-16 15:38:35] INFO: --------------------------------------------
[176494] [2025-01-16 15:38:35] INFO: Iteration 10/100
[176494] [2025-01-16 15:39:22] INFO: ==> Train Set: Acc: 100.00%, Loss: 0.00041947, Best model in epoch 81
[176494] [2025-01-16 15:39:23] INFO: ==> Test Set: Acc: 94.61%, Loss: 0.29072614
[176494] [2025-01-16 15:39:23] INFO: --------------------------------------------
[176494] [2025-01-16 15:39:23] INFO: Iteration 11/100
[176494] [2025-01-16 15:40:11] INFO: ==> Train Set: Acc: 100.00%, Loss: 0.00076254, Best model in epoch 90
[176494] [2025-01-16 15:40:12] INFO: ==> Test Set: Acc: 95.59%, Loss: 0.17331964
[176494] [2025-01-16 15:40:12] INFO: --------------------------------------------
[176494] [2025-01-16 15:40:12] INFO: Iteration 12/100
[176494] [2025-01-16 15:40:57] INFO: ==> Train Set: Acc: 100.00%, Loss: 0.00117817, Best model in epoch 96
[176494] [2025-01-16 15:40:58] INFO: ==> Test Set: Acc: 96.37%, Loss: 0.10210367
[176494] [2025-01-16 15:40:58] INFO: --------------------------------------------
[176494] [2025-01-16 15:40:58] INFO: Iteration 13/100
[176494] [2025-01-16 15:41:44] INFO: ==> Train Set: Acc: 100.00%, Loss: 0.00056707, Best model in epoch 85
[176494] [2025-01-16 15:41:45] INFO: ==> Test Set: Acc: 95.88%, Loss: 0.29320604
[176494] [2025-01-16 15:41:45] INFO: --------------------------------------------
[176494] [2025-01-16 15:41:45] INFO: Iteration 14/100
[176494] [2025-01-16 15:42:31] INFO: ==> Train Set: Acc: 100.00%, Loss: 0.00135735, Best model in epoch 99
[176494] [2025-01-16 15:42:32] INFO: ==> Test Set: Acc: 97.35%, Loss: 0.11525114
[176494] [2025-01-16 15:42:32] INFO: --------------------------------------------
[176494] [2025-01-16 15:42:32] INFO: Iteration 15/100
[176494] [2025-01-16 15:43:20] INFO: ==> Train Set: Acc: 100.00%, Loss: 0.00037628, Best model in epoch 98
[176494] [2025-01-16 15:43:21] INFO: ==> Test Set: Acc: 97.94%, Loss: 0.08528471
[176494] [2025-01-16 15:43:21] INFO: --------------------------------------------
[176494] [2025-01-16 15:43:21] INFO: Iteration 16/100
[176494] [2025-01-16 15:44:07] INFO: ==> Train Set: Acc: 100.00%, Loss: 0.00043258, Best model in epoch 93
[176494] [2025-01-16 15:44:08] INFO: ==> Test Set: Acc: 95.10%, Loss: 0.26549113
[176494] [2025-01-16 15:44:08] INFO: --------------------------------------------
[176494] [2025-01-16 15:44:08] INFO: Iteration 17/100
[176494] [2025-01-16 15:44:54] INFO: ==> Train Set: Acc: 100.00%, Loss: 0.00039179, Best model in epoch 91
[176494] [2025-01-16 15:44:56] INFO: ==> Test Set: Acc: 95.49%, Loss: 0.20588939
[176494] [2025-01-16 15:44:56] INFO: --------------------------------------------
[176494] [2025-01-16 15:44:56] INFO: Iteration 18/100
[176494] [2025-01-16 15:45:43] INFO: ==> Train Set: Acc: 100.00%, Loss: 0.00053581, Best model in epoch 90
[176494] [2025-01-16 15:45:44] INFO: ==> Test Set: Acc: 98.33%, Loss: 0.07485826
[176494] [2025-01-16 15:45:44] INFO: --------------------------------------------
[176494] [2025-01-16 15:45:44] INFO: Iteration 19/100
[176494] [2025-01-16 15:46:30] INFO: ==> Train Set: Acc: 100.00%, Loss: 0.00036309, Best model in epoch 96
[176494] [2025-01-16 15:46:31] INFO: ==> Test Set: Acc: 95.49%, Loss: 0.26594616
[176494] [2025-01-16 15:46:31] INFO: --------------------------------------------
[176494] [2025-01-16 15:46:31] INFO: Iteration 20/100
[176494] [2025-01-16 15:47:17] INFO: ==> Train Set: Acc: 100.00%, Loss: 0.00035890, Best model in epoch 87
[176494] [2025-01-16 15:47:18] INFO: ==> Test Set: Acc: 96.96%, Loss: 0.14425386
[176494] [2025-01-16 15:47:18] INFO: --------------------------------------------
[176494] [2025-01-16 15:47:18] INFO: Iteration 21/100
[176494] [2025-01-16 15:48:05] INFO: ==> Train Set: Acc: 100.00%, Loss: 0.00078330, Best model in epoch 95
[176494] [2025-01-16 15:48:06] INFO: ==> Test Set: Acc: 96.08%, Loss: 0.20880139
[176494] [2025-01-16 15:48:06] INFO: --------------------------------------------
[176494] [2025-01-16 15:48:06] INFO: Iteration 22/100
[176494] [2025-01-16 15:48:53] INFO: ==> Train Set: Acc: 100.00%, Loss: 0.00038010, Best model in epoch 81
[176494] [2025-01-16 15:48:54] INFO: ==> Test Set: Acc: 94.41%, Loss: 0.25638274
[176494] [2025-01-16 15:48:54] INFO: --------------------------------------------
[176494] [2025-01-16 15:48:54] INFO: Iteration 23/100
[176494] [2025-01-16 15:49:39] INFO: ==> Train Set: Acc: 100.00%, Loss: 0.00060603, Best model in epoch 76
[176494] [2025-01-16 15:49:40] INFO: ==> Test Set: Acc: 95.39%, Loss: 0.16810676
[176494] [2025-01-16 15:49:40] INFO: --------------------------------------------
[176494] [2025-01-16 15:49:40] INFO: Iteration 24/100
[176494] [2025-01-16 15:50:27] INFO: ==> Train Set: Acc: 100.00%, Loss: 0.00042917, Best model in epoch 89
[176494] [2025-01-16 15:50:28] INFO: ==> Test Set: Acc: 94.61%, Loss: 0.26438690
[176494] [2025-01-16 15:50:28] INFO: --------------------------------------------
[176494] [2025-01-16 15:50:28] INFO: Iteration 25/100
[176494] [2025-01-16 15:51:15] INFO: ==> Train Set: Acc: 100.00%, Loss: 0.00123869, Best model in epoch 93
[176494] [2025-01-16 15:51:16] INFO: ==> Test Set: Acc: 96.96%, Loss: 0.14152534
[176494] [2025-01-16 15:51:16] INFO: --------------------------------------------
[176494] [2025-01-16 15:51:16] INFO: Iteration 26/100
[176494] [2025-01-16 15:52:03] INFO: ==> Train Set: Acc: 100.00%, Loss: 0.00059998, Best model in epoch 92
[176494] [2025-01-16 15:52:04] INFO: ==> Test Set: Acc: 97.45%, Loss: 0.07259438
[176494] [2025-01-16 15:52:04] INFO: --------------------------------------------
[176494] [2025-01-16 15:52:04] INFO: Iteration 27/100
[176494] [2025-01-16 15:52:51] INFO: ==> Train Set: Acc: 100.00%, Loss: 0.00035711, Best model in epoch 98
[176494] [2025-01-16 15:52:52] INFO: ==> Test Set: Acc: 96.86%, Loss: 0.13769419
[176494] [2025-01-16 15:52:52] INFO: --------------------------------------------
[176494] [2025-01-16 15:52:52] INFO: Iteration 28/100
[176494] [2025-01-16 15:53:39] INFO: ==> Train Set: Acc: 100.00%, Loss: 0.00077968, Best model in epoch 70
[176494] [2025-01-16 15:53:40] INFO: ==> Test Set: Acc: 95.78%, Loss: 0.11442143
[176494] [2025-01-16 15:53:40] INFO: --------------------------------------------
[176494] [2025-01-16 15:53:40] INFO: Iteration 29/100
[176494] [2025-01-16 15:54:28] INFO: ==> Train Set: Acc: 100.00%, Loss: 0.00121780, Best model in epoch 55
[176494] [2025-01-16 15:54:30] INFO: ==> Test Set: Acc: 94.71%, Loss: 0.23665049
[176494] [2025-01-16 15:54:30] INFO: --------------------------------------------
[176494] [2025-01-16 15:54:30] INFO: Iteration 30/100
[176494] [2025-01-16 15:55:29] INFO: ==> Train Set: Acc: 100.00%, Loss: 0.00044018, Best model in epoch 73
[176494] [2025-01-16 15:55:30] INFO: ==> Test Set: Acc: 95.78%, Loss: 0.21560647
[176494] [2025-01-16 15:55:30] INFO: --------------------------------------------
[176494] [2025-01-16 15:55:30] INFO: Iteration 31/100
[176494] [2025-01-16 15:56:29] INFO: ==> Train Set: Acc: 100.00%, Loss: 0.00083060, Best model in epoch 99
[176494] [2025-01-16 15:56:30] INFO: ==> Test Set: Acc: 97.94%, Loss: 0.07811579
[176494] [2025-01-16 15:56:30] INFO: --------------------------------------------
[176494] [2025-01-16 15:56:30] INFO: Iteration 32/100
[176494] [2025-01-16 15:57:29] INFO: ==> Train Set: Acc: 100.00%, Loss: 0.00114619, Best model in epoch 98
[176494] [2025-01-16 15:57:30] INFO: ==> Test Set: Acc: 96.76%, Loss: 0.12142865
[176494] [2025-01-16 15:57:30] INFO: --------------------------------------------
[176494] [2025-01-16 15:57:30] INFO: Iteration 33/100
[176494] [2025-01-16 15:58:30] INFO: ==> Train Set: Acc: 100.00%, Loss: 0.00034752, Best model in epoch 99
[176494] [2025-01-16 15:58:31] INFO: ==> Test Set: Acc: 95.39%, Loss: 0.19656848
[176494] [2025-01-16 15:58:31] INFO: --------------------------------------------
[176494] [2025-01-16 15:58:31] INFO: Iteration 34/100
[176494] [2025-01-16 15:59:30] INFO: ==> Train Set: Acc: 100.00%, Loss: 0.00052415, Best model in epoch 95
[176494] [2025-01-16 15:59:31] INFO: ==> Test Set: Acc: 96.76%, Loss: 0.17302856
[176494] [2025-01-16 15:59:31] INFO: --------------------------------------------
[176494] [2025-01-16 15:59:31] INFO: Iteration 35/100
[176494] [2025-01-16 16:00:30] INFO: ==> Train Set: Acc: 100.00%, Loss: 0.00045334, Best model in epoch 95
[176494] [2025-01-16 16:00:32] INFO: ==> Test Set: Acc: 97.65%, Loss: 0.09274527
[176494] [2025-01-16 16:00:32] INFO: --------------------------------------------
[176494] [2025-01-16 16:00:32] INFO: Iteration 36/100
[176494] [2025-01-16 16:01:29] INFO: ==> Train Set: Acc: 100.00%, Loss: 0.00073791, Best model in epoch 68
[176494] [2025-01-16 16:01:30] INFO: ==> Test Set: Acc: 97.55%, Loss: 0.11303999
[176494] [2025-01-16 16:01:30] INFO: --------------------------------------------
[176494] [2025-01-16 16:01:30] INFO: Iteration 37/100
[176494] [2025-01-16 16:02:30] INFO: ==> Train Set: Acc: 100.00%, Loss: 0.00041206, Best model in epoch 92
[176494] [2025-01-16 16:02:31] INFO: ==> Test Set: Acc: 98.33%, Loss: 0.09318204
[176494] [2025-01-16 16:02:31] INFO: --------------------------------------------
[176494] [2025-01-16 16:02:31] INFO: Iteration 38/100
[176494] [2025-01-16 16:03:30] INFO: ==> Train Set: Acc: 100.00%, Loss: 0.00035194, Best model in epoch 98
[176494] [2025-01-16 16:03:32] INFO: ==> Test Set: Acc: 97.25%, Loss: 0.09119170
[176494] [2025-01-16 16:03:32] INFO: --------------------------------------------
[176494] [2025-01-16 16:03:32] INFO: Iteration 39/100
[176494] [2025-01-16 16:04:30] INFO: ==> Train Set: Acc: 100.00%, Loss: 0.00077331, Best model in epoch 81
[176494] [2025-01-16 16:04:31] INFO: ==> Test Set: Acc: 97.55%, Loss: 0.07888449
[176494] [2025-01-16 16:04:31] INFO: --------------------------------------------
[176494] [2025-01-16 16:04:31] INFO: Iteration 40/100
[176494] [2025-01-16 16:05:31] INFO: ==> Train Set: Acc: 100.00%, Loss: 0.00092908, Best model in epoch 99
[176494] [2025-01-16 16:05:33] INFO: ==> Test Set: Acc: 96.57%, Loss: 0.13571659
[176494] [2025-01-16 16:05:33] INFO: --------------------------------------------
[176494] [2025-01-16 16:05:33] INFO: Iteration 41/100
[176494] [2025-01-16 16:06:33] INFO: ==> Train Set: Acc: 100.00%, Loss: 0.00073987, Best model in epoch 79
[176494] [2025-01-16 16:06:34] INFO: ==> Test Set: Acc: 97.25%, Loss: 0.07515005
[176494] [2025-01-16 16:06:34] INFO: --------------------------------------------
[176494] [2025-01-16 16:06:34] INFO: Iteration 42/100
[176494] [2025-01-16 16:07:43] INFO: ==> Train Set: Acc: 100.00%, Loss: 0.00095651, Best model in epoch 85
[176494] [2025-01-16 16:07:45] INFO: ==> Test Set: Acc: 97.55%, Loss: 0.12212993
[176494] [2025-01-16 16:07:45] INFO: --------------------------------------------
[176494] [2025-01-16 16:07:45] INFO: Iteration 43/100
[176494] [2025-01-16 16:09:00] INFO: ==> Train Set: Acc: 100.00%, Loss: 0.00038457, Best model in epoch 95
[176494] [2025-01-16 16:09:02] INFO: ==> Test Set: Acc: 97.75%, Loss: 0.10465327
[176494] [2025-01-16 16:09:02] INFO: --------------------------------------------
[176494] [2025-01-16 16:09:02] INFO: Iteration 44/100
[176494] [2025-01-16 16:10:19] INFO: ==> Train Set: Acc: 100.00%, Loss: 0.00132727, Best model in epoch 66
[176494] [2025-01-16 16:10:21] INFO: ==> Test Set: Acc: 96.27%, Loss: 0.18152444
[176494] [2025-01-16 16:10:21] INFO: --------------------------------------------
[176494] [2025-01-16 16:10:21] INFO: Iteration 45/100
[176494] [2025-01-16 16:11:38] INFO: ==> Train Set: Acc: 100.00%, Loss: 0.00066247, Best model in epoch 83
[176494] [2025-01-16 16:11:40] INFO: ==> Test Set: Acc: 98.24%, Loss: 0.06573743
[176494] [2025-01-16 16:11:40] INFO: --------------------------------------------
[176494] [2025-01-16 16:11:40] INFO: Iteration 46/100
[176494] [2025-01-16 16:12:54] INFO: ==> Train Set: Acc: 100.00%, Loss: 0.00041396, Best model in epoch 83
[176494] [2025-01-16 16:12:56] INFO: ==> Test Set: Acc: 97.75%, Loss: 0.11393271
[176494] [2025-01-16 16:12:56] INFO: --------------------------------------------
[176494] [2025-01-16 16:12:56] INFO: Iteration 47/100
[176494] [2025-01-16 16:14:12] INFO: ==> Train Set: Acc: 100.00%, Loss: 0.00038906, Best model in epoch 99
[176494] [2025-01-16 16:14:13] INFO: ==> Test Set: Acc: 96.37%, Loss: 0.15224109
[176494] [2025-01-16 16:14:14] INFO: --------------------------------------------
[176494] [2025-01-16 16:14:14] INFO: Iteration 48/100
[176494] [2025-01-16 16:15:30] INFO: ==> Train Set: Acc: 100.00%, Loss: 0.00060172, Best model in epoch 63
[176494] [2025-01-16 16:15:32] INFO: ==> Test Set: Acc: 96.67%, Loss: 0.14125484
[176494] [2025-01-16 16:15:32] INFO: --------------------------------------------
[176494] [2025-01-16 16:15:32] INFO: Iteration 49/100
[176494] [2025-01-16 16:16:47] INFO: ==> Train Set: Acc: 100.00%, Loss: 0.00060227, Best model in epoch 71
[176494] [2025-01-16 16:16:49] INFO: ==> Test Set: Acc: 94.41%, Loss: 0.28249257
[176494] [2025-01-16 16:16:49] INFO: --------------------------------------------
[176494] [2025-01-16 16:16:49] INFO: Iteration 50/100
[176494] [2025-01-16 16:18:04] INFO: ==> Train Set: Acc: 100.00%, Loss: 0.00029554, Best model in epoch 94
[176494] [2025-01-16 16:18:06] INFO: ==> Test Set: Acc: 98.73%, Loss: 0.09186949
[176494] [2025-01-16 16:18:06] INFO: --------------------------------------------
[176494] [2025-01-16 16:18:06] INFO: Iteration 51/100
[176494] [2025-01-16 16:19:22] INFO: ==> Train Set: Acc: 100.00%, Loss: 0.00089169, Best model in epoch 50
[176494] [2025-01-16 16:19:24] INFO: ==> Test Set: Acc: 98.73%, Loss: 0.03847991
[176494] [2025-01-16 16:19:24] INFO: --------------------------------------------
[176494] [2025-01-16 16:19:24] INFO: Iteration 52/100
[176494] [2025-01-16 16:20:40] INFO: ==> Train Set: Acc: 100.00%, Loss: 0.00081843, Best model in epoch 63
[176494] [2025-01-16 16:20:42] INFO: ==> Test Set: Acc: 95.20%, Loss: 0.21396795
[176494] [2025-01-16 16:20:42] INFO: --------------------------------------------
[176494] [2025-01-16 16:20:42] INFO: Iteration 53/100
[176494] [2025-01-16 16:21:56] INFO: ==> Train Set: Acc: 100.00%, Loss: 0.00042532, Best model in epoch 96
[176494] [2025-01-16 16:21:58] INFO: ==> Test Set: Acc: 96.76%, Loss: 0.13685208
[176494] [2025-01-16 16:21:58] INFO: --------------------------------------------
[176494] [2025-01-16 16:21:58] INFO: Iteration 54/100
[176494] [2025-01-16 16:23:14] INFO: ==> Train Set: Acc: 100.00%, Loss: 0.00072594, Best model in epoch 90
[176494] [2025-01-16 16:23:16] INFO: ==> Test Set: Acc: 97.84%, Loss: 0.08610530
[176494] [2025-01-16 16:23:16] INFO: --------------------------------------------
[176494] [2025-01-16 16:23:16] INFO: Iteration 55/100
[176494] [2025-01-16 16:24:32] INFO: ==> Train Set: Acc: 100.00%, Loss: 0.00038620, Best model in epoch 93
[176494] [2025-01-16 16:24:34] INFO: ==> Test Set: Acc: 95.78%, Loss: 0.16658862
[176494] [2025-01-16 16:24:34] INFO: --------------------------------------------
[176494] [2025-01-16 16:24:34] INFO: Iteration 56/100
[176494] [2025-01-16 16:25:49] INFO: ==> Train Set: Acc: 100.00%, Loss: 0.00069309, Best model in epoch 80
[176494] [2025-01-16 16:25:51] INFO: ==> Test Set: Acc: 95.69%, Loss: 0.19132671
[176494] [2025-01-16 16:25:51] INFO: --------------------------------------------
[176494] [2025-01-16 16:25:51] INFO: Iteration 57/100
[176494] [2025-01-16 16:27:06] INFO: ==> Train Set: Acc: 100.00%, Loss: 0.00078665, Best model in epoch 86
[176494] [2025-01-16 16:27:08] INFO: ==> Test Set: Acc: 96.86%, Loss: 0.10518558
[176494] [2025-01-16 16:27:08] INFO: --------------------------------------------
[176494] [2025-01-16 16:27:08] INFO: Iteration 58/100
[176494] [2025-01-16 16:28:24] INFO: ==> Train Set: Acc: 100.00%, Loss: 0.00057571, Best model in epoch 77
[176494] [2025-01-16 16:28:26] INFO: ==> Test Set: Acc: 96.96%, Loss: 0.20408879
[176494] [2025-01-16 16:28:26] INFO: --------------------------------------------
[176494] [2025-01-16 16:28:26] INFO: Iteration 59/100
[176494] [2025-01-16 16:29:42] INFO: ==> Train Set: Acc: 100.00%, Loss: 0.00045396, Best model in epoch 96
[176494] [2025-01-16 16:29:44] INFO: ==> Test Set: Acc: 97.94%, Loss: 0.07899226
[176494] [2025-01-16 16:29:44] INFO: --------------------------------------------
[176494] [2025-01-16 16:29:44] INFO: Iteration 60/100
[176494] [2025-01-16 16:31:00] INFO: ==> Train Set: Acc: 100.00%, Loss: 0.00057265, Best model in epoch 85
[176494] [2025-01-16 16:31:01] INFO: ==> Test Set: Acc: 95.49%, Loss: 0.20580202
[176494] [2025-01-16 16:31:01] INFO: --------------------------------------------
[176494] [2025-01-16 16:31:01] INFO: Iteration 61/100
[176494] [2025-01-16 16:32:17] INFO: ==> Train Set: Acc: 100.00%, Loss: 0.00067563, Best model in epoch 59
[176494] [2025-01-16 16:32:18] INFO: ==> Test Set: Acc: 96.08%, Loss: 0.14600059
[176494] [2025-01-16 16:32:18] INFO: --------------------------------------------
[176494] [2025-01-16 16:32:18] INFO: Iteration 62/100
[176494] [2025-01-16 16:33:34] INFO: ==> Train Set: Acc: 100.00%, Loss: 0.00079933, Best model in epoch 98
[176494] [2025-01-16 16:33:36] INFO: ==> Test Set: Acc: 96.27%, Loss: 0.17370950
[176494] [2025-01-16 16:33:36] INFO: --------------------------------------------
[176494] [2025-01-16 16:33:36] INFO: Iteration 63/100
[176494] [2025-01-16 16:34:51] INFO: ==> Train Set: Acc: 100.00%, Loss: 0.00067151, Best model in epoch 99
[176494] [2025-01-16 16:34:53] INFO: ==> Test Set: Acc: 95.59%, Loss: 0.25308526
[176494] [2025-01-16 16:34:53] INFO: --------------------------------------------
[176494] [2025-01-16 16:34:53] INFO: Iteration 64/100
[176494] [2025-01-16 16:36:08] INFO: ==> Train Set: Acc: 100.00%, Loss: 0.00051371, Best model in epoch 89
[176494] [2025-01-16 16:36:10] INFO: ==> Test Set: Acc: 94.31%, Loss: 0.33146671
[176494] [2025-01-16 16:36:10] INFO: --------------------------------------------
[176494] [2025-01-16 16:36:10] INFO: Iteration 65/100
[176494] [2025-01-16 16:37:17] INFO: ==> Train Set: Acc: 100.00%, Loss: 0.00059660, Best model in epoch 88
[176494] [2025-01-16 16:37:18] INFO: ==> Test Set: Acc: 93.82%, Loss: 0.35675817
[176494] [2025-01-16 16:37:18] INFO: --------------------------------------------
[176494] [2025-01-16 16:37:18] INFO: Iteration 66/100
[176494] [2025-01-16 16:38:04] INFO: ==> Train Set: Acc: 100.00%, Loss: 0.00061168, Best model in epoch 83
[176494] [2025-01-16 16:38:05] INFO: ==> Test Set: Acc: 96.86%, Loss: 0.11523255
[176494] [2025-01-16 16:38:05] INFO: --------------------------------------------
[176494] [2025-01-16 16:38:05] INFO: Iteration 67/100
[176494] [2025-01-16 16:38:53] INFO: ==> Train Set: Acc: 100.00%, Loss: 0.00050087, Best model in epoch 97
[176494] [2025-01-16 16:38:54] INFO: ==> Test Set: Acc: 96.27%, Loss: 0.17846255
[176494] [2025-01-16 16:38:54] INFO: --------------------------------------------
[176494] [2025-01-16 16:38:54] INFO: Iteration 68/100
[176494] [2025-01-16 16:39:41] INFO: ==> Train Set: Acc: 100.00%, Loss: 0.00065619, Best model in epoch 87
[176494] [2025-01-16 16:39:42] INFO: ==> Test Set: Acc: 94.41%, Loss: 0.25493050
[176494] [2025-01-16 16:39:42] INFO: --------------------------------------------
[176494] [2025-01-16 16:39:42] INFO: Iteration 69/100
[176494] [2025-01-16 16:40:45] INFO: ==> Train Set: Acc: 100.00%, Loss: 0.00046454, Best model in epoch 82
[176494] [2025-01-16 16:40:47] INFO: ==> Test Set: Acc: 97.55%, Loss: 0.07386599
[176494] [2025-01-16 16:40:47] INFO: --------------------------------------------
[176494] [2025-01-16 16:40:47] INFO: Iteration 70/100
[176494] [2025-01-16 16:41:49] INFO: ==> Train Set: Acc: 100.00%, Loss: 0.00044709, Best model in epoch 88
[176494] [2025-01-16 16:41:51] INFO: ==> Test Set: Acc: 97.45%, Loss: 0.11491694
[176494] [2025-01-16 16:41:51] INFO: --------------------------------------------
[176494] [2025-01-16 16:41:51] INFO: Iteration 71/100
[176494] [2025-01-16 16:42:54] INFO: ==> Train Set: Acc: 100.00%, Loss: 0.00058582, Best model in epoch 98
[176494] [2025-01-16 16:42:56] INFO: ==> Test Set: Acc: 97.45%, Loss: 0.09651656
[176494] [2025-01-16 16:42:56] INFO: --------------------------------------------
[176494] [2025-01-16 16:42:56] INFO: Iteration 72/100
[176494] [2025-01-16 16:43:59] INFO: ==> Train Set: Acc: 100.00%, Loss: 0.00037486, Best model in epoch 98
[176494] [2025-01-16 16:44:00] INFO: ==> Test Set: Acc: 96.86%, Loss: 0.14585862
[176494] [2025-01-16 16:44:00] INFO: --------------------------------------------
[176494] [2025-01-16 16:44:00] INFO: Iteration 73/100
[176494] [2025-01-16 16:45:02] INFO: ==> Train Set: Acc: 100.00%, Loss: 0.00027862, Best model in epoch 97
[176494] [2025-01-16 16:45:04] INFO: ==> Test Set: Acc: 97.55%, Loss: 0.12666864
[176494] [2025-01-16 16:45:04] INFO: --------------------------------------------
[176494] [2025-01-16 16:45:04] INFO: Iteration 74/100
[176494] [2025-01-16 16:46:07] INFO: ==> Train Set: Acc: 100.00%, Loss: 0.00038420, Best model in epoch 95
[176494] [2025-01-16 16:46:09] INFO: ==> Test Set: Acc: 97.94%, Loss: 0.08432744
[176494] [2025-01-16 16:46:09] INFO: --------------------------------------------
[176494] [2025-01-16 16:46:09] INFO: Iteration 75/100
[176494] [2025-01-16 16:47:12] INFO: ==> Train Set: Acc: 100.00%, Loss: 0.00063790, Best model in epoch 64
[176494] [2025-01-16 16:47:13] INFO: ==> Test Set: Acc: 97.75%, Loss: 0.07452867
[176494] [2025-01-16 16:47:13] INFO: --------------------------------------------
[176494] [2025-01-16 16:47:13] INFO: Iteration 76/100
[176494] [2025-01-16 16:48:16] INFO: ==> Train Set: Acc: 100.00%, Loss: 0.00042261, Best model in epoch 99
[176494] [2025-01-16 16:48:17] INFO: ==> Test Set: Acc: 97.06%, Loss: 0.13021856
[176494] [2025-01-16 16:48:17] INFO: --------------------------------------------
[176494] [2025-01-16 16:48:17] INFO: Iteration 77/100
[176494] [2025-01-16 16:49:20] INFO: ==> Train Set: Acc: 100.00%, Loss: 0.00035359, Best model in epoch 97
[176494] [2025-01-16 16:49:22] INFO: ==> Test Set: Acc: 97.45%, Loss: 0.10638201
[176494] [2025-01-16 16:49:22] INFO: --------------------------------------------
[176494] [2025-01-16 16:49:22] INFO: Iteration 78/100
[176494] [2025-01-16 16:50:25] INFO: ==> Train Set: Acc: 100.00%, Loss: 0.00035761, Best model in epoch 91
[176494] [2025-01-16 16:50:26] INFO: ==> Test Set: Acc: 96.27%, Loss: 0.17103210
[176494] [2025-01-16 16:50:26] INFO: --------------------------------------------
[176494] [2025-01-16 16:50:26] INFO: Iteration 79/100
[176494] [2025-01-16 16:51:30] INFO: ==> Train Set: Acc: 100.00%, Loss: 0.00043537, Best model in epoch 69
[176494] [2025-01-16 16:51:31] INFO: ==> Test Set: Acc: 97.75%, Loss: 0.07595295
[176494] [2025-01-16 16:51:31] INFO: --------------------------------------------
[176494] [2025-01-16 16:51:31] INFO: Iteration 80/100
[176494] [2025-01-16 16:52:33] INFO: ==> Train Set: Acc: 100.00%, Loss: 0.00036737, Best model in epoch 99
[176494] [2025-01-16 16:52:35] INFO: ==> Test Set: Acc: 97.16%, Loss: 0.09544144
[176494] [2025-01-16 16:52:35] INFO: --------------------------------------------
[176494] [2025-01-16 16:52:35] INFO: Iteration 81/100
[176494] [2025-01-16 16:53:39] INFO: ==> Train Set: Acc: 100.00%, Loss: 0.00063319, Best model in epoch 72
[176494] [2025-01-16 16:53:40] INFO: ==> Test Set: Acc: 95.10%, Loss: 0.29137106
[176494] [2025-01-16 16:53:40] INFO: --------------------------------------------
[176494] [2025-01-16 16:53:40] INFO: Iteration 82/100
[176494] [2025-01-16 16:54:48] INFO: ==> Train Set: Acc: 100.00%, Loss: 0.00103721, Best model in epoch 48
[176494] [2025-01-16 16:54:49] INFO: ==> Test Set: Acc: 96.76%, Loss: 0.15229022
[176494] [2025-01-16 16:54:49] INFO: --------------------------------------------
[176494] [2025-01-16 16:54:49] INFO: Iteration 83/100
[176494] [2025-01-16 16:55:51] INFO: ==> Train Set: Acc: 100.00%, Loss: 0.00071015, Best model in epoch 90
[176494] [2025-01-16 16:55:53] INFO: ==> Test Set: Acc: 96.18%, Loss: 0.19555748
[176494] [2025-01-16 16:55:53] INFO: --------------------------------------------
[176494] [2025-01-16 16:55:53] INFO: Iteration 84/100
[176494] [2025-01-16 16:56:56] INFO: ==> Train Set: Acc: 100.00%, Loss: 0.00035949, Best model in epoch 75
[176494] [2025-01-16 16:56:58] INFO: ==> Test Set: Acc: 97.75%, Loss: 0.07164467
[176494] [2025-01-16 16:56:58] INFO: --------------------------------------------
[176494] [2025-01-16 16:56:58] INFO: Iteration 85/100
[176494] [2025-01-16 16:58:01] INFO: ==> Train Set: Acc: 100.00%, Loss: 0.00060032, Best model in epoch 82
[176494] [2025-01-16 16:58:03] INFO: ==> Test Set: Acc: 97.06%, Loss: 0.13751326
[176494] [2025-01-16 16:58:03] INFO: --------------------------------------------
[176494] [2025-01-16 16:58:03] INFO: Iteration 86/100
[176494] [2025-01-16 16:59:06] INFO: ==> Train Set: Acc: 100.00%, Loss: 0.00030864, Best model in epoch 99
[176494] [2025-01-16 16:59:08] INFO: ==> Test Set: Acc: 96.57%, Loss: 0.15262246
[176494] [2025-01-16 16:59:08] INFO: --------------------------------------------
[176494] [2025-01-16 16:59:08] INFO: Iteration 87/100
[176494] [2025-01-16 17:00:10] INFO: ==> Train Set: Acc: 100.00%, Loss: 0.00047666, Best model in epoch 92
[176494] [2025-01-16 17:00:11] INFO: ==> Test Set: Acc: 97.25%, Loss: 0.12432689
[176494] [2025-01-16 17:00:11] INFO: --------------------------------------------
[176494] [2025-01-16 17:00:11] INFO: Iteration 88/100
[176494] [2025-01-16 17:01:14] INFO: ==> Train Set: Acc: 100.00%, Loss: 0.00045357, Best model in epoch 89
[176494] [2025-01-16 17:01:16] INFO: ==> Test Set: Acc: 96.67%, Loss: 0.19149128
[176494] [2025-01-16 17:01:16] INFO: --------------------------------------------
[176494] [2025-01-16 17:01:16] INFO: Iteration 89/100
[176494] [2025-01-16 17:02:20] INFO: ==> Train Set: Acc: 100.00%, Loss: 0.00055324, Best model in epoch 90
[176494] [2025-01-16 17:02:21] INFO: ==> Test Set: Acc: 98.73%, Loss: 0.04981231
[176494] [2025-01-16 17:02:21] INFO: --------------------------------------------
[176494] [2025-01-16 17:02:21] INFO: Iteration 90/100
[176494] [2025-01-16 17:03:23] INFO: ==> Train Set: Acc: 100.00%, Loss: 0.00040768, Best model in epoch 81
[176494] [2025-01-16 17:03:25] INFO: ==> Test Set: Acc: 96.08%, Loss: 0.20915613
[176494] [2025-01-16 17:03:25] INFO: --------------------------------------------
[176494] [2025-01-16 17:03:25] INFO: Iteration 91/100
[176494] [2025-01-16 17:04:28] INFO: ==> Train Set: Acc: 100.00%, Loss: 0.00055391, Best model in epoch 84
[176494] [2025-01-16 17:04:29] INFO: ==> Test Set: Acc: 96.76%, Loss: 0.11578873
[176494] [2025-01-16 17:04:30] INFO: --------------------------------------------
[176494] [2025-01-16 17:04:30] INFO: Iteration 92/100
[176494] [2025-01-16 17:05:33] INFO: ==> Train Set: Acc: 100.00%, Loss: 0.00139315, Best model in epoch 77
[176494] [2025-01-16 17:05:34] INFO: ==> Test Set: Acc: 97.55%, Loss: 0.10979091
[176494] [2025-01-16 17:05:34] INFO: --------------------------------------------
[176494] [2025-01-16 17:05:34] INFO: Iteration 93/100
[176494] [2025-01-16 17:06:38] INFO: ==> Train Set: Acc: 100.00%, Loss: 0.00085376, Best model in epoch 89
[176494] [2025-01-16 17:06:39] INFO: ==> Test Set: Acc: 96.57%, Loss: 0.10376964
[176494] [2025-01-16 17:06:39] INFO: --------------------------------------------
[176494] [2025-01-16 17:06:39] INFO: Iteration 94/100
[176494] [2025-01-16 17:07:42] INFO: ==> Train Set: Acc: 100.00%, Loss: 0.00096801, Best model in epoch 97
[176494] [2025-01-16 17:07:43] INFO: ==> Test Set: Acc: 97.55%, Loss: 0.09953768
[176494] [2025-01-16 17:07:43] INFO: --------------------------------------------
[176494] [2025-01-16 17:07:43] INFO: Iteration 95/100
[176494] [2025-01-16 17:08:47] INFO: ==> Train Set: Acc: 100.00%, Loss: 0.00111914, Best model in epoch 73
[176494] [2025-01-16 17:08:48] INFO: ==> Test Set: Acc: 97.35%, Loss: 0.12021526
[176494] [2025-01-16 17:08:48] INFO: --------------------------------------------
[176494] [2025-01-16 17:08:48] INFO: Iteration 96/100
[176494] [2025-01-16 17:09:51] INFO: ==> Train Set: Acc: 100.00%, Loss: 0.00066348, Best model in epoch 75
[176494] [2025-01-16 17:09:53] INFO: ==> Test Set: Acc: 96.47%, Loss: 0.14253378
[176494] [2025-01-16 17:09:53] INFO: --------------------------------------------
[176494] [2025-01-16 17:09:53] INFO: Iteration 97/100
[176494] [2025-01-16 17:10:55] INFO: ==> Train Set: Acc: 100.00%, Loss: 0.00062822, Best model in epoch 80
[176494] [2025-01-16 17:10:56] INFO: ==> Test Set: Acc: 96.08%, Loss: 0.12360080
[176494] [2025-01-16 17:10:57] INFO: --------------------------------------------
[176494] [2025-01-16 17:10:57] INFO: Iteration 98/100
[176494] [2025-01-16 17:12:00] INFO: ==> Train Set: Acc: 100.00%, Loss: 0.00037944, Best model in epoch 93
[176494] [2025-01-16 17:12:01] INFO: ==> Test Set: Acc: 95.49%, Loss: 0.19616146
[176494] [2025-01-16 17:12:01] INFO: --------------------------------------------
[176494] [2025-01-16 17:12:01] INFO: Iteration 99/100
[176494] [2025-01-16 17:13:05] INFO: ==> Train Set: Acc: 100.00%, Loss: 0.00068572, Best model in epoch 91
[176494] [2025-01-16 17:13:06] INFO: ==> Test Set: Acc: 95.69%, Loss: 0.18431514
[176494] [2025-01-16 17:13:06] INFO: --------------------------------------------
[176494] [2025-01-16 17:13:06] INFO: Iteration 100/100
[176494] [2025-01-16 17:14:09] INFO: ==> Train Set: Acc: 100.00%, Loss: 0.00091914, Best model in epoch 69
[176494] [2025-01-16 17:14:10] INFO: ==> Test Set: Acc: 96.86%, Loss: 0.14549139
