[30040] [2025-01-16 10:28:18] INFO: ==> Running file: /autodl-fs/data/PythonProject/P3MC/downstream_knn.py
[30040] [2025-01-16 10:28:18] INFO: ==> Config: {'exp_name': 'CVTSLANet_KNN_ads-b-10_iq_PT_powerNorm_FT_powerNorm', 'exp_type': 'Downstream_random_rot', 'random_seed': 2024, 'platform': 'linux', 'device': 'cuda', 'iteration': 100, 'epoch': 100, 'dataset': {'name': 'ads-b-10', 'root': '~/Datasets/ADS-B', 'type': 'iq', 'normalize': 'power', 'train_batch_size': 30, 'test_batch_size': 30, 'ratio': 0.2, 'num_classes': 10, 'shot': 15, 'snr': None}, 'encoder': {'name': 'CVTSLANet', 'root': 'models/KANTSLANet2Feature.py', 'feature_dim': 1024, 'pretrain_path': './runs/Pretext_random_rot/CVTSLANet_ads-b_iq_powerNorm/best_encoder.pth', 'TSLA_config': {'seq_len': 4800, 'patch_size': 32, 'num_channels': 2, 'emb_dim': 256, 'depth': 3, 'dropout_rate': 0.3}}, 'classifier': {'name': 'knn', 'root': '', 'in_dim': 1024, 'ratio': 0.2, 'num_classes': 10}, 'optimizer': {'lr': 0.001, 'weight_decay': 0}, 'extra_info': '', 'exp_path': 'runs/Downstream_random_rot/CVTSLANet_KNN_ads-b-10_iq_PT_powerNorm_FT_powerNorm/15Shot/0116_102818', 'save_path': 'runs/Downstream_random_rot/CVTSLANet_KNN_ads-b-10_iq_PT_powerNorm_FT_powerNorm'}
[30040] [2025-01-16 10:28:18] INFO: --------------------------------------------
[30040] [2025-01-16 10:28:18] INFO: Iteration 1/100
[30040] [2025-01-16 10:28:21] INFO: Acc: 97.80%
[30040] [2025-01-16 10:28:21] INFO: --------------------------------------------
[30040] [2025-01-16 10:28:21] INFO: Iteration 2/100
[30040] [2025-01-16 10:28:25] INFO: Acc: 98.00%
[30040] [2025-01-16 10:28:25] INFO: --------------------------------------------
[30040] [2025-01-16 10:28:25] INFO: Iteration 3/100
[30040] [2025-01-16 10:28:27] INFO: Acc: 98.00%
[30040] [2025-01-16 10:28:27] INFO: --------------------------------------------
[30040] [2025-01-16 10:28:27] INFO: Iteration 4/100
[30040] [2025-01-16 10:28:30] INFO: Acc: 97.90%
[30040] [2025-01-16 10:28:30] INFO: --------------------------------------------
[30040] [2025-01-16 10:28:30] INFO: Iteration 5/100
[30040] [2025-01-16 10:28:33] INFO: Acc: 96.60%
[30040] [2025-01-16 10:28:33] INFO: --------------------------------------------
[30040] [2025-01-16 10:28:33] INFO: Iteration 6/100
[30040] [2025-01-16 10:28:36] INFO: Acc: 97.90%
[30040] [2025-01-16 10:28:36] INFO: --------------------------------------------
[30040] [2025-01-16 10:28:36] INFO: Iteration 7/100
[30040] [2025-01-16 10:28:39] INFO: Acc: 96.40%
[30040] [2025-01-16 10:28:39] INFO: --------------------------------------------
[30040] [2025-01-16 10:28:39] INFO: Iteration 8/100
[30040] [2025-01-16 10:28:42] INFO: Acc: 94.70%
[30040] [2025-01-16 10:28:42] INFO: --------------------------------------------
[30040] [2025-01-16 10:28:42] INFO: Iteration 9/100
[30040] [2025-01-16 10:28:46] INFO: Acc: 97.70%
[30040] [2025-01-16 10:28:46] INFO: --------------------------------------------
[30040] [2025-01-16 10:28:46] INFO: Iteration 10/100
[30040] [2025-01-16 10:28:48] INFO: Acc: 97.80%
[30040] [2025-01-16 10:28:48] INFO: --------------------------------------------
[30040] [2025-01-16 10:28:48] INFO: Iteration 11/100
[30040] [2025-01-16 10:28:51] INFO: Acc: 94.90%
[30040] [2025-01-16 10:28:51] INFO: --------------------------------------------
[30040] [2025-01-16 10:28:51] INFO: Iteration 12/100
[30040] [2025-01-16 10:28:54] INFO: Acc: 98.70%
[30040] [2025-01-16 10:28:54] INFO: --------------------------------------------
[30040] [2025-01-16 10:28:54] INFO: Iteration 13/100
[30040] [2025-01-16 10:28:57] INFO: Acc: 97.20%
[30040] [2025-01-16 10:28:57] INFO: --------------------------------------------
[30040] [2025-01-16 10:28:57] INFO: Iteration 14/100
[30040] [2025-01-16 10:29:00] INFO: Acc: 98.10%
[30040] [2025-01-16 10:29:00] INFO: --------------------------------------------
[30040] [2025-01-16 10:29:00] INFO: Iteration 15/100
[30040] [2025-01-16 10:29:04] INFO: Acc: 98.10%
[30040] [2025-01-16 10:29:04] INFO: --------------------------------------------
[30040] [2025-01-16 10:29:04] INFO: Iteration 16/100
[30040] [2025-01-16 10:29:07] INFO: Acc: 97.50%
[30040] [2025-01-16 10:29:07] INFO: --------------------------------------------
[30040] [2025-01-16 10:29:07] INFO: Iteration 17/100
[30040] [2025-01-16 10:29:10] INFO: Acc: 96.50%
[30040] [2025-01-16 10:29:10] INFO: --------------------------------------------
[30040] [2025-01-16 10:29:10] INFO: Iteration 18/100
[30040] [2025-01-16 10:29:13] INFO: Acc: 98.10%
[30040] [2025-01-16 10:29:13] INFO: --------------------------------------------
[30040] [2025-01-16 10:29:13] INFO: Iteration 19/100
[30040] [2025-01-16 10:29:16] INFO: Acc: 95.10%
[30040] [2025-01-16 10:29:16] INFO: --------------------------------------------
[30040] [2025-01-16 10:29:16] INFO: Iteration 20/100
[30040] [2025-01-16 10:29:19] INFO: Acc: 95.50%
[30040] [2025-01-16 10:29:19] INFO: --------------------------------------------
[30040] [2025-01-16 10:29:19] INFO: Iteration 21/100
[30040] [2025-01-16 10:29:22] INFO: Acc: 93.30%
[30040] [2025-01-16 10:29:22] INFO: --------------------------------------------
[30040] [2025-01-16 10:29:22] INFO: Iteration 22/100
[30040] [2025-01-16 10:29:26] INFO: Acc: 94.50%
[30040] [2025-01-16 10:29:26] INFO: --------------------------------------------
[30040] [2025-01-16 10:29:26] INFO: Iteration 23/100
[30040] [2025-01-16 10:29:29] INFO: Acc: 96.00%
[30040] [2025-01-16 10:29:29] INFO: --------------------------------------------
[30040] [2025-01-16 10:29:29] INFO: Iteration 24/100
[30040] [2025-01-16 10:29:32] INFO: Acc: 97.40%
[30040] [2025-01-16 10:29:32] INFO: --------------------------------------------
[30040] [2025-01-16 10:29:32] INFO: Iteration 25/100
[30040] [2025-01-16 10:29:35] INFO: Acc: 95.10%
[30040] [2025-01-16 10:29:35] INFO: --------------------------------------------
[30040] [2025-01-16 10:29:35] INFO: Iteration 26/100
[30040] [2025-01-16 10:29:38] INFO: Acc: 95.30%
[30040] [2025-01-16 10:29:38] INFO: --------------------------------------------
[30040] [2025-01-16 10:29:38] INFO: Iteration 27/100
[30040] [2025-01-16 10:29:41] INFO: Acc: 95.40%
[30040] [2025-01-16 10:29:41] INFO: --------------------------------------------
[30040] [2025-01-16 10:29:41] INFO: Iteration 28/100
[30040] [2025-01-16 10:29:45] INFO: Acc: 97.10%
[30040] [2025-01-16 10:29:45] INFO: --------------------------------------------
[30040] [2025-01-16 10:29:45] INFO: Iteration 29/100
[30040] [2025-01-16 10:29:48] INFO: Acc: 95.10%
[30040] [2025-01-16 10:29:48] INFO: --------------------------------------------
[30040] [2025-01-16 10:29:48] INFO: Iteration 30/100
[30040] [2025-01-16 10:29:51] INFO: Acc: 93.00%
[30040] [2025-01-16 10:29:51] INFO: --------------------------------------------
[30040] [2025-01-16 10:29:51] INFO: Iteration 31/100
[30040] [2025-01-16 10:29:54] INFO: Acc: 98.90%
[30040] [2025-01-16 10:29:54] INFO: --------------------------------------------
[30040] [2025-01-16 10:29:54] INFO: Iteration 32/100
[30040] [2025-01-16 10:29:57] INFO: Acc: 96.50%
[30040] [2025-01-16 10:29:57] INFO: --------------------------------------------
[30040] [2025-01-16 10:29:57] INFO: Iteration 33/100
[30040] [2025-01-16 10:30:00] INFO: Acc: 97.40%
[30040] [2025-01-16 10:30:00] INFO: --------------------------------------------
[30040] [2025-01-16 10:30:00] INFO: Iteration 34/100
[30040] [2025-01-16 10:30:03] INFO: Acc: 96.60%
[30040] [2025-01-16 10:30:03] INFO: --------------------------------------------
[30040] [2025-01-16 10:30:03] INFO: Iteration 35/100
[30040] [2025-01-16 10:30:06] INFO: Acc: 97.40%
[30040] [2025-01-16 10:30:06] INFO: --------------------------------------------
[30040] [2025-01-16 10:30:06] INFO: Iteration 36/100
[30040] [2025-01-16 10:30:09] INFO: Acc: 97.70%
[30040] [2025-01-16 10:30:09] INFO: --------------------------------------------
[30040] [2025-01-16 10:30:09] INFO: Iteration 37/100
[30040] [2025-01-16 10:30:12] INFO: Acc: 98.20%
[30040] [2025-01-16 10:30:12] INFO: --------------------------------------------
[30040] [2025-01-16 10:30:12] INFO: Iteration 38/100
[30040] [2025-01-16 10:30:15] INFO: Acc: 97.10%
[30040] [2025-01-16 10:30:15] INFO: --------------------------------------------
[30040] [2025-01-16 10:30:15] INFO: Iteration 39/100
[30040] [2025-01-16 10:30:19] INFO: Acc: 97.80%
[30040] [2025-01-16 10:30:19] INFO: --------------------------------------------
[30040] [2025-01-16 10:30:19] INFO: Iteration 40/100
[30040] [2025-01-16 10:30:22] INFO: Acc: 95.10%
[30040] [2025-01-16 10:30:22] INFO: --------------------------------------------
[30040] [2025-01-16 10:30:22] INFO: Iteration 41/100
[30040] [2025-01-16 10:30:25] INFO: Acc: 95.30%
[30040] [2025-01-16 10:30:25] INFO: --------------------------------------------
[30040] [2025-01-16 10:30:25] INFO: Iteration 42/100
[30040] [2025-01-16 10:30:28] INFO: Acc: 98.10%
[30040] [2025-01-16 10:30:28] INFO: --------------------------------------------
[30040] [2025-01-16 10:30:28] INFO: Iteration 43/100
[30040] [2025-01-16 10:30:31] INFO: Acc: 98.10%
[30040] [2025-01-16 10:30:31] INFO: --------------------------------------------
[30040] [2025-01-16 10:30:31] INFO: Iteration 44/100
[30040] [2025-01-16 10:30:34] INFO: Acc: 95.00%
[30040] [2025-01-16 10:30:34] INFO: --------------------------------------------
[30040] [2025-01-16 10:30:34] INFO: Iteration 45/100
[30040] [2025-01-16 10:30:37] INFO: Acc: 98.50%
[30040] [2025-01-16 10:30:37] INFO: --------------------------------------------
[30040] [2025-01-16 10:30:37] INFO: Iteration 46/100
[30040] [2025-01-16 10:30:40] INFO: Acc: 97.40%
[30040] [2025-01-16 10:30:40] INFO: --------------------------------------------
[30040] [2025-01-16 10:30:40] INFO: Iteration 47/100
[30040] [2025-01-16 10:30:43] INFO: Acc: 97.50%
[30040] [2025-01-16 10:30:43] INFO: --------------------------------------------
[30040] [2025-01-16 10:30:43] INFO: Iteration 48/100
[30040] [2025-01-16 10:30:46] INFO: Acc: 97.50%
[30040] [2025-01-16 10:30:46] INFO: --------------------------------------------
[30040] [2025-01-16 10:30:46] INFO: Iteration 49/100
[30040] [2025-01-16 10:30:49] INFO: Acc: 96.50%
[30040] [2025-01-16 10:30:49] INFO: --------------------------------------------
[30040] [2025-01-16 10:30:49] INFO: Iteration 50/100
[30040] [2025-01-16 10:30:52] INFO: Acc: 97.70%
[30040] [2025-01-16 10:30:52] INFO: --------------------------------------------
[30040] [2025-01-16 10:30:52] INFO: Iteration 51/100
[30040] [2025-01-16 10:30:55] INFO: Acc: 96.90%
[30040] [2025-01-16 10:30:55] INFO: --------------------------------------------
[30040] [2025-01-16 10:30:55] INFO: Iteration 52/100
[30040] [2025-01-16 10:30:58] INFO: Acc: 97.60%
[30040] [2025-01-16 10:30:58] INFO: --------------------------------------------
[30040] [2025-01-16 10:30:58] INFO: Iteration 53/100
[30040] [2025-01-16 10:31:01] INFO: Acc: 94.80%
[30040] [2025-01-16 10:31:01] INFO: --------------------------------------------
[30040] [2025-01-16 10:31:01] INFO: Iteration 54/100
[30040] [2025-01-16 10:31:04] INFO: Acc: 97.70%
[30040] [2025-01-16 10:31:04] INFO: --------------------------------------------
[30040] [2025-01-16 10:31:04] INFO: Iteration 55/100
[30040] [2025-01-16 10:31:07] INFO: Acc: 98.00%
[30040] [2025-01-16 10:31:07] INFO: --------------------------------------------
[30040] [2025-01-16 10:31:07] INFO: Iteration 56/100
[30040] [2025-01-16 10:31:11] INFO: Acc: 94.60%
[30040] [2025-01-16 10:31:11] INFO: --------------------------------------------
[30040] [2025-01-16 10:31:11] INFO: Iteration 57/100
[30040] [2025-01-16 10:31:14] INFO: Acc: 98.10%
[30040] [2025-01-16 10:31:14] INFO: --------------------------------------------
[30040] [2025-01-16 10:31:14] INFO: Iteration 58/100
[30040] [2025-01-16 10:31:17] INFO: Acc: 96.70%
[30040] [2025-01-16 10:31:17] INFO: --------------------------------------------
[30040] [2025-01-16 10:31:17] INFO: Iteration 59/100
[30040] [2025-01-16 10:31:20] INFO: Acc: 97.40%
[30040] [2025-01-16 10:31:20] INFO: --------------------------------------------
[30040] [2025-01-16 10:31:20] INFO: Iteration 60/100
[30040] [2025-01-16 10:31:23] INFO: Acc: 94.80%
[30040] [2025-01-16 10:31:23] INFO: --------------------------------------------
[30040] [2025-01-16 10:31:23] INFO: Iteration 61/100
[30040] [2025-01-16 10:31:26] INFO: Acc: 98.20%
[30040] [2025-01-16 10:31:26] INFO: --------------------------------------------
[30040] [2025-01-16 10:31:26] INFO: Iteration 62/100
[30040] [2025-01-16 10:31:29] INFO: Acc: 97.80%
[30040] [2025-01-16 10:31:29] INFO: --------------------------------------------
[30040] [2025-01-16 10:31:29] INFO: Iteration 63/100
[30040] [2025-01-16 10:31:33] INFO: Acc: 97.00%
[30040] [2025-01-16 10:31:33] INFO: --------------------------------------------
[30040] [2025-01-16 10:31:33] INFO: Iteration 64/100
[30040] [2025-01-16 10:31:35] INFO: Acc: 95.20%
[30040] [2025-01-16 10:31:35] INFO: --------------------------------------------
[30040] [2025-01-16 10:31:35] INFO: Iteration 65/100
[30040] [2025-01-16 10:31:38] INFO: Acc: 97.40%
[30040] [2025-01-16 10:31:38] INFO: --------------------------------------------
[30040] [2025-01-16 10:31:38] INFO: Iteration 66/100
[30040] [2025-01-16 10:31:41] INFO: Acc: 97.70%
[30040] [2025-01-16 10:31:41] INFO: --------------------------------------------
[30040] [2025-01-16 10:31:41] INFO: Iteration 67/100
[30040] [2025-01-16 10:31:45] INFO: Acc: 93.40%
[30040] [2025-01-16 10:31:45] INFO: --------------------------------------------
[30040] [2025-01-16 10:31:45] INFO: Iteration 68/100
[30040] [2025-01-16 10:31:47] INFO: Acc: 97.70%
[30040] [2025-01-16 10:31:47] INFO: --------------------------------------------
[30040] [2025-01-16 10:31:47] INFO: Iteration 69/100
[30040] [2025-01-16 10:31:51] INFO: Acc: 98.30%
[30040] [2025-01-16 10:31:51] INFO: --------------------------------------------
[30040] [2025-01-16 10:31:51] INFO: Iteration 70/100
[30040] [2025-01-16 10:31:54] INFO: Acc: 97.80%
[30040] [2025-01-16 10:31:54] INFO: --------------------------------------------
[30040] [2025-01-16 10:31:54] INFO: Iteration 71/100
[30040] [2025-01-16 10:31:57] INFO: Acc: 97.20%
[30040] [2025-01-16 10:31:57] INFO: --------------------------------------------
[30040] [2025-01-16 10:31:57] INFO: Iteration 72/100
[30040] [2025-01-16 10:32:00] INFO: Acc: 95.60%
[30040] [2025-01-16 10:32:00] INFO: --------------------------------------------
[30040] [2025-01-16 10:32:00] INFO: Iteration 73/100
[30040] [2025-01-16 10:32:03] INFO: Acc: 97.40%
[30040] [2025-01-16 10:32:03] INFO: --------------------------------------------
[30040] [2025-01-16 10:32:03] INFO: Iteration 74/100
[30040] [2025-01-16 10:32:06] INFO: Acc: 94.70%
[30040] [2025-01-16 10:32:06] INFO: --------------------------------------------
[30040] [2025-01-16 10:32:06] INFO: Iteration 75/100
[30040] [2025-01-16 10:32:09] INFO: Acc: 94.90%
[30040] [2025-01-16 10:32:09] INFO: --------------------------------------------
[30040] [2025-01-16 10:32:09] INFO: Iteration 76/100
[30040] [2025-01-16 10:32:12] INFO: Acc: 98.00%
[30040] [2025-01-16 10:32:12] INFO: --------------------------------------------
[30040] [2025-01-16 10:32:12] INFO: Iteration 77/100
[30040] [2025-01-16 10:32:15] INFO: Acc: 97.40%
[30040] [2025-01-16 10:32:15] INFO: --------------------------------------------
[30040] [2025-01-16 10:32:15] INFO: Iteration 78/100
[30040] [2025-01-16 10:32:18] INFO: Acc: 97.20%
[30040] [2025-01-16 10:32:18] INFO: --------------------------------------------
[30040] [2025-01-16 10:32:18] INFO: Iteration 79/100
[30040] [2025-01-16 10:32:21] INFO: Acc: 97.60%
[30040] [2025-01-16 10:32:21] INFO: --------------------------------------------
[30040] [2025-01-16 10:32:21] INFO: Iteration 80/100
[30040] [2025-01-16 10:32:24] INFO: Acc: 97.90%
[30040] [2025-01-16 10:32:24] INFO: --------------------------------------------
[30040] [2025-01-16 10:32:24] INFO: Iteration 81/100
[30040] [2025-01-16 10:32:27] INFO: Acc: 97.00%
[30040] [2025-01-16 10:32:27] INFO: --------------------------------------------
[30040] [2025-01-16 10:32:27] INFO: Iteration 82/100
[30040] [2025-01-16 10:32:30] INFO: Acc: 97.50%
[30040] [2025-01-16 10:32:30] INFO: --------------------------------------------
[30040] [2025-01-16 10:32:30] INFO: Iteration 83/100
[30040] [2025-01-16 10:32:33] INFO: Acc: 97.00%
[30040] [2025-01-16 10:32:33] INFO: --------------------------------------------
[30040] [2025-01-16 10:32:33] INFO: Iteration 84/100
[30040] [2025-01-16 10:32:37] INFO: Acc: 98.10%
[30040] [2025-01-16 10:32:37] INFO: --------------------------------------------
[30040] [2025-01-16 10:32:37] INFO: Iteration 85/100
[30040] [2025-01-16 10:32:40] INFO: Acc: 96.90%
[30040] [2025-01-16 10:32:40] INFO: --------------------------------------------
[30040] [2025-01-16 10:32:40] INFO: Iteration 86/100
[30040] [2025-01-16 10:32:43] INFO: Acc: 95.90%
[30040] [2025-01-16 10:32:43] INFO: --------------------------------------------
[30040] [2025-01-16 10:32:43] INFO: Iteration 87/100
[30040] [2025-01-16 10:32:46] INFO: Acc: 92.80%
[30040] [2025-01-16 10:32:46] INFO: --------------------------------------------
[30040] [2025-01-16 10:32:46] INFO: Iteration 88/100
[30040] [2025-01-16 10:32:49] INFO: Acc: 97.00%
[30040] [2025-01-16 10:32:49] INFO: --------------------------------------------
[30040] [2025-01-16 10:32:49] INFO: Iteration 89/100
[30040] [2025-01-16 10:32:52] INFO: Acc: 97.90%
[30040] [2025-01-16 10:32:52] INFO: --------------------------------------------
[30040] [2025-01-16 10:32:52] INFO: Iteration 90/100
[30040] [2025-01-16 10:32:55] INFO: Acc: 97.60%
[30040] [2025-01-16 10:32:55] INFO: --------------------------------------------
[30040] [2025-01-16 10:32:55] INFO: Iteration 91/100
[30040] [2025-01-16 10:32:58] INFO: Acc: 98.10%
[30040] [2025-01-16 10:32:58] INFO: --------------------------------------------
[30040] [2025-01-16 10:32:58] INFO: Iteration 92/100
[30040] [2025-01-16 10:33:01] INFO: Acc: 97.80%
[30040] [2025-01-16 10:33:01] INFO: --------------------------------------------
[30040] [2025-01-16 10:33:01] INFO: Iteration 93/100
[30040] [2025-01-16 10:33:04] INFO: Acc: 97.80%
[30040] [2025-01-16 10:33:04] INFO: --------------------------------------------
[30040] [2025-01-16 10:33:04] INFO: Iteration 94/100
[30040] [2025-01-16 10:33:07] INFO: Acc: 97.40%
[30040] [2025-01-16 10:33:07] INFO: --------------------------------------------
[30040] [2025-01-16 10:33:07] INFO: Iteration 95/100
[30040] [2025-01-16 10:33:10] INFO: Acc: 97.20%
[30040] [2025-01-16 10:33:10] INFO: --------------------------------------------
[30040] [2025-01-16 10:33:10] INFO: Iteration 96/100
[30040] [2025-01-16 10:33:14] INFO: Acc: 97.80%
[30040] [2025-01-16 10:33:14] INFO: --------------------------------------------
[30040] [2025-01-16 10:33:14] INFO: Iteration 97/100
[30040] [2025-01-16 10:33:16] INFO: Acc: 96.90%
[30040] [2025-01-16 10:33:16] INFO: --------------------------------------------
[30040] [2025-01-16 10:33:16] INFO: Iteration 98/100
[30040] [2025-01-16 10:33:19] INFO: Acc: 97.00%
[30040] [2025-01-16 10:33:19] INFO: --------------------------------------------
[30040] [2025-01-16 10:33:19] INFO: Iteration 99/100
[30040] [2025-01-16 10:33:22] INFO: Acc: 97.10%
[30040] [2025-01-16 10:33:22] INFO: --------------------------------------------
[30040] [2025-01-16 10:33:22] INFO: Iteration 100/100
[30040] [2025-01-16 10:33:25] INFO: Acc: 98.10%
