[18622] [2025-01-14 08:02:59] INFO: ==> Running file: /autodl-fs/data/PythonProject/P3MC/downstream_svm.py
[18622] [2025-01-14 08:02:59] INFO: ==> Config: {'exp_name': 'CVTSLANet_SVM_ads-b_iq_PT_powerNorm_FT_powerNorm', 'exp_type': 'Downstream_random_rot', 'random_seed': 2024, 'platform': 'linux', 'device': 'cuda', 'iteration': 100, 'epoch': 100, 'dataset': {'name': 'ads-b', 'root': '~/Datasets/ADS-B', 'type': 'iq', 'normalize': 'power', 'train_batch_size': 30, 'test_batch_size': 30, 'ratio': 0.2, 'num_classes': 30, 'shot': 1, 'snr': None}, 'encoder': {'name': 'CVTSLANet', 'root': 'models/KANTSLANet2Feature.py', 'feature_dim': 1024, 'pretrain_path': './runs/Pretext_random_rot/CVTSLANet_ads-b_iq_powerNorm/best_encoder.pth', 'TSLA_config': {'seq_len': 4800, 'patch_size': 32, 'num_channels': 2, 'emb_dim': 256, 'depth': 3, 'dropout_rate': 0.3}}, 'classifier': {'name': 'svm', 'root': '', 'in_dim': 1024, 'ratio': 0.2, 'num_classes': 30}, 'optimizer': {'lr': 0.001, 'weight_decay': 0}, 'extra_info': '', 'exp_path': 'runs/Downstream_random_rot/CVTSLANet_SVM_ads-b_iq_PT_powerNorm_FT_powerNorm/1Shot/0114_080259', 'save_path': 'runs/Downstream_random_rot/CVTSLANet_SVM_ads-b_iq_PT_powerNorm_FT_powerNorm'}
[18622] [2025-01-14 08:02:59] INFO: --------------------------------------------
[18622] [2025-01-14 08:02:59] INFO: Iteration 1/100
[18622] [2025-01-14 08:03:09] INFO: Acc: 61.47%
[18622] [2025-01-14 08:03:09] INFO: --------------------------------------------
[18622] [2025-01-14 08:03:09] INFO: Iteration 2/100
[18622] [2025-01-14 08:03:13] INFO: Acc: 60.10%
[18622] [2025-01-14 08:03:13] INFO: --------------------------------------------
[18622] [2025-01-14 08:03:13] INFO: Iteration 3/100
[18622] [2025-01-14 08:03:17] INFO: Acc: 60.37%
[18622] [2025-01-14 08:03:17] INFO: --------------------------------------------
[18622] [2025-01-14 08:03:17] INFO: Iteration 4/100
[18622] [2025-01-14 08:03:20] INFO: Acc: 65.10%
[18622] [2025-01-14 08:03:20] INFO: --------------------------------------------
[18622] [2025-01-14 08:03:20] INFO: Iteration 5/100
[18622] [2025-01-14 08:03:24] INFO: Acc: 64.17%
[18622] [2025-01-14 08:03:24] INFO: --------------------------------------------
[18622] [2025-01-14 08:03:24] INFO: Iteration 6/100
[18622] [2025-01-14 08:03:27] INFO: Acc: 56.67%
[18622] [2025-01-14 08:03:27] INFO: --------------------------------------------
[18622] [2025-01-14 08:03:27] INFO: Iteration 7/100
[18622] [2025-01-14 08:03:30] INFO: Acc: 55.23%
[18622] [2025-01-14 08:03:30] INFO: --------------------------------------------
[18622] [2025-01-14 08:03:30] INFO: Iteration 8/100
[18622] [2025-01-14 08:03:34] INFO: Acc: 61.73%
[18622] [2025-01-14 08:03:34] INFO: --------------------------------------------
[18622] [2025-01-14 08:03:34] INFO: Iteration 9/100
[18622] [2025-01-14 08:03:38] INFO: Acc: 65.00%
[18622] [2025-01-14 08:03:38] INFO: --------------------------------------------
[18622] [2025-01-14 08:03:38] INFO: Iteration 10/100
[18622] [2025-01-14 08:03:41] INFO: Acc: 59.63%
[18622] [2025-01-14 08:03:41] INFO: --------------------------------------------
[18622] [2025-01-14 08:03:41] INFO: Iteration 11/100
[18622] [2025-01-14 08:03:45] INFO: Acc: 68.27%
[18622] [2025-01-14 08:03:45] INFO: --------------------------------------------
[18622] [2025-01-14 08:03:45] INFO: Iteration 12/100
[18622] [2025-01-14 08:03:49] INFO: Acc: 62.97%
[18622] [2025-01-14 08:03:49] INFO: --------------------------------------------
[18622] [2025-01-14 08:03:49] INFO: Iteration 13/100
[18622] [2025-01-14 08:03:52] INFO: Acc: 62.43%
[18622] [2025-01-14 08:03:52] INFO: --------------------------------------------
[18622] [2025-01-14 08:03:52] INFO: Iteration 14/100
[18622] [2025-01-14 08:03:56] INFO: Acc: 61.70%
[18622] [2025-01-14 08:03:56] INFO: --------------------------------------------
[18622] [2025-01-14 08:03:56] INFO: Iteration 15/100
[18622] [2025-01-14 08:04:00] INFO: Acc: 63.33%
[18622] [2025-01-14 08:04:00] INFO: --------------------------------------------
[18622] [2025-01-14 08:04:00] INFO: Iteration 16/100
[18622] [2025-01-14 08:04:04] INFO: Acc: 62.27%
[18622] [2025-01-14 08:04:04] INFO: --------------------------------------------
[18622] [2025-01-14 08:04:04] INFO: Iteration 17/100
[18622] [2025-01-14 08:04:07] INFO: Acc: 54.90%
[18622] [2025-01-14 08:04:07] INFO: --------------------------------------------
[18622] [2025-01-14 08:04:07] INFO: Iteration 18/100
[18622] [2025-01-14 08:04:12] INFO: Acc: 62.17%
[18622] [2025-01-14 08:04:12] INFO: --------------------------------------------
[18622] [2025-01-14 08:04:12] INFO: Iteration 19/100
[18622] [2025-01-14 08:04:16] INFO: Acc: 62.73%
[18622] [2025-01-14 08:04:16] INFO: --------------------------------------------
[18622] [2025-01-14 08:04:16] INFO: Iteration 20/100
[18622] [2025-01-14 08:04:20] INFO: Acc: 62.20%
[18622] [2025-01-14 08:04:20] INFO: --------------------------------------------
[18622] [2025-01-14 08:04:20] INFO: Iteration 21/100
[18622] [2025-01-14 08:04:24] INFO: Acc: 62.67%
[18622] [2025-01-14 08:04:24] INFO: --------------------------------------------
[18622] [2025-01-14 08:04:24] INFO: Iteration 22/100
[18622] [2025-01-14 08:04:28] INFO: Acc: 62.57%
[18622] [2025-01-14 08:04:28] INFO: --------------------------------------------
[18622] [2025-01-14 08:04:28] INFO: Iteration 23/100
[18622] [2025-01-14 08:04:33] INFO: Acc: 64.00%
[18622] [2025-01-14 08:04:33] INFO: --------------------------------------------
[18622] [2025-01-14 08:04:33] INFO: Iteration 24/100
[18622] [2025-01-14 08:04:38] INFO: Acc: 64.03%
[18622] [2025-01-14 08:04:38] INFO: --------------------------------------------
[18622] [2025-01-14 08:04:38] INFO: Iteration 25/100
[18622] [2025-01-14 08:04:43] INFO: Acc: 58.07%
[18622] [2025-01-14 08:04:43] INFO: --------------------------------------------
[18622] [2025-01-14 08:04:43] INFO: Iteration 26/100
[18622] [2025-01-14 08:04:47] INFO: Acc: 60.23%
[18622] [2025-01-14 08:04:47] INFO: --------------------------------------------
[18622] [2025-01-14 08:04:47] INFO: Iteration 27/100
[18622] [2025-01-14 08:04:50] INFO: Acc: 61.93%
[18622] [2025-01-14 08:04:50] INFO: --------------------------------------------
[18622] [2025-01-14 08:04:50] INFO: Iteration 28/100
[18622] [2025-01-14 08:04:54] INFO: Acc: 60.30%
[18622] [2025-01-14 08:04:54] INFO: --------------------------------------------
[18622] [2025-01-14 08:04:54] INFO: Iteration 29/100
[18622] [2025-01-14 08:04:58] INFO: Acc: 67.30%
[18622] [2025-01-14 08:04:58] INFO: --------------------------------------------
[18622] [2025-01-14 08:04:58] INFO: Iteration 30/100
[18622] [2025-01-14 08:05:02] INFO: Acc: 59.67%
[18622] [2025-01-14 08:05:02] INFO: --------------------------------------------
[18622] [2025-01-14 08:05:02] INFO: Iteration 31/100
[18622] [2025-01-14 08:05:06] INFO: Acc: 62.47%
[18622] [2025-01-14 08:05:06] INFO: --------------------------------------------
[18622] [2025-01-14 08:05:06] INFO: Iteration 32/100
[18622] [2025-01-14 08:05:11] INFO: Acc: 60.40%
[18622] [2025-01-14 08:05:11] INFO: --------------------------------------------
[18622] [2025-01-14 08:05:11] INFO: Iteration 33/100
[18622] [2025-01-14 08:05:15] INFO: Acc: 63.63%
[18622] [2025-01-14 08:05:15] INFO: --------------------------------------------
[18622] [2025-01-14 08:05:15] INFO: Iteration 34/100
[18622] [2025-01-14 08:05:20] INFO: Acc: 64.17%
[18622] [2025-01-14 08:05:20] INFO: --------------------------------------------
[18622] [2025-01-14 08:05:20] INFO: Iteration 35/100
[18622] [2025-01-14 08:05:25] INFO: Acc: 63.47%
[18622] [2025-01-14 08:05:25] INFO: --------------------------------------------
[18622] [2025-01-14 08:05:25] INFO: Iteration 36/100
[18622] [2025-01-14 08:05:29] INFO: Acc: 58.37%
[18622] [2025-01-14 08:05:29] INFO: --------------------------------------------
[18622] [2025-01-14 08:05:29] INFO: Iteration 37/100
[18622] [2025-01-14 08:05:33] INFO: Acc: 60.63%
[18622] [2025-01-14 08:05:33] INFO: --------------------------------------------
[18622] [2025-01-14 08:05:33] INFO: Iteration 38/100
[18622] [2025-01-14 08:05:38] INFO: Acc: 63.13%
[18622] [2025-01-14 08:05:38] INFO: --------------------------------------------
[18622] [2025-01-14 08:05:38] INFO: Iteration 39/100
[18622] [2025-01-14 08:05:42] INFO: Acc: 62.00%
[18622] [2025-01-14 08:05:42] INFO: --------------------------------------------
[18622] [2025-01-14 08:05:42] INFO: Iteration 40/100
[18622] [2025-01-14 08:05:46] INFO: Acc: 59.73%
[18622] [2025-01-14 08:05:46] INFO: --------------------------------------------
[18622] [2025-01-14 08:05:46] INFO: Iteration 41/100
[18622] [2025-01-14 08:05:50] INFO: Acc: 63.50%
[18622] [2025-01-14 08:05:50] INFO: --------------------------------------------
[18622] [2025-01-14 08:05:50] INFO: Iteration 42/100
[18622] [2025-01-14 08:05:54] INFO: Acc: 63.57%
[18622] [2025-01-14 08:05:54] INFO: --------------------------------------------
[18622] [2025-01-14 08:05:54] INFO: Iteration 43/100
[18622] [2025-01-14 08:05:58] INFO: Acc: 57.87%
[18622] [2025-01-14 08:05:58] INFO: --------------------------------------------
[18622] [2025-01-14 08:05:58] INFO: Iteration 44/100
[18622] [2025-01-14 08:06:02] INFO: Acc: 64.43%
[18622] [2025-01-14 08:06:02] INFO: --------------------------------------------
[18622] [2025-01-14 08:06:02] INFO: Iteration 45/100
[18622] [2025-01-14 08:06:06] INFO: Acc: 64.47%
[18622] [2025-01-14 08:06:06] INFO: --------------------------------------------
[18622] [2025-01-14 08:06:06] INFO: Iteration 46/100
[18622] [2025-01-14 08:06:11] INFO: Acc: 57.53%
[18622] [2025-01-14 08:06:11] INFO: --------------------------------------------
[18622] [2025-01-14 08:06:11] INFO: Iteration 47/100
[18622] [2025-01-14 08:06:16] INFO: Acc: 58.70%
[18622] [2025-01-14 08:06:16] INFO: --------------------------------------------
[18622] [2025-01-14 08:06:16] INFO: Iteration 48/100
[18622] [2025-01-14 08:06:21] INFO: Acc: 61.13%
[18622] [2025-01-14 08:06:21] INFO: --------------------------------------------
[18622] [2025-01-14 08:06:21] INFO: Iteration 49/100
[18622] [2025-01-14 08:06:25] INFO: Acc: 64.17%
[18622] [2025-01-14 08:06:25] INFO: --------------------------------------------
[18622] [2025-01-14 08:06:25] INFO: Iteration 50/100
[18622] [2025-01-14 08:06:28] INFO: Acc: 59.13%
[18622] [2025-01-14 08:06:28] INFO: --------------------------------------------
[18622] [2025-01-14 08:06:28] INFO: Iteration 51/100
[18622] [2025-01-14 08:06:32] INFO: Acc: 65.37%
[18622] [2025-01-14 08:06:32] INFO: --------------------------------------------
[18622] [2025-01-14 08:06:32] INFO: Iteration 52/100
[18622] [2025-01-14 08:06:37] INFO: Acc: 62.30%
[18622] [2025-01-14 08:06:37] INFO: --------------------------------------------
[18622] [2025-01-14 08:06:37] INFO: Iteration 53/100
[18622] [2025-01-14 08:06:40] INFO: Acc: 60.37%
[18622] [2025-01-14 08:06:40] INFO: --------------------------------------------
[18622] [2025-01-14 08:06:40] INFO: Iteration 54/100
[18622] [2025-01-14 08:06:45] INFO: Acc: 65.40%
[18622] [2025-01-14 08:06:45] INFO: --------------------------------------------
[18622] [2025-01-14 08:06:45] INFO: Iteration 55/100
[18622] [2025-01-14 08:06:49] INFO: Acc: 62.67%
[18622] [2025-01-14 08:06:49] INFO: --------------------------------------------
[18622] [2025-01-14 08:06:49] INFO: Iteration 56/100
[18622] [2025-01-14 08:06:55] INFO: Acc: 62.07%
[18622] [2025-01-14 08:06:55] INFO: --------------------------------------------
[18622] [2025-01-14 08:06:55] INFO: Iteration 57/100
[18622] [2025-01-14 08:06:59] INFO: Acc: 64.23%
[18622] [2025-01-14 08:06:59] INFO: --------------------------------------------
[18622] [2025-01-14 08:06:59] INFO: Iteration 58/100
[18622] [2025-01-14 08:07:04] INFO: Acc: 62.43%
[18622] [2025-01-14 08:07:04] INFO: --------------------------------------------
[18622] [2025-01-14 08:07:04] INFO: Iteration 59/100
[18622] [2025-01-14 08:07:07] INFO: Acc: 64.77%
[18622] [2025-01-14 08:07:08] INFO: --------------------------------------------
[18622] [2025-01-14 08:07:08] INFO: Iteration 60/100
[18622] [2025-01-14 08:07:12] INFO: Acc: 66.83%
[18622] [2025-01-14 08:07:12] INFO: --------------------------------------------
[18622] [2025-01-14 08:07:12] INFO: Iteration 61/100
[18622] [2025-01-14 08:07:16] INFO: Acc: 64.63%
[18622] [2025-01-14 08:07:16] INFO: --------------------------------------------
[18622] [2025-01-14 08:07:16] INFO: Iteration 62/100
[18622] [2025-01-14 08:07:19] INFO: Acc: 63.00%
[18622] [2025-01-14 08:07:19] INFO: --------------------------------------------
[18622] [2025-01-14 08:07:19] INFO: Iteration 63/100
[18622] [2025-01-14 08:07:24] INFO: Acc: 64.57%
[18622] [2025-01-14 08:07:24] INFO: --------------------------------------------
[18622] [2025-01-14 08:07:24] INFO: Iteration 64/100
[18622] [2025-01-14 08:07:28] INFO: Acc: 58.30%
[18622] [2025-01-14 08:07:28] INFO: --------------------------------------------
[18622] [2025-01-14 08:07:28] INFO: Iteration 65/100
[18622] [2025-01-14 08:07:33] INFO: Acc: 59.50%
[18622] [2025-01-14 08:07:33] INFO: --------------------------------------------
[18622] [2025-01-14 08:07:33] INFO: Iteration 66/100
[18622] [2025-01-14 08:07:38] INFO: Acc: 62.63%
[18622] [2025-01-14 08:07:38] INFO: --------------------------------------------
[18622] [2025-01-14 08:07:38] INFO: Iteration 67/100
[18622] [2025-01-14 08:07:41] INFO: Acc: 61.90%
[18622] [2025-01-14 08:07:41] INFO: --------------------------------------------
[18622] [2025-01-14 08:07:41] INFO: Iteration 68/100
[18622] [2025-01-14 08:07:46] INFO: Acc: 62.07%
[18622] [2025-01-14 08:07:46] INFO: --------------------------------------------
[18622] [2025-01-14 08:07:46] INFO: Iteration 69/100
[18622] [2025-01-14 08:07:50] INFO: Acc: 66.27%
[18622] [2025-01-14 08:07:50] INFO: --------------------------------------------
[18622] [2025-01-14 08:07:50] INFO: Iteration 70/100
[18622] [2025-01-14 08:07:54] INFO: Acc: 62.63%
[18622] [2025-01-14 08:07:54] INFO: --------------------------------------------
[18622] [2025-01-14 08:07:54] INFO: Iteration 71/100
[18622] [2025-01-14 08:07:58] INFO: Acc: 58.90%
[18622] [2025-01-14 08:07:58] INFO: --------------------------------------------
[18622] [2025-01-14 08:07:58] INFO: Iteration 72/100
[18622] [2025-01-14 08:08:01] INFO: Acc: 62.10%
[18622] [2025-01-14 08:08:01] INFO: --------------------------------------------
[18622] [2025-01-14 08:08:01] INFO: Iteration 73/100
[18622] [2025-01-14 08:08:06] INFO: Acc: 59.17%
[18622] [2025-01-14 08:08:06] INFO: --------------------------------------------
[18622] [2025-01-14 08:08:06] INFO: Iteration 74/100
[18622] [2025-01-14 08:08:10] INFO: Acc: 63.37%
[18622] [2025-01-14 08:08:10] INFO: --------------------------------------------
[18622] [2025-01-14 08:08:10] INFO: Iteration 75/100
[18622] [2025-01-14 08:08:13] INFO: Acc: 64.57%
[18622] [2025-01-14 08:08:13] INFO: --------------------------------------------
[18622] [2025-01-14 08:08:13] INFO: Iteration 76/100
[18622] [2025-01-14 08:08:18] INFO: Acc: 58.77%
[18622] [2025-01-14 08:08:18] INFO: --------------------------------------------
[18622] [2025-01-14 08:08:18] INFO: Iteration 77/100
[18622] [2025-01-14 08:08:22] INFO: Acc: 53.60%
[18622] [2025-01-14 08:08:22] INFO: --------------------------------------------
[18622] [2025-01-14 08:08:22] INFO: Iteration 78/100
[18622] [2025-01-14 08:08:27] INFO: Acc: 68.00%
[18622] [2025-01-14 08:08:27] INFO: --------------------------------------------
[18622] [2025-01-14 08:08:27] INFO: Iteration 79/100
[18622] [2025-01-14 08:08:31] INFO: Acc: 63.13%
[18622] [2025-01-14 08:08:31] INFO: --------------------------------------------
[18622] [2025-01-14 08:08:31] INFO: Iteration 80/100
[18622] [2025-01-14 08:08:34] INFO: Acc: 57.43%
[18622] [2025-01-14 08:08:34] INFO: --------------------------------------------
[18622] [2025-01-14 08:08:34] INFO: Iteration 81/100
[18622] [2025-01-14 08:08:39] INFO: Acc: 63.93%
[18622] [2025-01-14 08:08:39] INFO: --------------------------------------------
[18622] [2025-01-14 08:08:39] INFO: Iteration 82/100
[18622] [2025-01-14 08:08:43] INFO: Acc: 58.07%
[18622] [2025-01-14 08:08:43] INFO: --------------------------------------------
[18622] [2025-01-14 08:08:43] INFO: Iteration 83/100
[18622] [2025-01-14 08:08:47] INFO: Acc: 59.77%
[18622] [2025-01-14 08:08:47] INFO: --------------------------------------------
[18622] [2025-01-14 08:08:47] INFO: Iteration 84/100
[18622] [2025-01-14 08:08:51] INFO: Acc: 60.93%
[18622] [2025-01-14 08:08:51] INFO: --------------------------------------------
[18622] [2025-01-14 08:08:51] INFO: Iteration 85/100
[18622] [2025-01-14 08:08:54] INFO: Acc: 56.73%
[18622] [2025-01-14 08:08:54] INFO: --------------------------------------------
[18622] [2025-01-14 08:08:54] INFO: Iteration 86/100
[18622] [2025-01-14 08:08:59] INFO: Acc: 64.07%
[18622] [2025-01-14 08:08:59] INFO: --------------------------------------------
[18622] [2025-01-14 08:08:59] INFO: Iteration 87/100
[18622] [2025-01-14 08:09:03] INFO: Acc: 61.57%
[18622] [2025-01-14 08:09:03] INFO: --------------------------------------------
[18622] [2025-01-14 08:09:03] INFO: Iteration 88/100
[18622] [2025-01-14 08:09:07] INFO: Acc: 57.77%
[18622] [2025-01-14 08:09:07] INFO: --------------------------------------------
[18622] [2025-01-14 08:09:07] INFO: Iteration 89/100
[18622] [2025-01-14 08:09:11] INFO: Acc: 62.97%
[18622] [2025-01-14 08:09:11] INFO: --------------------------------------------
[18622] [2025-01-14 08:09:11] INFO: Iteration 90/100
[18622] [2025-01-14 08:09:15] INFO: Acc: 62.03%
[18622] [2025-01-14 08:09:15] INFO: --------------------------------------------
[18622] [2025-01-14 08:09:15] INFO: Iteration 91/100
[18622] [2025-01-14 08:09:19] INFO: Acc: 65.50%
[18622] [2025-01-14 08:09:19] INFO: --------------------------------------------
[18622] [2025-01-14 08:09:19] INFO: Iteration 92/100
[18622] [2025-01-14 08:09:23] INFO: Acc: 66.77%
[18622] [2025-01-14 08:09:23] INFO: --------------------------------------------
[18622] [2025-01-14 08:09:23] INFO: Iteration 93/100
[18622] [2025-01-14 08:09:27] INFO: Acc: 64.03%
[18622] [2025-01-14 08:09:27] INFO: --------------------------------------------
[18622] [2025-01-14 08:09:27] INFO: Iteration 94/100
[18622] [2025-01-14 08:09:32] INFO: Acc: 60.33%
[18622] [2025-01-14 08:09:32] INFO: --------------------------------------------
[18622] [2025-01-14 08:09:32] INFO: Iteration 95/100
[18622] [2025-01-14 08:09:36] INFO: Acc: 60.77%
[18622] [2025-01-14 08:09:36] INFO: --------------------------------------------
[18622] [2025-01-14 08:09:36] INFO: Iteration 96/100
[18622] [2025-01-14 08:09:39] INFO: Acc: 62.10%
[18622] [2025-01-14 08:09:39] INFO: --------------------------------------------
[18622] [2025-01-14 08:09:39] INFO: Iteration 97/100
[18622] [2025-01-14 08:09:43] INFO: Acc: 64.47%
[18622] [2025-01-14 08:09:43] INFO: --------------------------------------------
[18622] [2025-01-14 08:09:43] INFO: Iteration 98/100
[18622] [2025-01-14 08:09:47] INFO: Acc: 56.40%
[18622] [2025-01-14 08:09:47] INFO: --------------------------------------------
[18622] [2025-01-14 08:09:47] INFO: Iteration 99/100
[18622] [2025-01-14 08:09:52] INFO: Acc: 65.00%
[18622] [2025-01-14 08:09:52] INFO: --------------------------------------------
[18622] [2025-01-14 08:09:52] INFO: Iteration 100/100
[18622] [2025-01-14 08:09:56] INFO: Acc: 62.50%
