[175848] [2025-01-16 13:33:41] INFO: ==> Running file: /autodl-fs/data/PythonProject/P3MC/downstream_svm.py
[175848] [2025-01-16 13:33:41] INFO: ==> Config: {'exp_name': 'CVTSLANet_SVM_ads-b-10_iq_PT_powerNorm_FT_powerNorm', 'exp_type': 'Downstream_random_rot', 'random_seed': 2024, 'platform': 'linux', 'device': 'cuda', 'iteration': 100, 'epoch': 100, 'dataset': {'name': 'ads-b-10', 'root': '~/Datasets/ADS-B', 'type': 'iq', 'normalize': 'power', 'train_batch_size': 30, 'test_batch_size': 30, 'ratio': 0.2, 'num_classes': 10, 'shot': 20, 'snr': None}, 'encoder': {'name': 'CVTSLANet', 'root': 'models/KANTSLANet2Feature.py', 'feature_dim': 1024, 'pretrain_path': './runs/Pretext_random_rot/CVTSLANet_ads-b_iq_powerNorm/best_encoder.pth', 'TSLA_config': {'seq_len': 4800, 'patch_size': 32, 'num_channels': 2, 'emb_dim': 256, 'depth': 3, 'dropout_rate': 0.3}}, 'classifier': {'name': 'svm', 'root': '', 'in_dim': 1024, 'ratio': 0.2, 'num_classes': 10}, 'optimizer': {'lr': 0.001, 'weight_decay': 0}, 'extra_info': '', 'exp_path': 'runs/Downstream_random_rot/CVTSLANet_SVM_ads-b-10_iq_PT_powerNorm_FT_powerNorm/20Shot/0116_133341', 'save_path': 'runs/Downstream_random_rot/CVTSLANet_SVM_ads-b-10_iq_PT_powerNorm_FT_powerNorm'}
[175848] [2025-01-16 13:33:41] INFO: --------------------------------------------
[175848] [2025-01-16 13:33:41] INFO: Iteration 1/100
[175848] [2025-01-16 13:33:45] INFO: Acc: 99.10%
[175848] [2025-01-16 13:33:45] INFO: --------------------------------------------
[175848] [2025-01-16 13:33:45] INFO: Iteration 2/100
[175848] [2025-01-16 13:33:48] INFO: Acc: 97.90%
[175848] [2025-01-16 13:33:48] INFO: --------------------------------------------
[175848] [2025-01-16 13:33:48] INFO: Iteration 3/100
[175848] [2025-01-16 13:33:52] INFO: Acc: 97.40%
[175848] [2025-01-16 13:33:52] INFO: --------------------------------------------
[175848] [2025-01-16 13:33:52] INFO: Iteration 4/100
[175848] [2025-01-16 13:33:55] INFO: Acc: 97.50%
[175848] [2025-01-16 13:33:55] INFO: --------------------------------------------
[175848] [2025-01-16 13:33:55] INFO: Iteration 5/100
[175848] [2025-01-16 13:33:59] INFO: Acc: 97.80%
[175848] [2025-01-16 13:33:59] INFO: --------------------------------------------
[175848] [2025-01-16 13:33:59] INFO: Iteration 6/100
[175848] [2025-01-16 13:34:03] INFO: Acc: 98.30%
[175848] [2025-01-16 13:34:03] INFO: --------------------------------------------
[175848] [2025-01-16 13:34:03] INFO: Iteration 7/100
[175848] [2025-01-16 13:34:06] INFO: Acc: 99.40%
[175848] [2025-01-16 13:34:06] INFO: --------------------------------------------
[175848] [2025-01-16 13:34:06] INFO: Iteration 8/100
[175848] [2025-01-16 13:34:09] INFO: Acc: 98.70%
[175848] [2025-01-16 13:34:09] INFO: --------------------------------------------
[175848] [2025-01-16 13:34:09] INFO: Iteration 9/100
[175848] [2025-01-16 13:34:13] INFO: Acc: 98.70%
[175848] [2025-01-16 13:34:13] INFO: --------------------------------------------
[175848] [2025-01-16 13:34:13] INFO: Iteration 10/100
[175848] [2025-01-16 13:34:16] INFO: Acc: 97.50%
[175848] [2025-01-16 13:34:16] INFO: --------------------------------------------
[175848] [2025-01-16 13:34:16] INFO: Iteration 11/100
[175848] [2025-01-16 13:34:19] INFO: Acc: 97.80%
[175848] [2025-01-16 13:34:19] INFO: --------------------------------------------
[175848] [2025-01-16 13:34:19] INFO: Iteration 12/100
[175848] [2025-01-16 13:34:23] INFO: Acc: 97.90%
[175848] [2025-01-16 13:34:23] INFO: --------------------------------------------
[175848] [2025-01-16 13:34:23] INFO: Iteration 13/100
[175848] [2025-01-16 13:34:26] INFO: Acc: 98.40%
[175848] [2025-01-16 13:34:26] INFO: --------------------------------------------
[175848] [2025-01-16 13:34:26] INFO: Iteration 14/100
[175848] [2025-01-16 13:34:30] INFO: Acc: 99.60%
[175848] [2025-01-16 13:34:30] INFO: --------------------------------------------
[175848] [2025-01-16 13:34:30] INFO: Iteration 15/100
[175848] [2025-01-16 13:34:33] INFO: Acc: 97.90%
[175848] [2025-01-16 13:34:33] INFO: --------------------------------------------
[175848] [2025-01-16 13:34:33] INFO: Iteration 16/100
[175848] [2025-01-16 13:34:36] INFO: Acc: 98.30%
[175848] [2025-01-16 13:34:36] INFO: --------------------------------------------
[175848] [2025-01-16 13:34:36] INFO: Iteration 17/100
[175848] [2025-01-16 13:34:40] INFO: Acc: 98.30%
[175848] [2025-01-16 13:34:40] INFO: --------------------------------------------
[175848] [2025-01-16 13:34:40] INFO: Iteration 18/100
[175848] [2025-01-16 13:34:43] INFO: Acc: 98.10%
[175848] [2025-01-16 13:34:43] INFO: --------------------------------------------
[175848] [2025-01-16 13:34:43] INFO: Iteration 19/100
[175848] [2025-01-16 13:34:47] INFO: Acc: 99.10%
[175848] [2025-01-16 13:34:47] INFO: --------------------------------------------
[175848] [2025-01-16 13:34:47] INFO: Iteration 20/100
[175848] [2025-01-16 13:34:50] INFO: Acc: 98.80%
[175848] [2025-01-16 13:34:50] INFO: --------------------------------------------
[175848] [2025-01-16 13:34:50] INFO: Iteration 21/100
[175848] [2025-01-16 13:34:53] INFO: Acc: 98.20%
[175848] [2025-01-16 13:34:53] INFO: --------------------------------------------
[175848] [2025-01-16 13:34:53] INFO: Iteration 22/100
[175848] [2025-01-16 13:34:57] INFO: Acc: 98.00%
[175848] [2025-01-16 13:34:57] INFO: --------------------------------------------
[175848] [2025-01-16 13:34:57] INFO: Iteration 23/100
[175848] [2025-01-16 13:35:00] INFO: Acc: 97.80%
[175848] [2025-01-16 13:35:00] INFO: --------------------------------------------
[175848] [2025-01-16 13:35:00] INFO: Iteration 24/100
[175848] [2025-01-16 13:35:04] INFO: Acc: 98.80%
[175848] [2025-01-16 13:35:04] INFO: --------------------------------------------
[175848] [2025-01-16 13:35:04] INFO: Iteration 25/100
[175848] [2025-01-16 13:35:07] INFO: Acc: 97.30%
[175848] [2025-01-16 13:35:07] INFO: --------------------------------------------
[175848] [2025-01-16 13:35:07] INFO: Iteration 26/100
[175848] [2025-01-16 13:35:10] INFO: Acc: 98.00%
[175848] [2025-01-16 13:35:10] INFO: --------------------------------------------
[175848] [2025-01-16 13:35:10] INFO: Iteration 27/100
[175848] [2025-01-16 13:35:14] INFO: Acc: 98.50%
[175848] [2025-01-16 13:35:14] INFO: --------------------------------------------
[175848] [2025-01-16 13:35:14] INFO: Iteration 28/100
[175848] [2025-01-16 13:35:17] INFO: Acc: 98.60%
[175848] [2025-01-16 13:35:17] INFO: --------------------------------------------
[175848] [2025-01-16 13:35:17] INFO: Iteration 29/100
[175848] [2025-01-16 13:35:21] INFO: Acc: 98.10%
[175848] [2025-01-16 13:35:21] INFO: --------------------------------------------
[175848] [2025-01-16 13:35:21] INFO: Iteration 30/100
[175848] [2025-01-16 13:35:23] INFO: Acc: 98.70%
[175848] [2025-01-16 13:35:23] INFO: --------------------------------------------
[175848] [2025-01-16 13:35:23] INFO: Iteration 31/100
[175848] [2025-01-16 13:35:27] INFO: Acc: 98.80%
[175848] [2025-01-16 13:35:27] INFO: --------------------------------------------
[175848] [2025-01-16 13:35:27] INFO: Iteration 32/100
[175848] [2025-01-16 13:35:30] INFO: Acc: 98.30%
[175848] [2025-01-16 13:35:31] INFO: --------------------------------------------
[175848] [2025-01-16 13:35:31] INFO: Iteration 33/100
[175848] [2025-01-16 13:35:34] INFO: Acc: 98.70%
[175848] [2025-01-16 13:35:34] INFO: --------------------------------------------
[175848] [2025-01-16 13:35:34] INFO: Iteration 34/100
[175848] [2025-01-16 13:35:38] INFO: Acc: 98.10%
[175848] [2025-01-16 13:35:38] INFO: --------------------------------------------
[175848] [2025-01-16 13:35:38] INFO: Iteration 35/100
[175848] [2025-01-16 13:35:41] INFO: Acc: 97.60%
[175848] [2025-01-16 13:35:41] INFO: --------------------------------------------
[175848] [2025-01-16 13:35:41] INFO: Iteration 36/100
[175848] [2025-01-16 13:35:44] INFO: Acc: 98.10%
[175848] [2025-01-16 13:35:44] INFO: --------------------------------------------
[175848] [2025-01-16 13:35:44] INFO: Iteration 37/100
[175848] [2025-01-16 13:35:48] INFO: Acc: 98.70%
[175848] [2025-01-16 13:35:48] INFO: --------------------------------------------
[175848] [2025-01-16 13:35:48] INFO: Iteration 38/100
[175848] [2025-01-16 13:35:51] INFO: Acc: 98.70%
[175848] [2025-01-16 13:35:51] INFO: --------------------------------------------
[175848] [2025-01-16 13:35:51] INFO: Iteration 39/100
[175848] [2025-01-16 13:35:55] INFO: Acc: 99.20%
[175848] [2025-01-16 13:35:55] INFO: --------------------------------------------
[175848] [2025-01-16 13:35:55] INFO: Iteration 40/100
[175848] [2025-01-16 13:35:58] INFO: Acc: 98.40%
[175848] [2025-01-16 13:35:58] INFO: --------------------------------------------
[175848] [2025-01-16 13:35:58] INFO: Iteration 41/100
[175848] [2025-01-16 13:36:01] INFO: Acc: 98.00%
[175848] [2025-01-16 13:36:01] INFO: --------------------------------------------
[175848] [2025-01-16 13:36:01] INFO: Iteration 42/100
[175848] [2025-01-16 13:36:05] INFO: Acc: 98.60%
[175848] [2025-01-16 13:36:05] INFO: --------------------------------------------
[175848] [2025-01-16 13:36:05] INFO: Iteration 43/100
[175848] [2025-01-16 13:36:09] INFO: Acc: 98.90%
[175848] [2025-01-16 13:36:09] INFO: --------------------------------------------
[175848] [2025-01-16 13:36:09] INFO: Iteration 44/100
[175848] [2025-01-16 13:36:12] INFO: Acc: 98.90%
[175848] [2025-01-16 13:36:12] INFO: --------------------------------------------
[175848] [2025-01-16 13:36:12] INFO: Iteration 45/100
[175848] [2025-01-16 13:36:16] INFO: Acc: 98.90%
[175848] [2025-01-16 13:36:16] INFO: --------------------------------------------
[175848] [2025-01-16 13:36:16] INFO: Iteration 46/100
[175848] [2025-01-16 13:36:19] INFO: Acc: 97.60%
[175848] [2025-01-16 13:36:19] INFO: --------------------------------------------
[175848] [2025-01-16 13:36:19] INFO: Iteration 47/100
[175848] [2025-01-16 13:36:23] INFO: Acc: 98.00%
[175848] [2025-01-16 13:36:23] INFO: --------------------------------------------
[175848] [2025-01-16 13:36:23] INFO: Iteration 48/100
[175848] [2025-01-16 13:36:26] INFO: Acc: 98.40%
[175848] [2025-01-16 13:36:26] INFO: --------------------------------------------
[175848] [2025-01-16 13:36:26] INFO: Iteration 49/100
[175848] [2025-01-16 13:36:30] INFO: Acc: 98.90%
[175848] [2025-01-16 13:36:30] INFO: --------------------------------------------
[175848] [2025-01-16 13:36:30] INFO: Iteration 50/100
[175848] [2025-01-16 13:36:33] INFO: Acc: 98.50%
[175848] [2025-01-16 13:36:33] INFO: --------------------------------------------
[175848] [2025-01-16 13:36:33] INFO: Iteration 51/100
[175848] [2025-01-16 13:36:37] INFO: Acc: 98.30%
[175848] [2025-01-16 13:36:37] INFO: --------------------------------------------
[175848] [2025-01-16 13:36:37] INFO: Iteration 52/100
[175848] [2025-01-16 13:36:41] INFO: Acc: 97.90%
[175848] [2025-01-16 13:36:41] INFO: --------------------------------------------
[175848] [2025-01-16 13:36:41] INFO: Iteration 53/100
[175848] [2025-01-16 13:36:44] INFO: Acc: 97.90%
[175848] [2025-01-16 13:36:44] INFO: --------------------------------------------
[175848] [2025-01-16 13:36:44] INFO: Iteration 54/100
[175848] [2025-01-16 13:36:48] INFO: Acc: 98.50%
[175848] [2025-01-16 13:36:48] INFO: --------------------------------------------
[175848] [2025-01-16 13:36:48] INFO: Iteration 55/100
[175848] [2025-01-16 13:36:51] INFO: Acc: 97.80%
[175848] [2025-01-16 13:36:52] INFO: --------------------------------------------
[175848] [2025-01-16 13:36:52] INFO: Iteration 56/100
[175848] [2025-01-16 13:36:55] INFO: Acc: 98.80%
[175848] [2025-01-16 13:36:55] INFO: --------------------------------------------
[175848] [2025-01-16 13:36:55] INFO: Iteration 57/100
[175848] [2025-01-16 13:36:59] INFO: Acc: 98.70%
[175848] [2025-01-16 13:36:59] INFO: --------------------------------------------
[175848] [2025-01-16 13:36:59] INFO: Iteration 58/100
[175848] [2025-01-16 13:37:02] INFO: Acc: 97.10%
[175848] [2025-01-16 13:37:02] INFO: --------------------------------------------
[175848] [2025-01-16 13:37:02] INFO: Iteration 59/100
[175848] [2025-01-16 13:37:06] INFO: Acc: 98.90%
[175848] [2025-01-16 13:37:06] INFO: --------------------------------------------
[175848] [2025-01-16 13:37:06] INFO: Iteration 60/100
[175848] [2025-01-16 13:37:09] INFO: Acc: 97.90%
[175848] [2025-01-16 13:37:09] INFO: --------------------------------------------
[175848] [2025-01-16 13:37:09] INFO: Iteration 61/100
[175848] [2025-01-16 13:37:13] INFO: Acc: 99.40%
[175848] [2025-01-16 13:37:13] INFO: --------------------------------------------
[175848] [2025-01-16 13:37:13] INFO: Iteration 62/100
[175848] [2025-01-16 13:37:17] INFO: Acc: 97.20%
[175848] [2025-01-16 13:37:17] INFO: --------------------------------------------
[175848] [2025-01-16 13:37:17] INFO: Iteration 63/100
[175848] [2025-01-16 13:37:20] INFO: Acc: 97.60%
[175848] [2025-01-16 13:37:20] INFO: --------------------------------------------
[175848] [2025-01-16 13:37:20] INFO: Iteration 64/100
[175848] [2025-01-16 13:37:23] INFO: Acc: 98.10%
[175848] [2025-01-16 13:37:23] INFO: --------------------------------------------
[175848] [2025-01-16 13:37:23] INFO: Iteration 65/100
[175848] [2025-01-16 13:37:27] INFO: Acc: 97.80%
[175848] [2025-01-16 13:37:27] INFO: --------------------------------------------
[175848] [2025-01-16 13:37:27] INFO: Iteration 66/100
[175848] [2025-01-16 13:37:30] INFO: Acc: 97.30%
[175848] [2025-01-16 13:37:31] INFO: --------------------------------------------
[175848] [2025-01-16 13:37:31] INFO: Iteration 67/100
[175848] [2025-01-16 13:37:34] INFO: Acc: 97.90%
[175848] [2025-01-16 13:37:34] INFO: --------------------------------------------
[175848] [2025-01-16 13:37:34] INFO: Iteration 68/100
[175848] [2025-01-16 13:37:38] INFO: Acc: 98.20%
[175848] [2025-01-16 13:37:38] INFO: --------------------------------------------
[175848] [2025-01-16 13:37:38] INFO: Iteration 69/100
[175848] [2025-01-16 13:37:41] INFO: Acc: 99.30%
[175848] [2025-01-16 13:37:41] INFO: --------------------------------------------
[175848] [2025-01-16 13:37:41] INFO: Iteration 70/100
[175848] [2025-01-16 13:37:45] INFO: Acc: 98.70%
[175848] [2025-01-16 13:37:45] INFO: --------------------------------------------
[175848] [2025-01-16 13:37:45] INFO: Iteration 71/100
[175848] [2025-01-16 13:37:48] INFO: Acc: 99.10%
[175848] [2025-01-16 13:37:48] INFO: --------------------------------------------
[175848] [2025-01-16 13:37:48] INFO: Iteration 72/100
[175848] [2025-01-16 13:37:52] INFO: Acc: 98.20%
[175848] [2025-01-16 13:37:52] INFO: --------------------------------------------
[175848] [2025-01-16 13:37:52] INFO: Iteration 73/100
[175848] [2025-01-16 13:37:55] INFO: Acc: 98.90%
[175848] [2025-01-16 13:37:55] INFO: --------------------------------------------
[175848] [2025-01-16 13:37:55] INFO: Iteration 74/100
[175848] [2025-01-16 13:37:58] INFO: Acc: 98.40%
[175848] [2025-01-16 13:37:58] INFO: --------------------------------------------
[175848] [2025-01-16 13:37:58] INFO: Iteration 75/100
[175848] [2025-01-16 13:38:02] INFO: Acc: 99.00%
[175848] [2025-01-16 13:38:02] INFO: --------------------------------------------
[175848] [2025-01-16 13:38:02] INFO: Iteration 76/100
[175848] [2025-01-16 13:38:05] INFO: Acc: 98.80%
[175848] [2025-01-16 13:38:05] INFO: --------------------------------------------
[175848] [2025-01-16 13:38:05] INFO: Iteration 77/100
[175848] [2025-01-16 13:38:09] INFO: Acc: 98.80%
[175848] [2025-01-16 13:38:09] INFO: --------------------------------------------
[175848] [2025-01-16 13:38:09] INFO: Iteration 78/100
[175848] [2025-01-16 13:38:12] INFO: Acc: 98.70%
[175848] [2025-01-16 13:38:12] INFO: --------------------------------------------
[175848] [2025-01-16 13:38:12] INFO: Iteration 79/100
[175848] [2025-01-16 13:38:16] INFO: Acc: 98.00%
[175848] [2025-01-16 13:38:16] INFO: --------------------------------------------
[175848] [2025-01-16 13:38:16] INFO: Iteration 80/100
[175848] [2025-01-16 13:38:19] INFO: Acc: 98.00%
[175848] [2025-01-16 13:38:19] INFO: --------------------------------------------
[175848] [2025-01-16 13:38:19] INFO: Iteration 81/100
[175848] [2025-01-16 13:38:22] INFO: Acc: 99.10%
[175848] [2025-01-16 13:38:22] INFO: --------------------------------------------
[175848] [2025-01-16 13:38:22] INFO: Iteration 82/100
[175848] [2025-01-16 13:38:26] INFO: Acc: 98.50%
[175848] [2025-01-16 13:38:26] INFO: --------------------------------------------
[175848] [2025-01-16 13:38:26] INFO: Iteration 83/100
[175848] [2025-01-16 13:38:30] INFO: Acc: 97.90%
[175848] [2025-01-16 13:38:30] INFO: --------------------------------------------
[175848] [2025-01-16 13:38:30] INFO: Iteration 84/100
[175848] [2025-01-16 13:38:33] INFO: Acc: 98.60%
[175848] [2025-01-16 13:38:33] INFO: --------------------------------------------
[175848] [2025-01-16 13:38:33] INFO: Iteration 85/100
[175848] [2025-01-16 13:38:37] INFO: Acc: 98.60%
[175848] [2025-01-16 13:38:37] INFO: --------------------------------------------
[175848] [2025-01-16 13:38:37] INFO: Iteration 86/100
[175848] [2025-01-16 13:38:40] INFO: Acc: 98.30%
[175848] [2025-01-16 13:38:40] INFO: --------------------------------------------
[175848] [2025-01-16 13:38:40] INFO: Iteration 87/100
[175848] [2025-01-16 13:38:44] INFO: Acc: 97.80%
[175848] [2025-01-16 13:38:44] INFO: --------------------------------------------
[175848] [2025-01-16 13:38:44] INFO: Iteration 88/100
[175848] [2025-01-16 13:38:47] INFO: Acc: 98.90%
[175848] [2025-01-16 13:38:47] INFO: --------------------------------------------
[175848] [2025-01-16 13:38:47] INFO: Iteration 89/100
[175848] [2025-01-16 13:38:51] INFO: Acc: 98.10%
[175848] [2025-01-16 13:38:51] INFO: --------------------------------------------
[175848] [2025-01-16 13:38:51] INFO: Iteration 90/100
[175848] [2025-01-16 13:38:54] INFO: Acc: 97.70%
[175848] [2025-01-16 13:38:54] INFO: --------------------------------------------
[175848] [2025-01-16 13:38:54] INFO: Iteration 91/100
[175848] [2025-01-16 13:38:58] INFO: Acc: 98.10%
[175848] [2025-01-16 13:38:58] INFO: --------------------------------------------
[175848] [2025-01-16 13:38:58] INFO: Iteration 92/100
[175848] [2025-01-16 13:39:02] INFO: Acc: 98.50%
[175848] [2025-01-16 13:39:02] INFO: --------------------------------------------
[175848] [2025-01-16 13:39:02] INFO: Iteration 93/100
[175848] [2025-01-16 13:39:05] INFO: Acc: 98.40%
[175848] [2025-01-16 13:39:05] INFO: --------------------------------------------
[175848] [2025-01-16 13:39:05] INFO: Iteration 94/100
[175848] [2025-01-16 13:39:08] INFO: Acc: 99.50%
[175848] [2025-01-16 13:39:08] INFO: --------------------------------------------
[175848] [2025-01-16 13:39:08] INFO: Iteration 95/100
[175848] [2025-01-16 13:39:12] INFO: Acc: 98.80%
[175848] [2025-01-16 13:39:12] INFO: --------------------------------------------
[175848] [2025-01-16 13:39:12] INFO: Iteration 96/100
[175848] [2025-01-16 13:39:16] INFO: Acc: 98.70%
[175848] [2025-01-16 13:39:16] INFO: --------------------------------------------
[175848] [2025-01-16 13:39:16] INFO: Iteration 97/100
[175848] [2025-01-16 13:39:19] INFO: Acc: 97.90%
[175848] [2025-01-16 13:39:19] INFO: --------------------------------------------
[175848] [2025-01-16 13:39:19] INFO: Iteration 98/100
[175848] [2025-01-16 13:39:22] INFO: Acc: 98.60%
[175848] [2025-01-16 13:39:22] INFO: --------------------------------------------
[175848] [2025-01-16 13:39:22] INFO: Iteration 99/100
[175848] [2025-01-16 13:39:26] INFO: Acc: 98.20%
[175848] [2025-01-16 13:39:26] INFO: --------------------------------------------
[175848] [2025-01-16 13:39:26] INFO: Iteration 100/100
[175848] [2025-01-16 13:39:30] INFO: Acc: 98.30%
