[9427] [2025-01-14 08:16:41] INFO: ==> Running file: /autodl-fs/data/PythonProject/P3MC/downstream_lr.py
[9427] [2025-01-14 08:16:41] INFO: ==> Config: {'exp_name': 'CVTSLANet_LR_ads-b_iq_PT_powerNorm_FT_powerNorm', 'exp_type': 'Downstream_random_rot', 'random_seed': 2024, 'platform': 'linux', 'device': 'cuda', 'iteration': 100, 'epoch': 100, 'dataset': {'name': 'ads-b', 'root': '~/Datasets/ADS-B', 'type': 'iq', 'normalize': 'power', 'train_batch_size': 30, 'test_batch_size': 30, 'ratio': 0.2, 'num_classes': 30, 'shot': 10, 'snr': None}, 'encoder': {'name': 'CVTSLANet', 'root': 'models/KANTSLANet2Feature.py', 'feature_dim': 1024, 'pretrain_path': './runs/Pretext_random_rot/CVTSLANet_ads-b_iq_powerNorm/best_encoder.pth', 'TSLA_config': {'seq_len': 4800, 'patch_size': 32, 'num_channels': 2, 'emb_dim': 256, 'depth': 3, 'dropout_rate': 0.3}}, 'classifier': {'name': 'lr', 'root': '', 'in_dim': 1024, 'ratio': 0.2, 'num_classes': 30}, 'optimizer': {'lr': 0.001, 'weight_decay': 0}, 'extra_info': '', 'exp_path': 'runs/Downstream_random_rot/CVTSLANet_LR_ads-b_iq_PT_powerNorm_FT_powerNorm/10Shot/0114_081641', 'save_path': 'runs/Downstream_random_rot/CVTSLANet_LR_ads-b_iq_PT_powerNorm_FT_powerNorm'}
[9427] [2025-01-14 08:16:41] INFO: --------------------------------------------
[9427] [2025-01-14 08:16:41] INFO: Iteration 1/100
[9427] [2025-01-14 08:16:47] INFO: Acc: 85.27%
[9427] [2025-01-14 08:16:47] INFO: --------------------------------------------
[9427] [2025-01-14 08:16:47] INFO: Iteration 2/100
[9427] [2025-01-14 08:16:52] INFO: Acc: 85.63%
[9427] [2025-01-14 08:16:52] INFO: --------------------------------------------
[9427] [2025-01-14 08:16:52] INFO: Iteration 3/100
[9427] [2025-01-14 08:16:58] INFO: Acc: 86.23%
[9427] [2025-01-14 08:16:58] INFO: --------------------------------------------
[9427] [2025-01-14 08:16:58] INFO: Iteration 4/100
[9427] [2025-01-14 08:17:03] INFO: Acc: 87.43%
[9427] [2025-01-14 08:17:03] INFO: --------------------------------------------
[9427] [2025-01-14 08:17:03] INFO: Iteration 5/100
[9427] [2025-01-14 08:17:09] INFO: Acc: 85.37%
[9427] [2025-01-14 08:17:10] INFO: --------------------------------------------
[9427] [2025-01-14 08:17:10] INFO: Iteration 6/100
[9427] [2025-01-14 08:17:15] INFO: Acc: 86.07%
[9427] [2025-01-14 08:17:15] INFO: --------------------------------------------
[9427] [2025-01-14 08:17:15] INFO: Iteration 7/100
[9427] [2025-01-14 08:17:22] INFO: Acc: 86.03%
[9427] [2025-01-14 08:17:22] INFO: --------------------------------------------
[9427] [2025-01-14 08:17:22] INFO: Iteration 8/100
[9427] [2025-01-14 08:17:29] INFO: Acc: 87.30%
[9427] [2025-01-14 08:17:29] INFO: --------------------------------------------
[9427] [2025-01-14 08:17:29] INFO: Iteration 9/100
[9427] [2025-01-14 08:17:35] INFO: Acc: 87.17%
[9427] [2025-01-14 08:17:35] INFO: --------------------------------------------
[9427] [2025-01-14 08:17:35] INFO: Iteration 10/100
[9427] [2025-01-14 08:17:41] INFO: Acc: 87.27%
[9427] [2025-01-14 08:17:41] INFO: --------------------------------------------
[9427] [2025-01-14 08:17:41] INFO: Iteration 11/100
[9427] [2025-01-14 08:17:46] INFO: Acc: 85.87%
[9427] [2025-01-14 08:17:47] INFO: --------------------------------------------
[9427] [2025-01-14 08:17:47] INFO: Iteration 12/100
[9427] [2025-01-14 08:17:53] INFO: Acc: 86.70%
[9427] [2025-01-14 08:17:53] INFO: --------------------------------------------
[9427] [2025-01-14 08:17:53] INFO: Iteration 13/100
[9427] [2025-01-14 08:17:59] INFO: Acc: 86.90%
[9427] [2025-01-14 08:17:59] INFO: --------------------------------------------
[9427] [2025-01-14 08:17:59] INFO: Iteration 14/100
[9427] [2025-01-14 08:18:04] INFO: Acc: 87.73%
[9427] [2025-01-14 08:18:04] INFO: --------------------------------------------
[9427] [2025-01-14 08:18:04] INFO: Iteration 15/100
[9427] [2025-01-14 08:18:10] INFO: Acc: 88.17%
[9427] [2025-01-14 08:18:10] INFO: --------------------------------------------
[9427] [2025-01-14 08:18:10] INFO: Iteration 16/100
[9427] [2025-01-14 08:18:16] INFO: Acc: 86.57%
[9427] [2025-01-14 08:18:16] INFO: --------------------------------------------
[9427] [2025-01-14 08:18:16] INFO: Iteration 17/100
[9427] [2025-01-14 08:18:23] INFO: Acc: 87.57%
[9427] [2025-01-14 08:18:23] INFO: --------------------------------------------
[9427] [2025-01-14 08:18:23] INFO: Iteration 18/100
[9427] [2025-01-14 08:18:29] INFO: Acc: 87.53%
[9427] [2025-01-14 08:18:29] INFO: --------------------------------------------
[9427] [2025-01-14 08:18:29] INFO: Iteration 19/100
[9427] [2025-01-14 08:18:35] INFO: Acc: 86.23%
[9427] [2025-01-14 08:18:35] INFO: --------------------------------------------
[9427] [2025-01-14 08:18:35] INFO: Iteration 20/100
[9427] [2025-01-14 08:18:41] INFO: Acc: 87.30%
[9427] [2025-01-14 08:18:41] INFO: --------------------------------------------
[9427] [2025-01-14 08:18:41] INFO: Iteration 21/100
[9427] [2025-01-14 08:18:47] INFO: Acc: 86.27%
[9427] [2025-01-14 08:18:47] INFO: --------------------------------------------
[9427] [2025-01-14 08:18:47] INFO: Iteration 22/100
[9427] [2025-01-14 08:18:53] INFO: Acc: 87.50%
[9427] [2025-01-14 08:18:53] INFO: --------------------------------------------
[9427] [2025-01-14 08:18:53] INFO: Iteration 23/100
[9427] [2025-01-14 08:18:58] INFO: Acc: 84.43%
[9427] [2025-01-14 08:18:58] INFO: --------------------------------------------
[9427] [2025-01-14 08:18:58] INFO: Iteration 24/100
[9427] [2025-01-14 08:19:06] INFO: Acc: 87.53%
[9427] [2025-01-14 08:19:06] INFO: --------------------------------------------
[9427] [2025-01-14 08:19:06] INFO: Iteration 25/100
[9427] [2025-01-14 08:19:11] INFO: Acc: 86.07%
[9427] [2025-01-14 08:19:11] INFO: --------------------------------------------
[9427] [2025-01-14 08:19:11] INFO: Iteration 26/100
[9427] [2025-01-14 08:19:18] INFO: Acc: 86.47%
[9427] [2025-01-14 08:19:18] INFO: --------------------------------------------
[9427] [2025-01-14 08:19:18] INFO: Iteration 27/100
[9427] [2025-01-14 08:19:24] INFO: Acc: 89.20%
[9427] [2025-01-14 08:19:24] INFO: --------------------------------------------
[9427] [2025-01-14 08:19:24] INFO: Iteration 28/100
[9427] [2025-01-14 08:19:29] INFO: Acc: 86.17%
[9427] [2025-01-14 08:19:29] INFO: --------------------------------------------
[9427] [2025-01-14 08:19:29] INFO: Iteration 29/100
[9427] [2025-01-14 08:19:35] INFO: Acc: 85.37%
[9427] [2025-01-14 08:19:35] INFO: --------------------------------------------
[9427] [2025-01-14 08:19:35] INFO: Iteration 30/100
[9427] [2025-01-14 08:19:40] INFO: Acc: 87.87%
[9427] [2025-01-14 08:19:40] INFO: --------------------------------------------
[9427] [2025-01-14 08:19:40] INFO: Iteration 31/100
[9427] [2025-01-14 08:19:46] INFO: Acc: 84.90%
[9427] [2025-01-14 08:19:46] INFO: --------------------------------------------
[9427] [2025-01-14 08:19:46] INFO: Iteration 32/100
[9427] [2025-01-14 08:19:51] INFO: Acc: 87.93%
[9427] [2025-01-14 08:19:51] INFO: --------------------------------------------
[9427] [2025-01-14 08:19:51] INFO: Iteration 33/100
[9427] [2025-01-14 08:19:57] INFO: Acc: 86.03%
[9427] [2025-01-14 08:19:57] INFO: --------------------------------------------
[9427] [2025-01-14 08:19:57] INFO: Iteration 34/100
[9427] [2025-01-14 08:20:02] INFO: Acc: 86.70%
[9427] [2025-01-14 08:20:02] INFO: --------------------------------------------
[9427] [2025-01-14 08:20:02] INFO: Iteration 35/100
[9427] [2025-01-14 08:20:08] INFO: Acc: 86.93%
[9427] [2025-01-14 08:20:08] INFO: --------------------------------------------
[9427] [2025-01-14 08:20:08] INFO: Iteration 36/100
[9427] [2025-01-14 08:20:12] INFO: Acc: 88.17%
[9427] [2025-01-14 08:20:12] INFO: --------------------------------------------
[9427] [2025-01-14 08:20:12] INFO: Iteration 37/100
[9427] [2025-01-14 08:20:18] INFO: Acc: 87.03%
[9427] [2025-01-14 08:20:18] INFO: --------------------------------------------
[9427] [2025-01-14 08:20:18] INFO: Iteration 38/100
[9427] [2025-01-14 08:20:23] INFO: Acc: 87.33%
[9427] [2025-01-14 08:20:23] INFO: --------------------------------------------
[9427] [2025-01-14 08:20:23] INFO: Iteration 39/100
[9427] [2025-01-14 08:20:28] INFO: Acc: 85.87%
[9427] [2025-01-14 08:20:28] INFO: --------------------------------------------
[9427] [2025-01-14 08:20:28] INFO: Iteration 40/100
[9427] [2025-01-14 08:20:33] INFO: Acc: 87.17%
[9427] [2025-01-14 08:20:33] INFO: --------------------------------------------
[9427] [2025-01-14 08:20:33] INFO: Iteration 41/100
[9427] [2025-01-14 08:20:39] INFO: Acc: 85.87%
[9427] [2025-01-14 08:20:39] INFO: --------------------------------------------
[9427] [2025-01-14 08:20:39] INFO: Iteration 42/100
[9427] [2025-01-14 08:20:44] INFO: Acc: 87.03%
[9427] [2025-01-14 08:20:44] INFO: --------------------------------------------
[9427] [2025-01-14 08:20:44] INFO: Iteration 43/100
[9427] [2025-01-14 08:20:50] INFO: Acc: 87.67%
[9427] [2025-01-14 08:20:50] INFO: --------------------------------------------
[9427] [2025-01-14 08:20:50] INFO: Iteration 44/100
[9427] [2025-01-14 08:20:54] INFO: Acc: 89.00%
[9427] [2025-01-14 08:20:54] INFO: --------------------------------------------
[9427] [2025-01-14 08:20:54] INFO: Iteration 45/100
[9427] [2025-01-14 08:21:00] INFO: Acc: 88.17%
[9427] [2025-01-14 08:21:00] INFO: --------------------------------------------
[9427] [2025-01-14 08:21:00] INFO: Iteration 46/100
[9427] [2025-01-14 08:21:05] INFO: Acc: 85.47%
[9427] [2025-01-14 08:21:05] INFO: --------------------------------------------
[9427] [2025-01-14 08:21:05] INFO: Iteration 47/100
[9427] [2025-01-14 08:21:10] INFO: Acc: 86.73%
[9427] [2025-01-14 08:21:10] INFO: --------------------------------------------
[9427] [2025-01-14 08:21:10] INFO: Iteration 48/100
[9427] [2025-01-14 08:21:15] INFO: Acc: 87.50%
[9427] [2025-01-14 08:21:15] INFO: --------------------------------------------
[9427] [2025-01-14 08:21:15] INFO: Iteration 49/100
[9427] [2025-01-14 08:21:21] INFO: Acc: 87.03%
[9427] [2025-01-14 08:21:21] INFO: --------------------------------------------
[9427] [2025-01-14 08:21:21] INFO: Iteration 50/100
[9427] [2025-01-14 08:21:26] INFO: Acc: 87.33%
[9427] [2025-01-14 08:21:26] INFO: --------------------------------------------
[9427] [2025-01-14 08:21:26] INFO: Iteration 51/100
[9427] [2025-01-14 08:21:32] INFO: Acc: 87.07%
[9427] [2025-01-14 08:21:32] INFO: --------------------------------------------
[9427] [2025-01-14 08:21:32] INFO: Iteration 52/100
[9427] [2025-01-14 08:21:37] INFO: Acc: 85.87%
[9427] [2025-01-14 08:21:37] INFO: --------------------------------------------
[9427] [2025-01-14 08:21:37] INFO: Iteration 53/100
[9427] [2025-01-14 08:21:44] INFO: Acc: 85.73%
[9427] [2025-01-14 08:21:44] INFO: --------------------------------------------
[9427] [2025-01-14 08:21:44] INFO: Iteration 54/100
[9427] [2025-01-14 08:21:48] INFO: Acc: 87.03%
[9427] [2025-01-14 08:21:48] INFO: --------------------------------------------
[9427] [2025-01-14 08:21:48] INFO: Iteration 55/100
[9427] [2025-01-14 08:21:54] INFO: Acc: 87.60%
[9427] [2025-01-14 08:21:54] INFO: --------------------------------------------
[9427] [2025-01-14 08:21:54] INFO: Iteration 56/100
[9427] [2025-01-14 08:21:59] INFO: Acc: 87.93%
[9427] [2025-01-14 08:21:59] INFO: --------------------------------------------
[9427] [2025-01-14 08:21:59] INFO: Iteration 57/100
[9427] [2025-01-14 08:22:05] INFO: Acc: 86.60%
[9427] [2025-01-14 08:22:05] INFO: --------------------------------------------
[9427] [2025-01-14 08:22:05] INFO: Iteration 58/100
[9427] [2025-01-14 08:22:11] INFO: Acc: 86.80%
[9427] [2025-01-14 08:22:11] INFO: --------------------------------------------
[9427] [2025-01-14 08:22:11] INFO: Iteration 59/100
[9427] [2025-01-14 08:22:16] INFO: Acc: 88.90%
[9427] [2025-01-14 08:22:16] INFO: --------------------------------------------
[9427] [2025-01-14 08:22:16] INFO: Iteration 60/100
[9427] [2025-01-14 08:22:21] INFO: Acc: 86.07%
[9427] [2025-01-14 08:22:21] INFO: --------------------------------------------
[9427] [2025-01-14 08:22:21] INFO: Iteration 61/100
[9427] [2025-01-14 08:22:27] INFO: Acc: 87.97%
[9427] [2025-01-14 08:22:27] INFO: --------------------------------------------
[9427] [2025-01-14 08:22:27] INFO: Iteration 62/100
[9427] [2025-01-14 08:22:35] INFO: Acc: 87.13%
[9427] [2025-01-14 08:22:35] INFO: --------------------------------------------
[9427] [2025-01-14 08:22:35] INFO: Iteration 63/100
[9427] [2025-01-14 08:22:41] INFO: Acc: 88.03%
[9427] [2025-01-14 08:22:41] INFO: --------------------------------------------
[9427] [2025-01-14 08:22:41] INFO: Iteration 64/100
[9427] [2025-01-14 08:22:47] INFO: Acc: 87.37%
[9427] [2025-01-14 08:22:47] INFO: --------------------------------------------
[9427] [2025-01-14 08:22:47] INFO: Iteration 65/100
[9427] [2025-01-14 08:22:54] INFO: Acc: 86.57%
[9427] [2025-01-14 08:22:54] INFO: --------------------------------------------
[9427] [2025-01-14 08:22:54] INFO: Iteration 66/100
[9427] [2025-01-14 08:22:59] INFO: Acc: 87.80%
[9427] [2025-01-14 08:22:59] INFO: --------------------------------------------
[9427] [2025-01-14 08:22:59] INFO: Iteration 67/100
[9427] [2025-01-14 08:23:04] INFO: Acc: 87.37%
[9427] [2025-01-14 08:23:04] INFO: --------------------------------------------
[9427] [2025-01-14 08:23:04] INFO: Iteration 68/100
[9427] [2025-01-14 08:23:10] INFO: Acc: 85.23%
[9427] [2025-01-14 08:23:10] INFO: --------------------------------------------
[9427] [2025-01-14 08:23:10] INFO: Iteration 69/100
[9427] [2025-01-14 08:23:17] INFO: Acc: 86.97%
[9427] [2025-01-14 08:23:17] INFO: --------------------------------------------
[9427] [2025-01-14 08:23:17] INFO: Iteration 70/100
[9427] [2025-01-14 08:23:23] INFO: Acc: 88.57%
[9427] [2025-01-14 08:23:23] INFO: --------------------------------------------
[9427] [2025-01-14 08:23:23] INFO: Iteration 71/100
[9427] [2025-01-14 08:23:29] INFO: Acc: 87.23%
[9427] [2025-01-14 08:23:29] INFO: --------------------------------------------
[9427] [2025-01-14 08:23:29] INFO: Iteration 72/100
[9427] [2025-01-14 08:23:34] INFO: Acc: 85.57%
[9427] [2025-01-14 08:23:34] INFO: --------------------------------------------
[9427] [2025-01-14 08:23:34] INFO: Iteration 73/100
[9427] [2025-01-14 08:23:40] INFO: Acc: 88.00%
[9427] [2025-01-14 08:23:40] INFO: --------------------------------------------
[9427] [2025-01-14 08:23:40] INFO: Iteration 74/100
[9427] [2025-01-14 08:23:48] INFO: Acc: 85.23%
[9427] [2025-01-14 08:23:48] INFO: --------------------------------------------
[9427] [2025-01-14 08:23:48] INFO: Iteration 75/100
[9427] [2025-01-14 08:23:54] INFO: Acc: 86.80%
[9427] [2025-01-14 08:23:54] INFO: --------------------------------------------
[9427] [2025-01-14 08:23:54] INFO: Iteration 76/100
[9427] [2025-01-14 08:24:00] INFO: Acc: 86.90%
[9427] [2025-01-14 08:24:00] INFO: --------------------------------------------
[9427] [2025-01-14 08:24:00] INFO: Iteration 77/100
[9427] [2025-01-14 08:24:06] INFO: Acc: 85.73%
[9427] [2025-01-14 08:24:06] INFO: --------------------------------------------
[9427] [2025-01-14 08:24:06] INFO: Iteration 78/100
[9427] [2025-01-14 08:24:12] INFO: Acc: 87.87%
[9427] [2025-01-14 08:24:12] INFO: --------------------------------------------
[9427] [2025-01-14 08:24:12] INFO: Iteration 79/100
[9427] [2025-01-14 08:24:19] INFO: Acc: 87.30%
[9427] [2025-01-14 08:24:19] INFO: --------------------------------------------
[9427] [2025-01-14 08:24:19] INFO: Iteration 80/100
[9427] [2025-01-14 08:24:25] INFO: Acc: 85.73%
[9427] [2025-01-14 08:24:25] INFO: --------------------------------------------
[9427] [2025-01-14 08:24:25] INFO: Iteration 81/100
[9427] [2025-01-14 08:24:30] INFO: Acc: 85.23%
[9427] [2025-01-14 08:24:31] INFO: --------------------------------------------
[9427] [2025-01-14 08:24:31] INFO: Iteration 82/100
[9427] [2025-01-14 08:24:36] INFO: Acc: 87.10%
[9427] [2025-01-14 08:24:36] INFO: --------------------------------------------
[9427] [2025-01-14 08:24:36] INFO: Iteration 83/100
[9427] [2025-01-14 08:24:42] INFO: Acc: 87.83%
[9427] [2025-01-14 08:24:42] INFO: --------------------------------------------
[9427] [2025-01-14 08:24:42] INFO: Iteration 84/100
[9427] [2025-01-14 08:24:47] INFO: Acc: 85.10%
[9427] [2025-01-14 08:24:47] INFO: --------------------------------------------
[9427] [2025-01-14 08:24:47] INFO: Iteration 85/100
[9427] [2025-01-14 08:24:53] INFO: Acc: 85.37%
[9427] [2025-01-14 08:24:53] INFO: --------------------------------------------
[9427] [2025-01-14 08:24:53] INFO: Iteration 86/100
[9427] [2025-01-14 08:24:59] INFO: Acc: 86.40%
[9427] [2025-01-14 08:24:59] INFO: --------------------------------------------
[9427] [2025-01-14 08:24:59] INFO: Iteration 87/100
[9427] [2025-01-14 08:25:05] INFO: Acc: 87.10%
[9427] [2025-01-14 08:25:05] INFO: --------------------------------------------
[9427] [2025-01-14 08:25:05] INFO: Iteration 88/100
[9427] [2025-01-14 08:25:11] INFO: Acc: 88.23%
[9427] [2025-01-14 08:25:11] INFO: --------------------------------------------
[9427] [2025-01-14 08:25:11] INFO: Iteration 89/100
[9427] [2025-01-14 08:25:17] INFO: Acc: 86.00%
[9427] [2025-01-14 08:25:17] INFO: --------------------------------------------
[9427] [2025-01-14 08:25:17] INFO: Iteration 90/100
[9427] [2025-01-14 08:25:22] INFO: Acc: 86.40%
[9427] [2025-01-14 08:25:22] INFO: --------------------------------------------
[9427] [2025-01-14 08:25:22] INFO: Iteration 91/100
[9427] [2025-01-14 08:25:27] INFO: Acc: 87.27%
[9427] [2025-01-14 08:25:27] INFO: --------------------------------------------
[9427] [2025-01-14 08:25:27] INFO: Iteration 92/100
[9427] [2025-01-14 08:25:33] INFO: Acc: 87.00%
[9427] [2025-01-14 08:25:33] INFO: --------------------------------------------
[9427] [2025-01-14 08:25:33] INFO: Iteration 93/100
[9427] [2025-01-14 08:25:38] INFO: Acc: 86.83%
[9427] [2025-01-14 08:25:38] INFO: --------------------------------------------
[9427] [2025-01-14 08:25:38] INFO: Iteration 94/100
[9427] [2025-01-14 08:25:45] INFO: Acc: 87.17%
[9427] [2025-01-14 08:25:45] INFO: --------------------------------------------
[9427] [2025-01-14 08:25:45] INFO: Iteration 95/100
[9427] [2025-01-14 08:25:51] INFO: Acc: 87.10%
[9427] [2025-01-14 08:25:51] INFO: --------------------------------------------
[9427] [2025-01-14 08:25:51] INFO: Iteration 96/100
[9427] [2025-01-14 08:25:57] INFO: Acc: 86.73%
[9427] [2025-01-14 08:25:57] INFO: --------------------------------------------
[9427] [2025-01-14 08:25:57] INFO: Iteration 97/100
[9427] [2025-01-14 08:26:03] INFO: Acc: 86.77%
[9427] [2025-01-14 08:26:03] INFO: --------------------------------------------
[9427] [2025-01-14 08:26:03] INFO: Iteration 98/100
[9427] [2025-01-14 08:26:10] INFO: Acc: 88.27%
[9427] [2025-01-14 08:26:10] INFO: --------------------------------------------
[9427] [2025-01-14 08:26:10] INFO: Iteration 99/100
[9427] [2025-01-14 08:26:17] INFO: Acc: 86.83%
[9427] [2025-01-14 08:26:17] INFO: --------------------------------------------
[9427] [2025-01-14 08:26:17] INFO: Iteration 100/100
[9427] [2025-01-14 08:26:23] INFO: Acc: 86.97%
