[13937] [2025-01-14 08:23:26] INFO: ==> Running file: /autodl-fs/data/PythonProject/P3MC/downstream_knn.py
[13937] [2025-01-14 08:23:26] INFO: ==> Config: {'exp_name': 'CVTSLANet_KNN_ads-b_iq_PT_powerNorm_FT_powerNorm', 'exp_type': 'Downstream_random_rot', 'random_seed': 2024, 'platform': 'linux', 'device': 'cuda', 'iteration': 100, 'epoch': 100, 'dataset': {'name': 'ads-b', 'root': '~/Datasets/ADS-B', 'type': 'iq', 'normalize': 'power', 'train_batch_size': 30, 'test_batch_size': 30, 'ratio': 0.2, 'num_classes': 30, 'shot': 15, 'snr': None}, 'encoder': {'name': 'CVTSLANet', 'root': 'models/KANTSLANet2Feature.py', 'feature_dim': 1024, 'pretrain_path': './runs/Pretext_random_rot/CVTSLANet_ads-b_iq_powerNorm/best_encoder.pth', 'TSLA_config': {'seq_len': 4800, 'patch_size': 32, 'num_channels': 2, 'emb_dim': 256, 'depth': 3, 'dropout_rate': 0.3}}, 'classifier': {'name': 'knn', 'root': '', 'in_dim': 1024, 'ratio': 0.2, 'num_classes': 30}, 'optimizer': {'lr': 0.001, 'weight_decay': 0}, 'extra_info': '', 'exp_path': 'runs/Downstream_random_rot/CVTSLANet_KNN_ads-b_iq_PT_powerNorm_FT_powerNorm/15Shot/0114_082326', 'save_path': 'runs/Downstream_random_rot/CVTSLANet_KNN_ads-b_iq_PT_powerNorm_FT_powerNorm'}
[13937] [2025-01-14 08:23:26] INFO: --------------------------------------------
[13937] [2025-01-14 08:23:26] INFO: Iteration 1/100
[13937] [2025-01-14 08:23:31] INFO: Acc: 83.60%
[13937] [2025-01-14 08:23:31] INFO: --------------------------------------------
[13937] [2025-01-14 08:23:31] INFO: Iteration 2/100
[13937] [2025-01-14 08:23:36] INFO: Acc: 85.60%
[13937] [2025-01-14 08:23:36] INFO: --------------------------------------------
[13937] [2025-01-14 08:23:36] INFO: Iteration 3/100
[13937] [2025-01-14 08:23:42] INFO: Acc: 84.80%
[13937] [2025-01-14 08:23:42] INFO: --------------------------------------------
[13937] [2025-01-14 08:23:42] INFO: Iteration 4/100
[13937] [2025-01-14 08:23:48] INFO: Acc: 84.80%
[13937] [2025-01-14 08:23:48] INFO: --------------------------------------------
[13937] [2025-01-14 08:23:48] INFO: Iteration 5/100
[13937] [2025-01-14 08:23:53] INFO: Acc: 84.77%
[13937] [2025-01-14 08:23:53] INFO: --------------------------------------------
[13937] [2025-01-14 08:23:53] INFO: Iteration 6/100
[13937] [2025-01-14 08:23:58] INFO: Acc: 85.70%
[13937] [2025-01-14 08:23:58] INFO: --------------------------------------------
[13937] [2025-01-14 08:23:58] INFO: Iteration 7/100
[13937] [2025-01-14 08:24:02] INFO: Acc: 83.10%
[13937] [2025-01-14 08:24:02] INFO: --------------------------------------------
[13937] [2025-01-14 08:24:02] INFO: Iteration 8/100
[13937] [2025-01-14 08:24:07] INFO: Acc: 84.53%
[13937] [2025-01-14 08:24:07] INFO: --------------------------------------------
[13937] [2025-01-14 08:24:07] INFO: Iteration 9/100
[13937] [2025-01-14 08:24:13] INFO: Acc: 85.60%
[13937] [2025-01-14 08:24:13] INFO: --------------------------------------------
[13937] [2025-01-14 08:24:13] INFO: Iteration 10/100
[13937] [2025-01-14 08:24:19] INFO: Acc: 85.03%
[13937] [2025-01-14 08:24:19] INFO: --------------------------------------------
[13937] [2025-01-14 08:24:19] INFO: Iteration 11/100
[13937] [2025-01-14 08:24:24] INFO: Acc: 84.83%
[13937] [2025-01-14 08:24:24] INFO: --------------------------------------------
[13937] [2025-01-14 08:24:24] INFO: Iteration 12/100
[13937] [2025-01-14 08:24:29] INFO: Acc: 84.33%
[13937] [2025-01-14 08:24:29] INFO: --------------------------------------------
[13937] [2025-01-14 08:24:29] INFO: Iteration 13/100
[13937] [2025-01-14 08:24:34] INFO: Acc: 86.03%
[13937] [2025-01-14 08:24:34] INFO: --------------------------------------------
[13937] [2025-01-14 08:24:34] INFO: Iteration 14/100
[13937] [2025-01-14 08:24:39] INFO: Acc: 85.00%
[13937] [2025-01-14 08:24:39] INFO: --------------------------------------------
[13937] [2025-01-14 08:24:39] INFO: Iteration 15/100
[13937] [2025-01-14 08:24:44] INFO: Acc: 84.70%
[13937] [2025-01-14 08:24:44] INFO: --------------------------------------------
[13937] [2025-01-14 08:24:44] INFO: Iteration 16/100
[13937] [2025-01-14 08:24:49] INFO: Acc: 85.13%
[13937] [2025-01-14 08:24:49] INFO: --------------------------------------------
[13937] [2025-01-14 08:24:49] INFO: Iteration 17/100
[13937] [2025-01-14 08:24:54] INFO: Acc: 86.07%
[13937] [2025-01-14 08:24:54] INFO: --------------------------------------------
[13937] [2025-01-14 08:24:54] INFO: Iteration 18/100
[13937] [2025-01-14 08:24:59] INFO: Acc: 85.07%
[13937] [2025-01-14 08:24:59] INFO: --------------------------------------------
[13937] [2025-01-14 08:24:59] INFO: Iteration 19/100
[13937] [2025-01-14 08:25:04] INFO: Acc: 86.47%
[13937] [2025-01-14 08:25:04] INFO: --------------------------------------------
[13937] [2025-01-14 08:25:04] INFO: Iteration 20/100
[13937] [2025-01-14 08:25:09] INFO: Acc: 85.97%
[13937] [2025-01-14 08:25:09] INFO: --------------------------------------------
[13937] [2025-01-14 08:25:09] INFO: Iteration 21/100
[13937] [2025-01-14 08:25:14] INFO: Acc: 84.67%
[13937] [2025-01-14 08:25:14] INFO: --------------------------------------------
[13937] [2025-01-14 08:25:14] INFO: Iteration 22/100
[13937] [2025-01-14 08:25:19] INFO: Acc: 84.00%
[13937] [2025-01-14 08:25:19] INFO: --------------------------------------------
[13937] [2025-01-14 08:25:19] INFO: Iteration 23/100
[13937] [2025-01-14 08:25:24] INFO: Acc: 86.37%
[13937] [2025-01-14 08:25:24] INFO: --------------------------------------------
[13937] [2025-01-14 08:25:24] INFO: Iteration 24/100
[13937] [2025-01-14 08:25:29] INFO: Acc: 83.50%
[13937] [2025-01-14 08:25:29] INFO: --------------------------------------------
[13937] [2025-01-14 08:25:29] INFO: Iteration 25/100
[13937] [2025-01-14 08:25:34] INFO: Acc: 84.90%
[13937] [2025-01-14 08:25:34] INFO: --------------------------------------------
[13937] [2025-01-14 08:25:34] INFO: Iteration 26/100
[13937] [2025-01-14 08:25:40] INFO: Acc: 85.80%
[13937] [2025-01-14 08:25:40] INFO: --------------------------------------------
[13937] [2025-01-14 08:25:40] INFO: Iteration 27/100
[13937] [2025-01-14 08:25:45] INFO: Acc: 84.77%
[13937] [2025-01-14 08:25:45] INFO: --------------------------------------------
[13937] [2025-01-14 08:25:45] INFO: Iteration 28/100
[13937] [2025-01-14 08:25:50] INFO: Acc: 83.27%
[13937] [2025-01-14 08:25:50] INFO: --------------------------------------------
[13937] [2025-01-14 08:25:50] INFO: Iteration 29/100
[13937] [2025-01-14 08:25:55] INFO: Acc: 85.97%
[13937] [2025-01-14 08:25:55] INFO: --------------------------------------------
[13937] [2025-01-14 08:25:55] INFO: Iteration 30/100
[13937] [2025-01-14 08:25:58] INFO: Acc: 83.83%
[13937] [2025-01-14 08:25:59] INFO: --------------------------------------------
[13937] [2025-01-14 08:25:59] INFO: Iteration 31/100
[13937] [2025-01-14 08:26:04] INFO: Acc: 83.53%
[13937] [2025-01-14 08:26:04] INFO: --------------------------------------------
[13937] [2025-01-14 08:26:04] INFO: Iteration 32/100
[13937] [2025-01-14 08:26:10] INFO: Acc: 85.27%
[13937] [2025-01-14 08:26:10] INFO: --------------------------------------------
[13937] [2025-01-14 08:26:10] INFO: Iteration 33/100
[13937] [2025-01-14 08:26:16] INFO: Acc: 85.77%
[13937] [2025-01-14 08:26:16] INFO: --------------------------------------------
[13937] [2025-01-14 08:26:16] INFO: Iteration 34/100
[13937] [2025-01-14 08:26:21] INFO: Acc: 84.70%
[13937] [2025-01-14 08:26:21] INFO: --------------------------------------------
[13937] [2025-01-14 08:26:21] INFO: Iteration 35/100
[13937] [2025-01-14 08:26:25] INFO: Acc: 83.73%
[13937] [2025-01-14 08:26:25] INFO: --------------------------------------------
[13937] [2025-01-14 08:26:25] INFO: Iteration 36/100
[13937] [2025-01-14 08:26:30] INFO: Acc: 85.50%
[13937] [2025-01-14 08:26:30] INFO: --------------------------------------------
[13937] [2025-01-14 08:26:30] INFO: Iteration 37/100
[13937] [2025-01-14 08:26:35] INFO: Acc: 83.67%
[13937] [2025-01-14 08:26:35] INFO: --------------------------------------------
[13937] [2025-01-14 08:26:35] INFO: Iteration 38/100
[13937] [2025-01-14 08:26:40] INFO: Acc: 82.93%
[13937] [2025-01-14 08:26:40] INFO: --------------------------------------------
[13937] [2025-01-14 08:26:40] INFO: Iteration 39/100
[13937] [2025-01-14 08:26:45] INFO: Acc: 84.17%
[13937] [2025-01-14 08:26:45] INFO: --------------------------------------------
[13937] [2025-01-14 08:26:45] INFO: Iteration 40/100
[13937] [2025-01-14 08:26:50] INFO: Acc: 83.77%
[13937] [2025-01-14 08:26:50] INFO: --------------------------------------------
[13937] [2025-01-14 08:26:50] INFO: Iteration 41/100
[13937] [2025-01-14 08:26:55] INFO: Acc: 87.67%
[13937] [2025-01-14 08:26:55] INFO: --------------------------------------------
[13937] [2025-01-14 08:26:55] INFO: Iteration 42/100
[13937] [2025-01-14 08:27:00] INFO: Acc: 84.87%
[13937] [2025-01-14 08:27:00] INFO: --------------------------------------------
[13937] [2025-01-14 08:27:00] INFO: Iteration 43/100
[13937] [2025-01-14 08:27:05] INFO: Acc: 85.00%
[13937] [2025-01-14 08:27:05] INFO: --------------------------------------------
[13937] [2025-01-14 08:27:05] INFO: Iteration 44/100
[13937] [2025-01-14 08:27:09] INFO: Acc: 83.77%
[13937] [2025-01-14 08:27:09] INFO: --------------------------------------------
[13937] [2025-01-14 08:27:09] INFO: Iteration 45/100
[13937] [2025-01-14 08:27:14] INFO: Acc: 85.60%
[13937] [2025-01-14 08:27:14] INFO: --------------------------------------------
[13937] [2025-01-14 08:27:14] INFO: Iteration 46/100
[13937] [2025-01-14 08:27:20] INFO: Acc: 85.27%
[13937] [2025-01-14 08:27:20] INFO: --------------------------------------------
[13937] [2025-01-14 08:27:20] INFO: Iteration 47/100
[13937] [2025-01-14 08:27:25] INFO: Acc: 84.43%
[13937] [2025-01-14 08:27:25] INFO: --------------------------------------------
[13937] [2025-01-14 08:27:25] INFO: Iteration 48/100
[13937] [2025-01-14 08:27:31] INFO: Acc: 84.17%
[13937] [2025-01-14 08:27:31] INFO: --------------------------------------------
[13937] [2025-01-14 08:27:31] INFO: Iteration 49/100
[13937] [2025-01-14 08:27:35] INFO: Acc: 83.30%
[13937] [2025-01-14 08:27:35] INFO: --------------------------------------------
[13937] [2025-01-14 08:27:35] INFO: Iteration 50/100
[13937] [2025-01-14 08:27:40] INFO: Acc: 83.73%
[13937] [2025-01-14 08:27:40] INFO: --------------------------------------------
[13937] [2025-01-14 08:27:40] INFO: Iteration 51/100
[13937] [2025-01-14 08:27:44] INFO: Acc: 84.80%
[13937] [2025-01-14 08:27:44] INFO: --------------------------------------------
[13937] [2025-01-14 08:27:44] INFO: Iteration 52/100
[13937] [2025-01-14 08:27:50] INFO: Acc: 85.00%
[13937] [2025-01-14 08:27:50] INFO: --------------------------------------------
[13937] [2025-01-14 08:27:50] INFO: Iteration 53/100
[13937] [2025-01-14 08:27:55] INFO: Acc: 86.10%
[13937] [2025-01-14 08:27:55] INFO: --------------------------------------------
[13937] [2025-01-14 08:27:55] INFO: Iteration 54/100
[13937] [2025-01-14 08:28:00] INFO: Acc: 83.23%
[13937] [2025-01-14 08:28:00] INFO: --------------------------------------------
[13937] [2025-01-14 08:28:00] INFO: Iteration 55/100
[13937] [2025-01-14 08:28:04] INFO: Acc: 84.37%
[13937] [2025-01-14 08:28:04] INFO: --------------------------------------------
[13937] [2025-01-14 08:28:04] INFO: Iteration 56/100
[13937] [2025-01-14 08:28:10] INFO: Acc: 84.27%
[13937] [2025-01-14 08:28:10] INFO: --------------------------------------------
[13937] [2025-01-14 08:28:10] INFO: Iteration 57/100
[13937] [2025-01-14 08:28:15] INFO: Acc: 85.43%
[13937] [2025-01-14 08:28:15] INFO: --------------------------------------------
[13937] [2025-01-14 08:28:15] INFO: Iteration 58/100
[13937] [2025-01-14 08:28:18] INFO: Acc: 87.50%
[13937] [2025-01-14 08:28:18] INFO: --------------------------------------------
[13937] [2025-01-14 08:28:18] INFO: Iteration 59/100
[13937] [2025-01-14 08:28:24] INFO: Acc: 83.53%
[13937] [2025-01-14 08:28:24] INFO: --------------------------------------------
[13937] [2025-01-14 08:28:24] INFO: Iteration 60/100
[13937] [2025-01-14 08:28:29] INFO: Acc: 83.20%
[13937] [2025-01-14 08:28:29] INFO: --------------------------------------------
[13937] [2025-01-14 08:28:29] INFO: Iteration 61/100
[13937] [2025-01-14 08:28:34] INFO: Acc: 85.27%
[13937] [2025-01-14 08:28:34] INFO: --------------------------------------------
[13937] [2025-01-14 08:28:34] INFO: Iteration 62/100
[13937] [2025-01-14 08:28:39] INFO: Acc: 85.50%
[13937] [2025-01-14 08:28:39] INFO: --------------------------------------------
[13937] [2025-01-14 08:28:39] INFO: Iteration 63/100
[13937] [2025-01-14 08:28:44] INFO: Acc: 83.93%
[13937] [2025-01-14 08:28:44] INFO: --------------------------------------------
[13937] [2025-01-14 08:28:44] INFO: Iteration 64/100
[13937] [2025-01-14 08:28:49] INFO: Acc: 83.50%
[13937] [2025-01-14 08:28:49] INFO: --------------------------------------------
[13937] [2025-01-14 08:28:49] INFO: Iteration 65/100
[13937] [2025-01-14 08:28:54] INFO: Acc: 83.63%
[13937] [2025-01-14 08:28:54] INFO: --------------------------------------------
[13937] [2025-01-14 08:28:54] INFO: Iteration 66/100
[13937] [2025-01-14 08:28:59] INFO: Acc: 83.67%
[13937] [2025-01-14 08:28:59] INFO: --------------------------------------------
[13937] [2025-01-14 08:28:59] INFO: Iteration 67/100
[13937] [2025-01-14 08:29:04] INFO: Acc: 84.23%
[13937] [2025-01-14 08:29:04] INFO: --------------------------------------------
[13937] [2025-01-14 08:29:04] INFO: Iteration 68/100
[13937] [2025-01-14 08:29:10] INFO: Acc: 85.87%
[13937] [2025-01-14 08:29:11] INFO: --------------------------------------------
[13937] [2025-01-14 08:29:11] INFO: Iteration 69/100
[13937] [2025-01-14 08:29:16] INFO: Acc: 82.33%
[13937] [2025-01-14 08:29:16] INFO: --------------------------------------------
[13937] [2025-01-14 08:29:16] INFO: Iteration 70/100
[13937] [2025-01-14 08:29:21] INFO: Acc: 82.40%
[13937] [2025-01-14 08:29:21] INFO: --------------------------------------------
[13937] [2025-01-14 08:29:21] INFO: Iteration 71/100
[13937] [2025-01-14 08:29:25] INFO: Acc: 85.07%
[13937] [2025-01-14 08:29:25] INFO: --------------------------------------------
[13937] [2025-01-14 08:29:25] INFO: Iteration 72/100
[13937] [2025-01-14 08:29:30] INFO: Acc: 83.90%
[13937] [2025-01-14 08:29:30] INFO: --------------------------------------------
[13937] [2025-01-14 08:29:30] INFO: Iteration 73/100
[13937] [2025-01-14 08:29:35] INFO: Acc: 85.90%
[13937] [2025-01-14 08:29:35] INFO: --------------------------------------------
[13937] [2025-01-14 08:29:35] INFO: Iteration 74/100
[13937] [2025-01-14 08:29:40] INFO: Acc: 84.27%
[13937] [2025-01-14 08:29:40] INFO: --------------------------------------------
[13937] [2025-01-14 08:29:40] INFO: Iteration 75/100
[13937] [2025-01-14 08:29:45] INFO: Acc: 84.40%
[13937] [2025-01-14 08:29:45] INFO: --------------------------------------------
[13937] [2025-01-14 08:29:45] INFO: Iteration 76/100
[13937] [2025-01-14 08:29:51] INFO: Acc: 85.47%
[13937] [2025-01-14 08:29:51] INFO: --------------------------------------------
[13937] [2025-01-14 08:29:51] INFO: Iteration 77/100
[13937] [2025-01-14 08:29:56] INFO: Acc: 85.60%
[13937] [2025-01-14 08:29:56] INFO: --------------------------------------------
[13937] [2025-01-14 08:29:56] INFO: Iteration 78/100
[13937] [2025-01-14 08:30:00] INFO: Acc: 85.07%
[13937] [2025-01-14 08:30:00] INFO: --------------------------------------------
[13937] [2025-01-14 08:30:00] INFO: Iteration 79/100
[13937] [2025-01-14 08:30:04] INFO: Acc: 85.80%
[13937] [2025-01-14 08:30:04] INFO: --------------------------------------------
[13937] [2025-01-14 08:30:04] INFO: Iteration 80/100
[13937] [2025-01-14 08:30:10] INFO: Acc: 84.37%
[13937] [2025-01-14 08:30:10] INFO: --------------------------------------------
[13937] [2025-01-14 08:30:10] INFO: Iteration 81/100
[13937] [2025-01-14 08:30:16] INFO: Acc: 82.27%
[13937] [2025-01-14 08:30:16] INFO: --------------------------------------------
[13937] [2025-01-14 08:30:16] INFO: Iteration 82/100
[13937] [2025-01-14 08:30:20] INFO: Acc: 85.23%
[13937] [2025-01-14 08:30:20] INFO: --------------------------------------------
[13937] [2025-01-14 08:30:20] INFO: Iteration 83/100
[13937] [2025-01-14 08:30:26] INFO: Acc: 84.90%
[13937] [2025-01-14 08:30:26] INFO: --------------------------------------------
[13937] [2025-01-14 08:30:26] INFO: Iteration 84/100
[13937] [2025-01-14 08:30:31] INFO: Acc: 84.37%
[13937] [2025-01-14 08:30:31] INFO: --------------------------------------------
[13937] [2025-01-14 08:30:31] INFO: Iteration 85/100
[13937] [2025-01-14 08:30:36] INFO: Acc: 84.63%
[13937] [2025-01-14 08:30:36] INFO: --------------------------------------------
[13937] [2025-01-14 08:30:36] INFO: Iteration 86/100
[13937] [2025-01-14 08:30:41] INFO: Acc: 84.97%
[13937] [2025-01-14 08:30:42] INFO: --------------------------------------------
[13937] [2025-01-14 08:30:42] INFO: Iteration 87/100
[13937] [2025-01-14 08:30:46] INFO: Acc: 85.63%
[13937] [2025-01-14 08:30:46] INFO: --------------------------------------------
[13937] [2025-01-14 08:30:46] INFO: Iteration 88/100
[13937] [2025-01-14 08:30:51] INFO: Acc: 84.80%
[13937] [2025-01-14 08:30:51] INFO: --------------------------------------------
[13937] [2025-01-14 08:30:51] INFO: Iteration 89/100
[13937] [2025-01-14 08:30:56] INFO: Acc: 82.97%
[13937] [2025-01-14 08:30:56] INFO: --------------------------------------------
[13937] [2025-01-14 08:30:56] INFO: Iteration 90/100
[13937] [2025-01-14 08:31:00] INFO: Acc: 84.90%
[13937] [2025-01-14 08:31:01] INFO: --------------------------------------------
[13937] [2025-01-14 08:31:01] INFO: Iteration 91/100
[13937] [2025-01-14 08:31:06] INFO: Acc: 84.63%
[13937] [2025-01-14 08:31:06] INFO: --------------------------------------------
[13937] [2025-01-14 08:31:06] INFO: Iteration 92/100
[13937] [2025-01-14 08:31:11] INFO: Acc: 83.37%
[13937] [2025-01-14 08:31:11] INFO: --------------------------------------------
[13937] [2025-01-14 08:31:11] INFO: Iteration 93/100
[13937] [2025-01-14 08:31:16] INFO: Acc: 83.77%
[13937] [2025-01-14 08:31:16] INFO: --------------------------------------------
[13937] [2025-01-14 08:31:16] INFO: Iteration 94/100
[13937] [2025-01-14 08:31:21] INFO: Acc: 85.50%
[13937] [2025-01-14 08:31:21] INFO: --------------------------------------------
[13937] [2025-01-14 08:31:21] INFO: Iteration 95/100
[13937] [2025-01-14 08:31:26] INFO: Acc: 85.20%
[13937] [2025-01-14 08:31:26] INFO: --------------------------------------------
[13937] [2025-01-14 08:31:26] INFO: Iteration 96/100
[13937] [2025-01-14 08:31:31] INFO: Acc: 84.20%
[13937] [2025-01-14 08:31:31] INFO: --------------------------------------------
[13937] [2025-01-14 08:31:31] INFO: Iteration 97/100
[13937] [2025-01-14 08:31:37] INFO: Acc: 85.50%
[13937] [2025-01-14 08:31:37] INFO: --------------------------------------------
[13937] [2025-01-14 08:31:37] INFO: Iteration 98/100
[13937] [2025-01-14 08:31:41] INFO: Acc: 84.33%
[13937] [2025-01-14 08:31:41] INFO: --------------------------------------------
[13937] [2025-01-14 08:31:41] INFO: Iteration 99/100
[13937] [2025-01-14 08:31:46] INFO: Acc: 83.70%
[13937] [2025-01-14 08:31:46] INFO: --------------------------------------------
[13937] [2025-01-14 08:31:46] INFO: Iteration 100/100
[13937] [2025-01-14 08:31:51] INFO: Acc: 85.13%
