[9427] [2025-01-14 08:01:17] INFO: ==> Running file: /autodl-fs/data/PythonProject/P3MC/downstream_lr.py
[9427] [2025-01-14 08:01:17] INFO: ==> Config: {'exp_name': 'CVTSLANet_LR_ads-b_iq_PT_powerNorm_FT_powerNorm', 'exp_type': 'Downstream_random_rot', 'random_seed': 2024, 'platform': 'linux', 'device': 'cuda', 'iteration': 100, 'epoch': 100, 'dataset': {'name': 'ads-b', 'root': '~/Datasets/ADS-B', 'type': 'iq', 'normalize': 'power', 'train_batch_size': 30, 'test_batch_size': 30, 'ratio': 0.2, 'num_classes': 30, 'shot': 1, 'snr': None}, 'encoder': {'name': 'CVTSLANet', 'root': 'models/KANTSLANet2Feature.py', 'feature_dim': 1024, 'pretrain_path': './runs/Pretext_random_rot/CVTSLANet_ads-b_iq_powerNorm/best_encoder.pth', 'TSLA_config': {'seq_len': 4800, 'patch_size': 32, 'num_channels': 2, 'emb_dim': 256, 'depth': 3, 'dropout_rate': 0.3}}, 'classifier': {'name': 'lr', 'root': '', 'in_dim': 1024, 'ratio': 0.2, 'num_classes': 30}, 'optimizer': {'lr': 0.001, 'weight_decay': 0}, 'extra_info': '', 'exp_path': 'runs/Downstream_random_rot/CVTSLANet_LR_ads-b_iq_PT_powerNorm_FT_powerNorm/1Shot/0114_080117', 'save_path': 'runs/Downstream_random_rot/CVTSLANet_LR_ads-b_iq_PT_powerNorm_FT_powerNorm'}
[9427] [2025-01-14 08:01:17] INFO: --------------------------------------------
[9427] [2025-01-14 08:01:17] INFO: Iteration 1/100
[9427] [2025-01-14 08:01:30] INFO: Acc: 60.97%
[9427] [2025-01-14 08:01:30] INFO: --------------------------------------------
[9427] [2025-01-14 08:01:30] INFO: Iteration 2/100
[9427] [2025-01-14 08:01:34] INFO: Acc: 60.60%
[9427] [2025-01-14 08:01:34] INFO: --------------------------------------------
[9427] [2025-01-14 08:01:34] INFO: Iteration 3/100
[9427] [2025-01-14 08:01:36] INFO: Acc: 61.23%
[9427] [2025-01-14 08:01:36] INFO: --------------------------------------------
[9427] [2025-01-14 08:01:36] INFO: Iteration 4/100
[9427] [2025-01-14 08:01:40] INFO: Acc: 65.90%
[9427] [2025-01-14 08:01:40] INFO: --------------------------------------------
[9427] [2025-01-14 08:01:40] INFO: Iteration 5/100
[9427] [2025-01-14 08:01:43] INFO: Acc: 66.13%
[9427] [2025-01-14 08:01:43] INFO: --------------------------------------------
[9427] [2025-01-14 08:01:43] INFO: Iteration 6/100
[9427] [2025-01-14 08:01:46] INFO: Acc: 58.47%
[9427] [2025-01-14 08:01:46] INFO: --------------------------------------------
[9427] [2025-01-14 08:01:46] INFO: Iteration 7/100
[9427] [2025-01-14 08:01:49] INFO: Acc: 55.80%
[9427] [2025-01-14 08:01:49] INFO: --------------------------------------------
[9427] [2025-01-14 08:01:49] INFO: Iteration 8/100
[9427] [2025-01-14 08:01:52] INFO: Acc: 61.83%
[9427] [2025-01-14 08:01:52] INFO: --------------------------------------------
[9427] [2025-01-14 08:01:52] INFO: Iteration 9/100
[9427] [2025-01-14 08:01:55] INFO: Acc: 64.80%
[9427] [2025-01-14 08:01:55] INFO: --------------------------------------------
[9427] [2025-01-14 08:01:55] INFO: Iteration 10/100
[9427] [2025-01-14 08:01:58] INFO: Acc: 60.27%
[9427] [2025-01-14 08:01:58] INFO: --------------------------------------------
[9427] [2025-01-14 08:01:58] INFO: Iteration 11/100
[9427] [2025-01-14 08:02:01] INFO: Acc: 70.33%
[9427] [2025-01-14 08:02:01] INFO: --------------------------------------------
[9427] [2025-01-14 08:02:01] INFO: Iteration 12/100
[9427] [2025-01-14 08:02:04] INFO: Acc: 63.37%
[9427] [2025-01-14 08:02:04] INFO: --------------------------------------------
[9427] [2025-01-14 08:02:04] INFO: Iteration 13/100
[9427] [2025-01-14 08:02:07] INFO: Acc: 63.37%
[9427] [2025-01-14 08:02:07] INFO: --------------------------------------------
[9427] [2025-01-14 08:02:07] INFO: Iteration 14/100
[9427] [2025-01-14 08:02:10] INFO: Acc: 60.10%
[9427] [2025-01-14 08:02:10] INFO: --------------------------------------------
[9427] [2025-01-14 08:02:10] INFO: Iteration 15/100
[9427] [2025-01-14 08:02:13] INFO: Acc: 63.23%
[9427] [2025-01-14 08:02:13] INFO: --------------------------------------------
[9427] [2025-01-14 08:02:13] INFO: Iteration 16/100
[9427] [2025-01-14 08:02:17] INFO: Acc: 62.43%
[9427] [2025-01-14 08:02:17] INFO: --------------------------------------------
[9427] [2025-01-14 08:02:17] INFO: Iteration 17/100
[9427] [2025-01-14 08:02:21] INFO: Acc: 55.10%
[9427] [2025-01-14 08:02:21] INFO: --------------------------------------------
[9427] [2025-01-14 08:02:21] INFO: Iteration 18/100
[9427] [2025-01-14 08:02:25] INFO: Acc: 64.73%
[9427] [2025-01-14 08:02:25] INFO: --------------------------------------------
[9427] [2025-01-14 08:02:25] INFO: Iteration 19/100
[9427] [2025-01-14 08:02:28] INFO: Acc: 63.53%
[9427] [2025-01-14 08:02:28] INFO: --------------------------------------------
[9427] [2025-01-14 08:02:28] INFO: Iteration 20/100
[9427] [2025-01-14 08:02:31] INFO: Acc: 63.00%
[9427] [2025-01-14 08:02:31] INFO: --------------------------------------------
[9427] [2025-01-14 08:02:31] INFO: Iteration 21/100
[9427] [2025-01-14 08:02:35] INFO: Acc: 63.00%
[9427] [2025-01-14 08:02:35] INFO: --------------------------------------------
[9427] [2025-01-14 08:02:35] INFO: Iteration 22/100
[9427] [2025-01-14 08:02:38] INFO: Acc: 63.10%
[9427] [2025-01-14 08:02:38] INFO: --------------------------------------------
[9427] [2025-01-14 08:02:38] INFO: Iteration 23/100
[9427] [2025-01-14 08:02:41] INFO: Acc: 64.37%
[9427] [2025-01-14 08:02:41] INFO: --------------------------------------------
[9427] [2025-01-14 08:02:41] INFO: Iteration 24/100
[9427] [2025-01-14 08:02:45] INFO: Acc: 64.03%
[9427] [2025-01-14 08:02:45] INFO: --------------------------------------------
[9427] [2025-01-14 08:02:45] INFO: Iteration 25/100
[9427] [2025-01-14 08:02:48] INFO: Acc: 58.83%
[9427] [2025-01-14 08:02:48] INFO: --------------------------------------------
[9427] [2025-01-14 08:02:48] INFO: Iteration 26/100
[9427] [2025-01-14 08:02:52] INFO: Acc: 60.03%
[9427] [2025-01-14 08:02:52] INFO: --------------------------------------------
[9427] [2025-01-14 08:02:52] INFO: Iteration 27/100
[9427] [2025-01-14 08:02:55] INFO: Acc: 62.13%
[9427] [2025-01-14 08:02:55] INFO: --------------------------------------------
[9427] [2025-01-14 08:02:55] INFO: Iteration 28/100
[9427] [2025-01-14 08:02:59] INFO: Acc: 60.67%
[9427] [2025-01-14 08:02:59] INFO: --------------------------------------------
[9427] [2025-01-14 08:02:59] INFO: Iteration 29/100
[9427] [2025-01-14 08:03:02] INFO: Acc: 67.27%
[9427] [2025-01-14 08:03:02] INFO: --------------------------------------------
[9427] [2025-01-14 08:03:02] INFO: Iteration 30/100
[9427] [2025-01-14 08:03:05] INFO: Acc: 60.50%
[9427] [2025-01-14 08:03:05] INFO: --------------------------------------------
[9427] [2025-01-14 08:03:05] INFO: Iteration 31/100
[9427] [2025-01-14 08:03:09] INFO: Acc: 63.90%
[9427] [2025-01-14 08:03:09] INFO: --------------------------------------------
[9427] [2025-01-14 08:03:09] INFO: Iteration 32/100
[9427] [2025-01-14 08:03:12] INFO: Acc: 60.83%
[9427] [2025-01-14 08:03:12] INFO: --------------------------------------------
[9427] [2025-01-14 08:03:12] INFO: Iteration 33/100
[9427] [2025-01-14 08:03:16] INFO: Acc: 63.80%
[9427] [2025-01-14 08:03:16] INFO: --------------------------------------------
[9427] [2025-01-14 08:03:16] INFO: Iteration 34/100
[9427] [2025-01-14 08:03:19] INFO: Acc: 64.53%
[9427] [2025-01-14 08:03:19] INFO: --------------------------------------------
[9427] [2025-01-14 08:03:19] INFO: Iteration 35/100
[9427] [2025-01-14 08:03:22] INFO: Acc: 63.37%
[9427] [2025-01-14 08:03:22] INFO: --------------------------------------------
[9427] [2025-01-14 08:03:22] INFO: Iteration 36/100
[9427] [2025-01-14 08:03:25] INFO: Acc: 59.73%
[9427] [2025-01-14 08:03:25] INFO: --------------------------------------------
[9427] [2025-01-14 08:03:25] INFO: Iteration 37/100
[9427] [2025-01-14 08:03:28] INFO: Acc: 60.13%
[9427] [2025-01-14 08:03:29] INFO: --------------------------------------------
[9427] [2025-01-14 08:03:29] INFO: Iteration 38/100
[9427] [2025-01-14 08:03:32] INFO: Acc: 64.00%
[9427] [2025-01-14 08:03:32] INFO: --------------------------------------------
[9427] [2025-01-14 08:03:32] INFO: Iteration 39/100
[9427] [2025-01-14 08:03:35] INFO: Acc: 62.87%
[9427] [2025-01-14 08:03:35] INFO: --------------------------------------------
[9427] [2025-01-14 08:03:35] INFO: Iteration 40/100
[9427] [2025-01-14 08:03:39] INFO: Acc: 60.63%
[9427] [2025-01-14 08:03:39] INFO: --------------------------------------------
[9427] [2025-01-14 08:03:39] INFO: Iteration 41/100
[9427] [2025-01-14 08:03:42] INFO: Acc: 63.80%
[9427] [2025-01-14 08:03:42] INFO: --------------------------------------------
[9427] [2025-01-14 08:03:42] INFO: Iteration 42/100
[9427] [2025-01-14 08:03:46] INFO: Acc: 63.73%
[9427] [2025-01-14 08:03:46] INFO: --------------------------------------------
[9427] [2025-01-14 08:03:46] INFO: Iteration 43/100
[9427] [2025-01-14 08:03:50] INFO: Acc: 58.53%
[9427] [2025-01-14 08:03:50] INFO: --------------------------------------------
[9427] [2025-01-14 08:03:50] INFO: Iteration 44/100
[9427] [2025-01-14 08:03:53] INFO: Acc: 65.30%
[9427] [2025-01-14 08:03:53] INFO: --------------------------------------------
[9427] [2025-01-14 08:03:53] INFO: Iteration 45/100
[9427] [2025-01-14 08:03:57] INFO: Acc: 65.80%
[9427] [2025-01-14 08:03:57] INFO: --------------------------------------------
[9427] [2025-01-14 08:03:57] INFO: Iteration 46/100
[9427] [2025-01-14 08:04:00] INFO: Acc: 57.43%
[9427] [2025-01-14 08:04:00] INFO: --------------------------------------------
[9427] [2025-01-14 08:04:00] INFO: Iteration 47/100
[9427] [2025-01-14 08:04:04] INFO: Acc: 59.70%
[9427] [2025-01-14 08:04:04] INFO: --------------------------------------------
[9427] [2025-01-14 08:04:04] INFO: Iteration 48/100
[9427] [2025-01-14 08:04:08] INFO: Acc: 61.47%
[9427] [2025-01-14 08:04:08] INFO: --------------------------------------------
[9427] [2025-01-14 08:04:08] INFO: Iteration 49/100
[9427] [2025-01-14 08:04:12] INFO: Acc: 64.00%
[9427] [2025-01-14 08:04:12] INFO: --------------------------------------------
[9427] [2025-01-14 08:04:12] INFO: Iteration 50/100
[9427] [2025-01-14 08:04:16] INFO: Acc: 60.00%
[9427] [2025-01-14 08:04:16] INFO: --------------------------------------------
[9427] [2025-01-14 08:04:16] INFO: Iteration 51/100
[9427] [2025-01-14 08:04:19] INFO: Acc: 65.93%
[9427] [2025-01-14 08:04:19] INFO: --------------------------------------------
[9427] [2025-01-14 08:04:19] INFO: Iteration 52/100
[9427] [2025-01-14 08:04:22] INFO: Acc: 62.67%
[9427] [2025-01-14 08:04:22] INFO: --------------------------------------------
[9427] [2025-01-14 08:04:22] INFO: Iteration 53/100
[9427] [2025-01-14 08:04:26] INFO: Acc: 61.27%
[9427] [2025-01-14 08:04:26] INFO: --------------------------------------------
[9427] [2025-01-14 08:04:26] INFO: Iteration 54/100
[9427] [2025-01-14 08:04:29] INFO: Acc: 66.43%
[9427] [2025-01-14 08:04:30] INFO: --------------------------------------------
[9427] [2025-01-14 08:04:30] INFO: Iteration 55/100
[9427] [2025-01-14 08:04:34] INFO: Acc: 62.83%
[9427] [2025-01-14 08:04:34] INFO: --------------------------------------------
[9427] [2025-01-14 08:04:34] INFO: Iteration 56/100
[9427] [2025-01-14 08:04:38] INFO: Acc: 61.93%
[9427] [2025-01-14 08:04:38] INFO: --------------------------------------------
[9427] [2025-01-14 08:04:38] INFO: Iteration 57/100
[9427] [2025-01-14 08:04:43] INFO: Acc: 64.60%
[9427] [2025-01-14 08:04:43] INFO: --------------------------------------------
[9427] [2025-01-14 08:04:43] INFO: Iteration 58/100
[9427] [2025-01-14 08:04:47] INFO: Acc: 62.37%
[9427] [2025-01-14 08:04:47] INFO: --------------------------------------------
[9427] [2025-01-14 08:04:47] INFO: Iteration 59/100
[9427] [2025-01-14 08:04:51] INFO: Acc: 64.33%
[9427] [2025-01-14 08:04:51] INFO: --------------------------------------------
[9427] [2025-01-14 08:04:51] INFO: Iteration 60/100
[9427] [2025-01-14 08:04:57] INFO: Acc: 67.43%
[9427] [2025-01-14 08:04:57] INFO: --------------------------------------------
[9427] [2025-01-14 08:04:57] INFO: Iteration 61/100
[9427] [2025-01-14 08:05:00] INFO: Acc: 63.93%
[9427] [2025-01-14 08:05:00] INFO: --------------------------------------------
[9427] [2025-01-14 08:05:00] INFO: Iteration 62/100
[9427] [2025-01-14 08:05:05] INFO: Acc: 63.40%
[9427] [2025-01-14 08:05:05] INFO: --------------------------------------------
[9427] [2025-01-14 08:05:05] INFO: Iteration 63/100
[9427] [2025-01-14 08:05:10] INFO: Acc: 65.13%
[9427] [2025-01-14 08:05:10] INFO: --------------------------------------------
[9427] [2025-01-14 08:05:10] INFO: Iteration 64/100
[9427] [2025-01-14 08:05:14] INFO: Acc: 59.90%
[9427] [2025-01-14 08:05:14] INFO: --------------------------------------------
[9427] [2025-01-14 08:05:14] INFO: Iteration 65/100
[9427] [2025-01-14 08:05:19] INFO: Acc: 59.40%
[9427] [2025-01-14 08:05:19] INFO: --------------------------------------------
[9427] [2025-01-14 08:05:19] INFO: Iteration 66/100
[9427] [2025-01-14 08:05:22] INFO: Acc: 62.93%
[9427] [2025-01-14 08:05:22] INFO: --------------------------------------------
[9427] [2025-01-14 08:05:22] INFO: Iteration 67/100
[9427] [2025-01-14 08:05:27] INFO: Acc: 61.80%
[9427] [2025-01-14 08:05:27] INFO: --------------------------------------------
[9427] [2025-01-14 08:05:27] INFO: Iteration 68/100
[9427] [2025-01-14 08:05:31] INFO: Acc: 62.77%
[9427] [2025-01-14 08:05:31] INFO: --------------------------------------------
[9427] [2025-01-14 08:05:31] INFO: Iteration 69/100
[9427] [2025-01-14 08:05:35] INFO: Acc: 66.63%
[9427] [2025-01-14 08:05:35] INFO: --------------------------------------------
[9427] [2025-01-14 08:05:35] INFO: Iteration 70/100
[9427] [2025-01-14 08:05:39] INFO: Acc: 62.60%
[9427] [2025-01-14 08:05:39] INFO: --------------------------------------------
[9427] [2025-01-14 08:05:39] INFO: Iteration 71/100
[9427] [2025-01-14 08:05:43] INFO: Acc: 59.87%
[9427] [2025-01-14 08:05:43] INFO: --------------------------------------------
[9427] [2025-01-14 08:05:43] INFO: Iteration 72/100
[9427] [2025-01-14 08:05:47] INFO: Acc: 62.60%
[9427] [2025-01-14 08:05:47] INFO: --------------------------------------------
[9427] [2025-01-14 08:05:47] INFO: Iteration 73/100
[9427] [2025-01-14 08:05:52] INFO: Acc: 59.90%
[9427] [2025-01-14 08:05:52] INFO: --------------------------------------------
[9427] [2025-01-14 08:05:52] INFO: Iteration 74/100
[9427] [2025-01-14 08:05:55] INFO: Acc: 63.70%
[9427] [2025-01-14 08:05:55] INFO: --------------------------------------------
[9427] [2025-01-14 08:05:55] INFO: Iteration 75/100
[9427] [2025-01-14 08:06:00] INFO: Acc: 63.93%
[9427] [2025-01-14 08:06:00] INFO: --------------------------------------------
[9427] [2025-01-14 08:06:00] INFO: Iteration 76/100
[9427] [2025-01-14 08:06:05] INFO: Acc: 57.97%
[9427] [2025-01-14 08:06:05] INFO: --------------------------------------------
[9427] [2025-01-14 08:06:05] INFO: Iteration 77/100
[9427] [2025-01-14 08:06:10] INFO: Acc: 53.80%
[9427] [2025-01-14 08:06:10] INFO: --------------------------------------------
[9427] [2025-01-14 08:06:10] INFO: Iteration 78/100
[9427] [2025-01-14 08:06:16] INFO: Acc: 68.73%
[9427] [2025-01-14 08:06:16] INFO: --------------------------------------------
[9427] [2025-01-14 08:06:16] INFO: Iteration 79/100
[9427] [2025-01-14 08:06:21] INFO: Acc: 63.43%
[9427] [2025-01-14 08:06:21] INFO: --------------------------------------------
[9427] [2025-01-14 08:06:21] INFO: Iteration 80/100
[9427] [2025-01-14 08:06:26] INFO: Acc: 57.77%
[9427] [2025-01-14 08:06:26] INFO: --------------------------------------------
[9427] [2025-01-14 08:06:26] INFO: Iteration 81/100
[9427] [2025-01-14 08:06:29] INFO: Acc: 64.40%
[9427] [2025-01-14 08:06:29] INFO: --------------------------------------------
[9427] [2025-01-14 08:06:30] INFO: Iteration 82/100
[9427] [2025-01-14 08:06:34] INFO: Acc: 59.20%
[9427] [2025-01-14 08:06:34] INFO: --------------------------------------------
[9427] [2025-01-14 08:06:34] INFO: Iteration 83/100
[9427] [2025-01-14 08:06:39] INFO: Acc: 60.30%
[9427] [2025-01-14 08:06:39] INFO: --------------------------------------------
[9427] [2025-01-14 08:06:39] INFO: Iteration 84/100
[9427] [2025-01-14 08:06:44] INFO: Acc: 61.03%
[9427] [2025-01-14 08:06:44] INFO: --------------------------------------------
[9427] [2025-01-14 08:06:44] INFO: Iteration 85/100
[9427] [2025-01-14 08:06:48] INFO: Acc: 57.67%
[9427] [2025-01-14 08:06:49] INFO: --------------------------------------------
[9427] [2025-01-14 08:06:49] INFO: Iteration 86/100
[9427] [2025-01-14 08:06:54] INFO: Acc: 64.13%
[9427] [2025-01-14 08:06:54] INFO: --------------------------------------------
[9427] [2025-01-14 08:06:54] INFO: Iteration 87/100
[9427] [2025-01-14 08:06:59] INFO: Acc: 61.30%
[9427] [2025-01-14 08:06:59] INFO: --------------------------------------------
[9427] [2025-01-14 08:06:59] INFO: Iteration 88/100
[9427] [2025-01-14 08:07:04] INFO: Acc: 58.00%
[9427] [2025-01-14 08:07:04] INFO: --------------------------------------------
[9427] [2025-01-14 08:07:04] INFO: Iteration 89/100
[9427] [2025-01-14 08:07:08] INFO: Acc: 63.07%
[9427] [2025-01-14 08:07:08] INFO: --------------------------------------------
[9427] [2025-01-14 08:07:08] INFO: Iteration 90/100
[9427] [2025-01-14 08:07:13] INFO: Acc: 61.43%
[9427] [2025-01-14 08:07:13] INFO: --------------------------------------------
[9427] [2025-01-14 08:07:13] INFO: Iteration 91/100
[9427] [2025-01-14 08:07:17] INFO: Acc: 66.60%
[9427] [2025-01-14 08:07:17] INFO: --------------------------------------------
[9427] [2025-01-14 08:07:17] INFO: Iteration 92/100
[9427] [2025-01-14 08:07:22] INFO: Acc: 67.43%
[9427] [2025-01-14 08:07:22] INFO: --------------------------------------------
[9427] [2025-01-14 08:07:22] INFO: Iteration 93/100
[9427] [2025-01-14 08:07:27] INFO: Acc: 65.17%
[9427] [2025-01-14 08:07:27] INFO: --------------------------------------------
[9427] [2025-01-14 08:07:27] INFO: Iteration 94/100
[9427] [2025-01-14 08:07:32] INFO: Acc: 61.13%
[9427] [2025-01-14 08:07:32] INFO: --------------------------------------------
[9427] [2025-01-14 08:07:32] INFO: Iteration 95/100
[9427] [2025-01-14 08:07:37] INFO: Acc: 61.30%
[9427] [2025-01-14 08:07:37] INFO: --------------------------------------------
[9427] [2025-01-14 08:07:37] INFO: Iteration 96/100
[9427] [2025-01-14 08:07:41] INFO: Acc: 62.43%
[9427] [2025-01-14 08:07:41] INFO: --------------------------------------------
[9427] [2025-01-14 08:07:41] INFO: Iteration 97/100
[9427] [2025-01-14 08:07:46] INFO: Acc: 64.77%
[9427] [2025-01-14 08:07:47] INFO: --------------------------------------------
[9427] [2025-01-14 08:07:47] INFO: Iteration 98/100
[9427] [2025-01-14 08:07:51] INFO: Acc: 56.80%
[9427] [2025-01-14 08:07:51] INFO: --------------------------------------------
[9427] [2025-01-14 08:07:51] INFO: Iteration 99/100
[9427] [2025-01-14 08:07:56] INFO: Acc: 65.83%
[9427] [2025-01-14 08:07:56] INFO: --------------------------------------------
[9427] [2025-01-14 08:07:56] INFO: Iteration 100/100
[9427] [2025-01-14 08:08:00] INFO: Acc: 63.83%
