[42229] [2025-01-16 10:23:14] INFO: ==> Running file: /autodl-fs/data/PythonProject/P3MC/downstream_knn.py
[42229] [2025-01-16 10:23:14] INFO: ==> Config: {'exp_name': 'CVTSLANet_KNN_ads-b-20_iq_PT_powerNorm_FT_powerNorm', 'exp_type': 'Downstream_random_rot', 'random_seed': 2024, 'platform': 'linux', 'device': 'cuda', 'iteration': 100, 'epoch': 100, 'dataset': {'name': 'ads-b-20', 'root': '~/Datasets/ADS-B', 'type': 'iq', 'normalize': 'power', 'train_batch_size': 30, 'test_batch_size': 30, 'ratio': 0.2, 'num_classes': 20, 'shot': 5, 'snr': None}, 'encoder': {'name': 'CVTSLANet', 'root': 'models/KANTSLANet2Feature.py', 'feature_dim': 1024, 'pretrain_path': './runs/Pretext_random_rot/CVTSLANet_ads-b_iq_powerNorm/best_encoder.pth', 'TSLA_config': {'seq_len': 4800, 'patch_size': 32, 'num_channels': 2, 'emb_dim': 256, 'depth': 3, 'dropout_rate': 0.3}}, 'classifier': {'name': 'knn', 'root': '', 'in_dim': 1024, 'ratio': 0.2, 'num_classes': 20}, 'optimizer': {'lr': 0.001, 'weight_decay': 0}, 'extra_info': '', 'exp_path': 'runs/Downstream_random_rot/CVTSLANet_KNN_ads-b-20_iq_PT_powerNorm_FT_powerNorm/5Shot/0116_102314', 'save_path': 'runs/Downstream_random_rot/CVTSLANet_KNN_ads-b-20_iq_PT_powerNorm_FT_powerNorm'}
[42229] [2025-01-16 10:23:14] INFO: --------------------------------------------
[42229] [2025-01-16 10:23:14] INFO: Iteration 1/100
[42229] [2025-01-16 10:23:18] INFO: Acc: 76.75%
[42229] [2025-01-16 10:23:18] INFO: --------------------------------------------
[42229] [2025-01-16 10:23:18] INFO: Iteration 2/100
[42229] [2025-01-16 10:23:24] INFO: Acc: 78.30%
[42229] [2025-01-16 10:23:24] INFO: --------------------------------------------
[42229] [2025-01-16 10:23:24] INFO: Iteration 3/100
[42229] [2025-01-16 10:23:29] INFO: Acc: 77.05%
[42229] [2025-01-16 10:23:29] INFO: --------------------------------------------
[42229] [2025-01-16 10:23:29] INFO: Iteration 4/100
[42229] [2025-01-16 10:23:34] INFO: Acc: 77.40%
[42229] [2025-01-16 10:23:34] INFO: --------------------------------------------
[42229] [2025-01-16 10:23:34] INFO: Iteration 5/100
[42229] [2025-01-16 10:23:39] INFO: Acc: 78.40%
[42229] [2025-01-16 10:23:39] INFO: --------------------------------------------
[42229] [2025-01-16 10:23:39] INFO: Iteration 6/100
[42229] [2025-01-16 10:23:44] INFO: Acc: 75.80%
[42229] [2025-01-16 10:23:44] INFO: --------------------------------------------
[42229] [2025-01-16 10:23:44] INFO: Iteration 7/100
[42229] [2025-01-16 10:23:50] INFO: Acc: 78.00%
[42229] [2025-01-16 10:23:50] INFO: --------------------------------------------
[42229] [2025-01-16 10:23:50] INFO: Iteration 8/100
[42229] [2025-01-16 10:23:55] INFO: Acc: 76.50%
[42229] [2025-01-16 10:23:55] INFO: --------------------------------------------
[42229] [2025-01-16 10:23:55] INFO: Iteration 9/100
[42229] [2025-01-16 10:24:00] INFO: Acc: 78.35%
[42229] [2025-01-16 10:24:00] INFO: --------------------------------------------
[42229] [2025-01-16 10:24:00] INFO: Iteration 10/100
[42229] [2025-01-16 10:24:05] INFO: Acc: 77.55%
[42229] [2025-01-16 10:24:05] INFO: --------------------------------------------
[42229] [2025-01-16 10:24:05] INFO: Iteration 11/100
[42229] [2025-01-16 10:24:10] INFO: Acc: 76.20%
[42229] [2025-01-16 10:24:10] INFO: --------------------------------------------
[42229] [2025-01-16 10:24:10] INFO: Iteration 12/100
[42229] [2025-01-16 10:24:15] INFO: Acc: 77.90%
[42229] [2025-01-16 10:24:15] INFO: --------------------------------------------
[42229] [2025-01-16 10:24:15] INFO: Iteration 13/100
[42229] [2025-01-16 10:24:20] INFO: Acc: 77.65%
[42229] [2025-01-16 10:24:20] INFO: --------------------------------------------
[42229] [2025-01-16 10:24:20] INFO: Iteration 14/100
[42229] [2025-01-16 10:24:25] INFO: Acc: 76.35%
[42229] [2025-01-16 10:24:25] INFO: --------------------------------------------
[42229] [2025-01-16 10:24:25] INFO: Iteration 15/100
[42229] [2025-01-16 10:24:30] INFO: Acc: 78.15%
[42229] [2025-01-16 10:24:30] INFO: --------------------------------------------
[42229] [2025-01-16 10:24:30] INFO: Iteration 16/100
[42229] [2025-01-16 10:24:34] INFO: Acc: 77.60%
[42229] [2025-01-16 10:24:34] INFO: --------------------------------------------
[42229] [2025-01-16 10:24:34] INFO: Iteration 17/100
[42229] [2025-01-16 10:24:39] INFO: Acc: 76.00%
[42229] [2025-01-16 10:24:39] INFO: --------------------------------------------
[42229] [2025-01-16 10:24:39] INFO: Iteration 18/100
[42229] [2025-01-16 10:24:44] INFO: Acc: 79.80%
[42229] [2025-01-16 10:24:44] INFO: --------------------------------------------
[42229] [2025-01-16 10:24:44] INFO: Iteration 19/100
[42229] [2025-01-16 10:24:48] INFO: Acc: 75.60%
[42229] [2025-01-16 10:24:48] INFO: --------------------------------------------
[42229] [2025-01-16 10:24:48] INFO: Iteration 20/100
[42229] [2025-01-16 10:24:53] INFO: Acc: 79.05%
[42229] [2025-01-16 10:24:53] INFO: --------------------------------------------
[42229] [2025-01-16 10:24:53] INFO: Iteration 21/100
[42229] [2025-01-16 10:24:59] INFO: Acc: 79.25%
[42229] [2025-01-16 10:24:59] INFO: --------------------------------------------
[42229] [2025-01-16 10:24:59] INFO: Iteration 22/100
[42229] [2025-01-16 10:25:04] INFO: Acc: 79.20%
[42229] [2025-01-16 10:25:04] INFO: --------------------------------------------
[42229] [2025-01-16 10:25:04] INFO: Iteration 23/100
[42229] [2025-01-16 10:25:09] INFO: Acc: 79.65%
[42229] [2025-01-16 10:25:09] INFO: --------------------------------------------
[42229] [2025-01-16 10:25:09] INFO: Iteration 24/100
[42229] [2025-01-16 10:25:14] INFO: Acc: 77.25%
[42229] [2025-01-16 10:25:14] INFO: --------------------------------------------
[42229] [2025-01-16 10:25:14] INFO: Iteration 25/100
[42229] [2025-01-16 10:25:19] INFO: Acc: 76.20%
[42229] [2025-01-16 10:25:19] INFO: --------------------------------------------
[42229] [2025-01-16 10:25:19] INFO: Iteration 26/100
[42229] [2025-01-16 10:25:24] INFO: Acc: 71.35%
[42229] [2025-01-16 10:25:24] INFO: --------------------------------------------
[42229] [2025-01-16 10:25:24] INFO: Iteration 27/100
[42229] [2025-01-16 10:25:28] INFO: Acc: 77.05%
[42229] [2025-01-16 10:25:28] INFO: --------------------------------------------
[42229] [2025-01-16 10:25:28] INFO: Iteration 28/100
[42229] [2025-01-16 10:25:33] INFO: Acc: 72.00%
[42229] [2025-01-16 10:25:33] INFO: --------------------------------------------
[42229] [2025-01-16 10:25:33] INFO: Iteration 29/100
[42229] [2025-01-16 10:25:37] INFO: Acc: 78.05%
[42229] [2025-01-16 10:25:37] INFO: --------------------------------------------
[42229] [2025-01-16 10:25:37] INFO: Iteration 30/100
[42229] [2025-01-16 10:25:42] INFO: Acc: 78.90%
[42229] [2025-01-16 10:25:42] INFO: --------------------------------------------
[42229] [2025-01-16 10:25:42] INFO: Iteration 31/100
[42229] [2025-01-16 10:25:47] INFO: Acc: 75.40%
[42229] [2025-01-16 10:25:47] INFO: --------------------------------------------
[42229] [2025-01-16 10:25:47] INFO: Iteration 32/100
[42229] [2025-01-16 10:25:52] INFO: Acc: 79.40%
[42229] [2025-01-16 10:25:52] INFO: --------------------------------------------
[42229] [2025-01-16 10:25:52] INFO: Iteration 33/100
[42229] [2025-01-16 10:25:58] INFO: Acc: 77.75%
[42229] [2025-01-16 10:25:58] INFO: --------------------------------------------
[42229] [2025-01-16 10:25:58] INFO: Iteration 34/100
[42229] [2025-01-16 10:26:03] INFO: Acc: 72.60%
[42229] [2025-01-16 10:26:03] INFO: --------------------------------------------
[42229] [2025-01-16 10:26:03] INFO: Iteration 35/100
[42229] [2025-01-16 10:26:08] INFO: Acc: 78.70%
[42229] [2025-01-16 10:26:08] INFO: --------------------------------------------
[42229] [2025-01-16 10:26:08] INFO: Iteration 36/100
[42229] [2025-01-16 10:26:13] INFO: Acc: 79.90%
[42229] [2025-01-16 10:26:13] INFO: --------------------------------------------
[42229] [2025-01-16 10:26:13] INFO: Iteration 37/100
[42229] [2025-01-16 10:26:18] INFO: Acc: 78.95%
[42229] [2025-01-16 10:26:18] INFO: --------------------------------------------
[42229] [2025-01-16 10:26:18] INFO: Iteration 38/100
[42229] [2025-01-16 10:26:23] INFO: Acc: 77.65%
[42229] [2025-01-16 10:26:23] INFO: --------------------------------------------
[42229] [2025-01-16 10:26:23] INFO: Iteration 39/100
[42229] [2025-01-16 10:26:28] INFO: Acc: 77.40%
[42229] [2025-01-16 10:26:28] INFO: --------------------------------------------
[42229] [2025-01-16 10:26:28] INFO: Iteration 40/100
[42229] [2025-01-16 10:26:33] INFO: Acc: 79.40%
[42229] [2025-01-16 10:26:33] INFO: --------------------------------------------
[42229] [2025-01-16 10:26:33] INFO: Iteration 41/100
[42229] [2025-01-16 10:26:37] INFO: Acc: 80.95%
[42229] [2025-01-16 10:26:37] INFO: --------------------------------------------
[42229] [2025-01-16 10:26:37] INFO: Iteration 42/100
[42229] [2025-01-16 10:26:42] INFO: Acc: 77.05%
[42229] [2025-01-16 10:26:42] INFO: --------------------------------------------
[42229] [2025-01-16 10:26:42] INFO: Iteration 43/100
[42229] [2025-01-16 10:26:47] INFO: Acc: 79.85%
[42229] [2025-01-16 10:26:47] INFO: --------------------------------------------
[42229] [2025-01-16 10:26:47] INFO: Iteration 44/100
[42229] [2025-01-16 10:26:52] INFO: Acc: 77.70%
[42229] [2025-01-16 10:26:52] INFO: --------------------------------------------
[42229] [2025-01-16 10:26:52] INFO: Iteration 45/100
[42229] [2025-01-16 10:26:58] INFO: Acc: 74.25%
[42229] [2025-01-16 10:26:58] INFO: --------------------------------------------
[42229] [2025-01-16 10:26:58] INFO: Iteration 46/100
[42229] [2025-01-16 10:27:03] INFO: Acc: 80.70%
[42229] [2025-01-16 10:27:03] INFO: --------------------------------------------
[42229] [2025-01-16 10:27:03] INFO: Iteration 47/100
[42229] [2025-01-16 10:27:08] INFO: Acc: 78.25%
[42229] [2025-01-16 10:27:08] INFO: --------------------------------------------
[42229] [2025-01-16 10:27:08] INFO: Iteration 48/100
[42229] [2025-01-16 10:27:13] INFO: Acc: 79.70%
[42229] [2025-01-16 10:27:13] INFO: --------------------------------------------
[42229] [2025-01-16 10:27:13] INFO: Iteration 49/100
[42229] [2025-01-16 10:27:17] INFO: Acc: 75.60%
[42229] [2025-01-16 10:27:17] INFO: --------------------------------------------
[42229] [2025-01-16 10:27:17] INFO: Iteration 50/100
[42229] [2025-01-16 10:27:22] INFO: Acc: 76.70%
[42229] [2025-01-16 10:27:22] INFO: --------------------------------------------
[42229] [2025-01-16 10:27:22] INFO: Iteration 51/100
[42229] [2025-01-16 10:27:27] INFO: Acc: 75.90%
[42229] [2025-01-16 10:27:27] INFO: --------------------------------------------
[42229] [2025-01-16 10:27:27] INFO: Iteration 52/100
[42229] [2025-01-16 10:27:33] INFO: Acc: 78.50%
[42229] [2025-01-16 10:27:33] INFO: --------------------------------------------
[42229] [2025-01-16 10:27:33] INFO: Iteration 53/100
[42229] [2025-01-16 10:27:38] INFO: Acc: 79.75%
[42229] [2025-01-16 10:27:38] INFO: --------------------------------------------
[42229] [2025-01-16 10:27:38] INFO: Iteration 54/100
[42229] [2025-01-16 10:27:42] INFO: Acc: 79.55%
[42229] [2025-01-16 10:27:42] INFO: --------------------------------------------
[42229] [2025-01-16 10:27:42] INFO: Iteration 55/100
[42229] [2025-01-16 10:27:47] INFO: Acc: 75.95%
[42229] [2025-01-16 10:27:47] INFO: --------------------------------------------
[42229] [2025-01-16 10:27:47] INFO: Iteration 56/100
[42229] [2025-01-16 10:27:52] INFO: Acc: 75.35%
[42229] [2025-01-16 10:27:52] INFO: --------------------------------------------
[42229] [2025-01-16 10:27:52] INFO: Iteration 57/100
[42229] [2025-01-16 10:27:56] INFO: Acc: 78.25%
[42229] [2025-01-16 10:27:56] INFO: --------------------------------------------
[42229] [2025-01-16 10:27:56] INFO: Iteration 58/100
[42229] [2025-01-16 10:28:01] INFO: Acc: 79.00%
[42229] [2025-01-16 10:28:02] INFO: --------------------------------------------
[42229] [2025-01-16 10:28:02] INFO: Iteration 59/100
[42229] [2025-01-16 10:28:07] INFO: Acc: 75.00%
[42229] [2025-01-16 10:28:07] INFO: --------------------------------------------
[42229] [2025-01-16 10:28:07] INFO: Iteration 60/100
[42229] [2025-01-16 10:28:12] INFO: Acc: 76.35%
[42229] [2025-01-16 10:28:12] INFO: --------------------------------------------
[42229] [2025-01-16 10:28:12] INFO: Iteration 61/100
[42229] [2025-01-16 10:28:17] INFO: Acc: 77.60%
[42229] [2025-01-16 10:28:17] INFO: --------------------------------------------
[42229] [2025-01-16 10:28:17] INFO: Iteration 62/100
[42229] [2025-01-16 10:28:21] INFO: Acc: 79.20%
[42229] [2025-01-16 10:28:21] INFO: --------------------------------------------
[42229] [2025-01-16 10:28:21] INFO: Iteration 63/100
[42229] [2025-01-16 10:28:26] INFO: Acc: 78.00%
[42229] [2025-01-16 10:28:26] INFO: --------------------------------------------
[42229] [2025-01-16 10:28:26] INFO: Iteration 64/100
[42229] [2025-01-16 10:28:31] INFO: Acc: 78.65%
[42229] [2025-01-16 10:28:31] INFO: --------------------------------------------
[42229] [2025-01-16 10:28:31] INFO: Iteration 65/100
[42229] [2025-01-16 10:28:36] INFO: Acc: 74.75%
[42229] [2025-01-16 10:28:36] INFO: --------------------------------------------
[42229] [2025-01-16 10:28:36] INFO: Iteration 66/100
[42229] [2025-01-16 10:28:41] INFO: Acc: 79.15%
[42229] [2025-01-16 10:28:41] INFO: --------------------------------------------
[42229] [2025-01-16 10:28:41] INFO: Iteration 67/100
[42229] [2025-01-16 10:28:46] INFO: Acc: 77.95%
[42229] [2025-01-16 10:28:46] INFO: --------------------------------------------
[42229] [2025-01-16 10:28:46] INFO: Iteration 68/100
[42229] [2025-01-16 10:28:51] INFO: Acc: 80.05%
[42229] [2025-01-16 10:28:51] INFO: --------------------------------------------
[42229] [2025-01-16 10:28:51] INFO: Iteration 69/100
[42229] [2025-01-16 10:28:56] INFO: Acc: 78.05%
[42229] [2025-01-16 10:28:56] INFO: --------------------------------------------
[42229] [2025-01-16 10:28:56] INFO: Iteration 70/100
[42229] [2025-01-16 10:29:00] INFO: Acc: 78.30%
[42229] [2025-01-16 10:29:00] INFO: --------------------------------------------
[42229] [2025-01-16 10:29:00] INFO: Iteration 71/100
[42229] [2025-01-16 10:29:06] INFO: Acc: 75.95%
[42229] [2025-01-16 10:29:06] INFO: --------------------------------------------
[42229] [2025-01-16 10:29:06] INFO: Iteration 72/100
[42229] [2025-01-16 10:29:11] INFO: Acc: 80.90%
[42229] [2025-01-16 10:29:11] INFO: --------------------------------------------
[42229] [2025-01-16 10:29:11] INFO: Iteration 73/100
[42229] [2025-01-16 10:29:17] INFO: Acc: 77.85%
[42229] [2025-01-16 10:29:17] INFO: --------------------------------------------
[42229] [2025-01-16 10:29:17] INFO: Iteration 74/100
[42229] [2025-01-16 10:29:22] INFO: Acc: 76.55%
[42229] [2025-01-16 10:29:22] INFO: --------------------------------------------
[42229] [2025-01-16 10:29:22] INFO: Iteration 75/100
[42229] [2025-01-16 10:29:28] INFO: Acc: 73.75%
[42229] [2025-01-16 10:29:28] INFO: --------------------------------------------
[42229] [2025-01-16 10:29:28] INFO: Iteration 76/100
[42229] [2025-01-16 10:29:32] INFO: Acc: 77.70%
[42229] [2025-01-16 10:29:32] INFO: --------------------------------------------
[42229] [2025-01-16 10:29:32] INFO: Iteration 77/100
[42229] [2025-01-16 10:29:37] INFO: Acc: 75.40%
[42229] [2025-01-16 10:29:37] INFO: --------------------------------------------
[42229] [2025-01-16 10:29:37] INFO: Iteration 78/100
[42229] [2025-01-16 10:29:41] INFO: Acc: 75.65%
[42229] [2025-01-16 10:29:41] INFO: --------------------------------------------
[42229] [2025-01-16 10:29:41] INFO: Iteration 79/100
[42229] [2025-01-16 10:29:47] INFO: Acc: 76.80%
[42229] [2025-01-16 10:29:47] INFO: --------------------------------------------
[42229] [2025-01-16 10:29:47] INFO: Iteration 80/100
[42229] [2025-01-16 10:29:52] INFO: Acc: 76.20%
[42229] [2025-01-16 10:29:52] INFO: --------------------------------------------
[42229] [2025-01-16 10:29:52] INFO: Iteration 81/100
[42229] [2025-01-16 10:29:57] INFO: Acc: 83.20%
[42229] [2025-01-16 10:29:57] INFO: --------------------------------------------
[42229] [2025-01-16 10:29:57] INFO: Iteration 82/100
[42229] [2025-01-16 10:30:02] INFO: Acc: 82.25%
[42229] [2025-01-16 10:30:02] INFO: --------------------------------------------
[42229] [2025-01-16 10:30:02] INFO: Iteration 83/100
[42229] [2025-01-16 10:30:07] INFO: Acc: 75.70%
[42229] [2025-01-16 10:30:07] INFO: --------------------------------------------
[42229] [2025-01-16 10:30:07] INFO: Iteration 84/100
[42229] [2025-01-16 10:30:12] INFO: Acc: 78.60%
[42229] [2025-01-16 10:30:12] INFO: --------------------------------------------
[42229] [2025-01-16 10:30:12] INFO: Iteration 85/100
[42229] [2025-01-16 10:30:17] INFO: Acc: 78.15%
[42229] [2025-01-16 10:30:17] INFO: --------------------------------------------
[42229] [2025-01-16 10:30:17] INFO: Iteration 86/100
[42229] [2025-01-16 10:30:22] INFO: Acc: 76.90%
[42229] [2025-01-16 10:30:22] INFO: --------------------------------------------
[42229] [2025-01-16 10:30:22] INFO: Iteration 87/100
[42229] [2025-01-16 10:30:27] INFO: Acc: 75.70%
[42229] [2025-01-16 10:30:27] INFO: --------------------------------------------
[42229] [2025-01-16 10:30:27] INFO: Iteration 88/100
[42229] [2025-01-16 10:30:32] INFO: Acc: 78.75%
[42229] [2025-01-16 10:30:32] INFO: --------------------------------------------
[42229] [2025-01-16 10:30:32] INFO: Iteration 89/100
[42229] [2025-01-16 10:30:37] INFO: Acc: 76.05%
[42229] [2025-01-16 10:30:37] INFO: --------------------------------------------
[42229] [2025-01-16 10:30:37] INFO: Iteration 90/100
[42229] [2025-01-16 10:30:43] INFO: Acc: 78.30%
[42229] [2025-01-16 10:30:43] INFO: --------------------------------------------
[42229] [2025-01-16 10:30:43] INFO: Iteration 91/100
[42229] [2025-01-16 10:30:48] INFO: Acc: 77.95%
[42229] [2025-01-16 10:30:48] INFO: --------------------------------------------
[42229] [2025-01-16 10:30:48] INFO: Iteration 92/100
[42229] [2025-01-16 10:30:53] INFO: Acc: 76.15%
[42229] [2025-01-16 10:30:53] INFO: --------------------------------------------
[42229] [2025-01-16 10:30:53] INFO: Iteration 93/100
[42229] [2025-01-16 10:30:57] INFO: Acc: 80.40%
[42229] [2025-01-16 10:30:57] INFO: --------------------------------------------
[42229] [2025-01-16 10:30:57] INFO: Iteration 94/100
[42229] [2025-01-16 10:31:02] INFO: Acc: 78.45%
[42229] [2025-01-16 10:31:02] INFO: --------------------------------------------
[42229] [2025-01-16 10:31:02] INFO: Iteration 95/100
[42229] [2025-01-16 10:31:07] INFO: Acc: 77.75%
[42229] [2025-01-16 10:31:07] INFO: --------------------------------------------
[42229] [2025-01-16 10:31:07] INFO: Iteration 96/100
[42229] [2025-01-16 10:31:12] INFO: Acc: 78.30%
[42229] [2025-01-16 10:31:12] INFO: --------------------------------------------
[42229] [2025-01-16 10:31:12] INFO: Iteration 97/100
[42229] [2025-01-16 10:31:17] INFO: Acc: 75.85%
[42229] [2025-01-16 10:31:18] INFO: --------------------------------------------
[42229] [2025-01-16 10:31:18] INFO: Iteration 98/100
[42229] [2025-01-16 10:31:23] INFO: Acc: 76.20%
[42229] [2025-01-16 10:31:23] INFO: --------------------------------------------
[42229] [2025-01-16 10:31:23] INFO: Iteration 99/100
[42229] [2025-01-16 10:31:28] INFO: Acc: 76.55%
[42229] [2025-01-16 10:31:28] INFO: --------------------------------------------
[42229] [2025-01-16 10:31:28] INFO: Iteration 100/100
[42229] [2025-01-16 10:31:32] INFO: Acc: 76.20%
