[13937] [2025-01-14 08:02:11] INFO: ==> Running file: /autodl-fs/data/PythonProject/P3MC/downstream_knn.py
[13937] [2025-01-14 08:02:11] INFO: ==> Config: {'exp_name': 'CVTSLANet_KNN_ads-b_iq_PT_powerNorm_FT_powerNorm', 'exp_type': 'Downstream_random_rot', 'random_seed': 2024, 'platform': 'linux', 'device': 'cuda', 'iteration': 100, 'epoch': 100, 'dataset': {'name': 'ads-b', 'root': '~/Datasets/ADS-B', 'type': 'iq', 'normalize': 'power', 'train_batch_size': 30, 'test_batch_size': 30, 'ratio': 0.2, 'num_classes': 30, 'shot': 1, 'snr': None}, 'encoder': {'name': 'CVTSLANet', 'root': 'models/KANTSLANet2Feature.py', 'feature_dim': 1024, 'pretrain_path': './runs/Pretext_random_rot/CVTSLANet_ads-b_iq_powerNorm/best_encoder.pth', 'TSLA_config': {'seq_len': 4800, 'patch_size': 32, 'num_channels': 2, 'emb_dim': 256, 'depth': 3, 'dropout_rate': 0.3}}, 'classifier': {'name': 'knn', 'root': '', 'in_dim': 1024, 'ratio': 0.2, 'num_classes': 30}, 'optimizer': {'lr': 0.001, 'weight_decay': 0}, 'extra_info': '', 'exp_path': 'runs/Downstream_random_rot/CVTSLANet_KNN_ads-b_iq_PT_powerNorm_FT_powerNorm/1Shot/0114_080211', 'save_path': 'runs/Downstream_random_rot/CVTSLANet_KNN_ads-b_iq_PT_powerNorm_FT_powerNorm'}
[13937] [2025-01-14 08:02:11] INFO: --------------------------------------------
[13937] [2025-01-14 08:02:11] INFO: Iteration 1/100
[13937] [2025-01-14 08:02:21] INFO: Acc: 17.83%
[13937] [2025-01-14 08:02:21] INFO: --------------------------------------------
[13937] [2025-01-14 08:02:21] INFO: Iteration 2/100
[13937] [2025-01-14 08:02:24] INFO: Acc: 10.40%
[13937] [2025-01-14 08:02:25] INFO: --------------------------------------------
[13937] [2025-01-14 08:02:25] INFO: Iteration 3/100
[13937] [2025-01-14 08:02:27] INFO: Acc: 15.90%
[13937] [2025-01-14 08:02:27] INFO: --------------------------------------------
[13937] [2025-01-14 08:02:27] INFO: Iteration 4/100
[13937] [2025-01-14 08:02:30] INFO: Acc: 16.00%
[13937] [2025-01-14 08:02:30] INFO: --------------------------------------------
[13937] [2025-01-14 08:02:30] INFO: Iteration 5/100
[13937] [2025-01-14 08:02:33] INFO: Acc: 19.93%
[13937] [2025-01-14 08:02:33] INFO: --------------------------------------------
[13937] [2025-01-14 08:02:33] INFO: Iteration 6/100
[13937] [2025-01-14 08:02:36] INFO: Acc: 18.80%
[13937] [2025-01-14 08:02:36] INFO: --------------------------------------------
[13937] [2025-01-14 08:02:36] INFO: Iteration 7/100
[13937] [2025-01-14 08:02:39] INFO: Acc: 19.57%
[13937] [2025-01-14 08:02:39] INFO: --------------------------------------------
[13937] [2025-01-14 08:02:39] INFO: Iteration 8/100
[13937] [2025-01-14 08:02:42] INFO: Acc: 15.63%
[13937] [2025-01-14 08:02:42] INFO: --------------------------------------------
[13937] [2025-01-14 08:02:42] INFO: Iteration 9/100
[13937] [2025-01-14 08:02:45] INFO: Acc: 10.50%
[13937] [2025-01-14 08:02:45] INFO: --------------------------------------------
[13937] [2025-01-14 08:02:45] INFO: Iteration 10/100
[13937] [2025-01-14 08:02:49] INFO: Acc: 18.20%
[13937] [2025-01-14 08:02:49] INFO: --------------------------------------------
[13937] [2025-01-14 08:02:49] INFO: Iteration 11/100
[13937] [2025-01-14 08:02:52] INFO: Acc: 14.83%
[13937] [2025-01-14 08:02:52] INFO: --------------------------------------------
[13937] [2025-01-14 08:02:52] INFO: Iteration 12/100
[13937] [2025-01-14 08:02:55] INFO: Acc: 15.47%
[13937] [2025-01-14 08:02:55] INFO: --------------------------------------------
[13937] [2025-01-14 08:02:55] INFO: Iteration 13/100
[13937] [2025-01-14 08:02:58] INFO: Acc: 17.43%
[13937] [2025-01-14 08:02:58] INFO: --------------------------------------------
[13937] [2025-01-14 08:02:58] INFO: Iteration 14/100
[13937] [2025-01-14 08:03:01] INFO: Acc: 16.67%
[13937] [2025-01-14 08:03:01] INFO: --------------------------------------------
[13937] [2025-01-14 08:03:01] INFO: Iteration 15/100
[13937] [2025-01-14 08:03:04] INFO: Acc: 18.90%
[13937] [2025-01-14 08:03:04] INFO: --------------------------------------------
[13937] [2025-01-14 08:03:04] INFO: Iteration 16/100
[13937] [2025-01-14 08:03:07] INFO: Acc: 17.03%
[13937] [2025-01-14 08:03:07] INFO: --------------------------------------------
[13937] [2025-01-14 08:03:07] INFO: Iteration 17/100
[13937] [2025-01-14 08:03:10] INFO: Acc: 10.73%
[13937] [2025-01-14 08:03:10] INFO: --------------------------------------------
[13937] [2025-01-14 08:03:10] INFO: Iteration 18/100
[13937] [2025-01-14 08:03:14] INFO: Acc: 17.30%
[13937] [2025-01-14 08:03:14] INFO: --------------------------------------------
[13937] [2025-01-14 08:03:14] INFO: Iteration 19/100
[13937] [2025-01-14 08:03:17] INFO: Acc: 17.87%
[13937] [2025-01-14 08:03:17] INFO: --------------------------------------------
[13937] [2025-01-14 08:03:17] INFO: Iteration 20/100
[13937] [2025-01-14 08:03:21] INFO: Acc: 15.87%
[13937] [2025-01-14 08:03:21] INFO: --------------------------------------------
[13937] [2025-01-14 08:03:21] INFO: Iteration 21/100
[13937] [2025-01-14 08:03:24] INFO: Acc: 18.37%
[13937] [2025-01-14 08:03:24] INFO: --------------------------------------------
[13937] [2025-01-14 08:03:24] INFO: Iteration 22/100
[13937] [2025-01-14 08:03:28] INFO: Acc: 15.53%
[13937] [2025-01-14 08:03:28] INFO: --------------------------------------------
[13937] [2025-01-14 08:03:28] INFO: Iteration 23/100
[13937] [2025-01-14 08:03:31] INFO: Acc: 20.87%
[13937] [2025-01-14 08:03:31] INFO: --------------------------------------------
[13937] [2025-01-14 08:03:31] INFO: Iteration 24/100
[13937] [2025-01-14 08:03:34] INFO: Acc: 16.93%
[13937] [2025-01-14 08:03:34] INFO: --------------------------------------------
[13937] [2025-01-14 08:03:34] INFO: Iteration 25/100
[13937] [2025-01-14 08:03:38] INFO: Acc: 16.53%
[13937] [2025-01-14 08:03:38] INFO: --------------------------------------------
[13937] [2025-01-14 08:03:38] INFO: Iteration 26/100
[13937] [2025-01-14 08:03:42] INFO: Acc: 16.03%
[13937] [2025-01-14 08:03:42] INFO: --------------------------------------------
[13937] [2025-01-14 08:03:42] INFO: Iteration 27/100
[13937] [2025-01-14 08:03:45] INFO: Acc: 18.10%
[13937] [2025-01-14 08:03:45] INFO: --------------------------------------------
[13937] [2025-01-14 08:03:45] INFO: Iteration 28/100
[13937] [2025-01-14 08:03:49] INFO: Acc: 17.00%
[13937] [2025-01-14 08:03:49] INFO: --------------------------------------------
[13937] [2025-01-14 08:03:49] INFO: Iteration 29/100
[13937] [2025-01-14 08:03:52] INFO: Acc: 16.03%
[13937] [2025-01-14 08:03:52] INFO: --------------------------------------------
[13937] [2025-01-14 08:03:52] INFO: Iteration 30/100
[13937] [2025-01-14 08:03:55] INFO: Acc: 13.17%
[13937] [2025-01-14 08:03:55] INFO: --------------------------------------------
[13937] [2025-01-14 08:03:55] INFO: Iteration 31/100
[13937] [2025-01-14 08:03:59] INFO: Acc: 18.30%
[13937] [2025-01-14 08:03:59] INFO: --------------------------------------------
[13937] [2025-01-14 08:03:59] INFO: Iteration 32/100
[13937] [2025-01-14 08:04:02] INFO: Acc: 12.53%
[13937] [2025-01-14 08:04:02] INFO: --------------------------------------------
[13937] [2025-01-14 08:04:02] INFO: Iteration 33/100
[13937] [2025-01-14 08:04:05] INFO: Acc: 13.73%
[13937] [2025-01-14 08:04:05] INFO: --------------------------------------------
[13937] [2025-01-14 08:04:05] INFO: Iteration 34/100
[13937] [2025-01-14 08:04:08] INFO: Acc: 15.90%
[13937] [2025-01-14 08:04:08] INFO: --------------------------------------------
[13937] [2025-01-14 08:04:08] INFO: Iteration 35/100
[13937] [2025-01-14 08:04:12] INFO: Acc: 16.17%
[13937] [2025-01-14 08:04:12] INFO: --------------------------------------------
[13937] [2025-01-14 08:04:12] INFO: Iteration 36/100
[13937] [2025-01-14 08:04:16] INFO: Acc: 10.53%
[13937] [2025-01-14 08:04:16] INFO: --------------------------------------------
[13937] [2025-01-14 08:04:16] INFO: Iteration 37/100
[13937] [2025-01-14 08:04:20] INFO: Acc: 17.40%
[13937] [2025-01-14 08:04:20] INFO: --------------------------------------------
[13937] [2025-01-14 08:04:20] INFO: Iteration 38/100
[13937] [2025-01-14 08:04:24] INFO: Acc: 14.97%
[13937] [2025-01-14 08:04:24] INFO: --------------------------------------------
[13937] [2025-01-14 08:04:24] INFO: Iteration 39/100
[13937] [2025-01-14 08:04:28] INFO: Acc: 12.60%
[13937] [2025-01-14 08:04:28] INFO: --------------------------------------------
[13937] [2025-01-14 08:04:28] INFO: Iteration 40/100
[13937] [2025-01-14 08:04:33] INFO: Acc: 17.07%
[13937] [2025-01-14 08:04:33] INFO: --------------------------------------------
[13937] [2025-01-14 08:04:33] INFO: Iteration 41/100
[13937] [2025-01-14 08:04:38] INFO: Acc: 17.80%
[13937] [2025-01-14 08:04:38] INFO: --------------------------------------------
[13937] [2025-01-14 08:04:38] INFO: Iteration 42/100
[13937] [2025-01-14 08:04:43] INFO: Acc: 14.83%
[13937] [2025-01-14 08:04:43] INFO: --------------------------------------------
[13937] [2025-01-14 08:04:43] INFO: Iteration 43/100
[13937] [2025-01-14 08:04:47] INFO: Acc: 14.77%
[13937] [2025-01-14 08:04:47] INFO: --------------------------------------------
[13937] [2025-01-14 08:04:47] INFO: Iteration 44/100
[13937] [2025-01-14 08:04:52] INFO: Acc: 16.33%
[13937] [2025-01-14 08:04:52] INFO: --------------------------------------------
[13937] [2025-01-14 08:04:52] INFO: Iteration 45/100
[13937] [2025-01-14 08:04:56] INFO: Acc: 14.17%
[13937] [2025-01-14 08:04:57] INFO: --------------------------------------------
[13937] [2025-01-14 08:04:57] INFO: Iteration 46/100
[13937] [2025-01-14 08:05:00] INFO: Acc: 12.93%
[13937] [2025-01-14 08:05:00] INFO: --------------------------------------------
[13937] [2025-01-14 08:05:00] INFO: Iteration 47/100
[13937] [2025-01-14 08:05:04] INFO: Acc: 17.00%
[13937] [2025-01-14 08:05:04] INFO: --------------------------------------------
[13937] [2025-01-14 08:05:04] INFO: Iteration 48/100
[13937] [2025-01-14 08:05:08] INFO: Acc: 20.80%
[13937] [2025-01-14 08:05:08] INFO: --------------------------------------------
[13937] [2025-01-14 08:05:08] INFO: Iteration 49/100
[13937] [2025-01-14 08:05:11] INFO: Acc: 11.33%
[13937] [2025-01-14 08:05:11] INFO: --------------------------------------------
[13937] [2025-01-14 08:05:11] INFO: Iteration 50/100
[13937] [2025-01-14 08:05:16] INFO: Acc: 16.90%
[13937] [2025-01-14 08:05:16] INFO: --------------------------------------------
[13937] [2025-01-14 08:05:16] INFO: Iteration 51/100
[13937] [2025-01-14 08:05:20] INFO: Acc: 18.80%
[13937] [2025-01-14 08:05:20] INFO: --------------------------------------------
[13937] [2025-01-14 08:05:20] INFO: Iteration 52/100
[13937] [2025-01-14 08:05:25] INFO: Acc: 18.10%
[13937] [2025-01-14 08:05:25] INFO: --------------------------------------------
[13937] [2025-01-14 08:05:25] INFO: Iteration 53/100
[13937] [2025-01-14 08:05:30] INFO: Acc: 19.30%
[13937] [2025-01-14 08:05:30] INFO: --------------------------------------------
[13937] [2025-01-14 08:05:30] INFO: Iteration 54/100
[13937] [2025-01-14 08:05:33] INFO: Acc: 14.50%
[13937] [2025-01-14 08:05:33] INFO: --------------------------------------------
[13937] [2025-01-14 08:05:33] INFO: Iteration 55/100
[13937] [2025-01-14 08:05:37] INFO: Acc: 22.60%
[13937] [2025-01-14 08:05:37] INFO: --------------------------------------------
[13937] [2025-01-14 08:05:37] INFO: Iteration 56/100
[13937] [2025-01-14 08:05:41] INFO: Acc: 13.97%
[13937] [2025-01-14 08:05:41] INFO: --------------------------------------------
[13937] [2025-01-14 08:05:41] INFO: Iteration 57/100
[13937] [2025-01-14 08:05:45] INFO: Acc: 14.80%
[13937] [2025-01-14 08:05:45] INFO: --------------------------------------------
[13937] [2025-01-14 08:05:45] INFO: Iteration 58/100
[13937] [2025-01-14 08:05:49] INFO: Acc: 20.60%
[13937] [2025-01-14 08:05:49] INFO: --------------------------------------------
[13937] [2025-01-14 08:05:49] INFO: Iteration 59/100
[13937] [2025-01-14 08:05:53] INFO: Acc: 13.50%
[13937] [2025-01-14 08:05:53] INFO: --------------------------------------------
[13937] [2025-01-14 08:05:53] INFO: Iteration 60/100
[13937] [2025-01-14 08:05:56] INFO: Acc: 17.50%
[13937] [2025-01-14 08:05:56] INFO: --------------------------------------------
[13937] [2025-01-14 08:05:56] INFO: Iteration 61/100
[13937] [2025-01-14 08:06:01] INFO: Acc: 10.90%
[13937] [2025-01-14 08:06:01] INFO: --------------------------------------------
[13937] [2025-01-14 08:06:01] INFO: Iteration 62/100
[13937] [2025-01-14 08:06:05] INFO: Acc: 15.90%
[13937] [2025-01-14 08:06:06] INFO: --------------------------------------------
[13937] [2025-01-14 08:06:06] INFO: Iteration 63/100
[13937] [2025-01-14 08:06:10] INFO: Acc: 11.13%
[13937] [2025-01-14 08:06:10] INFO: --------------------------------------------
[13937] [2025-01-14 08:06:10] INFO: Iteration 64/100
[13937] [2025-01-14 08:06:15] INFO: Acc: 16.13%
[13937] [2025-01-14 08:06:16] INFO: --------------------------------------------
[13937] [2025-01-14 08:06:16] INFO: Iteration 65/100
[13937] [2025-01-14 08:06:19] INFO: Acc: 16.57%
[13937] [2025-01-14 08:06:19] INFO: --------------------------------------------
[13937] [2025-01-14 08:06:19] INFO: Iteration 66/100
[13937] [2025-01-14 08:06:23] INFO: Acc: 21.60%
[13937] [2025-01-14 08:06:23] INFO: --------------------------------------------
[13937] [2025-01-14 08:06:23] INFO: Iteration 67/100
[13937] [2025-01-14 08:06:27] INFO: Acc: 14.17%
[13937] [2025-01-14 08:06:27] INFO: --------------------------------------------
[13937] [2025-01-14 08:06:27] INFO: Iteration 68/100
[13937] [2025-01-14 08:06:31] INFO: Acc: 14.30%
[13937] [2025-01-14 08:06:31] INFO: --------------------------------------------
[13937] [2025-01-14 08:06:31] INFO: Iteration 69/100
[13937] [2025-01-14 08:06:36] INFO: Acc: 15.27%
[13937] [2025-01-14 08:06:36] INFO: --------------------------------------------
[13937] [2025-01-14 08:06:36] INFO: Iteration 70/100
[13937] [2025-01-14 08:06:40] INFO: Acc: 13.60%
[13937] [2025-01-14 08:06:40] INFO: --------------------------------------------
[13937] [2025-01-14 08:06:40] INFO: Iteration 71/100
[13937] [2025-01-14 08:06:45] INFO: Acc: 16.23%
[13937] [2025-01-14 08:06:45] INFO: --------------------------------------------
[13937] [2025-01-14 08:06:45] INFO: Iteration 72/100
[13937] [2025-01-14 08:06:49] INFO: Acc: 16.80%
[13937] [2025-01-14 08:06:49] INFO: --------------------------------------------
[13937] [2025-01-14 08:06:49] INFO: Iteration 73/100
[13937] [2025-01-14 08:06:54] INFO: Acc: 13.57%
[13937] [2025-01-14 08:06:54] INFO: --------------------------------------------
[13937] [2025-01-14 08:06:54] INFO: Iteration 74/100
[13937] [2025-01-14 08:06:58] INFO: Acc: 14.03%
[13937] [2025-01-14 08:06:58] INFO: --------------------------------------------
[13937] [2025-01-14 08:06:58] INFO: Iteration 75/100
[13937] [2025-01-14 08:07:02] INFO: Acc: 16.43%
[13937] [2025-01-14 08:07:02] INFO: --------------------------------------------
[13937] [2025-01-14 08:07:02] INFO: Iteration 76/100
[13937] [2025-01-14 08:07:06] INFO: Acc: 16.33%
[13937] [2025-01-14 08:07:06] INFO: --------------------------------------------
[13937] [2025-01-14 08:07:06] INFO: Iteration 77/100
[13937] [2025-01-14 08:07:09] INFO: Acc: 12.47%
[13937] [2025-01-14 08:07:09] INFO: --------------------------------------------
[13937] [2025-01-14 08:07:09] INFO: Iteration 78/100
[13937] [2025-01-14 08:07:14] INFO: Acc: 18.67%
[13937] [2025-01-14 08:07:14] INFO: --------------------------------------------
[13937] [2025-01-14 08:07:14] INFO: Iteration 79/100
[13937] [2025-01-14 08:07:18] INFO: Acc: 16.23%
[13937] [2025-01-14 08:07:18] INFO: --------------------------------------------
[13937] [2025-01-14 08:07:18] INFO: Iteration 80/100
[13937] [2025-01-14 08:07:23] INFO: Acc: 14.83%
[13937] [2025-01-14 08:07:23] INFO: --------------------------------------------
[13937] [2025-01-14 08:07:23] INFO: Iteration 81/100
[13937] [2025-01-14 08:07:27] INFO: Acc: 16.17%
[13937] [2025-01-14 08:07:27] INFO: --------------------------------------------
[13937] [2025-01-14 08:07:27] INFO: Iteration 82/100
[13937] [2025-01-14 08:07:30] INFO: Acc: 13.57%
[13937] [2025-01-14 08:07:30] INFO: --------------------------------------------
[13937] [2025-01-14 08:07:30] INFO: Iteration 83/100
[13937] [2025-01-14 08:07:34] INFO: Acc: 12.57%
[13937] [2025-01-14 08:07:34] INFO: --------------------------------------------
[13937] [2025-01-14 08:07:34] INFO: Iteration 84/100
[13937] [2025-01-14 08:07:39] INFO: Acc: 13.23%
[13937] [2025-01-14 08:07:39] INFO: --------------------------------------------
[13937] [2025-01-14 08:07:39] INFO: Iteration 85/100
[13937] [2025-01-14 08:07:43] INFO: Acc: 17.33%
[13937] [2025-01-14 08:07:43] INFO: --------------------------------------------
[13937] [2025-01-14 08:07:43] INFO: Iteration 86/100
[13937] [2025-01-14 08:07:47] INFO: Acc: 13.90%
[13937] [2025-01-14 08:07:47] INFO: --------------------------------------------
[13937] [2025-01-14 08:07:47] INFO: Iteration 87/100
[13937] [2025-01-14 08:07:51] INFO: Acc: 12.53%
[13937] [2025-01-14 08:07:51] INFO: --------------------------------------------
[13937] [2025-01-14 08:07:51] INFO: Iteration 88/100
[13937] [2025-01-14 08:07:56] INFO: Acc: 17.43%
[13937] [2025-01-14 08:07:56] INFO: --------------------------------------------
[13937] [2025-01-14 08:07:56] INFO: Iteration 89/100
[13937] [2025-01-14 08:08:00] INFO: Acc: 15.20%
[13937] [2025-01-14 08:08:00] INFO: --------------------------------------------
[13937] [2025-01-14 08:08:00] INFO: Iteration 90/100
[13937] [2025-01-14 08:08:04] INFO: Acc: 13.30%
[13937] [2025-01-14 08:08:04] INFO: --------------------------------------------
[13937] [2025-01-14 08:08:04] INFO: Iteration 91/100
[13937] [2025-01-14 08:08:08] INFO: Acc: 12.53%
[13937] [2025-01-14 08:08:08] INFO: --------------------------------------------
[13937] [2025-01-14 08:08:08] INFO: Iteration 92/100
[13937] [2025-01-14 08:08:11] INFO: Acc: 15.33%
[13937] [2025-01-14 08:08:11] INFO: --------------------------------------------
[13937] [2025-01-14 08:08:11] INFO: Iteration 93/100
[13937] [2025-01-14 08:08:16] INFO: Acc: 16.73%
[13937] [2025-01-14 08:08:16] INFO: --------------------------------------------
[13937] [2025-01-14 08:08:16] INFO: Iteration 94/100
[13937] [2025-01-14 08:08:20] INFO: Acc: 15.47%
[13937] [2025-01-14 08:08:20] INFO: --------------------------------------------
[13937] [2025-01-14 08:08:20] INFO: Iteration 95/100
[13937] [2025-01-14 08:08:23] INFO: Acc: 12.30%
[13937] [2025-01-14 08:08:23] INFO: --------------------------------------------
[13937] [2025-01-14 08:08:23] INFO: Iteration 96/100
[13937] [2025-01-14 08:08:28] INFO: Acc: 16.50%
[13937] [2025-01-14 08:08:28] INFO: --------------------------------------------
[13937] [2025-01-14 08:08:28] INFO: Iteration 97/100
[13937] [2025-01-14 08:08:32] INFO: Acc: 13.90%
[13937] [2025-01-14 08:08:32] INFO: --------------------------------------------
[13937] [2025-01-14 08:08:32] INFO: Iteration 98/100
[13937] [2025-01-14 08:08:36] INFO: Acc: 11.70%
[13937] [2025-01-14 08:08:36] INFO: --------------------------------------------
[13937] [2025-01-14 08:08:36] INFO: Iteration 99/100
[13937] [2025-01-14 08:08:40] INFO: Acc: 21.83%
[13937] [2025-01-14 08:08:40] INFO: --------------------------------------------
[13937] [2025-01-14 08:08:40] INFO: Iteration 100/100
[13937] [2025-01-14 08:08:44] INFO: Acc: 19.30%
