[176494] [2025-01-16 13:35:22] INFO: ==> Running file: /autodl-fs/data/PythonProject/P3MC/downstream.py
[176494] [2025-01-16 13:35:22] INFO: ==> Config: {'exp_name': 'CVTSLANet_ads-b-10_iq_PT_powerNorm_FT_powerNorm', 'exp_type': 'Downstream_random_rot', 'random_seed': 2024, 'platform': 'linux', 'device': 'cuda', 'iteration': 100, 'epoch': 100, 'dataset': {'name': 'ads-b-10', 'root': '~/Datasets/ADS-B', 'type': 'iq', 'normalize': 'power', 'train_batch_size': 30, 'test_batch_size': 30, 'ratio': 0.2, 'num_classes': 10, 'shot': 5, 'snr': None}, 'encoder': {'name': 'CVTSLANet', 'root': 'models/KANTSLANet2Feature.py', 'feature_dim': 1024, 'pretrain_path': './runs/Pretext_random_rot/CVTSLANet_ads-b_iq_powerNorm/best_encoder.pth', 'TSLA_config': {'seq_len': 4800, 'patch_size': 32, 'num_channels': 2, 'emb_dim': 256, 'depth': 3, 'dropout_rate': 0.3}}, 'classifier': {'name': 'linear', 'root': 'models/LinearClassifier.py', 'in_dim': 1024, 'ratio': 0.2, 'num_classes': 10}, 'optimizer': {'lr': 0.001, 'weight_decay': 0}, 'extra_info': '', 'exp_path': 'runs/Downstream_random_rot/CVTSLANet_ads-b-10_iq_PT_powerNorm_FT_powerNorm/5Shot/0116_133522', 'save_path': 'runs/Downstream_random_rot/CVTSLANet_ads-b-10_iq_PT_powerNorm_FT_powerNorm'}
[176494] [2025-01-16 13:35:22] INFO: --------------------------------------------
[176494] [2025-01-16 13:35:22] INFO: Iteration 1/100
[176494] [2025-01-16 13:35:50] INFO: ==> Train Set: Acc: 100.00%, Loss: 0.00083815, Best model in epoch 99
[176494] [2025-01-16 13:35:52] INFO: ==> Test Set: Acc: 95.29%, Loss: 0.15882728
[176494] [2025-01-16 13:35:52] INFO: --------------------------------------------
[176494] [2025-01-16 13:35:52] INFO: Iteration 2/100
[176494] [2025-01-16 13:36:20] INFO: ==> Train Set: Acc: 100.00%, Loss: 0.00101123, Best model in epoch 89
[176494] [2025-01-16 13:36:22] INFO: ==> Test Set: Acc: 95.39%, Loss: 0.17948543
[176494] [2025-01-16 13:36:22] INFO: --------------------------------------------
[176494] [2025-01-16 13:36:22] INFO: Iteration 3/100
[176494] [2025-01-16 13:36:50] INFO: ==> Train Set: Acc: 100.00%, Loss: 0.00105230, Best model in epoch 90
[176494] [2025-01-16 13:36:52] INFO: ==> Test Set: Acc: 94.61%, Loss: 0.22583925
[176494] [2025-01-16 13:36:52] INFO: --------------------------------------------
[176494] [2025-01-16 13:36:52] INFO: Iteration 4/100
[176494] [2025-01-16 13:37:20] INFO: ==> Train Set: Acc: 100.00%, Loss: 0.00093785, Best model in epoch 91
[176494] [2025-01-16 13:37:22] INFO: ==> Test Set: Acc: 93.53%, Loss: 0.21084739
[176494] [2025-01-16 13:37:22] INFO: --------------------------------------------
[176494] [2025-01-16 13:37:22] INFO: Iteration 5/100
[176494] [2025-01-16 13:37:50] INFO: ==> Train Set: Acc: 100.00%, Loss: 0.00183470, Best model in epoch 73
[176494] [2025-01-16 13:37:52] INFO: ==> Test Set: Acc: 90.69%, Loss: 0.46729754
[176494] [2025-01-16 13:37:52] INFO: --------------------------------------------
[176494] [2025-01-16 13:37:52] INFO: Iteration 6/100
[176494] [2025-01-16 13:38:20] INFO: ==> Train Set: Acc: 100.00%, Loss: 0.00124035, Best model in epoch 99
[176494] [2025-01-16 13:38:21] INFO: ==> Test Set: Acc: 95.88%, Loss: 0.19091880
[176494] [2025-01-16 13:38:21] INFO: --------------------------------------------
[176494] [2025-01-16 13:38:21] INFO: Iteration 7/100
[176494] [2025-01-16 13:38:50] INFO: ==> Train Set: Acc: 100.00%, Loss: 0.00078610, Best model in epoch 96
[176494] [2025-01-16 13:38:51] INFO: ==> Test Set: Acc: 95.39%, Loss: 0.17783984
[176494] [2025-01-16 13:38:51] INFO: --------------------------------------------
[176494] [2025-01-16 13:38:51] INFO: Iteration 8/100
[176494] [2025-01-16 13:39:20] INFO: ==> Train Set: Acc: 100.00%, Loss: 0.00130168, Best model in epoch 76
[176494] [2025-01-16 13:39:22] INFO: ==> Test Set: Acc: 94.41%, Loss: 0.19046752
[176494] [2025-01-16 13:39:22] INFO: --------------------------------------------
[176494] [2025-01-16 13:39:22] INFO: Iteration 9/100
[176494] [2025-01-16 13:39:48] INFO: ==> Train Set: Acc: 100.00%, Loss: 0.00103849, Best model in epoch 90
[176494] [2025-01-16 13:39:50] INFO: ==> Test Set: Acc: 92.55%, Loss: 0.30415534
[176494] [2025-01-16 13:39:50] INFO: --------------------------------------------
[176494] [2025-01-16 13:39:50] INFO: Iteration 10/100
[176494] [2025-01-16 13:40:14] INFO: ==> Train Set: Acc: 100.00%, Loss: 0.00121560, Best model in epoch 98
[176494] [2025-01-16 13:40:16] INFO: ==> Test Set: Acc: 89.51%, Loss: 0.61450618
[176494] [2025-01-16 13:40:16] INFO: --------------------------------------------
[176494] [2025-01-16 13:40:16] INFO: Iteration 11/100
[176494] [2025-01-16 13:40:41] INFO: ==> Train Set: Acc: 100.00%, Loss: 0.00140586, Best model in epoch 87
[176494] [2025-01-16 13:40:42] INFO: ==> Test Set: Acc: 95.39%, Loss: 0.17807712
[176494] [2025-01-16 13:40:42] INFO: --------------------------------------------
[176494] [2025-01-16 13:40:42] INFO: Iteration 12/100
[176494] [2025-01-16 13:41:08] INFO: ==> Train Set: Acc: 100.00%, Loss: 0.00179996, Best model in epoch 81
[176494] [2025-01-16 13:41:09] INFO: ==> Test Set: Acc: 94.41%, Loss: 0.22063597
[176494] [2025-01-16 13:41:09] INFO: --------------------------------------------
[176494] [2025-01-16 13:41:09] INFO: Iteration 13/100
[176494] [2025-01-16 13:41:34] INFO: ==> Train Set: Acc: 100.00%, Loss: 0.00092891, Best model in epoch 92
[176494] [2025-01-16 13:41:36] INFO: ==> Test Set: Acc: 87.94%, Loss: 0.48750321
[176494] [2025-01-16 13:41:36] INFO: --------------------------------------------
[176494] [2025-01-16 13:41:36] INFO: Iteration 14/100
[176494] [2025-01-16 13:42:00] INFO: ==> Train Set: Acc: 100.00%, Loss: 0.00097812, Best model in epoch 77
[176494] [2025-01-16 13:42:02] INFO: ==> Test Set: Acc: 94.51%, Loss: 0.19618500
[176494] [2025-01-16 13:42:02] INFO: --------------------------------------------
[176494] [2025-01-16 13:42:02] INFO: Iteration 15/100
[176494] [2025-01-16 13:42:26] INFO: ==> Train Set: Acc: 100.00%, Loss: 0.00115583, Best model in epoch 97
[176494] [2025-01-16 13:42:27] INFO: ==> Test Set: Acc: 90.98%, Loss: 0.41191371
[176494] [2025-01-16 13:42:27] INFO: --------------------------------------------
[176494] [2025-01-16 13:42:27] INFO: Iteration 16/100
[176494] [2025-01-16 13:42:53] INFO: ==> Train Set: Acc: 100.00%, Loss: 0.00197527, Best model in epoch 98
[176494] [2025-01-16 13:42:54] INFO: ==> Test Set: Acc: 90.00%, Loss: 0.37065324
[176494] [2025-01-16 13:42:54] INFO: --------------------------------------------
[176494] [2025-01-16 13:42:54] INFO: Iteration 17/100
[176494] [2025-01-16 13:43:19] INFO: ==> Train Set: Acc: 100.00%, Loss: 0.00099971, Best model in epoch 89
[176494] [2025-01-16 13:43:21] INFO: ==> Test Set: Acc: 89.02%, Loss: 0.39948772
[176494] [2025-01-16 13:43:21] INFO: --------------------------------------------
[176494] [2025-01-16 13:43:21] INFO: Iteration 18/100
[176494] [2025-01-16 13:43:46] INFO: ==> Train Set: Acc: 100.00%, Loss: 0.00136610, Best model in epoch 98
[176494] [2025-01-16 13:43:48] INFO: ==> Test Set: Acc: 91.47%, Loss: 0.35811327
[176494] [2025-01-16 13:43:48] INFO: --------------------------------------------
[176494] [2025-01-16 13:43:48] INFO: Iteration 19/100
[176494] [2025-01-16 13:44:14] INFO: ==> Train Set: Acc: 100.00%, Loss: 0.00078980, Best model in epoch 98
[176494] [2025-01-16 13:44:16] INFO: ==> Test Set: Acc: 95.78%, Loss: 0.16496162
[176494] [2025-01-16 13:44:16] INFO: --------------------------------------------
[176494] [2025-01-16 13:44:16] INFO: Iteration 20/100
[176494] [2025-01-16 13:44:41] INFO: ==> Train Set: Acc: 100.00%, Loss: 0.00097650, Best model in epoch 97
[176494] [2025-01-16 13:44:43] INFO: ==> Test Set: Acc: 94.12%, Loss: 0.25885029
[176494] [2025-01-16 13:44:43] INFO: --------------------------------------------
[176494] [2025-01-16 13:44:43] INFO: Iteration 21/100
[176494] [2025-01-16 13:45:09] INFO: ==> Train Set: Acc: 100.00%, Loss: 0.00108372, Best model in epoch 84
[176494] [2025-01-16 13:45:10] INFO: ==> Test Set: Acc: 93.73%, Loss: 0.32607888
[176494] [2025-01-16 13:45:10] INFO: --------------------------------------------
[176494] [2025-01-16 13:45:10] INFO: Iteration 22/100
[176494] [2025-01-16 13:45:36] INFO: ==> Train Set: Acc: 100.00%, Loss: 0.00071931, Best model in epoch 96
[176494] [2025-01-16 13:45:38] INFO: ==> Test Set: Acc: 93.43%, Loss: 0.24149134
[176494] [2025-01-16 13:45:38] INFO: --------------------------------------------
[176494] [2025-01-16 13:45:38] INFO: Iteration 23/100
[176494] [2025-01-16 13:46:04] INFO: ==> Train Set: Acc: 100.00%, Loss: 0.00100633, Best model in epoch 93
[176494] [2025-01-16 13:46:05] INFO: ==> Test Set: Acc: 95.20%, Loss: 0.21174267
[176494] [2025-01-16 13:46:05] INFO: --------------------------------------------
[176494] [2025-01-16 13:46:05] INFO: Iteration 24/100
[176494] [2025-01-16 13:46:30] INFO: ==> Train Set: Acc: 100.00%, Loss: 0.00099301, Best model in epoch 98
[176494] [2025-01-16 13:46:32] INFO: ==> Test Set: Acc: 94.31%, Loss: 0.17183783
[176494] [2025-01-16 13:46:32] INFO: --------------------------------------------
[176494] [2025-01-16 13:46:32] INFO: Iteration 25/100
[176494] [2025-01-16 13:46:57] INFO: ==> Train Set: Acc: 100.00%, Loss: 0.00079013, Best model in epoch 85
[176494] [2025-01-16 13:46:59] INFO: ==> Test Set: Acc: 95.20%, Loss: 0.21614725
[176494] [2025-01-16 13:46:59] INFO: --------------------------------------------
[176494] [2025-01-16 13:46:59] INFO: Iteration 26/100
[176494] [2025-01-16 13:47:25] INFO: ==> Train Set: Acc: 100.00%, Loss: 0.00162700, Best model in epoch 60
[176494] [2025-01-16 13:47:26] INFO: ==> Test Set: Acc: 94.31%, Loss: 0.27601853
[176494] [2025-01-16 13:47:26] INFO: --------------------------------------------
[176494] [2025-01-16 13:47:26] INFO: Iteration 27/100
[176494] [2025-01-16 13:47:52] INFO: ==> Train Set: Acc: 100.00%, Loss: 0.00186031, Best model in epoch 69
[176494] [2025-01-16 13:47:54] INFO: ==> Test Set: Acc: 91.18%, Loss: 0.33128857
[176494] [2025-01-16 13:47:54] INFO: --------------------------------------------
[176494] [2025-01-16 13:47:54] INFO: Iteration 28/100
[176494] [2025-01-16 13:48:19] INFO: ==> Train Set: Acc: 100.00%, Loss: 0.00105146, Best model in epoch 90
[176494] [2025-01-16 13:48:21] INFO: ==> Test Set: Acc: 93.82%, Loss: 0.18555297
[176494] [2025-01-16 13:48:21] INFO: --------------------------------------------
[176494] [2025-01-16 13:48:21] INFO: Iteration 29/100
[176494] [2025-01-16 13:48:47] INFO: ==> Train Set: Acc: 100.00%, Loss: 0.00144436, Best model in epoch 98
[176494] [2025-01-16 13:48:48] INFO: ==> Test Set: Acc: 92.16%, Loss: 0.20819907
[176494] [2025-01-16 13:48:49] INFO: --------------------------------------------
[176494] [2025-01-16 13:48:49] INFO: Iteration 30/100
[176494] [2025-01-16 13:49:14] INFO: ==> Train Set: Acc: 100.00%, Loss: 0.00112377, Best model in epoch 98
[176494] [2025-01-16 13:49:16] INFO: ==> Test Set: Acc: 94.51%, Loss: 0.24354625
[176494] [2025-01-16 13:49:16] INFO: --------------------------------------------
[176494] [2025-01-16 13:49:16] INFO: Iteration 31/100
[176494] [2025-01-16 13:49:42] INFO: ==> Train Set: Acc: 100.00%, Loss: 0.00194781, Best model in epoch 73
[176494] [2025-01-16 13:49:44] INFO: ==> Test Set: Acc: 94.22%, Loss: 0.24300604
[176494] [2025-01-16 13:49:44] INFO: --------------------------------------------
[176494] [2025-01-16 13:49:44] INFO: Iteration 32/100
[176494] [2025-01-16 13:50:10] INFO: ==> Train Set: Acc: 100.00%, Loss: 0.00072626, Best model in epoch 95
[176494] [2025-01-16 13:50:12] INFO: ==> Test Set: Acc: 94.31%, Loss: 0.23489288
[176494] [2025-01-16 13:50:12] INFO: --------------------------------------------
[176494] [2025-01-16 13:50:12] INFO: Iteration 33/100
[176494] [2025-01-16 13:50:36] INFO: ==> Train Set: Acc: 100.00%, Loss: 0.00094354, Best model in epoch 74
[176494] [2025-01-16 13:50:38] INFO: ==> Test Set: Acc: 94.41%, Loss: 0.30062280
[176494] [2025-01-16 13:50:38] INFO: --------------------------------------------
[176494] [2025-01-16 13:50:38] INFO: Iteration 34/100
[176494] [2025-01-16 13:51:03] INFO: ==> Train Set: Acc: 100.00%, Loss: 0.00161049, Best model in epoch 81
[176494] [2025-01-16 13:51:05] INFO: ==> Test Set: Acc: 95.29%, Loss: 0.16871425
[176494] [2025-01-16 13:51:05] INFO: --------------------------------------------
[176494] [2025-01-16 13:51:05] INFO: Iteration 35/100
[176494] [2025-01-16 13:51:31] INFO: ==> Train Set: Acc: 100.00%, Loss: 0.00106867, Best model in epoch 99
[176494] [2025-01-16 13:51:33] INFO: ==> Test Set: Acc: 94.80%, Loss: 0.22624628
[176494] [2025-01-16 13:51:33] INFO: --------------------------------------------
[176494] [2025-01-16 13:51:33] INFO: Iteration 36/100
[176494] [2025-01-16 13:51:59] INFO: ==> Train Set: Acc: 100.00%, Loss: 0.00122902, Best model in epoch 94
[176494] [2025-01-16 13:52:00] INFO: ==> Test Set: Acc: 94.80%, Loss: 0.20436286
[176494] [2025-01-16 13:52:00] INFO: --------------------------------------------
[176494] [2025-01-16 13:52:00] INFO: Iteration 37/100
[176494] [2025-01-16 13:52:25] INFO: ==> Train Set: Acc: 100.00%, Loss: 0.00112270, Best model in epoch 94
[176494] [2025-01-16 13:52:27] INFO: ==> Test Set: Acc: 96.96%, Loss: 0.10971616
[176494] [2025-01-16 13:52:27] INFO: --------------------------------------------
[176494] [2025-01-16 13:52:27] INFO: Iteration 38/100
[176494] [2025-01-16 13:52:53] INFO: ==> Train Set: Acc: 100.00%, Loss: 0.00179592, Best model in epoch 92
[176494] [2025-01-16 13:52:55] INFO: ==> Test Set: Acc: 89.90%, Loss: 0.48432589
[176494] [2025-01-16 13:52:55] INFO: --------------------------------------------
[176494] [2025-01-16 13:52:55] INFO: Iteration 39/100
[176494] [2025-01-16 13:53:20] INFO: ==> Train Set: Acc: 100.00%, Loss: 0.00170269, Best model in epoch 96
[176494] [2025-01-16 13:53:22] INFO: ==> Test Set: Acc: 92.25%, Loss: 0.30629481
[176494] [2025-01-16 13:53:22] INFO: --------------------------------------------
[176494] [2025-01-16 13:53:22] INFO: Iteration 40/100
[176494] [2025-01-16 13:53:48] INFO: ==> Train Set: Acc: 100.00%, Loss: 0.00149639, Best model in epoch 74
[176494] [2025-01-16 13:53:50] INFO: ==> Test Set: Acc: 93.43%, Loss: 0.24014115
[176494] [2025-01-16 13:53:50] INFO: --------------------------------------------
[176494] [2025-01-16 13:53:50] INFO: Iteration 41/100
[176494] [2025-01-16 13:54:15] INFO: ==> Train Set: Acc: 100.00%, Loss: 0.00101505, Best model in epoch 98
[176494] [2025-01-16 13:54:17] INFO: ==> Test Set: Acc: 95.20%, Loss: 0.14191179
[176494] [2025-01-16 13:54:17] INFO: --------------------------------------------
[176494] [2025-01-16 13:54:17] INFO: Iteration 42/100
[176494] [2025-01-16 13:54:41] INFO: ==> Train Set: Acc: 100.00%, Loss: 0.00082550, Best model in epoch 95
[176494] [2025-01-16 13:54:43] INFO: ==> Test Set: Acc: 96.96%, Loss: 0.11087940
[176494] [2025-01-16 13:54:43] INFO: --------------------------------------------
[176494] [2025-01-16 13:54:43] INFO: Iteration 43/100
[176494] [2025-01-16 13:55:08] INFO: ==> Train Set: Acc: 100.00%, Loss: 0.00093585, Best model in epoch 85
[176494] [2025-01-16 13:55:10] INFO: ==> Test Set: Acc: 95.59%, Loss: 0.15967913
[176494] [2025-01-16 13:55:10] INFO: --------------------------------------------
[176494] [2025-01-16 13:55:10] INFO: Iteration 44/100
[176494] [2025-01-16 13:55:36] INFO: ==> Train Set: Acc: 100.00%, Loss: 0.00099209, Best model in epoch 99
[176494] [2025-01-16 13:55:38] INFO: ==> Test Set: Acc: 95.49%, Loss: 0.16924177
[176494] [2025-01-16 13:55:38] INFO: --------------------------------------------
[176494] [2025-01-16 13:55:38] INFO: Iteration 45/100
[176494] [2025-01-16 13:56:03] INFO: ==> Train Set: Acc: 100.00%, Loss: 0.00149427, Best model in epoch 95
[176494] [2025-01-16 13:56:05] INFO: ==> Test Set: Acc: 93.43%, Loss: 0.26275339
[176494] [2025-01-16 13:56:05] INFO: --------------------------------------------
[176494] [2025-01-16 13:56:05] INFO: Iteration 46/100
[176494] [2025-01-16 13:56:31] INFO: ==> Train Set: Acc: 100.00%, Loss: 0.00108019, Best model in epoch 68
[176494] [2025-01-16 13:56:32] INFO: ==> Test Set: Acc: 94.80%, Loss: 0.19580944
[176494] [2025-01-16 13:56:32] INFO: --------------------------------------------
[176494] [2025-01-16 13:56:32] INFO: Iteration 47/100
[176494] [2025-01-16 13:56:58] INFO: ==> Train Set: Acc: 100.00%, Loss: 0.00091912, Best model in epoch 88
[176494] [2025-01-16 13:56:59] INFO: ==> Test Set: Acc: 95.10%, Loss: 0.20174194
[176494] [2025-01-16 13:56:59] INFO: --------------------------------------------
[176494] [2025-01-16 13:56:59] INFO: Iteration 48/100
[176494] [2025-01-16 13:57:26] INFO: ==> Train Set: Acc: 100.00%, Loss: 0.00103240, Best model in epoch 83
[176494] [2025-01-16 13:57:27] INFO: ==> Test Set: Acc: 93.04%, Loss: 0.21671086
[176494] [2025-01-16 13:57:27] INFO: --------------------------------------------
[176494] [2025-01-16 13:57:27] INFO: Iteration 49/100
[176494] [2025-01-16 13:57:53] INFO: ==> Train Set: Acc: 100.00%, Loss: 0.00124346, Best model in epoch 95
[176494] [2025-01-16 13:57:54] INFO: ==> Test Set: Acc: 94.80%, Loss: 0.34270142
[176494] [2025-01-16 13:57:54] INFO: --------------------------------------------
[176494] [2025-01-16 13:57:54] INFO: Iteration 50/100
[176494] [2025-01-16 13:58:20] INFO: ==> Train Set: Acc: 100.00%, Loss: 0.00078641, Best model in epoch 96
[176494] [2025-01-16 13:58:22] INFO: ==> Test Set: Acc: 90.49%, Loss: 0.33115505
[176494] [2025-01-16 13:58:22] INFO: --------------------------------------------
[176494] [2025-01-16 13:58:22] INFO: Iteration 51/100
[176494] [2025-01-16 13:58:46] INFO: ==> Train Set: Acc: 100.00%, Loss: 0.00127655, Best model in epoch 92
[176494] [2025-01-16 13:58:47] INFO: ==> Test Set: Acc: 95.49%, Loss: 0.14733697
[176494] [2025-01-16 13:58:47] INFO: --------------------------------------------
[176494] [2025-01-16 13:58:47] INFO: Iteration 52/100
[176494] [2025-01-16 13:59:13] INFO: ==> Train Set: Acc: 100.00%, Loss: 0.00100099, Best model in epoch 99
[176494] [2025-01-16 13:59:15] INFO: ==> Test Set: Acc: 95.69%, Loss: 0.13799625
[176494] [2025-01-16 13:59:15] INFO: --------------------------------------------
[176494] [2025-01-16 13:59:15] INFO: Iteration 53/100
[176494] [2025-01-16 13:59:40] INFO: ==> Train Set: Acc: 100.00%, Loss: 0.00133623, Best model in epoch 75
[176494] [2025-01-16 13:59:42] INFO: ==> Test Set: Acc: 92.94%, Loss: 0.25722918
[176494] [2025-01-16 13:59:42] INFO: --------------------------------------------
[176494] [2025-01-16 13:59:42] INFO: Iteration 54/100
[176494] [2025-01-16 14:00:08] INFO: ==> Train Set: Acc: 100.00%, Loss: 0.00087241, Best model in epoch 90
[176494] [2025-01-16 14:00:09] INFO: ==> Test Set: Acc: 93.14%, Loss: 0.21542579
[176494] [2025-01-16 14:00:09] INFO: --------------------------------------------
[176494] [2025-01-16 14:00:09] INFO: Iteration 55/100
[176494] [2025-01-16 14:00:34] INFO: ==> Train Set: Acc: 100.00%, Loss: 0.00106981, Best model in epoch 98
[176494] [2025-01-16 14:00:35] INFO: ==> Test Set: Acc: 91.67%, Loss: 0.38754159
[176494] [2025-01-16 14:00:35] INFO: --------------------------------------------
[176494] [2025-01-16 14:00:35] INFO: Iteration 56/100
[176494] [2025-01-16 14:00:58] INFO: ==> Train Set: Acc: 100.00%, Loss: 0.00119534, Best model in epoch 87
[176494] [2025-01-16 14:01:00] INFO: ==> Test Set: Acc: 89.90%, Loss: 0.39426554
[176494] [2025-01-16 14:01:00] INFO: --------------------------------------------
[176494] [2025-01-16 14:01:00] INFO: Iteration 57/100
[176494] [2025-01-16 14:01:22] INFO: ==> Train Set: Acc: 100.00%, Loss: 0.00090515, Best model in epoch 99
[176494] [2025-01-16 14:01:24] INFO: ==> Test Set: Acc: 88.73%, Loss: 0.52118483
[176494] [2025-01-16 14:01:25] INFO: --------------------------------------------
[176494] [2025-01-16 14:01:25] INFO: Iteration 58/100
[176494] [2025-01-16 14:01:47] INFO: ==> Train Set: Acc: 100.00%, Loss: 0.00077672, Best model in epoch 99
[176494] [2025-01-16 14:01:49] INFO: ==> Test Set: Acc: 92.25%, Loss: 0.34550069
[176494] [2025-01-16 14:01:49] INFO: --------------------------------------------
[176494] [2025-01-16 14:01:49] INFO: Iteration 59/100
[176494] [2025-01-16 14:02:11] INFO: ==> Train Set: Acc: 100.00%, Loss: 0.00158974, Best model in epoch 64
[176494] [2025-01-16 14:02:12] INFO: ==> Test Set: Acc: 95.20%, Loss: 0.18970565
[176494] [2025-01-16 14:02:12] INFO: --------------------------------------------
[176494] [2025-01-16 14:02:12] INFO: Iteration 60/100
[176494] [2025-01-16 14:02:34] INFO: ==> Train Set: Acc: 100.00%, Loss: 0.00124073, Best model in epoch 98
[176494] [2025-01-16 14:02:36] INFO: ==> Test Set: Acc: 95.98%, Loss: 0.20247158
[176494] [2025-01-16 14:02:36] INFO: --------------------------------------------
[176494] [2025-01-16 14:02:36] INFO: Iteration 61/100
[176494] [2025-01-16 14:02:58] INFO: ==> Train Set: Acc: 100.00%, Loss: 0.00173473, Best model in epoch 90
[176494] [2025-01-16 14:03:00] INFO: ==> Test Set: Acc: 93.43%, Loss: 0.19917096
[176494] [2025-01-16 14:03:00] INFO: --------------------------------------------
[176494] [2025-01-16 14:03:00] INFO: Iteration 62/100
[176494] [2025-01-16 14:03:22] INFO: ==> Train Set: Acc: 100.00%, Loss: 0.00117421, Best model in epoch 95
[176494] [2025-01-16 14:03:24] INFO: ==> Test Set: Acc: 92.45%, Loss: 0.31181275
[176494] [2025-01-16 14:03:24] INFO: --------------------------------------------
[176494] [2025-01-16 14:03:24] INFO: Iteration 63/100
[176494] [2025-01-16 14:03:46] INFO: ==> Train Set: Acc: 100.00%, Loss: 0.00090885, Best model in epoch 97
[176494] [2025-01-16 14:03:48] INFO: ==> Test Set: Acc: 94.71%, Loss: 0.16705908
[176494] [2025-01-16 14:03:48] INFO: --------------------------------------------
[176494] [2025-01-16 14:03:48] INFO: Iteration 64/100
[176494] [2025-01-16 14:04:11] INFO: ==> Train Set: Acc: 100.00%, Loss: 0.00111460, Best model in epoch 77
[176494] [2025-01-16 14:04:12] INFO: ==> Test Set: Acc: 86.37%, Loss: 0.68928354
[176494] [2025-01-16 14:04:12] INFO: --------------------------------------------
[176494] [2025-01-16 14:04:12] INFO: Iteration 65/100
[176494] [2025-01-16 14:04:34] INFO: ==> Train Set: Acc: 100.00%, Loss: 0.00063812, Best model in epoch 96
[176494] [2025-01-16 14:04:36] INFO: ==> Test Set: Acc: 96.37%, Loss: 0.16659483
[176494] [2025-01-16 14:04:36] INFO: --------------------------------------------
[176494] [2025-01-16 14:04:36] INFO: Iteration 66/100
[176494] [2025-01-16 14:04:58] INFO: ==> Train Set: Acc: 100.00%, Loss: 0.00076476, Best model in epoch 99
[176494] [2025-01-16 14:05:00] INFO: ==> Test Set: Acc: 94.22%, Loss: 0.21530810
[176494] [2025-01-16 14:05:00] INFO: --------------------------------------------
[176494] [2025-01-16 14:05:00] INFO: Iteration 67/100
[176494] [2025-01-16 14:05:22] INFO: ==> Train Set: Acc: 100.00%, Loss: 0.00113798, Best model in epoch 97
[176494] [2025-01-16 14:05:24] INFO: ==> Test Set: Acc: 88.33%, Loss: 0.45004738
[176494] [2025-01-16 14:05:24] INFO: --------------------------------------------
[176494] [2025-01-16 14:05:24] INFO: Iteration 68/100
[176494] [2025-01-16 14:05:46] INFO: ==> Train Set: Acc: 100.00%, Loss: 0.00089375, Best model in epoch 98
[176494] [2025-01-16 14:05:48] INFO: ==> Test Set: Acc: 94.31%, Loss: 0.29210323
[176494] [2025-01-16 14:05:48] INFO: --------------------------------------------
[176494] [2025-01-16 14:05:48] INFO: Iteration 69/100
[176494] [2025-01-16 14:06:09] INFO: ==> Train Set: Acc: 100.00%, Loss: 0.00076872, Best model in epoch 93
[176494] [2025-01-16 14:06:10] INFO: ==> Test Set: Acc: 96.76%, Loss: 0.14369573
[176494] [2025-01-16 14:06:10] INFO: --------------------------------------------
[176494] [2025-01-16 14:06:10] INFO: Iteration 70/100
[176494] [2025-01-16 14:06:33] INFO: ==> Train Set: Acc: 100.00%, Loss: 0.00168204, Best model in epoch 78
[176494] [2025-01-16 14:06:34] INFO: ==> Test Set: Acc: 90.29%, Loss: 0.30664697
[176494] [2025-01-16 14:06:34] INFO: --------------------------------------------
[176494] [2025-01-16 14:06:34] INFO: Iteration 71/100
[176494] [2025-01-16 14:06:57] INFO: ==> Train Set: Acc: 100.00%, Loss: 0.00135359, Best model in epoch 99
[176494] [2025-01-16 14:06:58] INFO: ==> Test Set: Acc: 97.35%, Loss: 0.06642429
[176494] [2025-01-16 14:06:58] INFO: --------------------------------------------
[176494] [2025-01-16 14:06:58] INFO: Iteration 72/100
[176494] [2025-01-16 14:07:21] INFO: ==> Train Set: Acc: 100.00%, Loss: 0.00125108, Best model in epoch 56
[176494] [2025-01-16 14:07:23] INFO: ==> Test Set: Acc: 93.82%, Loss: 0.25907698
[176494] [2025-01-16 14:07:23] INFO: --------------------------------------------
[176494] [2025-01-16 14:07:23] INFO: Iteration 73/100
[176494] [2025-01-16 14:07:45] INFO: ==> Train Set: Acc: 100.00%, Loss: 0.00134792, Best model in epoch 89
[176494] [2025-01-16 14:07:47] INFO: ==> Test Set: Acc: 92.16%, Loss: 0.36687901
[176494] [2025-01-16 14:07:47] INFO: --------------------------------------------
[176494] [2025-01-16 14:07:47] INFO: Iteration 74/100
[176494] [2025-01-16 14:08:09] INFO: ==> Train Set: Acc: 100.00%, Loss: 0.00089321, Best model in epoch 98
[176494] [2025-01-16 14:08:11] INFO: ==> Test Set: Acc: 96.47%, Loss: 0.11092317
[176494] [2025-01-16 14:08:14] INFO: --------------------------------------------
[176494] [2025-01-16 14:08:14] INFO: Iteration 75/100
[176494] [2025-01-16 14:08:36] INFO: ==> Train Set: Acc: 100.00%, Loss: 0.00084601, Best model in epoch 99
[176494] [2025-01-16 14:08:38] INFO: ==> Test Set: Acc: 94.71%, Loss: 0.18210942
[176494] [2025-01-16 14:08:38] INFO: --------------------------------------------
[176494] [2025-01-16 14:08:38] INFO: Iteration 76/100
[176494] [2025-01-16 14:09:00] INFO: ==> Train Set: Acc: 100.00%, Loss: 0.00113009, Best model in epoch 91
[176494] [2025-01-16 14:09:01] INFO: ==> Test Set: Acc: 91.08%, Loss: 0.30169435
[176494] [2025-01-16 14:09:02] INFO: --------------------------------------------
[176494] [2025-01-16 14:09:02] INFO: Iteration 77/100
[176494] [2025-01-16 14:09:25] INFO: ==> Train Set: Acc: 100.00%, Loss: 0.00091748, Best model in epoch 90
[176494] [2025-01-16 14:09:26] INFO: ==> Test Set: Acc: 94.80%, Loss: 0.19499795
[176494] [2025-01-16 14:09:27] INFO: --------------------------------------------
[176494] [2025-01-16 14:09:27] INFO: Iteration 78/100
[176494] [2025-01-16 14:09:49] INFO: ==> Train Set: Acc: 100.00%, Loss: 0.00112628, Best model in epoch 84
[176494] [2025-01-16 14:09:50] INFO: ==> Test Set: Acc: 94.31%, Loss: 0.18906903
[176494] [2025-01-16 14:09:50] INFO: --------------------------------------------
[176494] [2025-01-16 14:09:50] INFO: Iteration 79/100
[176494] [2025-01-16 14:10:13] INFO: ==> Train Set: Acc: 100.00%, Loss: 0.00117294, Best model in epoch 94
[176494] [2025-01-16 14:10:14] INFO: ==> Test Set: Acc: 91.18%, Loss: 0.32551396
[176494] [2025-01-16 14:10:14] INFO: --------------------------------------------
[176494] [2025-01-16 14:10:14] INFO: Iteration 80/100
[176494] [2025-01-16 14:10:37] INFO: ==> Train Set: Acc: 100.00%, Loss: 0.00087949, Best model in epoch 99
[176494] [2025-01-16 14:10:38] INFO: ==> Test Set: Acc: 93.14%, Loss: 0.30801823
[176494] [2025-01-16 14:10:39] INFO: --------------------------------------------
[176494] [2025-01-16 14:10:39] INFO: Iteration 81/100
[176494] [2025-01-16 14:11:02] INFO: ==> Train Set: Acc: 100.00%, Loss: 0.00148066, Best model in epoch 99
[176494] [2025-01-16 14:11:03] INFO: ==> Test Set: Acc: 91.96%, Loss: 0.25631513
[176494] [2025-01-16 14:11:03] INFO: --------------------------------------------
[176494] [2025-01-16 14:11:03] INFO: Iteration 82/100
[176494] [2025-01-16 14:11:26] INFO: ==> Train Set: Acc: 100.00%, Loss: 0.00090400, Best model in epoch 94
[176494] [2025-01-16 14:11:27] INFO: ==> Test Set: Acc: 93.63%, Loss: 0.17054918
[176494] [2025-01-16 14:11:27] INFO: --------------------------------------------
[176494] [2025-01-16 14:11:27] INFO: Iteration 83/100
[176494] [2025-01-16 14:11:50] INFO: ==> Train Set: Acc: 100.00%, Loss: 0.00099343, Best model in epoch 97
[176494] [2025-01-16 14:11:51] INFO: ==> Test Set: Acc: 94.80%, Loss: 0.17855499
[176494] [2025-01-16 14:11:51] INFO: --------------------------------------------
[176494] [2025-01-16 14:11:51] INFO: Iteration 84/100
[176494] [2025-01-16 14:12:14] INFO: ==> Train Set: Acc: 100.00%, Loss: 0.00090915, Best model in epoch 99
[176494] [2025-01-16 14:12:15] INFO: ==> Test Set: Acc: 92.84%, Loss: 0.34110145
[176494] [2025-01-16 14:12:15] INFO: --------------------------------------------
[176494] [2025-01-16 14:12:15] INFO: Iteration 85/100
[176494] [2025-01-16 14:12:38] INFO: ==> Train Set: Acc: 100.00%, Loss: 0.00133073, Best model in epoch 65
[176494] [2025-01-16 14:12:39] INFO: ==> Test Set: Acc: 87.16%, Loss: 0.50803440
[176494] [2025-01-16 14:12:39] INFO: --------------------------------------------
[176494] [2025-01-16 14:12:39] INFO: Iteration 86/100
[176494] [2025-01-16 14:13:01] INFO: ==> Train Set: Acc: 100.00%, Loss: 0.00117904, Best model in epoch 74
[176494] [2025-01-16 14:13:03] INFO: ==> Test Set: Acc: 91.27%, Loss: 0.29644210
[176494] [2025-01-16 14:13:03] INFO: --------------------------------------------
[176494] [2025-01-16 14:13:03] INFO: Iteration 87/100
[176494] [2025-01-16 14:13:25] INFO: ==> Train Set: Acc: 100.00%, Loss: 0.00093377, Best model in epoch 99
[176494] [2025-01-16 14:13:26] INFO: ==> Test Set: Acc: 93.43%, Loss: 0.23482830
[176494] [2025-01-16 14:13:26] INFO: --------------------------------------------
[176494] [2025-01-16 14:13:26] INFO: Iteration 88/100
[176494] [2025-01-16 14:13:49] INFO: ==> Train Set: Acc: 100.00%, Loss: 0.00090667, Best model in epoch 86
[176494] [2025-01-16 14:13:50] INFO: ==> Test Set: Acc: 91.47%, Loss: 0.45163870
[176494] [2025-01-16 14:13:50] INFO: --------------------------------------------
[176494] [2025-01-16 14:13:50] INFO: Iteration 89/100
[176494] [2025-01-16 14:14:13] INFO: ==> Train Set: Acc: 100.00%, Loss: 0.00080769, Best model in epoch 96
[176494] [2025-01-16 14:14:14] INFO: ==> Test Set: Acc: 95.39%, Loss: 0.19347076
[176494] [2025-01-16 14:14:14] INFO: --------------------------------------------
[176494] [2025-01-16 14:14:14] INFO: Iteration 90/100
[176494] [2025-01-16 14:14:37] INFO: ==> Train Set: Acc: 100.00%, Loss: 0.00121341, Best model in epoch 77
[176494] [2025-01-16 14:14:38] INFO: ==> Test Set: Acc: 94.61%, Loss: 0.19721290
[176494] [2025-01-16 14:14:38] INFO: --------------------------------------------
[176494] [2025-01-16 14:14:38] INFO: Iteration 91/100
[176494] [2025-01-16 14:15:01] INFO: ==> Train Set: Acc: 100.00%, Loss: 0.00102715, Best model in epoch 98
[176494] [2025-01-16 14:15:02] INFO: ==> Test Set: Acc: 94.31%, Loss: 0.35840567
[176494] [2025-01-16 14:15:02] INFO: --------------------------------------------
[176494] [2025-01-16 14:15:02] INFO: Iteration 92/100
[176494] [2025-01-16 14:15:25] INFO: ==> Train Set: Acc: 100.00%, Loss: 0.00094588, Best model in epoch 90
[176494] [2025-01-16 14:15:26] INFO: ==> Test Set: Acc: 95.29%, Loss: 0.21014116
[176494] [2025-01-16 14:15:26] INFO: --------------------------------------------
[176494] [2025-01-16 14:15:26] INFO: Iteration 93/100
[176494] [2025-01-16 14:15:49] INFO: ==> Train Set: Acc: 100.00%, Loss: 0.00173051, Best model in epoch 98
[176494] [2025-01-16 14:15:50] INFO: ==> Test Set: Acc: 93.43%, Loss: 0.38891005
[176494] [2025-01-16 14:15:50] INFO: --------------------------------------------
[176494] [2025-01-16 14:15:50] INFO: Iteration 94/100
[176494] [2025-01-16 14:16:13] INFO: ==> Train Set: Acc: 100.00%, Loss: 0.00102309, Best model in epoch 93
[176494] [2025-01-16 14:16:14] INFO: ==> Test Set: Acc: 92.65%, Loss: 0.22250357
[176494] [2025-01-16 14:16:14] INFO: --------------------------------------------
[176494] [2025-01-16 14:16:14] INFO: Iteration 95/100
[176494] [2025-01-16 14:16:36] INFO: ==> Train Set: Acc: 100.00%, Loss: 0.00130482, Best model in epoch 76
[176494] [2025-01-16 14:16:38] INFO: ==> Test Set: Acc: 95.88%, Loss: 0.15656552
[176494] [2025-01-16 14:16:38] INFO: --------------------------------------------
[176494] [2025-01-16 14:16:38] INFO: Iteration 96/100
[176494] [2025-01-16 14:17:00] INFO: ==> Train Set: Acc: 100.00%, Loss: 0.00129611, Best model in epoch 98
[176494] [2025-01-16 14:17:01] INFO: ==> Test Set: Acc: 98.33%, Loss: 0.04453706
[176494] [2025-01-16 14:17:01] INFO: --------------------------------------------
[176494] [2025-01-16 14:17:01] INFO: Iteration 97/100
[176494] [2025-01-16 14:17:24] INFO: ==> Train Set: Acc: 100.00%, Loss: 0.00072791, Best model in epoch 88
[176494] [2025-01-16 14:17:25] INFO: ==> Test Set: Acc: 89.80%, Loss: 0.43451993
[176494] [2025-01-16 14:17:25] INFO: --------------------------------------------
[176494] [2025-01-16 14:17:25] INFO: Iteration 98/100
[176494] [2025-01-16 14:17:48] INFO: ==> Train Set: Acc: 100.00%, Loss: 0.00155113, Best model in epoch 98
[176494] [2025-01-16 14:17:49] INFO: ==> Test Set: Acc: 94.31%, Loss: 0.22541704
[176494] [2025-01-16 14:17:49] INFO: --------------------------------------------
[176494] [2025-01-16 14:17:49] INFO: Iteration 99/100
[176494] [2025-01-16 14:18:12] INFO: ==> Train Set: Acc: 100.00%, Loss: 0.00110792, Best model in epoch 93
[176494] [2025-01-16 14:18:14] INFO: ==> Test Set: Acc: 91.47%, Loss: 0.32020940
[176494] [2025-01-16 14:18:14] INFO: --------------------------------------------
[176494] [2025-01-16 14:18:14] INFO: Iteration 100/100
[176494] [2025-01-16 14:18:36] INFO: ==> Train Set: Acc: 100.00%, Loss: 0.00092821, Best model in epoch 99
[176494] [2025-01-16 14:18:38] INFO: ==> Test Set: Acc: 96.18%, Loss: 0.12198195
