[2190] [2025-01-16 10:10:38] INFO: ==> Running file: /autodl-fs/data/PythonProject/P3MC/downstream_lr.py
[2190] [2025-01-16 10:10:38] INFO: ==> Config: {'exp_name': 'CVTSLANet_LR_ads-b-20_iq_PT_powerNorm_FT_powerNorm', 'exp_type': 'Downstream_random_rot', 'random_seed': 2024, 'platform': 'linux', 'device': 'cuda', 'iteration': 100, 'epoch': 100, 'dataset': {'name': 'ads-b-20', 'root': '~/Datasets/ADS-B', 'type': 'iq', 'normalize': 'power', 'train_batch_size': 30, 'test_batch_size': 30, 'ratio': 0.2, 'num_classes': 20, 'shot': 1, 'snr': None}, 'encoder': {'name': 'CVTSLANet', 'root': 'models/KANTSLANet2Feature.py', 'feature_dim': 1024, 'pretrain_path': './runs/Pretext_random_rot/CVTSLANet_ads-b_iq_powerNorm/best_encoder.pth', 'TSLA_config': {'seq_len': 4800, 'patch_size': 32, 'num_channels': 2, 'emb_dim': 256, 'depth': 3, 'dropout_rate': 0.3}}, 'classifier': {'name': 'lr', 'root': '', 'in_dim': 1024, 'ratio': 0.2, 'num_classes': 20}, 'optimizer': {'lr': 0.001, 'weight_decay': 0}, 'extra_info': '', 'exp_path': 'runs/Downstream_random_rot/CVTSLANet_LR_ads-b-20_iq_PT_powerNorm_FT_powerNorm/1Shot/0116_101038', 'save_path': 'runs/Downstream_random_rot/CVTSLANet_LR_ads-b-20_iq_PT_powerNorm_FT_powerNorm'}
[2190] [2025-01-16 10:10:38] INFO: --------------------------------------------
[2190] [2025-01-16 10:10:38] INFO: Iteration 1/100
[2190] [2025-01-16 10:11:04] INFO: Acc: 69.85%
[2190] [2025-01-16 10:11:04] INFO: --------------------------------------------
[2190] [2025-01-16 10:11:04] INFO: Iteration 2/100
[2190] [2025-01-16 10:11:07] INFO: Acc: 69.20%
[2190] [2025-01-16 10:11:07] INFO: --------------------------------------------
[2190] [2025-01-16 10:11:07] INFO: Iteration 3/100
[2190] [2025-01-16 10:11:11] INFO: Acc: 68.25%
[2190] [2025-01-16 10:11:11] INFO: --------------------------------------------
[2190] [2025-01-16 10:11:11] INFO: Iteration 4/100
[2190] [2025-01-16 10:11:15] INFO: Acc: 70.70%
[2190] [2025-01-16 10:11:15] INFO: --------------------------------------------
[2190] [2025-01-16 10:11:15] INFO: Iteration 5/100
[2190] [2025-01-16 10:11:18] INFO: Acc: 64.15%
[2190] [2025-01-16 10:11:18] INFO: --------------------------------------------
[2190] [2025-01-16 10:11:18] INFO: Iteration 6/100
[2190] [2025-01-16 10:11:21] INFO: Acc: 63.30%
[2190] [2025-01-16 10:11:22] INFO: --------------------------------------------
[2190] [2025-01-16 10:11:22] INFO: Iteration 7/100
[2190] [2025-01-16 10:11:25] INFO: Acc: 65.35%
[2190] [2025-01-16 10:11:25] INFO: --------------------------------------------
[2190] [2025-01-16 10:11:25] INFO: Iteration 8/100
[2190] [2025-01-16 10:11:28] INFO: Acc: 59.50%
[2190] [2025-01-16 10:11:28] INFO: --------------------------------------------
[2190] [2025-01-16 10:11:28] INFO: Iteration 9/100
[2190] [2025-01-16 10:11:32] INFO: Acc: 70.30%
[2190] [2025-01-16 10:11:32] INFO: --------------------------------------------
[2190] [2025-01-16 10:11:32] INFO: Iteration 10/100
[2190] [2025-01-16 10:11:35] INFO: Acc: 72.85%
[2190] [2025-01-16 10:11:35] INFO: --------------------------------------------
[2190] [2025-01-16 10:11:35] INFO: Iteration 11/100
[2190] [2025-01-16 10:11:38] INFO: Acc: 66.45%
[2190] [2025-01-16 10:11:38] INFO: --------------------------------------------
[2190] [2025-01-16 10:11:38] INFO: Iteration 12/100
[2190] [2025-01-16 10:11:42] INFO: Acc: 64.20%
[2190] [2025-01-16 10:11:42] INFO: --------------------------------------------
[2190] [2025-01-16 10:11:42] INFO: Iteration 13/100
[2190] [2025-01-16 10:11:45] INFO: Acc: 67.20%
[2190] [2025-01-16 10:11:45] INFO: --------------------------------------------
[2190] [2025-01-16 10:11:45] INFO: Iteration 14/100
[2190] [2025-01-16 10:11:49] INFO: Acc: 67.45%
[2190] [2025-01-16 10:11:49] INFO: --------------------------------------------
[2190] [2025-01-16 10:11:49] INFO: Iteration 15/100
[2190] [2025-01-16 10:11:52] INFO: Acc: 63.35%
[2190] [2025-01-16 10:11:52] INFO: --------------------------------------------
[2190] [2025-01-16 10:11:52] INFO: Iteration 16/100
[2190] [2025-01-16 10:11:55] INFO: Acc: 65.80%
[2190] [2025-01-16 10:11:55] INFO: --------------------------------------------
[2190] [2025-01-16 10:11:55] INFO: Iteration 17/100
[2190] [2025-01-16 10:11:59] INFO: Acc: 72.00%
[2190] [2025-01-16 10:11:59] INFO: --------------------------------------------
[2190] [2025-01-16 10:11:59] INFO: Iteration 18/100
[2190] [2025-01-16 10:12:02] INFO: Acc: 70.25%
[2190] [2025-01-16 10:12:02] INFO: --------------------------------------------
[2190] [2025-01-16 10:12:02] INFO: Iteration 19/100
[2190] [2025-01-16 10:12:06] INFO: Acc: 67.70%
[2190] [2025-01-16 10:12:06] INFO: --------------------------------------------
[2190] [2025-01-16 10:12:06] INFO: Iteration 20/100
[2190] [2025-01-16 10:12:09] INFO: Acc: 66.10%
[2190] [2025-01-16 10:12:09] INFO: --------------------------------------------
[2190] [2025-01-16 10:12:09] INFO: Iteration 21/100
[2190] [2025-01-16 10:12:13] INFO: Acc: 74.30%
[2190] [2025-01-16 10:12:13] INFO: --------------------------------------------
[2190] [2025-01-16 10:12:13] INFO: Iteration 22/100
[2190] [2025-01-16 10:12:16] INFO: Acc: 59.25%
[2190] [2025-01-16 10:12:16] INFO: --------------------------------------------
[2190] [2025-01-16 10:12:16] INFO: Iteration 23/100
[2190] [2025-01-16 10:12:20] INFO: Acc: 73.15%
[2190] [2025-01-16 10:12:20] INFO: --------------------------------------------
[2190] [2025-01-16 10:12:20] INFO: Iteration 24/100
[2190] [2025-01-16 10:12:24] INFO: Acc: 63.55%
[2190] [2025-01-16 10:12:24] INFO: --------------------------------------------
[2190] [2025-01-16 10:12:24] INFO: Iteration 25/100
[2190] [2025-01-16 10:12:27] INFO: Acc: 70.45%
[2190] [2025-01-16 10:12:27] INFO: --------------------------------------------
[2190] [2025-01-16 10:12:27] INFO: Iteration 26/100
[2190] [2025-01-16 10:12:31] INFO: Acc: 66.45%
[2190] [2025-01-16 10:12:31] INFO: --------------------------------------------
[2190] [2025-01-16 10:12:31] INFO: Iteration 27/100
[2190] [2025-01-16 10:12:34] INFO: Acc: 69.65%
[2190] [2025-01-16 10:12:34] INFO: --------------------------------------------
[2190] [2025-01-16 10:12:34] INFO: Iteration 28/100
[2190] [2025-01-16 10:12:38] INFO: Acc: 67.60%
[2190] [2025-01-16 10:12:38] INFO: --------------------------------------------
[2190] [2025-01-16 10:12:38] INFO: Iteration 29/100
[2190] [2025-01-16 10:12:42] INFO: Acc: 70.05%
[2190] [2025-01-16 10:12:42] INFO: --------------------------------------------
[2190] [2025-01-16 10:12:42] INFO: Iteration 30/100
[2190] [2025-01-16 10:12:46] INFO: Acc: 66.45%
[2190] [2025-01-16 10:12:46] INFO: --------------------------------------------
[2190] [2025-01-16 10:12:46] INFO: Iteration 31/100
[2190] [2025-01-16 10:12:50] INFO: Acc: 75.60%
[2190] [2025-01-16 10:12:50] INFO: --------------------------------------------
[2190] [2025-01-16 10:12:50] INFO: Iteration 32/100
[2190] [2025-01-16 10:12:54] INFO: Acc: 68.55%
[2190] [2025-01-16 10:12:54] INFO: --------------------------------------------
[2190] [2025-01-16 10:12:54] INFO: Iteration 33/100
[2190] [2025-01-16 10:12:57] INFO: Acc: 70.25%
[2190] [2025-01-16 10:12:57] INFO: --------------------------------------------
[2190] [2025-01-16 10:12:57] INFO: Iteration 34/100
[2190] [2025-01-16 10:13:01] INFO: Acc: 71.35%
[2190] [2025-01-16 10:13:01] INFO: --------------------------------------------
[2190] [2025-01-16 10:13:01] INFO: Iteration 35/100
[2190] [2025-01-16 10:13:06] INFO: Acc: 73.90%
[2190] [2025-01-16 10:13:06] INFO: --------------------------------------------
[2190] [2025-01-16 10:13:06] INFO: Iteration 36/100
[2190] [2025-01-16 10:13:09] INFO: Acc: 69.20%
[2190] [2025-01-16 10:13:09] INFO: --------------------------------------------
[2190] [2025-01-16 10:13:09] INFO: Iteration 37/100
[2190] [2025-01-16 10:13:13] INFO: Acc: 71.10%
[2190] [2025-01-16 10:13:13] INFO: --------------------------------------------
[2190] [2025-01-16 10:13:13] INFO: Iteration 38/100
[2190] [2025-01-16 10:13:17] INFO: Acc: 73.05%
[2190] [2025-01-16 10:13:17] INFO: --------------------------------------------
[2190] [2025-01-16 10:13:17] INFO: Iteration 39/100
[2190] [2025-01-16 10:13:21] INFO: Acc: 66.80%
[2190] [2025-01-16 10:13:21] INFO: --------------------------------------------
[2190] [2025-01-16 10:13:21] INFO: Iteration 40/100
[2190] [2025-01-16 10:13:25] INFO: Acc: 65.15%
[2190] [2025-01-16 10:13:25] INFO: --------------------------------------------
[2190] [2025-01-16 10:13:25] INFO: Iteration 41/100
[2190] [2025-01-16 10:13:29] INFO: Acc: 67.25%
[2190] [2025-01-16 10:13:29] INFO: --------------------------------------------
[2190] [2025-01-16 10:13:29] INFO: Iteration 42/100
[2190] [2025-01-16 10:13:32] INFO: Acc: 70.10%
[2190] [2025-01-16 10:13:32] INFO: --------------------------------------------
[2190] [2025-01-16 10:13:32] INFO: Iteration 43/100
[2190] [2025-01-16 10:13:36] INFO: Acc: 73.10%
[2190] [2025-01-16 10:13:36] INFO: --------------------------------------------
[2190] [2025-01-16 10:13:36] INFO: Iteration 44/100
[2190] [2025-01-16 10:13:40] INFO: Acc: 69.25%
[2190] [2025-01-16 10:13:40] INFO: --------------------------------------------
[2190] [2025-01-16 10:13:40] INFO: Iteration 45/100
[2190] [2025-01-16 10:13:44] INFO: Acc: 70.85%
[2190] [2025-01-16 10:13:44] INFO: --------------------------------------------
[2190] [2025-01-16 10:13:44] INFO: Iteration 46/100
[2190] [2025-01-16 10:13:48] INFO: Acc: 68.40%
[2190] [2025-01-16 10:13:48] INFO: --------------------------------------------
[2190] [2025-01-16 10:13:48] INFO: Iteration 47/100
[2190] [2025-01-16 10:13:52] INFO: Acc: 69.90%
[2190] [2025-01-16 10:13:52] INFO: --------------------------------------------
[2190] [2025-01-16 10:13:52] INFO: Iteration 48/100
[2190] [2025-01-16 10:13:56] INFO: Acc: 65.30%
[2190] [2025-01-16 10:13:57] INFO: --------------------------------------------
[2190] [2025-01-16 10:13:57] INFO: Iteration 49/100
[2190] [2025-01-16 10:14:00] INFO: Acc: 72.00%
[2190] [2025-01-16 10:14:00] INFO: --------------------------------------------
[2190] [2025-01-16 10:14:00] INFO: Iteration 50/100
[2190] [2025-01-16 10:14:04] INFO: Acc: 75.85%
[2190] [2025-01-16 10:14:04] INFO: --------------------------------------------
[2190] [2025-01-16 10:14:04] INFO: Iteration 51/100
[2190] [2025-01-16 10:14:08] INFO: Acc: 66.35%
[2190] [2025-01-16 10:14:08] INFO: --------------------------------------------
[2190] [2025-01-16 10:14:08] INFO: Iteration 52/100
[2190] [2025-01-16 10:14:12] INFO: Acc: 61.95%
[2190] [2025-01-16 10:14:12] INFO: --------------------------------------------
[2190] [2025-01-16 10:14:12] INFO: Iteration 53/100
[2190] [2025-01-16 10:14:17] INFO: Acc: 69.35%
[2190] [2025-01-16 10:14:17] INFO: --------------------------------------------
[2190] [2025-01-16 10:14:17] INFO: Iteration 54/100
[2190] [2025-01-16 10:14:21] INFO: Acc: 69.05%
[2190] [2025-01-16 10:14:21] INFO: --------------------------------------------
[2190] [2025-01-16 10:14:21] INFO: Iteration 55/100
[2190] [2025-01-16 10:14:25] INFO: Acc: 63.65%
[2190] [2025-01-16 10:14:25] INFO: --------------------------------------------
[2190] [2025-01-16 10:14:25] INFO: Iteration 56/100
[2190] [2025-01-16 10:14:29] INFO: Acc: 74.20%
[2190] [2025-01-16 10:14:29] INFO: --------------------------------------------
[2190] [2025-01-16 10:14:29] INFO: Iteration 57/100
[2190] [2025-01-16 10:14:34] INFO: Acc: 74.20%
[2190] [2025-01-16 10:14:34] INFO: --------------------------------------------
[2190] [2025-01-16 10:14:34] INFO: Iteration 58/100
[2190] [2025-01-16 10:14:38] INFO: Acc: 68.30%
[2190] [2025-01-16 10:14:38] INFO: --------------------------------------------
[2190] [2025-01-16 10:14:38] INFO: Iteration 59/100
[2190] [2025-01-16 10:14:42] INFO: Acc: 69.30%
[2190] [2025-01-16 10:14:42] INFO: --------------------------------------------
[2190] [2025-01-16 10:14:42] INFO: Iteration 60/100
[2190] [2025-01-16 10:14:47] INFO: Acc: 66.00%
[2190] [2025-01-16 10:14:47] INFO: --------------------------------------------
[2190] [2025-01-16 10:14:47] INFO: Iteration 61/100
[2190] [2025-01-16 10:14:51] INFO: Acc: 72.45%
[2190] [2025-01-16 10:14:51] INFO: --------------------------------------------
[2190] [2025-01-16 10:14:51] INFO: Iteration 62/100
[2190] [2025-01-16 10:14:56] INFO: Acc: 74.20%
[2190] [2025-01-16 10:14:56] INFO: --------------------------------------------
[2190] [2025-01-16 10:14:56] INFO: Iteration 63/100
[2190] [2025-01-16 10:15:00] INFO: Acc: 73.85%
[2190] [2025-01-16 10:15:00] INFO: --------------------------------------------
[2190] [2025-01-16 10:15:00] INFO: Iteration 64/100
[2190] [2025-01-16 10:15:04] INFO: Acc: 70.50%
[2190] [2025-01-16 10:15:04] INFO: --------------------------------------------
[2190] [2025-01-16 10:15:04] INFO: Iteration 65/100
[2190] [2025-01-16 10:15:09] INFO: Acc: 74.00%
[2190] [2025-01-16 10:15:09] INFO: --------------------------------------------
[2190] [2025-01-16 10:15:09] INFO: Iteration 66/100
[2190] [2025-01-16 10:15:13] INFO: Acc: 71.10%
[2190] [2025-01-16 10:15:13] INFO: --------------------------------------------
[2190] [2025-01-16 10:15:13] INFO: Iteration 67/100
[2190] [2025-01-16 10:15:18] INFO: Acc: 67.45%
[2190] [2025-01-16 10:15:18] INFO: --------------------------------------------
[2190] [2025-01-16 10:15:18] INFO: Iteration 68/100
[2190] [2025-01-16 10:15:23] INFO: Acc: 67.50%
[2190] [2025-01-16 10:15:23] INFO: --------------------------------------------
[2190] [2025-01-16 10:15:23] INFO: Iteration 69/100
[2190] [2025-01-16 10:15:27] INFO: Acc: 69.70%
[2190] [2025-01-16 10:15:27] INFO: --------------------------------------------
[2190] [2025-01-16 10:15:27] INFO: Iteration 70/100
[2190] [2025-01-16 10:15:32] INFO: Acc: 69.15%
[2190] [2025-01-16 10:15:33] INFO: --------------------------------------------
[2190] [2025-01-16 10:15:33] INFO: Iteration 71/100
[2190] [2025-01-16 10:15:38] INFO: Acc: 67.40%
[2190] [2025-01-16 10:15:38] INFO: --------------------------------------------
[2190] [2025-01-16 10:15:38] INFO: Iteration 72/100
[2190] [2025-01-16 10:15:42] INFO: Acc: 70.05%
[2190] [2025-01-16 10:15:42] INFO: --------------------------------------------
[2190] [2025-01-16 10:15:42] INFO: Iteration 73/100
[2190] [2025-01-16 10:15:47] INFO: Acc: 71.60%
[2190] [2025-01-16 10:15:47] INFO: --------------------------------------------
[2190] [2025-01-16 10:15:47] INFO: Iteration 74/100
[2190] [2025-01-16 10:15:52] INFO: Acc: 68.95%
[2190] [2025-01-16 10:15:52] INFO: --------------------------------------------
[2190] [2025-01-16 10:15:52] INFO: Iteration 75/100
[2190] [2025-01-16 10:15:57] INFO: Acc: 65.40%
[2190] [2025-01-16 10:15:57] INFO: --------------------------------------------
[2190] [2025-01-16 10:15:57] INFO: Iteration 76/100
[2190] [2025-01-16 10:16:01] INFO: Acc: 65.45%
[2190] [2025-01-16 10:16:01] INFO: --------------------------------------------
[2190] [2025-01-16 10:16:01] INFO: Iteration 77/100
[2190] [2025-01-16 10:16:06] INFO: Acc: 64.00%
[2190] [2025-01-16 10:16:06] INFO: --------------------------------------------
[2190] [2025-01-16 10:16:06] INFO: Iteration 78/100
[2190] [2025-01-16 10:16:11] INFO: Acc: 73.75%
[2190] [2025-01-16 10:16:11] INFO: --------------------------------------------
[2190] [2025-01-16 10:16:11] INFO: Iteration 79/100
[2190] [2025-01-16 10:16:16] INFO: Acc: 71.90%
[2190] [2025-01-16 10:16:16] INFO: --------------------------------------------
[2190] [2025-01-16 10:16:16] INFO: Iteration 80/100
[2190] [2025-01-16 10:16:20] INFO: Acc: 71.10%
[2190] [2025-01-16 10:16:20] INFO: --------------------------------------------
[2190] [2025-01-16 10:16:20] INFO: Iteration 81/100
[2190] [2025-01-16 10:16:25] INFO: Acc: 69.25%
[2190] [2025-01-16 10:16:25] INFO: --------------------------------------------
[2190] [2025-01-16 10:16:25] INFO: Iteration 82/100
[2190] [2025-01-16 10:16:30] INFO: Acc: 67.95%
[2190] [2025-01-16 10:16:30] INFO: --------------------------------------------
[2190] [2025-01-16 10:16:30] INFO: Iteration 83/100
[2190] [2025-01-16 10:16:34] INFO: Acc: 72.30%
[2190] [2025-01-16 10:16:34] INFO: --------------------------------------------
[2190] [2025-01-16 10:16:34] INFO: Iteration 84/100
[2190] [2025-01-16 10:16:39] INFO: Acc: 71.90%
[2190] [2025-01-16 10:16:39] INFO: --------------------------------------------
[2190] [2025-01-16 10:16:39] INFO: Iteration 85/100
[2190] [2025-01-16 10:16:44] INFO: Acc: 69.25%
[2190] [2025-01-16 10:16:44] INFO: --------------------------------------------
[2190] [2025-01-16 10:16:44] INFO: Iteration 86/100
[2190] [2025-01-16 10:16:48] INFO: Acc: 67.05%
[2190] [2025-01-16 10:16:48] INFO: --------------------------------------------
[2190] [2025-01-16 10:16:48] INFO: Iteration 87/100
[2190] [2025-01-16 10:16:53] INFO: Acc: 73.25%
[2190] [2025-01-16 10:16:53] INFO: --------------------------------------------
[2190] [2025-01-16 10:16:53] INFO: Iteration 88/100
[2190] [2025-01-16 10:16:57] INFO: Acc: 64.45%
[2190] [2025-01-16 10:16:57] INFO: --------------------------------------------
[2190] [2025-01-16 10:16:57] INFO: Iteration 89/100
[2190] [2025-01-16 10:17:02] INFO: Acc: 69.25%
[2190] [2025-01-16 10:17:02] INFO: --------------------------------------------
[2190] [2025-01-16 10:17:02] INFO: Iteration 90/100
[2190] [2025-01-16 10:17:07] INFO: Acc: 71.65%
[2190] [2025-01-16 10:17:07] INFO: --------------------------------------------
[2190] [2025-01-16 10:17:07] INFO: Iteration 91/100
[2190] [2025-01-16 10:17:12] INFO: Acc: 69.90%
[2190] [2025-01-16 10:17:12] INFO: --------------------------------------------
[2190] [2025-01-16 10:17:12] INFO: Iteration 92/100
[2190] [2025-01-16 10:17:16] INFO: Acc: 70.60%
[2190] [2025-01-16 10:17:16] INFO: --------------------------------------------
[2190] [2025-01-16 10:17:16] INFO: Iteration 93/100
[2190] [2025-01-16 10:17:21] INFO: Acc: 67.15%
[2190] [2025-01-16 10:17:21] INFO: --------------------------------------------
[2190] [2025-01-16 10:17:21] INFO: Iteration 94/100
[2190] [2025-01-16 10:17:26] INFO: Acc: 73.95%
[2190] [2025-01-16 10:17:26] INFO: --------------------------------------------
[2190] [2025-01-16 10:17:26] INFO: Iteration 95/100
[2190] [2025-01-16 10:17:31] INFO: Acc: 63.60%
[2190] [2025-01-16 10:17:31] INFO: --------------------------------------------
[2190] [2025-01-16 10:17:31] INFO: Iteration 96/100
[2190] [2025-01-16 10:17:36] INFO: Acc: 67.05%
[2190] [2025-01-16 10:17:36] INFO: --------------------------------------------
[2190] [2025-01-16 10:17:36] INFO: Iteration 97/100
[2190] [2025-01-16 10:17:41] INFO: Acc: 72.10%
[2190] [2025-01-16 10:17:41] INFO: --------------------------------------------
[2190] [2025-01-16 10:17:41] INFO: Iteration 98/100
[2190] [2025-01-16 10:17:45] INFO: Acc: 70.50%
[2190] [2025-01-16 10:17:45] INFO: --------------------------------------------
[2190] [2025-01-16 10:17:45] INFO: Iteration 99/100
[2190] [2025-01-16 10:17:50] INFO: Acc: 68.40%
[2190] [2025-01-16 10:17:50] INFO: --------------------------------------------
[2190] [2025-01-16 10:17:50] INFO: Iteration 100/100
[2190] [2025-01-16 10:17:55] INFO: Acc: 66.50%
