[175848] [2025-01-16 13:17:56] INFO: ==> Running file: /autodl-fs/data/PythonProject/P3MC/downstream_svm.py
[175848] [2025-01-16 13:17:56] INFO: ==> Config: {'exp_name': 'CVTSLANet_SVM_ads-b-10_iq_PT_powerNorm_FT_powerNorm', 'exp_type': 'Downstream_random_rot', 'random_seed': 2024, 'platform': 'linux', 'device': 'cuda', 'iteration': 100, 'epoch': 100, 'dataset': {'name': 'ads-b-10', 'root': '~/Datasets/ADS-B', 'type': 'iq', 'normalize': 'power', 'train_batch_size': 30, 'test_batch_size': 30, 'ratio': 0.2, 'num_classes': 10, 'shot': 5, 'snr': None}, 'encoder': {'name': 'CVTSLANet', 'root': 'models/KANTSLANet2Feature.py', 'feature_dim': 1024, 'pretrain_path': './runs/Pretext_random_rot/CVTSLANet_ads-b_iq_powerNorm/best_encoder.pth', 'TSLA_config': {'seq_len': 4800, 'patch_size': 32, 'num_channels': 2, 'emb_dim': 256, 'depth': 3, 'dropout_rate': 0.3}}, 'classifier': {'name': 'svm', 'root': '', 'in_dim': 1024, 'ratio': 0.2, 'num_classes': 10}, 'optimizer': {'lr': 0.001, 'weight_decay': 0}, 'extra_info': '', 'exp_path': 'runs/Downstream_random_rot/CVTSLANet_SVM_ads-b-10_iq_PT_powerNorm_FT_powerNorm/5Shot/0116_131756', 'save_path': 'runs/Downstream_random_rot/CVTSLANet_SVM_ads-b-10_iq_PT_powerNorm_FT_powerNorm'}
[175848] [2025-01-16 13:17:56] INFO: --------------------------------------------
[175848] [2025-01-16 13:17:56] INFO: Iteration 1/100
[175848] [2025-01-16 13:17:59] INFO: Acc: 96.60%
[175848] [2025-01-16 13:17:59] INFO: --------------------------------------------
[175848] [2025-01-16 13:17:59] INFO: Iteration 2/100
[175848] [2025-01-16 13:18:02] INFO: Acc: 95.30%
[175848] [2025-01-16 13:18:02] INFO: --------------------------------------------
[175848] [2025-01-16 13:18:02] INFO: Iteration 3/100
[175848] [2025-01-16 13:18:05] INFO: Acc: 94.20%
[175848] [2025-01-16 13:18:05] INFO: --------------------------------------------
[175848] [2025-01-16 13:18:05] INFO: Iteration 4/100
[175848] [2025-01-16 13:18:08] INFO: Acc: 97.30%
[175848] [2025-01-16 13:18:08] INFO: --------------------------------------------
[175848] [2025-01-16 13:18:08] INFO: Iteration 5/100
[175848] [2025-01-16 13:18:11] INFO: Acc: 94.80%
[175848] [2025-01-16 13:18:11] INFO: --------------------------------------------
[175848] [2025-01-16 13:18:11] INFO: Iteration 6/100
[175848] [2025-01-16 13:18:14] INFO: Acc: 97.20%
[175848] [2025-01-16 13:18:14] INFO: --------------------------------------------
[175848] [2025-01-16 13:18:14] INFO: Iteration 7/100
[175848] [2025-01-16 13:18:17] INFO: Acc: 96.70%
[175848] [2025-01-16 13:18:17] INFO: --------------------------------------------
[175848] [2025-01-16 13:18:17] INFO: Iteration 8/100
[175848] [2025-01-16 13:18:20] INFO: Acc: 97.30%
[175848] [2025-01-16 13:18:20] INFO: --------------------------------------------
[175848] [2025-01-16 13:18:20] INFO: Iteration 9/100
[175848] [2025-01-16 13:18:23] INFO: Acc: 92.00%
[175848] [2025-01-16 13:18:23] INFO: --------------------------------------------
[175848] [2025-01-16 13:18:23] INFO: Iteration 10/100
[175848] [2025-01-16 13:18:26] INFO: Acc: 95.10%
[175848] [2025-01-16 13:18:26] INFO: --------------------------------------------
[175848] [2025-01-16 13:18:26] INFO: Iteration 11/100
[175848] [2025-01-16 13:18:29] INFO: Acc: 92.70%
[175848] [2025-01-16 13:18:29] INFO: --------------------------------------------
[175848] [2025-01-16 13:18:29] INFO: Iteration 12/100
[175848] [2025-01-16 13:18:32] INFO: Acc: 97.30%
[175848] [2025-01-16 13:18:32] INFO: --------------------------------------------
[175848] [2025-01-16 13:18:32] INFO: Iteration 13/100
[175848] [2025-01-16 13:18:35] INFO: Acc: 95.70%
[175848] [2025-01-16 13:18:35] INFO: --------------------------------------------
[175848] [2025-01-16 13:18:35] INFO: Iteration 14/100
[175848] [2025-01-16 13:18:38] INFO: Acc: 97.70%
[175848] [2025-01-16 13:18:38] INFO: --------------------------------------------
[175848] [2025-01-16 13:18:38] INFO: Iteration 15/100
[175848] [2025-01-16 13:18:41] INFO: Acc: 95.00%
[175848] [2025-01-16 13:18:41] INFO: --------------------------------------------
[175848] [2025-01-16 13:18:41] INFO: Iteration 16/100
[175848] [2025-01-16 13:18:44] INFO: Acc: 92.40%
[175848] [2025-01-16 13:18:44] INFO: --------------------------------------------
[175848] [2025-01-16 13:18:44] INFO: Iteration 17/100
[175848] [2025-01-16 13:18:47] INFO: Acc: 90.40%
[175848] [2025-01-16 13:18:47] INFO: --------------------------------------------
[175848] [2025-01-16 13:18:47] INFO: Iteration 18/100
[175848] [2025-01-16 13:18:50] INFO: Acc: 94.70%
[175848] [2025-01-16 13:18:50] INFO: --------------------------------------------
[175848] [2025-01-16 13:18:50] INFO: Iteration 19/100
[175848] [2025-01-16 13:18:53] INFO: Acc: 94.50%
[175848] [2025-01-16 13:18:53] INFO: --------------------------------------------
[175848] [2025-01-16 13:18:53] INFO: Iteration 20/100
[175848] [2025-01-16 13:18:56] INFO: Acc: 91.30%
[175848] [2025-01-16 13:18:56] INFO: --------------------------------------------
[175848] [2025-01-16 13:18:56] INFO: Iteration 21/100
[175848] [2025-01-16 13:18:59] INFO: Acc: 93.00%
[175848] [2025-01-16 13:19:00] INFO: --------------------------------------------
[175848] [2025-01-16 13:19:00] INFO: Iteration 22/100
[175848] [2025-01-16 13:19:03] INFO: Acc: 92.20%
[175848] [2025-01-16 13:19:03] INFO: --------------------------------------------
[175848] [2025-01-16 13:19:03] INFO: Iteration 23/100
[175848] [2025-01-16 13:19:06] INFO: Acc: 94.30%
[175848] [2025-01-16 13:19:06] INFO: --------------------------------------------
[175848] [2025-01-16 13:19:06] INFO: Iteration 24/100
[175848] [2025-01-16 13:19:09] INFO: Acc: 97.00%
[175848] [2025-01-16 13:19:09] INFO: --------------------------------------------
[175848] [2025-01-16 13:19:09] INFO: Iteration 25/100
[175848] [2025-01-16 13:19:11] INFO: Acc: 95.50%
[175848] [2025-01-16 13:19:12] INFO: --------------------------------------------
[175848] [2025-01-16 13:19:12] INFO: Iteration 26/100
[175848] [2025-01-16 13:19:15] INFO: Acc: 94.80%
[175848] [2025-01-16 13:19:15] INFO: --------------------------------------------
[175848] [2025-01-16 13:19:15] INFO: Iteration 27/100
[175848] [2025-01-16 13:19:18] INFO: Acc: 97.40%
[175848] [2025-01-16 13:19:18] INFO: --------------------------------------------
[175848] [2025-01-16 13:19:18] INFO: Iteration 28/100
[175848] [2025-01-16 13:19:21] INFO: Acc: 96.30%
[175848] [2025-01-16 13:19:21] INFO: --------------------------------------------
[175848] [2025-01-16 13:19:21] INFO: Iteration 29/100
[175848] [2025-01-16 13:19:24] INFO: Acc: 97.30%
[175848] [2025-01-16 13:19:24] INFO: --------------------------------------------
[175848] [2025-01-16 13:19:24] INFO: Iteration 30/100
[175848] [2025-01-16 13:19:27] INFO: Acc: 95.10%
[175848] [2025-01-16 13:19:27] INFO: --------------------------------------------
[175848] [2025-01-16 13:19:27] INFO: Iteration 31/100
[175848] [2025-01-16 13:19:30] INFO: Acc: 95.80%
[175848] [2025-01-16 13:19:30] INFO: --------------------------------------------
[175848] [2025-01-16 13:19:30] INFO: Iteration 32/100
[175848] [2025-01-16 13:19:33] INFO: Acc: 96.70%
[175848] [2025-01-16 13:19:33] INFO: --------------------------------------------
[175848] [2025-01-16 13:19:33] INFO: Iteration 33/100
[175848] [2025-01-16 13:19:36] INFO: Acc: 93.70%
[175848] [2025-01-16 13:19:36] INFO: --------------------------------------------
[175848] [2025-01-16 13:19:36] INFO: Iteration 34/100
[175848] [2025-01-16 13:19:39] INFO: Acc: 98.00%
[175848] [2025-01-16 13:19:39] INFO: --------------------------------------------
[175848] [2025-01-16 13:19:39] INFO: Iteration 35/100
[175848] [2025-01-16 13:19:42] INFO: Acc: 97.50%
[175848] [2025-01-16 13:19:42] INFO: --------------------------------------------
[175848] [2025-01-16 13:19:42] INFO: Iteration 36/100
[175848] [2025-01-16 13:19:45] INFO: Acc: 95.50%
[175848] [2025-01-16 13:19:45] INFO: --------------------------------------------
[175848] [2025-01-16 13:19:45] INFO: Iteration 37/100
[175848] [2025-01-16 13:19:48] INFO: Acc: 96.10%
[175848] [2025-01-16 13:19:48] INFO: --------------------------------------------
[175848] [2025-01-16 13:19:48] INFO: Iteration 38/100
[175848] [2025-01-16 13:19:51] INFO: Acc: 97.50%
[175848] [2025-01-16 13:19:51] INFO: --------------------------------------------
[175848] [2025-01-16 13:19:51] INFO: Iteration 39/100
[175848] [2025-01-16 13:19:54] INFO: Acc: 97.00%
[175848] [2025-01-16 13:19:54] INFO: --------------------------------------------
[175848] [2025-01-16 13:19:54] INFO: Iteration 40/100
[175848] [2025-01-16 13:19:57] INFO: Acc: 91.80%
[175848] [2025-01-16 13:19:57] INFO: --------------------------------------------
[175848] [2025-01-16 13:19:57] INFO: Iteration 41/100
[175848] [2025-01-16 13:20:00] INFO: Acc: 94.70%
[175848] [2025-01-16 13:20:01] INFO: --------------------------------------------
[175848] [2025-01-16 13:20:01] INFO: Iteration 42/100
[175848] [2025-01-16 13:20:03] INFO: Acc: 97.00%
[175848] [2025-01-16 13:20:03] INFO: --------------------------------------------
[175848] [2025-01-16 13:20:03] INFO: Iteration 43/100
[175848] [2025-01-16 13:20:07] INFO: Acc: 97.80%
[175848] [2025-01-16 13:20:07] INFO: --------------------------------------------
[175848] [2025-01-16 13:20:07] INFO: Iteration 44/100
[175848] [2025-01-16 13:20:10] INFO: Acc: 97.40%
[175848] [2025-01-16 13:20:10] INFO: --------------------------------------------
[175848] [2025-01-16 13:20:10] INFO: Iteration 45/100
[175848] [2025-01-16 13:20:13] INFO: Acc: 97.40%
[175848] [2025-01-16 13:20:13] INFO: --------------------------------------------
[175848] [2025-01-16 13:20:13] INFO: Iteration 46/100
[175848] [2025-01-16 13:20:16] INFO: Acc: 96.20%
[175848] [2025-01-16 13:20:16] INFO: --------------------------------------------
[175848] [2025-01-16 13:20:16] INFO: Iteration 47/100
[175848] [2025-01-16 13:20:18] INFO: Acc: 96.80%
[175848] [2025-01-16 13:20:18] INFO: --------------------------------------------
[175848] [2025-01-16 13:20:18] INFO: Iteration 48/100
[175848] [2025-01-16 13:20:21] INFO: Acc: 95.10%
[175848] [2025-01-16 13:20:21] INFO: --------------------------------------------
[175848] [2025-01-16 13:20:21] INFO: Iteration 49/100
[175848] [2025-01-16 13:20:24] INFO: Acc: 92.20%
[175848] [2025-01-16 13:20:24] INFO: --------------------------------------------
[175848] [2025-01-16 13:20:24] INFO: Iteration 50/100
[175848] [2025-01-16 13:20:27] INFO: Acc: 89.20%
[175848] [2025-01-16 13:20:27] INFO: --------------------------------------------
[175848] [2025-01-16 13:20:27] INFO: Iteration 51/100
[175848] [2025-01-16 13:20:31] INFO: Acc: 93.40%
[175848] [2025-01-16 13:20:31] INFO: --------------------------------------------
[175848] [2025-01-16 13:20:31] INFO: Iteration 52/100
[175848] [2025-01-16 13:20:33] INFO: Acc: 97.90%
[175848] [2025-01-16 13:20:33] INFO: --------------------------------------------
[175848] [2025-01-16 13:20:33] INFO: Iteration 53/100
[175848] [2025-01-16 13:20:36] INFO: Acc: 97.50%
[175848] [2025-01-16 13:20:36] INFO: --------------------------------------------
[175848] [2025-01-16 13:20:36] INFO: Iteration 54/100
[175848] [2025-01-16 13:20:39] INFO: Acc: 96.40%
[175848] [2025-01-16 13:20:39] INFO: --------------------------------------------
[175848] [2025-01-16 13:20:39] INFO: Iteration 55/100
[175848] [2025-01-16 13:20:42] INFO: Acc: 89.30%
[175848] [2025-01-16 13:20:42] INFO: --------------------------------------------
[175848] [2025-01-16 13:20:42] INFO: Iteration 56/100
[175848] [2025-01-16 13:20:45] INFO: Acc: 97.30%
[175848] [2025-01-16 13:20:45] INFO: --------------------------------------------
[175848] [2025-01-16 13:20:45] INFO: Iteration 57/100
[175848] [2025-01-16 13:20:48] INFO: Acc: 88.70%
[175848] [2025-01-16 13:20:48] INFO: --------------------------------------------
[175848] [2025-01-16 13:20:48] INFO: Iteration 58/100
[175848] [2025-01-16 13:20:51] INFO: Acc: 90.70%
[175848] [2025-01-16 13:20:51] INFO: --------------------------------------------
[175848] [2025-01-16 13:20:51] INFO: Iteration 59/100
[175848] [2025-01-16 13:20:54] INFO: Acc: 93.70%
[175848] [2025-01-16 13:20:54] INFO: --------------------------------------------
[175848] [2025-01-16 13:20:54] INFO: Iteration 60/100
[175848] [2025-01-16 13:20:57] INFO: Acc: 96.40%
[175848] [2025-01-16 13:20:57] INFO: --------------------------------------------
[175848] [2025-01-16 13:20:57] INFO: Iteration 61/100
[175848] [2025-01-16 13:21:00] INFO: Acc: 95.20%
[175848] [2025-01-16 13:21:00] INFO: --------------------------------------------
[175848] [2025-01-16 13:21:00] INFO: Iteration 62/100
[175848] [2025-01-16 13:21:03] INFO: Acc: 93.90%
[175848] [2025-01-16 13:21:04] INFO: --------------------------------------------
[175848] [2025-01-16 13:21:04] INFO: Iteration 63/100
[175848] [2025-01-16 13:21:06] INFO: Acc: 96.70%
[175848] [2025-01-16 13:21:06] INFO: --------------------------------------------
[175848] [2025-01-16 13:21:06] INFO: Iteration 64/100
[175848] [2025-01-16 13:21:09] INFO: Acc: 91.50%
[175848] [2025-01-16 13:21:09] INFO: --------------------------------------------
[175848] [2025-01-16 13:21:09] INFO: Iteration 65/100
[175848] [2025-01-16 13:21:12] INFO: Acc: 93.60%
[175848] [2025-01-16 13:21:13] INFO: --------------------------------------------
[175848] [2025-01-16 13:21:13] INFO: Iteration 66/100
[175848] [2025-01-16 13:21:16] INFO: Acc: 95.90%
[175848] [2025-01-16 13:21:16] INFO: --------------------------------------------
[175848] [2025-01-16 13:21:16] INFO: Iteration 67/100
[175848] [2025-01-16 13:21:19] INFO: Acc: 87.20%
[175848] [2025-01-16 13:21:19] INFO: --------------------------------------------
[175848] [2025-01-16 13:21:19] INFO: Iteration 68/100
[175848] [2025-01-16 13:21:22] INFO: Acc: 94.50%
[175848] [2025-01-16 13:21:22] INFO: --------------------------------------------
[175848] [2025-01-16 13:21:22] INFO: Iteration 69/100
[175848] [2025-01-16 13:21:25] INFO: Acc: 97.50%
[175848] [2025-01-16 13:21:25] INFO: --------------------------------------------
[175848] [2025-01-16 13:21:25] INFO: Iteration 70/100
[175848] [2025-01-16 13:21:28] INFO: Acc: 93.80%
[175848] [2025-01-16 13:21:28] INFO: --------------------------------------------
[175848] [2025-01-16 13:21:28] INFO: Iteration 71/100
[175848] [2025-01-16 13:21:31] INFO: Acc: 95.50%
[175848] [2025-01-16 13:21:32] INFO: --------------------------------------------
[175848] [2025-01-16 13:21:32] INFO: Iteration 72/100
[175848] [2025-01-16 13:21:34] INFO: Acc: 95.30%
[175848] [2025-01-16 13:21:35] INFO: --------------------------------------------
[175848] [2025-01-16 13:21:35] INFO: Iteration 73/100
[175848] [2025-01-16 13:21:37] INFO: Acc: 95.20%
[175848] [2025-01-16 13:21:38] INFO: --------------------------------------------
[175848] [2025-01-16 13:21:38] INFO: Iteration 74/100
[175848] [2025-01-16 13:21:40] INFO: Acc: 96.10%
[175848] [2025-01-16 13:21:40] INFO: --------------------------------------------
[175848] [2025-01-16 13:21:40] INFO: Iteration 75/100
[175848] [2025-01-16 13:21:43] INFO: Acc: 97.00%
[175848] [2025-01-16 13:21:43] INFO: --------------------------------------------
[175848] [2025-01-16 13:21:43] INFO: Iteration 76/100
[175848] [2025-01-16 13:21:47] INFO: Acc: 94.00%
[175848] [2025-01-16 13:21:47] INFO: --------------------------------------------
[175848] [2025-01-16 13:21:47] INFO: Iteration 77/100
[175848] [2025-01-16 13:21:50] INFO: Acc: 94.60%
[175848] [2025-01-16 13:21:50] INFO: --------------------------------------------
[175848] [2025-01-16 13:21:50] INFO: Iteration 78/100
[175848] [2025-01-16 13:21:53] INFO: Acc: 96.10%
[175848] [2025-01-16 13:21:53] INFO: --------------------------------------------
[175848] [2025-01-16 13:21:53] INFO: Iteration 79/100
[175848] [2025-01-16 13:21:56] INFO: Acc: 96.20%
[175848] [2025-01-16 13:21:56] INFO: --------------------------------------------
[175848] [2025-01-16 13:21:56] INFO: Iteration 80/100
[175848] [2025-01-16 13:21:58] INFO: Acc: 97.50%
[175848] [2025-01-16 13:21:58] INFO: --------------------------------------------
[175848] [2025-01-16 13:21:58] INFO: Iteration 81/100
[175848] [2025-01-16 13:22:02] INFO: Acc: 98.10%
[175848] [2025-01-16 13:22:02] INFO: --------------------------------------------
[175848] [2025-01-16 13:22:02] INFO: Iteration 82/100
[175848] [2025-01-16 13:22:05] INFO: Acc: 92.90%
[175848] [2025-01-16 13:22:05] INFO: --------------------------------------------
[175848] [2025-01-16 13:22:05] INFO: Iteration 83/100
[175848] [2025-01-16 13:22:08] INFO: Acc: 96.60%
[175848] [2025-01-16 13:22:08] INFO: --------------------------------------------
[175848] [2025-01-16 13:22:08] INFO: Iteration 84/100
[175848] [2025-01-16 13:22:11] INFO: Acc: 90.30%
[175848] [2025-01-16 13:22:11] INFO: --------------------------------------------
[175848] [2025-01-16 13:22:11] INFO: Iteration 85/100
[175848] [2025-01-16 13:22:14] INFO: Acc: 93.70%
[175848] [2025-01-16 13:22:14] INFO: --------------------------------------------
[175848] [2025-01-16 13:22:14] INFO: Iteration 86/100
[175848] [2025-01-16 13:22:17] INFO: Acc: 96.80%
[175848] [2025-01-16 13:22:17] INFO: --------------------------------------------
[175848] [2025-01-16 13:22:17] INFO: Iteration 87/100
[175848] [2025-01-16 13:22:20] INFO: Acc: 92.50%
[175848] [2025-01-16 13:22:20] INFO: --------------------------------------------
[175848] [2025-01-16 13:22:20] INFO: Iteration 88/100
[175848] [2025-01-16 13:22:23] INFO: Acc: 93.00%
[175848] [2025-01-16 13:22:23] INFO: --------------------------------------------
[175848] [2025-01-16 13:22:23] INFO: Iteration 89/100
[175848] [2025-01-16 13:22:27] INFO: Acc: 96.90%
[175848] [2025-01-16 13:22:27] INFO: --------------------------------------------
[175848] [2025-01-16 13:22:27] INFO: Iteration 90/100
[175848] [2025-01-16 13:22:29] INFO: Acc: 95.80%
[175848] [2025-01-16 13:22:29] INFO: --------------------------------------------
[175848] [2025-01-16 13:22:29] INFO: Iteration 91/100
[175848] [2025-01-16 13:22:32] INFO: Acc: 92.80%
[175848] [2025-01-16 13:22:32] INFO: --------------------------------------------
[175848] [2025-01-16 13:22:32] INFO: Iteration 92/100
[175848] [2025-01-16 13:22:35] INFO: Acc: 95.80%
[175848] [2025-01-16 13:22:35] INFO: --------------------------------------------
[175848] [2025-01-16 13:22:35] INFO: Iteration 93/100
[175848] [2025-01-16 13:22:39] INFO: Acc: 94.50%
[175848] [2025-01-16 13:22:39] INFO: --------------------------------------------
[175848] [2025-01-16 13:22:39] INFO: Iteration 94/100
[175848] [2025-01-16 13:22:42] INFO: Acc: 96.30%
[175848] [2025-01-16 13:22:42] INFO: --------------------------------------------
[175848] [2025-01-16 13:22:42] INFO: Iteration 95/100
[175848] [2025-01-16 13:22:44] INFO: Acc: 95.10%
[175848] [2025-01-16 13:22:44] INFO: --------------------------------------------
[175848] [2025-01-16 13:22:44] INFO: Iteration 96/100
[175848] [2025-01-16 13:22:48] INFO: Acc: 95.30%
[175848] [2025-01-16 13:22:48] INFO: --------------------------------------------
[175848] [2025-01-16 13:22:48] INFO: Iteration 97/100
[175848] [2025-01-16 13:22:50] INFO: Acc: 91.10%
[175848] [2025-01-16 13:22:50] INFO: --------------------------------------------
[175848] [2025-01-16 13:22:50] INFO: Iteration 98/100
[175848] [2025-01-16 13:22:54] INFO: Acc: 96.80%
[175848] [2025-01-16 13:22:54] INFO: --------------------------------------------
[175848] [2025-01-16 13:22:54] INFO: Iteration 99/100
[175848] [2025-01-16 13:22:57] INFO: Acc: 95.50%
[175848] [2025-01-16 13:22:57] INFO: --------------------------------------------
[175848] [2025-01-16 13:22:57] INFO: Iteration 100/100
[175848] [2025-01-16 13:23:00] INFO: Acc: 89.50%
