[9427] [2025-01-14 08:37:37] INFO: ==> Running file: /autodl-fs/data/PythonProject/P3MC/downstream_lr.py
[9427] [2025-01-14 08:37:37] INFO: ==> Config: {'exp_name': 'CVTSLANet_LR_ads-b_iq_PT_powerNorm_FT_powerNorm', 'exp_type': 'Downstream_random_rot', 'random_seed': 2024, 'platform': 'linux', 'device': 'cuda', 'iteration': 100, 'epoch': 100, 'dataset': {'name': 'ads-b', 'root': '~/Datasets/ADS-B', 'type': 'iq', 'normalize': 'power', 'train_batch_size': 30, 'test_batch_size': 30, 'ratio': 0.2, 'num_classes': 30, 'shot': 20, 'snr': None}, 'encoder': {'name': 'CVTSLANet', 'root': 'models/KANTSLANet2Feature.py', 'feature_dim': 1024, 'pretrain_path': './runs/Pretext_random_rot/CVTSLANet_ads-b_iq_powerNorm/best_encoder.pth', 'TSLA_config': {'seq_len': 4800, 'patch_size': 32, 'num_channels': 2, 'emb_dim': 256, 'depth': 3, 'dropout_rate': 0.3}}, 'classifier': {'name': 'lr', 'root': '', 'in_dim': 1024, 'ratio': 0.2, 'num_classes': 30}, 'optimizer': {'lr': 0.001, 'weight_decay': 0}, 'extra_info': '', 'exp_path': 'runs/Downstream_random_rot/CVTSLANet_LR_ads-b_iq_PT_powerNorm_FT_powerNorm/20Shot/0114_083737', 'save_path': 'runs/Downstream_random_rot/CVTSLANet_LR_ads-b_iq_PT_powerNorm_FT_powerNorm'}
[9427] [2025-01-14 08:37:37] INFO: --------------------------------------------
[9427] [2025-01-14 08:37:37] INFO: Iteration 1/100
[9427] [2025-01-14 08:37:43] INFO: Acc: 89.67%
[9427] [2025-01-14 08:37:43] INFO: --------------------------------------------
[9427] [2025-01-14 08:37:43] INFO: Iteration 2/100
[9427] [2025-01-14 08:37:51] INFO: Acc: 89.50%
[9427] [2025-01-14 08:37:51] INFO: --------------------------------------------
[9427] [2025-01-14 08:37:51] INFO: Iteration 3/100
[9427] [2025-01-14 08:37:57] INFO: Acc: 89.77%
[9427] [2025-01-14 08:37:57] INFO: --------------------------------------------
[9427] [2025-01-14 08:37:57] INFO: Iteration 4/100
[9427] [2025-01-14 08:38:05] INFO: Acc: 89.47%
[9427] [2025-01-14 08:38:05] INFO: --------------------------------------------
[9427] [2025-01-14 08:38:05] INFO: Iteration 5/100
[9427] [2025-01-14 08:38:13] INFO: Acc: 90.13%
[9427] [2025-01-14 08:38:13] INFO: --------------------------------------------
[9427] [2025-01-14 08:38:13] INFO: Iteration 6/100
[9427] [2025-01-14 08:38:18] INFO: Acc: 89.97%
[9427] [2025-01-14 08:38:18] INFO: --------------------------------------------
[9427] [2025-01-14 08:38:18] INFO: Iteration 7/100
[9427] [2025-01-14 08:38:25] INFO: Acc: 90.80%
[9427] [2025-01-14 08:38:25] INFO: --------------------------------------------
[9427] [2025-01-14 08:38:25] INFO: Iteration 8/100
[9427] [2025-01-14 08:38:33] INFO: Acc: 89.63%
[9427] [2025-01-14 08:38:33] INFO: --------------------------------------------
[9427] [2025-01-14 08:38:33] INFO: Iteration 9/100
[9427] [2025-01-14 08:38:40] INFO: Acc: 89.77%
[9427] [2025-01-14 08:38:40] INFO: --------------------------------------------
[9427] [2025-01-14 08:38:40] INFO: Iteration 10/100
[9427] [2025-01-14 08:38:47] INFO: Acc: 88.43%
[9427] [2025-01-14 08:38:47] INFO: --------------------------------------------
[9427] [2025-01-14 08:38:47] INFO: Iteration 11/100
[9427] [2025-01-14 08:38:53] INFO: Acc: 89.10%
[9427] [2025-01-14 08:38:53] INFO: --------------------------------------------
[9427] [2025-01-14 08:38:53] INFO: Iteration 12/100
[9427] [2025-01-14 08:39:00] INFO: Acc: 89.87%
[9427] [2025-01-14 08:39:00] INFO: --------------------------------------------
[9427] [2025-01-14 08:39:00] INFO: Iteration 13/100
[9427] [2025-01-14 08:39:08] INFO: Acc: 90.13%
[9427] [2025-01-14 08:39:08] INFO: --------------------------------------------
[9427] [2025-01-14 08:39:08] INFO: Iteration 14/100
[9427] [2025-01-14 08:39:16] INFO: Acc: 89.43%
[9427] [2025-01-14 08:39:16] INFO: --------------------------------------------
[9427] [2025-01-14 08:39:16] INFO: Iteration 15/100
[9427] [2025-01-14 08:39:24] INFO: Acc: 89.13%
[9427] [2025-01-14 08:39:24] INFO: --------------------------------------------
[9427] [2025-01-14 08:39:24] INFO: Iteration 16/100
[9427] [2025-01-14 08:39:30] INFO: Acc: 89.73%
[9427] [2025-01-14 08:39:30] INFO: --------------------------------------------
[9427] [2025-01-14 08:39:30] INFO: Iteration 17/100
[9427] [2025-01-14 08:39:37] INFO: Acc: 89.83%
[9427] [2025-01-14 08:39:37] INFO: --------------------------------------------
[9427] [2025-01-14 08:39:37] INFO: Iteration 18/100
[9427] [2025-01-14 08:39:44] INFO: Acc: 89.70%
[9427] [2025-01-14 08:39:44] INFO: --------------------------------------------
[9427] [2025-01-14 08:39:44] INFO: Iteration 19/100
[9427] [2025-01-14 08:39:51] INFO: Acc: 90.43%
[9427] [2025-01-14 08:39:51] INFO: --------------------------------------------
[9427] [2025-01-14 08:39:51] INFO: Iteration 20/100
[9427] [2025-01-14 08:39:57] INFO: Acc: 89.67%
[9427] [2025-01-14 08:39:57] INFO: --------------------------------------------
[9427] [2025-01-14 08:39:57] INFO: Iteration 21/100
[9427] [2025-01-14 08:40:04] INFO: Acc: 89.03%
[9427] [2025-01-14 08:40:04] INFO: --------------------------------------------
[9427] [2025-01-14 08:40:04] INFO: Iteration 22/100
[9427] [2025-01-14 08:40:11] INFO: Acc: 90.10%
[9427] [2025-01-14 08:40:11] INFO: --------------------------------------------
[9427] [2025-01-14 08:40:11] INFO: Iteration 23/100
[9427] [2025-01-14 08:40:18] INFO: Acc: 89.57%
[9427] [2025-01-14 08:40:18] INFO: --------------------------------------------
[9427] [2025-01-14 08:40:18] INFO: Iteration 24/100
[9427] [2025-01-14 08:40:25] INFO: Acc: 89.40%
[9427] [2025-01-14 08:40:25] INFO: --------------------------------------------
[9427] [2025-01-14 08:40:25] INFO: Iteration 25/100
[9427] [2025-01-14 08:40:32] INFO: Acc: 90.27%
[9427] [2025-01-14 08:40:32] INFO: --------------------------------------------
[9427] [2025-01-14 08:40:32] INFO: Iteration 26/100
[9427] [2025-01-14 08:40:38] INFO: Acc: 90.07%
[9427] [2025-01-14 08:40:38] INFO: --------------------------------------------
[9427] [2025-01-14 08:40:38] INFO: Iteration 27/100
[9427] [2025-01-14 08:40:44] INFO: Acc: 88.53%
[9427] [2025-01-14 08:40:44] INFO: --------------------------------------------
[9427] [2025-01-14 08:40:44] INFO: Iteration 28/100
[9427] [2025-01-14 08:40:50] INFO: Acc: 89.60%
[9427] [2025-01-14 08:40:50] INFO: --------------------------------------------
[9427] [2025-01-14 08:40:50] INFO: Iteration 29/100
[9427] [2025-01-14 08:40:57] INFO: Acc: 89.37%
[9427] [2025-01-14 08:40:57] INFO: --------------------------------------------
[9427] [2025-01-14 08:40:57] INFO: Iteration 30/100
[9427] [2025-01-14 08:41:03] INFO: Acc: 89.47%
[9427] [2025-01-14 08:41:03] INFO: --------------------------------------------
[9427] [2025-01-14 08:41:03] INFO: Iteration 31/100
[9427] [2025-01-14 08:41:09] INFO: Acc: 89.93%
[9427] [2025-01-14 08:41:09] INFO: --------------------------------------------
[9427] [2025-01-14 08:41:09] INFO: Iteration 32/100
[9427] [2025-01-14 08:41:15] INFO: Acc: 89.00%
[9427] [2025-01-14 08:41:15] INFO: --------------------------------------------
[9427] [2025-01-14 08:41:15] INFO: Iteration 33/100
[9427] [2025-01-14 08:41:22] INFO: Acc: 88.23%
[9427] [2025-01-14 08:41:22] INFO: --------------------------------------------
[9427] [2025-01-14 08:41:22] INFO: Iteration 34/100
[9427] [2025-01-14 08:41:28] INFO: Acc: 89.50%
[9427] [2025-01-14 08:41:28] INFO: --------------------------------------------
[9427] [2025-01-14 08:41:28] INFO: Iteration 35/100
[9427] [2025-01-14 08:41:34] INFO: Acc: 89.47%
[9427] [2025-01-14 08:41:34] INFO: --------------------------------------------
[9427] [2025-01-14 08:41:34] INFO: Iteration 36/100
[9427] [2025-01-14 08:41:40] INFO: Acc: 88.73%
[9427] [2025-01-14 08:41:40] INFO: --------------------------------------------
[9427] [2025-01-14 08:41:40] INFO: Iteration 37/100
[9427] [2025-01-14 08:41:47] INFO: Acc: 89.17%
[9427] [2025-01-14 08:41:47] INFO: --------------------------------------------
[9427] [2025-01-14 08:41:47] INFO: Iteration 38/100
[9427] [2025-01-14 08:41:53] INFO: Acc: 89.53%
[9427] [2025-01-14 08:41:53] INFO: --------------------------------------------
[9427] [2025-01-14 08:41:53] INFO: Iteration 39/100
[9427] [2025-01-14 08:41:59] INFO: Acc: 90.00%
[9427] [2025-01-14 08:41:59] INFO: --------------------------------------------
[9427] [2025-01-14 08:41:59] INFO: Iteration 40/100
[9427] [2025-01-14 08:42:06] INFO: Acc: 89.90%
[9427] [2025-01-14 08:42:06] INFO: --------------------------------------------
[9427] [2025-01-14 08:42:06] INFO: Iteration 41/100
[9427] [2025-01-14 08:42:12] INFO: Acc: 89.67%
[9427] [2025-01-14 08:42:13] INFO: --------------------------------------------
[9427] [2025-01-14 08:42:13] INFO: Iteration 42/100
[9427] [2025-01-14 08:42:19] INFO: Acc: 90.03%
[9427] [2025-01-14 08:42:19] INFO: --------------------------------------------
[9427] [2025-01-14 08:42:19] INFO: Iteration 43/100
[9427] [2025-01-14 08:42:26] INFO: Acc: 88.77%
[9427] [2025-01-14 08:42:27] INFO: --------------------------------------------
[9427] [2025-01-14 08:42:27] INFO: Iteration 44/100
[9427] [2025-01-14 08:42:33] INFO: Acc: 90.07%
[9427] [2025-01-14 08:42:34] INFO: --------------------------------------------
[9427] [2025-01-14 08:42:34] INFO: Iteration 45/100
[9427] [2025-01-14 08:42:40] INFO: Acc: 88.30%
[9427] [2025-01-14 08:42:40] INFO: --------------------------------------------
[9427] [2025-01-14 08:42:40] INFO: Iteration 46/100
[9427] [2025-01-14 08:42:46] INFO: Acc: 89.70%
[9427] [2025-01-14 08:42:46] INFO: --------------------------------------------
[9427] [2025-01-14 08:42:46] INFO: Iteration 47/100
[9427] [2025-01-14 08:42:53] INFO: Acc: 89.20%
[9427] [2025-01-14 08:42:53] INFO: --------------------------------------------
[9427] [2025-01-14 08:42:53] INFO: Iteration 48/100
[9427] [2025-01-14 08:43:00] INFO: Acc: 89.90%
[9427] [2025-01-14 08:43:00] INFO: --------------------------------------------
[9427] [2025-01-14 08:43:00] INFO: Iteration 49/100
[9427] [2025-01-14 08:43:06] INFO: Acc: 89.77%
[9427] [2025-01-14 08:43:06] INFO: --------------------------------------------
[9427] [2025-01-14 08:43:06] INFO: Iteration 50/100
[9427] [2025-01-14 08:43:13] INFO: Acc: 89.63%
[9427] [2025-01-14 08:43:13] INFO: --------------------------------------------
[9427] [2025-01-14 08:43:13] INFO: Iteration 51/100
[9427] [2025-01-14 08:43:20] INFO: Acc: 89.57%
[9427] [2025-01-14 08:43:20] INFO: --------------------------------------------
[9427] [2025-01-14 08:43:20] INFO: Iteration 52/100
[9427] [2025-01-14 08:43:25] INFO: Acc: 88.53%
[9427] [2025-01-14 08:43:25] INFO: --------------------------------------------
[9427] [2025-01-14 08:43:25] INFO: Iteration 53/100
[9427] [2025-01-14 08:43:31] INFO: Acc: 89.80%
[9427] [2025-01-14 08:43:31] INFO: --------------------------------------------
[9427] [2025-01-14 08:43:31] INFO: Iteration 54/100
[9427] [2025-01-14 08:43:37] INFO: Acc: 90.17%
[9427] [2025-01-14 08:43:37] INFO: --------------------------------------------
[9427] [2025-01-14 08:43:37] INFO: Iteration 55/100
[9427] [2025-01-14 08:43:44] INFO: Acc: 89.83%
[9427] [2025-01-14 08:43:44] INFO: --------------------------------------------
[9427] [2025-01-14 08:43:44] INFO: Iteration 56/100
[9427] [2025-01-14 08:43:50] INFO: Acc: 89.70%
[9427] [2025-01-14 08:43:50] INFO: --------------------------------------------
[9427] [2025-01-14 08:43:50] INFO: Iteration 57/100
[9427] [2025-01-14 08:43:56] INFO: Acc: 89.03%
[9427] [2025-01-14 08:43:56] INFO: --------------------------------------------
[9427] [2025-01-14 08:43:56] INFO: Iteration 58/100
[9427] [2025-01-14 08:44:02] INFO: Acc: 90.37%
[9427] [2025-01-14 08:44:02] INFO: --------------------------------------------
[9427] [2025-01-14 08:44:02] INFO: Iteration 59/100
[9427] [2025-01-14 08:44:09] INFO: Acc: 90.57%
[9427] [2025-01-14 08:44:09] INFO: --------------------------------------------
[9427] [2025-01-14 08:44:09] INFO: Iteration 60/100
[9427] [2025-01-14 08:44:15] INFO: Acc: 89.20%
[9427] [2025-01-14 08:44:15] INFO: --------------------------------------------
[9427] [2025-01-14 08:44:15] INFO: Iteration 61/100
[9427] [2025-01-14 08:44:21] INFO: Acc: 89.03%
[9427] [2025-01-14 08:44:21] INFO: --------------------------------------------
[9427] [2025-01-14 08:44:21] INFO: Iteration 62/100
[9427] [2025-01-14 08:44:27] INFO: Acc: 89.17%
[9427] [2025-01-14 08:44:27] INFO: --------------------------------------------
[9427] [2025-01-14 08:44:27] INFO: Iteration 63/100
[9427] [2025-01-14 08:44:34] INFO: Acc: 89.53%
[9427] [2025-01-14 08:44:34] INFO: --------------------------------------------
[9427] [2025-01-14 08:44:34] INFO: Iteration 64/100
[9427] [2025-01-14 08:44:40] INFO: Acc: 89.67%
[9427] [2025-01-14 08:44:40] INFO: --------------------------------------------
[9427] [2025-01-14 08:44:40] INFO: Iteration 65/100
[9427] [2025-01-14 08:44:46] INFO: Acc: 89.77%
[9427] [2025-01-14 08:44:47] INFO: --------------------------------------------
[9427] [2025-01-14 08:44:47] INFO: Iteration 66/100
[9427] [2025-01-14 08:44:53] INFO: Acc: 90.03%
[9427] [2025-01-14 08:44:53] INFO: --------------------------------------------
[9427] [2025-01-14 08:44:53] INFO: Iteration 67/100
[9427] [2025-01-14 08:44:58] INFO: Acc: 88.50%
[9427] [2025-01-14 08:44:58] INFO: --------------------------------------------
[9427] [2025-01-14 08:44:58] INFO: Iteration 68/100
[9427] [2025-01-14 08:45:04] INFO: Acc: 89.47%
[9427] [2025-01-14 08:45:04] INFO: --------------------------------------------
[9427] [2025-01-14 08:45:04] INFO: Iteration 69/100
[9427] [2025-01-14 08:45:10] INFO: Acc: 88.90%
[9427] [2025-01-14 08:45:10] INFO: --------------------------------------------
[9427] [2025-01-14 08:45:10] INFO: Iteration 70/100
[9427] [2025-01-14 08:45:15] INFO: Acc: 89.43%
[9427] [2025-01-14 08:45:15] INFO: --------------------------------------------
[9427] [2025-01-14 08:45:15] INFO: Iteration 71/100
[9427] [2025-01-14 08:45:21] INFO: Acc: 90.90%
[9427] [2025-01-14 08:45:21] INFO: --------------------------------------------
[9427] [2025-01-14 08:45:21] INFO: Iteration 72/100
[9427] [2025-01-14 08:45:27] INFO: Acc: 88.53%
[9427] [2025-01-14 08:45:27] INFO: --------------------------------------------
[9427] [2025-01-14 08:45:27] INFO: Iteration 73/100
[9427] [2025-01-14 08:45:33] INFO: Acc: 88.80%
[9427] [2025-01-14 08:45:33] INFO: --------------------------------------------
[9427] [2025-01-14 08:45:33] INFO: Iteration 74/100
[9427] [2025-01-14 08:45:39] INFO: Acc: 89.67%
[9427] [2025-01-14 08:45:39] INFO: --------------------------------------------
[9427] [2025-01-14 08:45:39] INFO: Iteration 75/100
[9427] [2025-01-14 08:45:44] INFO: Acc: 89.77%
[9427] [2025-01-14 08:45:44] INFO: --------------------------------------------
[9427] [2025-01-14 08:45:44] INFO: Iteration 76/100
[9427] [2025-01-14 08:45:50] INFO: Acc: 89.37%
[9427] [2025-01-14 08:45:50] INFO: --------------------------------------------
[9427] [2025-01-14 08:45:50] INFO: Iteration 77/100
[9427] [2025-01-14 08:45:57] INFO: Acc: 88.93%
[9427] [2025-01-14 08:45:57] INFO: --------------------------------------------
[9427] [2025-01-14 08:45:57] INFO: Iteration 78/100
[9427] [2025-01-14 08:46:02] INFO: Acc: 90.10%
[9427] [2025-01-14 08:46:02] INFO: --------------------------------------------
[9427] [2025-01-14 08:46:02] INFO: Iteration 79/100
[9427] [2025-01-14 08:46:08] INFO: Acc: 89.03%
[9427] [2025-01-14 08:46:08] INFO: --------------------------------------------
[9427] [2025-01-14 08:46:08] INFO: Iteration 80/100
[9427] [2025-01-14 08:46:13] INFO: Acc: 89.73%
[9427] [2025-01-14 08:46:13] INFO: --------------------------------------------
[9427] [2025-01-14 08:46:13] INFO: Iteration 81/100
[9427] [2025-01-14 08:46:19] INFO: Acc: 89.60%
[9427] [2025-01-14 08:46:19] INFO: --------------------------------------------
[9427] [2025-01-14 08:46:19] INFO: Iteration 82/100
[9427] [2025-01-14 08:46:26] INFO: Acc: 90.40%
[9427] [2025-01-14 08:46:26] INFO: --------------------------------------------
[9427] [2025-01-14 08:46:26] INFO: Iteration 83/100
[9427] [2025-01-14 08:46:32] INFO: Acc: 89.40%
[9427] [2025-01-14 08:46:32] INFO: --------------------------------------------
[9427] [2025-01-14 08:46:32] INFO: Iteration 84/100
[9427] [2025-01-14 08:46:38] INFO: Acc: 89.20%
[9427] [2025-01-14 08:46:38] INFO: --------------------------------------------
[9427] [2025-01-14 08:46:38] INFO: Iteration 85/100
[9427] [2025-01-14 08:46:44] INFO: Acc: 89.77%
[9427] [2025-01-14 08:46:44] INFO: --------------------------------------------
[9427] [2025-01-14 08:46:44] INFO: Iteration 86/100
[9427] [2025-01-14 08:46:51] INFO: Acc: 89.80%
[9427] [2025-01-14 08:46:51] INFO: --------------------------------------------
[9427] [2025-01-14 08:46:51] INFO: Iteration 87/100
[9427] [2025-01-14 08:46:56] INFO: Acc: 88.83%
[9427] [2025-01-14 08:46:56] INFO: --------------------------------------------
[9427] [2025-01-14 08:46:56] INFO: Iteration 88/100
[9427] [2025-01-14 08:47:03] INFO: Acc: 89.03%
[9427] [2025-01-14 08:47:03] INFO: --------------------------------------------
[9427] [2025-01-14 08:47:03] INFO: Iteration 89/100
[9427] [2025-01-14 08:47:10] INFO: Acc: 90.10%
[9427] [2025-01-14 08:47:10] INFO: --------------------------------------------
[9427] [2025-01-14 08:47:10] INFO: Iteration 90/100
[9427] [2025-01-14 08:47:16] INFO: Acc: 89.17%
[9427] [2025-01-14 08:47:16] INFO: --------------------------------------------
[9427] [2025-01-14 08:47:16] INFO: Iteration 91/100
[9427] [2025-01-14 08:47:23] INFO: Acc: 88.77%
[9427] [2025-01-14 08:47:23] INFO: --------------------------------------------
[9427] [2025-01-14 08:47:23] INFO: Iteration 92/100
[9427] [2025-01-14 08:47:30] INFO: Acc: 89.40%
[9427] [2025-01-14 08:47:30] INFO: --------------------------------------------
[9427] [2025-01-14 08:47:30] INFO: Iteration 93/100
[9427] [2025-01-14 08:47:36] INFO: Acc: 90.33%
[9427] [2025-01-14 08:47:36] INFO: --------------------------------------------
[9427] [2025-01-14 08:47:36] INFO: Iteration 94/100
[9427] [2025-01-14 08:47:42] INFO: Acc: 89.47%
[9427] [2025-01-14 08:47:42] INFO: --------------------------------------------
[9427] [2025-01-14 08:47:42] INFO: Iteration 95/100
[9427] [2025-01-14 08:47:49] INFO: Acc: 88.60%
[9427] [2025-01-14 08:47:49] INFO: --------------------------------------------
[9427] [2025-01-14 08:47:49] INFO: Iteration 96/100
[9427] [2025-01-14 08:47:55] INFO: Acc: 89.20%
[9427] [2025-01-14 08:47:55] INFO: --------------------------------------------
[9427] [2025-01-14 08:47:55] INFO: Iteration 97/100
[9427] [2025-01-14 08:48:01] INFO: Acc: 90.03%
[9427] [2025-01-14 08:48:01] INFO: --------------------------------------------
[9427] [2025-01-14 08:48:01] INFO: Iteration 98/100
[9427] [2025-01-14 08:48:07] INFO: Acc: 90.07%
[9427] [2025-01-14 08:48:07] INFO: --------------------------------------------
[9427] [2025-01-14 08:48:07] INFO: Iteration 99/100
[9427] [2025-01-14 08:48:13] INFO: Acc: 90.10%
[9427] [2025-01-14 08:48:13] INFO: --------------------------------------------
[9427] [2025-01-14 08:48:13] INFO: Iteration 100/100
[9427] [2025-01-14 08:48:19] INFO: Acc: 89.03%
