[175939] [2025-01-16 13:40:39] INFO: ==> Running file: /autodl-fs/data/PythonProject/P3MC/downstream_svm.py
[175939] [2025-01-16 13:40:39] INFO: ==> Config: {'exp_name': 'CVTSLANet_SVM_ads-b-20_iq_PT_powerNorm_FT_powerNorm', 'exp_type': 'Downstream_random_rot', 'random_seed': 2024, 'platform': 'linux', 'device': 'cuda', 'iteration': 100, 'epoch': 100, 'dataset': {'name': 'ads-b-20', 'root': '~/Datasets/ADS-B', 'type': 'iq', 'normalize': 'power', 'train_batch_size': 30, 'test_batch_size': 30, 'ratio': 0.2, 'num_classes': 20, 'shot': 15, 'snr': None}, 'encoder': {'name': 'CVTSLANet', 'root': 'models/KANTSLANet2Feature.py', 'feature_dim': 1024, 'pretrain_path': './runs/Pretext_random_rot/CVTSLANet_ads-b_iq_powerNorm/best_encoder.pth', 'TSLA_config': {'seq_len': 4800, 'patch_size': 32, 'num_channels': 2, 'emb_dim': 256, 'depth': 3, 'dropout_rate': 0.3}}, 'classifier': {'name': 'svm', 'root': '', 'in_dim': 1024, 'ratio': 0.2, 'num_classes': 20}, 'optimizer': {'lr': 0.001, 'weight_decay': 0}, 'extra_info': '', 'exp_path': 'runs/Downstream_random_rot/CVTSLANet_SVM_ads-b-20_iq_PT_powerNorm_FT_powerNorm/15Shot/0116_134039', 'save_path': 'runs/Downstream_random_rot/CVTSLANet_SVM_ads-b-20_iq_PT_powerNorm_FT_powerNorm'}
[175939] [2025-01-16 13:40:39] INFO: --------------------------------------------
[175939] [2025-01-16 13:40:39] INFO: Iteration 1/100
[175939] [2025-01-16 13:40:44] INFO: Acc: 91.00%
[175939] [2025-01-16 13:40:44] INFO: --------------------------------------------
[175939] [2025-01-16 13:40:44] INFO: Iteration 2/100
[175939] [2025-01-16 13:40:50] INFO: Acc: 91.05%
[175939] [2025-01-16 13:40:50] INFO: --------------------------------------------
[175939] [2025-01-16 13:40:50] INFO: Iteration 3/100
[175939] [2025-01-16 13:40:55] INFO: Acc: 93.15%
[175939] [2025-01-16 13:40:55] INFO: --------------------------------------------
[175939] [2025-01-16 13:40:55] INFO: Iteration 4/100
[175939] [2025-01-16 13:41:01] INFO: Acc: 91.45%
[175939] [2025-01-16 13:41:01] INFO: --------------------------------------------
[175939] [2025-01-16 13:41:01] INFO: Iteration 5/100
[175939] [2025-01-16 13:41:07] INFO: Acc: 91.05%
[175939] [2025-01-16 13:41:07] INFO: --------------------------------------------
[175939] [2025-01-16 13:41:07] INFO: Iteration 6/100
[175939] [2025-01-16 13:41:12] INFO: Acc: 92.60%
[175939] [2025-01-16 13:41:12] INFO: --------------------------------------------
[175939] [2025-01-16 13:41:12] INFO: Iteration 7/100
[175939] [2025-01-16 13:41:18] INFO: Acc: 93.10%
[175939] [2025-01-16 13:41:18] INFO: --------------------------------------------
[175939] [2025-01-16 13:41:18] INFO: Iteration 8/100
[175939] [2025-01-16 13:41:24] INFO: Acc: 92.10%
[175939] [2025-01-16 13:41:24] INFO: --------------------------------------------
[175939] [2025-01-16 13:41:24] INFO: Iteration 9/100
[175939] [2025-01-16 13:41:29] INFO: Acc: 92.55%
[175939] [2025-01-16 13:41:29] INFO: --------------------------------------------
[175939] [2025-01-16 13:41:29] INFO: Iteration 10/100
[175939] [2025-01-16 13:41:34] INFO: Acc: 89.80%
[175939] [2025-01-16 13:41:34] INFO: --------------------------------------------
[175939] [2025-01-16 13:41:34] INFO: Iteration 11/100
[175939] [2025-01-16 13:41:40] INFO: Acc: 91.50%
[175939] [2025-01-16 13:41:41] INFO: --------------------------------------------
[175939] [2025-01-16 13:41:41] INFO: Iteration 12/100
[175939] [2025-01-16 13:41:47] INFO: Acc: 91.45%
[175939] [2025-01-16 13:41:47] INFO: --------------------------------------------
[175939] [2025-01-16 13:41:47] INFO: Iteration 13/100
[175939] [2025-01-16 13:41:52] INFO: Acc: 92.05%
[175939] [2025-01-16 13:41:52] INFO: --------------------------------------------
[175939] [2025-01-16 13:41:52] INFO: Iteration 14/100
[175939] [2025-01-16 13:41:58] INFO: Acc: 91.80%
[175939] [2025-01-16 13:41:58] INFO: --------------------------------------------
[175939] [2025-01-16 13:41:58] INFO: Iteration 15/100
[175939] [2025-01-16 13:42:03] INFO: Acc: 91.95%
[175939] [2025-01-16 13:42:03] INFO: --------------------------------------------
[175939] [2025-01-16 13:42:03] INFO: Iteration 16/100
[175939] [2025-01-16 13:42:09] INFO: Acc: 91.30%
[175939] [2025-01-16 13:42:09] INFO: --------------------------------------------
[175939] [2025-01-16 13:42:09] INFO: Iteration 17/100
[175939] [2025-01-16 13:42:14] INFO: Acc: 91.30%
[175939] [2025-01-16 13:42:14] INFO: --------------------------------------------
[175939] [2025-01-16 13:42:14] INFO: Iteration 18/100
[175939] [2025-01-16 13:42:20] INFO: Acc: 92.00%
[175939] [2025-01-16 13:42:20] INFO: --------------------------------------------
[175939] [2025-01-16 13:42:20] INFO: Iteration 19/100
[175939] [2025-01-16 13:42:25] INFO: Acc: 92.50%
[175939] [2025-01-16 13:42:25] INFO: --------------------------------------------
[175939] [2025-01-16 13:42:25] INFO: Iteration 20/100
[175939] [2025-01-16 13:42:31] INFO: Acc: 91.50%
[175939] [2025-01-16 13:42:31] INFO: --------------------------------------------
[175939] [2025-01-16 13:42:31] INFO: Iteration 21/100
[175939] [2025-01-16 13:42:36] INFO: Acc: 92.30%
[175939] [2025-01-16 13:42:36] INFO: --------------------------------------------
[175939] [2025-01-16 13:42:36] INFO: Iteration 22/100
[175939] [2025-01-16 13:42:42] INFO: Acc: 92.00%
[175939] [2025-01-16 13:42:42] INFO: --------------------------------------------
[175939] [2025-01-16 13:42:42] INFO: Iteration 23/100
[175939] [2025-01-16 13:42:48] INFO: Acc: 90.85%
[175939] [2025-01-16 13:42:48] INFO: --------------------------------------------
[175939] [2025-01-16 13:42:48] INFO: Iteration 24/100
[175939] [2025-01-16 13:42:53] INFO: Acc: 91.10%
[175939] [2025-01-16 13:42:54] INFO: --------------------------------------------
[175939] [2025-01-16 13:42:54] INFO: Iteration 25/100
[175939] [2025-01-16 13:42:58] INFO: Acc: 92.70%
[175939] [2025-01-16 13:42:58] INFO: --------------------------------------------
[175939] [2025-01-16 13:42:58] INFO: Iteration 26/100
[175939] [2025-01-16 13:43:04] INFO: Acc: 91.90%
[175939] [2025-01-16 13:43:05] INFO: --------------------------------------------
[175939] [2025-01-16 13:43:05] INFO: Iteration 27/100
[175939] [2025-01-16 13:43:10] INFO: Acc: 90.85%
[175939] [2025-01-16 13:43:10] INFO: --------------------------------------------
[175939] [2025-01-16 13:43:10] INFO: Iteration 28/100
[175939] [2025-01-16 13:43:15] INFO: Acc: 91.00%
[175939] [2025-01-16 13:43:15] INFO: --------------------------------------------
[175939] [2025-01-16 13:43:15] INFO: Iteration 29/100
[175939] [2025-01-16 13:43:21] INFO: Acc: 92.80%
[175939] [2025-01-16 13:43:21] INFO: --------------------------------------------
[175939] [2025-01-16 13:43:21] INFO: Iteration 30/100
[175939] [2025-01-16 13:43:27] INFO: Acc: 91.65%
[175939] [2025-01-16 13:43:27] INFO: --------------------------------------------
[175939] [2025-01-16 13:43:27] INFO: Iteration 31/100
[175939] [2025-01-16 13:43:32] INFO: Acc: 91.75%
[175939] [2025-01-16 13:43:32] INFO: --------------------------------------------
[175939] [2025-01-16 13:43:32] INFO: Iteration 32/100
[175939] [2025-01-16 13:43:38] INFO: Acc: 93.40%
[175939] [2025-01-16 13:43:38] INFO: --------------------------------------------
[175939] [2025-01-16 13:43:38] INFO: Iteration 33/100
[175939] [2025-01-16 13:43:44] INFO: Acc: 90.40%
[175939] [2025-01-16 13:43:44] INFO: --------------------------------------------
[175939] [2025-01-16 13:43:44] INFO: Iteration 34/100
[175939] [2025-01-16 13:43:49] INFO: Acc: 90.75%
[175939] [2025-01-16 13:43:49] INFO: --------------------------------------------
[175939] [2025-01-16 13:43:49] INFO: Iteration 35/100
[175939] [2025-01-16 13:43:55] INFO: Acc: 91.55%
[175939] [2025-01-16 13:43:55] INFO: --------------------------------------------
[175939] [2025-01-16 13:43:55] INFO: Iteration 36/100
[175939] [2025-01-16 13:44:01] INFO: Acc: 90.50%
[175939] [2025-01-16 13:44:01] INFO: --------------------------------------------
[175939] [2025-01-16 13:44:01] INFO: Iteration 37/100
[175939] [2025-01-16 13:44:07] INFO: Acc: 92.05%
[175939] [2025-01-16 13:44:07] INFO: --------------------------------------------
[175939] [2025-01-16 13:44:07] INFO: Iteration 38/100
[175939] [2025-01-16 13:44:12] INFO: Acc: 91.75%
[175939] [2025-01-16 13:44:12] INFO: --------------------------------------------
[175939] [2025-01-16 13:44:12] INFO: Iteration 39/100
[175939] [2025-01-16 13:44:18] INFO: Acc: 91.40%
[175939] [2025-01-16 13:44:18] INFO: --------------------------------------------
[175939] [2025-01-16 13:44:18] INFO: Iteration 40/100
[175939] [2025-01-16 13:44:23] INFO: Acc: 90.10%
[175939] [2025-01-16 13:44:23] INFO: --------------------------------------------
[175939] [2025-01-16 13:44:23] INFO: Iteration 41/100
[175939] [2025-01-16 13:44:29] INFO: Acc: 92.85%
[175939] [2025-01-16 13:44:29] INFO: --------------------------------------------
[175939] [2025-01-16 13:44:29] INFO: Iteration 42/100
[175939] [2025-01-16 13:44:34] INFO: Acc: 91.55%
[175939] [2025-01-16 13:44:35] INFO: --------------------------------------------
[175939] [2025-01-16 13:44:35] INFO: Iteration 43/100
[175939] [2025-01-16 13:44:40] INFO: Acc: 89.55%
[175939] [2025-01-16 13:44:40] INFO: --------------------------------------------
[175939] [2025-01-16 13:44:40] INFO: Iteration 44/100
[175939] [2025-01-16 13:44:46] INFO: Acc: 90.90%
[175939] [2025-01-16 13:44:46] INFO: --------------------------------------------
[175939] [2025-01-16 13:44:46] INFO: Iteration 45/100
[175939] [2025-01-16 13:44:52] INFO: Acc: 91.80%
[175939] [2025-01-16 13:44:52] INFO: --------------------------------------------
[175939] [2025-01-16 13:44:52] INFO: Iteration 46/100
[175939] [2025-01-16 13:44:58] INFO: Acc: 92.00%
[175939] [2025-01-16 13:44:58] INFO: --------------------------------------------
[175939] [2025-01-16 13:44:58] INFO: Iteration 47/100
[175939] [2025-01-16 13:45:03] INFO: Acc: 92.15%
[175939] [2025-01-16 13:45:03] INFO: --------------------------------------------
[175939] [2025-01-16 13:45:03] INFO: Iteration 48/100
[175939] [2025-01-16 13:45:09] INFO: Acc: 91.40%
[175939] [2025-01-16 13:45:09] INFO: --------------------------------------------
[175939] [2025-01-16 13:45:09] INFO: Iteration 49/100
[175939] [2025-01-16 13:45:15] INFO: Acc: 91.75%
[175939] [2025-01-16 13:45:15] INFO: --------------------------------------------
[175939] [2025-01-16 13:45:15] INFO: Iteration 50/100
[175939] [2025-01-16 13:45:20] INFO: Acc: 92.35%
[175939] [2025-01-16 13:45:21] INFO: --------------------------------------------
[175939] [2025-01-16 13:45:21] INFO: Iteration 51/100
[175939] [2025-01-16 13:45:26] INFO: Acc: 91.60%
[175939] [2025-01-16 13:45:26] INFO: --------------------------------------------
[175939] [2025-01-16 13:45:26] INFO: Iteration 52/100
[175939] [2025-01-16 13:45:32] INFO: Acc: 90.40%
[175939] [2025-01-16 13:45:32] INFO: --------------------------------------------
[175939] [2025-01-16 13:45:32] INFO: Iteration 53/100
[175939] [2025-01-16 13:45:38] INFO: Acc: 91.30%
[175939] [2025-01-16 13:45:38] INFO: --------------------------------------------
[175939] [2025-01-16 13:45:38] INFO: Iteration 54/100
[175939] [2025-01-16 13:45:43] INFO: Acc: 91.30%
[175939] [2025-01-16 13:45:43] INFO: --------------------------------------------
[175939] [2025-01-16 13:45:43] INFO: Iteration 55/100
[175939] [2025-01-16 13:45:49] INFO: Acc: 91.35%
[175939] [2025-01-16 13:45:49] INFO: --------------------------------------------
[175939] [2025-01-16 13:45:49] INFO: Iteration 56/100
[175939] [2025-01-16 13:45:55] INFO: Acc: 91.55%
[175939] [2025-01-16 13:45:55] INFO: --------------------------------------------
[175939] [2025-01-16 13:45:55] INFO: Iteration 57/100
[175939] [2025-01-16 13:46:01] INFO: Acc: 91.30%
[175939] [2025-01-16 13:46:01] INFO: --------------------------------------------
[175939] [2025-01-16 13:46:01] INFO: Iteration 58/100
[175939] [2025-01-16 13:46:06] INFO: Acc: 92.70%
[175939] [2025-01-16 13:46:06] INFO: --------------------------------------------
[175939] [2025-01-16 13:46:06] INFO: Iteration 59/100
[175939] [2025-01-16 13:46:11] INFO: Acc: 91.00%
[175939] [2025-01-16 13:46:11] INFO: --------------------------------------------
[175939] [2025-01-16 13:46:11] INFO: Iteration 60/100
[175939] [2025-01-16 13:46:17] INFO: Acc: 89.75%
[175939] [2025-01-16 13:46:17] INFO: --------------------------------------------
[175939] [2025-01-16 13:46:17] INFO: Iteration 61/100
[175939] [2025-01-16 13:46:22] INFO: Acc: 92.65%
[175939] [2025-01-16 13:46:22] INFO: --------------------------------------------
[175939] [2025-01-16 13:46:22] INFO: Iteration 62/100
[175939] [2025-01-16 13:46:28] INFO: Acc: 91.20%
[175939] [2025-01-16 13:46:28] INFO: --------------------------------------------
[175939] [2025-01-16 13:46:28] INFO: Iteration 63/100
[175939] [2025-01-16 13:46:33] INFO: Acc: 90.95%
[175939] [2025-01-16 13:46:33] INFO: --------------------------------------------
[175939] [2025-01-16 13:46:33] INFO: Iteration 64/100
[175939] [2025-01-16 13:46:39] INFO: Acc: 92.20%
[175939] [2025-01-16 13:46:39] INFO: --------------------------------------------
[175939] [2025-01-16 13:46:39] INFO: Iteration 65/100
[175939] [2025-01-16 13:46:45] INFO: Acc: 91.10%
[175939] [2025-01-16 13:46:45] INFO: --------------------------------------------
[175939] [2025-01-16 13:46:45] INFO: Iteration 66/100
[175939] [2025-01-16 13:46:50] INFO: Acc: 90.55%
[175939] [2025-01-16 13:46:51] INFO: --------------------------------------------
[175939] [2025-01-16 13:46:51] INFO: Iteration 67/100
[175939] [2025-01-16 13:46:56] INFO: Acc: 92.80%
[175939] [2025-01-16 13:46:57] INFO: --------------------------------------------
[175939] [2025-01-16 13:46:57] INFO: Iteration 68/100
[175939] [2025-01-16 13:47:02] INFO: Acc: 91.65%
[175939] [2025-01-16 13:47:02] INFO: --------------------------------------------
[175939] [2025-01-16 13:47:02] INFO: Iteration 69/100
[175939] [2025-01-16 13:47:08] INFO: Acc: 91.55%
[175939] [2025-01-16 13:47:08] INFO: --------------------------------------------
[175939] [2025-01-16 13:47:08] INFO: Iteration 70/100
[175939] [2025-01-16 13:47:14] INFO: Acc: 92.20%
[175939] [2025-01-16 13:47:15] INFO: --------------------------------------------
[175939] [2025-01-16 13:47:15] INFO: Iteration 71/100
[175939] [2025-01-16 13:47:21] INFO: Acc: 91.65%
[175939] [2025-01-16 13:47:21] INFO: --------------------------------------------
[175939] [2025-01-16 13:47:21] INFO: Iteration 72/100
[175939] [2025-01-16 13:47:26] INFO: Acc: 91.40%
[175939] [2025-01-16 13:47:26] INFO: --------------------------------------------
[175939] [2025-01-16 13:47:26] INFO: Iteration 73/100
[175939] [2025-01-16 13:47:32] INFO: Acc: 91.60%
[175939] [2025-01-16 13:47:32] INFO: --------------------------------------------
[175939] [2025-01-16 13:47:32] INFO: Iteration 74/100
[175939] [2025-01-16 13:47:38] INFO: Acc: 91.55%
[175939] [2025-01-16 13:47:38] INFO: --------------------------------------------
[175939] [2025-01-16 13:47:38] INFO: Iteration 75/100
[175939] [2025-01-16 13:47:44] INFO: Acc: 90.15%
[175939] [2025-01-16 13:47:44] INFO: --------------------------------------------
[175939] [2025-01-16 13:47:44] INFO: Iteration 76/100
[175939] [2025-01-16 13:47:50] INFO: Acc: 91.90%
[175939] [2025-01-16 13:47:50] INFO: --------------------------------------------
[175939] [2025-01-16 13:47:50] INFO: Iteration 77/100
[175939] [2025-01-16 13:47:55] INFO: Acc: 91.15%
[175939] [2025-01-16 13:47:55] INFO: --------------------------------------------
[175939] [2025-01-16 13:47:55] INFO: Iteration 78/100
[175939] [2025-01-16 13:48:01] INFO: Acc: 92.55%
[175939] [2025-01-16 13:48:01] INFO: --------------------------------------------
[175939] [2025-01-16 13:48:01] INFO: Iteration 79/100
[175939] [2025-01-16 13:48:07] INFO: Acc: 90.40%
[175939] [2025-01-16 13:48:07] INFO: --------------------------------------------
[175939] [2025-01-16 13:48:07] INFO: Iteration 80/100
[175939] [2025-01-16 13:48:13] INFO: Acc: 92.35%
[175939] [2025-01-16 13:48:13] INFO: --------------------------------------------
[175939] [2025-01-16 13:48:13] INFO: Iteration 81/100
[175939] [2025-01-16 13:48:18] INFO: Acc: 90.30%
[175939] [2025-01-16 13:48:18] INFO: --------------------------------------------
[175939] [2025-01-16 13:48:18] INFO: Iteration 82/100
[175939] [2025-01-16 13:48:24] INFO: Acc: 91.70%
[175939] [2025-01-16 13:48:24] INFO: --------------------------------------------
[175939] [2025-01-16 13:48:24] INFO: Iteration 83/100
[175939] [2025-01-16 13:48:30] INFO: Acc: 88.35%
[175939] [2025-01-16 13:48:30] INFO: --------------------------------------------
[175939] [2025-01-16 13:48:30] INFO: Iteration 84/100
[175939] [2025-01-16 13:48:36] INFO: Acc: 92.20%
[175939] [2025-01-16 13:48:36] INFO: --------------------------------------------
[175939] [2025-01-16 13:48:36] INFO: Iteration 85/100
[175939] [2025-01-16 13:48:41] INFO: Acc: 92.70%
[175939] [2025-01-16 13:48:41] INFO: --------------------------------------------
[175939] [2025-01-16 13:48:41] INFO: Iteration 86/100
[175939] [2025-01-16 13:48:47] INFO: Acc: 91.00%
[175939] [2025-01-16 13:48:47] INFO: --------------------------------------------
[175939] [2025-01-16 13:48:47] INFO: Iteration 87/100
[175939] [2025-01-16 13:48:52] INFO: Acc: 92.00%
[175939] [2025-01-16 13:48:52] INFO: --------------------------------------------
[175939] [2025-01-16 13:48:52] INFO: Iteration 88/100
[175939] [2025-01-16 13:48:58] INFO: Acc: 92.75%
[175939] [2025-01-16 13:48:58] INFO: --------------------------------------------
[175939] [2025-01-16 13:48:58] INFO: Iteration 89/100
[175939] [2025-01-16 13:49:04] INFO: Acc: 92.80%
[175939] [2025-01-16 13:49:04] INFO: --------------------------------------------
[175939] [2025-01-16 13:49:04] INFO: Iteration 90/100
[175939] [2025-01-16 13:49:10] INFO: Acc: 92.00%
[175939] [2025-01-16 13:49:10] INFO: --------------------------------------------
[175939] [2025-01-16 13:49:10] INFO: Iteration 91/100
[175939] [2025-01-16 13:49:15] INFO: Acc: 92.40%
[175939] [2025-01-16 13:49:16] INFO: --------------------------------------------
[175939] [2025-01-16 13:49:16] INFO: Iteration 92/100
[175939] [2025-01-16 13:49:21] INFO: Acc: 91.15%
[175939] [2025-01-16 13:49:21] INFO: --------------------------------------------
[175939] [2025-01-16 13:49:21] INFO: Iteration 93/100
[175939] [2025-01-16 13:49:27] INFO: Acc: 90.70%
[175939] [2025-01-16 13:49:27] INFO: --------------------------------------------
[175939] [2025-01-16 13:49:27] INFO: Iteration 94/100
[175939] [2025-01-16 13:49:33] INFO: Acc: 91.05%
[175939] [2025-01-16 13:49:33] INFO: --------------------------------------------
[175939] [2025-01-16 13:49:33] INFO: Iteration 95/100
[175939] [2025-01-16 13:49:39] INFO: Acc: 92.80%
[175939] [2025-01-16 13:49:39] INFO: --------------------------------------------
[175939] [2025-01-16 13:49:39] INFO: Iteration 96/100
[175939] [2025-01-16 13:49:44] INFO: Acc: 91.25%
[175939] [2025-01-16 13:49:44] INFO: --------------------------------------------
[175939] [2025-01-16 13:49:44] INFO: Iteration 97/100
[175939] [2025-01-16 13:49:50] INFO: Acc: 91.35%
[175939] [2025-01-16 13:49:50] INFO: --------------------------------------------
[175939] [2025-01-16 13:49:50] INFO: Iteration 98/100
[175939] [2025-01-16 13:49:56] INFO: Acc: 92.60%
[175939] [2025-01-16 13:49:56] INFO: --------------------------------------------
[175939] [2025-01-16 13:49:56] INFO: Iteration 99/100
[175939] [2025-01-16 13:50:02] INFO: Acc: 92.10%
[175939] [2025-01-16 13:50:02] INFO: --------------------------------------------
[175939] [2025-01-16 13:50:02] INFO: Iteration 100/100
[175939] [2025-01-16 13:50:08] INFO: Acc: 91.90%
