[28389] [2025-01-14 08:04:37] INFO: ==> Running file: /autodl-fs/data/PythonProject/P3MC/downstream.py
[28389] [2025-01-14 08:04:37] INFO: ==> Config: {'exp_name': 'CVTSLANet_ads-b_iq_PT_powerNorm_FT_powerNorm', 'exp_type': 'Downstream_random_rot', 'random_seed': 2024, 'platform': 'linux', 'device': 'cuda', 'iteration': 100, 'epoch': 100, 'dataset': {'name': 'ads-b', 'root': '~/Datasets/ADS-B', 'type': 'iq', 'normalize': 'power', 'train_batch_size': 30, 'test_batch_size': 30, 'ratio': 0.2, 'num_classes': 30, 'shot': 1, 'snr': None}, 'encoder': {'name': 'CVTSLANet', 'root': 'models/KANTSLANet2Feature.py', 'feature_dim': 1024, 'pretrain_path': './runs/Pretext_random_rot/CVTSLANet_ads-b_iq_powerNorm/best_encoder.pth', 'TSLA_config': {'seq_len': 4800, 'patch_size': 32, 'num_channels': 2, 'emb_dim': 256, 'depth': 3, 'dropout_rate': 0.3}}, 'classifier': {'name': 'linear', 'root': 'models/LinearClassifier.py', 'in_dim': 1024, 'ratio': 0.2, 'num_classes': 30}, 'optimizer': {'lr': 0.001, 'weight_decay': 0}, 'extra_info': '', 'exp_path': 'runs/Downstream_random_rot/CVTSLANet_ads-b_iq_PT_powerNorm_FT_powerNorm/1Shot/0114_080437', 'save_path': 'runs/Downstream_random_rot/CVTSLANet_ads-b_iq_PT_powerNorm_FT_powerNorm'}
[28389] [2025-01-14 08:04:37] INFO: --------------------------------------------
[28389] [2025-01-14 08:04:37] INFO: Iteration 1/100
[28389] [2025-01-14 08:04:57] INFO: ==> Train Set: Acc: 100.00%, Loss: 0.00503096, Best model in epoch 97
[28389] [2025-01-14 08:04:58] INFO: ==> Test Set: Acc: 59.20%, Loss: 1.79471328
[28389] [2025-01-14 08:04:58] INFO: --------------------------------------------
[28389] [2025-01-14 08:04:58] INFO: Iteration 2/100
[28389] [2025-01-14 08:05:07] INFO: ==> Train Set: Acc: 100.00%, Loss: 0.00668744, Best model in epoch 96
[28389] [2025-01-14 08:05:09] INFO: ==> Test Set: Acc: 55.53%, Loss: 1.90338160
[28389] [2025-01-14 08:05:09] INFO: --------------------------------------------
[28389] [2025-01-14 08:05:09] INFO: Iteration 3/100
[28389] [2025-01-14 08:05:17] INFO: ==> Train Set: Acc: 100.00%, Loss: 0.00571189, Best model in epoch 98
[28389] [2025-01-14 08:05:20] INFO: ==> Test Set: Acc: 59.20%, Loss: 1.56121856
[28389] [2025-01-14 08:05:20] INFO: --------------------------------------------
[28389] [2025-01-14 08:05:20] INFO: Iteration 4/100
[28389] [2025-01-14 08:05:29] INFO: ==> Train Set: Acc: 100.00%, Loss: 0.00522089, Best model in epoch 92
[28389] [2025-01-14 08:05:31] INFO: ==> Test Set: Acc: 63.07%, Loss: 1.62148151
[28389] [2025-01-14 08:05:31] INFO: --------------------------------------------
[28389] [2025-01-14 08:05:31] INFO: Iteration 5/100
[28389] [2025-01-14 08:05:40] INFO: ==> Train Set: Acc: 100.00%, Loss: 0.00621261, Best model in epoch 88
[28389] [2025-01-14 08:05:43] INFO: ==> Test Set: Acc: 59.60%, Loss: 1.71103345
[28389] [2025-01-14 08:05:43] INFO: --------------------------------------------
[28389] [2025-01-14 08:05:43] INFO: Iteration 6/100
[28389] [2025-01-14 08:05:52] INFO: ==> Train Set: Acc: 100.00%, Loss: 0.00548721, Best model in epoch 95
[28389] [2025-01-14 08:05:54] INFO: ==> Test Set: Acc: 55.73%, Loss: 1.88233057
[28389] [2025-01-14 08:05:54] INFO: --------------------------------------------
[28389] [2025-01-14 08:05:54] INFO: Iteration 7/100
[28389] [2025-01-14 08:06:03] INFO: ==> Train Set: Acc: 100.00%, Loss: 0.00543733, Best model in epoch 83
[28389] [2025-01-14 08:06:05] INFO: ==> Test Set: Acc: 48.57%, Loss: 1.98511391
[28389] [2025-01-14 08:06:05] INFO: --------------------------------------------
[28389] [2025-01-14 08:06:05] INFO: Iteration 8/100
[28389] [2025-01-14 08:06:15] INFO: ==> Train Set: Acc: 100.00%, Loss: 0.00567835, Best model in epoch 95
[28389] [2025-01-14 08:06:17] INFO: ==> Test Set: Acc: 56.40%, Loss: 1.79925781
[28389] [2025-01-14 08:06:17] INFO: --------------------------------------------
[28389] [2025-01-14 08:06:17] INFO: Iteration 9/100
[28389] [2025-01-14 08:06:26] INFO: ==> Train Set: Acc: 100.00%, Loss: 0.00578187, Best model in epoch 95
[28389] [2025-01-14 08:06:28] INFO: ==> Test Set: Acc: 58.57%, Loss: 1.73689008
[28389] [2025-01-14 08:06:28] INFO: --------------------------------------------
[28389] [2025-01-14 08:06:28] INFO: Iteration 10/100
[28389] [2025-01-14 08:06:36] INFO: ==> Train Set: Acc: 100.00%, Loss: 0.00635892, Best model in epoch 94
[28389] [2025-01-14 08:06:38] INFO: ==> Test Set: Acc: 56.30%, Loss: 1.61581253
[28389] [2025-01-14 08:06:38] INFO: --------------------------------------------
[28389] [2025-01-14 08:06:38] INFO: Iteration 11/100
[28389] [2025-01-14 08:06:46] INFO: ==> Train Set: Acc: 100.00%, Loss: 0.00504075, Best model in epoch 99
[28389] [2025-01-14 08:06:47] INFO: ==> Test Set: Acc: 63.70%, Loss: 1.42643968
[28389] [2025-01-14 08:06:47] INFO: --------------------------------------------
[28389] [2025-01-14 08:06:47] INFO: Iteration 12/100
[28389] [2025-01-14 08:06:55] INFO: ==> Train Set: Acc: 100.00%, Loss: 0.00664262, Best model in epoch 85
[28389] [2025-01-14 08:06:56] INFO: ==> Test Set: Acc: 60.60%, Loss: 1.60868885
[28389] [2025-01-14 08:06:56] INFO: --------------------------------------------
[28389] [2025-01-14 08:06:56] INFO: Iteration 13/100
[28389] [2025-01-14 08:07:04] INFO: ==> Train Set: Acc: 100.00%, Loss: 0.00516726, Best model in epoch 87
[28389] [2025-01-14 08:07:06] INFO: ==> Test Set: Acc: 57.83%, Loss: 1.79426188
[28389] [2025-01-14 08:07:06] INFO: --------------------------------------------
[28389] [2025-01-14 08:07:06] INFO: Iteration 14/100
[28389] [2025-01-14 08:07:14] INFO: ==> Train Set: Acc: 100.00%, Loss: 0.00736217, Best model in epoch 99
[28389] [2025-01-14 08:07:16] INFO: ==> Test Set: Acc: 51.07%, Loss: 1.92800652
[28389] [2025-01-14 08:07:16] INFO: --------------------------------------------
[28389] [2025-01-14 08:07:16] INFO: Iteration 15/100
[28389] [2025-01-14 08:07:24] INFO: ==> Train Set: Acc: 100.00%, Loss: 0.00529042, Best model in epoch 89
[28389] [2025-01-14 08:07:27] INFO: ==> Test Set: Acc: 57.63%, Loss: 1.54389160
[28389] [2025-01-14 08:07:27] INFO: --------------------------------------------
[28389] [2025-01-14 08:07:27] INFO: Iteration 16/100
[28389] [2025-01-14 08:07:36] INFO: ==> Train Set: Acc: 100.00%, Loss: 0.00530409, Best model in epoch 99
[28389] [2025-01-14 08:07:39] INFO: ==> Test Set: Acc: 61.90%, Loss: 1.53014808
[28389] [2025-01-14 08:07:39] INFO: --------------------------------------------
[28389] [2025-01-14 08:07:39] INFO: Iteration 17/100
[28389] [2025-01-14 08:07:48] INFO: ==> Train Set: Acc: 100.00%, Loss: 0.00552722, Best model in epoch 99
[28389] [2025-01-14 08:07:49] INFO: ==> Test Set: Acc: 51.60%, Loss: 2.26521533
[28389] [2025-01-14 08:07:49] INFO: --------------------------------------------
[28389] [2025-01-14 08:07:49] INFO: Iteration 18/100
[28389] [2025-01-14 08:07:57] INFO: ==> Train Set: Acc: 100.00%, Loss: 0.00546258, Best model in epoch 92
[28389] [2025-01-14 08:07:59] INFO: ==> Test Set: Acc: 58.93%, Loss: 1.70278959
[28389] [2025-01-14 08:07:59] INFO: --------------------------------------------
[28389] [2025-01-14 08:07:59] INFO: Iteration 19/100
[28389] [2025-01-14 08:08:08] INFO: ==> Train Set: Acc: 100.00%, Loss: 0.00687376, Best model in epoch 87
[28389] [2025-01-14 08:08:10] INFO: ==> Test Set: Acc: 54.23%, Loss: 1.71543343
[28389] [2025-01-14 08:08:10] INFO: --------------------------------------------
[28389] [2025-01-14 08:08:10] INFO: Iteration 20/100
[28389] [2025-01-14 08:08:19] INFO: ==> Train Set: Acc: 100.00%, Loss: 0.00609491, Best model in epoch 88
[28389] [2025-01-14 08:08:21] INFO: ==> Test Set: Acc: 56.20%, Loss: 1.83817088
[28389] [2025-01-14 08:08:21] INFO: --------------------------------------------
[28389] [2025-01-14 08:08:21] INFO: Iteration 21/100
[28389] [2025-01-14 08:08:29] INFO: ==> Train Set: Acc: 100.00%, Loss: 0.00554816, Best model in epoch 95
[28389] [2025-01-14 08:08:30] INFO: ==> Test Set: Acc: 61.17%, Loss: 1.56877548
[28389] [2025-01-14 08:08:30] INFO: --------------------------------------------
[28389] [2025-01-14 08:08:30] INFO: Iteration 22/100
[28389] [2025-01-14 08:08:39] INFO: ==> Train Set: Acc: 100.00%, Loss: 0.00488121, Best model in epoch 92
[28389] [2025-01-14 08:08:41] INFO: ==> Test Set: Acc: 57.97%, Loss: 1.70488181
[28389] [2025-01-14 08:08:41] INFO: --------------------------------------------
[28389] [2025-01-14 08:08:41] INFO: Iteration 23/100
[28389] [2025-01-14 08:08:49] INFO: ==> Train Set: Acc: 100.00%, Loss: 0.00694741, Best model in epoch 80
[28389] [2025-01-14 08:08:51] INFO: ==> Test Set: Acc: 56.87%, Loss: 1.77204633
[28389] [2025-01-14 08:08:51] INFO: --------------------------------------------
[28389] [2025-01-14 08:08:51] INFO: Iteration 24/100
[28389] [2025-01-14 08:09:00] INFO: ==> Train Set: Acc: 100.00%, Loss: 0.00507710, Best model in epoch 94
[28389] [2025-01-14 08:09:01] INFO: ==> Test Set: Acc: 61.03%, Loss: 1.69668004
[28389] [2025-01-14 08:09:01] INFO: --------------------------------------------
[28389] [2025-01-14 08:09:01] INFO: Iteration 25/100
[28389] [2025-01-14 08:09:10] INFO: ==> Train Set: Acc: 100.00%, Loss: 0.00599290, Best model in epoch 77
[28389] [2025-01-14 08:09:11] INFO: ==> Test Set: Acc: 58.40%, Loss: 1.61165268
[28389] [2025-01-14 08:09:11] INFO: --------------------------------------------
[28389] [2025-01-14 08:09:11] INFO: Iteration 26/100
[28389] [2025-01-14 08:09:20] INFO: ==> Train Set: Acc: 100.00%, Loss: 0.00501210, Best model in epoch 88
[28389] [2025-01-14 08:09:22] INFO: ==> Test Set: Acc: 50.50%, Loss: 2.01822980
[28389] [2025-01-14 08:09:22] INFO: --------------------------------------------
[28389] [2025-01-14 08:09:22] INFO: Iteration 27/100
[28389] [2025-01-14 08:09:32] INFO: ==> Train Set: Acc: 100.00%, Loss: 0.00624952, Best model in epoch 98
[28389] [2025-01-14 08:09:34] INFO: ==> Test Set: Acc: 55.33%, Loss: 1.80913521
[28389] [2025-01-14 08:09:34] INFO: --------------------------------------------
[28389] [2025-01-14 08:09:34] INFO: Iteration 28/100
[28389] [2025-01-14 08:09:43] INFO: ==> Train Set: Acc: 100.00%, Loss: 0.00549696, Best model in epoch 99
[28389] [2025-01-14 08:09:45] INFO: ==> Test Set: Acc: 59.87%, Loss: 1.68882938
[28389] [2025-01-14 08:09:45] INFO: --------------------------------------------
[28389] [2025-01-14 08:09:45] INFO: Iteration 29/100
[28389] [2025-01-14 08:09:53] INFO: ==> Train Set: Acc: 100.00%, Loss: 0.00523903, Best model in epoch 97
[28389] [2025-01-14 08:09:55] INFO: ==> Test Set: Acc: 60.13%, Loss: 1.70494187
[28389] [2025-01-14 08:09:55] INFO: --------------------------------------------
[28389] [2025-01-14 08:09:55] INFO: Iteration 30/100
[28389] [2025-01-14 08:10:03] INFO: ==> Train Set: Acc: 100.00%, Loss: 0.00569141, Best model in epoch 89
[28389] [2025-01-14 08:10:05] INFO: ==> Test Set: Acc: 54.77%, Loss: 1.95697809
[28389] [2025-01-14 08:10:05] INFO: --------------------------------------------
[28389] [2025-01-14 08:10:05] INFO: Iteration 31/100
[28389] [2025-01-14 08:10:14] INFO: ==> Train Set: Acc: 100.00%, Loss: 0.00468465, Best model in epoch 93
[28389] [2025-01-14 08:10:16] INFO: ==> Test Set: Acc: 58.00%, Loss: 1.73447872
[28389] [2025-01-14 08:10:16] INFO: --------------------------------------------
[28389] [2025-01-14 08:10:16] INFO: Iteration 32/100
[28389] [2025-01-14 08:10:24] INFO: ==> Train Set: Acc: 100.00%, Loss: 0.00534398, Best model in epoch 99
[28389] [2025-01-14 08:10:25] INFO: ==> Test Set: Acc: 57.47%, Loss: 1.67108376
[28389] [2025-01-14 08:10:25] INFO: --------------------------------------------
[28389] [2025-01-14 08:10:25] INFO: Iteration 33/100
[28389] [2025-01-14 08:10:34] INFO: ==> Train Set: Acc: 100.00%, Loss: 0.00594143, Best model in epoch 96
[28389] [2025-01-14 08:10:35] INFO: ==> Test Set: Acc: 63.13%, Loss: 1.42823392
[28389] [2025-01-14 08:10:35] INFO: --------------------------------------------
[28389] [2025-01-14 08:10:35] INFO: Iteration 34/100
[28389] [2025-01-14 08:10:44] INFO: ==> Train Set: Acc: 100.00%, Loss: 0.00532281, Best model in epoch 93
[28389] [2025-01-14 08:10:46] INFO: ==> Test Set: Acc: 59.50%, Loss: 1.68288160
[28389] [2025-01-14 08:10:46] INFO: --------------------------------------------
[28389] [2025-01-14 08:10:46] INFO: Iteration 35/100
[28389] [2025-01-14 08:10:55] INFO: ==> Train Set: Acc: 100.00%, Loss: 0.00520491, Best model in epoch 97
[28389] [2025-01-14 08:10:57] INFO: ==> Test Set: Acc: 57.87%, Loss: 1.73562969
[28389] [2025-01-14 08:10:57] INFO: --------------------------------------------
[28389] [2025-01-14 08:10:57] INFO: Iteration 36/100
[28389] [2025-01-14 08:11:06] INFO: ==> Train Set: Acc: 100.00%, Loss: 0.00660193, Best model in epoch 92
[28389] [2025-01-14 08:11:08] INFO: ==> Test Set: Acc: 56.10%, Loss: 2.02617910
[28389] [2025-01-14 08:11:08] INFO: --------------------------------------------
[28389] [2025-01-14 08:11:08] INFO: Iteration 37/100
[28389] [2025-01-14 08:11:16] INFO: ==> Train Set: Acc: 100.00%, Loss: 0.00624786, Best model in epoch 92
[28389] [2025-01-14 08:11:17] INFO: ==> Test Set: Acc: 54.97%, Loss: 1.79968661
[28389] [2025-01-14 08:11:17] INFO: --------------------------------------------
[28389] [2025-01-14 08:11:17] INFO: Iteration 38/100
[28389] [2025-01-14 08:11:26] INFO: ==> Train Set: Acc: 100.00%, Loss: 0.00564867, Best model in epoch 91
[28389] [2025-01-14 08:11:28] INFO: ==> Test Set: Acc: 55.87%, Loss: 1.79919383
[28389] [2025-01-14 08:11:28] INFO: --------------------------------------------
[28389] [2025-01-14 08:11:28] INFO: Iteration 39/100
[28389] [2025-01-14 08:11:37] INFO: ==> Train Set: Acc: 100.00%, Loss: 0.00474505, Best model in epoch 87
[28389] [2025-01-14 08:11:38] INFO: ==> Test Set: Acc: 53.97%, Loss: 1.71140759
[28389] [2025-01-14 08:11:38] INFO: --------------------------------------------
[28389] [2025-01-14 08:11:38] INFO: Iteration 40/100
[28389] [2025-01-14 08:11:47] INFO: ==> Train Set: Acc: 100.00%, Loss: 0.00527203, Best model in epoch 82
[28389] [2025-01-14 08:11:49] INFO: ==> Test Set: Acc: 51.50%, Loss: 1.93523208
[28389] [2025-01-14 08:11:49] INFO: --------------------------------------------
[28389] [2025-01-14 08:11:49] INFO: Iteration 41/100
[28389] [2025-01-14 08:11:58] INFO: ==> Train Set: Acc: 100.00%, Loss: 0.00711107, Best model in epoch 90
[28389] [2025-01-14 08:12:00] INFO: ==> Test Set: Acc: 59.33%, Loss: 1.59180153
[28389] [2025-01-14 08:12:00] INFO: --------------------------------------------
[28389] [2025-01-14 08:12:00] INFO: Iteration 42/100
[28389] [2025-01-14 08:12:08] INFO: ==> Train Set: Acc: 100.00%, Loss: 0.00540412, Best model in epoch 82
[28389] [2025-01-14 08:12:09] INFO: ==> Test Set: Acc: 61.67%, Loss: 1.51110765
[28389] [2025-01-14 08:12:09] INFO: --------------------------------------------
[28389] [2025-01-14 08:12:09] INFO: Iteration 43/100
[28389] [2025-01-14 08:12:17] INFO: ==> Train Set: Acc: 100.00%, Loss: 0.00469138, Best model in epoch 98
[28389] [2025-01-14 08:12:19] INFO: ==> Test Set: Acc: 53.13%, Loss: 1.87885390
[28389] [2025-01-14 08:12:19] INFO: --------------------------------------------
[28389] [2025-01-14 08:12:19] INFO: Iteration 44/100
[28389] [2025-01-14 08:12:28] INFO: ==> Train Set: Acc: 100.00%, Loss: 0.00477467, Best model in epoch 99
[28389] [2025-01-14 08:12:29] INFO: ==> Test Set: Acc: 61.90%, Loss: 1.61820766
[28389] [2025-01-14 08:12:29] INFO: --------------------------------------------
[28389] [2025-01-14 08:12:29] INFO: Iteration 45/100
[28389] [2025-01-14 08:12:37] INFO: ==> Train Set: Acc: 100.00%, Loss: 0.00607241, Best model in epoch 91
[28389] [2025-01-14 08:12:39] INFO: ==> Test Set: Acc: 58.50%, Loss: 1.85186970
[28389] [2025-01-14 08:12:39] INFO: --------------------------------------------
[28389] [2025-01-14 08:12:39] INFO: Iteration 46/100
[28389] [2025-01-14 08:12:49] INFO: ==> Train Set: Acc: 100.00%, Loss: 0.00537919, Best model in epoch 95
[28389] [2025-01-14 08:12:50] INFO: ==> Test Set: Acc: 53.30%, Loss: 1.91491712
[28389] [2025-01-14 08:12:50] INFO: --------------------------------------------
[28389] [2025-01-14 08:12:50] INFO: Iteration 47/100
[28389] [2025-01-14 08:12:59] INFO: ==> Train Set: Acc: 100.00%, Loss: 0.00465090, Best model in epoch 90
[28389] [2025-01-14 08:13:01] INFO: ==> Test Set: Acc: 59.37%, Loss: 1.53330902
[28389] [2025-01-14 08:13:01] INFO: --------------------------------------------
[28389] [2025-01-14 08:13:01] INFO: Iteration 48/100
[28389] [2025-01-14 08:13:09] INFO: ==> Train Set: Acc: 100.00%, Loss: 0.00661158, Best model in epoch 87
[28389] [2025-01-14 08:13:10] INFO: ==> Test Set: Acc: 50.33%, Loss: 1.87957889
[28389] [2025-01-14 08:13:10] INFO: --------------------------------------------
[28389] [2025-01-14 08:13:10] INFO: Iteration 49/100
[28389] [2025-01-14 08:13:19] INFO: ==> Train Set: Acc: 100.00%, Loss: 0.00625882, Best model in epoch 82
[28389] [2025-01-14 08:13:20] INFO: ==> Test Set: Acc: 62.40%, Loss: 1.61144378
[28389] [2025-01-14 08:13:20] INFO: --------------------------------------------
[28389] [2025-01-14 08:13:20] INFO: Iteration 50/100
[28389] [2025-01-14 08:13:29] INFO: ==> Train Set: Acc: 100.00%, Loss: 0.00531811, Best model in epoch 97
[28389] [2025-01-14 08:13:31] INFO: ==> Test Set: Acc: 57.97%, Loss: 1.77593394
[28389] [2025-01-14 08:13:31] INFO: --------------------------------------------
[28389] [2025-01-14 08:13:31] INFO: Iteration 51/100
[28389] [2025-01-14 08:13:40] INFO: ==> Train Set: Acc: 100.00%, Loss: 0.00513325, Best model in epoch 93
[28389] [2025-01-14 08:13:42] INFO: ==> Test Set: Acc: 63.23%, Loss: 1.52226915
[28389] [2025-01-14 08:13:42] INFO: --------------------------------------------
[28389] [2025-01-14 08:13:42] INFO: Iteration 52/100
[28389] [2025-01-14 08:13:51] INFO: ==> Train Set: Acc: 100.00%, Loss: 0.00485438, Best model in epoch 94
[28389] [2025-01-14 08:13:52] INFO: ==> Test Set: Acc: 55.60%, Loss: 1.74558224
[28389] [2025-01-14 08:13:52] INFO: --------------------------------------------
[28389] [2025-01-14 08:13:52] INFO: Iteration 53/100
[28389] [2025-01-14 08:14:00] INFO: ==> Train Set: Acc: 100.00%, Loss: 0.00603489, Best model in epoch 79
[28389] [2025-01-14 08:14:02] INFO: ==> Test Set: Acc: 55.53%, Loss: 1.80152098
[28389] [2025-01-14 08:14:02] INFO: --------------------------------------------
[28389] [2025-01-14 08:14:02] INFO: Iteration 54/100
[28389] [2025-01-14 08:14:11] INFO: ==> Train Set: Acc: 100.00%, Loss: 0.00701222, Best model in epoch 88
[28389] [2025-01-14 08:14:13] INFO: ==> Test Set: Acc: 61.33%, Loss: 1.50448991
[28389] [2025-01-14 08:14:13] INFO: --------------------------------------------
[28389] [2025-01-14 08:14:13] INFO: Iteration 55/100
[28389] [2025-01-14 08:14:21] INFO: ==> Train Set: Acc: 100.00%, Loss: 0.00633064, Best model in epoch 97
[28389] [2025-01-14 08:14:22] INFO: ==> Test Set: Acc: 56.60%, Loss: 1.82494074
[28389] [2025-01-14 08:14:22] INFO: --------------------------------------------
[28389] [2025-01-14 08:14:22] INFO: Iteration 56/100
[28389] [2025-01-14 08:14:31] INFO: ==> Train Set: Acc: 100.00%, Loss: 0.00532585, Best model in epoch 88
[28389] [2025-01-14 08:14:34] INFO: ==> Test Set: Acc: 59.93%, Loss: 1.69580725
[28389] [2025-01-14 08:14:34] INFO: --------------------------------------------
[28389] [2025-01-14 08:14:34] INFO: Iteration 57/100
[28389] [2025-01-14 08:14:43] INFO: ==> Train Set: Acc: 100.00%, Loss: 0.00554041, Best model in epoch 92
[28389] [2025-01-14 08:14:45] INFO: ==> Test Set: Acc: 57.00%, Loss: 1.76687085
[28389] [2025-01-14 08:14:45] INFO: --------------------------------------------
[28389] [2025-01-14 08:14:45] INFO: Iteration 58/100
[28389] [2025-01-14 08:14:53] INFO: ==> Train Set: Acc: 100.00%, Loss: 0.00712445, Best model in epoch 85
[28389] [2025-01-14 08:14:54] INFO: ==> Test Set: Acc: 57.53%, Loss: 1.72283256
[28389] [2025-01-14 08:14:54] INFO: --------------------------------------------
[28389] [2025-01-14 08:14:54] INFO: Iteration 59/100
[28389] [2025-01-14 08:15:03] INFO: ==> Train Set: Acc: 100.00%, Loss: 0.00586865, Best model in epoch 92
[28389] [2025-01-14 08:15:04] INFO: ==> Test Set: Acc: 63.90%, Loss: 1.56032867
[28389] [2025-01-14 08:15:04] INFO: --------------------------------------------
[28389] [2025-01-14 08:15:04] INFO: Iteration 60/100
[28389] [2025-01-14 08:15:13] INFO: ==> Train Set: Acc: 100.00%, Loss: 0.00412244, Best model in epoch 99
[28389] [2025-01-14 08:15:15] INFO: ==> Test Set: Acc: 55.53%, Loss: 1.86951580
[28389] [2025-01-14 08:15:15] INFO: --------------------------------------------
[28389] [2025-01-14 08:15:15] INFO: Iteration 61/100
[28389] [2025-01-14 08:15:25] INFO: ==> Train Set: Acc: 100.00%, Loss: 0.00547088, Best model in epoch 85
[28389] [2025-01-14 08:15:26] INFO: ==> Test Set: Acc: 58.83%, Loss: 1.52419989
[28389] [2025-01-14 08:15:26] INFO: --------------------------------------------
[28389] [2025-01-14 08:15:26] INFO: Iteration 62/100
[28389] [2025-01-14 08:15:34] INFO: ==> Train Set: Acc: 100.00%, Loss: 0.00469977, Best model in epoch 99
[28389] [2025-01-14 08:15:35] INFO: ==> Test Set: Acc: 58.60%, Loss: 1.87366057
[28389] [2025-01-14 08:15:35] INFO: --------------------------------------------
[28389] [2025-01-14 08:15:35] INFO: Iteration 63/100
[28389] [2025-01-14 08:15:45] INFO: ==> Train Set: Acc: 100.00%, Loss: 0.00642511, Best model in epoch 95
[28389] [2025-01-14 08:15:46] INFO: ==> Test Set: Acc: 57.80%, Loss: 1.71891178
[28389] [2025-01-14 08:15:46] INFO: --------------------------------------------
[28389] [2025-01-14 08:15:46] INFO: Iteration 64/100
[28389] [2025-01-14 08:15:54] INFO: ==> Train Set: Acc: 100.00%, Loss: 0.00628548, Best model in epoch 95
[28389] [2025-01-14 08:15:56] INFO: ==> Test Set: Acc: 55.20%, Loss: 1.74639072
[28389] [2025-01-14 08:15:56] INFO: --------------------------------------------
[28389] [2025-01-14 08:15:56] INFO: Iteration 65/100
[28389] [2025-01-14 08:16:05] INFO: ==> Train Set: Acc: 100.00%, Loss: 0.00662629, Best model in epoch 92
[28389] [2025-01-14 08:16:07] INFO: ==> Test Set: Acc: 56.07%, Loss: 1.89979170
[28389] [2025-01-14 08:16:07] INFO: --------------------------------------------
[28389] [2025-01-14 08:16:07] INFO: Iteration 66/100
[28389] [2025-01-14 08:16:17] INFO: ==> Train Set: Acc: 100.00%, Loss: 0.00616554, Best model in epoch 94
[28389] [2025-01-14 08:16:18] INFO: ==> Test Set: Acc: 56.73%, Loss: 1.78881087
[28389] [2025-01-14 08:16:18] INFO: --------------------------------------------
[28389] [2025-01-14 08:16:18] INFO: Iteration 67/100
[28389] [2025-01-14 08:16:27] INFO: ==> Train Set: Acc: 100.00%, Loss: 0.00544266, Best model in epoch 91
[28389] [2025-01-14 08:16:29] INFO: ==> Test Set: Acc: 57.83%, Loss: 1.77196047
[28389] [2025-01-14 08:16:29] INFO: --------------------------------------------
[28389] [2025-01-14 08:16:29] INFO: Iteration 68/100
[28389] [2025-01-14 08:16:37] INFO: ==> Train Set: Acc: 100.00%, Loss: 0.00549740, Best model in epoch 99
[28389] [2025-01-14 08:16:38] INFO: ==> Test Set: Acc: 59.10%, Loss: 1.65209506
[28389] [2025-01-14 08:16:38] INFO: --------------------------------------------
[28389] [2025-01-14 08:16:38] INFO: Iteration 69/100
[28389] [2025-01-14 08:16:47] INFO: ==> Train Set: Acc: 100.00%, Loss: 0.00531351, Best model in epoch 85
[28389] [2025-01-14 08:16:48] INFO: ==> Test Set: Acc: 59.43%, Loss: 1.67588789
[28389] [2025-01-14 08:16:48] INFO: --------------------------------------------
[28389] [2025-01-14 08:16:48] INFO: Iteration 70/100
[28389] [2025-01-14 08:16:58] INFO: ==> Train Set: Acc: 100.00%, Loss: 0.00569956, Best model in epoch 90
[28389] [2025-01-14 08:17:00] INFO: ==> Test Set: Acc: 54.90%, Loss: 1.79580329
[28389] [2025-01-14 08:17:00] INFO: --------------------------------------------
[28389] [2025-01-14 08:17:00] INFO: Iteration 71/100
[28389] [2025-01-14 08:17:09] INFO: ==> Train Set: Acc: 100.00%, Loss: 0.00578290, Best model in epoch 76
[28389] [2025-01-14 08:17:11] INFO: ==> Test Set: Acc: 57.00%, Loss: 1.81012860
[28389] [2025-01-14 08:17:11] INFO: --------------------------------------------
[28389] [2025-01-14 08:17:11] INFO: Iteration 72/100
[28389] [2025-01-14 08:17:20] INFO: ==> Train Set: Acc: 100.00%, Loss: 0.00496437, Best model in epoch 93
[28389] [2025-01-14 08:17:23] INFO: ==> Test Set: Acc: 54.50%, Loss: 1.84558387
[28389] [2025-01-14 08:17:23] INFO: --------------------------------------------
[28389] [2025-01-14 08:17:23] INFO: Iteration 73/100
[28389] [2025-01-14 08:17:31] INFO: ==> Train Set: Acc: 100.00%, Loss: 0.00712495, Best model in epoch 94
[28389] [2025-01-14 08:17:33] INFO: ==> Test Set: Acc: 55.17%, Loss: 1.82539410
[28389] [2025-01-14 08:17:33] INFO: --------------------------------------------
[28389] [2025-01-14 08:17:33] INFO: Iteration 74/100
[28389] [2025-01-14 08:17:42] INFO: ==> Train Set: Acc: 100.00%, Loss: 0.00509447, Best model in epoch 91
[28389] [2025-01-14 08:17:44] INFO: ==> Test Set: Acc: 59.87%, Loss: 1.58422197
[28389] [2025-01-14 08:17:44] INFO: --------------------------------------------
[28389] [2025-01-14 08:17:44] INFO: Iteration 75/100
[28389] [2025-01-14 08:17:52] INFO: ==> Train Set: Acc: 100.00%, Loss: 0.00578554, Best model in epoch 90
[28389] [2025-01-14 08:17:54] INFO: ==> Test Set: Acc: 60.07%, Loss: 1.48421593
[28389] [2025-01-14 08:17:54] INFO: --------------------------------------------
[28389] [2025-01-14 08:17:54] INFO: Iteration 76/100
[28389] [2025-01-14 08:18:03] INFO: ==> Train Set: Acc: 100.00%, Loss: 0.00536037, Best model in epoch 96
[28389] [2025-01-14 08:18:05] INFO: ==> Test Set: Acc: 59.93%, Loss: 1.84132592
[28389] [2025-01-14 08:18:05] INFO: --------------------------------------------
[28389] [2025-01-14 08:18:05] INFO: Iteration 77/100
[28389] [2025-01-14 08:18:13] INFO: ==> Train Set: Acc: 100.00%, Loss: 0.00598688, Best model in epoch 98
[28389] [2025-01-14 08:18:16] INFO: ==> Test Set: Acc: 53.20%, Loss: 1.86915917
[28389] [2025-01-14 08:18:16] INFO: --------------------------------------------
[28389] [2025-01-14 08:18:16] INFO: Iteration 78/100
[28389] [2025-01-14 08:18:25] INFO: ==> Train Set: Acc: 100.00%, Loss: 0.00725739, Best model in epoch 76
[28389] [2025-01-14 08:18:26] INFO: ==> Test Set: Acc: 62.93%, Loss: 1.50322443
[28389] [2025-01-14 08:18:26] INFO: --------------------------------------------
[28389] [2025-01-14 08:18:26] INFO: Iteration 79/100
[28389] [2025-01-14 08:18:34] INFO: ==> Train Set: Acc: 100.00%, Loss: 0.00574683, Best model in epoch 75
[28389] [2025-01-14 08:18:36] INFO: ==> Test Set: Acc: 60.37%, Loss: 1.62811381
[28389] [2025-01-14 08:18:36] INFO: --------------------------------------------
[28389] [2025-01-14 08:18:36] INFO: Iteration 80/100
[28389] [2025-01-14 08:18:44] INFO: ==> Train Set: Acc: 100.00%, Loss: 0.00615376, Best model in epoch 89
[28389] [2025-01-14 08:18:47] INFO: ==> Test Set: Acc: 51.17%, Loss: 2.11283944
[28389] [2025-01-14 08:18:47] INFO: --------------------------------------------
[28389] [2025-01-14 08:18:47] INFO: Iteration 81/100
[28389] [2025-01-14 08:18:56] INFO: ==> Train Set: Acc: 100.00%, Loss: 0.00560653, Best model in epoch 90
[28389] [2025-01-14 08:18:57] INFO: ==> Test Set: Acc: 58.47%, Loss: 1.66115698
[28389] [2025-01-14 08:18:57] INFO: --------------------------------------------
[28389] [2025-01-14 08:18:57] INFO: Iteration 82/100
[28389] [2025-01-14 08:19:05] INFO: ==> Train Set: Acc: 100.00%, Loss: 0.00552575, Best model in epoch 93
[28389] [2025-01-14 08:19:07] INFO: ==> Test Set: Acc: 54.70%, Loss: 1.90693852
[28389] [2025-01-14 08:19:07] INFO: --------------------------------------------
[28389] [2025-01-14 08:19:07] INFO: Iteration 83/100
[28389] [2025-01-14 08:19:15] INFO: ==> Train Set: Acc: 100.00%, Loss: 0.00736085, Best model in epoch 88
[28389] [2025-01-14 08:19:18] INFO: ==> Test Set: Acc: 57.37%, Loss: 1.88163803
[28389] [2025-01-14 08:19:18] INFO: --------------------------------------------
[28389] [2025-01-14 08:19:18] INFO: Iteration 84/100
[28389] [2025-01-14 08:19:27] INFO: ==> Train Set: Acc: 100.00%, Loss: 0.00550534, Best model in epoch 96
[28389] [2025-01-14 08:19:29] INFO: ==> Test Set: Acc: 61.33%, Loss: 1.56115662
[28389] [2025-01-14 08:19:29] INFO: --------------------------------------------
[28389] [2025-01-14 08:19:29] INFO: Iteration 85/100
[28389] [2025-01-14 08:19:37] INFO: ==> Train Set: Acc: 100.00%, Loss: 0.00517402, Best model in epoch 88
[28389] [2025-01-14 08:19:39] INFO: ==> Test Set: Acc: 54.03%, Loss: 1.94317380
[28389] [2025-01-14 08:19:39] INFO: --------------------------------------------
[28389] [2025-01-14 08:19:39] INFO: Iteration 86/100
[28389] [2025-01-14 08:19:47] INFO: ==> Train Set: Acc: 100.00%, Loss: 0.00539573, Best model in epoch 96
[28389] [2025-01-14 08:19:49] INFO: ==> Test Set: Acc: 58.77%, Loss: 1.76203846
[28389] [2025-01-14 08:19:49] INFO: --------------------------------------------
[28389] [2025-01-14 08:19:49] INFO: Iteration 87/100
[28389] [2025-01-14 08:19:58] INFO: ==> Train Set: Acc: 100.00%, Loss: 0.00457302, Best model in epoch 96
[28389] [2025-01-14 08:20:00] INFO: ==> Test Set: Acc: 58.47%, Loss: 1.54252087
[28389] [2025-01-14 08:20:00] INFO: --------------------------------------------
[28389] [2025-01-14 08:20:00] INFO: Iteration 88/100
[28389] [2025-01-14 08:20:09] INFO: ==> Train Set: Acc: 100.00%, Loss: 0.00494353, Best model in epoch 86
[28389] [2025-01-14 08:20:11] INFO: ==> Test Set: Acc: 54.00%, Loss: 2.00096656
[28389] [2025-01-14 08:20:11] INFO: --------------------------------------------
[28389] [2025-01-14 08:20:11] INFO: Iteration 89/100
[28389] [2025-01-14 08:20:19] INFO: ==> Train Set: Acc: 100.00%, Loss: 0.00563292, Best model in epoch 97
[28389] [2025-01-14 08:20:21] INFO: ==> Test Set: Acc: 57.00%, Loss: 1.73331012
[28389] [2025-01-14 08:20:21] INFO: --------------------------------------------
[28389] [2025-01-14 08:20:21] INFO: Iteration 90/100
[28389] [2025-01-14 08:20:30] INFO: ==> Train Set: Acc: 100.00%, Loss: 0.00472395, Best model in epoch 95
[28389] [2025-01-14 08:20:32] INFO: ==> Test Set: Acc: 56.43%, Loss: 1.78841697
[28389] [2025-01-14 08:20:32] INFO: --------------------------------------------
[28389] [2025-01-14 08:20:32] INFO: Iteration 91/100
[28389] [2025-01-14 08:20:41] INFO: ==> Train Set: Acc: 100.00%, Loss: 0.00635782, Best model in epoch 84
[28389] [2025-01-14 08:20:42] INFO: ==> Test Set: Acc: 63.40%, Loss: 1.43061655
[28389] [2025-01-14 08:20:42] INFO: --------------------------------------------
[28389] [2025-01-14 08:20:42] INFO: Iteration 92/100
[28389] [2025-01-14 08:20:51] INFO: ==> Train Set: Acc: 100.00%, Loss: 0.00660048, Best model in epoch 94
[28389] [2025-01-14 08:20:52] INFO: ==> Test Set: Acc: 61.23%, Loss: 1.66091221
[28389] [2025-01-14 08:20:52] INFO: --------------------------------------------
[28389] [2025-01-14 08:20:52] INFO: Iteration 93/100
[28389] [2025-01-14 08:21:02] INFO: ==> Train Set: Acc: 100.00%, Loss: 0.00517601, Best model in epoch 98
[28389] [2025-01-14 08:21:04] INFO: ==> Test Set: Acc: 58.07%, Loss: 1.74257996
[28389] [2025-01-14 08:21:04] INFO: --------------------------------------------
[28389] [2025-01-14 08:21:04] INFO: Iteration 94/100
[28389] [2025-01-14 08:21:12] INFO: ==> Train Set: Acc: 100.00%, Loss: 0.00571321, Best model in epoch 94
[28389] [2025-01-14 08:21:14] INFO: ==> Test Set: Acc: 55.30%, Loss: 1.65898115
[28389] [2025-01-14 08:21:14] INFO: --------------------------------------------
[28389] [2025-01-14 08:21:14] INFO: Iteration 95/100
[28389] [2025-01-14 08:21:22] INFO: ==> Train Set: Acc: 100.00%, Loss: 0.00583281, Best model in epoch 93
[28389] [2025-01-14 08:21:25] INFO: ==> Test Set: Acc: 61.67%, Loss: 1.64183645
[28389] [2025-01-14 08:21:25] INFO: --------------------------------------------
[28389] [2025-01-14 08:21:25] INFO: Iteration 96/100
[28389] [2025-01-14 08:21:33] INFO: ==> Train Set: Acc: 100.00%, Loss: 0.00594331, Best model in epoch 90
[28389] [2025-01-14 08:21:35] INFO: ==> Test Set: Acc: 58.10%, Loss: 1.64449532
[28389] [2025-01-14 08:21:35] INFO: --------------------------------------------
[28389] [2025-01-14 08:21:35] INFO: Iteration 97/100
[28389] [2025-01-14 08:21:44] INFO: ==> Train Set: Acc: 100.00%, Loss: 0.00513926, Best model in epoch 87
[28389] [2025-01-14 08:21:46] INFO: ==> Test Set: Acc: 61.67%, Loss: 1.62813869
[28389] [2025-01-14 08:21:46] INFO: --------------------------------------------
[28389] [2025-01-14 08:21:46] INFO: Iteration 98/100
[28389] [2025-01-14 08:21:54] INFO: ==> Train Set: Acc: 100.00%, Loss: 0.00478262, Best model in epoch 99
[28389] [2025-01-14 08:21:57] INFO: ==> Test Set: Acc: 55.70%, Loss: 2.02517990
[28389] [2025-01-14 08:21:57] INFO: --------------------------------------------
[28389] [2025-01-14 08:21:57] INFO: Iteration 99/100
[28389] [2025-01-14 08:22:06] INFO: ==> Train Set: Acc: 100.00%, Loss: 0.00541993, Best model in epoch 87
[28389] [2025-01-14 08:22:08] INFO: ==> Test Set: Acc: 61.77%, Loss: 1.53060019
[28389] [2025-01-14 08:22:08] INFO: --------------------------------------------
[28389] [2025-01-14 08:22:08] INFO: Iteration 100/100
[28389] [2025-01-14 08:22:16] INFO: ==> Train Set: Acc: 100.00%, Loss: 0.00763366, Best model in epoch 94
[28389] [2025-01-14 08:22:19] INFO: ==> Test Set: Acc: 59.43%, Loss: 1.83799102
