[18622] [2025-01-14 08:27:00] INFO: ==> Running file: /autodl-fs/data/PythonProject/P3MC/downstream_svm.py
[18622] [2025-01-14 08:27:00] INFO: ==> Config: {'exp_name': 'CVTSLANet_SVM_ads-b_iq_PT_powerNorm_FT_powerNorm', 'exp_type': 'Downstream_random_rot', 'random_seed': 2024, 'platform': 'linux', 'device': 'cuda', 'iteration': 100, 'epoch': 100, 'dataset': {'name': 'ads-b', 'root': '~/Datasets/ADS-B', 'type': 'iq', 'normalize': 'power', 'train_batch_size': 30, 'test_batch_size': 30, 'ratio': 0.2, 'num_classes': 30, 'shot': 15, 'snr': None}, 'encoder': {'name': 'CVTSLANet', 'root': 'models/KANTSLANet2Feature.py', 'feature_dim': 1024, 'pretrain_path': './runs/Pretext_random_rot/CVTSLANet_ads-b_iq_powerNorm/best_encoder.pth', 'TSLA_config': {'seq_len': 4800, 'patch_size': 32, 'num_channels': 2, 'emb_dim': 256, 'depth': 3, 'dropout_rate': 0.3}}, 'classifier': {'name': 'svm', 'root': '', 'in_dim': 1024, 'ratio': 0.2, 'num_classes': 30}, 'optimizer': {'lr': 0.001, 'weight_decay': 0}, 'extra_info': '', 'exp_path': 'runs/Downstream_random_rot/CVTSLANet_SVM_ads-b_iq_PT_powerNorm_FT_powerNorm/15Shot/0114_082700', 'save_path': 'runs/Downstream_random_rot/CVTSLANet_SVM_ads-b_iq_PT_powerNorm_FT_powerNorm'}
[18622] [2025-01-14 08:27:00] INFO: --------------------------------------------
[18622] [2025-01-14 08:27:00] INFO: Iteration 1/100
[18622] [2025-01-14 08:27:07] INFO: Acc: 87.73%
[18622] [2025-01-14 08:27:07] INFO: --------------------------------------------
[18622] [2025-01-14 08:27:07] INFO: Iteration 2/100
[18622] [2025-01-14 08:27:13] INFO: Acc: 87.93%
[18622] [2025-01-14 08:27:13] INFO: --------------------------------------------
[18622] [2025-01-14 08:27:13] INFO: Iteration 3/100
[18622] [2025-01-14 08:27:20] INFO: Acc: 88.20%
[18622] [2025-01-14 08:27:20] INFO: --------------------------------------------
[18622] [2025-01-14 08:27:20] INFO: Iteration 4/100
[18622] [2025-01-14 08:27:27] INFO: Acc: 88.37%
[18622] [2025-01-14 08:27:27] INFO: --------------------------------------------
[18622] [2025-01-14 08:27:27] INFO: Iteration 5/100
[18622] [2025-01-14 08:27:33] INFO: Acc: 87.70%
[18622] [2025-01-14 08:27:33] INFO: --------------------------------------------
[18622] [2025-01-14 08:27:33] INFO: Iteration 6/100
[18622] [2025-01-14 08:27:40] INFO: Acc: 88.03%
[18622] [2025-01-14 08:27:40] INFO: --------------------------------------------
[18622] [2025-01-14 08:27:40] INFO: Iteration 7/100
[18622] [2025-01-14 08:27:46] INFO: Acc: 87.20%
[18622] [2025-01-14 08:27:46] INFO: --------------------------------------------
[18622] [2025-01-14 08:27:46] INFO: Iteration 8/100
[18622] [2025-01-14 08:27:52] INFO: Acc: 87.10%
[18622] [2025-01-14 08:27:52] INFO: --------------------------------------------
[18622] [2025-01-14 08:27:52] INFO: Iteration 9/100
[18622] [2025-01-14 08:27:58] INFO: Acc: 89.03%
[18622] [2025-01-14 08:27:58] INFO: --------------------------------------------
[18622] [2025-01-14 08:27:58] INFO: Iteration 10/100
[18622] [2025-01-14 08:28:04] INFO: Acc: 88.07%
[18622] [2025-01-14 08:28:04] INFO: --------------------------------------------
[18622] [2025-01-14 08:28:04] INFO: Iteration 11/100
[18622] [2025-01-14 08:28:11] INFO: Acc: 86.57%
[18622] [2025-01-14 08:28:11] INFO: --------------------------------------------
[18622] [2025-01-14 08:28:11] INFO: Iteration 12/100
[18622] [2025-01-14 08:28:17] INFO: Acc: 86.70%
[18622] [2025-01-14 08:28:17] INFO: --------------------------------------------
[18622] [2025-01-14 08:28:17] INFO: Iteration 13/100
[18622] [2025-01-14 08:28:24] INFO: Acc: 88.27%
[18622] [2025-01-14 08:28:24] INFO: --------------------------------------------
[18622] [2025-01-14 08:28:24] INFO: Iteration 14/100
[18622] [2025-01-14 08:28:31] INFO: Acc: 87.93%
[18622] [2025-01-14 08:28:31] INFO: --------------------------------------------
[18622] [2025-01-14 08:28:31] INFO: Iteration 15/100
[18622] [2025-01-14 08:28:37] INFO: Acc: 88.07%
[18622] [2025-01-14 08:28:37] INFO: --------------------------------------------
[18622] [2025-01-14 08:28:37] INFO: Iteration 16/100
[18622] [2025-01-14 08:28:44] INFO: Acc: 88.00%
[18622] [2025-01-14 08:28:44] INFO: --------------------------------------------
[18622] [2025-01-14 08:28:44] INFO: Iteration 17/100
[18622] [2025-01-14 08:28:51] INFO: Acc: 88.53%
[18622] [2025-01-14 08:28:51] INFO: --------------------------------------------
[18622] [2025-01-14 08:28:51] INFO: Iteration 18/100
[18622] [2025-01-14 08:28:56] INFO: Acc: 88.67%
[18622] [2025-01-14 08:28:57] INFO: --------------------------------------------
[18622] [2025-01-14 08:28:57] INFO: Iteration 19/100
[18622] [2025-01-14 08:29:03] INFO: Acc: 88.97%
[18622] [2025-01-14 08:29:03] INFO: --------------------------------------------
[18622] [2025-01-14 08:29:03] INFO: Iteration 20/100
[18622] [2025-01-14 08:29:11] INFO: Acc: 88.67%
[18622] [2025-01-14 08:29:11] INFO: --------------------------------------------
[18622] [2025-01-14 08:29:11] INFO: Iteration 21/100
[18622] [2025-01-14 08:29:18] INFO: Acc: 88.00%
[18622] [2025-01-14 08:29:18] INFO: --------------------------------------------
[18622] [2025-01-14 08:29:18] INFO: Iteration 22/100
[18622] [2025-01-14 08:29:24] INFO: Acc: 87.83%
[18622] [2025-01-14 08:29:24] INFO: --------------------------------------------
[18622] [2025-01-14 08:29:24] INFO: Iteration 23/100
[18622] [2025-01-14 08:29:29] INFO: Acc: 88.93%
[18622] [2025-01-14 08:29:29] INFO: --------------------------------------------
[18622] [2025-01-14 08:29:29] INFO: Iteration 24/100
[18622] [2025-01-14 08:29:34] INFO: Acc: 87.90%
[18622] [2025-01-14 08:29:34] INFO: --------------------------------------------
[18622] [2025-01-14 08:29:34] INFO: Iteration 25/100
[18622] [2025-01-14 08:29:41] INFO: Acc: 88.13%
[18622] [2025-01-14 08:29:41] INFO: --------------------------------------------
[18622] [2025-01-14 08:29:41] INFO: Iteration 26/100
[18622] [2025-01-14 08:29:47] INFO: Acc: 87.00%
[18622] [2025-01-14 08:29:47] INFO: --------------------------------------------
[18622] [2025-01-14 08:29:47] INFO: Iteration 27/100
[18622] [2025-01-14 08:29:53] INFO: Acc: 88.17%
[18622] [2025-01-14 08:29:53] INFO: --------------------------------------------
[18622] [2025-01-14 08:29:53] INFO: Iteration 28/100
[18622] [2025-01-14 08:29:59] INFO: Acc: 86.73%
[18622] [2025-01-14 08:29:59] INFO: --------------------------------------------
[18622] [2025-01-14 08:29:59] INFO: Iteration 29/100
[18622] [2025-01-14 08:30:04] INFO: Acc: 88.13%
[18622] [2025-01-14 08:30:04] INFO: --------------------------------------------
[18622] [2025-01-14 08:30:04] INFO: Iteration 30/100
[18622] [2025-01-14 08:30:11] INFO: Acc: 87.73%
[18622] [2025-01-14 08:30:12] INFO: --------------------------------------------
[18622] [2025-01-14 08:30:12] INFO: Iteration 31/100
[18622] [2025-01-14 08:30:18] INFO: Acc: 87.23%
[18622] [2025-01-14 08:30:18] INFO: --------------------------------------------
[18622] [2025-01-14 08:30:18] INFO: Iteration 32/100
[18622] [2025-01-14 08:30:24] INFO: Acc: 88.17%
[18622] [2025-01-14 08:30:24] INFO: --------------------------------------------
[18622] [2025-01-14 08:30:24] INFO: Iteration 33/100
[18622] [2025-01-14 08:30:30] INFO: Acc: 88.03%
[18622] [2025-01-14 08:30:31] INFO: --------------------------------------------
[18622] [2025-01-14 08:30:31] INFO: Iteration 34/100
[18622] [2025-01-14 08:30:36] INFO: Acc: 88.07%
[18622] [2025-01-14 08:30:36] INFO: --------------------------------------------
[18622] [2025-01-14 08:30:36] INFO: Iteration 35/100
[18622] [2025-01-14 08:30:43] INFO: Acc: 88.00%
[18622] [2025-01-14 08:30:43] INFO: --------------------------------------------
[18622] [2025-01-14 08:30:43] INFO: Iteration 36/100
[18622] [2025-01-14 08:30:49] INFO: Acc: 88.43%
[18622] [2025-01-14 08:30:49] INFO: --------------------------------------------
[18622] [2025-01-14 08:30:49] INFO: Iteration 37/100
[18622] [2025-01-14 08:30:54] INFO: Acc: 87.77%
[18622] [2025-01-14 08:30:55] INFO: --------------------------------------------
[18622] [2025-01-14 08:30:55] INFO: Iteration 38/100
[18622] [2025-01-14 08:31:00] INFO: Acc: 86.73%
[18622] [2025-01-14 08:31:00] INFO: --------------------------------------------
[18622] [2025-01-14 08:31:00] INFO: Iteration 39/100
[18622] [2025-01-14 08:31:06] INFO: Acc: 87.77%
[18622] [2025-01-14 08:31:06] INFO: --------------------------------------------
[18622] [2025-01-14 08:31:06] INFO: Iteration 40/100
[18622] [2025-01-14 08:31:12] INFO: Acc: 87.73%
[18622] [2025-01-14 08:31:12] INFO: --------------------------------------------
[18622] [2025-01-14 08:31:12] INFO: Iteration 41/100
[18622] [2025-01-14 08:31:19] INFO: Acc: 89.23%
[18622] [2025-01-14 08:31:20] INFO: --------------------------------------------
[18622] [2025-01-14 08:31:20] INFO: Iteration 42/100
[18622] [2025-01-14 08:31:25] INFO: Acc: 88.73%
[18622] [2025-01-14 08:31:25] INFO: --------------------------------------------
[18622] [2025-01-14 08:31:25] INFO: Iteration 43/100
[18622] [2025-01-14 08:31:32] INFO: Acc: 87.50%
[18622] [2025-01-14 08:31:32] INFO: --------------------------------------------
[18622] [2025-01-14 08:31:32] INFO: Iteration 44/100
[18622] [2025-01-14 08:31:39] INFO: Acc: 86.30%
[18622] [2025-01-14 08:31:39] INFO: --------------------------------------------
[18622] [2025-01-14 08:31:39] INFO: Iteration 45/100
[18622] [2025-01-14 08:31:45] INFO: Acc: 88.20%
[18622] [2025-01-14 08:31:45] INFO: --------------------------------------------
[18622] [2025-01-14 08:31:45] INFO: Iteration 46/100
[18622] [2025-01-14 08:31:51] INFO: Acc: 88.40%
[18622] [2025-01-14 08:31:51] INFO: --------------------------------------------
[18622] [2025-01-14 08:31:51] INFO: Iteration 47/100
[18622] [2025-01-14 08:31:57] INFO: Acc: 87.63%
[18622] [2025-01-14 08:31:57] INFO: --------------------------------------------
[18622] [2025-01-14 08:31:57] INFO: Iteration 48/100
[18622] [2025-01-14 08:32:03] INFO: Acc: 88.27%
[18622] [2025-01-14 08:32:03] INFO: --------------------------------------------
[18622] [2025-01-14 08:32:03] INFO: Iteration 49/100
[18622] [2025-01-14 08:32:10] INFO: Acc: 88.13%
[18622] [2025-01-14 08:32:10] INFO: --------------------------------------------
[18622] [2025-01-14 08:32:10] INFO: Iteration 50/100
[18622] [2025-01-14 08:32:15] INFO: Acc: 87.70%
[18622] [2025-01-14 08:32:16] INFO: --------------------------------------------
[18622] [2025-01-14 08:32:16] INFO: Iteration 51/100
[18622] [2025-01-14 08:32:21] INFO: Acc: 87.60%
[18622] [2025-01-14 08:32:21] INFO: --------------------------------------------
[18622] [2025-01-14 08:32:21] INFO: Iteration 52/100
[18622] [2025-01-14 08:32:27] INFO: Acc: 88.00%
[18622] [2025-01-14 08:32:27] INFO: --------------------------------------------
[18622] [2025-01-14 08:32:27] INFO: Iteration 53/100
[18622] [2025-01-14 08:32:34] INFO: Acc: 88.00%
[18622] [2025-01-14 08:32:34] INFO: --------------------------------------------
[18622] [2025-01-14 08:32:34] INFO: Iteration 54/100
[18622] [2025-01-14 08:32:40] INFO: Acc: 88.63%
[18622] [2025-01-14 08:32:40] INFO: --------------------------------------------
[18622] [2025-01-14 08:32:40] INFO: Iteration 55/100
[18622] [2025-01-14 08:32:46] INFO: Acc: 87.60%
[18622] [2025-01-14 08:32:46] INFO: --------------------------------------------
[18622] [2025-01-14 08:32:46] INFO: Iteration 56/100
[18622] [2025-01-14 08:32:52] INFO: Acc: 86.87%
[18622] [2025-01-14 08:32:52] INFO: --------------------------------------------
[18622] [2025-01-14 08:32:52] INFO: Iteration 57/100
[18622] [2025-01-14 08:32:59] INFO: Acc: 87.67%
[18622] [2025-01-14 08:32:59] INFO: --------------------------------------------
[18622] [2025-01-14 08:32:59] INFO: Iteration 58/100
[18622] [2025-01-14 08:33:06] INFO: Acc: 89.33%
[18622] [2025-01-14 08:33:06] INFO: --------------------------------------------
[18622] [2025-01-14 08:33:06] INFO: Iteration 59/100
[18622] [2025-01-14 08:33:12] INFO: Acc: 87.10%
[18622] [2025-01-14 08:33:12] INFO: --------------------------------------------
[18622] [2025-01-14 08:33:12] INFO: Iteration 60/100
[18622] [2025-01-14 08:33:18] INFO: Acc: 87.53%
[18622] [2025-01-14 08:33:18] INFO: --------------------------------------------
[18622] [2025-01-14 08:33:18] INFO: Iteration 61/100
[18622] [2025-01-14 08:33:25] INFO: Acc: 87.60%
[18622] [2025-01-14 08:33:25] INFO: --------------------------------------------
[18622] [2025-01-14 08:33:25] INFO: Iteration 62/100
[18622] [2025-01-14 08:33:32] INFO: Acc: 88.83%
[18622] [2025-01-14 08:33:32] INFO: --------------------------------------------
[18622] [2025-01-14 08:33:32] INFO: Iteration 63/100
[18622] [2025-01-14 08:33:36] INFO: Acc: 87.00%
[18622] [2025-01-14 08:33:37] INFO: --------------------------------------------
[18622] [2025-01-14 08:33:37] INFO: Iteration 64/100
[18622] [2025-01-14 08:33:43] INFO: Acc: 86.93%
[18622] [2025-01-14 08:33:43] INFO: --------------------------------------------
[18622] [2025-01-14 08:33:43] INFO: Iteration 65/100
[18622] [2025-01-14 08:33:49] INFO: Acc: 87.93%
[18622] [2025-01-14 08:33:49] INFO: --------------------------------------------
[18622] [2025-01-14 08:33:49] INFO: Iteration 66/100
[18622] [2025-01-14 08:33:56] INFO: Acc: 88.23%
[18622] [2025-01-14 08:33:57] INFO: --------------------------------------------
[18622] [2025-01-14 08:33:57] INFO: Iteration 67/100
[18622] [2025-01-14 08:34:04] INFO: Acc: 88.13%
[18622] [2025-01-14 08:34:04] INFO: --------------------------------------------
[18622] [2025-01-14 08:34:04] INFO: Iteration 68/100
[18622] [2025-01-14 08:34:10] INFO: Acc: 87.13%
[18622] [2025-01-14 08:34:10] INFO: --------------------------------------------
[18622] [2025-01-14 08:34:10] INFO: Iteration 69/100
[18622] [2025-01-14 08:34:16] INFO: Acc: 87.90%
[18622] [2025-01-14 08:34:16] INFO: --------------------------------------------
[18622] [2025-01-14 08:34:16] INFO: Iteration 70/100
[18622] [2025-01-14 08:34:21] INFO: Acc: 86.40%
[18622] [2025-01-14 08:34:22] INFO: --------------------------------------------
[18622] [2025-01-14 08:34:22] INFO: Iteration 71/100
[18622] [2025-01-14 08:34:26] INFO: Acc: 87.87%
[18622] [2025-01-14 08:34:27] INFO: --------------------------------------------
[18622] [2025-01-14 08:34:27] INFO: Iteration 72/100
[18622] [2025-01-14 08:34:33] INFO: Acc: 86.73%
[18622] [2025-01-14 08:34:33] INFO: --------------------------------------------
[18622] [2025-01-14 08:34:33] INFO: Iteration 73/100
[18622] [2025-01-14 08:34:40] INFO: Acc: 87.97%
[18622] [2025-01-14 08:34:40] INFO: --------------------------------------------
[18622] [2025-01-14 08:34:40] INFO: Iteration 74/100
[18622] [2025-01-14 08:34:46] INFO: Acc: 86.57%
[18622] [2025-01-14 08:34:46] INFO: --------------------------------------------
[18622] [2025-01-14 08:34:46] INFO: Iteration 75/100
[18622] [2025-01-14 08:34:53] INFO: Acc: 88.13%
[18622] [2025-01-14 08:34:53] INFO: --------------------------------------------
[18622] [2025-01-14 08:34:53] INFO: Iteration 76/100
[18622] [2025-01-14 08:34:59] INFO: Acc: 87.87%
[18622] [2025-01-14 08:34:59] INFO: --------------------------------------------
[18622] [2025-01-14 08:34:59] INFO: Iteration 77/100
[18622] [2025-01-14 08:35:06] INFO: Acc: 88.37%
[18622] [2025-01-14 08:35:06] INFO: --------------------------------------------
[18622] [2025-01-14 08:35:06] INFO: Iteration 78/100
[18622] [2025-01-14 08:35:13] INFO: Acc: 87.50%
[18622] [2025-01-14 08:35:13] INFO: --------------------------------------------
[18622] [2025-01-14 08:35:13] INFO: Iteration 79/100
[18622] [2025-01-14 08:35:20] INFO: Acc: 87.57%
[18622] [2025-01-14 08:35:20] INFO: --------------------------------------------
[18622] [2025-01-14 08:35:20] INFO: Iteration 80/100
[18622] [2025-01-14 08:35:26] INFO: Acc: 88.47%
[18622] [2025-01-14 08:35:26] INFO: --------------------------------------------
[18622] [2025-01-14 08:35:26] INFO: Iteration 81/100
[18622] [2025-01-14 08:35:33] INFO: Acc: 88.13%
[18622] [2025-01-14 08:35:33] INFO: --------------------------------------------
[18622] [2025-01-14 08:35:33] INFO: Iteration 82/100
[18622] [2025-01-14 08:35:39] INFO: Acc: 88.30%
[18622] [2025-01-14 08:35:39] INFO: --------------------------------------------
[18622] [2025-01-14 08:35:39] INFO: Iteration 83/100
[18622] [2025-01-14 08:35:45] INFO: Acc: 88.17%
[18622] [2025-01-14 08:35:45] INFO: --------------------------------------------
[18622] [2025-01-14 08:35:45] INFO: Iteration 84/100
[18622] [2025-01-14 08:35:51] INFO: Acc: 87.43%
[18622] [2025-01-14 08:35:51] INFO: --------------------------------------------
[18622] [2025-01-14 08:35:51] INFO: Iteration 85/100
[18622] [2025-01-14 08:35:55] INFO: Acc: 88.10%
[18622] [2025-01-14 08:35:55] INFO: --------------------------------------------
[18622] [2025-01-14 08:35:55] INFO: Iteration 86/100
[18622] [2025-01-14 08:36:02] INFO: Acc: 88.80%
[18622] [2025-01-14 08:36:02] INFO: --------------------------------------------
[18622] [2025-01-14 08:36:02] INFO: Iteration 87/100
[18622] [2025-01-14 08:36:09] INFO: Acc: 87.77%
[18622] [2025-01-14 08:36:09] INFO: --------------------------------------------
[18622] [2025-01-14 08:36:09] INFO: Iteration 88/100
[18622] [2025-01-14 08:36:15] INFO: Acc: 89.27%
[18622] [2025-01-14 08:36:15] INFO: --------------------------------------------
[18622] [2025-01-14 08:36:15] INFO: Iteration 89/100
[18622] [2025-01-14 08:36:21] INFO: Acc: 86.53%
[18622] [2025-01-14 08:36:21] INFO: --------------------------------------------
[18622] [2025-01-14 08:36:21] INFO: Iteration 90/100
[18622] [2025-01-14 08:36:28] INFO: Acc: 88.13%
[18622] [2025-01-14 08:36:28] INFO: --------------------------------------------
[18622] [2025-01-14 08:36:28] INFO: Iteration 91/100
[18622] [2025-01-14 08:36:36] INFO: Acc: 88.27%
[18622] [2025-01-14 08:36:36] INFO: --------------------------------------------
[18622] [2025-01-14 08:36:36] INFO: Iteration 92/100
[18622] [2025-01-14 08:36:43] INFO: Acc: 88.07%
[18622] [2025-01-14 08:36:43] INFO: --------------------------------------------
[18622] [2025-01-14 08:36:43] INFO: Iteration 93/100
[18622] [2025-01-14 08:36:49] INFO: Acc: 86.93%
[18622] [2025-01-14 08:36:49] INFO: --------------------------------------------
[18622] [2025-01-14 08:36:49] INFO: Iteration 94/100
[18622] [2025-01-14 08:36:56] INFO: Acc: 88.60%
[18622] [2025-01-14 08:36:56] INFO: --------------------------------------------
[18622] [2025-01-14 08:36:56] INFO: Iteration 95/100
[18622] [2025-01-14 08:37:03] INFO: Acc: 87.83%
[18622] [2025-01-14 08:37:03] INFO: --------------------------------------------
[18622] [2025-01-14 08:37:03] INFO: Iteration 96/100
[18622] [2025-01-14 08:37:09] INFO: Acc: 87.50%
[18622] [2025-01-14 08:37:09] INFO: --------------------------------------------
[18622] [2025-01-14 08:37:09] INFO: Iteration 97/100
[18622] [2025-01-14 08:37:15] INFO: Acc: 88.63%
[18622] [2025-01-14 08:37:15] INFO: --------------------------------------------
[18622] [2025-01-14 08:37:15] INFO: Iteration 98/100
[18622] [2025-01-14 08:37:21] INFO: Acc: 86.23%
[18622] [2025-01-14 08:37:21] INFO: --------------------------------------------
[18622] [2025-01-14 08:37:21] INFO: Iteration 99/100
[18622] [2025-01-14 08:37:27] INFO: Acc: 86.70%
[18622] [2025-01-14 08:37:27] INFO: --------------------------------------------
[18622] [2025-01-14 08:37:27] INFO: Iteration 100/100
[18622] [2025-01-14 08:37:34] INFO: Acc: 88.30%
