[18622] [2025-01-14 08:17:46] INFO: ==> Running file: /autodl-fs/data/PythonProject/P3MC/downstream_svm.py
[18622] [2025-01-14 08:17:46] INFO: ==> Config: {'exp_name': 'CVTSLANet_SVM_ads-b_iq_PT_powerNorm_FT_powerNorm', 'exp_type': 'Downstream_random_rot', 'random_seed': 2024, 'platform': 'linux', 'device': 'cuda', 'iteration': 100, 'epoch': 100, 'dataset': {'name': 'ads-b', 'root': '~/Datasets/ADS-B', 'type': 'iq', 'normalize': 'power', 'train_batch_size': 30, 'test_batch_size': 30, 'ratio': 0.2, 'num_classes': 30, 'shot': 10, 'snr': None}, 'encoder': {'name': 'CVTSLANet', 'root': 'models/KANTSLANet2Feature.py', 'feature_dim': 1024, 'pretrain_path': './runs/Pretext_random_rot/CVTSLANet_ads-b_iq_powerNorm/best_encoder.pth', 'TSLA_config': {'seq_len': 4800, 'patch_size': 32, 'num_channels': 2, 'emb_dim': 256, 'depth': 3, 'dropout_rate': 0.3}}, 'classifier': {'name': 'svm', 'root': '', 'in_dim': 1024, 'ratio': 0.2, 'num_classes': 30}, 'optimizer': {'lr': 0.001, 'weight_decay': 0}, 'extra_info': '', 'exp_path': 'runs/Downstream_random_rot/CVTSLANet_SVM_ads-b_iq_PT_powerNorm_FT_powerNorm/10Shot/0114_081746', 'save_path': 'runs/Downstream_random_rot/CVTSLANet_SVM_ads-b_iq_PT_powerNorm_FT_powerNorm'}
[18622] [2025-01-14 08:17:46] INFO: --------------------------------------------
[18622] [2025-01-14 08:17:46] INFO: Iteration 1/100
[18622] [2025-01-14 08:17:51] INFO: Acc: 85.27%
[18622] [2025-01-14 08:17:51] INFO: --------------------------------------------
[18622] [2025-01-14 08:17:51] INFO: Iteration 2/100
[18622] [2025-01-14 08:17:55] INFO: Acc: 84.40%
[18622] [2025-01-14 08:17:55] INFO: --------------------------------------------
[18622] [2025-01-14 08:17:55] INFO: Iteration 3/100
[18622] [2025-01-14 08:18:02] INFO: Acc: 84.50%
[18622] [2025-01-14 08:18:02] INFO: --------------------------------------------
[18622] [2025-01-14 08:18:02] INFO: Iteration 4/100
[18622] [2025-01-14 08:18:07] INFO: Acc: 85.33%
[18622] [2025-01-14 08:18:07] INFO: --------------------------------------------
[18622] [2025-01-14 08:18:07] INFO: Iteration 5/100
[18622] [2025-01-14 08:18:13] INFO: Acc: 84.33%
[18622] [2025-01-14 08:18:13] INFO: --------------------------------------------
[18622] [2025-01-14 08:18:13] INFO: Iteration 6/100
[18622] [2025-01-14 08:18:18] INFO: Acc: 84.33%
[18622] [2025-01-14 08:18:18] INFO: --------------------------------------------
[18622] [2025-01-14 08:18:18] INFO: Iteration 7/100
[18622] [2025-01-14 08:18:24] INFO: Acc: 81.97%
[18622] [2025-01-14 08:18:24] INFO: --------------------------------------------
[18622] [2025-01-14 08:18:24] INFO: Iteration 8/100
[18622] [2025-01-14 08:18:28] INFO: Acc: 85.77%
[18622] [2025-01-14 08:18:28] INFO: --------------------------------------------
[18622] [2025-01-14 08:18:28] INFO: Iteration 9/100
[18622] [2025-01-14 08:18:34] INFO: Acc: 86.83%
[18622] [2025-01-14 08:18:34] INFO: --------------------------------------------
[18622] [2025-01-14 08:18:34] INFO: Iteration 10/100
[18622] [2025-01-14 08:18:38] INFO: Acc: 86.13%
[18622] [2025-01-14 08:18:39] INFO: --------------------------------------------
[18622] [2025-01-14 08:18:39] INFO: Iteration 11/100
[18622] [2025-01-14 08:18:44] INFO: Acc: 85.00%
[18622] [2025-01-14 08:18:44] INFO: --------------------------------------------
[18622] [2025-01-14 08:18:44] INFO: Iteration 12/100
[18622] [2025-01-14 08:18:48] INFO: Acc: 85.30%
[18622] [2025-01-14 08:18:49] INFO: --------------------------------------------
[18622] [2025-01-14 08:18:49] INFO: Iteration 13/100
[18622] [2025-01-14 08:18:54] INFO: Acc: 86.67%
[18622] [2025-01-14 08:18:54] INFO: --------------------------------------------
[18622] [2025-01-14 08:18:54] INFO: Iteration 14/100
[18622] [2025-01-14 08:19:00] INFO: Acc: 87.03%
[18622] [2025-01-14 08:19:00] INFO: --------------------------------------------
[18622] [2025-01-14 08:19:00] INFO: Iteration 15/100
[18622] [2025-01-14 08:19:07] INFO: Acc: 85.97%
[18622] [2025-01-14 08:19:07] INFO: --------------------------------------------
[18622] [2025-01-14 08:19:07] INFO: Iteration 16/100
[18622] [2025-01-14 08:19:13] INFO: Acc: 83.97%
[18622] [2025-01-14 08:19:13] INFO: --------------------------------------------
[18622] [2025-01-14 08:19:13] INFO: Iteration 17/100
[18622] [2025-01-14 08:19:18] INFO: Acc: 84.50%
[18622] [2025-01-14 08:19:18] INFO: --------------------------------------------
[18622] [2025-01-14 08:19:18] INFO: Iteration 18/100
[18622] [2025-01-14 08:19:22] INFO: Acc: 85.67%
[18622] [2025-01-14 08:19:22] INFO: --------------------------------------------
[18622] [2025-01-14 08:19:22] INFO: Iteration 19/100
[18622] [2025-01-14 08:19:27] INFO: Acc: 84.10%
[18622] [2025-01-14 08:19:27] INFO: --------------------------------------------
[18622] [2025-01-14 08:19:27] INFO: Iteration 20/100
[18622] [2025-01-14 08:19:32] INFO: Acc: 86.73%
[18622] [2025-01-14 08:19:32] INFO: --------------------------------------------
[18622] [2025-01-14 08:19:32] INFO: Iteration 21/100
[18622] [2025-01-14 08:19:38] INFO: Acc: 84.37%
[18622] [2025-01-14 08:19:38] INFO: --------------------------------------------
[18622] [2025-01-14 08:19:38] INFO: Iteration 22/100
[18622] [2025-01-14 08:19:43] INFO: Acc: 87.30%
[18622] [2025-01-14 08:19:43] INFO: --------------------------------------------
[18622] [2025-01-14 08:19:43] INFO: Iteration 23/100
[18622] [2025-01-14 08:19:49] INFO: Acc: 83.90%
[18622] [2025-01-14 08:19:49] INFO: --------------------------------------------
[18622] [2025-01-14 08:19:49] INFO: Iteration 24/100
[18622] [2025-01-14 08:19:54] INFO: Acc: 86.17%
[18622] [2025-01-14 08:19:54] INFO: --------------------------------------------
[18622] [2025-01-14 08:19:54] INFO: Iteration 25/100
[18622] [2025-01-14 08:19:59] INFO: Acc: 85.60%
[18622] [2025-01-14 08:19:59] INFO: --------------------------------------------
[18622] [2025-01-14 08:19:59] INFO: Iteration 26/100
[18622] [2025-01-14 08:20:05] INFO: Acc: 85.73%
[18622] [2025-01-14 08:20:05] INFO: --------------------------------------------
[18622] [2025-01-14 08:20:05] INFO: Iteration 27/100
[18622] [2025-01-14 08:20:11] INFO: Acc: 87.27%
[18622] [2025-01-14 08:20:11] INFO: --------------------------------------------
[18622] [2025-01-14 08:20:11] INFO: Iteration 28/100
[18622] [2025-01-14 08:20:16] INFO: Acc: 86.43%
[18622] [2025-01-14 08:20:16] INFO: --------------------------------------------
[18622] [2025-01-14 08:20:16] INFO: Iteration 29/100
[18622] [2025-01-14 08:20:21] INFO: Acc: 84.50%
[18622] [2025-01-14 08:20:21] INFO: --------------------------------------------
[18622] [2025-01-14 08:20:21] INFO: Iteration 30/100
[18622] [2025-01-14 08:20:25] INFO: Acc: 85.63%
[18622] [2025-01-14 08:20:25] INFO: --------------------------------------------
[18622] [2025-01-14 08:20:25] INFO: Iteration 31/100
[18622] [2025-01-14 08:20:31] INFO: Acc: 84.50%
[18622] [2025-01-14 08:20:31] INFO: --------------------------------------------
[18622] [2025-01-14 08:20:31] INFO: Iteration 32/100
[18622] [2025-01-14 08:20:35] INFO: Acc: 86.87%
[18622] [2025-01-14 08:20:35] INFO: --------------------------------------------
[18622] [2025-01-14 08:20:35] INFO: Iteration 33/100
[18622] [2025-01-14 08:20:42] INFO: Acc: 84.87%
[18622] [2025-01-14 08:20:42] INFO: --------------------------------------------
[18622] [2025-01-14 08:20:42] INFO: Iteration 34/100
[18622] [2025-01-14 08:20:47] INFO: Acc: 85.63%
[18622] [2025-01-14 08:20:47] INFO: --------------------------------------------
[18622] [2025-01-14 08:20:47] INFO: Iteration 35/100
[18622] [2025-01-14 08:20:52] INFO: Acc: 85.03%
[18622] [2025-01-14 08:20:52] INFO: --------------------------------------------
[18622] [2025-01-14 08:20:52] INFO: Iteration 36/100
[18622] [2025-01-14 08:20:57] INFO: Acc: 85.00%
[18622] [2025-01-14 08:20:57] INFO: --------------------------------------------
[18622] [2025-01-14 08:20:57] INFO: Iteration 37/100
[18622] [2025-01-14 08:21:03] INFO: Acc: 85.73%
[18622] [2025-01-14 08:21:03] INFO: --------------------------------------------
[18622] [2025-01-14 08:21:03] INFO: Iteration 38/100
[18622] [2025-01-14 08:21:09] INFO: Acc: 87.03%
[18622] [2025-01-14 08:21:09] INFO: --------------------------------------------
[18622] [2025-01-14 08:21:09] INFO: Iteration 39/100
[18622] [2025-01-14 08:21:14] INFO: Acc: 84.63%
[18622] [2025-01-14 08:21:14] INFO: --------------------------------------------
[18622] [2025-01-14 08:21:14] INFO: Iteration 40/100
[18622] [2025-01-14 08:21:19] INFO: Acc: 86.93%
[18622] [2025-01-14 08:21:19] INFO: --------------------------------------------
[18622] [2025-01-14 08:21:19] INFO: Iteration 41/100
[18622] [2025-01-14 08:21:24] INFO: Acc: 84.30%
[18622] [2025-01-14 08:21:24] INFO: --------------------------------------------
[18622] [2025-01-14 08:21:24] INFO: Iteration 42/100
[18622] [2025-01-14 08:21:29] INFO: Acc: 84.63%
[18622] [2025-01-14 08:21:29] INFO: --------------------------------------------
[18622] [2025-01-14 08:21:29] INFO: Iteration 43/100
[18622] [2025-01-14 08:21:35] INFO: Acc: 86.30%
[18622] [2025-01-14 08:21:35] INFO: --------------------------------------------
[18622] [2025-01-14 08:21:35] INFO: Iteration 44/100
[18622] [2025-01-14 08:21:41] INFO: Acc: 87.33%
[18622] [2025-01-14 08:21:41] INFO: --------------------------------------------
[18622] [2025-01-14 08:21:41] INFO: Iteration 45/100
[18622] [2025-01-14 08:21:46] INFO: Acc: 85.30%
[18622] [2025-01-14 08:21:46] INFO: --------------------------------------------
[18622] [2025-01-14 08:21:46] INFO: Iteration 46/100
[18622] [2025-01-14 08:21:51] INFO: Acc: 83.90%
[18622] [2025-01-14 08:21:51] INFO: --------------------------------------------
[18622] [2025-01-14 08:21:51] INFO: Iteration 47/100
[18622] [2025-01-14 08:21:57] INFO: Acc: 85.07%
[18622] [2025-01-14 08:21:57] INFO: --------------------------------------------
[18622] [2025-01-14 08:21:57] INFO: Iteration 48/100
[18622] [2025-01-14 08:22:03] INFO: Acc: 85.47%
[18622] [2025-01-14 08:22:03] INFO: --------------------------------------------
[18622] [2025-01-14 08:22:03] INFO: Iteration 49/100
[18622] [2025-01-14 08:22:08] INFO: Acc: 86.27%
[18622] [2025-01-14 08:22:08] INFO: --------------------------------------------
[18622] [2025-01-14 08:22:08] INFO: Iteration 50/100
[18622] [2025-01-14 08:22:13] INFO: Acc: 84.97%
[18622] [2025-01-14 08:22:13] INFO: --------------------------------------------
[18622] [2025-01-14 08:22:13] INFO: Iteration 51/100
[18622] [2025-01-14 08:22:19] INFO: Acc: 84.57%
[18622] [2025-01-14 08:22:19] INFO: --------------------------------------------
[18622] [2025-01-14 08:22:19] INFO: Iteration 52/100
[18622] [2025-01-14 08:22:25] INFO: Acc: 86.50%
[18622] [2025-01-14 08:22:25] INFO: --------------------------------------------
[18622] [2025-01-14 08:22:25] INFO: Iteration 53/100
[18622] [2025-01-14 08:22:31] INFO: Acc: 84.83%
[18622] [2025-01-14 08:22:31] INFO: --------------------------------------------
[18622] [2025-01-14 08:22:31] INFO: Iteration 54/100
[18622] [2025-01-14 08:22:36] INFO: Acc: 86.20%
[18622] [2025-01-14 08:22:36] INFO: --------------------------------------------
[18622] [2025-01-14 08:22:36] INFO: Iteration 55/100
[18622] [2025-01-14 08:22:43] INFO: Acc: 86.23%
[18622] [2025-01-14 08:22:43] INFO: --------------------------------------------
[18622] [2025-01-14 08:22:43] INFO: Iteration 56/100
[18622] [2025-01-14 08:22:49] INFO: Acc: 88.37%
[18622] [2025-01-14 08:22:49] INFO: --------------------------------------------
[18622] [2025-01-14 08:22:49] INFO: Iteration 57/100
[18622] [2025-01-14 08:22:55] INFO: Acc: 85.20%
[18622] [2025-01-14 08:22:55] INFO: --------------------------------------------
[18622] [2025-01-14 08:22:55] INFO: Iteration 58/100
[18622] [2025-01-14 08:23:01] INFO: Acc: 86.20%
[18622] [2025-01-14 08:23:01] INFO: --------------------------------------------
[18622] [2025-01-14 08:23:01] INFO: Iteration 59/100
[18622] [2025-01-14 08:23:08] INFO: Acc: 86.73%
[18622] [2025-01-14 08:23:08] INFO: --------------------------------------------
[18622] [2025-01-14 08:23:08] INFO: Iteration 60/100
[18622] [2025-01-14 08:23:13] INFO: Acc: 85.73%
[18622] [2025-01-14 08:23:13] INFO: --------------------------------------------
[18622] [2025-01-14 08:23:13] INFO: Iteration 61/100
[18622] [2025-01-14 08:23:19] INFO: Acc: 87.20%
[18622] [2025-01-14 08:23:19] INFO: --------------------------------------------
[18622] [2025-01-14 08:23:19] INFO: Iteration 62/100
[18622] [2025-01-14 08:23:25] INFO: Acc: 85.43%
[18622] [2025-01-14 08:23:25] INFO: --------------------------------------------
[18622] [2025-01-14 08:23:25] INFO: Iteration 63/100
[18622] [2025-01-14 08:23:31] INFO: Acc: 87.50%
[18622] [2025-01-14 08:23:31] INFO: --------------------------------------------
[18622] [2025-01-14 08:23:31] INFO: Iteration 64/100
[18622] [2025-01-14 08:23:37] INFO: Acc: 86.87%
[18622] [2025-01-14 08:23:37] INFO: --------------------------------------------
[18622] [2025-01-14 08:23:37] INFO: Iteration 65/100
[18622] [2025-01-14 08:23:43] INFO: Acc: 86.23%
[18622] [2025-01-14 08:23:43] INFO: --------------------------------------------
[18622] [2025-01-14 08:23:43] INFO: Iteration 66/100
[18622] [2025-01-14 08:23:49] INFO: Acc: 85.80%
[18622] [2025-01-14 08:23:49] INFO: --------------------------------------------
[18622] [2025-01-14 08:23:49] INFO: Iteration 67/100
[18622] [2025-01-14 08:23:55] INFO: Acc: 87.00%
[18622] [2025-01-14 08:23:55] INFO: --------------------------------------------
[18622] [2025-01-14 08:23:55] INFO: Iteration 68/100
[18622] [2025-01-14 08:24:01] INFO: Acc: 84.17%
[18622] [2025-01-14 08:24:01] INFO: --------------------------------------------
[18622] [2025-01-14 08:24:01] INFO: Iteration 69/100
[18622] [2025-01-14 08:24:07] INFO: Acc: 86.03%
[18622] [2025-01-14 08:24:07] INFO: --------------------------------------------
[18622] [2025-01-14 08:24:07] INFO: Iteration 70/100
[18622] [2025-01-14 08:24:12] INFO: Acc: 86.73%
[18622] [2025-01-14 08:24:13] INFO: --------------------------------------------
[18622] [2025-01-14 08:24:13] INFO: Iteration 71/100
[18622] [2025-01-14 08:24:18] INFO: Acc: 86.37%
[18622] [2025-01-14 08:24:18] INFO: --------------------------------------------
[18622] [2025-01-14 08:24:18] INFO: Iteration 72/100
[18622] [2025-01-14 08:24:23] INFO: Acc: 84.80%
[18622] [2025-01-14 08:24:23] INFO: --------------------------------------------
[18622] [2025-01-14 08:24:23] INFO: Iteration 73/100
[18622] [2025-01-14 08:24:28] INFO: Acc: 85.80%
[18622] [2025-01-14 08:24:28] INFO: --------------------------------------------
[18622] [2025-01-14 08:24:28] INFO: Iteration 74/100
[18622] [2025-01-14 08:24:33] INFO: Acc: 84.37%
[18622] [2025-01-14 08:24:33] INFO: --------------------------------------------
[18622] [2025-01-14 08:24:33] INFO: Iteration 75/100
[18622] [2025-01-14 08:24:39] INFO: Acc: 85.97%
[18622] [2025-01-14 08:24:39] INFO: --------------------------------------------
[18622] [2025-01-14 08:24:39] INFO: Iteration 76/100
[18622] [2025-01-14 08:24:45] INFO: Acc: 87.07%
[18622] [2025-01-14 08:24:46] INFO: --------------------------------------------
[18622] [2025-01-14 08:24:46] INFO: Iteration 77/100
[18622] [2025-01-14 08:24:51] INFO: Acc: 83.83%
[18622] [2025-01-14 08:24:51] INFO: --------------------------------------------
[18622] [2025-01-14 08:24:51] INFO: Iteration 78/100
[18622] [2025-01-14 08:24:56] INFO: Acc: 86.60%
[18622] [2025-01-14 08:24:57] INFO: --------------------------------------------
[18622] [2025-01-14 08:24:57] INFO: Iteration 79/100
[18622] [2025-01-14 08:25:02] INFO: Acc: 85.47%
[18622] [2025-01-14 08:25:02] INFO: --------------------------------------------
[18622] [2025-01-14 08:25:02] INFO: Iteration 80/100
[18622] [2025-01-14 08:25:07] INFO: Acc: 84.83%
[18622] [2025-01-14 08:25:07] INFO: --------------------------------------------
[18622] [2025-01-14 08:25:07] INFO: Iteration 81/100
[18622] [2025-01-14 08:25:13] INFO: Acc: 84.83%
[18622] [2025-01-14 08:25:13] INFO: --------------------------------------------
[18622] [2025-01-14 08:25:13] INFO: Iteration 82/100
[18622] [2025-01-14 08:25:20] INFO: Acc: 85.27%
[18622] [2025-01-14 08:25:20] INFO: --------------------------------------------
[18622] [2025-01-14 08:25:20] INFO: Iteration 83/100
[18622] [2025-01-14 08:25:25] INFO: Acc: 86.63%
[18622] [2025-01-14 08:25:25] INFO: --------------------------------------------
[18622] [2025-01-14 08:25:25] INFO: Iteration 84/100
[18622] [2025-01-14 08:25:30] INFO: Acc: 83.77%
[18622] [2025-01-14 08:25:30] INFO: --------------------------------------------
[18622] [2025-01-14 08:25:30] INFO: Iteration 85/100
[18622] [2025-01-14 08:25:36] INFO: Acc: 83.30%
[18622] [2025-01-14 08:25:36] INFO: --------------------------------------------
[18622] [2025-01-14 08:25:36] INFO: Iteration 86/100
[18622] [2025-01-14 08:25:41] INFO: Acc: 86.57%
[18622] [2025-01-14 08:25:41] INFO: --------------------------------------------
[18622] [2025-01-14 08:25:41] INFO: Iteration 87/100
[18622] [2025-01-14 08:25:47] INFO: Acc: 83.60%
[18622] [2025-01-14 08:25:47] INFO: --------------------------------------------
[18622] [2025-01-14 08:25:47] INFO: Iteration 88/100
[18622] [2025-01-14 08:25:53] INFO: Acc: 86.80%
[18622] [2025-01-14 08:25:53] INFO: --------------------------------------------
[18622] [2025-01-14 08:25:53] INFO: Iteration 89/100
[18622] [2025-01-14 08:25:58] INFO: Acc: 85.37%
[18622] [2025-01-14 08:25:58] INFO: --------------------------------------------
[18622] [2025-01-14 08:25:58] INFO: Iteration 90/100
[18622] [2025-01-14 08:26:04] INFO: Acc: 85.03%
[18622] [2025-01-14 08:26:04] INFO: --------------------------------------------
[18622] [2025-01-14 08:26:04] INFO: Iteration 91/100
[18622] [2025-01-14 08:26:10] INFO: Acc: 86.83%
[18622] [2025-01-14 08:26:10] INFO: --------------------------------------------
[18622] [2025-01-14 08:26:10] INFO: Iteration 92/100
[18622] [2025-01-14 08:26:17] INFO: Acc: 86.47%
[18622] [2025-01-14 08:26:17] INFO: --------------------------------------------
[18622] [2025-01-14 08:26:17] INFO: Iteration 93/100
[18622] [2025-01-14 08:26:23] INFO: Acc: 85.67%
[18622] [2025-01-14 08:26:23] INFO: --------------------------------------------
[18622] [2025-01-14 08:26:23] INFO: Iteration 94/100
[18622] [2025-01-14 08:26:28] INFO: Acc: 84.93%
[18622] [2025-01-14 08:26:28] INFO: --------------------------------------------
[18622] [2025-01-14 08:26:28] INFO: Iteration 95/100
[18622] [2025-01-14 08:26:33] INFO: Acc: 84.67%
[18622] [2025-01-14 08:26:33] INFO: --------------------------------------------
[18622] [2025-01-14 08:26:33] INFO: Iteration 96/100
[18622] [2025-01-14 08:26:38] INFO: Acc: 86.80%
[18622] [2025-01-14 08:26:38] INFO: --------------------------------------------
[18622] [2025-01-14 08:26:38] INFO: Iteration 97/100
[18622] [2025-01-14 08:26:43] INFO: Acc: 86.10%
[18622] [2025-01-14 08:26:43] INFO: --------------------------------------------
[18622] [2025-01-14 08:26:43] INFO: Iteration 98/100
[18622] [2025-01-14 08:26:48] INFO: Acc: 86.73%
[18622] [2025-01-14 08:26:48] INFO: --------------------------------------------
[18622] [2025-01-14 08:26:48] INFO: Iteration 99/100
[18622] [2025-01-14 08:26:53] INFO: Acc: 84.40%
[18622] [2025-01-14 08:26:53] INFO: --------------------------------------------
[18622] [2025-01-14 08:26:53] INFO: Iteration 100/100
[18622] [2025-01-14 08:26:59] INFO: Acc: 85.17%
