[175939] [2025-01-16 13:22:27] INFO: ==> Running file: /autodl-fs/data/PythonProject/P3MC/downstream_svm.py
[175939] [2025-01-16 13:22:27] INFO: ==> Config: {'exp_name': 'CVTSLANet_SVM_ads-b-20_iq_PT_powerNorm_FT_powerNorm', 'exp_type': 'Downstream_random_rot', 'random_seed': 2024, 'platform': 'linux', 'device': 'cuda', 'iteration': 100, 'epoch': 100, 'dataset': {'name': 'ads-b-20', 'root': '~/Datasets/ADS-B', 'type': 'iq', 'normalize': 'power', 'train_batch_size': 30, 'test_batch_size': 30, 'ratio': 0.2, 'num_classes': 20, 'shot': 5, 'snr': None}, 'encoder': {'name': 'CVTSLANet', 'root': 'models/KANTSLANet2Feature.py', 'feature_dim': 1024, 'pretrain_path': './runs/Pretext_random_rot/CVTSLANet_ads-b_iq_powerNorm/best_encoder.pth', 'TSLA_config': {'seq_len': 4800, 'patch_size': 32, 'num_channels': 2, 'emb_dim': 256, 'depth': 3, 'dropout_rate': 0.3}}, 'classifier': {'name': 'svm', 'root': '', 'in_dim': 1024, 'ratio': 0.2, 'num_classes': 20}, 'optimizer': {'lr': 0.001, 'weight_decay': 0}, 'extra_info': '', 'exp_path': 'runs/Downstream_random_rot/CVTSLANet_SVM_ads-b-20_iq_PT_powerNorm_FT_powerNorm/5Shot/0116_132227', 'save_path': 'runs/Downstream_random_rot/CVTSLANet_SVM_ads-b-20_iq_PT_powerNorm_FT_powerNorm'}
[175939] [2025-01-16 13:22:27] INFO: --------------------------------------------
[175939] [2025-01-16 13:22:27] INFO: Iteration 1/100
[175939] [2025-01-16 13:22:32] INFO: Acc: 86.30%
[175939] [2025-01-16 13:22:32] INFO: --------------------------------------------
[175939] [2025-01-16 13:22:32] INFO: Iteration 2/100
[175939] [2025-01-16 13:22:38] INFO: Acc: 83.65%
[175939] [2025-01-16 13:22:38] INFO: --------------------------------------------
[175939] [2025-01-16 13:22:38] INFO: Iteration 3/100
[175939] [2025-01-16 13:22:43] INFO: Acc: 82.65%
[175939] [2025-01-16 13:22:43] INFO: --------------------------------------------
[175939] [2025-01-16 13:22:43] INFO: Iteration 4/100
[175939] [2025-01-16 13:22:48] INFO: Acc: 85.20%
[175939] [2025-01-16 13:22:48] INFO: --------------------------------------------
[175939] [2025-01-16 13:22:48] INFO: Iteration 5/100
[175939] [2025-01-16 13:22:54] INFO: Acc: 83.05%
[175939] [2025-01-16 13:22:54] INFO: --------------------------------------------
[175939] [2025-01-16 13:22:54] INFO: Iteration 6/100
[175939] [2025-01-16 13:22:59] INFO: Acc: 81.50%
[175939] [2025-01-16 13:22:59] INFO: --------------------------------------------
[175939] [2025-01-16 13:22:59] INFO: Iteration 7/100
[175939] [2025-01-16 13:23:04] INFO: Acc: 83.50%
[175939] [2025-01-16 13:23:04] INFO: --------------------------------------------
[175939] [2025-01-16 13:23:04] INFO: Iteration 8/100
[175939] [2025-01-16 13:23:09] INFO: Acc: 81.70%
[175939] [2025-01-16 13:23:09] INFO: --------------------------------------------
[175939] [2025-01-16 13:23:09] INFO: Iteration 9/100
[175939] [2025-01-16 13:23:14] INFO: Acc: 84.30%
[175939] [2025-01-16 13:23:14] INFO: --------------------------------------------
[175939] [2025-01-16 13:23:14] INFO: Iteration 10/100
[175939] [2025-01-16 13:23:19] INFO: Acc: 86.90%
[175939] [2025-01-16 13:23:19] INFO: --------------------------------------------
[175939] [2025-01-16 13:23:19] INFO: Iteration 11/100
[175939] [2025-01-16 13:23:25] INFO: Acc: 83.40%
[175939] [2025-01-16 13:23:25] INFO: --------------------------------------------
[175939] [2025-01-16 13:23:25] INFO: Iteration 12/100
[175939] [2025-01-16 13:23:30] INFO: Acc: 84.20%
[175939] [2025-01-16 13:23:30] INFO: --------------------------------------------
[175939] [2025-01-16 13:23:30] INFO: Iteration 13/100
[175939] [2025-01-16 13:23:35] INFO: Acc: 84.25%
[175939] [2025-01-16 13:23:35] INFO: --------------------------------------------
[175939] [2025-01-16 13:23:35] INFO: Iteration 14/100
[175939] [2025-01-16 13:23:40] INFO: Acc: 83.75%
[175939] [2025-01-16 13:23:40] INFO: --------------------------------------------
[175939] [2025-01-16 13:23:40] INFO: Iteration 15/100
[175939] [2025-01-16 13:23:46] INFO: Acc: 86.40%
[175939] [2025-01-16 13:23:46] INFO: --------------------------------------------
[175939] [2025-01-16 13:23:46] INFO: Iteration 16/100
[175939] [2025-01-16 13:23:51] INFO: Acc: 85.15%
[175939] [2025-01-16 13:23:51] INFO: --------------------------------------------
[175939] [2025-01-16 13:23:51] INFO: Iteration 17/100
[175939] [2025-01-16 13:23:56] INFO: Acc: 80.10%
[175939] [2025-01-16 13:23:56] INFO: --------------------------------------------
[175939] [2025-01-16 13:23:56] INFO: Iteration 18/100
[175939] [2025-01-16 13:24:01] INFO: Acc: 84.70%
[175939] [2025-01-16 13:24:01] INFO: --------------------------------------------
[175939] [2025-01-16 13:24:01] INFO: Iteration 19/100
[175939] [2025-01-16 13:24:06] INFO: Acc: 83.50%
[175939] [2025-01-16 13:24:06] INFO: --------------------------------------------
[175939] [2025-01-16 13:24:06] INFO: Iteration 20/100
[175939] [2025-01-16 13:24:12] INFO: Acc: 86.70%
[175939] [2025-01-16 13:24:12] INFO: --------------------------------------------
[175939] [2025-01-16 13:24:12] INFO: Iteration 21/100
[175939] [2025-01-16 13:24:17] INFO: Acc: 86.95%
[175939] [2025-01-16 13:24:17] INFO: --------------------------------------------
[175939] [2025-01-16 13:24:17] INFO: Iteration 22/100
[175939] [2025-01-16 13:24:23] INFO: Acc: 86.40%
[175939] [2025-01-16 13:24:23] INFO: --------------------------------------------
[175939] [2025-01-16 13:24:23] INFO: Iteration 23/100
[175939] [2025-01-16 13:24:28] INFO: Acc: 86.50%
[175939] [2025-01-16 13:24:28] INFO: --------------------------------------------
[175939] [2025-01-16 13:24:28] INFO: Iteration 24/100
[175939] [2025-01-16 13:24:33] INFO: Acc: 83.70%
[175939] [2025-01-16 13:24:33] INFO: --------------------------------------------
[175939] [2025-01-16 13:24:33] INFO: Iteration 25/100
[175939] [2025-01-16 13:24:38] INFO: Acc: 83.50%
[175939] [2025-01-16 13:24:38] INFO: --------------------------------------------
[175939] [2025-01-16 13:24:38] INFO: Iteration 26/100
[175939] [2025-01-16 13:24:44] INFO: Acc: 79.10%
[175939] [2025-01-16 13:24:44] INFO: --------------------------------------------
[175939] [2025-01-16 13:24:44] INFO: Iteration 27/100
[175939] [2025-01-16 13:24:48] INFO: Acc: 84.40%
[175939] [2025-01-16 13:24:49] INFO: --------------------------------------------
[175939] [2025-01-16 13:24:49] INFO: Iteration 28/100
[175939] [2025-01-16 13:24:54] INFO: Acc: 84.35%
[175939] [2025-01-16 13:24:54] INFO: --------------------------------------------
[175939] [2025-01-16 13:24:54] INFO: Iteration 29/100
[175939] [2025-01-16 13:24:58] INFO: Acc: 84.10%
[175939] [2025-01-16 13:24:58] INFO: --------------------------------------------
[175939] [2025-01-16 13:24:58] INFO: Iteration 30/100
[175939] [2025-01-16 13:25:03] INFO: Acc: 86.25%
[175939] [2025-01-16 13:25:03] INFO: --------------------------------------------
[175939] [2025-01-16 13:25:03] INFO: Iteration 31/100
[175939] [2025-01-16 13:25:08] INFO: Acc: 84.10%
[175939] [2025-01-16 13:25:08] INFO: --------------------------------------------
[175939] [2025-01-16 13:25:08] INFO: Iteration 32/100
[175939] [2025-01-16 13:25:13] INFO: Acc: 85.80%
[175939] [2025-01-16 13:25:13] INFO: --------------------------------------------
[175939] [2025-01-16 13:25:13] INFO: Iteration 33/100
[175939] [2025-01-16 13:25:19] INFO: Acc: 83.45%
[175939] [2025-01-16 13:25:19] INFO: --------------------------------------------
[175939] [2025-01-16 13:25:19] INFO: Iteration 34/100
[175939] [2025-01-16 13:25:24] INFO: Acc: 78.65%
[175939] [2025-01-16 13:25:24] INFO: --------------------------------------------
[175939] [2025-01-16 13:25:24] INFO: Iteration 35/100
[175939] [2025-01-16 13:25:29] INFO: Acc: 85.85%
[175939] [2025-01-16 13:25:29] INFO: --------------------------------------------
[175939] [2025-01-16 13:25:29] INFO: Iteration 36/100
[175939] [2025-01-16 13:25:35] INFO: Acc: 85.55%
[175939] [2025-01-16 13:25:35] INFO: --------------------------------------------
[175939] [2025-01-16 13:25:35] INFO: Iteration 37/100
[175939] [2025-01-16 13:25:40] INFO: Acc: 85.60%
[175939] [2025-01-16 13:25:40] INFO: --------------------------------------------
[175939] [2025-01-16 13:25:40] INFO: Iteration 38/100
[175939] [2025-01-16 13:25:45] INFO: Acc: 82.40%
[175939] [2025-01-16 13:25:45] INFO: --------------------------------------------
[175939] [2025-01-16 13:25:45] INFO: Iteration 39/100
[175939] [2025-01-16 13:25:50] INFO: Acc: 81.75%
[175939] [2025-01-16 13:25:50] INFO: --------------------------------------------
[175939] [2025-01-16 13:25:50] INFO: Iteration 40/100
[175939] [2025-01-16 13:25:56] INFO: Acc: 82.85%
[175939] [2025-01-16 13:25:56] INFO: --------------------------------------------
[175939] [2025-01-16 13:25:56] INFO: Iteration 41/100
[175939] [2025-01-16 13:26:01] INFO: Acc: 86.10%
[175939] [2025-01-16 13:26:01] INFO: --------------------------------------------
[175939] [2025-01-16 13:26:01] INFO: Iteration 42/100
[175939] [2025-01-16 13:26:06] INFO: Acc: 84.90%
[175939] [2025-01-16 13:26:06] INFO: --------------------------------------------
[175939] [2025-01-16 13:26:06] INFO: Iteration 43/100
[175939] [2025-01-16 13:26:11] INFO: Acc: 85.90%
[175939] [2025-01-16 13:26:11] INFO: --------------------------------------------
[175939] [2025-01-16 13:26:11] INFO: Iteration 44/100
[175939] [2025-01-16 13:26:17] INFO: Acc: 85.35%
[175939] [2025-01-16 13:26:17] INFO: --------------------------------------------
[175939] [2025-01-16 13:26:17] INFO: Iteration 45/100
[175939] [2025-01-16 13:26:21] INFO: Acc: 82.05%
[175939] [2025-01-16 13:26:22] INFO: --------------------------------------------
[175939] [2025-01-16 13:26:22] INFO: Iteration 46/100
[175939] [2025-01-16 13:26:27] INFO: Acc: 83.05%
[175939] [2025-01-16 13:26:27] INFO: --------------------------------------------
[175939] [2025-01-16 13:26:27] INFO: Iteration 47/100
[175939] [2025-01-16 13:26:32] INFO: Acc: 84.65%
[175939] [2025-01-16 13:26:32] INFO: --------------------------------------------
[175939] [2025-01-16 13:26:32] INFO: Iteration 48/100
[175939] [2025-01-16 13:26:37] INFO: Acc: 85.50%
[175939] [2025-01-16 13:26:37] INFO: --------------------------------------------
[175939] [2025-01-16 13:26:37] INFO: Iteration 49/100
[175939] [2025-01-16 13:26:43] INFO: Acc: 83.10%
[175939] [2025-01-16 13:26:43] INFO: --------------------------------------------
[175939] [2025-01-16 13:26:43] INFO: Iteration 50/100
[175939] [2025-01-16 13:26:48] INFO: Acc: 84.40%
[175939] [2025-01-16 13:26:48] INFO: --------------------------------------------
[175939] [2025-01-16 13:26:48] INFO: Iteration 51/100
[175939] [2025-01-16 13:26:53] INFO: Acc: 82.30%
[175939] [2025-01-16 13:26:53] INFO: --------------------------------------------
[175939] [2025-01-16 13:26:53] INFO: Iteration 52/100
[175939] [2025-01-16 13:26:58] INFO: Acc: 82.80%
[175939] [2025-01-16 13:26:58] INFO: --------------------------------------------
[175939] [2025-01-16 13:26:58] INFO: Iteration 53/100
[175939] [2025-01-16 13:27:04] INFO: Acc: 88.05%
[175939] [2025-01-16 13:27:04] INFO: --------------------------------------------
[175939] [2025-01-16 13:27:04] INFO: Iteration 54/100
[175939] [2025-01-16 13:27:09] INFO: Acc: 84.50%
[175939] [2025-01-16 13:27:09] INFO: --------------------------------------------
[175939] [2025-01-16 13:27:09] INFO: Iteration 55/100
[175939] [2025-01-16 13:27:14] INFO: Acc: 83.00%
[175939] [2025-01-16 13:27:14] INFO: --------------------------------------------
[175939] [2025-01-16 13:27:14] INFO: Iteration 56/100
[175939] [2025-01-16 13:27:19] INFO: Acc: 79.65%
[175939] [2025-01-16 13:27:19] INFO: --------------------------------------------
[175939] [2025-01-16 13:27:19] INFO: Iteration 57/100
[175939] [2025-01-16 13:27:24] INFO: Acc: 84.30%
[175939] [2025-01-16 13:27:24] INFO: --------------------------------------------
[175939] [2025-01-16 13:27:24] INFO: Iteration 58/100
[175939] [2025-01-16 13:27:30] INFO: Acc: 82.90%
[175939] [2025-01-16 13:27:30] INFO: --------------------------------------------
[175939] [2025-01-16 13:27:30] INFO: Iteration 59/100
[175939] [2025-01-16 13:27:35] INFO: Acc: 84.15%
[175939] [2025-01-16 13:27:35] INFO: --------------------------------------------
[175939] [2025-01-16 13:27:35] INFO: Iteration 60/100
[175939] [2025-01-16 13:27:41] INFO: Acc: 83.00%
[175939] [2025-01-16 13:27:41] INFO: --------------------------------------------
[175939] [2025-01-16 13:27:41] INFO: Iteration 61/100
[175939] [2025-01-16 13:27:46] INFO: Acc: 84.60%
[175939] [2025-01-16 13:27:46] INFO: --------------------------------------------
[175939] [2025-01-16 13:27:46] INFO: Iteration 62/100
[175939] [2025-01-16 13:27:51] INFO: Acc: 88.50%
[175939] [2025-01-16 13:27:51] INFO: --------------------------------------------
[175939] [2025-01-16 13:27:51] INFO: Iteration 63/100
[175939] [2025-01-16 13:27:56] INFO: Acc: 81.95%
[175939] [2025-01-16 13:27:58] INFO: --------------------------------------------
[175939] [2025-01-16 13:27:58] INFO: Iteration 64/100
[175939] [2025-01-16 13:28:04] INFO: Acc: 83.85%
[175939] [2025-01-16 13:28:04] INFO: --------------------------------------------
[175939] [2025-01-16 13:28:04] INFO: Iteration 65/100
[175939] [2025-01-16 13:28:09] INFO: Acc: 79.45%
[175939] [2025-01-16 13:28:09] INFO: --------------------------------------------
[175939] [2025-01-16 13:28:09] INFO: Iteration 66/100
[175939] [2025-01-16 13:28:14] INFO: Acc: 83.25%
[175939] [2025-01-16 13:28:14] INFO: --------------------------------------------
[175939] [2025-01-16 13:28:14] INFO: Iteration 67/100
[175939] [2025-01-16 13:28:20] INFO: Acc: 85.50%
[175939] [2025-01-16 13:28:20] INFO: --------------------------------------------
[175939] [2025-01-16 13:28:20] INFO: Iteration 68/100
[175939] [2025-01-16 13:28:25] INFO: Acc: 86.40%
[175939] [2025-01-16 13:28:25] INFO: --------------------------------------------
[175939] [2025-01-16 13:28:25] INFO: Iteration 69/100
[175939] [2025-01-16 13:28:30] INFO: Acc: 85.40%
[175939] [2025-01-16 13:28:30] INFO: --------------------------------------------
[175939] [2025-01-16 13:28:30] INFO: Iteration 70/100
[175939] [2025-01-16 13:28:36] INFO: Acc: 83.75%
[175939] [2025-01-16 13:28:36] INFO: --------------------------------------------
[175939] [2025-01-16 13:28:36] INFO: Iteration 71/100
[175939] [2025-01-16 13:28:41] INFO: Acc: 84.50%
[175939] [2025-01-16 13:28:41] INFO: --------------------------------------------
[175939] [2025-01-16 13:28:41] INFO: Iteration 72/100
[175939] [2025-01-16 13:28:46] INFO: Acc: 86.20%
[175939] [2025-01-16 13:28:46] INFO: --------------------------------------------
[175939] [2025-01-16 13:28:46] INFO: Iteration 73/100
[175939] [2025-01-16 13:28:52] INFO: Acc: 83.60%
[175939] [2025-01-16 13:28:52] INFO: --------------------------------------------
[175939] [2025-01-16 13:28:52] INFO: Iteration 74/100
[175939] [2025-01-16 13:28:57] INFO: Acc: 82.90%
[175939] [2025-01-16 13:28:57] INFO: --------------------------------------------
[175939] [2025-01-16 13:28:57] INFO: Iteration 75/100
[175939] [2025-01-16 13:29:03] INFO: Acc: 82.35%
[175939] [2025-01-16 13:29:03] INFO: --------------------------------------------
[175939] [2025-01-16 13:29:03] INFO: Iteration 76/100
[175939] [2025-01-16 13:29:08] INFO: Acc: 82.15%
[175939] [2025-01-16 13:29:08] INFO: --------------------------------------------
[175939] [2025-01-16 13:29:08] INFO: Iteration 77/100
[175939] [2025-01-16 13:29:13] INFO: Acc: 85.30%
[175939] [2025-01-16 13:29:13] INFO: --------------------------------------------
[175939] [2025-01-16 13:29:13] INFO: Iteration 78/100
[175939] [2025-01-16 13:29:18] INFO: Acc: 83.95%
[175939] [2025-01-16 13:29:18] INFO: --------------------------------------------
[175939] [2025-01-16 13:29:18] INFO: Iteration 79/100
[175939] [2025-01-16 13:29:23] INFO: Acc: 82.25%
[175939] [2025-01-16 13:29:23] INFO: --------------------------------------------
[175939] [2025-01-16 13:29:23] INFO: Iteration 80/100
[175939] [2025-01-16 13:29:29] INFO: Acc: 84.55%
[175939] [2025-01-16 13:29:29] INFO: --------------------------------------------
[175939] [2025-01-16 13:29:29] INFO: Iteration 81/100
[175939] [2025-01-16 13:29:34] INFO: Acc: 90.25%
[175939] [2025-01-16 13:29:34] INFO: --------------------------------------------
[175939] [2025-01-16 13:29:34] INFO: Iteration 82/100
[175939] [2025-01-16 13:29:39] INFO: Acc: 87.40%
[175939] [2025-01-16 13:29:39] INFO: --------------------------------------------
[175939] [2025-01-16 13:29:39] INFO: Iteration 83/100
[175939] [2025-01-16 13:29:44] INFO: Acc: 81.80%
[175939] [2025-01-16 13:29:44] INFO: --------------------------------------------
[175939] [2025-01-16 13:29:44] INFO: Iteration 84/100
[175939] [2025-01-16 13:29:49] INFO: Acc: 82.80%
[175939] [2025-01-16 13:29:49] INFO: --------------------------------------------
[175939] [2025-01-16 13:29:49] INFO: Iteration 85/100
[175939] [2025-01-16 13:29:54] INFO: Acc: 82.90%
[175939] [2025-01-16 13:29:54] INFO: --------------------------------------------
[175939] [2025-01-16 13:29:54] INFO: Iteration 86/100
[175939] [2025-01-16 13:30:00] INFO: Acc: 86.90%
[175939] [2025-01-16 13:30:00] INFO: --------------------------------------------
[175939] [2025-01-16 13:30:00] INFO: Iteration 87/100
[175939] [2025-01-16 13:30:06] INFO: Acc: 80.40%
[175939] [2025-01-16 13:30:06] INFO: --------------------------------------------
[175939] [2025-01-16 13:30:06] INFO: Iteration 88/100
[175939] [2025-01-16 13:30:10] INFO: Acc: 85.45%
[175939] [2025-01-16 13:30:10] INFO: --------------------------------------------
[175939] [2025-01-16 13:30:10] INFO: Iteration 89/100
[175939] [2025-01-16 13:30:16] INFO: Acc: 80.25%
[175939] [2025-01-16 13:30:16] INFO: --------------------------------------------
[175939] [2025-01-16 13:30:16] INFO: Iteration 90/100
[175939] [2025-01-16 13:30:21] INFO: Acc: 84.55%
[175939] [2025-01-16 13:30:21] INFO: --------------------------------------------
[175939] [2025-01-16 13:30:21] INFO: Iteration 91/100
[175939] [2025-01-16 13:30:26] INFO: Acc: 83.40%
[175939] [2025-01-16 13:30:26] INFO: --------------------------------------------
[175939] [2025-01-16 13:30:26] INFO: Iteration 92/100
[175939] [2025-01-16 13:30:31] INFO: Acc: 84.90%
[175939] [2025-01-16 13:30:31] INFO: --------------------------------------------
[175939] [2025-01-16 13:30:31] INFO: Iteration 93/100
[175939] [2025-01-16 13:30:37] INFO: Acc: 84.30%
[175939] [2025-01-16 13:30:37] INFO: --------------------------------------------
[175939] [2025-01-16 13:30:37] INFO: Iteration 94/100
[175939] [2025-01-16 13:30:42] INFO: Acc: 82.35%
[175939] [2025-01-16 13:30:42] INFO: --------------------------------------------
[175939] [2025-01-16 13:30:42] INFO: Iteration 95/100
[175939] [2025-01-16 13:30:47] INFO: Acc: 80.15%
[175939] [2025-01-16 13:30:47] INFO: --------------------------------------------
[175939] [2025-01-16 13:30:47] INFO: Iteration 96/100
[175939] [2025-01-16 13:30:53] INFO: Acc: 83.50%
[175939] [2025-01-16 13:30:53] INFO: --------------------------------------------
[175939] [2025-01-16 13:30:53] INFO: Iteration 97/100
[175939] [2025-01-16 13:30:58] INFO: Acc: 81.65%
[175939] [2025-01-16 13:30:58] INFO: --------------------------------------------
[175939] [2025-01-16 13:30:58] INFO: Iteration 98/100
[175939] [2025-01-16 13:31:03] INFO: Acc: 80.45%
[175939] [2025-01-16 13:31:03] INFO: --------------------------------------------
[175939] [2025-01-16 13:31:03] INFO: Iteration 99/100
[175939] [2025-01-16 13:31:09] INFO: Acc: 83.30%
[175939] [2025-01-16 13:31:09] INFO: --------------------------------------------
[175939] [2025-01-16 13:31:09] INFO: Iteration 100/100
[175939] [2025-01-16 13:31:14] INFO: Acc: 83.65%
