[12554] [2025-01-16 10:21:45] INFO: ==> Running file: /autodl-fs/data/PythonProject/P3MC/downstream_lr.py
[12554] [2025-01-16 10:21:45] INFO: ==> Config: {'exp_name': 'CVTSLANet_LR_ads-b-10_iq_PT_powerNorm_FT_powerNorm', 'exp_type': 'Downstream_random_rot', 'random_seed': 2024, 'platform': 'linux', 'device': 'cuda', 'iteration': 100, 'epoch': 100, 'dataset': {'name': 'ads-b-10', 'root': '~/Datasets/ADS-B', 'type': 'iq', 'normalize': 'power', 'train_batch_size': 30, 'test_batch_size': 30, 'ratio': 0.2, 'num_classes': 10, 'shot': 10, 'snr': None}, 'encoder': {'name': 'CVTSLANet', 'root': 'models/KANTSLANet2Feature.py', 'feature_dim': 1024, 'pretrain_path': './runs/Pretext_random_rot/CVTSLANet_ads-b_iq_powerNorm/best_encoder.pth', 'TSLA_config': {'seq_len': 4800, 'patch_size': 32, 'num_channels': 2, 'emb_dim': 256, 'depth': 3, 'dropout_rate': 0.3}}, 'classifier': {'name': 'lr', 'root': '', 'in_dim': 1024, 'ratio': 0.2, 'num_classes': 10}, 'optimizer': {'lr': 0.001, 'weight_decay': 0}, 'extra_info': '', 'exp_path': 'runs/Downstream_random_rot/CVTSLANet_LR_ads-b-10_iq_PT_powerNorm_FT_powerNorm/10Shot/0116_102145', 'save_path': 'runs/Downstream_random_rot/CVTSLANet_LR_ads-b-10_iq_PT_powerNorm_FT_powerNorm'}
[12554] [2025-01-16 10:21:45] INFO: --------------------------------------------
[12554] [2025-01-16 10:21:45] INFO: Iteration 1/100
[12554] [2025-01-16 10:21:48] INFO: Acc: 98.00%
[12554] [2025-01-16 10:21:48] INFO: --------------------------------------------
[12554] [2025-01-16 10:21:48] INFO: Iteration 2/100
[12554] [2025-01-16 10:21:52] INFO: Acc: 97.80%
[12554] [2025-01-16 10:21:52] INFO: --------------------------------------------
[12554] [2025-01-16 10:21:52] INFO: Iteration 3/100
[12554] [2025-01-16 10:21:55] INFO: Acc: 98.80%
[12554] [2025-01-16 10:21:55] INFO: --------------------------------------------
[12554] [2025-01-16 10:21:55] INFO: Iteration 4/100
[12554] [2025-01-16 10:21:58] INFO: Acc: 97.80%
[12554] [2025-01-16 10:21:58] INFO: --------------------------------------------
[12554] [2025-01-16 10:21:58] INFO: Iteration 5/100
[12554] [2025-01-16 10:22:02] INFO: Acc: 98.40%
[12554] [2025-01-16 10:22:02] INFO: --------------------------------------------
[12554] [2025-01-16 10:22:02] INFO: Iteration 6/100
[12554] [2025-01-16 10:22:05] INFO: Acc: 98.50%
[12554] [2025-01-16 10:22:05] INFO: --------------------------------------------
[12554] [2025-01-16 10:22:05] INFO: Iteration 7/100
[12554] [2025-01-16 10:22:08] INFO: Acc: 99.30%
[12554] [2025-01-16 10:22:08] INFO: --------------------------------------------
[12554] [2025-01-16 10:22:08] INFO: Iteration 8/100
[12554] [2025-01-16 10:22:11] INFO: Acc: 97.90%
[12554] [2025-01-16 10:22:11] INFO: --------------------------------------------
[12554] [2025-01-16 10:22:11] INFO: Iteration 9/100
[12554] [2025-01-16 10:22:14] INFO: Acc: 97.10%
[12554] [2025-01-16 10:22:14] INFO: --------------------------------------------
[12554] [2025-01-16 10:22:14] INFO: Iteration 10/100
[12554] [2025-01-16 10:22:17] INFO: Acc: 95.40%
[12554] [2025-01-16 10:22:17] INFO: --------------------------------------------
[12554] [2025-01-16 10:22:17] INFO: Iteration 11/100
[12554] [2025-01-16 10:22:20] INFO: Acc: 98.90%
[12554] [2025-01-16 10:22:20] INFO: --------------------------------------------
[12554] [2025-01-16 10:22:20] INFO: Iteration 12/100
[12554] [2025-01-16 10:22:23] INFO: Acc: 97.90%
[12554] [2025-01-16 10:22:24] INFO: --------------------------------------------
[12554] [2025-01-16 10:22:24] INFO: Iteration 13/100
[12554] [2025-01-16 10:22:26] INFO: Acc: 98.20%
[12554] [2025-01-16 10:22:27] INFO: --------------------------------------------
[12554] [2025-01-16 10:22:27] INFO: Iteration 14/100
[12554] [2025-01-16 10:22:30] INFO: Acc: 98.20%
[12554] [2025-01-16 10:22:30] INFO: --------------------------------------------
[12554] [2025-01-16 10:22:30] INFO: Iteration 15/100
[12554] [2025-01-16 10:22:33] INFO: Acc: 97.80%
[12554] [2025-01-16 10:22:33] INFO: --------------------------------------------
[12554] [2025-01-16 10:22:33] INFO: Iteration 16/100
[12554] [2025-01-16 10:22:36] INFO: Acc: 97.70%
[12554] [2025-01-16 10:22:36] INFO: --------------------------------------------
[12554] [2025-01-16 10:22:36] INFO: Iteration 17/100
[12554] [2025-01-16 10:22:39] INFO: Acc: 98.70%
[12554] [2025-01-16 10:22:39] INFO: --------------------------------------------
[12554] [2025-01-16 10:22:39] INFO: Iteration 18/100
[12554] [2025-01-16 10:22:42] INFO: Acc: 99.50%
[12554] [2025-01-16 10:22:42] INFO: --------------------------------------------
[12554] [2025-01-16 10:22:42] INFO: Iteration 19/100
[12554] [2025-01-16 10:22:46] INFO: Acc: 97.50%
[12554] [2025-01-16 10:22:46] INFO: --------------------------------------------
[12554] [2025-01-16 10:22:46] INFO: Iteration 20/100
[12554] [2025-01-16 10:22:49] INFO: Acc: 94.40%
[12554] [2025-01-16 10:22:49] INFO: --------------------------------------------
[12554] [2025-01-16 10:22:49] INFO: Iteration 21/100
[12554] [2025-01-16 10:22:52] INFO: Acc: 97.90%
[12554] [2025-01-16 10:22:52] INFO: --------------------------------------------
[12554] [2025-01-16 10:22:52] INFO: Iteration 22/100
[12554] [2025-01-16 10:22:56] INFO: Acc: 97.00%
[12554] [2025-01-16 10:22:56] INFO: --------------------------------------------
[12554] [2025-01-16 10:22:56] INFO: Iteration 23/100
[12554] [2025-01-16 10:22:58] INFO: Acc: 96.30%
[12554] [2025-01-16 10:22:58] INFO: --------------------------------------------
[12554] [2025-01-16 10:22:58] INFO: Iteration 24/100
[12554] [2025-01-16 10:23:02] INFO: Acc: 97.50%
[12554] [2025-01-16 10:23:02] INFO: --------------------------------------------
[12554] [2025-01-16 10:23:02] INFO: Iteration 25/100
[12554] [2025-01-16 10:23:05] INFO: Acc: 98.70%
[12554] [2025-01-16 10:23:05] INFO: --------------------------------------------
[12554] [2025-01-16 10:23:05] INFO: Iteration 26/100
[12554] [2025-01-16 10:23:08] INFO: Acc: 97.60%
[12554] [2025-01-16 10:23:08] INFO: --------------------------------------------
[12554] [2025-01-16 10:23:08] INFO: Iteration 27/100
[12554] [2025-01-16 10:23:11] INFO: Acc: 97.10%
[12554] [2025-01-16 10:23:11] INFO: --------------------------------------------
[12554] [2025-01-16 10:23:11] INFO: Iteration 28/100
[12554] [2025-01-16 10:23:14] INFO: Acc: 97.60%
[12554] [2025-01-16 10:23:14] INFO: --------------------------------------------
[12554] [2025-01-16 10:23:14] INFO: Iteration 29/100
[12554] [2025-01-16 10:23:18] INFO: Acc: 97.70%
[12554] [2025-01-16 10:23:18] INFO: --------------------------------------------
[12554] [2025-01-16 10:23:18] INFO: Iteration 30/100
[12554] [2025-01-16 10:23:21] INFO: Acc: 97.60%
[12554] [2025-01-16 10:23:21] INFO: --------------------------------------------
[12554] [2025-01-16 10:23:21] INFO: Iteration 31/100
[12554] [2025-01-16 10:23:24] INFO: Acc: 98.60%
[12554] [2025-01-16 10:23:24] INFO: --------------------------------------------
[12554] [2025-01-16 10:23:24] INFO: Iteration 32/100
[12554] [2025-01-16 10:23:27] INFO: Acc: 94.80%
[12554] [2025-01-16 10:23:27] INFO: --------------------------------------------
[12554] [2025-01-16 10:23:27] INFO: Iteration 33/100
[12554] [2025-01-16 10:23:30] INFO: Acc: 98.10%
[12554] [2025-01-16 10:23:30] INFO: --------------------------------------------
[12554] [2025-01-16 10:23:30] INFO: Iteration 34/100
[12554] [2025-01-16 10:23:33] INFO: Acc: 98.00%
[12554] [2025-01-16 10:23:33] INFO: --------------------------------------------
[12554] [2025-01-16 10:23:33] INFO: Iteration 35/100
[12554] [2025-01-16 10:23:36] INFO: Acc: 99.00%
[12554] [2025-01-16 10:23:36] INFO: --------------------------------------------
[12554] [2025-01-16 10:23:36] INFO: Iteration 36/100
[12554] [2025-01-16 10:23:40] INFO: Acc: 96.80%
[12554] [2025-01-16 10:23:40] INFO: --------------------------------------------
[12554] [2025-01-16 10:23:40] INFO: Iteration 37/100
[12554] [2025-01-16 10:23:43] INFO: Acc: 98.20%
[12554] [2025-01-16 10:23:43] INFO: --------------------------------------------
[12554] [2025-01-16 10:23:43] INFO: Iteration 38/100
[12554] [2025-01-16 10:23:46] INFO: Acc: 97.50%
[12554] [2025-01-16 10:23:46] INFO: --------------------------------------------
[12554] [2025-01-16 10:23:46] INFO: Iteration 39/100
[12554] [2025-01-16 10:23:49] INFO: Acc: 96.30%
[12554] [2025-01-16 10:23:49] INFO: --------------------------------------------
[12554] [2025-01-16 10:23:49] INFO: Iteration 40/100
[12554] [2025-01-16 10:23:52] INFO: Acc: 96.50%
[12554] [2025-01-16 10:23:52] INFO: --------------------------------------------
[12554] [2025-01-16 10:23:52] INFO: Iteration 41/100
[12554] [2025-01-16 10:23:55] INFO: Acc: 99.00%
[12554] [2025-01-16 10:23:56] INFO: --------------------------------------------
[12554] [2025-01-16 10:23:56] INFO: Iteration 42/100
[12554] [2025-01-16 10:23:59] INFO: Acc: 97.20%
[12554] [2025-01-16 10:23:59] INFO: --------------------------------------------
[12554] [2025-01-16 10:23:59] INFO: Iteration 43/100
[12554] [2025-01-16 10:24:02] INFO: Acc: 97.80%
[12554] [2025-01-16 10:24:02] INFO: --------------------------------------------
[12554] [2025-01-16 10:24:02] INFO: Iteration 44/100
[12554] [2025-01-16 10:24:05] INFO: Acc: 98.10%
[12554] [2025-01-16 10:24:05] INFO: --------------------------------------------
[12554] [2025-01-16 10:24:05] INFO: Iteration 45/100
[12554] [2025-01-16 10:24:08] INFO: Acc: 97.90%
[12554] [2025-01-16 10:24:08] INFO: --------------------------------------------
[12554] [2025-01-16 10:24:08] INFO: Iteration 46/100
[12554] [2025-01-16 10:24:11] INFO: Acc: 98.80%
[12554] [2025-01-16 10:24:11] INFO: --------------------------------------------
[12554] [2025-01-16 10:24:11] INFO: Iteration 47/100
[12554] [2025-01-16 10:24:14] INFO: Acc: 98.80%
[12554] [2025-01-16 10:24:14] INFO: --------------------------------------------
[12554] [2025-01-16 10:24:14] INFO: Iteration 48/100
[12554] [2025-01-16 10:24:17] INFO: Acc: 98.00%
[12554] [2025-01-16 10:24:17] INFO: --------------------------------------------
[12554] [2025-01-16 10:24:17] INFO: Iteration 49/100
[12554] [2025-01-16 10:24:20] INFO: Acc: 97.70%
[12554] [2025-01-16 10:24:21] INFO: --------------------------------------------
[12554] [2025-01-16 10:24:21] INFO: Iteration 50/100
[12554] [2025-01-16 10:24:24] INFO: Acc: 97.90%
[12554] [2025-01-16 10:24:24] INFO: --------------------------------------------
[12554] [2025-01-16 10:24:24] INFO: Iteration 51/100
[12554] [2025-01-16 10:24:27] INFO: Acc: 94.70%
[12554] [2025-01-16 10:24:27] INFO: --------------------------------------------
[12554] [2025-01-16 10:24:27] INFO: Iteration 52/100
[12554] [2025-01-16 10:24:30] INFO: Acc: 98.00%
[12554] [2025-01-16 10:24:30] INFO: --------------------------------------------
[12554] [2025-01-16 10:24:30] INFO: Iteration 53/100
[12554] [2025-01-16 10:24:34] INFO: Acc: 98.70%
[12554] [2025-01-16 10:24:34] INFO: --------------------------------------------
[12554] [2025-01-16 10:24:34] INFO: Iteration 54/100
[12554] [2025-01-16 10:24:37] INFO: Acc: 98.70%
[12554] [2025-01-16 10:24:37] INFO: --------------------------------------------
[12554] [2025-01-16 10:24:37] INFO: Iteration 55/100
[12554] [2025-01-16 10:24:40] INFO: Acc: 98.10%
[12554] [2025-01-16 10:24:40] INFO: --------------------------------------------
[12554] [2025-01-16 10:24:40] INFO: Iteration 56/100
[12554] [2025-01-16 10:24:43] INFO: Acc: 98.30%
[12554] [2025-01-16 10:24:43] INFO: --------------------------------------------
[12554] [2025-01-16 10:24:43] INFO: Iteration 57/100
[12554] [2025-01-16 10:24:46] INFO: Acc: 98.10%
[12554] [2025-01-16 10:24:46] INFO: --------------------------------------------
[12554] [2025-01-16 10:24:46] INFO: Iteration 58/100
[12554] [2025-01-16 10:24:49] INFO: Acc: 98.90%
[12554] [2025-01-16 10:24:49] INFO: --------------------------------------------
[12554] [2025-01-16 10:24:49] INFO: Iteration 59/100
[12554] [2025-01-16 10:24:53] INFO: Acc: 98.60%
[12554] [2025-01-16 10:24:53] INFO: --------------------------------------------
[12554] [2025-01-16 10:24:53] INFO: Iteration 60/100
[12554] [2025-01-16 10:24:55] INFO: Acc: 96.30%
[12554] [2025-01-16 10:24:55] INFO: --------------------------------------------
[12554] [2025-01-16 10:24:55] INFO: Iteration 61/100
[12554] [2025-01-16 10:24:59] INFO: Acc: 97.50%
[12554] [2025-01-16 10:24:59] INFO: --------------------------------------------
[12554] [2025-01-16 10:24:59] INFO: Iteration 62/100
[12554] [2025-01-16 10:25:02] INFO: Acc: 98.10%
[12554] [2025-01-16 10:25:02] INFO: --------------------------------------------
[12554] [2025-01-16 10:25:02] INFO: Iteration 63/100
[12554] [2025-01-16 10:25:05] INFO: Acc: 97.80%
[12554] [2025-01-16 10:25:05] INFO: --------------------------------------------
[12554] [2025-01-16 10:25:05] INFO: Iteration 64/100
[12554] [2025-01-16 10:25:08] INFO: Acc: 96.90%
[12554] [2025-01-16 10:25:08] INFO: --------------------------------------------
[12554] [2025-01-16 10:25:08] INFO: Iteration 65/100
[12554] [2025-01-16 10:25:11] INFO: Acc: 97.70%
[12554] [2025-01-16 10:25:11] INFO: --------------------------------------------
[12554] [2025-01-16 10:25:11] INFO: Iteration 66/100
[12554] [2025-01-16 10:25:14] INFO: Acc: 98.50%
[12554] [2025-01-16 10:25:14] INFO: --------------------------------------------
[12554] [2025-01-16 10:25:14] INFO: Iteration 67/100
[12554] [2025-01-16 10:25:18] INFO: Acc: 95.80%
[12554] [2025-01-16 10:25:18] INFO: --------------------------------------------
[12554] [2025-01-16 10:25:18] INFO: Iteration 68/100
[12554] [2025-01-16 10:25:20] INFO: Acc: 97.70%
[12554] [2025-01-16 10:25:20] INFO: --------------------------------------------
[12554] [2025-01-16 10:25:20] INFO: Iteration 69/100
[12554] [2025-01-16 10:25:24] INFO: Acc: 98.90%
[12554] [2025-01-16 10:25:24] INFO: --------------------------------------------
[12554] [2025-01-16 10:25:24] INFO: Iteration 70/100
[12554] [2025-01-16 10:25:27] INFO: Acc: 97.20%
[12554] [2025-01-16 10:25:27] INFO: --------------------------------------------
[12554] [2025-01-16 10:25:27] INFO: Iteration 71/100
[12554] [2025-01-16 10:25:30] INFO: Acc: 98.50%
[12554] [2025-01-16 10:25:30] INFO: --------------------------------------------
[12554] [2025-01-16 10:25:30] INFO: Iteration 72/100
[12554] [2025-01-16 10:25:33] INFO: Acc: 97.00%
[12554] [2025-01-16 10:25:33] INFO: --------------------------------------------
[12554] [2025-01-16 10:25:33] INFO: Iteration 73/100
[12554] [2025-01-16 10:25:36] INFO: Acc: 95.70%
[12554] [2025-01-16 10:25:36] INFO: --------------------------------------------
[12554] [2025-01-16 10:25:36] INFO: Iteration 74/100
[12554] [2025-01-16 10:25:40] INFO: Acc: 98.00%
[12554] [2025-01-16 10:25:40] INFO: --------------------------------------------
[12554] [2025-01-16 10:25:40] INFO: Iteration 75/100
[12554] [2025-01-16 10:25:43] INFO: Acc: 98.10%
[12554] [2025-01-16 10:25:43] INFO: --------------------------------------------
[12554] [2025-01-16 10:25:43] INFO: Iteration 76/100
[12554] [2025-01-16 10:25:46] INFO: Acc: 97.50%
[12554] [2025-01-16 10:25:46] INFO: --------------------------------------------
[12554] [2025-01-16 10:25:46] INFO: Iteration 77/100
[12554] [2025-01-16 10:25:49] INFO: Acc: 98.20%
[12554] [2025-01-16 10:25:49] INFO: --------------------------------------------
[12554] [2025-01-16 10:25:49] INFO: Iteration 78/100
[12554] [2025-01-16 10:25:52] INFO: Acc: 98.90%
[12554] [2025-01-16 10:25:52] INFO: --------------------------------------------
[12554] [2025-01-16 10:25:52] INFO: Iteration 79/100
[12554] [2025-01-16 10:25:56] INFO: Acc: 97.50%
[12554] [2025-01-16 10:25:56] INFO: --------------------------------------------
[12554] [2025-01-16 10:25:56] INFO: Iteration 80/100
[12554] [2025-01-16 10:25:59] INFO: Acc: 97.50%
[12554] [2025-01-16 10:25:59] INFO: --------------------------------------------
[12554] [2025-01-16 10:25:59] INFO: Iteration 81/100
[12554] [2025-01-16 10:26:02] INFO: Acc: 98.10%
[12554] [2025-01-16 10:26:02] INFO: --------------------------------------------
[12554] [2025-01-16 10:26:02] INFO: Iteration 82/100
[12554] [2025-01-16 10:26:05] INFO: Acc: 98.70%
[12554] [2025-01-16 10:26:05] INFO: --------------------------------------------
[12554] [2025-01-16 10:26:05] INFO: Iteration 83/100
[12554] [2025-01-16 10:26:08] INFO: Acc: 96.90%
[12554] [2025-01-16 10:26:08] INFO: --------------------------------------------
[12554] [2025-01-16 10:26:08] INFO: Iteration 84/100
[12554] [2025-01-16 10:26:11] INFO: Acc: 98.00%
[12554] [2025-01-16 10:26:11] INFO: --------------------------------------------
[12554] [2025-01-16 10:26:11] INFO: Iteration 85/100
[12554] [2025-01-16 10:26:14] INFO: Acc: 98.10%
[12554] [2025-01-16 10:26:14] INFO: --------------------------------------------
[12554] [2025-01-16 10:26:14] INFO: Iteration 86/100
[12554] [2025-01-16 10:26:18] INFO: Acc: 97.80%
[12554] [2025-01-16 10:26:18] INFO: --------------------------------------------
[12554] [2025-01-16 10:26:18] INFO: Iteration 87/100
[12554] [2025-01-16 10:26:21] INFO: Acc: 98.40%
[12554] [2025-01-16 10:26:21] INFO: --------------------------------------------
[12554] [2025-01-16 10:26:21] INFO: Iteration 88/100
[12554] [2025-01-16 10:26:24] INFO: Acc: 97.10%
[12554] [2025-01-16 10:26:24] INFO: --------------------------------------------
[12554] [2025-01-16 10:26:24] INFO: Iteration 89/100
[12554] [2025-01-16 10:26:27] INFO: Acc: 98.20%
[12554] [2025-01-16 10:26:27] INFO: --------------------------------------------
[12554] [2025-01-16 10:26:27] INFO: Iteration 90/100
[12554] [2025-01-16 10:26:30] INFO: Acc: 98.90%
[12554] [2025-01-16 10:26:30] INFO: --------------------------------------------
[12554] [2025-01-16 10:26:30] INFO: Iteration 91/100
[12554] [2025-01-16 10:26:34] INFO: Acc: 96.90%
[12554] [2025-01-16 10:26:34] INFO: --------------------------------------------
[12554] [2025-01-16 10:26:34] INFO: Iteration 92/100
[12554] [2025-01-16 10:26:36] INFO: Acc: 98.10%
[12554] [2025-01-16 10:26:36] INFO: --------------------------------------------
[12554] [2025-01-16 10:26:36] INFO: Iteration 93/100
[12554] [2025-01-16 10:26:40] INFO: Acc: 97.10%
[12554] [2025-01-16 10:26:40] INFO: --------------------------------------------
[12554] [2025-01-16 10:26:40] INFO: Iteration 94/100
[12554] [2025-01-16 10:26:43] INFO: Acc: 97.60%
[12554] [2025-01-16 10:26:43] INFO: --------------------------------------------
[12554] [2025-01-16 10:26:43] INFO: Iteration 95/100
[12554] [2025-01-16 10:26:46] INFO: Acc: 98.80%
[12554] [2025-01-16 10:26:46] INFO: --------------------------------------------
[12554] [2025-01-16 10:26:46] INFO: Iteration 96/100
[12554] [2025-01-16 10:26:49] INFO: Acc: 97.70%
[12554] [2025-01-16 10:26:49] INFO: --------------------------------------------
[12554] [2025-01-16 10:26:49] INFO: Iteration 97/100
[12554] [2025-01-16 10:26:52] INFO: Acc: 97.20%
[12554] [2025-01-16 10:26:52] INFO: --------------------------------------------
[12554] [2025-01-16 10:26:52] INFO: Iteration 98/100
[12554] [2025-01-16 10:26:55] INFO: Acc: 98.00%
[12554] [2025-01-16 10:26:55] INFO: --------------------------------------------
[12554] [2025-01-16 10:26:55] INFO: Iteration 99/100
[12554] [2025-01-16 10:26:58] INFO: Acc: 97.90%
[12554] [2025-01-16 10:26:58] INFO: --------------------------------------------
[12554] [2025-01-16 10:26:58] INFO: Iteration 100/100
[12554] [2025-01-16 10:27:02] INFO: Acc: 97.10%
