[176215] [2025-01-16 15:03:49] INFO: ==> Running file: /autodl-fs/data/PythonProject/P3MC/downstream.py
[176215] [2025-01-16 15:03:49] INFO: ==> Config: {'exp_name': 'CVTSLANet_ads-b-20_iq_PT_powerNorm_FT_powerNorm', 'exp_type': 'Downstream_random_rot', 'random_seed': 2024, 'platform': 'linux', 'device': 'cuda', 'iteration': 100, 'epoch': 100, 'dataset': {'name': 'ads-b-20', 'root': '~/Datasets/ADS-B', 'type': 'iq', 'normalize': 'power', 'train_batch_size': 30, 'test_batch_size': 30, 'ratio': 0.2, 'num_classes': 20, 'shot': 10, 'snr': None}, 'encoder': {'name': 'CVTSLANet', 'root': 'models/KANTSLANet2Feature.py', 'feature_dim': 1024, 'pretrain_path': './runs/Pretext_random_rot/CVTSLANet_ads-b_iq_powerNorm/best_encoder.pth', 'TSLA_config': {'seq_len': 4800, 'patch_size': 32, 'num_channels': 2, 'emb_dim': 256, 'depth': 3, 'dropout_rate': 0.3}}, 'classifier': {'name': 'linear', 'root': 'models/LinearClassifier.py', 'in_dim': 1024, 'ratio': 0.2, 'num_classes': 20}, 'optimizer': {'lr': 0.001, 'weight_decay': 0}, 'extra_info': '', 'exp_path': 'runs/Downstream_random_rot/CVTSLANet_ads-b-20_iq_PT_powerNorm_FT_powerNorm/10Shot/0116_150349', 'save_path': 'runs/Downstream_random_rot/CVTSLANet_ads-b-20_iq_PT_powerNorm_FT_powerNorm'}
[176215] [2025-01-16 15:03:49] INFO: --------------------------------------------
[176215] [2025-01-16 15:03:49] INFO: Iteration 1/100
[176215] [2025-01-16 15:05:14] INFO: ==> Train Set: Acc: 100.00%, Loss: 0.00171683, Best model in epoch 61
[176215] [2025-01-16 15:05:17] INFO: ==> Test Set: Acc: 87.31%, Loss: 0.62388174
[176215] [2025-01-16 15:05:17] INFO: --------------------------------------------
[176215] [2025-01-16 15:05:17] INFO: Iteration 2/100
[176215] [2025-01-16 15:06:41] INFO: ==> Train Set: Acc: 100.00%, Loss: 0.00220004, Best model in epoch 84
[176215] [2025-01-16 15:06:44] INFO: ==> Test Set: Acc: 86.79%, Loss: 0.54196372
[176215] [2025-01-16 15:06:44] INFO: --------------------------------------------
[176215] [2025-01-16 15:06:44] INFO: Iteration 3/100
[176215] [2025-01-16 15:08:08] INFO: ==> Train Set: Acc: 100.00%, Loss: 0.00199737, Best model in epoch 76
[176215] [2025-01-16 15:08:11] INFO: ==> Test Set: Acc: 87.79%, Loss: 0.50098476
[176215] [2025-01-16 15:08:11] INFO: --------------------------------------------
[176215] [2025-01-16 15:08:11] INFO: Iteration 4/100
[176215] [2025-01-16 15:09:36] INFO: ==> Train Set: Acc: 100.00%, Loss: 0.00494652, Best model in epoch 94
[176215] [2025-01-16 15:09:39] INFO: ==> Test Set: Acc: 89.53%, Loss: 0.52272420
[176215] [2025-01-16 15:09:41] INFO: --------------------------------------------
[176215] [2025-01-16 15:09:41] INFO: Iteration 5/100
[176215] [2025-01-16 15:11:04] INFO: ==> Train Set: Acc: 100.00%, Loss: 0.00498804, Best model in epoch 56
[176215] [2025-01-16 15:11:07] INFO: ==> Test Set: Acc: 89.65%, Loss: 0.48652854
[176215] [2025-01-16 15:11:07] INFO: --------------------------------------------
[176215] [2025-01-16 15:11:07] INFO: Iteration 6/100
[176215] [2025-01-16 15:12:32] INFO: ==> Train Set: Acc: 100.00%, Loss: 0.00203046, Best model in epoch 85
[176215] [2025-01-16 15:12:35] INFO: ==> Test Set: Acc: 88.78%, Loss: 0.42564832
[176215] [2025-01-16 15:12:35] INFO: --------------------------------------------
[176215] [2025-01-16 15:12:35] INFO: Iteration 7/100
[176215] [2025-01-16 15:14:00] INFO: ==> Train Set: Acc: 100.00%, Loss: 0.00363913, Best model in epoch 72
[176215] [2025-01-16 15:14:03] INFO: ==> Test Set: Acc: 86.22%, Loss: 0.63291679
[176215] [2025-01-16 15:14:03] INFO: --------------------------------------------
[176215] [2025-01-16 15:14:03] INFO: Iteration 8/100
[176215] [2025-01-16 15:15:26] INFO: ==> Train Set: Acc: 100.00%, Loss: 0.00681334, Best model in epoch 52
[176215] [2025-01-16 15:15:29] INFO: ==> Test Set: Acc: 87.61%, Loss: 0.53017402
[176215] [2025-01-16 15:15:29] INFO: --------------------------------------------
[176215] [2025-01-16 15:15:29] INFO: Iteration 9/100
[176215] [2025-01-16 15:16:54] INFO: ==> Train Set: Acc: 100.00%, Loss: 0.00576789, Best model in epoch 49
[176215] [2025-01-16 15:16:57] INFO: ==> Test Set: Acc: 87.94%, Loss: 0.46364665
[176215] [2025-01-16 15:16:57] INFO: --------------------------------------------
[176215] [2025-01-16 15:16:57] INFO: Iteration 10/100
[176215] [2025-01-16 15:18:21] INFO: ==> Train Set: Acc: 100.00%, Loss: 0.00165483, Best model in epoch 77
[176215] [2025-01-16 15:18:24] INFO: ==> Test Set: Acc: 84.65%, Loss: 0.69754857
[176215] [2025-01-16 15:18:24] INFO: --------------------------------------------
[176215] [2025-01-16 15:18:24] INFO: Iteration 11/100
[176215] [2025-01-16 15:19:49] INFO: ==> Train Set: Acc: 100.00%, Loss: 0.00262149, Best model in epoch 80
[176215] [2025-01-16 15:19:52] INFO: ==> Test Set: Acc: 89.83%, Loss: 0.46947884
[176215] [2025-01-16 15:19:52] INFO: --------------------------------------------
[176215] [2025-01-16 15:19:52] INFO: Iteration 12/100
[176215] [2025-01-16 15:21:17] INFO: ==> Train Set: Acc: 100.00%, Loss: 0.00156477, Best model in epoch 72
[176215] [2025-01-16 15:21:19] INFO: ==> Test Set: Acc: 87.06%, Loss: 0.59937551
[176215] [2025-01-16 15:21:20] INFO: --------------------------------------------
[176215] [2025-01-16 15:21:20] INFO: Iteration 13/100
[176215] [2025-01-16 15:22:44] INFO: ==> Train Set: Acc: 100.00%, Loss: 0.00273597, Best model in epoch 69
[176215] [2025-01-16 15:22:46] INFO: ==> Test Set: Acc: 86.92%, Loss: 0.67531583
[176215] [2025-01-16 15:22:46] INFO: --------------------------------------------
[176215] [2025-01-16 15:22:46] INFO: Iteration 14/100
[176215] [2025-01-16 15:24:03] INFO: ==> Train Set: Acc: 100.00%, Loss: 0.00133423, Best model in epoch 84
[176215] [2025-01-16 15:24:06] INFO: ==> Test Set: Acc: 87.79%, Loss: 0.50951105
[176215] [2025-01-16 15:24:06] INFO: --------------------------------------------
[176215] [2025-01-16 15:24:06] INFO: Iteration 15/100
[176215] [2025-01-16 15:25:08] INFO: ==> Train Set: Acc: 100.00%, Loss: 0.00208914, Best model in epoch 98
[176215] [2025-01-16 15:25:09] INFO: ==> Test Set: Acc: 87.76%, Loss: 0.60649524
[176215] [2025-01-16 15:25:09] INFO: --------------------------------------------
[176215] [2025-01-16 15:25:09] INFO: Iteration 16/100
[176215] [2025-01-16 15:26:12] INFO: ==> Train Set: Acc: 100.00%, Loss: 0.00377046, Best model in epoch 84
[176215] [2025-01-16 15:26:14] INFO: ==> Test Set: Acc: 87.61%, Loss: 0.55215770
[176215] [2025-01-16 15:26:14] INFO: --------------------------------------------
[176215] [2025-01-16 15:26:14] INFO: Iteration 17/100
[176215] [2025-01-16 15:27:17] INFO: ==> Train Set: Acc: 100.00%, Loss: 0.00317825, Best model in epoch 88
[176215] [2025-01-16 15:27:19] INFO: ==> Test Set: Acc: 88.91%, Loss: 0.51015846
[176215] [2025-01-16 15:27:19] INFO: --------------------------------------------
[176215] [2025-01-16 15:27:19] INFO: Iteration 18/100
[176215] [2025-01-16 15:28:21] INFO: ==> Train Set: Acc: 100.00%, Loss: 0.00332345, Best model in epoch 72
[176215] [2025-01-16 15:28:23] INFO: ==> Test Set: Acc: 86.27%, Loss: 0.67535715
[176215] [2025-01-16 15:28:23] INFO: --------------------------------------------
[176215] [2025-01-16 15:28:23] INFO: Iteration 19/100
[176215] [2025-01-16 15:29:26] INFO: ==> Train Set: Acc: 100.00%, Loss: 0.00557112, Best model in epoch 79
[176215] [2025-01-16 15:29:28] INFO: ==> Test Set: Acc: 89.18%, Loss: 0.46378540
[176215] [2025-01-16 15:29:28] INFO: --------------------------------------------
[176215] [2025-01-16 15:29:28] INFO: Iteration 20/100
[176215] [2025-01-16 15:30:29] INFO: ==> Train Set: Acc: 100.00%, Loss: 0.00304066, Best model in epoch 83
[176215] [2025-01-16 15:30:31] INFO: ==> Test Set: Acc: 87.26%, Loss: 0.50466945
[176215] [2025-01-16 15:30:31] INFO: --------------------------------------------
[176215] [2025-01-16 15:30:31] INFO: Iteration 21/100
[176215] [2025-01-16 15:31:34] INFO: ==> Train Set: Acc: 100.00%, Loss: 0.00183339, Best model in epoch 95
[176215] [2025-01-16 15:31:36] INFO: ==> Test Set: Acc: 89.05%, Loss: 0.51461265
[176215] [2025-01-16 15:31:36] INFO: --------------------------------------------
[176215] [2025-01-16 15:31:36] INFO: Iteration 22/100
[176215] [2025-01-16 15:32:40] INFO: ==> Train Set: Acc: 100.00%, Loss: 0.00259640, Best model in epoch 65
[176215] [2025-01-16 15:32:42] INFO: ==> Test Set: Acc: 88.78%, Loss: 0.50397188
[176215] [2025-01-16 15:32:42] INFO: --------------------------------------------
[176215] [2025-01-16 15:32:42] INFO: Iteration 23/100
[176215] [2025-01-16 15:33:45] INFO: ==> Train Set: Acc: 100.00%, Loss: 0.00576319, Best model in epoch 78
[176215] [2025-01-16 15:33:47] INFO: ==> Test Set: Acc: 86.87%, Loss: 0.55128973
[176215] [2025-01-16 15:33:47] INFO: --------------------------------------------
[176215] [2025-01-16 15:33:47] INFO: Iteration 24/100
[176215] [2025-01-16 15:34:50] INFO: ==> Train Set: Acc: 100.00%, Loss: 0.00573531, Best model in epoch 99
[176215] [2025-01-16 15:34:52] INFO: ==> Test Set: Acc: 86.84%, Loss: 0.57154878
[176215] [2025-01-16 15:34:52] INFO: --------------------------------------------
[176215] [2025-01-16 15:34:52] INFO: Iteration 25/100
[176215] [2025-01-16 15:35:55] INFO: ==> Train Set: Acc: 100.00%, Loss: 0.00159899, Best model in epoch 79
[176215] [2025-01-16 15:35:57] INFO: ==> Test Set: Acc: 86.84%, Loss: 0.56264005
[176215] [2025-01-16 15:35:57] INFO: --------------------------------------------
[176215] [2025-01-16 15:35:57] INFO: Iteration 26/100
[176215] [2025-01-16 15:37:01] INFO: ==> Train Set: Acc: 100.00%, Loss: 0.00591290, Best model in epoch 57
[176215] [2025-01-16 15:37:02] INFO: ==> Test Set: Acc: 86.09%, Loss: 0.61913553
[176215] [2025-01-16 15:37:02] INFO: --------------------------------------------
[176215] [2025-01-16 15:37:02] INFO: Iteration 27/100
[176215] [2025-01-16 15:38:07] INFO: ==> Train Set: Acc: 100.00%, Loss: 0.00127656, Best model in epoch 82
[176215] [2025-01-16 15:38:09] INFO: ==> Test Set: Acc: 88.33%, Loss: 0.44539109
[176215] [2025-01-16 15:38:09] INFO: --------------------------------------------
[176215] [2025-01-16 15:38:09] INFO: Iteration 28/100
[176215] [2025-01-16 15:39:11] INFO: ==> Train Set: Acc: 100.00%, Loss: 0.00228071, Best model in epoch 74
[176215] [2025-01-16 15:39:13] INFO: ==> Test Set: Acc: 84.08%, Loss: 0.70987801
[176215] [2025-01-16 15:39:14] INFO: --------------------------------------------
[176215] [2025-01-16 15:39:14] INFO: Iteration 29/100
[176215] [2025-01-16 15:40:17] INFO: ==> Train Set: Acc: 100.00%, Loss: 0.00133778, Best model in epoch 88
[176215] [2025-01-16 15:40:19] INFO: ==> Test Set: Acc: 88.83%, Loss: 0.53572518
[176215] [2025-01-16 15:40:19] INFO: --------------------------------------------
[176215] [2025-01-16 15:40:19] INFO: Iteration 30/100
[176215] [2025-01-16 15:41:22] INFO: ==> Train Set: Acc: 100.00%, Loss: 0.00387790, Best model in epoch 94
[176215] [2025-01-16 15:41:24] INFO: ==> Test Set: Acc: 88.08%, Loss: 0.46852948
[176215] [2025-01-16 15:41:24] INFO: --------------------------------------------
[176215] [2025-01-16 15:41:24] INFO: Iteration 31/100
[176215] [2025-01-16 15:42:28] INFO: ==> Train Set: Acc: 100.00%, Loss: 0.00256217, Best model in epoch 94
[176215] [2025-01-16 15:42:31] INFO: ==> Test Set: Acc: 86.42%, Loss: 0.54625547
[176215] [2025-01-16 15:42:31] INFO: --------------------------------------------
[176215] [2025-01-16 15:42:31] INFO: Iteration 32/100
[176215] [2025-01-16 15:43:33] INFO: ==> Train Set: Acc: 100.00%, Loss: 0.00283327, Best model in epoch 76
[176215] [2025-01-16 15:43:35] INFO: ==> Test Set: Acc: 86.14%, Loss: 0.63859001
[176215] [2025-01-16 15:43:35] INFO: --------------------------------------------
[176215] [2025-01-16 15:43:35] INFO: Iteration 33/100
[176215] [2025-01-16 15:44:39] INFO: ==> Train Set: Acc: 100.00%, Loss: 0.00293825, Best model in epoch 81
[176215] [2025-01-16 15:44:41] INFO: ==> Test Set: Acc: 87.39%, Loss: 0.67158476
[176215] [2025-01-16 15:44:41] INFO: --------------------------------------------
[176215] [2025-01-16 15:44:41] INFO: Iteration 34/100
[176215] [2025-01-16 15:45:44] INFO: ==> Train Set: Acc: 100.00%, Loss: 0.00413609, Best model in epoch 86
[176215] [2025-01-16 15:45:46] INFO: ==> Test Set: Acc: 85.42%, Loss: 0.65071540
[176215] [2025-01-16 15:45:46] INFO: --------------------------------------------
[176215] [2025-01-16 15:45:46] INFO: Iteration 35/100
[176215] [2025-01-16 15:46:49] INFO: ==> Train Set: Acc: 100.00%, Loss: 0.00219309, Best model in epoch 90
[176215] [2025-01-16 15:46:51] INFO: ==> Test Set: Acc: 87.69%, Loss: 0.63131811
[176215] [2025-01-16 15:46:51] INFO: --------------------------------------------
[176215] [2025-01-16 15:46:51] INFO: Iteration 36/100
[176215] [2025-01-16 15:47:55] INFO: ==> Train Set: Acc: 100.00%, Loss: 0.00295257, Best model in epoch 77
[176215] [2025-01-16 15:47:57] INFO: ==> Test Set: Acc: 84.00%, Loss: 0.88284461
[176215] [2025-01-16 15:47:57] INFO: --------------------------------------------
[176215] [2025-01-16 15:47:57] INFO: Iteration 37/100
[176215] [2025-01-16 15:49:00] INFO: ==> Train Set: Acc: 100.00%, Loss: 0.00195679, Best model in epoch 96
[176215] [2025-01-16 15:49:01] INFO: ==> Test Set: Acc: 86.19%, Loss: 0.76647049
[176215] [2025-01-16 15:49:02] INFO: --------------------------------------------
[176215] [2025-01-16 15:49:02] INFO: Iteration 38/100
[176215] [2025-01-16 15:50:05] INFO: ==> Train Set: Acc: 100.00%, Loss: 0.00681886, Best model in epoch 99
[176215] [2025-01-16 15:50:07] INFO: ==> Test Set: Acc: 88.93%, Loss: 0.48705027
[176215] [2025-01-16 15:50:07] INFO: --------------------------------------------
[176215] [2025-01-16 15:50:07] INFO: Iteration 39/100
[176215] [2025-01-16 15:51:11] INFO: ==> Train Set: Acc: 100.00%, Loss: 0.00417988, Best model in epoch 68
[176215] [2025-01-16 15:51:13] INFO: ==> Test Set: Acc: 88.03%, Loss: 0.63956640
[176215] [2025-01-16 15:51:14] INFO: --------------------------------------------
[176215] [2025-01-16 15:51:14] INFO: Iteration 40/100
[176215] [2025-01-16 15:52:16] INFO: ==> Train Set: Acc: 100.00%, Loss: 0.00171337, Best model in epoch 95
[176215] [2025-01-16 15:52:18] INFO: ==> Test Set: Acc: 89.15%, Loss: 0.54281680
[176215] [2025-01-16 15:52:18] INFO: --------------------------------------------
[176215] [2025-01-16 15:52:18] INFO: Iteration 41/100
[176215] [2025-01-16 15:53:22] INFO: ==> Train Set: Acc: 100.00%, Loss: 0.00253491, Best model in epoch 61
[176215] [2025-01-16 15:53:24] INFO: ==> Test Set: Acc: 85.67%, Loss: 0.83386282
[176215] [2025-01-16 15:53:24] INFO: --------------------------------------------
[176215] [2025-01-16 15:53:24] INFO: Iteration 42/100
[176215] [2025-01-16 15:54:29] INFO: ==> Train Set: Acc: 100.00%, Loss: 0.00384151, Best model in epoch 70
[176215] [2025-01-16 15:54:31] INFO: ==> Test Set: Acc: 86.82%, Loss: 0.53959990
[176215] [2025-01-16 15:54:31] INFO: --------------------------------------------
[176215] [2025-01-16 15:54:31] INFO: Iteration 43/100
[176215] [2025-01-16 15:55:52] INFO: ==> Train Set: Acc: 100.00%, Loss: 0.00247511, Best model in epoch 89
[176215] [2025-01-16 15:55:54] INFO: ==> Test Set: Acc: 88.38%, Loss: 0.52753135
[176215] [2025-01-16 15:55:54] INFO: --------------------------------------------
[176215] [2025-01-16 15:55:54] INFO: Iteration 44/100
[176215] [2025-01-16 15:57:15] INFO: ==> Train Set: Acc: 100.00%, Loss: 0.00469775, Best model in epoch 85
[176215] [2025-01-16 15:57:18] INFO: ==> Test Set: Acc: 89.18%, Loss: 0.43343723
[176215] [2025-01-16 15:57:18] INFO: --------------------------------------------
[176215] [2025-01-16 15:57:18] INFO: Iteration 45/100
[176215] [2025-01-16 15:58:37] INFO: ==> Train Set: Acc: 100.00%, Loss: 0.00302018, Best model in epoch 88
[176215] [2025-01-16 15:58:40] INFO: ==> Test Set: Acc: 85.90%, Loss: 0.51454857
[176215] [2025-01-16 15:58:40] INFO: --------------------------------------------
[176215] [2025-01-16 15:58:40] INFO: Iteration 46/100
[176215] [2025-01-16 16:00:00] INFO: ==> Train Set: Acc: 100.00%, Loss: 0.00192611, Best model in epoch 93
[176215] [2025-01-16 16:00:02] INFO: ==> Test Set: Acc: 87.11%, Loss: 0.53735862
[176215] [2025-01-16 16:00:02] INFO: --------------------------------------------
[176215] [2025-01-16 16:00:02] INFO: Iteration 47/100
[176215] [2025-01-16 16:01:21] INFO: ==> Train Set: Acc: 100.00%, Loss: 0.00573278, Best model in epoch 97
[176215] [2025-01-16 16:01:24] INFO: ==> Test Set: Acc: 89.08%, Loss: 0.50259448
[176215] [2025-01-16 16:01:24] INFO: --------------------------------------------
[176215] [2025-01-16 16:01:24] INFO: Iteration 48/100
[176215] [2025-01-16 16:02:44] INFO: ==> Train Set: Acc: 100.00%, Loss: 0.00301765, Best model in epoch 84
[176215] [2025-01-16 16:02:47] INFO: ==> Test Set: Acc: 88.88%, Loss: 0.49827242
[176215] [2025-01-16 16:02:47] INFO: --------------------------------------------
[176215] [2025-01-16 16:02:47] INFO: Iteration 49/100
[176215] [2025-01-16 16:04:08] INFO: ==> Train Set: Acc: 100.00%, Loss: 0.00319257, Best model in epoch 75
[176215] [2025-01-16 16:04:11] INFO: ==> Test Set: Acc: 85.45%, Loss: 0.54214572
[176215] [2025-01-16 16:04:11] INFO: --------------------------------------------
[176215] [2025-01-16 16:04:11] INFO: Iteration 50/100
[176215] [2025-01-16 16:05:31] INFO: ==> Train Set: Acc: 100.00%, Loss: 0.00276891, Best model in epoch 99
[176215] [2025-01-16 16:05:34] INFO: ==> Test Set: Acc: 88.53%, Loss: 0.45953682
[176215] [2025-01-16 16:05:34] INFO: --------------------------------------------
[176215] [2025-01-16 16:05:34] INFO: Iteration 51/100
[176215] [2025-01-16 16:06:56] INFO: ==> Train Set: Acc: 100.00%, Loss: 0.00175815, Best model in epoch 87
[176215] [2025-01-16 16:06:58] INFO: ==> Test Set: Acc: 88.61%, Loss: 0.46382059
[176215] [2025-01-16 16:06:59] INFO: --------------------------------------------
[176215] [2025-01-16 16:06:59] INFO: Iteration 52/100
[176215] [2025-01-16 16:08:41] INFO: ==> Train Set: Acc: 100.00%, Loss: 0.00150731, Best model in epoch 61
[176215] [2025-01-16 16:08:44] INFO: ==> Test Set: Acc: 88.43%, Loss: 0.53964935
[176215] [2025-01-16 16:08:44] INFO: --------------------------------------------
[176215] [2025-01-16 16:08:44] INFO: Iteration 53/100
[176215] [2025-01-16 16:10:27] INFO: ==> Train Set: Acc: 100.00%, Loss: 0.00223359, Best model in epoch 78
[176215] [2025-01-16 16:10:31] INFO: ==> Test Set: Acc: 88.76%, Loss: 0.46839165
[176215] [2025-01-16 16:10:31] INFO: --------------------------------------------
[176215] [2025-01-16 16:10:31] INFO: Iteration 54/100
[176215] [2025-01-16 16:12:15] INFO: ==> Train Set: Acc: 100.00%, Loss: 0.00209934, Best model in epoch 82
[176215] [2025-01-16 16:12:18] INFO: ==> Test Set: Acc: 89.43%, Loss: 0.42653448
[176215] [2025-01-16 16:12:18] INFO: --------------------------------------------
[176215] [2025-01-16 16:12:18] INFO: Iteration 55/100
[176215] [2025-01-16 16:14:01] INFO: ==> Train Set: Acc: 100.00%, Loss: 0.00260517, Best model in epoch 85
[176215] [2025-01-16 16:14:05] INFO: ==> Test Set: Acc: 86.74%, Loss: 0.52414896
[176215] [2025-01-16 16:14:05] INFO: --------------------------------------------
[176215] [2025-01-16 16:14:05] INFO: Iteration 56/100
[176215] [2025-01-16 16:15:47] INFO: ==> Train Set: Acc: 100.00%, Loss: 0.00275575, Best model in epoch 67
[176215] [2025-01-16 16:15:51] INFO: ==> Test Set: Acc: 89.03%, Loss: 0.42865146
[176215] [2025-01-16 16:15:51] INFO: --------------------------------------------
[176215] [2025-01-16 16:15:51] INFO: Iteration 57/100
[176215] [2025-01-16 16:17:32] INFO: ==> Train Set: Acc: 100.00%, Loss: 0.00450311, Best model in epoch 86
[176215] [2025-01-16 16:17:36] INFO: ==> Test Set: Acc: 89.85%, Loss: 0.39710109
[176215] [2025-01-16 16:17:36] INFO: --------------------------------------------
[176215] [2025-01-16 16:17:36] INFO: Iteration 58/100
[176215] [2025-01-16 16:19:19] INFO: ==> Train Set: Acc: 100.00%, Loss: 0.00240610, Best model in epoch 81
[176215] [2025-01-16 16:19:22] INFO: ==> Test Set: Acc: 89.38%, Loss: 0.40219133
[176215] [2025-01-16 16:19:22] INFO: --------------------------------------------
[176215] [2025-01-16 16:19:22] INFO: Iteration 59/100
[176215] [2025-01-16 16:21:05] INFO: ==> Train Set: Acc: 100.00%, Loss: 0.00152267, Best model in epoch 94
[176215] [2025-01-16 16:21:08] INFO: ==> Test Set: Acc: 86.84%, Loss: 0.56854701
[176215] [2025-01-16 16:21:08] INFO: --------------------------------------------
[176215] [2025-01-16 16:21:08] INFO: Iteration 60/100
[176215] [2025-01-16 16:22:50] INFO: ==> Train Set: Acc: 100.00%, Loss: 0.00445596, Best model in epoch 63
[176215] [2025-01-16 16:22:53] INFO: ==> Test Set: Acc: 85.77%, Loss: 0.56840222
[176215] [2025-01-16 16:22:53] INFO: --------------------------------------------
[176215] [2025-01-16 16:22:53] INFO: Iteration 61/100
[176215] [2025-01-16 16:24:36] INFO: ==> Train Set: Acc: 100.00%, Loss: 0.00178753, Best model in epoch 96
[176215] [2025-01-16 16:24:39] INFO: ==> Test Set: Acc: 87.66%, Loss: 0.56164725
[176215] [2025-01-16 16:24:40] INFO: --------------------------------------------
[176215] [2025-01-16 16:24:40] INFO: Iteration 62/100
[176215] [2025-01-16 16:26:22] INFO: ==> Train Set: Acc: 100.00%, Loss: 0.00156549, Best model in epoch 97
[176215] [2025-01-16 16:26:25] INFO: ==> Test Set: Acc: 90.25%, Loss: 0.38131985
[176215] [2025-01-16 16:26:25] INFO: --------------------------------------------
[176215] [2025-01-16 16:26:25] INFO: Iteration 63/100
[176215] [2025-01-16 16:28:07] INFO: ==> Train Set: Acc: 100.00%, Loss: 0.00211635, Best model in epoch 90
[176215] [2025-01-16 16:28:11] INFO: ==> Test Set: Acc: 87.64%, Loss: 0.49079588
[176215] [2025-01-16 16:28:11] INFO: --------------------------------------------
[176215] [2025-01-16 16:28:11] INFO: Iteration 64/100
[176215] [2025-01-16 16:29:52] INFO: ==> Train Set: Acc: 100.00%, Loss: 0.00282888, Best model in epoch 75
[176215] [2025-01-16 16:29:56] INFO: ==> Test Set: Acc: 85.02%, Loss: 0.84096155
[176215] [2025-01-16 16:29:56] INFO: --------------------------------------------
[176215] [2025-01-16 16:29:56] INFO: Iteration 65/100
[176215] [2025-01-16 16:31:37] INFO: ==> Train Set: Acc: 100.00%, Loss: 0.00313722, Best model in epoch 91
[176215] [2025-01-16 16:31:41] INFO: ==> Test Set: Acc: 89.23%, Loss: 0.53534586
[176215] [2025-01-16 16:31:42] INFO: --------------------------------------------
[176215] [2025-01-16 16:31:42] INFO: Iteration 66/100
[176215] [2025-01-16 16:33:24] INFO: ==> Train Set: Acc: 100.00%, Loss: 0.00405378, Best model in epoch 83
[176215] [2025-01-16 16:33:28] INFO: ==> Test Set: Acc: 87.34%, Loss: 0.57322442
[176215] [2025-01-16 16:33:29] INFO: --------------------------------------------
[176215] [2025-01-16 16:33:29] INFO: Iteration 67/100
[176215] [2025-01-16 16:35:10] INFO: ==> Train Set: Acc: 100.00%, Loss: 0.00260880, Best model in epoch 95
[176215] [2025-01-16 16:35:14] INFO: ==> Test Set: Acc: 85.70%, Loss: 0.63778424
[176215] [2025-01-16 16:35:14] INFO: --------------------------------------------
[176215] [2025-01-16 16:35:14] INFO: Iteration 68/100
[176215] [2025-01-16 16:36:56] INFO: ==> Train Set: Acc: 100.00%, Loss: 0.00184285, Best model in epoch 91
[176215] [2025-01-16 16:36:59] INFO: ==> Test Set: Acc: 87.66%, Loss: 0.51347224
[176215] [2025-01-16 16:36:59] INFO: --------------------------------------------
[176215] [2025-01-16 16:36:59] INFO: Iteration 69/100
[176215] [2025-01-16 16:38:03] INFO: ==> Train Set: Acc: 100.00%, Loss: 0.00173588, Best model in epoch 94
[176215] [2025-01-16 16:38:05] INFO: ==> Test Set: Acc: 85.90%, Loss: 0.62665755
[176215] [2025-01-16 16:38:05] INFO: --------------------------------------------
[176215] [2025-01-16 16:38:05] INFO: Iteration 70/100
[176215] [2025-01-16 16:39:09] INFO: ==> Train Set: Acc: 100.00%, Loss: 0.00676438, Best model in epoch 88
[176215] [2025-01-16 16:39:11] INFO: ==> Test Set: Acc: 87.14%, Loss: 0.56993389
[176215] [2025-01-16 16:39:11] INFO: --------------------------------------------
[176215] [2025-01-16 16:39:11] INFO: Iteration 71/100
[176215] [2025-01-16 16:40:27] INFO: ==> Train Set: Acc: 100.00%, Loss: 0.00234427, Best model in epoch 89
[176215] [2025-01-16 16:40:30] INFO: ==> Test Set: Acc: 90.02%, Loss: 0.40880310
[176215] [2025-01-16 16:40:30] INFO: --------------------------------------------
[176215] [2025-01-16 16:40:30] INFO: Iteration 72/100
[176215] [2025-01-16 16:41:54] INFO: ==> Train Set: Acc: 100.00%, Loss: 0.00334509, Best model in epoch 59
[176215] [2025-01-16 16:41:57] INFO: ==> Test Set: Acc: 88.58%, Loss: 0.46405765
[176215] [2025-01-16 16:41:57] INFO: --------------------------------------------
[176215] [2025-01-16 16:41:57] INFO: Iteration 73/100
[176215] [2025-01-16 16:43:22] INFO: ==> Train Set: Acc: 100.00%, Loss: 0.00365885, Best model in epoch 62
[176215] [2025-01-16 16:43:25] INFO: ==> Test Set: Acc: 86.44%, Loss: 0.65186268
[176215] [2025-01-16 16:43:25] INFO: --------------------------------------------
[176215] [2025-01-16 16:43:25] INFO: Iteration 74/100
[176215] [2025-01-16 16:44:50] INFO: ==> Train Set: Acc: 100.00%, Loss: 0.00424744, Best model in epoch 92
[176215] [2025-01-16 16:44:53] INFO: ==> Test Set: Acc: 87.61%, Loss: 0.59746993
[176215] [2025-01-16 16:44:53] INFO: --------------------------------------------
[176215] [2025-01-16 16:44:53] INFO: Iteration 75/100
[176215] [2025-01-16 16:46:18] INFO: ==> Train Set: Acc: 100.00%, Loss: 0.00517173, Best model in epoch 66
[176215] [2025-01-16 16:46:21] INFO: ==> Test Set: Acc: 84.93%, Loss: 0.67191354
[176215] [2025-01-16 16:46:21] INFO: --------------------------------------------
[176215] [2025-01-16 16:46:21] INFO: Iteration 76/100
[176215] [2025-01-16 16:47:47] INFO: ==> Train Set: Acc: 100.00%, Loss: 0.00516498, Best model in epoch 52
[176215] [2025-01-16 16:47:50] INFO: ==> Test Set: Acc: 86.24%, Loss: 0.69912265
[176215] [2025-01-16 16:47:50] INFO: --------------------------------------------
[176215] [2025-01-16 16:47:50] INFO: Iteration 77/100
[176215] [2025-01-16 16:49:15] INFO: ==> Train Set: Acc: 100.00%, Loss: 0.00651366, Best model in epoch 67
[176215] [2025-01-16 16:49:17] INFO: ==> Test Set: Acc: 84.40%, Loss: 0.73391653
[176215] [2025-01-16 16:49:18] INFO: --------------------------------------------
[176215] [2025-01-16 16:49:18] INFO: Iteration 78/100
[176215] [2025-01-16 16:50:42] INFO: ==> Train Set: Acc: 100.00%, Loss: 0.00197481, Best model in epoch 93
[176215] [2025-01-16 16:50:45] INFO: ==> Test Set: Acc: 85.37%, Loss: 0.73469609
[176215] [2025-01-16 16:50:45] INFO: --------------------------------------------
[176215] [2025-01-16 16:50:45] INFO: Iteration 79/100
[176215] [2025-01-16 16:52:10] INFO: ==> Train Set: Acc: 100.00%, Loss: 0.00201515, Best model in epoch 60
[176215] [2025-01-16 16:52:13] INFO: ==> Test Set: Acc: 86.94%, Loss: 0.68440758
[176215] [2025-01-16 16:52:13] INFO: --------------------------------------------
[176215] [2025-01-16 16:52:13] INFO: Iteration 80/100
[176215] [2025-01-16 16:53:39] INFO: ==> Train Set: Acc: 100.00%, Loss: 0.00155124, Best model in epoch 95
[176215] [2025-01-16 16:53:41] INFO: ==> Test Set: Acc: 86.02%, Loss: 0.65395547
[176215] [2025-01-16 16:53:41] INFO: --------------------------------------------
[176215] [2025-01-16 16:53:41] INFO: Iteration 81/100
[176215] [2025-01-16 16:55:09] INFO: ==> Train Set: Acc: 100.00%, Loss: 0.00332512, Best model in epoch 45
[176215] [2025-01-16 16:55:12] INFO: ==> Test Set: Acc: 87.61%, Loss: 0.53663355
[176215] [2025-01-16 16:55:12] INFO: --------------------------------------------
[176215] [2025-01-16 16:55:12] INFO: Iteration 82/100
[176215] [2025-01-16 16:56:37] INFO: ==> Train Set: Acc: 100.00%, Loss: 0.00301107, Best model in epoch 93
[176215] [2025-01-16 16:56:40] INFO: ==> Test Set: Acc: 88.16%, Loss: 0.51248504
[176215] [2025-01-16 16:56:40] INFO: --------------------------------------------
[176215] [2025-01-16 16:56:40] INFO: Iteration 83/100
[176215] [2025-01-16 16:58:05] INFO: ==> Train Set: Acc: 100.00%, Loss: 0.00301625, Best model in epoch 79
[176215] [2025-01-16 16:58:08] INFO: ==> Test Set: Acc: 89.08%, Loss: 0.50439614
[176215] [2025-01-16 16:58:08] INFO: --------------------------------------------
[176215] [2025-01-16 16:58:08] INFO: Iteration 84/100
[176215] [2025-01-16 16:59:32] INFO: ==> Train Set: Acc: 100.00%, Loss: 0.00113464, Best model in epoch 79
[176215] [2025-01-16 16:59:35] INFO: ==> Test Set: Acc: 86.24%, Loss: 0.62799248
[176215] [2025-01-16 16:59:35] INFO: --------------------------------------------
[176215] [2025-01-16 16:59:35] INFO: Iteration 85/100
[176215] [2025-01-16 17:01:01] INFO: ==> Train Set: Acc: 100.00%, Loss: 0.00329388, Best model in epoch 95
[176215] [2025-01-16 17:01:04] INFO: ==> Test Set: Acc: 85.67%, Loss: 0.70348622
[176215] [2025-01-16 17:01:04] INFO: --------------------------------------------
[176215] [2025-01-16 17:01:04] INFO: Iteration 86/100
[176215] [2025-01-16 17:02:29] INFO: ==> Train Set: Acc: 100.00%, Loss: 0.00314078, Best model in epoch 79
[176215] [2025-01-16 17:02:32] INFO: ==> Test Set: Acc: 89.73%, Loss: 0.41882239
[176215] [2025-01-16 17:02:33] INFO: --------------------------------------------
[176215] [2025-01-16 17:02:33] INFO: Iteration 87/100
[176215] [2025-01-16 17:03:57] INFO: ==> Train Set: Acc: 100.00%, Loss: 0.00307233, Best model in epoch 68
[176215] [2025-01-16 17:04:00] INFO: ==> Test Set: Acc: 86.92%, Loss: 0.58762482
[176215] [2025-01-16 17:04:00] INFO: --------------------------------------------
[176215] [2025-01-16 17:04:00] INFO: Iteration 88/100
[176215] [2025-01-16 17:05:26] INFO: ==> Train Set: Acc: 100.00%, Loss: 0.00388945, Best model in epoch 45
[176215] [2025-01-16 17:05:29] INFO: ==> Test Set: Acc: 84.25%, Loss: 0.64348645
[176215] [2025-01-16 17:05:29] INFO: --------------------------------------------
[176215] [2025-01-16 17:05:29] INFO: Iteration 89/100
[176215] [2025-01-16 17:06:53] INFO: ==> Train Set: Acc: 100.00%, Loss: 0.00123310, Best model in epoch 86
[176215] [2025-01-16 17:06:56] INFO: ==> Test Set: Acc: 81.19%, Loss: 0.93057036
[176215] [2025-01-16 17:06:56] INFO: --------------------------------------------
[176215] [2025-01-16 17:06:56] INFO: Iteration 90/100
[176215] [2025-01-16 17:08:22] INFO: ==> Train Set: Acc: 100.00%, Loss: 0.00206116, Best model in epoch 99
[176215] [2025-01-16 17:08:25] INFO: ==> Test Set: Acc: 87.74%, Loss: 0.53743165
[176215] [2025-01-16 17:08:25] INFO: --------------------------------------------
[176215] [2025-01-16 17:08:25] INFO: Iteration 91/100
[176215] [2025-01-16 17:09:50] INFO: ==> Train Set: Acc: 100.00%, Loss: 0.00322167, Best model in epoch 81
[176215] [2025-01-16 17:09:53] INFO: ==> Test Set: Acc: 88.06%, Loss: 0.51942587
[176215] [2025-01-16 17:09:53] INFO: --------------------------------------------
[176215] [2025-01-16 17:09:53] INFO: Iteration 92/100
[176215] [2025-01-16 17:11:18] INFO: ==> Train Set: Acc: 100.00%, Loss: 0.00174389, Best model in epoch 84
[176215] [2025-01-16 17:11:21] INFO: ==> Test Set: Acc: 85.32%, Loss: 0.69455114
[176215] [2025-01-16 17:11:21] INFO: --------------------------------------------
[176215] [2025-01-16 17:11:21] INFO: Iteration 93/100
[176215] [2025-01-16 17:12:46] INFO: ==> Train Set: Acc: 100.00%, Loss: 0.00356711, Best model in epoch 73
[176215] [2025-01-16 17:12:49] INFO: ==> Test Set: Acc: 89.15%, Loss: 0.47996275
[176215] [2025-01-16 17:12:49] INFO: --------------------------------------------
[176215] [2025-01-16 17:12:49] INFO: Iteration 94/100
[176215] [2025-01-16 17:14:14] INFO: ==> Train Set: Acc: 100.00%, Loss: 0.00419526, Best model in epoch 58
[176215] [2025-01-16 17:14:16] INFO: ==> Test Set: Acc: 88.18%, Loss: 0.55542063
[176215] [2025-01-16 17:14:16] INFO: --------------------------------------------
[176215] [2025-01-16 17:14:16] INFO: Iteration 95/100
[176215] [2025-01-16 17:15:42] INFO: ==> Train Set: Acc: 100.00%, Loss: 0.00122451, Best model in epoch 97
[176215] [2025-01-16 17:15:45] INFO: ==> Test Set: Acc: 89.88%, Loss: 0.43297452
[176215] [2025-01-16 17:15:45] INFO: --------------------------------------------
[176215] [2025-01-16 17:15:45] INFO: Iteration 96/100
[176215] [2025-01-16 17:17:11] INFO: ==> Train Set: Acc: 100.00%, Loss: 0.00263100, Best model in epoch 82
[176215] [2025-01-16 17:17:14] INFO: ==> Test Set: Acc: 89.25%, Loss: 0.50414516
[176215] [2025-01-16 17:17:14] INFO: --------------------------------------------
[176215] [2025-01-16 17:17:14] INFO: Iteration 97/100
[176215] [2025-01-16 17:18:38] INFO: ==> Train Set: Acc: 100.00%, Loss: 0.00138033, Best model in epoch 89
[176215] [2025-01-16 17:18:41] INFO: ==> Test Set: Acc: 88.63%, Loss: 0.43580106
[176215] [2025-01-16 17:18:41] INFO: --------------------------------------------
[176215] [2025-01-16 17:18:41] INFO: Iteration 98/100
[176215] [2025-01-16 17:20:06] INFO: ==> Train Set: Acc: 100.00%, Loss: 0.00307826, Best model in epoch 61
[176215] [2025-01-16 17:20:09] INFO: ==> Test Set: Acc: 87.59%, Loss: 0.44299398
[176215] [2025-01-16 17:20:09] INFO: --------------------------------------------
[176215] [2025-01-16 17:20:09] INFO: Iteration 99/100
[176215] [2025-01-16 17:21:34] INFO: ==> Train Set: Acc: 100.00%, Loss: 0.00097027, Best model in epoch 92
[176215] [2025-01-16 17:21:37] INFO: ==> Test Set: Acc: 84.95%, Loss: 0.64574040
[176215] [2025-01-16 17:21:37] INFO: --------------------------------------------
[176215] [2025-01-16 17:21:37] INFO: Iteration 100/100
[176215] [2025-01-16 17:23:02] INFO: ==> Train Set: Acc: 100.00%, Loss: 0.00361954, Best model in epoch 79
[176215] [2025-01-16 17:23:05] INFO: ==> Test Set: Acc: 86.04%, Loss: 0.66093238
