[176494] [2025-01-16 17:14:10] INFO: ==> Running file: /autodl-fs/data/PythonProject/P3MC/downstream.py
[176494] [2025-01-16 17:14:10] INFO: ==> Config: {'exp_name': 'CVTSLANet_ads-b-10_iq_PT_powerNorm_FT_powerNorm', 'exp_type': 'Downstream_random_rot', 'random_seed': 2024, 'platform': 'linux', 'device': 'cuda', 'iteration': 100, 'epoch': 100, 'dataset': {'name': 'ads-b-10', 'root': '~/Datasets/ADS-B', 'type': 'iq', 'normalize': 'power', 'train_batch_size': 30, 'test_batch_size': 30, 'ratio': 0.2, 'num_classes': 10, 'shot': 20, 'snr': None}, 'encoder': {'name': 'CVTSLANet', 'root': 'models/KANTSLANet2Feature.py', 'feature_dim': 1024, 'pretrain_path': './runs/Pretext_random_rot/CVTSLANet_ads-b_iq_powerNorm/best_encoder.pth', 'TSLA_config': {'seq_len': 4800, 'patch_size': 32, 'num_channels': 2, 'emb_dim': 256, 'depth': 3, 'dropout_rate': 0.3}}, 'classifier': {'name': 'linear', 'root': 'models/LinearClassifier.py', 'in_dim': 1024, 'ratio': 0.2, 'num_classes': 10}, 'optimizer': {'lr': 0.001, 'weight_decay': 0}, 'extra_info': '', 'exp_path': 'runs/Downstream_random_rot/CVTSLANet_ads-b-10_iq_PT_powerNorm_FT_powerNorm/20Shot/0116_171410', 'save_path': 'runs/Downstream_random_rot/CVTSLANet_ads-b-10_iq_PT_powerNorm_FT_powerNorm'}
[176494] [2025-01-16 17:14:10] INFO: --------------------------------------------
[176494] [2025-01-16 17:14:10] INFO: Iteration 1/100
[176494] [2025-01-16 17:15:35] INFO: ==> Train Set: Acc: 100.00%, Loss: 0.00104228, Best model in epoch 69
[176494] [2025-01-16 17:15:37] INFO: ==> Test Set: Acc: 98.24%, Loss: 0.05864537
[176494] [2025-01-16 17:15:37] INFO: --------------------------------------------
[176494] [2025-01-16 17:15:37] INFO: Iteration 2/100
[176494] [2025-01-16 17:17:02] INFO: ==> Train Set: Acc: 100.00%, Loss: 0.00070814, Best model in epoch 67
[176494] [2025-01-16 17:17:03] INFO: ==> Test Set: Acc: 96.67%, Loss: 0.16738490
[176494] [2025-01-16 17:17:03] INFO: --------------------------------------------
[176494] [2025-01-16 17:17:03] INFO: Iteration 3/100
[176494] [2025-01-16 17:18:27] INFO: ==> Train Set: Acc: 100.00%, Loss: 0.00032105, Best model in epoch 99
[176494] [2025-01-16 17:18:28] INFO: ==> Test Set: Acc: 96.86%, Loss: 0.19101374
[176494] [2025-01-16 17:18:29] INFO: --------------------------------------------
[176494] [2025-01-16 17:18:29] INFO: Iteration 4/100
[176494] [2025-01-16 17:19:54] INFO: ==> Train Set: Acc: 100.00%, Loss: 0.00024403, Best model in epoch 96
[176494] [2025-01-16 17:19:55] INFO: ==> Test Set: Acc: 97.84%, Loss: 0.13089387
[176494] [2025-01-16 17:19:55] INFO: --------------------------------------------
[176494] [2025-01-16 17:19:55] INFO: Iteration 5/100
[176494] [2025-01-16 17:21:20] INFO: ==> Train Set: Acc: 100.00%, Loss: 0.00037840, Best model in epoch 73
[176494] [2025-01-16 17:21:21] INFO: ==> Test Set: Acc: 97.35%, Loss: 0.10354902
[176494] [2025-01-16 17:21:21] INFO: --------------------------------------------
[176494] [2025-01-16 17:21:21] INFO: Iteration 6/100
[176494] [2025-01-16 17:22:45] INFO: ==> Train Set: Acc: 100.00%, Loss: 0.00035610, Best model in epoch 86
[176494] [2025-01-16 17:22:47] INFO: ==> Test Set: Acc: 96.47%, Loss: 0.26169582
[176494] [2025-01-16 17:22:47] INFO: --------------------------------------------
[176494] [2025-01-16 17:22:47] INFO: Iteration 7/100
[176494] [2025-01-16 17:24:12] INFO: ==> Train Set: Acc: 100.00%, Loss: 0.00029947, Best model in epoch 79
[176494] [2025-01-16 17:24:14] INFO: ==> Test Set: Acc: 96.47%, Loss: 0.10688800
[176494] [2025-01-16 17:24:14] INFO: --------------------------------------------
[176494] [2025-01-16 17:24:14] INFO: Iteration 8/100
[176494] [2025-01-16 17:25:38] INFO: ==> Train Set: Acc: 100.00%, Loss: 0.00078742, Best model in epoch 63
[176494] [2025-01-16 17:25:40] INFO: ==> Test Set: Acc: 96.76%, Loss: 0.14626383
[176494] [2025-01-16 17:25:40] INFO: --------------------------------------------
[176494] [2025-01-16 17:25:40] INFO: Iteration 9/100
[176494] [2025-01-16 17:27:06] INFO: ==> Train Set: Acc: 100.00%, Loss: 0.00046393, Best model in epoch 95
[176494] [2025-01-16 17:27:07] INFO: ==> Test Set: Acc: 97.65%, Loss: 0.08295315
[176494] [2025-01-16 17:27:07] INFO: --------------------------------------------
[176494] [2025-01-16 17:27:07] INFO: Iteration 10/100
[176494] [2025-01-16 17:28:33] INFO: ==> Train Set: Acc: 100.00%, Loss: 0.00048447, Best model in epoch 96
[176494] [2025-01-16 17:28:34] INFO: ==> Test Set: Acc: 95.98%, Loss: 0.32346668
[176494] [2025-01-16 17:28:34] INFO: --------------------------------------------
[176494] [2025-01-16 17:28:34] INFO: Iteration 11/100
[176494] [2025-01-16 17:29:58] INFO: ==> Train Set: Acc: 100.00%, Loss: 0.00042564, Best model in epoch 74
[176494] [2025-01-16 17:30:00] INFO: ==> Test Set: Acc: 96.57%, Loss: 0.20796111
[176494] [2025-01-16 17:30:00] INFO: --------------------------------------------
[176494] [2025-01-16 17:30:00] INFO: Iteration 12/100
[176494] [2025-01-16 17:31:26] INFO: ==> Train Set: Acc: 100.00%, Loss: 0.00027201, Best model in epoch 95
[176494] [2025-01-16 17:31:27] INFO: ==> Test Set: Acc: 97.55%, Loss: 0.14023391
[176494] [2025-01-16 17:31:27] INFO: --------------------------------------------
[176494] [2025-01-16 17:31:27] INFO: Iteration 13/100
[176494] [2025-01-16 17:32:52] INFO: ==> Train Set: Acc: 100.00%, Loss: 0.00039918, Best model in epoch 76
[176494] [2025-01-16 17:32:53] INFO: ==> Test Set: Acc: 97.84%, Loss: 0.06363401
[176494] [2025-01-16 17:32:53] INFO: --------------------------------------------
[176494] [2025-01-16 17:32:53] INFO: Iteration 14/100
[176494] [2025-01-16 17:34:18] INFO: ==> Train Set: Acc: 100.00%, Loss: 0.00036671, Best model in epoch 87
[176494] [2025-01-16 17:34:20] INFO: ==> Test Set: Acc: 97.75%, Loss: 0.11962756
[176494] [2025-01-16 17:34:20] INFO: --------------------------------------------
[176494] [2025-01-16 17:34:20] INFO: Iteration 15/100
[176494] [2025-01-16 17:35:46] INFO: ==> Train Set: Acc: 100.00%, Loss: 0.00031687, Best model in epoch 94
[176494] [2025-01-16 17:35:47] INFO: ==> Test Set: Acc: 97.55%, Loss: 0.10935678
[176494] [2025-01-16 17:35:47] INFO: --------------------------------------------
[176494] [2025-01-16 17:35:47] INFO: Iteration 16/100
[176494] [2025-01-16 17:37:11] INFO: ==> Train Set: Acc: 100.00%, Loss: 0.00049117, Best model in epoch 99
[176494] [2025-01-16 17:37:13] INFO: ==> Test Set: Acc: 96.86%, Loss: 0.15924447
[176494] [2025-01-16 17:37:13] INFO: --------------------------------------------
[176494] [2025-01-16 17:37:13] INFO: Iteration 17/100
[176494] [2025-01-16 17:38:38] INFO: ==> Train Set: Acc: 100.00%, Loss: 0.00020568, Best model in epoch 93
[176494] [2025-01-16 17:38:39] INFO: ==> Test Set: Acc: 97.55%, Loss: 0.15194418
[176494] [2025-01-16 17:38:39] INFO: --------------------------------------------
[176494] [2025-01-16 17:38:39] INFO: Iteration 18/100
[176494] [2025-01-16 17:40:04] INFO: ==> Train Set: Acc: 100.00%, Loss: 0.00105912, Best model in epoch 97
[176494] [2025-01-16 17:40:06] INFO: ==> Test Set: Acc: 97.55%, Loss: 0.14985149
[176494] [2025-01-16 17:40:06] INFO: --------------------------------------------
[176494] [2025-01-16 17:40:06] INFO: Iteration 19/100
[176494] [2025-01-16 17:41:31] INFO: ==> Train Set: Acc: 100.00%, Loss: 0.00044402, Best model in epoch 70
[176494] [2025-01-16 17:41:32] INFO: ==> Test Set: Acc: 98.33%, Loss: 0.07078262
[176494] [2025-01-16 17:41:32] INFO: --------------------------------------------
[176494] [2025-01-16 17:41:32] INFO: Iteration 20/100
[176494] [2025-01-16 17:42:57] INFO: ==> Train Set: Acc: 100.00%, Loss: 0.00050099, Best model in epoch 61
[176494] [2025-01-16 17:42:59] INFO: ==> Test Set: Acc: 98.63%, Loss: 0.06999872
[176494] [2025-01-16 17:42:59] INFO: --------------------------------------------
[176494] [2025-01-16 17:42:59] INFO: Iteration 21/100
[176494] [2025-01-16 17:44:23] INFO: ==> Train Set: Acc: 100.00%, Loss: 0.00087192, Best model in epoch 57
[176494] [2025-01-16 17:44:24] INFO: ==> Test Set: Acc: 98.43%, Loss: 0.05549166
[176494] [2025-01-16 17:44:25] INFO: --------------------------------------------
[176494] [2025-01-16 17:44:25] INFO: Iteration 22/100
[176494] [2025-01-16 17:45:50] INFO: ==> Train Set: Acc: 100.00%, Loss: 0.00021732, Best model in epoch 92
[176494] [2025-01-16 17:45:51] INFO: ==> Test Set: Acc: 96.47%, Loss: 0.19142053
[176494] [2025-01-16 17:45:51] INFO: --------------------------------------------
[176494] [2025-01-16 17:45:51] INFO: Iteration 23/100
[176494] [2025-01-16 17:47:16] INFO: ==> Train Set: Acc: 100.00%, Loss: 0.00041027, Best model in epoch 72
[176494] [2025-01-16 17:47:18] INFO: ==> Test Set: Acc: 98.14%, Loss: 0.10895685
[176494] [2025-01-16 17:47:18] INFO: --------------------------------------------
[176494] [2025-01-16 17:47:18] INFO: Iteration 24/100
[176494] [2025-01-16 17:48:43] INFO: ==> Train Set: Acc: 100.00%, Loss: 0.00026757, Best model in epoch 95
[176494] [2025-01-16 17:48:44] INFO: ==> Test Set: Acc: 97.16%, Loss: 0.11773458
[176494] [2025-01-16 17:48:45] INFO: --------------------------------------------
[176494] [2025-01-16 17:48:45] INFO: Iteration 25/100
[176494] [2025-01-16 17:50:10] INFO: ==> Train Set: Acc: 100.00%, Loss: 0.00024272, Best model in epoch 94
[176494] [2025-01-16 17:50:12] INFO: ==> Test Set: Acc: 96.96%, Loss: 0.16755446
[176494] [2025-01-16 17:50:12] INFO: --------------------------------------------
[176494] [2025-01-16 17:50:12] INFO: Iteration 26/100
[176494] [2025-01-16 17:51:36] INFO: ==> Train Set: Acc: 100.00%, Loss: 0.00033432, Best model in epoch 89
[176494] [2025-01-16 17:51:37] INFO: ==> Test Set: Acc: 98.04%, Loss: 0.07733378
[176494] [2025-01-16 17:51:40] INFO: --------------------------------------------
[176494] [2025-01-16 17:51:40] INFO: Iteration 27/100
[176494] [2025-01-16 17:53:05] INFO: ==> Train Set: Acc: 100.00%, Loss: 0.00034989, Best model in epoch 79
[176494] [2025-01-16 17:53:07] INFO: ==> Test Set: Acc: 97.55%, Loss: 0.09946590
[176494] [2025-01-16 17:53:07] INFO: --------------------------------------------
[176494] [2025-01-16 17:53:07] INFO: Iteration 28/100
[176494] [2025-01-16 17:54:33] INFO: ==> Train Set: Acc: 100.00%, Loss: 0.00057753, Best model in epoch 89
[176494] [2025-01-16 17:54:34] INFO: ==> Test Set: Acc: 97.25%, Loss: 0.12258107
[176494] [2025-01-16 17:54:34] INFO: --------------------------------------------
[176494] [2025-01-16 17:54:34] INFO: Iteration 29/100
[176494] [2025-01-16 17:55:59] INFO: ==> Train Set: Acc: 100.00%, Loss: 0.00034890, Best model in epoch 87
[176494] [2025-01-16 17:56:00] INFO: ==> Test Set: Acc: 97.35%, Loss: 0.09729208
[176494] [2025-01-16 17:56:00] INFO: --------------------------------------------
[176494] [2025-01-16 17:56:00] INFO: Iteration 30/100
[176494] [2025-01-16 17:57:25] INFO: ==> Train Set: Acc: 100.00%, Loss: 0.00049940, Best model in epoch 97
[176494] [2025-01-16 17:57:27] INFO: ==> Test Set: Acc: 96.96%, Loss: 0.11179690
[176494] [2025-01-16 17:57:27] INFO: --------------------------------------------
[176494] [2025-01-16 17:57:27] INFO: Iteration 31/100
[176494] [2025-01-16 17:58:51] INFO: ==> Train Set: Acc: 100.00%, Loss: 0.00027594, Best model in epoch 98
[176494] [2025-01-16 17:58:52] INFO: ==> Test Set: Acc: 97.84%, Loss: 0.09765683
[176494] [2025-01-16 17:58:52] INFO: --------------------------------------------
[176494] [2025-01-16 17:58:52] INFO: Iteration 32/100
[176494] [2025-01-16 18:00:18] INFO: ==> Train Set: Acc: 100.00%, Loss: 0.00040125, Best model in epoch 62
[176494] [2025-01-16 18:00:19] INFO: ==> Test Set: Acc: 97.35%, Loss: 0.14520450
[176494] [2025-01-16 18:00:19] INFO: --------------------------------------------
[176494] [2025-01-16 18:00:19] INFO: Iteration 33/100
[176494] [2025-01-16 18:01:44] INFO: ==> Train Set: Acc: 100.00%, Loss: 0.00109520, Best model in epoch 44
[176494] [2025-01-16 18:01:46] INFO: ==> Test Set: Acc: 96.57%, Loss: 0.15417241
[176494] [2025-01-16 18:01:46] INFO: --------------------------------------------
[176494] [2025-01-16 18:01:46] INFO: Iteration 34/100
[176494] [2025-01-16 18:03:11] INFO: ==> Train Set: Acc: 100.00%, Loss: 0.00021912, Best model in epoch 90
[176494] [2025-01-16 18:03:12] INFO: ==> Test Set: Acc: 97.75%, Loss: 0.13355041
[176494] [2025-01-16 18:03:12] INFO: --------------------------------------------
[176494] [2025-01-16 18:03:12] INFO: Iteration 35/100
[176494] [2025-01-16 18:04:37] INFO: ==> Train Set: Acc: 100.00%, Loss: 0.00066669, Best model in epoch 86
[176494] [2025-01-16 18:04:39] INFO: ==> Test Set: Acc: 95.59%, Loss: 0.15125333
[176494] [2025-01-16 18:04:39] INFO: --------------------------------------------
[176494] [2025-01-16 18:04:39] INFO: Iteration 36/100
[176494] [2025-01-16 18:06:03] INFO: ==> Train Set: Acc: 100.00%, Loss: 0.00031067, Best model in epoch 84
[176494] [2025-01-16 18:06:04] INFO: ==> Test Set: Acc: 97.75%, Loss: 0.12431820
[176494] [2025-01-16 18:06:05] INFO: --------------------------------------------
[176494] [2025-01-16 18:06:05] INFO: Iteration 37/100
[176494] [2025-01-16 18:07:31] INFO: ==> Train Set: Acc: 100.00%, Loss: 0.00031155, Best model in epoch 98
[176494] [2025-01-16 18:07:33] INFO: ==> Test Set: Acc: 98.14%, Loss: 0.10225782
[176494] [2025-01-16 18:07:33] INFO: --------------------------------------------
[176494] [2025-01-16 18:07:33] INFO: Iteration 38/100
[176494] [2025-01-16 18:08:58] INFO: ==> Train Set: Acc: 100.00%, Loss: 0.00061733, Best model in epoch 76
[176494] [2025-01-16 18:08:59] INFO: ==> Test Set: Acc: 97.84%, Loss: 0.08319385
[176494] [2025-01-16 18:08:59] INFO: --------------------------------------------
[176494] [2025-01-16 18:08:59] INFO: Iteration 39/100
[176494] [2025-01-16 18:10:24] INFO: ==> Train Set: Acc: 100.00%, Loss: 0.00037102, Best model in epoch 96
[176494] [2025-01-16 18:10:25] INFO: ==> Test Set: Acc: 98.73%, Loss: 0.05664417
[176494] [2025-01-16 18:10:25] INFO: --------------------------------------------
[176494] [2025-01-16 18:10:25] INFO: Iteration 40/100
[176494] [2025-01-16 18:11:51] INFO: ==> Train Set: Acc: 100.00%, Loss: 0.00026523, Best model in epoch 92
[176494] [2025-01-16 18:11:52] INFO: ==> Test Set: Acc: 97.94%, Loss: 0.10696131
[176494] [2025-01-16 18:11:53] INFO: --------------------------------------------
[176494] [2025-01-16 18:11:53] INFO: Iteration 41/100
[176494] [2025-01-16 18:13:17] INFO: ==> Train Set: Acc: 100.00%, Loss: 0.00051778, Best model in epoch 89
[176494] [2025-01-16 18:13:19] INFO: ==> Test Set: Acc: 95.29%, Loss: 0.24986404
[176494] [2025-01-16 18:13:19] INFO: --------------------------------------------
[176494] [2025-01-16 18:13:19] INFO: Iteration 42/100
[176494] [2025-01-16 18:14:43] INFO: ==> Train Set: Acc: 100.00%, Loss: 0.00069565, Best model in epoch 62
[176494] [2025-01-16 18:14:45] INFO: ==> Test Set: Acc: 98.63%, Loss: 0.04055902
[176494] [2025-01-16 18:14:45] INFO: --------------------------------------------
[176494] [2025-01-16 18:14:45] INFO: Iteration 43/100
[176494] [2025-01-16 18:16:11] INFO: ==> Train Set: Acc: 100.00%, Loss: 0.00030102, Best model in epoch 98
[176494] [2025-01-16 18:16:12] INFO: ==> Test Set: Acc: 98.53%, Loss: 0.06567358
[176494] [2025-01-16 18:16:12] INFO: --------------------------------------------
[176494] [2025-01-16 18:16:12] INFO: Iteration 44/100
[176494] [2025-01-16 18:17:36] INFO: ==> Train Set: Acc: 100.00%, Loss: 0.00031025, Best model in epoch 96
[176494] [2025-01-16 18:17:38] INFO: ==> Test Set: Acc: 95.00%, Loss: 0.26758695
[176494] [2025-01-16 18:17:38] INFO: --------------------------------------------
[176494] [2025-01-16 18:17:38] INFO: Iteration 45/100
[176494] [2025-01-16 18:19:03] INFO: ==> Train Set: Acc: 100.00%, Loss: 0.00082611, Best model in epoch 62
[176494] [2025-01-16 18:19:05] INFO: ==> Test Set: Acc: 98.33%, Loss: 0.06172699
[176494] [2025-01-16 18:19:05] INFO: --------------------------------------------
[176494] [2025-01-16 18:19:05] INFO: Iteration 46/100
[176494] [2025-01-16 18:20:30] INFO: ==> Train Set: Acc: 100.00%, Loss: 0.00069408, Best model in epoch 89
[176494] [2025-01-16 18:20:32] INFO: ==> Test Set: Acc: 97.35%, Loss: 0.15050917
[176494] [2025-01-16 18:20:32] INFO: --------------------------------------------
[176494] [2025-01-16 18:20:32] INFO: Iteration 47/100
[176494] [2025-01-16 18:21:56] INFO: ==> Train Set: Acc: 100.00%, Loss: 0.00044893, Best model in epoch 98
[176494] [2025-01-16 18:21:57] INFO: ==> Test Set: Acc: 97.45%, Loss: 0.14039250
[176494] [2025-01-16 18:21:57] INFO: --------------------------------------------
[176494] [2025-01-16 18:21:57] INFO: Iteration 48/100
[176494] [2025-01-16 18:23:23] INFO: ==> Train Set: Acc: 100.00%, Loss: 0.00056284, Best model in epoch 62
[176494] [2025-01-16 18:23:24] INFO: ==> Test Set: Acc: 97.16%, Loss: 0.10805854
[176494] [2025-01-16 18:23:24] INFO: --------------------------------------------
[176494] [2025-01-16 18:23:24] INFO: Iteration 49/100
[176494] [2025-01-16 18:24:49] INFO: ==> Train Set: Acc: 100.00%, Loss: 0.00037928, Best model in epoch 93
[176494] [2025-01-16 18:24:50] INFO: ==> Test Set: Acc: 94.61%, Loss: 0.27730199
[176494] [2025-01-16 18:24:50] INFO: --------------------------------------------
[176494] [2025-01-16 18:24:50] INFO: Iteration 50/100
[176494] [2025-01-16 18:26:16] INFO: ==> Train Set: Acc: 100.00%, Loss: 0.00044305, Best model in epoch 89
[176494] [2025-01-16 18:26:17] INFO: ==> Test Set: Acc: 98.33%, Loss: 0.07448499
[176494] [2025-01-16 18:26:17] INFO: --------------------------------------------
[176494] [2025-01-16 18:26:17] INFO: Iteration 51/100
[176494] [2025-01-16 18:27:42] INFO: ==> Train Set: Acc: 100.00%, Loss: 0.00038835, Best model in epoch 95
[176494] [2025-01-16 18:27:44] INFO: ==> Test Set: Acc: 97.16%, Loss: 0.11351375
[176494] [2025-01-16 18:27:44] INFO: --------------------------------------------
[176494] [2025-01-16 18:27:44] INFO: Iteration 52/100
[176494] [2025-01-16 18:29:08] INFO: ==> Train Set: Acc: 100.00%, Loss: 0.00021947, Best model in epoch 99
[176494] [2025-01-16 18:29:10] INFO: ==> Test Set: Acc: 97.55%, Loss: 0.11613826
[176494] [2025-01-16 18:29:10] INFO: --------------------------------------------
[176494] [2025-01-16 18:29:10] INFO: Iteration 53/100
[176494] [2025-01-16 18:30:35] INFO: ==> Train Set: Acc: 100.00%, Loss: 0.00083910, Best model in epoch 57
[176494] [2025-01-16 18:30:36] INFO: ==> Test Set: Acc: 95.98%, Loss: 0.19979946
[176494] [2025-01-16 18:30:37] INFO: --------------------------------------------
[176494] [2025-01-16 18:30:37] INFO: Iteration 54/100
[176494] [2025-01-16 18:32:01] INFO: ==> Train Set: Acc: 100.00%, Loss: 0.00027724, Best model in epoch 85
[176494] [2025-01-16 18:32:02] INFO: ==> Test Set: Acc: 95.78%, Loss: 0.19887716
[176494] [2025-01-16 18:32:02] INFO: --------------------------------------------
[176494] [2025-01-16 18:32:02] INFO: Iteration 55/100
[176494] [2025-01-16 18:33:28] INFO: ==> Train Set: Acc: 100.00%, Loss: 0.00041848, Best model in epoch 91
[176494] [2025-01-16 18:33:29] INFO: ==> Test Set: Acc: 97.94%, Loss: 0.06288553
[176494] [2025-01-16 18:33:29] INFO: --------------------------------------------
[176494] [2025-01-16 18:33:29] INFO: Iteration 56/100
[176494] [2025-01-16 18:34:55] INFO: ==> Train Set: Acc: 100.00%, Loss: 0.00068607, Best model in epoch 64
[176494] [2025-01-16 18:34:56] INFO: ==> Test Set: Acc: 96.96%, Loss: 0.12031515
[176494] [2025-01-16 18:34:56] INFO: --------------------------------------------
[176494] [2025-01-16 18:34:56] INFO: Iteration 57/100
[176494] [2025-01-16 18:36:21] INFO: ==> Train Set: Acc: 100.00%, Loss: 0.00027537, Best model in epoch 99
[176494] [2025-01-16 18:36:22] INFO: ==> Test Set: Acc: 97.94%, Loss: 0.08598729
[176494] [2025-01-16 18:36:22] INFO: --------------------------------------------
[176494] [2025-01-16 18:36:22] INFO: Iteration 58/100
[176494] [2025-01-16 18:37:48] INFO: ==> Train Set: Acc: 100.00%, Loss: 0.00075023, Best model in epoch 81
[176494] [2025-01-16 18:37:50] INFO: ==> Test Set: Acc: 95.98%, Loss: 0.20022535
[176494] [2025-01-16 18:37:50] INFO: --------------------------------------------
[176494] [2025-01-16 18:37:50] INFO: Iteration 59/100
[176494] [2025-01-16 18:39:14] INFO: ==> Train Set: Acc: 100.00%, Loss: 0.00033073, Best model in epoch 79
[176494] [2025-01-16 18:39:16] INFO: ==> Test Set: Acc: 97.16%, Loss: 0.11852627
[176494] [2025-01-16 18:39:16] INFO: --------------------------------------------
[176494] [2025-01-16 18:39:16] INFO: Iteration 60/100
[176494] [2025-01-16 18:40:40] INFO: ==> Train Set: Acc: 100.00%, Loss: 0.00087191, Best model in epoch 92
[176494] [2025-01-16 18:40:42] INFO: ==> Test Set: Acc: 93.14%, Loss: 0.30875968
[176494] [2025-01-16 18:40:42] INFO: --------------------------------------------
[176494] [2025-01-16 18:40:42] INFO: Iteration 61/100
[176494] [2025-01-16 18:42:07] INFO: ==> Train Set: Acc: 100.00%, Loss: 0.00108856, Best model in epoch 58
[176494] [2025-01-16 18:42:09] INFO: ==> Test Set: Acc: 97.94%, Loss: 0.08959074
[176494] [2025-01-16 18:42:09] INFO: --------------------------------------------
[176494] [2025-01-16 18:42:09] INFO: Iteration 62/100
[176494] [2025-01-16 18:43:33] INFO: ==> Train Set: Acc: 100.00%, Loss: 0.00027050, Best model in epoch 99
[176494] [2025-01-16 18:43:34] INFO: ==> Test Set: Acc: 98.04%, Loss: 0.13014208
[176494] [2025-01-16 18:43:34] INFO: --------------------------------------------
[176494] [2025-01-16 18:43:34] INFO: Iteration 63/100
[176494] [2025-01-16 18:44:59] INFO: ==> Train Set: Acc: 100.00%, Loss: 0.00040888, Best model in epoch 85
[176494] [2025-01-16 18:45:01] INFO: ==> Test Set: Acc: 97.35%, Loss: 0.17121024
[176494] [2025-01-16 18:45:01] INFO: --------------------------------------------
[176494] [2025-01-16 18:45:01] INFO: Iteration 64/100
[176494] [2025-01-16 18:46:27] INFO: ==> Train Set: Acc: 100.00%, Loss: 0.00028778, Best model in epoch 99
[176494] [2025-01-16 18:46:28] INFO: ==> Test Set: Acc: 96.86%, Loss: 0.13945770
[176494] [2025-01-16 18:46:28] INFO: --------------------------------------------
[176494] [2025-01-16 18:46:28] INFO: Iteration 65/100
[176494] [2025-01-16 18:47:53] INFO: ==> Train Set: Acc: 100.00%, Loss: 0.00032032, Best model in epoch 99
[176494] [2025-01-16 18:47:54] INFO: ==> Test Set: Acc: 95.49%, Loss: 0.27221937
[176494] [2025-01-16 18:47:54] INFO: --------------------------------------------
[176494] [2025-01-16 18:47:54] INFO: Iteration 66/100
[176494] [2025-01-16 18:49:19] INFO: ==> Train Set: Acc: 100.00%, Loss: 0.00026707, Best model in epoch 97
[176494] [2025-01-16 18:49:21] INFO: ==> Test Set: Acc: 97.45%, Loss: 0.18160123
[176494] [2025-01-16 18:49:21] INFO: --------------------------------------------
[176494] [2025-01-16 18:49:21] INFO: Iteration 67/100
[176494] [2025-01-16 18:50:45] INFO: ==> Train Set: Acc: 100.00%, Loss: 0.00073371, Best model in epoch 95
[176494] [2025-01-16 18:50:46] INFO: ==> Test Set: Acc: 95.98%, Loss: 0.21068430
[176494] [2025-01-16 18:50:46] INFO: --------------------------------------------
[176494] [2025-01-16 18:50:46] INFO: Iteration 68/100
[176494] [2025-01-16 18:52:12] INFO: ==> Train Set: Acc: 100.00%, Loss: 0.00034725, Best model in epoch 94
[176494] [2025-01-16 18:52:14] INFO: ==> Test Set: Acc: 96.57%, Loss: 0.19009314
[176494] [2025-01-16 18:52:14] INFO: --------------------------------------------
[176494] [2025-01-16 18:52:14] INFO: Iteration 69/100
[176494] [2025-01-16 18:53:39] INFO: ==> Train Set: Acc: 100.00%, Loss: 0.00038501, Best model in epoch 87
[176494] [2025-01-16 18:53:41] INFO: ==> Test Set: Acc: 97.84%, Loss: 0.07635652
[176494] [2025-01-16 18:53:41] INFO: --------------------------------------------
[176494] [2025-01-16 18:53:41] INFO: Iteration 70/100
[176494] [2025-01-16 18:55:05] INFO: ==> Train Set: Acc: 100.00%, Loss: 0.00052130, Best model in epoch 98
[176494] [2025-01-16 18:55:06] INFO: ==> Test Set: Acc: 97.84%, Loss: 0.06746861
[176494] [2025-01-16 18:55:07] INFO: --------------------------------------------
[176494] [2025-01-16 18:55:07] INFO: Iteration 71/100
[176494] [2025-01-16 18:56:32] INFO: ==> Train Set: Acc: 100.00%, Loss: 0.00044695, Best model in epoch 94
[176494] [2025-01-16 18:56:34] INFO: ==> Test Set: Acc: 96.96%, Loss: 0.12789603
[176494] [2025-01-16 18:56:34] INFO: --------------------------------------------
[176494] [2025-01-16 18:56:34] INFO: Iteration 72/100
[176494] [2025-01-16 18:57:58] INFO: ==> Train Set: Acc: 100.00%, Loss: 0.00049592, Best model in epoch 94
[176494] [2025-01-16 18:58:00] INFO: ==> Test Set: Acc: 97.75%, Loss: 0.11117315
[176494] [2025-01-16 18:58:00] INFO: --------------------------------------------
[176494] [2025-01-16 18:58:00] INFO: Iteration 73/100
[176494] [2025-01-16 18:59:25] INFO: ==> Train Set: Acc: 100.00%, Loss: 0.00026881, Best model in epoch 87
[176494] [2025-01-16 18:59:26] INFO: ==> Test Set: Acc: 96.96%, Loss: 0.14184316
[176494] [2025-01-16 18:59:26] INFO: --------------------------------------------
[176494] [2025-01-16 18:59:26] INFO: Iteration 74/100
[176494] [2025-01-16 19:00:52] INFO: ==> Train Set: Acc: 100.00%, Loss: 0.00029947, Best model in epoch 80
[176494] [2025-01-16 19:00:53] INFO: ==> Test Set: Acc: 98.14%, Loss: 0.06121644
[176494] [2025-01-16 19:00:53] INFO: --------------------------------------------
[176494] [2025-01-16 19:00:53] INFO: Iteration 75/100
[176494] [2025-01-16 19:02:17] INFO: ==> Train Set: Acc: 100.00%, Loss: 0.00035137, Best model in epoch 97
[176494] [2025-01-16 19:02:19] INFO: ==> Test Set: Acc: 97.94%, Loss: 0.08892986
[176494] [2025-01-16 19:02:19] INFO: --------------------------------------------
[176494] [2025-01-16 19:02:19] INFO: Iteration 76/100
[176494] [2025-01-16 19:03:44] INFO: ==> Train Set: Acc: 100.00%, Loss: 0.00020613, Best model in epoch 93
[176494] [2025-01-16 19:03:46] INFO: ==> Test Set: Acc: 96.76%, Loss: 0.13361775
[176494] [2025-01-16 19:03:46] INFO: --------------------------------------------
[176494] [2025-01-16 19:03:46] INFO: Iteration 77/100
[176494] [2025-01-16 19:05:11] INFO: ==> Train Set: Acc: 100.00%, Loss: 0.00049069, Best model in epoch 64
[176494] [2025-01-16 19:05:12] INFO: ==> Test Set: Acc: 99.12%, Loss: 0.03420422
[176494] [2025-01-16 19:05:12] INFO: --------------------------------------------
[176494] [2025-01-16 19:05:12] INFO: Iteration 78/100
[176494] [2025-01-16 19:06:37] INFO: ==> Train Set: Acc: 100.00%, Loss: 0.00046005, Best model in epoch 79
[176494] [2025-01-16 19:06:39] INFO: ==> Test Set: Acc: 97.06%, Loss: 0.15415127
[176494] [2025-01-16 19:06:39] INFO: --------------------------------------------
[176494] [2025-01-16 19:06:39] INFO: Iteration 79/100
[176494] [2025-01-16 19:08:04] INFO: ==> Train Set: Acc: 100.00%, Loss: 0.00053226, Best model in epoch 99
[176494] [2025-01-16 19:08:05] INFO: ==> Test Set: Acc: 96.08%, Loss: 0.25039826
[176494] [2025-01-16 19:08:05] INFO: --------------------------------------------
[176494] [2025-01-16 19:08:05] INFO: Iteration 80/100
[176494] [2025-01-16 19:09:30] INFO: ==> Train Set: Acc: 100.00%, Loss: 0.00075113, Best model in epoch 99
[176494] [2025-01-16 19:09:32] INFO: ==> Test Set: Acc: 98.73%, Loss: 0.06779751
[176494] [2025-01-16 19:09:32] INFO: --------------------------------------------
[176494] [2025-01-16 19:09:32] INFO: Iteration 81/100
[176494] [2025-01-16 19:10:57] INFO: ==> Train Set: Acc: 100.00%, Loss: 0.00061167, Best model in epoch 63
[176494] [2025-01-16 19:10:59] INFO: ==> Test Set: Acc: 98.33%, Loss: 0.09911676
[176494] [2025-01-16 19:10:59] INFO: --------------------------------------------
[176494] [2025-01-16 19:10:59] INFO: Iteration 82/100
[176494] [2025-01-16 19:12:24] INFO: ==> Train Set: Acc: 100.00%, Loss: 0.00065354, Best model in epoch 98
[176494] [2025-01-16 19:12:25] INFO: ==> Test Set: Acc: 97.75%, Loss: 0.08757759
[176494] [2025-01-16 19:12:25] INFO: --------------------------------------------
[176494] [2025-01-16 19:12:25] INFO: Iteration 83/100
[176494] [2025-01-16 19:13:50] INFO: ==> Train Set: Acc: 100.00%, Loss: 0.00120949, Best model in epoch 70
[176494] [2025-01-16 19:13:51] INFO: ==> Test Set: Acc: 96.67%, Loss: 0.20410048
[176494] [2025-01-16 19:13:51] INFO: --------------------------------------------
[176494] [2025-01-16 19:13:51] INFO: Iteration 84/100
[176494] [2025-01-16 19:15:17] INFO: ==> Train Set: Acc: 100.00%, Loss: 0.00030867, Best model in epoch 83
[176494] [2025-01-16 19:15:18] INFO: ==> Test Set: Acc: 97.45%, Loss: 0.09242343
[176494] [2025-01-16 19:15:18] INFO: --------------------------------------------
[176494] [2025-01-16 19:15:18] INFO: Iteration 85/100
[176494] [2025-01-16 19:16:42] INFO: ==> Train Set: Acc: 100.00%, Loss: 0.00063378, Best model in epoch 95
[176494] [2025-01-16 19:16:43] INFO: ==> Test Set: Acc: 98.24%, Loss: 0.07936538
[176494] [2025-01-16 19:16:44] INFO: --------------------------------------------
[176494] [2025-01-16 19:16:44] INFO: Iteration 86/100
[176494] [2025-01-16 19:18:09] INFO: ==> Train Set: Acc: 100.00%, Loss: 0.00018645, Best model in epoch 99
[176494] [2025-01-16 19:18:11] INFO: ==> Test Set: Acc: 96.96%, Loss: 0.21395674
[176494] [2025-01-16 19:18:11] INFO: --------------------------------------------
[176494] [2025-01-16 19:18:11] INFO: Iteration 87/100
[176494] [2025-01-16 19:19:36] INFO: ==> Train Set: Acc: 100.00%, Loss: 0.00062396, Best model in epoch 85
[176494] [2025-01-16 19:19:37] INFO: ==> Test Set: Acc: 96.86%, Loss: 0.17496384
[176494] [2025-01-16 19:19:37] INFO: --------------------------------------------
[176494] [2025-01-16 19:19:37] INFO: Iteration 88/100
[176494] [2025-01-16 19:21:02] INFO: ==> Train Set: Acc: 100.00%, Loss: 0.00084116, Best model in epoch 80
[176494] [2025-01-16 19:21:03] INFO: ==> Test Set: Acc: 97.35%, Loss: 0.14187286
[176494] [2025-01-16 19:21:03] INFO: --------------------------------------------
[176494] [2025-01-16 19:21:03] INFO: Iteration 89/100
[176494] [2025-01-16 19:22:29] INFO: ==> Train Set: Acc: 100.00%, Loss: 0.00060641, Best model in epoch 71
[176494] [2025-01-16 19:22:30] INFO: ==> Test Set: Acc: 97.75%, Loss: 0.06388458
[176494] [2025-01-16 19:22:30] INFO: --------------------------------------------
[176494] [2025-01-16 19:22:30] INFO: Iteration 90/100
[176494] [2025-01-16 19:23:54] INFO: ==> Train Set: Acc: 100.00%, Loss: 0.00107549, Best model in epoch 71
[176494] [2025-01-16 19:23:56] INFO: ==> Test Set: Acc: 96.27%, Loss: 0.21075113
[176494] [2025-01-16 19:23:56] INFO: --------------------------------------------
[176494] [2025-01-16 19:23:56] INFO: Iteration 91/100
[176494] [2025-01-16 19:25:21] INFO: ==> Train Set: Acc: 100.00%, Loss: 0.00048925, Best model in epoch 79
[176494] [2025-01-16 19:25:23] INFO: ==> Test Set: Acc: 96.27%, Loss: 0.15125347
[176494] [2025-01-16 19:25:23] INFO: --------------------------------------------
[176494] [2025-01-16 19:25:23] INFO: Iteration 92/100
[176494] [2025-01-16 19:26:48] INFO: ==> Train Set: Acc: 100.00%, Loss: 0.00028574, Best model in epoch 78
[176494] [2025-01-16 19:26:50] INFO: ==> Test Set: Acc: 96.47%, Loss: 0.22065911
[176494] [2025-01-16 19:26:50] INFO: --------------------------------------------
[176494] [2025-01-16 19:26:50] INFO: Iteration 93/100
[176494] [2025-01-16 19:28:14] INFO: ==> Train Set: Acc: 100.00%, Loss: 0.00032663, Best model in epoch 92
[176494] [2025-01-16 19:28:16] INFO: ==> Test Set: Acc: 97.65%, Loss: 0.10607513
[176494] [2025-01-16 19:28:16] INFO: --------------------------------------------
[176494] [2025-01-16 19:28:16] INFO: Iteration 94/100
[176494] [2025-01-16 19:29:41] INFO: ==> Train Set: Acc: 100.00%, Loss: 0.00096259, Best model in epoch 48
[176494] [2025-01-16 19:29:43] INFO: ==> Test Set: Acc: 98.73%, Loss: 0.04659169
[176494] [2025-01-16 19:29:43] INFO: --------------------------------------------
[176494] [2025-01-16 19:29:43] INFO: Iteration 95/100
[176494] [2025-01-16 19:31:08] INFO: ==> Train Set: Acc: 100.00%, Loss: 0.00111807, Best model in epoch 69
[176494] [2025-01-16 19:31:09] INFO: ==> Test Set: Acc: 98.73%, Loss: 0.04482708
[176494] [2025-01-16 19:31:10] INFO: --------------------------------------------
[176494] [2025-01-16 19:31:10] INFO: Iteration 96/100
[176494] [2025-01-16 19:32:35] INFO: ==> Train Set: Acc: 100.00%, Loss: 0.00037968, Best model in epoch 82
[176494] [2025-01-16 19:32:36] INFO: ==> Test Set: Acc: 98.24%, Loss: 0.08293363
[176494] [2025-01-16 19:32:36] INFO: --------------------------------------------
[176494] [2025-01-16 19:32:36] INFO: Iteration 97/100
[176494] [2025-01-16 19:34:02] INFO: ==> Train Set: Acc: 100.00%, Loss: 0.00069002, Best model in epoch 87
[176494] [2025-01-16 19:34:03] INFO: ==> Test Set: Acc: 96.67%, Loss: 0.12127687
[176494] [2025-01-16 19:34:03] INFO: --------------------------------------------
[176494] [2025-01-16 19:34:03] INFO: Iteration 98/100
[176494] [2025-01-16 19:35:28] INFO: ==> Train Set: Acc: 100.00%, Loss: 0.00044208, Best model in epoch 60
[176494] [2025-01-16 19:35:29] INFO: ==> Test Set: Acc: 97.55%, Loss: 0.06291451
[176494] [2025-01-16 19:35:29] INFO: --------------------------------------------
[176494] [2025-01-16 19:35:29] INFO: Iteration 99/100
[176494] [2025-01-16 19:36:55] INFO: ==> Train Set: Acc: 100.00%, Loss: 0.00057075, Best model in epoch 81
[176494] [2025-01-16 19:36:56] INFO: ==> Test Set: Acc: 96.86%, Loss: 0.12604761
[176494] [2025-01-16 19:36:56] INFO: --------------------------------------------
[176494] [2025-01-16 19:36:56] INFO: Iteration 100/100
[176494] [2025-01-16 19:38:21] INFO: ==> Train Set: Acc: 100.00%, Loss: 0.00044487, Best model in epoch 81
[176494] [2025-01-16 19:38:23] INFO: ==> Test Set: Acc: 97.65%, Loss: 0.16491336
