[12554] [2025-01-16 10:16:44] INFO: ==> Running file: /autodl-fs/data/PythonProject/P3MC/downstream_lr.py
[12554] [2025-01-16 10:16:44] INFO: ==> Config: {'exp_name': 'CVTSLANet_LR_ads-b-10_iq_PT_powerNorm_FT_powerNorm', 'exp_type': 'Downstream_random_rot', 'random_seed': 2024, 'platform': 'linux', 'device': 'cuda', 'iteration': 100, 'epoch': 100, 'dataset': {'name': 'ads-b-10', 'root': '~/Datasets/ADS-B', 'type': 'iq', 'normalize': 'power', 'train_batch_size': 30, 'test_batch_size': 30, 'ratio': 0.2, 'num_classes': 10, 'shot': 5, 'snr': None}, 'encoder': {'name': 'CVTSLANet', 'root': 'models/KANTSLANet2Feature.py', 'feature_dim': 1024, 'pretrain_path': './runs/Pretext_random_rot/CVTSLANet_ads-b_iq_powerNorm/best_encoder.pth', 'TSLA_config': {'seq_len': 4800, 'patch_size': 32, 'num_channels': 2, 'emb_dim': 256, 'depth': 3, 'dropout_rate': 0.3}}, 'classifier': {'name': 'lr', 'root': '', 'in_dim': 1024, 'ratio': 0.2, 'num_classes': 10}, 'optimizer': {'lr': 0.001, 'weight_decay': 0}, 'extra_info': '', 'exp_path': 'runs/Downstream_random_rot/CVTSLANet_LR_ads-b-10_iq_PT_powerNorm_FT_powerNorm/5Shot/0116_101644', 'save_path': 'runs/Downstream_random_rot/CVTSLANet_LR_ads-b-10_iq_PT_powerNorm_FT_powerNorm'}
[12554] [2025-01-16 10:16:44] INFO: --------------------------------------------
[12554] [2025-01-16 10:16:44] INFO: Iteration 1/100
[12554] [2025-01-16 10:16:47] INFO: Acc: 98.00%
[12554] [2025-01-16 10:16:47] INFO: --------------------------------------------
[12554] [2025-01-16 10:16:47] INFO: Iteration 2/100
[12554] [2025-01-16 10:16:50] INFO: Acc: 97.00%
[12554] [2025-01-16 10:16:50] INFO: --------------------------------------------
[12554] [2025-01-16 10:16:50] INFO: Iteration 3/100
[12554] [2025-01-16 10:16:53] INFO: Acc: 95.10%
[12554] [2025-01-16 10:16:53] INFO: --------------------------------------------
[12554] [2025-01-16 10:16:53] INFO: Iteration 4/100
[12554] [2025-01-16 10:16:56] INFO: Acc: 97.50%
[12554] [2025-01-16 10:16:56] INFO: --------------------------------------------
[12554] [2025-01-16 10:16:56] INFO: Iteration 5/100
[12554] [2025-01-16 10:16:59] INFO: Acc: 95.10%
[12554] [2025-01-16 10:16:59] INFO: --------------------------------------------
[12554] [2025-01-16 10:16:59] INFO: Iteration 6/100
[12554] [2025-01-16 10:17:02] INFO: Acc: 97.40%
[12554] [2025-01-16 10:17:02] INFO: --------------------------------------------
[12554] [2025-01-16 10:17:02] INFO: Iteration 7/100
[12554] [2025-01-16 10:17:05] INFO: Acc: 97.20%
[12554] [2025-01-16 10:17:05] INFO: --------------------------------------------
[12554] [2025-01-16 10:17:05] INFO: Iteration 8/100
[12554] [2025-01-16 10:17:08] INFO: Acc: 97.40%
[12554] [2025-01-16 10:17:08] INFO: --------------------------------------------
[12554] [2025-01-16 10:17:08] INFO: Iteration 9/100
[12554] [2025-01-16 10:17:11] INFO: Acc: 94.20%
[12554] [2025-01-16 10:17:11] INFO: --------------------------------------------
[12554] [2025-01-16 10:17:11] INFO: Iteration 10/100
[12554] [2025-01-16 10:17:14] INFO: Acc: 95.60%
[12554] [2025-01-16 10:17:14] INFO: --------------------------------------------
[12554] [2025-01-16 10:17:14] INFO: Iteration 11/100
[12554] [2025-01-16 10:17:17] INFO: Acc: 95.70%
[12554] [2025-01-16 10:17:17] INFO: --------------------------------------------
[12554] [2025-01-16 10:17:17] INFO: Iteration 12/100
[12554] [2025-01-16 10:17:20] INFO: Acc: 97.50%
[12554] [2025-01-16 10:17:20] INFO: --------------------------------------------
[12554] [2025-01-16 10:17:20] INFO: Iteration 13/100
[12554] [2025-01-16 10:17:23] INFO: Acc: 95.70%
[12554] [2025-01-16 10:17:23] INFO: --------------------------------------------
[12554] [2025-01-16 10:17:23] INFO: Iteration 14/100
[12554] [2025-01-16 10:17:26] INFO: Acc: 97.00%
[12554] [2025-01-16 10:17:26] INFO: --------------------------------------------
[12554] [2025-01-16 10:17:26] INFO: Iteration 15/100
[12554] [2025-01-16 10:17:29] INFO: Acc: 96.00%
[12554] [2025-01-16 10:17:29] INFO: --------------------------------------------
[12554] [2025-01-16 10:17:29] INFO: Iteration 16/100
[12554] [2025-01-16 10:17:32] INFO: Acc: 94.90%
[12554] [2025-01-16 10:17:32] INFO: --------------------------------------------
[12554] [2025-01-16 10:17:32] INFO: Iteration 17/100
[12554] [2025-01-16 10:17:36] INFO: Acc: 93.00%
[12554] [2025-01-16 10:17:36] INFO: --------------------------------------------
[12554] [2025-01-16 10:17:36] INFO: Iteration 18/100
[12554] [2025-01-16 10:17:38] INFO: Acc: 94.50%
[12554] [2025-01-16 10:17:38] INFO: --------------------------------------------
[12554] [2025-01-16 10:17:38] INFO: Iteration 19/100
[12554] [2025-01-16 10:17:41] INFO: Acc: 94.50%
[12554] [2025-01-16 10:17:41] INFO: --------------------------------------------
[12554] [2025-01-16 10:17:41] INFO: Iteration 20/100
[12554] [2025-01-16 10:17:44] INFO: Acc: 91.80%
[12554] [2025-01-16 10:17:44] INFO: --------------------------------------------
[12554] [2025-01-16 10:17:44] INFO: Iteration 21/100
[12554] [2025-01-16 10:17:47] INFO: Acc: 93.60%
[12554] [2025-01-16 10:17:47] INFO: --------------------------------------------
[12554] [2025-01-16 10:17:47] INFO: Iteration 22/100
[12554] [2025-01-16 10:17:50] INFO: Acc: 94.40%
[12554] [2025-01-16 10:17:50] INFO: --------------------------------------------
[12554] [2025-01-16 10:17:50] INFO: Iteration 23/100
[12554] [2025-01-16 10:17:53] INFO: Acc: 94.40%
[12554] [2025-01-16 10:17:53] INFO: --------------------------------------------
[12554] [2025-01-16 10:17:53] INFO: Iteration 24/100
[12554] [2025-01-16 10:17:56] INFO: Acc: 98.30%
[12554] [2025-01-16 10:17:56] INFO: --------------------------------------------
[12554] [2025-01-16 10:17:56] INFO: Iteration 25/100
[12554] [2025-01-16 10:17:59] INFO: Acc: 97.80%
[12554] [2025-01-16 10:17:59] INFO: --------------------------------------------
[12554] [2025-01-16 10:17:59] INFO: Iteration 26/100
[12554] [2025-01-16 10:18:02] INFO: Acc: 95.20%
[12554] [2025-01-16 10:18:02] INFO: --------------------------------------------
[12554] [2025-01-16 10:18:02] INFO: Iteration 27/100
[12554] [2025-01-16 10:18:05] INFO: Acc: 97.60%
[12554] [2025-01-16 10:18:05] INFO: --------------------------------------------
[12554] [2025-01-16 10:18:05] INFO: Iteration 28/100
[12554] [2025-01-16 10:18:07] INFO: Acc: 98.20%
[12554] [2025-01-16 10:18:07] INFO: --------------------------------------------
[12554] [2025-01-16 10:18:07] INFO: Iteration 29/100
[12554] [2025-01-16 10:18:11] INFO: Acc: 98.40%
[12554] [2025-01-16 10:18:11] INFO: --------------------------------------------
[12554] [2025-01-16 10:18:11] INFO: Iteration 30/100
[12554] [2025-01-16 10:18:13] INFO: Acc: 97.20%
[12554] [2025-01-16 10:18:14] INFO: --------------------------------------------
[12554] [2025-01-16 10:18:14] INFO: Iteration 31/100
[12554] [2025-01-16 10:18:17] INFO: Acc: 97.50%
[12554] [2025-01-16 10:18:17] INFO: --------------------------------------------
[12554] [2025-01-16 10:18:17] INFO: Iteration 32/100
[12554] [2025-01-16 10:18:20] INFO: Acc: 96.80%
[12554] [2025-01-16 10:18:20] INFO: --------------------------------------------
[12554] [2025-01-16 10:18:20] INFO: Iteration 33/100
[12554] [2025-01-16 10:18:23] INFO: Acc: 96.10%
[12554] [2025-01-16 10:18:23] INFO: --------------------------------------------
[12554] [2025-01-16 10:18:23] INFO: Iteration 34/100
[12554] [2025-01-16 10:18:26] INFO: Acc: 98.10%
[12554] [2025-01-16 10:18:26] INFO: --------------------------------------------
[12554] [2025-01-16 10:18:26] INFO: Iteration 35/100
[12554] [2025-01-16 10:18:29] INFO: Acc: 97.90%
[12554] [2025-01-16 10:18:29] INFO: --------------------------------------------
[12554] [2025-01-16 10:18:29] INFO: Iteration 36/100
[12554] [2025-01-16 10:18:32] INFO: Acc: 96.50%
[12554] [2025-01-16 10:18:32] INFO: --------------------------------------------
[12554] [2025-01-16 10:18:32] INFO: Iteration 37/100
[12554] [2025-01-16 10:18:35] INFO: Acc: 97.70%
[12554] [2025-01-16 10:18:35] INFO: --------------------------------------------
[12554] [2025-01-16 10:18:35] INFO: Iteration 38/100
[12554] [2025-01-16 10:18:38] INFO: Acc: 97.40%
[12554] [2025-01-16 10:18:38] INFO: --------------------------------------------
[12554] [2025-01-16 10:18:38] INFO: Iteration 39/100
[12554] [2025-01-16 10:18:41] INFO: Acc: 97.80%
[12554] [2025-01-16 10:18:41] INFO: --------------------------------------------
[12554] [2025-01-16 10:18:41] INFO: Iteration 40/100
[12554] [2025-01-16 10:18:44] INFO: Acc: 92.30%
[12554] [2025-01-16 10:18:44] INFO: --------------------------------------------
[12554] [2025-01-16 10:18:44] INFO: Iteration 41/100
[12554] [2025-01-16 10:18:46] INFO: Acc: 96.10%
[12554] [2025-01-16 10:18:46] INFO: --------------------------------------------
[12554] [2025-01-16 10:18:46] INFO: Iteration 42/100
[12554] [2025-01-16 10:18:49] INFO: Acc: 97.40%
[12554] [2025-01-16 10:18:49] INFO: --------------------------------------------
[12554] [2025-01-16 10:18:49] INFO: Iteration 43/100
[12554] [2025-01-16 10:18:53] INFO: Acc: 97.50%
[12554] [2025-01-16 10:18:53] INFO: --------------------------------------------
[12554] [2025-01-16 10:18:53] INFO: Iteration 44/100
[12554] [2025-01-16 10:18:56] INFO: Acc: 97.80%
[12554] [2025-01-16 10:18:56] INFO: --------------------------------------------
[12554] [2025-01-16 10:18:56] INFO: Iteration 45/100
[12554] [2025-01-16 10:18:59] INFO: Acc: 98.90%
[12554] [2025-01-16 10:18:59] INFO: --------------------------------------------
[12554] [2025-01-16 10:18:59] INFO: Iteration 46/100
[12554] [2025-01-16 10:19:02] INFO: Acc: 97.00%
[12554] [2025-01-16 10:19:03] INFO: --------------------------------------------
[12554] [2025-01-16 10:19:03] INFO: Iteration 47/100
[12554] [2025-01-16 10:19:06] INFO: Acc: 96.60%
[12554] [2025-01-16 10:19:06] INFO: --------------------------------------------
[12554] [2025-01-16 10:19:06] INFO: Iteration 48/100
[12554] [2025-01-16 10:19:09] INFO: Acc: 95.20%
[12554] [2025-01-16 10:19:09] INFO: --------------------------------------------
[12554] [2025-01-16 10:19:09] INFO: Iteration 49/100
[12554] [2025-01-16 10:19:12] INFO: Acc: 94.40%
[12554] [2025-01-16 10:19:12] INFO: --------------------------------------------
[12554] [2025-01-16 10:19:12] INFO: Iteration 50/100
[12554] [2025-01-16 10:19:16] INFO: Acc: 89.50%
[12554] [2025-01-16 10:19:16] INFO: --------------------------------------------
[12554] [2025-01-16 10:19:16] INFO: Iteration 51/100
[12554] [2025-01-16 10:19:19] INFO: Acc: 93.60%
[12554] [2025-01-16 10:19:19] INFO: --------------------------------------------
[12554] [2025-01-16 10:19:19] INFO: Iteration 52/100
[12554] [2025-01-16 10:19:21] INFO: Acc: 97.80%
[12554] [2025-01-16 10:19:22] INFO: --------------------------------------------
[12554] [2025-01-16 10:19:22] INFO: Iteration 53/100
[12554] [2025-01-16 10:19:25] INFO: Acc: 98.80%
[12554] [2025-01-16 10:19:25] INFO: --------------------------------------------
[12554] [2025-01-16 10:19:25] INFO: Iteration 54/100
[12554] [2025-01-16 10:19:28] INFO: Acc: 96.40%
[12554] [2025-01-16 10:19:28] INFO: --------------------------------------------
[12554] [2025-01-16 10:19:28] INFO: Iteration 55/100
[12554] [2025-01-16 10:19:31] INFO: Acc: 90.90%
[12554] [2025-01-16 10:19:31] INFO: --------------------------------------------
[12554] [2025-01-16 10:19:31] INFO: Iteration 56/100
[12554] [2025-01-16 10:19:34] INFO: Acc: 97.10%
[12554] [2025-01-16 10:19:34] INFO: --------------------------------------------
[12554] [2025-01-16 10:19:34] INFO: Iteration 57/100
[12554] [2025-01-16 10:19:37] INFO: Acc: 88.70%
[12554] [2025-01-16 10:19:37] INFO: --------------------------------------------
[12554] [2025-01-16 10:19:37] INFO: Iteration 58/100
[12554] [2025-01-16 10:19:40] INFO: Acc: 91.20%
[12554] [2025-01-16 10:19:40] INFO: --------------------------------------------
[12554] [2025-01-16 10:19:40] INFO: Iteration 59/100
[12554] [2025-01-16 10:19:43] INFO: Acc: 96.60%
[12554] [2025-01-16 10:19:43] INFO: --------------------------------------------
[12554] [2025-01-16 10:19:43] INFO: Iteration 60/100
[12554] [2025-01-16 10:19:46] INFO: Acc: 96.70%
[12554] [2025-01-16 10:19:46] INFO: --------------------------------------------
[12554] [2025-01-16 10:19:46] INFO: Iteration 61/100
[12554] [2025-01-16 10:19:49] INFO: Acc: 97.60%
[12554] [2025-01-16 10:19:49] INFO: --------------------------------------------
[12554] [2025-01-16 10:19:49] INFO: Iteration 62/100
[12554] [2025-01-16 10:19:52] INFO: Acc: 94.50%
[12554] [2025-01-16 10:19:52] INFO: --------------------------------------------
[12554] [2025-01-16 10:19:52] INFO: Iteration 63/100
[12554] [2025-01-16 10:19:55] INFO: Acc: 98.10%
[12554] [2025-01-16 10:19:55] INFO: --------------------------------------------
[12554] [2025-01-16 10:19:55] INFO: Iteration 64/100
[12554] [2025-01-16 10:19:58] INFO: Acc: 93.70%
[12554] [2025-01-16 10:19:58] INFO: --------------------------------------------
[12554] [2025-01-16 10:19:58] INFO: Iteration 65/100
[12554] [2025-01-16 10:20:00] INFO: Acc: 96.80%
[12554] [2025-01-16 10:20:00] INFO: --------------------------------------------
[12554] [2025-01-16 10:20:00] INFO: Iteration 66/100
[12554] [2025-01-16 10:20:04] INFO: Acc: 96.00%
[12554] [2025-01-16 10:20:04] INFO: --------------------------------------------
[12554] [2025-01-16 10:20:04] INFO: Iteration 67/100
[12554] [2025-01-16 10:20:06] INFO: Acc: 88.70%
[12554] [2025-01-16 10:20:06] INFO: --------------------------------------------
[12554] [2025-01-16 10:20:06] INFO: Iteration 68/100
[12554] [2025-01-16 10:20:09] INFO: Acc: 94.10%
[12554] [2025-01-16 10:20:09] INFO: --------------------------------------------
[12554] [2025-01-16 10:20:09] INFO: Iteration 69/100
[12554] [2025-01-16 10:20:12] INFO: Acc: 97.40%
[12554] [2025-01-16 10:20:12] INFO: --------------------------------------------
[12554] [2025-01-16 10:20:12] INFO: Iteration 70/100
[12554] [2025-01-16 10:20:15] INFO: Acc: 96.10%
[12554] [2025-01-16 10:20:15] INFO: --------------------------------------------
[12554] [2025-01-16 10:20:15] INFO: Iteration 71/100
[12554] [2025-01-16 10:20:18] INFO: Acc: 95.90%
[12554] [2025-01-16 10:20:18] INFO: --------------------------------------------
[12554] [2025-01-16 10:20:18] INFO: Iteration 72/100
[12554] [2025-01-16 10:20:20] INFO: Acc: 95.50%
[12554] [2025-01-16 10:20:21] INFO: --------------------------------------------
[12554] [2025-01-16 10:20:21] INFO: Iteration 73/100
[12554] [2025-01-16 10:20:24] INFO: Acc: 94.90%
[12554] [2025-01-16 10:20:24] INFO: --------------------------------------------
[12554] [2025-01-16 10:20:24] INFO: Iteration 74/100
[12554] [2025-01-16 10:20:27] INFO: Acc: 97.20%
[12554] [2025-01-16 10:20:27] INFO: --------------------------------------------
[12554] [2025-01-16 10:20:27] INFO: Iteration 75/100
[12554] [2025-01-16 10:20:30] INFO: Acc: 97.60%
[12554] [2025-01-16 10:20:30] INFO: --------------------------------------------
[12554] [2025-01-16 10:20:30] INFO: Iteration 76/100
[12554] [2025-01-16 10:20:33] INFO: Acc: 94.70%
[12554] [2025-01-16 10:20:33] INFO: --------------------------------------------
[12554] [2025-01-16 10:20:33] INFO: Iteration 77/100
[12554] [2025-01-16 10:20:36] INFO: Acc: 95.60%
[12554] [2025-01-16 10:20:36] INFO: --------------------------------------------
[12554] [2025-01-16 10:20:36] INFO: Iteration 78/100
[12554] [2025-01-16 10:20:39] INFO: Acc: 97.20%
[12554] [2025-01-16 10:20:39] INFO: --------------------------------------------
[12554] [2025-01-16 10:20:39] INFO: Iteration 79/100
[12554] [2025-01-16 10:20:42] INFO: Acc: 97.60%
[12554] [2025-01-16 10:20:42] INFO: --------------------------------------------
[12554] [2025-01-16 10:20:42] INFO: Iteration 80/100
[12554] [2025-01-16 10:20:45] INFO: Acc: 97.70%
[12554] [2025-01-16 10:20:45] INFO: --------------------------------------------
[12554] [2025-01-16 10:20:45] INFO: Iteration 81/100
[12554] [2025-01-16 10:20:48] INFO: Acc: 98.70%
[12554] [2025-01-16 10:20:48] INFO: --------------------------------------------
[12554] [2025-01-16 10:20:48] INFO: Iteration 82/100
[12554] [2025-01-16 10:20:51] INFO: Acc: 93.20%
[12554] [2025-01-16 10:20:51] INFO: --------------------------------------------
[12554] [2025-01-16 10:20:51] INFO: Iteration 83/100
[12554] [2025-01-16 10:20:54] INFO: Acc: 97.50%
[12554] [2025-01-16 10:20:54] INFO: --------------------------------------------
[12554] [2025-01-16 10:20:54] INFO: Iteration 84/100
[12554] [2025-01-16 10:20:57] INFO: Acc: 92.70%
[12554] [2025-01-16 10:20:57] INFO: --------------------------------------------
[12554] [2025-01-16 10:20:57] INFO: Iteration 85/100
[12554] [2025-01-16 10:21:00] INFO: Acc: 97.20%
[12554] [2025-01-16 10:21:00] INFO: --------------------------------------------
[12554] [2025-01-16 10:21:00] INFO: Iteration 86/100
[12554] [2025-01-16 10:21:03] INFO: Acc: 97.60%
[12554] [2025-01-16 10:21:03] INFO: --------------------------------------------
[12554] [2025-01-16 10:21:03] INFO: Iteration 87/100
[12554] [2025-01-16 10:21:06] INFO: Acc: 94.30%
[12554] [2025-01-16 10:21:06] INFO: --------------------------------------------
[12554] [2025-01-16 10:21:06] INFO: Iteration 88/100
[12554] [2025-01-16 10:21:09] INFO: Acc: 92.90%
[12554] [2025-01-16 10:21:09] INFO: --------------------------------------------
[12554] [2025-01-16 10:21:09] INFO: Iteration 89/100
[12554] [2025-01-16 10:21:12] INFO: Acc: 96.90%
[12554] [2025-01-16 10:21:12] INFO: --------------------------------------------
[12554] [2025-01-16 10:21:12] INFO: Iteration 90/100
[12554] [2025-01-16 10:21:15] INFO: Acc: 97.60%
[12554] [2025-01-16 10:21:15] INFO: --------------------------------------------
[12554] [2025-01-16 10:21:15] INFO: Iteration 91/100
[12554] [2025-01-16 10:21:18] INFO: Acc: 94.80%
[12554] [2025-01-16 10:21:19] INFO: --------------------------------------------
[12554] [2025-01-16 10:21:19] INFO: Iteration 92/100
[12554] [2025-01-16 10:21:21] INFO: Acc: 97.00%
[12554] [2025-01-16 10:21:21] INFO: --------------------------------------------
[12554] [2025-01-16 10:21:21] INFO: Iteration 93/100
[12554] [2025-01-16 10:21:24] INFO: Acc: 94.90%
[12554] [2025-01-16 10:21:24] INFO: --------------------------------------------
[12554] [2025-01-16 10:21:24] INFO: Iteration 94/100
[12554] [2025-01-16 10:21:27] INFO: Acc: 98.30%
[12554] [2025-01-16 10:21:28] INFO: --------------------------------------------
[12554] [2025-01-16 10:21:28] INFO: Iteration 95/100
[12554] [2025-01-16 10:21:30] INFO: Acc: 97.60%
[12554] [2025-01-16 10:21:30] INFO: --------------------------------------------
[12554] [2025-01-16 10:21:30] INFO: Iteration 96/100
[12554] [2025-01-16 10:21:34] INFO: Acc: 96.70%
[12554] [2025-01-16 10:21:34] INFO: --------------------------------------------
[12554] [2025-01-16 10:21:34] INFO: Iteration 97/100
[12554] [2025-01-16 10:21:36] INFO: Acc: 91.10%
[12554] [2025-01-16 10:21:36] INFO: --------------------------------------------
[12554] [2025-01-16 10:21:36] INFO: Iteration 98/100
[12554] [2025-01-16 10:21:39] INFO: Acc: 97.20%
[12554] [2025-01-16 10:21:39] INFO: --------------------------------------------
[12554] [2025-01-16 10:21:39] INFO: Iteration 99/100
[12554] [2025-01-16 10:21:42] INFO: Acc: 96.90%
[12554] [2025-01-16 10:21:42] INFO: --------------------------------------------
[12554] [2025-01-16 10:21:42] INFO: Iteration 100/100
[12554] [2025-01-16 10:21:45] INFO: Acc: 94.60%
