[176494] [2025-01-16 13:17:07] INFO: ==> Running file: /autodl-fs/data/PythonProject/P3MC/downstream.py
[176494] [2025-01-16 13:17:07] INFO: ==> Config: {'exp_name': 'CVTSLANet_ads-b-10_iq_PT_powerNorm_FT_powerNorm', 'exp_type': 'Downstream_random_rot', 'random_seed': 2024, 'platform': 'linux', 'device': 'cuda', 'iteration': 100, 'epoch': 100, 'dataset': {'name': 'ads-b-10', 'root': '~/Datasets/ADS-B', 'type': 'iq', 'normalize': 'power', 'train_batch_size': 30, 'test_batch_size': 30, 'ratio': 0.2, 'num_classes': 10, 'shot': 1, 'snr': None}, 'encoder': {'name': 'CVTSLANet', 'root': 'models/KANTSLANet2Feature.py', 'feature_dim': 1024, 'pretrain_path': './runs/Pretext_random_rot/CVTSLANet_ads-b_iq_powerNorm/best_encoder.pth', 'TSLA_config': {'seq_len': 4800, 'patch_size': 32, 'num_channels': 2, 'emb_dim': 256, 'depth': 3, 'dropout_rate': 0.3}}, 'classifier': {'name': 'linear', 'root': 'models/LinearClassifier.py', 'in_dim': 1024, 'ratio': 0.2, 'num_classes': 10}, 'optimizer': {'lr': 0.001, 'weight_decay': 0}, 'extra_info': '', 'exp_path': 'runs/Downstream_random_rot/CVTSLANet_ads-b-10_iq_PT_powerNorm_FT_powerNorm/1Shot/0116_131707', 'save_path': 'runs/Downstream_random_rot/CVTSLANet_ads-b-10_iq_PT_powerNorm_FT_powerNorm'}
[176494] [2025-01-16 13:17:08] INFO: --------------------------------------------
[176494] [2025-01-16 13:17:08] INFO: Iteration 1/100
[176494] [2025-01-16 13:18:06] INFO: ==> Train Set: Acc: 100.00%, Loss: 0.00168756, Best model in epoch 75
[176494] [2025-01-16 13:18:07] INFO: ==> Test Set: Acc: 78.73%, Loss: 0.57653894
[176494] [2025-01-16 13:18:07] INFO: --------------------------------------------
[176494] [2025-01-16 13:18:07] INFO: Iteration 2/100
[176494] [2025-01-16 13:18:16] INFO: ==> Train Set: Acc: 100.00%, Loss: 0.00168034, Best model in epoch 93
[176494] [2025-01-16 13:18:18] INFO: ==> Test Set: Acc: 81.96%, Loss: 0.52451589
[176494] [2025-01-16 13:18:18] INFO: --------------------------------------------
[176494] [2025-01-16 13:18:18] INFO: Iteration 3/100
[176494] [2025-01-16 13:18:26] INFO: ==> Train Set: Acc: 100.00%, Loss: 0.00158637, Best model in epoch 81
[176494] [2025-01-16 13:18:28] INFO: ==> Test Set: Acc: 85.20%, Loss: 0.47511485
[176494] [2025-01-16 13:18:28] INFO: --------------------------------------------
[176494] [2025-01-16 13:18:28] INFO: Iteration 4/100
[176494] [2025-01-16 13:18:37] INFO: ==> Train Set: Acc: 100.00%, Loss: 0.00213180, Best model in epoch 69
[176494] [2025-01-16 13:18:39] INFO: ==> Test Set: Acc: 82.16%, Loss: 0.50205340
[176494] [2025-01-16 13:18:39] INFO: --------------------------------------------
[176494] [2025-01-16 13:18:39] INFO: Iteration 5/100
[176494] [2025-01-16 13:18:48] INFO: ==> Train Set: Acc: 100.00%, Loss: 0.00148629, Best model in epoch 88
[176494] [2025-01-16 13:18:50] INFO: ==> Test Set: Acc: 83.33%, Loss: 0.56550322
[176494] [2025-01-16 13:18:50] INFO: --------------------------------------------
[176494] [2025-01-16 13:18:50] INFO: Iteration 6/100
[176494] [2025-01-16 13:18:58] INFO: ==> Train Set: Acc: 100.00%, Loss: 0.00171950, Best model in epoch 87
[176494] [2025-01-16 13:19:00] INFO: ==> Test Set: Acc: 78.53%, Loss: 0.75025548
[176494] [2025-01-16 13:19:00] INFO: --------------------------------------------
[176494] [2025-01-16 13:19:00] INFO: Iteration 7/100
[176494] [2025-01-16 13:19:09] INFO: ==> Train Set: Acc: 100.00%, Loss: 0.00148572, Best model in epoch 90
[176494] [2025-01-16 13:19:11] INFO: ==> Test Set: Acc: 85.39%, Loss: 0.70163758
[176494] [2025-01-16 13:19:11] INFO: --------------------------------------------
[176494] [2025-01-16 13:19:11] INFO: Iteration 8/100
[176494] [2025-01-16 13:19:19] INFO: ==> Train Set: Acc: 100.00%, Loss: 0.00182075, Best model in epoch 79
[176494] [2025-01-16 13:19:21] INFO: ==> Test Set: Acc: 84.31%, Loss: 0.49119500
[176494] [2025-01-16 13:19:21] INFO: --------------------------------------------
[176494] [2025-01-16 13:19:21] INFO: Iteration 9/100
[176494] [2025-01-16 13:19:30] INFO: ==> Train Set: Acc: 100.00%, Loss: 0.00130230, Best model in epoch 86
[176494] [2025-01-16 13:19:32] INFO: ==> Test Set: Acc: 87.94%, Loss: 0.37456505
[176494] [2025-01-16 13:19:32] INFO: --------------------------------------------
[176494] [2025-01-16 13:19:32] INFO: Iteration 10/100
[176494] [2025-01-16 13:19:41] INFO: ==> Train Set: Acc: 100.00%, Loss: 0.00136526, Best model in epoch 92
[176494] [2025-01-16 13:19:43] INFO: ==> Test Set: Acc: 83.43%, Loss: 0.60100865
[176494] [2025-01-16 13:19:43] INFO: --------------------------------------------
[176494] [2025-01-16 13:19:43] INFO: Iteration 11/100
[176494] [2025-01-16 13:19:51] INFO: ==> Train Set: Acc: 100.00%, Loss: 0.00184466, Best model in epoch 91
[176494] [2025-01-16 13:19:53] INFO: ==> Test Set: Acc: 75.20%, Loss: 0.75200281
[176494] [2025-01-16 13:19:53] INFO: --------------------------------------------
[176494] [2025-01-16 13:19:53] INFO: Iteration 12/100
[176494] [2025-01-16 13:20:01] INFO: ==> Train Set: Acc: 100.00%, Loss: 0.00096903, Best model in epoch 99
[176494] [2025-01-16 13:20:03] INFO: ==> Test Set: Acc: 88.73%, Loss: 0.35260976
[176494] [2025-01-16 13:20:03] INFO: --------------------------------------------
[176494] [2025-01-16 13:20:03] INFO: Iteration 13/100
[176494] [2025-01-16 13:20:12] INFO: ==> Train Set: Acc: 100.00%, Loss: 0.00161749, Best model in epoch 97
[176494] [2025-01-16 13:20:14] INFO: ==> Test Set: Acc: 79.41%, Loss: 0.66937525
[176494] [2025-01-16 13:20:14] INFO: --------------------------------------------
[176494] [2025-01-16 13:20:14] INFO: Iteration 14/100
[176494] [2025-01-16 13:20:22] INFO: ==> Train Set: Acc: 100.00%, Loss: 0.00150127, Best model in epoch 70
[176494] [2025-01-16 13:20:24] INFO: ==> Test Set: Acc: 79.80%, Loss: 0.71489366
[176494] [2025-01-16 13:20:24] INFO: --------------------------------------------
[176494] [2025-01-16 13:20:24] INFO: Iteration 15/100
[176494] [2025-01-16 13:20:33] INFO: ==> Train Set: Acc: 100.00%, Loss: 0.00118244, Best model in epoch 93
[176494] [2025-01-16 13:20:34] INFO: ==> Test Set: Acc: 70.29%, Loss: 1.01263498
[176494] [2025-01-16 13:20:34] INFO: --------------------------------------------
[176494] [2025-01-16 13:20:34] INFO: Iteration 16/100
[176494] [2025-01-16 13:20:42] INFO: ==> Train Set: Acc: 100.00%, Loss: 0.00167116, Best model in epoch 96
[176494] [2025-01-16 13:20:44] INFO: ==> Test Set: Acc: 76.76%, Loss: 0.71996554
[176494] [2025-01-16 13:20:44] INFO: --------------------------------------------
[176494] [2025-01-16 13:20:44] INFO: Iteration 17/100
[176494] [2025-01-16 13:20:52] INFO: ==> Train Set: Acc: 100.00%, Loss: 0.00123523, Best model in epoch 94
[176494] [2025-01-16 13:20:54] INFO: ==> Test Set: Acc: 84.12%, Loss: 0.54357095
[176494] [2025-01-16 13:20:54] INFO: --------------------------------------------
[176494] [2025-01-16 13:20:54] INFO: Iteration 18/100
[176494] [2025-01-16 13:21:03] INFO: ==> Train Set: Acc: 100.00%, Loss: 0.00155762, Best model in epoch 99
[176494] [2025-01-16 13:21:05] INFO: ==> Test Set: Acc: 71.18%, Loss: 1.01939905
[176494] [2025-01-16 13:21:05] INFO: --------------------------------------------
[176494] [2025-01-16 13:21:05] INFO: Iteration 19/100
[176494] [2025-01-16 13:21:13] INFO: ==> Train Set: Acc: 100.00%, Loss: 0.00161921, Best model in epoch 85
[176494] [2025-01-16 13:21:15] INFO: ==> Test Set: Acc: 86.96%, Loss: 0.51850419
[176494] [2025-01-16 13:21:15] INFO: --------------------------------------------
[176494] [2025-01-16 13:21:15] INFO: Iteration 20/100
[176494] [2025-01-16 13:21:23] INFO: ==> Train Set: Acc: 100.00%, Loss: 0.00187939, Best model in epoch 92
[176494] [2025-01-16 13:21:26] INFO: ==> Test Set: Acc: 85.78%, Loss: 0.50990611
[176494] [2025-01-16 13:21:26] INFO: --------------------------------------------
[176494] [2025-01-16 13:21:26] INFO: Iteration 21/100
[176494] [2025-01-16 13:21:34] INFO: ==> Train Set: Acc: 100.00%, Loss: 0.00165456, Best model in epoch 89
[176494] [2025-01-16 13:21:36] INFO: ==> Test Set: Acc: 77.35%, Loss: 0.79829852
[176494] [2025-01-16 13:21:36] INFO: --------------------------------------------
[176494] [2025-01-16 13:21:36] INFO: Iteration 22/100
[176494] [2025-01-16 13:21:45] INFO: ==> Train Set: Acc: 100.00%, Loss: 0.00107424, Best model in epoch 93
[176494] [2025-01-16 13:21:47] INFO: ==> Test Set: Acc: 88.82%, Loss: 0.45049578
[176494] [2025-01-16 13:21:47] INFO: --------------------------------------------
[176494] [2025-01-16 13:21:47] INFO: Iteration 23/100
[176494] [2025-01-16 13:21:55] INFO: ==> Train Set: Acc: 100.00%, Loss: 0.00098713, Best model in epoch 96
[176494] [2025-01-16 13:21:57] INFO: ==> Test Set: Acc: 83.04%, Loss: 0.75242675
[176494] [2025-01-16 13:21:57] INFO: --------------------------------------------
[176494] [2025-01-16 13:21:57] INFO: Iteration 24/100
[176494] [2025-01-16 13:22:06] INFO: ==> Train Set: Acc: 100.00%, Loss: 0.00137862, Best model in epoch 93
[176494] [2025-01-16 13:22:08] INFO: ==> Test Set: Acc: 88.92%, Loss: 0.35412727
[176494] [2025-01-16 13:22:08] INFO: --------------------------------------------
[176494] [2025-01-16 13:22:08] INFO: Iteration 25/100
[176494] [2025-01-16 13:22:16] INFO: ==> Train Set: Acc: 100.00%, Loss: 0.00155086, Best model in epoch 93
[176494] [2025-01-16 13:22:18] INFO: ==> Test Set: Acc: 87.84%, Loss: 0.43925285
[176494] [2025-01-16 13:22:18] INFO: --------------------------------------------
[176494] [2025-01-16 13:22:18] INFO: Iteration 26/100
[176494] [2025-01-16 13:22:27] INFO: ==> Train Set: Acc: 100.00%, Loss: 0.00144963, Best model in epoch 75
[176494] [2025-01-16 13:22:28] INFO: ==> Test Set: Acc: 74.71%, Loss: 0.91214247
[176494] [2025-01-16 13:22:28] INFO: --------------------------------------------
[176494] [2025-01-16 13:22:28] INFO: Iteration 27/100
[176494] [2025-01-16 13:22:37] INFO: ==> Train Set: Acc: 100.00%, Loss: 0.00134387, Best model in epoch 89
[176494] [2025-01-16 13:22:39] INFO: ==> Test Set: Acc: 87.55%, Loss: 0.52031013
[176494] [2025-01-16 13:22:39] INFO: --------------------------------------------
[176494] [2025-01-16 13:22:39] INFO: Iteration 28/100
[176494] [2025-01-16 13:22:48] INFO: ==> Train Set: Acc: 100.00%, Loss: 0.00154102, Best model in epoch 81
[176494] [2025-01-16 13:22:50] INFO: ==> Test Set: Acc: 80.88%, Loss: 0.58625723
[176494] [2025-01-16 13:22:50] INFO: --------------------------------------------
[176494] [2025-01-16 13:22:50] INFO: Iteration 29/100
[176494] [2025-01-16 13:22:59] INFO: ==> Train Set: Acc: 100.00%, Loss: 0.00147576, Best model in epoch 90
[176494] [2025-01-16 13:23:00] INFO: ==> Test Set: Acc: 74.22%, Loss: 1.06222490
[176494] [2025-01-16 13:23:00] INFO: --------------------------------------------
[176494] [2025-01-16 13:23:00] INFO: Iteration 30/100
[176494] [2025-01-16 13:23:09] INFO: ==> Train Set: Acc: 100.00%, Loss: 0.00109898, Best model in epoch 97
[176494] [2025-01-16 13:23:11] INFO: ==> Test Set: Acc: 77.25%, Loss: 0.74931156
[176494] [2025-01-16 13:23:11] INFO: --------------------------------------------
[176494] [2025-01-16 13:23:11] INFO: Iteration 31/100
[176494] [2025-01-16 13:23:19] INFO: ==> Train Set: Acc: 100.00%, Loss: 0.00159891, Best model in epoch 85
[176494] [2025-01-16 13:23:21] INFO: ==> Test Set: Acc: 85.20%, Loss: 0.45935000
[176494] [2025-01-16 13:23:21] INFO: --------------------------------------------
[176494] [2025-01-16 13:23:21] INFO: Iteration 32/100
[176494] [2025-01-16 13:23:30] INFO: ==> Train Set: Acc: 100.00%, Loss: 0.00105291, Best model in epoch 98
[176494] [2025-01-16 13:23:32] INFO: ==> Test Set: Acc: 82.84%, Loss: 0.67164263
[176494] [2025-01-16 13:23:32] INFO: --------------------------------------------
[176494] [2025-01-16 13:23:32] INFO: Iteration 33/100
[176494] [2025-01-16 13:23:41] INFO: ==> Train Set: Acc: 100.00%, Loss: 0.00153806, Best model in epoch 93
[176494] [2025-01-16 13:23:42] INFO: ==> Test Set: Acc: 87.35%, Loss: 0.43337995
[176494] [2025-01-16 13:23:42] INFO: --------------------------------------------
[176494] [2025-01-16 13:23:42] INFO: Iteration 34/100
[176494] [2025-01-16 13:23:51] INFO: ==> Train Set: Acc: 100.00%, Loss: 0.00139333, Best model in epoch 90
[176494] [2025-01-16 13:23:53] INFO: ==> Test Set: Acc: 84.80%, Loss: 0.46476431
[176494] [2025-01-16 13:23:53] INFO: --------------------------------------------
[176494] [2025-01-16 13:23:53] INFO: Iteration 35/100
[176494] [2025-01-16 13:24:01] INFO: ==> Train Set: Acc: 100.00%, Loss: 0.00151750, Best model in epoch 71
[176494] [2025-01-16 13:24:03] INFO: ==> Test Set: Acc: 86.18%, Loss: 0.50734520
[176494] [2025-01-16 13:24:03] INFO: --------------------------------------------
[176494] [2025-01-16 13:24:03] INFO: Iteration 36/100
[176494] [2025-01-16 13:24:12] INFO: ==> Train Set: Acc: 100.00%, Loss: 0.00143722, Best model in epoch 86
[176494] [2025-01-16 13:24:13] INFO: ==> Test Set: Acc: 84.22%, Loss: 0.60695399
[176494] [2025-01-16 13:24:13] INFO: --------------------------------------------
[176494] [2025-01-16 13:24:13] INFO: Iteration 37/100
[176494] [2025-01-16 13:24:23] INFO: ==> Train Set: Acc: 100.00%, Loss: 0.00179999, Best model in epoch 91
[176494] [2025-01-16 13:24:24] INFO: ==> Test Set: Acc: 71.18%, Loss: 0.89767316
[176494] [2025-01-16 13:24:24] INFO: --------------------------------------------
[176494] [2025-01-16 13:24:24] INFO: Iteration 38/100
[176494] [2025-01-16 13:24:33] INFO: ==> Train Set: Acc: 100.00%, Loss: 0.00131555, Best model in epoch 97
[176494] [2025-01-16 13:24:35] INFO: ==> Test Set: Acc: 74.80%, Loss: 0.80585261
[176494] [2025-01-16 13:24:35] INFO: --------------------------------------------
[176494] [2025-01-16 13:24:35] INFO: Iteration 39/100
[176494] [2025-01-16 13:24:43] INFO: ==> Train Set: Acc: 100.00%, Loss: 0.00144125, Best model in epoch 98
[176494] [2025-01-16 13:24:45] INFO: ==> Test Set: Acc: 87.25%, Loss: 0.46649522
[176494] [2025-01-16 13:24:45] INFO: --------------------------------------------
[176494] [2025-01-16 13:24:45] INFO: Iteration 40/100
[176494] [2025-01-16 13:24:54] INFO: ==> Train Set: Acc: 100.00%, Loss: 0.00148468, Best model in epoch 86
[176494] [2025-01-16 13:24:55] INFO: ==> Test Set: Acc: 86.67%, Loss: 0.52508872
[176494] [2025-01-16 13:24:55] INFO: --------------------------------------------
[176494] [2025-01-16 13:24:55] INFO: Iteration 41/100
[176494] [2025-01-16 13:25:04] INFO: ==> Train Set: Acc: 100.00%, Loss: 0.00123134, Best model in epoch 94
[176494] [2025-01-16 13:25:05] INFO: ==> Test Set: Acc: 88.63%, Loss: 0.44254917
[176494] [2025-01-16 13:25:05] INFO: --------------------------------------------
[176494] [2025-01-16 13:25:05] INFO: Iteration 42/100
[176494] [2025-01-16 13:25:14] INFO: ==> Train Set: Acc: 100.00%, Loss: 0.00141262, Best model in epoch 98
[176494] [2025-01-16 13:25:16] INFO: ==> Test Set: Acc: 79.02%, Loss: 0.60101713
[176494] [2025-01-16 13:25:16] INFO: --------------------------------------------
[176494] [2025-01-16 13:25:16] INFO: Iteration 43/100
[176494] [2025-01-16 13:25:25] INFO: ==> Train Set: Acc: 100.00%, Loss: 0.00110017, Best model in epoch 85
[176494] [2025-01-16 13:25:26] INFO: ==> Test Set: Acc: 87.45%, Loss: 0.42961027
[176494] [2025-01-16 13:25:26] INFO: --------------------------------------------
[176494] [2025-01-16 13:25:26] INFO: Iteration 44/100
[176494] [2025-01-16 13:25:35] INFO: ==> Train Set: Acc: 100.00%, Loss: 0.00194763, Best model in epoch 87
[176494] [2025-01-16 13:25:37] INFO: ==> Test Set: Acc: 69.90%, Loss: 1.00200517
[176494] [2025-01-16 13:25:37] INFO: --------------------------------------------
[176494] [2025-01-16 13:25:37] INFO: Iteration 45/100
[176494] [2025-01-16 13:25:45] INFO: ==> Train Set: Acc: 100.00%, Loss: 0.00120763, Best model in epoch 97
[176494] [2025-01-16 13:25:47] INFO: ==> Test Set: Acc: 86.08%, Loss: 0.54216195
[176494] [2025-01-16 13:25:47] INFO: --------------------------------------------
[176494] [2025-01-16 13:25:47] INFO: Iteration 46/100
[176494] [2025-01-16 13:25:56] INFO: ==> Train Set: Acc: 100.00%, Loss: 0.00153977, Best model in epoch 99
[176494] [2025-01-16 13:25:57] INFO: ==> Test Set: Acc: 88.24%, Loss: 0.40338890
[176494] [2025-01-16 13:25:57] INFO: --------------------------------------------
[176494] [2025-01-16 13:25:57] INFO: Iteration 47/100
[176494] [2025-01-16 13:26:06] INFO: ==> Train Set: Acc: 100.00%, Loss: 0.00156687, Best model in epoch 71
[176494] [2025-01-16 13:26:08] INFO: ==> Test Set: Acc: 77.16%, Loss: 0.85508417
[176494] [2025-01-16 13:26:08] INFO: --------------------------------------------
[176494] [2025-01-16 13:26:08] INFO: Iteration 48/100
[176494] [2025-01-16 13:26:17] INFO: ==> Train Set: Acc: 100.00%, Loss: 0.00134572, Best model in epoch 92
[176494] [2025-01-16 13:26:18] INFO: ==> Test Set: Acc: 89.90%, Loss: 0.33016540
[176494] [2025-01-16 13:26:18] INFO: --------------------------------------------
[176494] [2025-01-16 13:26:18] INFO: Iteration 49/100
[176494] [2025-01-16 13:26:27] INFO: ==> Train Set: Acc: 100.00%, Loss: 0.00149504, Best model in epoch 90
[176494] [2025-01-16 13:26:29] INFO: ==> Test Set: Acc: 83.24%, Loss: 0.61170058
[176494] [2025-01-16 13:26:29] INFO: --------------------------------------------
[176494] [2025-01-16 13:26:29] INFO: Iteration 50/100
[176494] [2025-01-16 13:26:38] INFO: ==> Train Set: Acc: 100.00%, Loss: 0.00161308, Best model in epoch 77
[176494] [2025-01-16 13:26:39] INFO: ==> Test Set: Acc: 77.45%, Loss: 0.69074733
[176494] [2025-01-16 13:26:39] INFO: --------------------------------------------
[176494] [2025-01-16 13:26:39] INFO: Iteration 51/100
[176494] [2025-01-16 13:26:48] INFO: ==> Train Set: Acc: 100.00%, Loss: 0.00120611, Best model in epoch 92
[176494] [2025-01-16 13:26:50] INFO: ==> Test Set: Acc: 70.88%, Loss: 0.98160271
[176494] [2025-01-16 13:26:50] INFO: --------------------------------------------
[176494] [2025-01-16 13:26:50] INFO: Iteration 52/100
[176494] [2025-01-16 13:26:59] INFO: ==> Train Set: Acc: 100.00%, Loss: 0.00126308, Best model in epoch 97
[176494] [2025-01-16 13:27:00] INFO: ==> Test Set: Acc: 82.45%, Loss: 0.68212738
[176494] [2025-01-16 13:27:00] INFO: --------------------------------------------
[176494] [2025-01-16 13:27:00] INFO: Iteration 53/100
[176494] [2025-01-16 13:27:09] INFO: ==> Train Set: Acc: 100.00%, Loss: 0.00153766, Best model in epoch 92
[176494] [2025-01-16 13:27:11] INFO: ==> Test Set: Acc: 79.41%, Loss: 0.80636259
[176494] [2025-01-16 13:27:11] INFO: --------------------------------------------
[176494] [2025-01-16 13:27:11] INFO: Iteration 54/100
[176494] [2025-01-16 13:27:20] INFO: ==> Train Set: Acc: 100.00%, Loss: 0.00166357, Best model in epoch 98
[176494] [2025-01-16 13:27:22] INFO: ==> Test Set: Acc: 87.25%, Loss: 0.45802420
[176494] [2025-01-16 13:27:22] INFO: --------------------------------------------
[176494] [2025-01-16 13:27:22] INFO: Iteration 55/100
[176494] [2025-01-16 13:27:30] INFO: ==> Train Set: Acc: 100.00%, Loss: 0.00185862, Best model in epoch 80
[176494] [2025-01-16 13:27:32] INFO: ==> Test Set: Acc: 82.84%, Loss: 0.42654359
[176494] [2025-01-16 13:27:32] INFO: --------------------------------------------
[176494] [2025-01-16 13:27:32] INFO: Iteration 56/100
[176494] [2025-01-16 13:27:41] INFO: ==> Train Set: Acc: 100.00%, Loss: 0.00162858, Best model in epoch 91
[176494] [2025-01-16 13:27:42] INFO: ==> Test Set: Acc: 81.47%, Loss: 0.53605667
[176494] [2025-01-16 13:27:42] INFO: --------------------------------------------
[176494] [2025-01-16 13:27:42] INFO: Iteration 57/100
[176494] [2025-01-16 13:27:51] INFO: ==> Train Set: Acc: 100.00%, Loss: 0.00134722, Best model in epoch 94
[176494] [2025-01-16 13:27:53] INFO: ==> Test Set: Acc: 88.82%, Loss: 0.38015436
[176494] [2025-01-16 13:27:53] INFO: --------------------------------------------
[176494] [2025-01-16 13:27:53] INFO: Iteration 58/100
[176494] [2025-01-16 13:28:01] INFO: ==> Train Set: Acc: 100.00%, Loss: 0.00160236, Best model in epoch 96
[176494] [2025-01-16 13:28:03] INFO: ==> Test Set: Acc: 82.35%, Loss: 0.55825733
[176494] [2025-01-16 13:28:03] INFO: --------------------------------------------
[176494] [2025-01-16 13:28:03] INFO: Iteration 59/100
[176494] [2025-01-16 13:28:11] INFO: ==> Train Set: Acc: 100.00%, Loss: 0.00170518, Best model in epoch 98
[176494] [2025-01-16 13:28:13] INFO: ==> Test Set: Acc: 86.67%, Loss: 0.53438167
[176494] [2025-01-16 13:28:13] INFO: --------------------------------------------
[176494] [2025-01-16 13:28:13] INFO: Iteration 60/100
[176494] [2025-01-16 13:28:22] INFO: ==> Train Set: Acc: 100.00%, Loss: 0.00230638, Best model in epoch 93
[176494] [2025-01-16 13:28:24] INFO: ==> Test Set: Acc: 70.29%, Loss: 1.01872890
[176494] [2025-01-16 13:28:24] INFO: --------------------------------------------
[176494] [2025-01-16 13:28:24] INFO: Iteration 61/100
[176494] [2025-01-16 13:28:32] INFO: ==> Train Set: Acc: 100.00%, Loss: 0.00168849, Best model in epoch 98
[176494] [2025-01-16 13:28:34] INFO: ==> Test Set: Acc: 84.41%, Loss: 0.49800705
[176494] [2025-01-16 13:28:35] INFO: --------------------------------------------
[176494] [2025-01-16 13:28:35] INFO: Iteration 62/100
[176494] [2025-01-16 13:28:43] INFO: ==> Train Set: Acc: 100.00%, Loss: 0.00177848, Best model in epoch 92
[176494] [2025-01-16 13:28:45] INFO: ==> Test Set: Acc: 87.16%, Loss: 0.38318826
[176494] [2025-01-16 13:28:45] INFO: --------------------------------------------
[176494] [2025-01-16 13:28:45] INFO: Iteration 63/100
[176494] [2025-01-16 13:28:54] INFO: ==> Train Set: Acc: 100.00%, Loss: 0.00170626, Best model in epoch 97
[176494] [2025-01-16 13:28:56] INFO: ==> Test Set: Acc: 85.78%, Loss: 0.51399739
[176494] [2025-01-16 13:28:56] INFO: --------------------------------------------
[176494] [2025-01-16 13:28:56] INFO: Iteration 64/100
[176494] [2025-01-16 13:29:04] INFO: ==> Train Set: Acc: 100.00%, Loss: 0.00132681, Best model in epoch 86
[176494] [2025-01-16 13:29:06] INFO: ==> Test Set: Acc: 85.39%, Loss: 0.50713615
[176494] [2025-01-16 13:29:06] INFO: --------------------------------------------
[176494] [2025-01-16 13:29:06] INFO: Iteration 65/100
[176494] [2025-01-16 13:29:14] INFO: ==> Train Set: Acc: 100.00%, Loss: 0.00202144, Best model in epoch 97
[176494] [2025-01-16 13:29:16] INFO: ==> Test Set: Acc: 84.02%, Loss: 0.70692657
[176494] [2025-01-16 13:29:16] INFO: --------------------------------------------
[176494] [2025-01-16 13:29:16] INFO: Iteration 66/100
[176494] [2025-01-16 13:29:24] INFO: ==> Train Set: Acc: 100.00%, Loss: 0.00209278, Best model in epoch 93
[176494] [2025-01-16 13:29:26] INFO: ==> Test Set: Acc: 76.86%, Loss: 0.90708532
[176494] [2025-01-16 13:29:26] INFO: --------------------------------------------
[176494] [2025-01-16 13:29:26] INFO: Iteration 67/100
[176494] [2025-01-16 13:29:34] INFO: ==> Train Set: Acc: 100.00%, Loss: 0.00193458, Best model in epoch 97
[176494] [2025-01-16 13:29:36] INFO: ==> Test Set: Acc: 78.92%, Loss: 0.65751598
[176494] [2025-01-16 13:29:36] INFO: --------------------------------------------
[176494] [2025-01-16 13:29:36] INFO: Iteration 68/100
[176494] [2025-01-16 13:29:45] INFO: ==> Train Set: Acc: 100.00%, Loss: 0.00156104, Best model in epoch 91
[176494] [2025-01-16 13:29:47] INFO: ==> Test Set: Acc: 75.49%, Loss: 0.97318400
[176494] [2025-01-16 13:29:47] INFO: --------------------------------------------
[176494] [2025-01-16 13:29:47] INFO: Iteration 69/100
[176494] [2025-01-16 13:29:55] INFO: ==> Train Set: Acc: 100.00%, Loss: 0.00149482, Best model in epoch 96
[176494] [2025-01-16 13:29:57] INFO: ==> Test Set: Acc: 84.41%, Loss: 0.50921893
[176494] [2025-01-16 13:29:57] INFO: --------------------------------------------
[176494] [2025-01-16 13:29:57] INFO: Iteration 70/100
[176494] [2025-01-16 13:30:06] INFO: ==> Train Set: Acc: 100.00%, Loss: 0.00156221, Best model in epoch 98
[176494] [2025-01-16 13:30:08] INFO: ==> Test Set: Acc: 79.31%, Loss: 0.62371887
[176494] [2025-01-16 13:30:08] INFO: --------------------------------------------
[176494] [2025-01-16 13:30:08] INFO: Iteration 71/100
[176494] [2025-01-16 13:30:16] INFO: ==> Train Set: Acc: 100.00%, Loss: 0.00160614, Best model in epoch 97
[176494] [2025-01-16 13:30:18] INFO: ==> Test Set: Acc: 83.14%, Loss: 0.67705689
[176494] [2025-01-16 13:30:18] INFO: --------------------------------------------
[176494] [2025-01-16 13:30:18] INFO: Iteration 72/100
[176494] [2025-01-16 13:30:27] INFO: ==> Train Set: Acc: 100.00%, Loss: 0.00150747, Best model in epoch 96
[176494] [2025-01-16 13:30:29] INFO: ==> Test Set: Acc: 85.69%, Loss: 0.43760060
[176494] [2025-01-16 13:30:29] INFO: --------------------------------------------
[176494] [2025-01-16 13:30:29] INFO: Iteration 73/100
[176494] [2025-01-16 13:30:37] INFO: ==> Train Set: Acc: 100.00%, Loss: 0.00154144, Best model in epoch 96
[176494] [2025-01-16 13:30:39] INFO: ==> Test Set: Acc: 89.90%, Loss: 0.30495809
[176494] [2025-01-16 13:30:40] INFO: --------------------------------------------
[176494] [2025-01-16 13:30:40] INFO: Iteration 74/100
[176494] [2025-01-16 13:30:48] INFO: ==> Train Set: Acc: 100.00%, Loss: 0.00129619, Best model in epoch 89
[176494] [2025-01-16 13:30:50] INFO: ==> Test Set: Acc: 84.90%, Loss: 0.49394900
[176494] [2025-01-16 13:30:50] INFO: --------------------------------------------
[176494] [2025-01-16 13:30:50] INFO: Iteration 75/100
[176494] [2025-01-16 13:30:59] INFO: ==> Train Set: Acc: 100.00%, Loss: 0.00140013, Best model in epoch 96
[176494] [2025-01-16 13:31:00] INFO: ==> Test Set: Acc: 79.80%, Loss: 0.62732657
[176494] [2025-01-16 13:31:00] INFO: --------------------------------------------
[176494] [2025-01-16 13:31:00] INFO: Iteration 76/100
[176494] [2025-01-16 13:31:09] INFO: ==> Train Set: Acc: 100.00%, Loss: 0.00140987, Best model in epoch 86
[176494] [2025-01-16 13:31:11] INFO: ==> Test Set: Acc: 86.76%, Loss: 0.42407912
[176494] [2025-01-16 13:31:11] INFO: --------------------------------------------
[176494] [2025-01-16 13:31:11] INFO: Iteration 77/100
[176494] [2025-01-16 13:31:19] INFO: ==> Train Set: Acc: 100.00%, Loss: 0.00177892, Best model in epoch 82
[176494] [2025-01-16 13:31:21] INFO: ==> Test Set: Acc: 89.12%, Loss: 0.45212507
[176494] [2025-01-16 13:31:21] INFO: --------------------------------------------
[176494] [2025-01-16 13:31:21] INFO: Iteration 78/100
[176494] [2025-01-16 13:31:30] INFO: ==> Train Set: Acc: 100.00%, Loss: 0.00145316, Best model in epoch 94
[176494] [2025-01-16 13:31:32] INFO: ==> Test Set: Acc: 87.94%, Loss: 0.39130827
[176494] [2025-01-16 13:31:32] INFO: --------------------------------------------
[176494] [2025-01-16 13:31:32] INFO: Iteration 79/100
[176494] [2025-01-16 13:31:41] INFO: ==> Train Set: Acc: 100.00%, Loss: 0.00160039, Best model in epoch 97
[176494] [2025-01-16 13:31:43] INFO: ==> Test Set: Acc: 89.51%, Loss: 0.35886705
[176494] [2025-01-16 13:31:43] INFO: --------------------------------------------
[176494] [2025-01-16 13:31:43] INFO: Iteration 80/100
[176494] [2025-01-16 13:31:51] INFO: ==> Train Set: Acc: 100.00%, Loss: 0.00136832, Best model in epoch 95
[176494] [2025-01-16 13:31:53] INFO: ==> Test Set: Acc: 84.61%, Loss: 0.60881875
[176494] [2025-01-16 13:31:53] INFO: --------------------------------------------
[176494] [2025-01-16 13:31:53] INFO: Iteration 81/100
[176494] [2025-01-16 13:32:02] INFO: ==> Train Set: Acc: 100.00%, Loss: 0.00189826, Best model in epoch 94
[176494] [2025-01-16 13:32:04] INFO: ==> Test Set: Acc: 73.63%, Loss: 0.92780628
[176494] [2025-01-16 13:32:04] INFO: --------------------------------------------
[176494] [2025-01-16 13:32:04] INFO: Iteration 82/100
[176494] [2025-01-16 13:32:12] INFO: ==> Train Set: Acc: 100.00%, Loss: 0.00144296, Best model in epoch 92
[176494] [2025-01-16 13:32:14] INFO: ==> Test Set: Acc: 84.71%, Loss: 0.44971651
[176494] [2025-01-16 13:32:14] INFO: --------------------------------------------
[176494] [2025-01-16 13:32:14] INFO: Iteration 83/100
[176494] [2025-01-16 13:32:22] INFO: ==> Train Set: Acc: 100.00%, Loss: 0.00160580, Best model in epoch 80
[176494] [2025-01-16 13:32:24] INFO: ==> Test Set: Acc: 85.98%, Loss: 0.55252916
[176494] [2025-01-16 13:32:24] INFO: --------------------------------------------
[176494] [2025-01-16 13:32:24] INFO: Iteration 84/100
[176494] [2025-01-16 13:32:33] INFO: ==> Train Set: Acc: 100.00%, Loss: 0.00150597, Best model in epoch 98
[176494] [2025-01-16 13:32:35] INFO: ==> Test Set: Acc: 86.27%, Loss: 0.50590883
[176494] [2025-01-16 13:32:35] INFO: --------------------------------------------
[176494] [2025-01-16 13:32:35] INFO: Iteration 85/100
[176494] [2025-01-16 13:32:44] INFO: ==> Train Set: Acc: 100.00%, Loss: 0.00128539, Best model in epoch 94
[176494] [2025-01-16 13:32:45] INFO: ==> Test Set: Acc: 81.08%, Loss: 0.68014470
[176494] [2025-01-16 13:32:45] INFO: --------------------------------------------
[176494] [2025-01-16 13:32:45] INFO: Iteration 86/100
[176494] [2025-01-16 13:32:54] INFO: ==> Train Set: Acc: 100.00%, Loss: 0.00135396, Best model in epoch 99
[176494] [2025-01-16 13:32:56] INFO: ==> Test Set: Acc: 79.51%, Loss: 0.62084868
[176494] [2025-01-16 13:32:56] INFO: --------------------------------------------
[176494] [2025-01-16 13:32:56] INFO: Iteration 87/100
[176494] [2025-01-16 13:33:05] INFO: ==> Train Set: Acc: 100.00%, Loss: 0.00146557, Best model in epoch 94
[176494] [2025-01-16 13:33:07] INFO: ==> Test Set: Acc: 82.94%, Loss: 0.64831738
[176494] [2025-01-16 13:33:07] INFO: --------------------------------------------
[176494] [2025-01-16 13:33:07] INFO: Iteration 88/100
[176494] [2025-01-16 13:33:15] INFO: ==> Train Set: Acc: 100.00%, Loss: 0.00196148, Best model in epoch 88
[176494] [2025-01-16 13:33:17] INFO: ==> Test Set: Acc: 78.14%, Loss: 0.83775582
[176494] [2025-01-16 13:33:18] INFO: --------------------------------------------
[176494] [2025-01-16 13:33:18] INFO: Iteration 89/100
[176494] [2025-01-16 13:33:26] INFO: ==> Train Set: Acc: 100.00%, Loss: 0.00146336, Best model in epoch 92
[176494] [2025-01-16 13:33:28] INFO: ==> Test Set: Acc: 87.65%, Loss: 0.43163246
[176494] [2025-01-16 13:33:28] INFO: --------------------------------------------
[176494] [2025-01-16 13:33:28] INFO: Iteration 90/100
[176494] [2025-01-16 13:33:36] INFO: ==> Train Set: Acc: 100.00%, Loss: 0.00154008, Best model in epoch 95
[176494] [2025-01-16 13:33:38] INFO: ==> Test Set: Acc: 78.04%, Loss: 0.59577640
[176494] [2025-01-16 13:33:38] INFO: --------------------------------------------
[176494] [2025-01-16 13:33:38] INFO: Iteration 91/100
[176494] [2025-01-16 13:33:45] INFO: ==> Train Set: Acc: 100.00%, Loss: 0.00142935, Best model in epoch 97
[176494] [2025-01-16 13:33:47] INFO: ==> Test Set: Acc: 85.98%, Loss: 0.47219483
[176494] [2025-01-16 13:33:47] INFO: --------------------------------------------
[176494] [2025-01-16 13:33:47] INFO: Iteration 92/100
[176494] [2025-01-16 13:33:56] INFO: ==> Train Set: Acc: 100.00%, Loss: 0.00149225, Best model in epoch 78
[176494] [2025-01-16 13:33:57] INFO: ==> Test Set: Acc: 75.69%, Loss: 0.70914506
[176494] [2025-01-16 13:33:57] INFO: --------------------------------------------
[176494] [2025-01-16 13:33:57] INFO: Iteration 93/100
[176494] [2025-01-16 13:34:06] INFO: ==> Train Set: Acc: 100.00%, Loss: 0.00127567, Best model in epoch 87
[176494] [2025-01-16 13:34:08] INFO: ==> Test Set: Acc: 84.51%, Loss: 0.53165406
[176494] [2025-01-16 13:34:08] INFO: --------------------------------------------
[176494] [2025-01-16 13:34:08] INFO: Iteration 94/100
[176494] [2025-01-16 13:34:16] INFO: ==> Train Set: Acc: 100.00%, Loss: 0.00182546, Best model in epoch 98
[176494] [2025-01-16 13:34:19] INFO: ==> Test Set: Acc: 82.06%, Loss: 0.52554954
[176494] [2025-01-16 13:34:19] INFO: --------------------------------------------
[176494] [2025-01-16 13:34:19] INFO: Iteration 95/100
[176494] [2025-01-16 13:34:27] INFO: ==> Train Set: Acc: 100.00%, Loss: 0.00158194, Best model in epoch 88
[176494] [2025-01-16 13:34:29] INFO: ==> Test Set: Acc: 82.35%, Loss: 0.67907540
[176494] [2025-01-16 13:34:29] INFO: --------------------------------------------
[176494] [2025-01-16 13:34:29] INFO: Iteration 96/100
[176494] [2025-01-16 13:34:37] INFO: ==> Train Set: Acc: 100.00%, Loss: 0.00245645, Best model in epoch 99
[176494] [2025-01-16 13:34:39] INFO: ==> Test Set: Acc: 77.75%, Loss: 0.95488553
[176494] [2025-01-16 13:34:39] INFO: --------------------------------------------
[176494] [2025-01-16 13:34:39] INFO: Iteration 97/100
[176494] [2025-01-16 13:34:48] INFO: ==> Train Set: Acc: 100.00%, Loss: 0.00192186, Best model in epoch 98
[176494] [2025-01-16 13:34:49] INFO: ==> Test Set: Acc: 73.33%, Loss: 0.95545205
[176494] [2025-01-16 13:34:49] INFO: --------------------------------------------
[176494] [2025-01-16 13:34:49] INFO: Iteration 98/100
[176494] [2025-01-16 13:34:58] INFO: ==> Train Set: Acc: 100.00%, Loss: 0.00144668, Best model in epoch 96
[176494] [2025-01-16 13:35:00] INFO: ==> Test Set: Acc: 82.75%, Loss: 0.47391749
[176494] [2025-01-16 13:35:00] INFO: --------------------------------------------
[176494] [2025-01-16 13:35:00] INFO: Iteration 99/100
[176494] [2025-01-16 13:35:09] INFO: ==> Train Set: Acc: 100.00%, Loss: 0.00129121, Best model in epoch 97
[176494] [2025-01-16 13:35:11] INFO: ==> Test Set: Acc: 70.29%, Loss: 0.90507309
[176494] [2025-01-16 13:35:11] INFO: --------------------------------------------
[176494] [2025-01-16 13:35:11] INFO: Iteration 100/100
[176494] [2025-01-16 13:35:20] INFO: ==> Train Set: Acc: 100.00%, Loss: 0.00165857, Best model in epoch 89
[176494] [2025-01-16 13:35:21] INFO: ==> Test Set: Acc: 85.00%, Loss: 0.51805263
