[30040] [2025-01-16 10:13:32] INFO: ==> Running file: /autodl-fs/data/PythonProject/P3MC/downstream_knn.py
[30040] [2025-01-16 10:13:32] INFO: ==> Config: {'exp_name': 'CVTSLANet_KNN_ads-b-10_iq_PT_powerNorm_FT_powerNorm', 'exp_type': 'Downstream_random_rot', 'random_seed': 2024, 'platform': 'linux', 'device': 'cuda', 'iteration': 100, 'epoch': 100, 'dataset': {'name': 'ads-b-10', 'root': '~/Datasets/ADS-B', 'type': 'iq', 'normalize': 'power', 'train_batch_size': 30, 'test_batch_size': 30, 'ratio': 0.2, 'num_classes': 10, 'shot': 1, 'snr': None}, 'encoder': {'name': 'CVTSLANet', 'root': 'models/KANTSLANet2Feature.py', 'feature_dim': 1024, 'pretrain_path': './runs/Pretext_random_rot/CVTSLANet_ads-b_iq_powerNorm/best_encoder.pth', 'TSLA_config': {'seq_len': 4800, 'patch_size': 32, 'num_channels': 2, 'emb_dim': 256, 'depth': 3, 'dropout_rate': 0.3}}, 'classifier': {'name': 'knn', 'root': '', 'in_dim': 1024, 'ratio': 0.2, 'num_classes': 10}, 'optimizer': {'lr': 0.001, 'weight_decay': 0}, 'extra_info': '', 'exp_path': 'runs/Downstream_random_rot/CVTSLANet_KNN_ads-b-10_iq_PT_powerNorm_FT_powerNorm/1Shot/0116_101332', 'save_path': 'runs/Downstream_random_rot/CVTSLANet_KNN_ads-b-10_iq_PT_powerNorm_FT_powerNorm'}
[30040] [2025-01-16 10:13:32] INFO: --------------------------------------------
[30040] [2025-01-16 10:13:32] INFO: Iteration 1/100
[30040] [2025-01-16 10:14:11] INFO: Acc: 11.30%
[30040] [2025-01-16 10:14:11] INFO: --------------------------------------------
[30040] [2025-01-16 10:14:11] INFO: Iteration 2/100
[30040] [2025-01-16 10:14:13] INFO: Acc: 12.80%
[30040] [2025-01-16 10:14:13] INFO: --------------------------------------------
[30040] [2025-01-16 10:14:13] INFO: Iteration 3/100
[30040] [2025-01-16 10:14:16] INFO: Acc: 10.90%
[30040] [2025-01-16 10:14:16] INFO: --------------------------------------------
[30040] [2025-01-16 10:14:16] INFO: Iteration 4/100
[30040] [2025-01-16 10:14:18] INFO: Acc: 11.00%
[30040] [2025-01-16 10:14:18] INFO: --------------------------------------------
[30040] [2025-01-16 10:14:18] INFO: Iteration 5/100
[30040] [2025-01-16 10:14:21] INFO: Acc: 12.30%
[30040] [2025-01-16 10:14:21] INFO: --------------------------------------------
[30040] [2025-01-16 10:14:21] INFO: Iteration 6/100
[30040] [2025-01-16 10:14:23] INFO: Acc: 11.20%
[30040] [2025-01-16 10:14:23] INFO: --------------------------------------------
[30040] [2025-01-16 10:14:23] INFO: Iteration 7/100
[30040] [2025-01-16 10:14:26] INFO: Acc: 10.40%
[30040] [2025-01-16 10:14:26] INFO: --------------------------------------------
[30040] [2025-01-16 10:14:26] INFO: Iteration 8/100
[30040] [2025-01-16 10:14:28] INFO: Acc: 11.70%
[30040] [2025-01-16 10:14:28] INFO: --------------------------------------------
[30040] [2025-01-16 10:14:28] INFO: Iteration 9/100
[30040] [2025-01-16 10:14:31] INFO: Acc: 10.40%
[30040] [2025-01-16 10:14:31] INFO: --------------------------------------------
[30040] [2025-01-16 10:14:31] INFO: Iteration 10/100
[30040] [2025-01-16 10:14:33] INFO: Acc: 10.40%
[30040] [2025-01-16 10:14:33] INFO: --------------------------------------------
[30040] [2025-01-16 10:14:33] INFO: Iteration 11/100
[30040] [2025-01-16 10:14:36] INFO: Acc: 10.30%
[30040] [2025-01-16 10:14:36] INFO: --------------------------------------------
[30040] [2025-01-16 10:14:36] INFO: Iteration 12/100
[30040] [2025-01-16 10:14:38] INFO: Acc: 12.90%
[30040] [2025-01-16 10:14:38] INFO: --------------------------------------------
[30040] [2025-01-16 10:14:38] INFO: Iteration 13/100
[30040] [2025-01-16 10:14:41] INFO: Acc: 10.90%
[30040] [2025-01-16 10:14:41] INFO: --------------------------------------------
[30040] [2025-01-16 10:14:41] INFO: Iteration 14/100
[30040] [2025-01-16 10:14:43] INFO: Acc: 17.80%
[30040] [2025-01-16 10:14:43] INFO: --------------------------------------------
[30040] [2025-01-16 10:14:43] INFO: Iteration 15/100
[30040] [2025-01-16 10:14:46] INFO: Acc: 10.40%
[30040] [2025-01-16 10:14:46] INFO: --------------------------------------------
[30040] [2025-01-16 10:14:46] INFO: Iteration 16/100
[30040] [2025-01-16 10:14:48] INFO: Acc: 13.30%
[30040] [2025-01-16 10:14:48] INFO: --------------------------------------------
[30040] [2025-01-16 10:14:48] INFO: Iteration 17/100
[30040] [2025-01-16 10:14:51] INFO: Acc: 11.00%
[30040] [2025-01-16 10:14:51] INFO: --------------------------------------------
[30040] [2025-01-16 10:14:51] INFO: Iteration 18/100
[30040] [2025-01-16 10:14:53] INFO: Acc: 14.10%
[30040] [2025-01-16 10:14:53] INFO: --------------------------------------------
[30040] [2025-01-16 10:14:53] INFO: Iteration 19/100
[30040] [2025-01-16 10:14:56] INFO: Acc: 12.00%
[30040] [2025-01-16 10:14:56] INFO: --------------------------------------------
[30040] [2025-01-16 10:14:56] INFO: Iteration 20/100
[30040] [2025-01-16 10:14:58] INFO: Acc: 11.70%
[30040] [2025-01-16 10:14:58] INFO: --------------------------------------------
[30040] [2025-01-16 10:14:58] INFO: Iteration 21/100
[30040] [2025-01-16 10:15:00] INFO: Acc: 10.00%
[30040] [2025-01-16 10:15:00] INFO: --------------------------------------------
[30040] [2025-01-16 10:15:00] INFO: Iteration 22/100
[30040] [2025-01-16 10:15:02] INFO: Acc: 13.90%
[30040] [2025-01-16 10:15:02] INFO: --------------------------------------------
[30040] [2025-01-16 10:15:02] INFO: Iteration 23/100
[30040] [2025-01-16 10:15:05] INFO: Acc: 12.40%
[30040] [2025-01-16 10:15:05] INFO: --------------------------------------------
[30040] [2025-01-16 10:15:05] INFO: Iteration 24/100
[30040] [2025-01-16 10:15:07] INFO: Acc: 14.30%
[30040] [2025-01-16 10:15:07] INFO: --------------------------------------------
[30040] [2025-01-16 10:15:07] INFO: Iteration 25/100
[30040] [2025-01-16 10:15:09] INFO: Acc: 10.60%
[30040] [2025-01-16 10:15:09] INFO: --------------------------------------------
[30040] [2025-01-16 10:15:09] INFO: Iteration 26/100
[30040] [2025-01-16 10:15:12] INFO: Acc: 10.20%
[30040] [2025-01-16 10:15:12] INFO: --------------------------------------------
[30040] [2025-01-16 10:15:12] INFO: Iteration 27/100
[30040] [2025-01-16 10:15:14] INFO: Acc: 10.60%
[30040] [2025-01-16 10:15:14] INFO: --------------------------------------------
[30040] [2025-01-16 10:15:14] INFO: Iteration 28/100
[30040] [2025-01-16 10:15:17] INFO: Acc: 21.40%
[30040] [2025-01-16 10:15:17] INFO: --------------------------------------------
[30040] [2025-01-16 10:15:17] INFO: Iteration 29/100
[30040] [2025-01-16 10:15:19] INFO: Acc: 10.00%
[30040] [2025-01-16 10:15:19] INFO: --------------------------------------------
[30040] [2025-01-16 10:15:19] INFO: Iteration 30/100
[30040] [2025-01-16 10:15:22] INFO: Acc: 10.10%
[30040] [2025-01-16 10:15:22] INFO: --------------------------------------------
[30040] [2025-01-16 10:15:22] INFO: Iteration 31/100
[30040] [2025-01-16 10:15:25] INFO: Acc: 10.60%
[30040] [2025-01-16 10:15:25] INFO: --------------------------------------------
[30040] [2025-01-16 10:15:25] INFO: Iteration 32/100
[30040] [2025-01-16 10:15:27] INFO: Acc: 10.20%
[30040] [2025-01-16 10:15:27] INFO: --------------------------------------------
[30040] [2025-01-16 10:15:27] INFO: Iteration 33/100
[30040] [2025-01-16 10:15:30] INFO: Acc: 12.30%
[30040] [2025-01-16 10:15:30] INFO: --------------------------------------------
[30040] [2025-01-16 10:15:30] INFO: Iteration 34/100
[30040] [2025-01-16 10:15:33] INFO: Acc: 10.10%
[30040] [2025-01-16 10:15:33] INFO: --------------------------------------------
[30040] [2025-01-16 10:15:33] INFO: Iteration 35/100
[30040] [2025-01-16 10:15:35] INFO: Acc: 10.40%
[30040] [2025-01-16 10:15:36] INFO: --------------------------------------------
[30040] [2025-01-16 10:15:36] INFO: Iteration 36/100
[30040] [2025-01-16 10:15:38] INFO: Acc: 12.00%
[30040] [2025-01-16 10:15:38] INFO: --------------------------------------------
[30040] [2025-01-16 10:15:38] INFO: Iteration 37/100
[30040] [2025-01-16 10:15:41] INFO: Acc: 19.40%
[30040] [2025-01-16 10:15:41] INFO: --------------------------------------------
[30040] [2025-01-16 10:15:41] INFO: Iteration 38/100
[30040] [2025-01-16 10:15:44] INFO: Acc: 12.70%
[30040] [2025-01-16 10:15:44] INFO: --------------------------------------------
[30040] [2025-01-16 10:15:44] INFO: Iteration 39/100
[30040] [2025-01-16 10:15:47] INFO: Acc: 11.30%
[30040] [2025-01-16 10:15:47] INFO: --------------------------------------------
[30040] [2025-01-16 10:15:47] INFO: Iteration 40/100
[30040] [2025-01-16 10:15:49] INFO: Acc: 10.10%
[30040] [2025-01-16 10:15:49] INFO: --------------------------------------------
[30040] [2025-01-16 10:15:49] INFO: Iteration 41/100
[30040] [2025-01-16 10:15:52] INFO: Acc: 14.10%
[30040] [2025-01-16 10:15:52] INFO: --------------------------------------------
[30040] [2025-01-16 10:15:52] INFO: Iteration 42/100
[30040] [2025-01-16 10:15:55] INFO: Acc: 17.80%
[30040] [2025-01-16 10:15:55] INFO: --------------------------------------------
[30040] [2025-01-16 10:15:55] INFO: Iteration 43/100
[30040] [2025-01-16 10:15:58] INFO: Acc: 10.60%
[30040] [2025-01-16 10:15:58] INFO: --------------------------------------------
[30040] [2025-01-16 10:15:58] INFO: Iteration 44/100
[30040] [2025-01-16 10:16:01] INFO: Acc: 16.00%
[30040] [2025-01-16 10:16:01] INFO: --------------------------------------------
[30040] [2025-01-16 10:16:01] INFO: Iteration 45/100
[30040] [2025-01-16 10:16:03] INFO: Acc: 10.00%
[30040] [2025-01-16 10:16:03] INFO: --------------------------------------------
[30040] [2025-01-16 10:16:03] INFO: Iteration 46/100
[30040] [2025-01-16 10:16:06] INFO: Acc: 10.10%
[30040] [2025-01-16 10:16:06] INFO: --------------------------------------------
[30040] [2025-01-16 10:16:06] INFO: Iteration 47/100
[30040] [2025-01-16 10:16:09] INFO: Acc: 18.20%
[30040] [2025-01-16 10:16:09] INFO: --------------------------------------------
[30040] [2025-01-16 10:16:09] INFO: Iteration 48/100
[30040] [2025-01-16 10:16:12] INFO: Acc: 10.10%
[30040] [2025-01-16 10:16:12] INFO: --------------------------------------------
[30040] [2025-01-16 10:16:12] INFO: Iteration 49/100
[30040] [2025-01-16 10:16:15] INFO: Acc: 13.40%
[30040] [2025-01-16 10:16:15] INFO: --------------------------------------------
[30040] [2025-01-16 10:16:15] INFO: Iteration 50/100
[30040] [2025-01-16 10:16:17] INFO: Acc: 11.50%
[30040] [2025-01-16 10:16:17] INFO: --------------------------------------------
[30040] [2025-01-16 10:16:17] INFO: Iteration 51/100
[30040] [2025-01-16 10:16:20] INFO: Acc: 13.80%
[30040] [2025-01-16 10:16:20] INFO: --------------------------------------------
[30040] [2025-01-16 10:16:20] INFO: Iteration 52/100
[30040] [2025-01-16 10:16:23] INFO: Acc: 11.30%
[30040] [2025-01-16 10:16:23] INFO: --------------------------------------------
[30040] [2025-01-16 10:16:23] INFO: Iteration 53/100
[30040] [2025-01-16 10:16:26] INFO: Acc: 14.10%
[30040] [2025-01-16 10:16:26] INFO: --------------------------------------------
[30040] [2025-01-16 10:16:26] INFO: Iteration 54/100
[30040] [2025-01-16 10:16:29] INFO: Acc: 14.00%
[30040] [2025-01-16 10:16:29] INFO: --------------------------------------------
[30040] [2025-01-16 10:16:29] INFO: Iteration 55/100
[30040] [2025-01-16 10:16:31] INFO: Acc: 14.40%
[30040] [2025-01-16 10:16:31] INFO: --------------------------------------------
[30040] [2025-01-16 10:16:31] INFO: Iteration 56/100
[30040] [2025-01-16 10:16:34] INFO: Acc: 10.00%
[30040] [2025-01-16 10:16:34] INFO: --------------------------------------------
[30040] [2025-01-16 10:16:34] INFO: Iteration 57/100
[30040] [2025-01-16 10:16:36] INFO: Acc: 10.90%
[30040] [2025-01-16 10:16:36] INFO: --------------------------------------------
[30040] [2025-01-16 10:16:36] INFO: Iteration 58/100
[30040] [2025-01-16 10:16:39] INFO: Acc: 10.00%
[30040] [2025-01-16 10:16:39] INFO: --------------------------------------------
[30040] [2025-01-16 10:16:39] INFO: Iteration 59/100
[30040] [2025-01-16 10:16:42] INFO: Acc: 10.80%
[30040] [2025-01-16 10:16:42] INFO: --------------------------------------------
[30040] [2025-01-16 10:16:42] INFO: Iteration 60/100
[30040] [2025-01-16 10:16:45] INFO: Acc: 10.00%
[30040] [2025-01-16 10:16:45] INFO: --------------------------------------------
[30040] [2025-01-16 10:16:45] INFO: Iteration 61/100
[30040] [2025-01-16 10:16:48] INFO: Acc: 10.10%
[30040] [2025-01-16 10:16:48] INFO: --------------------------------------------
[30040] [2025-01-16 10:16:48] INFO: Iteration 62/100
[30040] [2025-01-16 10:16:50] INFO: Acc: 12.60%
[30040] [2025-01-16 10:16:50] INFO: --------------------------------------------
[30040] [2025-01-16 10:16:50] INFO: Iteration 63/100
[30040] [2025-01-16 10:16:53] INFO: Acc: 18.10%
[30040] [2025-01-16 10:16:53] INFO: --------------------------------------------
[30040] [2025-01-16 10:16:53] INFO: Iteration 64/100
[30040] [2025-01-16 10:16:55] INFO: Acc: 10.20%
[30040] [2025-01-16 10:16:55] INFO: --------------------------------------------
[30040] [2025-01-16 10:16:55] INFO: Iteration 65/100
[30040] [2025-01-16 10:16:58] INFO: Acc: 11.00%
[30040] [2025-01-16 10:16:58] INFO: --------------------------------------------
[30040] [2025-01-16 10:16:58] INFO: Iteration 66/100
[30040] [2025-01-16 10:17:01] INFO: Acc: 10.40%
[30040] [2025-01-16 10:17:01] INFO: --------------------------------------------
[30040] [2025-01-16 10:17:01] INFO: Iteration 67/100
[30040] [2025-01-16 10:17:03] INFO: Acc: 10.30%
[30040] [2025-01-16 10:17:03] INFO: --------------------------------------------
[30040] [2025-01-16 10:17:03] INFO: Iteration 68/100
[30040] [2025-01-16 10:17:06] INFO: Acc: 11.70%
[30040] [2025-01-16 10:17:06] INFO: --------------------------------------------
[30040] [2025-01-16 10:17:06] INFO: Iteration 69/100
[30040] [2025-01-16 10:17:09] INFO: Acc: 10.10%
[30040] [2025-01-16 10:17:09] INFO: --------------------------------------------
[30040] [2025-01-16 10:17:09] INFO: Iteration 70/100
[30040] [2025-01-16 10:17:12] INFO: Acc: 17.40%
[30040] [2025-01-16 10:17:12] INFO: --------------------------------------------
[30040] [2025-01-16 10:17:12] INFO: Iteration 71/100
[30040] [2025-01-16 10:17:15] INFO: Acc: 10.10%
[30040] [2025-01-16 10:17:15] INFO: --------------------------------------------
[30040] [2025-01-16 10:17:15] INFO: Iteration 72/100
[30040] [2025-01-16 10:17:18] INFO: Acc: 10.80%
[30040] [2025-01-16 10:17:18] INFO: --------------------------------------------
[30040] [2025-01-16 10:17:18] INFO: Iteration 73/100
[30040] [2025-01-16 10:17:21] INFO: Acc: 10.70%
[30040] [2025-01-16 10:17:21] INFO: --------------------------------------------
[30040] [2025-01-16 10:17:21] INFO: Iteration 74/100
[30040] [2025-01-16 10:17:24] INFO: Acc: 10.00%
[30040] [2025-01-16 10:17:24] INFO: --------------------------------------------
[30040] [2025-01-16 10:17:24] INFO: Iteration 75/100
[30040] [2025-01-16 10:17:27] INFO: Acc: 10.20%
[30040] [2025-01-16 10:17:27] INFO: --------------------------------------------
[30040] [2025-01-16 10:17:27] INFO: Iteration 76/100
[30040] [2025-01-16 10:17:30] INFO: Acc: 18.30%
[30040] [2025-01-16 10:17:30] INFO: --------------------------------------------
[30040] [2025-01-16 10:17:30] INFO: Iteration 77/100
[30040] [2025-01-16 10:17:32] INFO: Acc: 13.00%
[30040] [2025-01-16 10:17:32] INFO: --------------------------------------------
[30040] [2025-01-16 10:17:32] INFO: Iteration 78/100
[30040] [2025-01-16 10:17:35] INFO: Acc: 16.80%
[30040] [2025-01-16 10:17:35] INFO: --------------------------------------------
[30040] [2025-01-16 10:17:35] INFO: Iteration 79/100
[30040] [2025-01-16 10:17:38] INFO: Acc: 13.00%
[30040] [2025-01-16 10:17:38] INFO: --------------------------------------------
[30040] [2025-01-16 10:17:38] INFO: Iteration 80/100
[30040] [2025-01-16 10:17:41] INFO: Acc: 10.80%
[30040] [2025-01-16 10:17:41] INFO: --------------------------------------------
[30040] [2025-01-16 10:17:41] INFO: Iteration 81/100
[30040] [2025-01-16 10:17:43] INFO: Acc: 13.40%
[30040] [2025-01-16 10:17:44] INFO: --------------------------------------------
[30040] [2025-01-16 10:17:44] INFO: Iteration 82/100
[30040] [2025-01-16 10:17:46] INFO: Acc: 14.50%
[30040] [2025-01-16 10:17:46] INFO: --------------------------------------------
[30040] [2025-01-16 10:17:46] INFO: Iteration 83/100
[30040] [2025-01-16 10:17:49] INFO: Acc: 11.00%
[30040] [2025-01-16 10:17:49] INFO: --------------------------------------------
[30040] [2025-01-16 10:17:49] INFO: Iteration 84/100
[30040] [2025-01-16 10:17:51] INFO: Acc: 11.00%
[30040] [2025-01-16 10:17:51] INFO: --------------------------------------------
[30040] [2025-01-16 10:17:51] INFO: Iteration 85/100
[30040] [2025-01-16 10:17:54] INFO: Acc: 10.30%
[30040] [2025-01-16 10:17:54] INFO: --------------------------------------------
[30040] [2025-01-16 10:17:54] INFO: Iteration 86/100
[30040] [2025-01-16 10:17:57] INFO: Acc: 10.00%
[30040] [2025-01-16 10:17:57] INFO: --------------------------------------------
[30040] [2025-01-16 10:17:57] INFO: Iteration 87/100
[30040] [2025-01-16 10:18:00] INFO: Acc: 10.80%
[30040] [2025-01-16 10:18:00] INFO: --------------------------------------------
[30040] [2025-01-16 10:18:00] INFO: Iteration 88/100
[30040] [2025-01-16 10:18:03] INFO: Acc: 10.20%
[30040] [2025-01-16 10:18:03] INFO: --------------------------------------------
[30040] [2025-01-16 10:18:03] INFO: Iteration 89/100
[30040] [2025-01-16 10:18:06] INFO: Acc: 10.10%
[30040] [2025-01-16 10:18:06] INFO: --------------------------------------------
[30040] [2025-01-16 10:18:06] INFO: Iteration 90/100
[30040] [2025-01-16 10:18:08] INFO: Acc: 11.40%
[30040] [2025-01-16 10:18:08] INFO: --------------------------------------------
[30040] [2025-01-16 10:18:08] INFO: Iteration 91/100
[30040] [2025-01-16 10:18:11] INFO: Acc: 10.70%
[30040] [2025-01-16 10:18:11] INFO: --------------------------------------------
[30040] [2025-01-16 10:18:11] INFO: Iteration 92/100
[30040] [2025-01-16 10:18:14] INFO: Acc: 10.00%
[30040] [2025-01-16 10:18:14] INFO: --------------------------------------------
[30040] [2025-01-16 10:18:14] INFO: Iteration 93/100
[30040] [2025-01-16 10:18:17] INFO: Acc: 10.80%
[30040] [2025-01-16 10:18:17] INFO: --------------------------------------------
[30040] [2025-01-16 10:18:17] INFO: Iteration 94/100
[30040] [2025-01-16 10:18:20] INFO: Acc: 13.00%
[30040] [2025-01-16 10:18:20] INFO: --------------------------------------------
[30040] [2025-01-16 10:18:20] INFO: Iteration 95/100
[30040] [2025-01-16 10:18:22] INFO: Acc: 13.00%
[30040] [2025-01-16 10:18:22] INFO: --------------------------------------------
[30040] [2025-01-16 10:18:22] INFO: Iteration 96/100
[30040] [2025-01-16 10:18:25] INFO: Acc: 16.30%
[30040] [2025-01-16 10:18:25] INFO: --------------------------------------------
[30040] [2025-01-16 10:18:25] INFO: Iteration 97/100
[30040] [2025-01-16 10:18:28] INFO: Acc: 11.30%
[30040] [2025-01-16 10:18:28] INFO: --------------------------------------------
[30040] [2025-01-16 10:18:28] INFO: Iteration 98/100
[30040] [2025-01-16 10:18:30] INFO: Acc: 10.80%
[30040] [2025-01-16 10:18:30] INFO: --------------------------------------------
[30040] [2025-01-16 10:18:30] INFO: Iteration 99/100
[30040] [2025-01-16 10:18:33] INFO: Acc: 10.90%
[30040] [2025-01-16 10:18:33] INFO: --------------------------------------------
[30040] [2025-01-16 10:18:33] INFO: Iteration 100/100
[30040] [2025-01-16 10:18:36] INFO: Acc: 10.00%
