[176215] [2025-01-16 13:43:27] INFO: ==> Running file: /autodl-fs/data/PythonProject/P3MC/downstream.py
[176215] [2025-01-16 13:43:27] INFO: ==> Config: {'exp_name': 'CVTSLANet_ads-b-20_iq_PT_powerNorm_FT_powerNorm', 'exp_type': 'Downstream_random_rot', 'random_seed': 2024, 'platform': 'linux', 'device': 'cuda', 'iteration': 100, 'epoch': 100, 'dataset': {'name': 'ads-b-20', 'root': '~/Datasets/ADS-B', 'type': 'iq', 'normalize': 'power', 'train_batch_size': 30, 'test_batch_size': 30, 'ratio': 0.2, 'num_classes': 20, 'shot': 5, 'snr': None}, 'encoder': {'name': 'CVTSLANet', 'root': 'models/KANTSLANet2Feature.py', 'feature_dim': 1024, 'pretrain_path': './runs/Pretext_random_rot/CVTSLANet_ads-b_iq_powerNorm/best_encoder.pth', 'TSLA_config': {'seq_len': 4800, 'patch_size': 32, 'num_channels': 2, 'emb_dim': 256, 'depth': 3, 'dropout_rate': 0.3}}, 'classifier': {'name': 'linear', 'root': 'models/LinearClassifier.py', 'in_dim': 1024, 'ratio': 0.2, 'num_classes': 20}, 'optimizer': {'lr': 0.001, 'weight_decay': 0}, 'extra_info': '', 'exp_path': 'runs/Downstream_random_rot/CVTSLANet_ads-b-20_iq_PT_powerNorm_FT_powerNorm/5Shot/0116_134327', 'save_path': 'runs/Downstream_random_rot/CVTSLANet_ads-b-20_iq_PT_powerNorm_FT_powerNorm'}
[176215] [2025-01-16 13:43:27] INFO: --------------------------------------------
[176215] [2025-01-16 13:43:27] INFO: Iteration 1/100
[176215] [2025-01-16 13:44:18] INFO: ==> Train Set: Acc: 100.00%, Loss: 0.00303195, Best model in epoch 77
[176215] [2025-01-16 13:44:21] INFO: ==> Test Set: Acc: 81.44%, Loss: 0.76591625
[176215] [2025-01-16 13:44:21] INFO: --------------------------------------------
[176215] [2025-01-16 13:44:21] INFO: Iteration 2/100
[176215] [2025-01-16 13:45:11] INFO: ==> Train Set: Acc: 100.00%, Loss: 0.00377015, Best model in epoch 81
[176215] [2025-01-16 13:45:15] INFO: ==> Test Set: Acc: 79.18%, Loss: 0.97294943
[176215] [2025-01-16 13:45:15] INFO: --------------------------------------------
[176215] [2025-01-16 13:45:15] INFO: Iteration 3/100
[176215] [2025-01-16 13:46:06] INFO: ==> Train Set: Acc: 100.00%, Loss: 0.00133095, Best model in epoch 97
[176215] [2025-01-16 13:46:08] INFO: ==> Test Set: Acc: 78.21%, Loss: 0.97278623
[176215] [2025-01-16 13:46:08] INFO: --------------------------------------------
[176215] [2025-01-16 13:46:08] INFO: Iteration 4/100
[176215] [2025-01-16 13:46:58] INFO: ==> Train Set: Acc: 100.00%, Loss: 0.00423244, Best model in epoch 93
[176215] [2025-01-16 13:47:01] INFO: ==> Test Set: Acc: 79.68%, Loss: 0.97648427
[176215] [2025-01-16 13:47:01] INFO: --------------------------------------------
[176215] [2025-01-16 13:47:01] INFO: Iteration 5/100
[176215] [2025-01-16 13:47:52] INFO: ==> Train Set: Acc: 100.00%, Loss: 0.00606166, Best model in epoch 58
[176215] [2025-01-16 13:47:55] INFO: ==> Test Set: Acc: 77.14%, Loss: 0.89053567
[176215] [2025-01-16 13:47:55] INFO: --------------------------------------------
[176215] [2025-01-16 13:47:55] INFO: Iteration 6/100
[176215] [2025-01-16 13:48:46] INFO: ==> Train Set: Acc: 100.00%, Loss: 0.00119811, Best model in epoch 93
[176215] [2025-01-16 13:48:49] INFO: ==> Test Set: Acc: 76.47%, Loss: 1.24218060
[176215] [2025-01-16 13:48:49] INFO: --------------------------------------------
[176215] [2025-01-16 13:48:49] INFO: Iteration 7/100
[176215] [2025-01-16 13:49:40] INFO: ==> Train Set: Acc: 100.00%, Loss: 0.00205002, Best model in epoch 95
[176215] [2025-01-16 13:49:43] INFO: ==> Test Set: Acc: 80.47%, Loss: 0.77453490
[176215] [2025-01-16 13:49:43] INFO: --------------------------------------------
[176215] [2025-01-16 13:49:43] INFO: Iteration 8/100
[176215] [2025-01-16 13:50:32] INFO: ==> Train Set: Acc: 100.00%, Loss: 0.00462445, Best model in epoch 64
[176215] [2025-01-16 13:50:36] INFO: ==> Test Set: Acc: 80.57%, Loss: 0.75193830
[176215] [2025-01-16 13:50:36] INFO: --------------------------------------------
[176215] [2025-01-16 13:50:36] INFO: Iteration 9/100
[176215] [2025-01-16 13:51:26] INFO: ==> Train Set: Acc: 100.00%, Loss: 0.00288442, Best model in epoch 73
[176215] [2025-01-16 13:51:29] INFO: ==> Test Set: Acc: 84.03%, Loss: 0.61195795
[176215] [2025-01-16 13:51:29] INFO: --------------------------------------------
[176215] [2025-01-16 13:51:29] INFO: Iteration 10/100
[176215] [2025-01-16 13:52:19] INFO: ==> Train Set: Acc: 100.00%, Loss: 0.00214006, Best model in epoch 99
[176215] [2025-01-16 13:52:23] INFO: ==> Test Set: Acc: 84.23%, Loss: 0.60158220
[176215] [2025-01-16 13:52:23] INFO: --------------------------------------------
[176215] [2025-01-16 13:52:23] INFO: Iteration 11/100
[176215] [2025-01-16 13:53:13] INFO: ==> Train Set: Acc: 100.00%, Loss: 0.00327385, Best model in epoch 74
[176215] [2025-01-16 13:53:17] INFO: ==> Test Set: Acc: 82.11%, Loss: 0.76342633
[176215] [2025-01-16 13:53:17] INFO: --------------------------------------------
[176215] [2025-01-16 13:53:17] INFO: Iteration 12/100
[176215] [2025-01-16 13:54:07] INFO: ==> Train Set: Acc: 100.00%, Loss: 0.00311875, Best model in epoch 74
[176215] [2025-01-16 13:54:10] INFO: ==> Test Set: Acc: 78.96%, Loss: 1.02458785
[176215] [2025-01-16 13:54:10] INFO: --------------------------------------------
[176215] [2025-01-16 13:54:10] INFO: Iteration 13/100
[176215] [2025-01-16 13:54:59] INFO: ==> Train Set: Acc: 100.00%, Loss: 0.00575114, Best model in epoch 66
[176215] [2025-01-16 13:55:02] INFO: ==> Test Set: Acc: 82.51%, Loss: 0.67448339
[176215] [2025-01-16 13:55:02] INFO: --------------------------------------------
[176215] [2025-01-16 13:55:02] INFO: Iteration 14/100
[176215] [2025-01-16 13:55:52] INFO: ==> Train Set: Acc: 100.00%, Loss: 0.00277264, Best model in epoch 85
[176215] [2025-01-16 13:55:55] INFO: ==> Test Set: Acc: 77.96%, Loss: 0.92853219
[176215] [2025-01-16 13:55:55] INFO: --------------------------------------------
[176215] [2025-01-16 13:55:55] INFO: Iteration 15/100
[176215] [2025-01-16 13:56:45] INFO: ==> Train Set: Acc: 100.00%, Loss: 0.00233622, Best model in epoch 92
[176215] [2025-01-16 13:56:49] INFO: ==> Test Set: Acc: 84.98%, Loss: 0.60881781
[176215] [2025-01-16 13:56:49] INFO: --------------------------------------------
[176215] [2025-01-16 13:56:49] INFO: Iteration 16/100
[176215] [2025-01-16 13:57:39] INFO: ==> Train Set: Acc: 100.00%, Loss: 0.00353149, Best model in epoch 80
[176215] [2025-01-16 13:57:43] INFO: ==> Test Set: Acc: 81.37%, Loss: 0.84173423
[176215] [2025-01-16 13:57:43] INFO: --------------------------------------------
[176215] [2025-01-16 13:57:43] INFO: Iteration 17/100
[176215] [2025-01-16 13:58:32] INFO: ==> Train Set: Acc: 100.00%, Loss: 0.00226057, Best model in epoch 91
[176215] [2025-01-16 13:58:35] INFO: ==> Test Set: Acc: 79.93%, Loss: 0.71700440
[176215] [2025-01-16 13:58:35] INFO: --------------------------------------------
[176215] [2025-01-16 13:58:35] INFO: Iteration 18/100
[176215] [2025-01-16 13:59:26] INFO: ==> Train Set: Acc: 100.00%, Loss: 0.00391098, Best model in epoch 66
[176215] [2025-01-16 13:59:29] INFO: ==> Test Set: Acc: 84.00%, Loss: 0.66803992
[176215] [2025-01-16 13:59:29] INFO: --------------------------------------------
[176215] [2025-01-16 13:59:29] INFO: Iteration 19/100
[176215] [2025-01-16 14:00:19] INFO: ==> Train Set: Acc: 100.00%, Loss: 0.00140976, Best model in epoch 99
[176215] [2025-01-16 14:00:23] INFO: ==> Test Set: Acc: 82.71%, Loss: 0.69721525
[176215] [2025-01-16 14:00:23] INFO: --------------------------------------------
[176215] [2025-01-16 14:00:23] INFO: Iteration 20/100
[176215] [2025-01-16 14:01:07] INFO: ==> Train Set: Acc: 100.00%, Loss: 0.00176442, Best model in epoch 97
[176215] [2025-01-16 14:01:10] INFO: ==> Test Set: Acc: 83.16%, Loss: 0.77226011
[176215] [2025-01-16 14:01:10] INFO: --------------------------------------------
[176215] [2025-01-16 14:01:10] INFO: Iteration 21/100
[176215] [2025-01-16 14:01:54] INFO: ==> Train Set: Acc: 100.00%, Loss: 0.00543768, Best model in epoch 83
[176215] [2025-01-16 14:01:57] INFO: ==> Test Set: Acc: 80.35%, Loss: 0.77816635
[176215] [2025-01-16 14:01:57] INFO: --------------------------------------------
[176215] [2025-01-16 14:01:57] INFO: Iteration 22/100
[176215] [2025-01-16 14:02:39] INFO: ==> Train Set: Acc: 100.00%, Loss: 0.00284915, Best model in epoch 92
[176215] [2025-01-16 14:02:42] INFO: ==> Test Set: Acc: 78.46%, Loss: 1.03859474
[176215] [2025-01-16 14:02:42] INFO: --------------------------------------------
[176215] [2025-01-16 14:02:42] INFO: Iteration 23/100
[176215] [2025-01-16 14:03:26] INFO: ==> Train Set: Acc: 100.00%, Loss: 0.00254306, Best model in epoch 72
[176215] [2025-01-16 14:03:29] INFO: ==> Test Set: Acc: 80.82%, Loss: 0.72174698
[176215] [2025-01-16 14:03:29] INFO: --------------------------------------------
[176215] [2025-01-16 14:03:29] INFO: Iteration 24/100
[176215] [2025-01-16 14:04:13] INFO: ==> Train Set: Acc: 100.00%, Loss: 0.00291048, Best model in epoch 82
[176215] [2025-01-16 14:04:16] INFO: ==> Test Set: Acc: 83.63%, Loss: 0.63045336
[176215] [2025-01-16 14:04:16] INFO: --------------------------------------------
[176215] [2025-01-16 14:04:16] INFO: Iteration 25/100
[176215] [2025-01-16 14:05:00] INFO: ==> Train Set: Acc: 100.00%, Loss: 0.00426540, Best model in epoch 51
[176215] [2025-01-16 14:05:03] INFO: ==> Test Set: Acc: 82.14%, Loss: 0.73087556
[176215] [2025-01-16 14:05:03] INFO: --------------------------------------------
[176215] [2025-01-16 14:05:03] INFO: Iteration 26/100
[176215] [2025-01-16 14:05:48] INFO: ==> Train Set: Acc: 100.00%, Loss: 0.00229599, Best model in epoch 99
[176215] [2025-01-16 14:05:50] INFO: ==> Test Set: Acc: 77.91%, Loss: 1.01902542
[176215] [2025-01-16 14:05:50] INFO: --------------------------------------------
[176215] [2025-01-16 14:05:50] INFO: Iteration 27/100
[176215] [2025-01-16 14:06:33] INFO: ==> Train Set: Acc: 100.00%, Loss: 0.00272146, Best model in epoch 78
[176215] [2025-01-16 14:06:36] INFO: ==> Test Set: Acc: 77.54%, Loss: 0.91059239
[176215] [2025-01-16 14:06:36] INFO: --------------------------------------------
[176215] [2025-01-16 14:06:36] INFO: Iteration 28/100
[176215] [2025-01-16 14:07:20] INFO: ==> Train Set: Acc: 100.00%, Loss: 0.00306082, Best model in epoch 91
[176215] [2025-01-16 14:07:23] INFO: ==> Test Set: Acc: 80.22%, Loss: 0.93486283
[176215] [2025-01-16 14:07:24] INFO: --------------------------------------------
[176215] [2025-01-16 14:07:24] INFO: Iteration 29/100
[176215] [2025-01-16 14:08:08] INFO: ==> Train Set: Acc: 100.00%, Loss: 0.00324560, Best model in epoch 89
[176215] [2025-01-16 14:08:11] INFO: ==> Test Set: Acc: 80.47%, Loss: 0.81720606
[176215] [2025-01-16 14:08:11] INFO: --------------------------------------------
[176215] [2025-01-16 14:08:11] INFO: Iteration 30/100
[176215] [2025-01-16 14:08:55] INFO: ==> Train Set: Acc: 100.00%, Loss: 0.00302427, Best model in epoch 94
[176215] [2025-01-16 14:08:58] INFO: ==> Test Set: Acc: 84.10%, Loss: 0.55143691
[176215] [2025-01-16 14:08:59] INFO: --------------------------------------------
[176215] [2025-01-16 14:08:59] INFO: Iteration 31/100
[176215] [2025-01-16 14:09:41] INFO: ==> Train Set: Acc: 100.00%, Loss: 0.00215376, Best model in epoch 96
[176215] [2025-01-16 14:09:44] INFO: ==> Test Set: Acc: 83.86%, Loss: 0.65540537
[176215] [2025-01-16 14:09:44] INFO: --------------------------------------------
[176215] [2025-01-16 14:09:44] INFO: Iteration 32/100
[176215] [2025-01-16 14:10:28] INFO: ==> Train Set: Acc: 100.00%, Loss: 0.00168734, Best model in epoch 99
[176215] [2025-01-16 14:10:31] INFO: ==> Test Set: Acc: 82.06%, Loss: 0.84875721
[176215] [2025-01-16 14:10:31] INFO: --------------------------------------------
[176215] [2025-01-16 14:10:31] INFO: Iteration 33/100
[176215] [2025-01-16 14:11:14] INFO: ==> Train Set: Acc: 100.00%, Loss: 0.00290796, Best model in epoch 94
[176215] [2025-01-16 14:11:17] INFO: ==> Test Set: Acc: 77.44%, Loss: 1.08349923
[176215] [2025-01-16 14:11:17] INFO: --------------------------------------------
[176215] [2025-01-16 14:11:17] INFO: Iteration 34/100
[176215] [2025-01-16 14:12:02] INFO: ==> Train Set: Acc: 100.00%, Loss: 0.00169066, Best model in epoch 93
[176215] [2025-01-16 14:12:05] INFO: ==> Test Set: Acc: 79.30%, Loss: 0.82264243
[176215] [2025-01-16 14:12:05] INFO: --------------------------------------------
[176215] [2025-01-16 14:12:05] INFO: Iteration 35/100
[176215] [2025-01-16 14:12:49] INFO: ==> Train Set: Acc: 100.00%, Loss: 0.00313261, Best model in epoch 95
[176215] [2025-01-16 14:12:52] INFO: ==> Test Set: Acc: 81.64%, Loss: 0.77003969
[176215] [2025-01-16 14:12:52] INFO: --------------------------------------------
[176215] [2025-01-16 14:12:52] INFO: Iteration 36/100
[176215] [2025-01-16 14:13:35] INFO: ==> Train Set: Acc: 100.00%, Loss: 0.00179658, Best model in epoch 91
[176215] [2025-01-16 14:13:38] INFO: ==> Test Set: Acc: 84.63%, Loss: 0.63254111
[176215] [2025-01-16 14:13:38] INFO: --------------------------------------------
[176215] [2025-01-16 14:13:38] INFO: Iteration 37/100
[176215] [2025-01-16 14:14:22] INFO: ==> Train Set: Acc: 100.00%, Loss: 0.00463355, Best model in epoch 63
[176215] [2025-01-16 14:14:25] INFO: ==> Test Set: Acc: 84.73%, Loss: 0.58337940
[176215] [2025-01-16 14:14:25] INFO: --------------------------------------------
[176215] [2025-01-16 14:14:25] INFO: Iteration 38/100
[176215] [2025-01-16 14:15:09] INFO: ==> Train Set: Acc: 100.00%, Loss: 0.00261692, Best model in epoch 96
[176215] [2025-01-16 14:15:12] INFO: ==> Test Set: Acc: 81.64%, Loss: 0.70235572
[176215] [2025-01-16 14:15:12] INFO: --------------------------------------------
[176215] [2025-01-16 14:15:12] INFO: Iteration 39/100
[176215] [2025-01-16 14:15:56] INFO: ==> Train Set: Acc: 100.00%, Loss: 0.00441260, Best model in epoch 92
[176215] [2025-01-16 14:15:59] INFO: ==> Test Set: Acc: 81.34%, Loss: 0.69765294
[176215] [2025-01-16 14:15:59] INFO: --------------------------------------------
[176215] [2025-01-16 14:15:59] INFO: Iteration 40/100
[176215] [2025-01-16 14:16:43] INFO: ==> Train Set: Acc: 100.00%, Loss: 0.00268832, Best model in epoch 79
[176215] [2025-01-16 14:16:45] INFO: ==> Test Set: Acc: 85.20%, Loss: 0.70925330
[176215] [2025-01-16 14:16:45] INFO: --------------------------------------------
[176215] [2025-01-16 14:16:45] INFO: Iteration 41/100
[176215] [2025-01-16 14:17:29] INFO: ==> Train Set: Acc: 100.00%, Loss: 0.00169622, Best model in epoch 93
[176215] [2025-01-16 14:17:32] INFO: ==> Test Set: Acc: 80.60%, Loss: 0.89915144
[176215] [2025-01-16 14:17:32] INFO: --------------------------------------------
[176215] [2025-01-16 14:17:32] INFO: Iteration 42/100
[176215] [2025-01-16 14:18:17] INFO: ==> Train Set: Acc: 100.00%, Loss: 0.00392423, Best model in epoch 75
[176215] [2025-01-16 14:18:19] INFO: ==> Test Set: Acc: 86.07%, Loss: 0.69593295
[176215] [2025-01-16 14:18:20] INFO: --------------------------------------------
[176215] [2025-01-16 14:18:20] INFO: Iteration 43/100
[176215] [2025-01-16 14:19:04] INFO: ==> Train Set: Acc: 100.00%, Loss: 0.00365483, Best model in epoch 79
[176215] [2025-01-16 14:19:07] INFO: ==> Test Set: Acc: 83.48%, Loss: 0.58801414
[176215] [2025-01-16 14:19:07] INFO: --------------------------------------------
[176215] [2025-01-16 14:19:07] INFO: Iteration 44/100
[176215] [2025-01-16 14:19:51] INFO: ==> Train Set: Acc: 100.00%, Loss: 0.00285895, Best model in epoch 93
[176215] [2025-01-16 14:19:54] INFO: ==> Test Set: Acc: 78.26%, Loss: 0.78231536
[176215] [2025-01-16 14:19:54] INFO: --------------------------------------------
[176215] [2025-01-16 14:19:54] INFO: Iteration 45/100
[176215] [2025-01-16 14:20:37] INFO: ==> Train Set: Acc: 100.00%, Loss: 0.00165066, Best model in epoch 99
[176215] [2025-01-16 14:20:40] INFO: ==> Test Set: Acc: 86.57%, Loss: 0.72165544
[176215] [2025-01-16 14:20:40] INFO: --------------------------------------------
[176215] [2025-01-16 14:20:40] INFO: Iteration 46/100
[176215] [2025-01-16 14:21:25] INFO: ==> Train Set: Acc: 100.00%, Loss: 0.00364893, Best model in epoch 99
[176215] [2025-01-16 14:21:28] INFO: ==> Test Set: Acc: 79.35%, Loss: 0.95957728
[176215] [2025-01-16 14:21:28] INFO: --------------------------------------------
[176215] [2025-01-16 14:21:28] INFO: Iteration 47/100
[176215] [2025-01-16 14:22:12] INFO: ==> Train Set: Acc: 100.00%, Loss: 0.00183700, Best model in epoch 90
[176215] [2025-01-16 14:22:15] INFO: ==> Test Set: Acc: 79.80%, Loss: 0.88416315
[176215] [2025-01-16 14:22:15] INFO: --------------------------------------------
[176215] [2025-01-16 14:22:15] INFO: Iteration 48/100
[176215] [2025-01-16 14:23:00] INFO: ==> Train Set: Acc: 100.00%, Loss: 0.00348414, Best model in epoch 77
[176215] [2025-01-16 14:23:03] INFO: ==> Test Set: Acc: 81.07%, Loss: 0.73088149
[176215] [2025-01-16 14:23:03] INFO: --------------------------------------------
[176215] [2025-01-16 14:23:03] INFO: Iteration 49/100
[176215] [2025-01-16 14:23:47] INFO: ==> Train Set: Acc: 100.00%, Loss: 0.00282746, Best model in epoch 78
[176215] [2025-01-16 14:23:49] INFO: ==> Test Set: Acc: 79.60%, Loss: 1.01409601
[176215] [2025-01-16 14:23:49] INFO: --------------------------------------------
[176215] [2025-01-16 14:23:49] INFO: Iteration 50/100
[176215] [2025-01-16 14:24:33] INFO: ==> Train Set: Acc: 100.00%, Loss: 0.00152693, Best model in epoch 87
[176215] [2025-01-16 14:24:36] INFO: ==> Test Set: Acc: 83.43%, Loss: 0.66120316
[176215] [2025-01-16 14:24:36] INFO: --------------------------------------------
[176215] [2025-01-16 14:24:36] INFO: Iteration 51/100
[176215] [2025-01-16 14:25:20] INFO: ==> Train Set: Acc: 100.00%, Loss: 0.00253872, Best model in epoch 92
[176215] [2025-01-16 14:25:23] INFO: ==> Test Set: Acc: 76.42%, Loss: 1.22649179
[176215] [2025-01-16 14:25:23] INFO: --------------------------------------------
[176215] [2025-01-16 14:25:23] INFO: Iteration 52/100
[176215] [2025-01-16 14:26:07] INFO: ==> Train Set: Acc: 100.00%, Loss: 0.00301617, Best model in epoch 99
[176215] [2025-01-16 14:26:10] INFO: ==> Test Set: Acc: 82.41%, Loss: 0.73171170
[176215] [2025-01-16 14:26:10] INFO: --------------------------------------------
[176215] [2025-01-16 14:26:10] INFO: Iteration 53/100
[176215] [2025-01-16 14:26:55] INFO: ==> Train Set: Acc: 100.00%, Loss: 0.00467624, Best model in epoch 83
[176215] [2025-01-16 14:26:58] INFO: ==> Test Set: Acc: 87.61%, Loss: 0.43159664
[176215] [2025-01-16 14:26:58] INFO: --------------------------------------------
[176215] [2025-01-16 14:26:58] INFO: Iteration 54/100
[176215] [2025-01-16 14:27:41] INFO: ==> Train Set: Acc: 100.00%, Loss: 0.00381299, Best model in epoch 98
[176215] [2025-01-16 14:27:44] INFO: ==> Test Set: Acc: 81.79%, Loss: 0.70820132
[176215] [2025-01-16 14:27:44] INFO: --------------------------------------------
[176215] [2025-01-16 14:27:44] INFO: Iteration 55/100
[176215] [2025-01-16 14:28:28] INFO: ==> Train Set: Acc: 100.00%, Loss: 0.00231652, Best model in epoch 99
[176215] [2025-01-16 14:28:31] INFO: ==> Test Set: Acc: 82.06%, Loss: 0.75472106
[176215] [2025-01-16 14:28:31] INFO: --------------------------------------------
[176215] [2025-01-16 14:28:31] INFO: Iteration 56/100
[176215] [2025-01-16 14:29:15] INFO: ==> Train Set: Acc: 100.00%, Loss: 0.00248387, Best model in epoch 62
[176215] [2025-01-16 14:29:18] INFO: ==> Test Set: Acc: 82.06%, Loss: 0.86522562
[176215] [2025-01-16 14:29:18] INFO: --------------------------------------------
[176215] [2025-01-16 14:29:18] INFO: Iteration 57/100
[176215] [2025-01-16 14:30:03] INFO: ==> Train Set: Acc: 100.00%, Loss: 0.00312070, Best model in epoch 68
[176215] [2025-01-16 14:30:06] INFO: ==> Test Set: Acc: 83.28%, Loss: 0.65576685
[176215] [2025-01-16 14:30:06] INFO: --------------------------------------------
[176215] [2025-01-16 14:30:06] INFO: Iteration 58/100
[176215] [2025-01-16 14:30:50] INFO: ==> Train Set: Acc: 100.00%, Loss: 0.00482955, Best model in epoch 61
[176215] [2025-01-16 14:30:53] INFO: ==> Test Set: Acc: 76.07%, Loss: 1.15162543
[176215] [2025-01-16 14:30:53] INFO: --------------------------------------------
[176215] [2025-01-16 14:30:53] INFO: Iteration 59/100
[176215] [2025-01-16 14:31:37] INFO: ==> Train Set: Acc: 100.00%, Loss: 0.00322678, Best model in epoch 70
[176215] [2025-01-16 14:31:40] INFO: ==> Test Set: Acc: 84.18%, Loss: 0.69798013
[176215] [2025-01-16 14:31:40] INFO: --------------------------------------------
[176215] [2025-01-16 14:31:40] INFO: Iteration 60/100
[176215] [2025-01-16 14:32:24] INFO: ==> Train Set: Acc: 100.00%, Loss: 0.00322766, Best model in epoch 90
[176215] [2025-01-16 14:32:27] INFO: ==> Test Set: Acc: 80.20%, Loss: 0.88781865
[176215] [2025-01-16 14:32:27] INFO: --------------------------------------------
[176215] [2025-01-16 14:32:27] INFO: Iteration 61/100
[176215] [2025-01-16 14:33:12] INFO: ==> Train Set: Acc: 100.00%, Loss: 0.00602835, Best model in epoch 50
[176215] [2025-01-16 14:33:14] INFO: ==> Test Set: Acc: 82.76%, Loss: 0.70030952
[176215] [2025-01-16 14:33:15] INFO: --------------------------------------------
[176215] [2025-01-16 14:33:15] INFO: Iteration 62/100
[176215] [2025-01-16 14:33:59] INFO: ==> Train Set: Acc: 100.00%, Loss: 0.00428031, Best model in epoch 83
[176215] [2025-01-16 14:34:02] INFO: ==> Test Set: Acc: 77.51%, Loss: 0.78994479
[176215] [2025-01-16 14:34:02] INFO: --------------------------------------------
[176215] [2025-01-16 14:34:02] INFO: Iteration 63/100
[176215] [2025-01-16 14:34:46] INFO: ==> Train Set: Acc: 100.00%, Loss: 0.00129544, Best model in epoch 96
[176215] [2025-01-16 14:34:48] INFO: ==> Test Set: Acc: 81.09%, Loss: 0.91639454
[176215] [2025-01-16 14:34:48] INFO: --------------------------------------------
[176215] [2025-01-16 14:34:48] INFO: Iteration 64/100
[176215] [2025-01-16 14:35:32] INFO: ==> Train Set: Acc: 100.00%, Loss: 0.00356363, Best model in epoch 92
[176215] [2025-01-16 14:35:35] INFO: ==> Test Set: Acc: 78.03%, Loss: 0.86474630
[176215] [2025-01-16 14:35:35] INFO: --------------------------------------------
[176215] [2025-01-16 14:35:35] INFO: Iteration 65/100
[176215] [2025-01-16 14:36:20] INFO: ==> Train Set: Acc: 100.00%, Loss: 0.00206445, Best model in epoch 95
[176215] [2025-01-16 14:36:23] INFO: ==> Test Set: Acc: 80.10%, Loss: 0.86930835
[176215] [2025-01-16 14:36:23] INFO: --------------------------------------------
[176215] [2025-01-16 14:36:23] INFO: Iteration 66/100
[176215] [2025-01-16 14:37:07] INFO: ==> Train Set: Acc: 100.00%, Loss: 0.00247572, Best model in epoch 91
[176215] [2025-01-16 14:37:10] INFO: ==> Test Set: Acc: 82.89%, Loss: 0.62590425
[176215] [2025-01-16 14:37:10] INFO: --------------------------------------------
[176215] [2025-01-16 14:37:10] INFO: Iteration 67/100
[176215] [2025-01-16 14:37:54] INFO: ==> Train Set: Acc: 100.00%, Loss: 0.00141953, Best model in epoch 98
[176215] [2025-01-16 14:37:57] INFO: ==> Test Set: Acc: 83.56%, Loss: 0.77874011
[176215] [2025-01-16 14:37:57] INFO: --------------------------------------------
[176215] [2025-01-16 14:37:57] INFO: Iteration 68/100
[176215] [2025-01-16 14:38:40] INFO: ==> Train Set: Acc: 100.00%, Loss: 0.00290643, Best model in epoch 76
[176215] [2025-01-16 14:38:43] INFO: ==> Test Set: Acc: 83.53%, Loss: 0.60510497
[176215] [2025-01-16 14:38:43] INFO: --------------------------------------------
[176215] [2025-01-16 14:38:43] INFO: Iteration 69/100
[176215] [2025-01-16 14:39:28] INFO: ==> Train Set: Acc: 100.00%, Loss: 0.00447875, Best model in epoch 98
[176215] [2025-01-16 14:39:31] INFO: ==> Test Set: Acc: 85.15%, Loss: 0.65546934
[176215] [2025-01-16 14:39:31] INFO: --------------------------------------------
[176215] [2025-01-16 14:39:31] INFO: Iteration 70/100
[176215] [2025-01-16 14:40:15] INFO: ==> Train Set: Acc: 100.00%, Loss: 0.00178698, Best model in epoch 97
[176215] [2025-01-16 14:40:18] INFO: ==> Test Set: Acc: 82.56%, Loss: 0.76898836
[176215] [2025-01-16 14:40:18] INFO: --------------------------------------------
[176215] [2025-01-16 14:40:18] INFO: Iteration 71/100
[176215] [2025-01-16 14:41:03] INFO: ==> Train Set: Acc: 100.00%, Loss: 0.00240742, Best model in epoch 97
[176215] [2025-01-16 14:41:06] INFO: ==> Test Set: Acc: 84.83%, Loss: 0.55514131
[176215] [2025-01-16 14:41:06] INFO: --------------------------------------------
[176215] [2025-01-16 14:41:06] INFO: Iteration 72/100
[176215] [2025-01-16 14:41:50] INFO: ==> Train Set: Acc: 100.00%, Loss: 0.00350586, Best model in epoch 81
[176215] [2025-01-16 14:41:52] INFO: ==> Test Set: Acc: 85.30%, Loss: 0.50457720
[176215] [2025-01-16 14:41:52] INFO: --------------------------------------------
[176215] [2025-01-16 14:41:52] INFO: Iteration 73/100
[176215] [2025-01-16 14:42:36] INFO: ==> Train Set: Acc: 100.00%, Loss: 0.00294931, Best model in epoch 89
[176215] [2025-01-16 14:42:39] INFO: ==> Test Set: Acc: 81.72%, Loss: 0.65427081
[176215] [2025-01-16 14:42:39] INFO: --------------------------------------------
[176215] [2025-01-16 14:42:39] INFO: Iteration 74/100
[176215] [2025-01-16 14:43:23] INFO: ==> Train Set: Acc: 100.00%, Loss: 0.00136556, Best model in epoch 85
[176215] [2025-01-16 14:43:26] INFO: ==> Test Set: Acc: 81.64%, Loss: 0.79088972
[176215] [2025-01-16 14:43:26] INFO: --------------------------------------------
[176215] [2025-01-16 14:43:26] INFO: Iteration 75/100
[176215] [2025-01-16 14:44:10] INFO: ==> Train Set: Acc: 100.00%, Loss: 0.00165355, Best model in epoch 95
[176215] [2025-01-16 14:44:13] INFO: ==> Test Set: Acc: 82.71%, Loss: 0.83307733
[176215] [2025-01-16 14:44:13] INFO: --------------------------------------------
[176215] [2025-01-16 14:44:13] INFO: Iteration 76/100
[176215] [2025-01-16 14:44:57] INFO: ==> Train Set: Acc: 100.00%, Loss: 0.00456086, Best model in epoch 54
[176215] [2025-01-16 14:45:00] INFO: ==> Test Set: Acc: 82.34%, Loss: 0.74798009
[176215] [2025-01-16 14:45:00] INFO: --------------------------------------------
[176215] [2025-01-16 14:45:00] INFO: Iteration 77/100
[176215] [2025-01-16 14:45:44] INFO: ==> Train Set: Acc: 100.00%, Loss: 0.00167657, Best model in epoch 90
[176215] [2025-01-16 14:45:46] INFO: ==> Test Set: Acc: 80.67%, Loss: 0.91303315
[176215] [2025-01-16 14:45:46] INFO: --------------------------------------------
[176215] [2025-01-16 14:45:46] INFO: Iteration 78/100
[176215] [2025-01-16 14:46:31] INFO: ==> Train Set: Acc: 100.00%, Loss: 0.00280996, Best model in epoch 86
[176215] [2025-01-16 14:46:33] INFO: ==> Test Set: Acc: 81.07%, Loss: 0.96271370
[176215] [2025-01-16 14:46:33] INFO: --------------------------------------------
[176215] [2025-01-16 14:46:33] INFO: Iteration 79/100
[176215] [2025-01-16 14:47:18] INFO: ==> Train Set: Acc: 100.00%, Loss: 0.00219749, Best model in epoch 97
[176215] [2025-01-16 14:47:21] INFO: ==> Test Set: Acc: 82.36%, Loss: 0.83002235
[176215] [2025-01-16 14:47:21] INFO: --------------------------------------------
[176215] [2025-01-16 14:47:21] INFO: Iteration 80/100
[176215] [2025-01-16 14:48:05] INFO: ==> Train Set: Acc: 100.00%, Loss: 0.00136911, Best model in epoch 97
[176215] [2025-01-16 14:48:08] INFO: ==> Test Set: Acc: 80.17%, Loss: 0.88558875
[176215] [2025-01-16 14:48:08] INFO: --------------------------------------------
[176215] [2025-01-16 14:48:08] INFO: Iteration 81/100
[176215] [2025-01-16 14:48:52] INFO: ==> Train Set: Acc: 100.00%, Loss: 0.00554995, Best model in epoch 81
[176215] [2025-01-16 14:48:55] INFO: ==> Test Set: Acc: 81.44%, Loss: 0.81882652
[176215] [2025-01-16 14:48:55] INFO: --------------------------------------------
[176215] [2025-01-16 14:48:55] INFO: Iteration 82/100
[176215] [2025-01-16 14:49:38] INFO: ==> Train Set: Acc: 100.00%, Loss: 0.00181960, Best model in epoch 97
[176215] [2025-01-16 14:49:41] INFO: ==> Test Set: Acc: 84.43%, Loss: 0.63381468
[176215] [2025-01-16 14:49:41] INFO: --------------------------------------------
[176215] [2025-01-16 14:49:41] INFO: Iteration 83/100
[176215] [2025-01-16 14:50:26] INFO: ==> Train Set: Acc: 100.00%, Loss: 0.00192457, Best model in epoch 85
[176215] [2025-01-16 14:50:29] INFO: ==> Test Set: Acc: 78.51%, Loss: 0.90790065
[176215] [2025-01-16 14:50:29] INFO: --------------------------------------------
[176215] [2025-01-16 14:50:29] INFO: Iteration 84/100
[176215] [2025-01-16 14:51:13] INFO: ==> Train Set: Acc: 100.00%, Loss: 0.00421032, Best model in epoch 55
[176215] [2025-01-16 14:51:16] INFO: ==> Test Set: Acc: 76.54%, Loss: 1.19137076
[176215] [2025-01-16 14:51:16] INFO: --------------------------------------------
[176215] [2025-01-16 14:51:16] INFO: Iteration 85/100
[176215] [2025-01-16 14:52:00] INFO: ==> Train Set: Acc: 100.00%, Loss: 0.00450802, Best model in epoch 57
[176215] [2025-01-16 14:52:03] INFO: ==> Test Set: Acc: 79.33%, Loss: 1.14997153
[176215] [2025-01-16 14:52:03] INFO: --------------------------------------------
[176215] [2025-01-16 14:52:03] INFO: Iteration 86/100
[176215] [2025-01-16 14:52:47] INFO: ==> Train Set: Acc: 100.00%, Loss: 0.00304345, Best model in epoch 69
[176215] [2025-01-16 14:52:50] INFO: ==> Test Set: Acc: 82.69%, Loss: 0.63277068
[176215] [2025-01-16 14:52:50] INFO: --------------------------------------------
[176215] [2025-01-16 14:52:50] INFO: Iteration 87/100
[176215] [2025-01-16 14:53:34] INFO: ==> Train Set: Acc: 100.00%, Loss: 0.00315604, Best model in epoch 94
[176215] [2025-01-16 14:53:37] INFO: ==> Test Set: Acc: 77.74%, Loss: 0.91169557
[176215] [2025-01-16 14:53:37] INFO: --------------------------------------------
[176215] [2025-01-16 14:53:37] INFO: Iteration 88/100
[176215] [2025-01-16 14:54:21] INFO: ==> Train Set: Acc: 100.00%, Loss: 0.00179186, Best model in epoch 88
[176215] [2025-01-16 14:54:24] INFO: ==> Test Set: Acc: 81.49%, Loss: 0.66060063
[176215] [2025-01-16 14:54:24] INFO: --------------------------------------------
[176215] [2025-01-16 14:54:24] INFO: Iteration 89/100
[176215] [2025-01-16 14:55:08] INFO: ==> Train Set: Acc: 100.00%, Loss: 0.00174861, Best model in epoch 83
[176215] [2025-01-16 14:55:11] INFO: ==> Test Set: Acc: 78.31%, Loss: 1.15357244
[176215] [2025-01-16 14:55:11] INFO: --------------------------------------------
[176215] [2025-01-16 14:55:11] INFO: Iteration 90/100
[176215] [2025-01-16 14:55:56] INFO: ==> Train Set: Acc: 100.00%, Loss: 0.00310534, Best model in epoch 68
[176215] [2025-01-16 14:55:59] INFO: ==> Test Set: Acc: 79.80%, Loss: 0.94105701
[176215] [2025-01-16 14:55:59] INFO: --------------------------------------------
[176215] [2025-01-16 14:55:59] INFO: Iteration 91/100
[176215] [2025-01-16 14:56:42] INFO: ==> Train Set: Acc: 100.00%, Loss: 0.00285488, Best model in epoch 97
[176215] [2025-01-16 14:56:45] INFO: ==> Test Set: Acc: 77.26%, Loss: 0.98635648
[176215] [2025-01-16 14:56:45] INFO: --------------------------------------------
[176215] [2025-01-16 14:56:45] INFO: Iteration 92/100
[176215] [2025-01-16 14:57:29] INFO: ==> Train Set: Acc: 100.00%, Loss: 0.00160460, Best model in epoch 85
[176215] [2025-01-16 14:57:32] INFO: ==> Test Set: Acc: 84.28%, Loss: 0.69688707
[176215] [2025-01-16 14:57:32] INFO: --------------------------------------------
[176215] [2025-01-16 14:57:32] INFO: Iteration 93/100
[176215] [2025-01-16 14:58:17] INFO: ==> Train Set: Acc: 100.00%, Loss: 0.00391886, Best model in epoch 98
[176215] [2025-01-16 14:58:19] INFO: ==> Test Set: Acc: 83.61%, Loss: 0.61503408
[176215] [2025-01-16 14:58:20] INFO: --------------------------------------------
[176215] [2025-01-16 14:58:20] INFO: Iteration 94/100
[176215] [2025-01-16 14:59:04] INFO: ==> Train Set: Acc: 100.00%, Loss: 0.00224575, Best model in epoch 88
[176215] [2025-01-16 14:59:07] INFO: ==> Test Set: Acc: 84.55%, Loss: 0.59524408
[176215] [2025-01-16 14:59:07] INFO: --------------------------------------------
[176215] [2025-01-16 14:59:07] INFO: Iteration 95/100
[176215] [2025-01-16 14:59:51] INFO: ==> Train Set: Acc: 100.00%, Loss: 0.00224073, Best model in epoch 87
[176215] [2025-01-16 14:59:54] INFO: ==> Test Set: Acc: 76.99%, Loss: 1.08360531
[176215] [2025-01-16 14:59:54] INFO: --------------------------------------------
[176215] [2025-01-16 14:59:54] INFO: Iteration 96/100
[176215] [2025-01-16 15:00:37] INFO: ==> Train Set: Acc: 100.00%, Loss: 0.00161418, Best model in epoch 97
[176215] [2025-01-16 15:00:40] INFO: ==> Test Set: Acc: 82.96%, Loss: 0.68940420
[176215] [2025-01-16 15:00:40] INFO: --------------------------------------------
[176215] [2025-01-16 15:00:40] INFO: Iteration 97/100
[176215] [2025-01-16 15:01:25] INFO: ==> Train Set: Acc: 100.00%, Loss: 0.00327939, Best model in epoch 76
[176215] [2025-01-16 15:01:28] INFO: ==> Test Set: Acc: 76.92%, Loss: 0.94562050
[176215] [2025-01-16 15:01:28] INFO: --------------------------------------------
[176215] [2025-01-16 15:01:28] INFO: Iteration 98/100
[176215] [2025-01-16 15:02:12] INFO: ==> Train Set: Acc: 100.00%, Loss: 0.00208943, Best model in epoch 99
[176215] [2025-01-16 15:02:15] INFO: ==> Test Set: Acc: 82.66%, Loss: 0.77165895
[176215] [2025-01-16 15:02:15] INFO: --------------------------------------------
[176215] [2025-01-16 15:02:15] INFO: Iteration 99/100
[176215] [2025-01-16 15:02:59] INFO: ==> Train Set: Acc: 100.00%, Loss: 0.00236511, Best model in epoch 97
[176215] [2025-01-16 15:03:02] INFO: ==> Test Set: Acc: 76.29%, Loss: 1.08427976
[176215] [2025-01-16 15:03:02] INFO: --------------------------------------------
[176215] [2025-01-16 15:03:02] INFO: Iteration 100/100
[176215] [2025-01-16 15:03:46] INFO: ==> Train Set: Acc: 100.00%, Loss: 0.00271016, Best model in epoch 75
[176215] [2025-01-16 15:03:49] INFO: ==> Test Set: Acc: 76.84%, Loss: 1.16503333
