[176215] [2025-01-16 13:15:48] INFO: ==> Running file: /autodl-fs/data/PythonProject/P3MC/downstream.py
[176215] [2025-01-16 13:15:48] INFO: ==> Config: {'exp_name': 'CVTSLANet_ads-b-20_iq_PT_powerNorm_FT_powerNorm', 'exp_type': 'Downstream_random_rot', 'random_seed': 2024, 'platform': 'linux', 'device': 'cuda', 'iteration': 100, 'epoch': 100, 'dataset': {'name': 'ads-b-20', 'root': '~/Datasets/ADS-B', 'type': 'iq', 'normalize': 'power', 'train_batch_size': 30, 'test_batch_size': 30, 'ratio': 0.2, 'num_classes': 20, 'shot': 1, 'snr': None}, 'encoder': {'name': 'CVTSLANet', 'root': 'models/KANTSLANet2Feature.py', 'feature_dim': 1024, 'pretrain_path': './runs/Pretext_random_rot/CVTSLANet_ads-b_iq_powerNorm/best_encoder.pth', 'TSLA_config': {'seq_len': 4800, 'patch_size': 32, 'num_channels': 2, 'emb_dim': 256, 'depth': 3, 'dropout_rate': 0.3}}, 'classifier': {'name': 'linear', 'root': 'models/LinearClassifier.py', 'in_dim': 1024, 'ratio': 0.2, 'num_classes': 20}, 'optimizer': {'lr': 0.001, 'weight_decay': 0}, 'extra_info': '', 'exp_path': 'runs/Downstream_random_rot/CVTSLANet_ads-b-20_iq_PT_powerNorm_FT_powerNorm/1Shot/0116_131547', 'save_path': 'runs/Downstream_random_rot/CVTSLANet_ads-b-20_iq_PT_powerNorm_FT_powerNorm'}
[176215] [2025-01-16 13:15:48] INFO: --------------------------------------------
[176215] [2025-01-16 13:15:48] INFO: Iteration 1/100
[176215] [2025-01-16 13:16:35] INFO: ==> Train Set: Acc: 100.00%, Loss: 0.00380317, Best model in epoch 98
[176215] [2025-01-16 13:16:38] INFO: ==> Test Set: Acc: 66.12%, Loss: 1.44905498
[176215] [2025-01-16 13:16:38] INFO: --------------------------------------------
[176215] [2025-01-16 13:16:38] INFO: Iteration 2/100
[176215] [2025-01-16 13:16:49] INFO: ==> Train Set: Acc: 100.00%, Loss: 0.00401356, Best model in epoch 86
[176215] [2025-01-16 13:16:52] INFO: ==> Test Set: Acc: 63.41%, Loss: 1.50748334
[176215] [2025-01-16 13:16:52] INFO: --------------------------------------------
[176215] [2025-01-16 13:16:52] INFO: Iteration 3/100
[176215] [2025-01-16 13:17:03] INFO: ==> Train Set: Acc: 100.00%, Loss: 0.00303246, Best model in epoch 96
[176215] [2025-01-16 13:17:06] INFO: ==> Test Set: Acc: 66.69%, Loss: 1.42779353
[176215] [2025-01-16 13:17:06] INFO: --------------------------------------------
[176215] [2025-01-16 13:17:06] INFO: Iteration 4/100
[176215] [2025-01-16 13:17:17] INFO: ==> Train Set: Acc: 100.00%, Loss: 0.00376906, Best model in epoch 97
[176215] [2025-01-16 13:17:20] INFO: ==> Test Set: Acc: 67.04%, Loss: 1.31027959
[176215] [2025-01-16 13:17:21] INFO: --------------------------------------------
[176215] [2025-01-16 13:17:21] INFO: Iteration 5/100
[176215] [2025-01-16 13:17:32] INFO: ==> Train Set: Acc: 100.00%, Loss: 0.00362206, Best model in epoch 90
[176215] [2025-01-16 13:17:35] INFO: ==> Test Set: Acc: 64.93%, Loss: 1.35163627
[176215] [2025-01-16 13:17:35] INFO: --------------------------------------------
[176215] [2025-01-16 13:17:35] INFO: Iteration 6/100
[176215] [2025-01-16 13:17:46] INFO: ==> Train Set: Acc: 100.00%, Loss: 0.00332856, Best model in epoch 92
[176215] [2025-01-16 13:17:49] INFO: ==> Test Set: Acc: 58.78%, Loss: 1.70476781
[176215] [2025-01-16 13:17:49] INFO: --------------------------------------------
[176215] [2025-01-16 13:17:49] INFO: Iteration 7/100
[176215] [2025-01-16 13:18:01] INFO: ==> Train Set: Acc: 100.00%, Loss: 0.00477513, Best model in epoch 93
[176215] [2025-01-16 13:18:04] INFO: ==> Test Set: Acc: 65.07%, Loss: 1.36601251
[176215] [2025-01-16 13:18:04] INFO: --------------------------------------------
[176215] [2025-01-16 13:18:04] INFO: Iteration 8/100
[176215] [2025-01-16 13:18:17] INFO: ==> Train Set: Acc: 100.00%, Loss: 0.00385965, Best model in epoch 78
[176215] [2025-01-16 13:18:20] INFO: ==> Test Set: Acc: 62.39%, Loss: 1.68821325
[176215] [2025-01-16 13:18:20] INFO: --------------------------------------------
[176215] [2025-01-16 13:18:20] INFO: Iteration 9/100
[176215] [2025-01-16 13:18:33] INFO: ==> Train Set: Acc: 100.00%, Loss: 0.00338647, Best model in epoch 99
[176215] [2025-01-16 13:18:37] INFO: ==> Test Set: Acc: 65.05%, Loss: 1.36941246
[176215] [2025-01-16 13:18:37] INFO: --------------------------------------------
[176215] [2025-01-16 13:18:37] INFO: Iteration 10/100
[176215] [2025-01-16 13:18:50] INFO: ==> Train Set: Acc: 100.00%, Loss: 0.00375200, Best model in epoch 96
[176215] [2025-01-16 13:18:54] INFO: ==> Test Set: Acc: 69.30%, Loss: 1.32603723
[176215] [2025-01-16 13:18:54] INFO: --------------------------------------------
[176215] [2025-01-16 13:18:54] INFO: Iteration 11/100
[176215] [2025-01-16 13:19:06] INFO: ==> Train Set: Acc: 100.00%, Loss: 0.00444920, Best model in epoch 87
[176215] [2025-01-16 13:19:10] INFO: ==> Test Set: Acc: 65.85%, Loss: 1.49491716
[176215] [2025-01-16 13:19:10] INFO: --------------------------------------------
[176215] [2025-01-16 13:19:10] INFO: Iteration 12/100
[176215] [2025-01-16 13:19:22] INFO: ==> Train Set: Acc: 100.00%, Loss: 0.00419865, Best model in epoch 97
[176215] [2025-01-16 13:19:26] INFO: ==> Test Set: Acc: 65.92%, Loss: 1.31938818
[176215] [2025-01-16 13:19:27] INFO: --------------------------------------------
[176215] [2025-01-16 13:19:27] INFO: Iteration 13/100
[176215] [2025-01-16 13:19:39] INFO: ==> Train Set: Acc: 100.00%, Loss: 0.00337276, Best model in epoch 98
[176215] [2025-01-16 13:19:43] INFO: ==> Test Set: Acc: 69.28%, Loss: 1.31859796
[176215] [2025-01-16 13:19:43] INFO: --------------------------------------------
[176215] [2025-01-16 13:19:43] INFO: Iteration 14/100
[176215] [2025-01-16 13:19:56] INFO: ==> Train Set: Acc: 100.00%, Loss: 0.00305801, Best model in epoch 98
[176215] [2025-01-16 13:20:00] INFO: ==> Test Set: Acc: 61.54%, Loss: 1.76041330
[176215] [2025-01-16 13:20:00] INFO: --------------------------------------------
[176215] [2025-01-16 13:20:00] INFO: Iteration 15/100
[176215] [2025-01-16 13:20:12] INFO: ==> Train Set: Acc: 100.00%, Loss: 0.00398814, Best model in epoch 86
[176215] [2025-01-16 13:20:16] INFO: ==> Test Set: Acc: 57.69%, Loss: 1.53516879
[176215] [2025-01-16 13:20:16] INFO: --------------------------------------------
[176215] [2025-01-16 13:20:16] INFO: Iteration 16/100
[176215] [2025-01-16 13:20:29] INFO: ==> Train Set: Acc: 100.00%, Loss: 0.00348025, Best model in epoch 94
[176215] [2025-01-16 13:20:32] INFO: ==> Test Set: Acc: 67.09%, Loss: 1.37777060
[176215] [2025-01-16 13:20:32] INFO: --------------------------------------------
[176215] [2025-01-16 13:20:32] INFO: Iteration 17/100
[176215] [2025-01-16 13:20:45] INFO: ==> Train Set: Acc: 100.00%, Loss: 0.00310156, Best model in epoch 96
[176215] [2025-01-16 13:20:48] INFO: ==> Test Set: Acc: 66.54%, Loss: 1.43084615
[176215] [2025-01-16 13:20:48] INFO: --------------------------------------------
[176215] [2025-01-16 13:20:48] INFO: Iteration 18/100
[176215] [2025-01-16 13:21:01] INFO: ==> Train Set: Acc: 100.00%, Loss: 0.00369076, Best model in epoch 91
[176215] [2025-01-16 13:21:05] INFO: ==> Test Set: Acc: 67.49%, Loss: 1.39350316
[176215] [2025-01-16 13:21:05] INFO: --------------------------------------------
[176215] [2025-01-16 13:21:05] INFO: Iteration 19/100
[176215] [2025-01-16 13:21:17] INFO: ==> Train Set: Acc: 100.00%, Loss: 0.00304866, Best model in epoch 97
[176215] [2025-01-16 13:21:21] INFO: ==> Test Set: Acc: 63.98%, Loss: 1.45886143
[176215] [2025-01-16 13:21:21] INFO: --------------------------------------------
[176215] [2025-01-16 13:21:21] INFO: Iteration 20/100
[176215] [2025-01-16 13:21:34] INFO: ==> Train Set: Acc: 100.00%, Loss: 0.00375570, Best model in epoch 96
[176215] [2025-01-16 13:21:37] INFO: ==> Test Set: Acc: 65.15%, Loss: 1.38966375
[176215] [2025-01-16 13:21:37] INFO: --------------------------------------------
[176215] [2025-01-16 13:21:37] INFO: Iteration 21/100
[176215] [2025-01-16 13:21:51] INFO: ==> Train Set: Acc: 100.00%, Loss: 0.00310667, Best model in epoch 93
[176215] [2025-01-16 13:21:54] INFO: ==> Test Set: Acc: 67.46%, Loss: 1.38831101
[176215] [2025-01-16 13:21:54] INFO: --------------------------------------------
[176215] [2025-01-16 13:21:54] INFO: Iteration 22/100
[176215] [2025-01-16 13:22:07] INFO: ==> Train Set: Acc: 100.00%, Loss: 0.00313426, Best model in epoch 94
[176215] [2025-01-16 13:22:10] INFO: ==> Test Set: Acc: 51.67%, Loss: 1.64235603
[176215] [2025-01-16 13:22:10] INFO: --------------------------------------------
[176215] [2025-01-16 13:22:10] INFO: Iteration 23/100
[176215] [2025-01-16 13:22:23] INFO: ==> Train Set: Acc: 100.00%, Loss: 0.00311242, Best model in epoch 86
[176215] [2025-01-16 13:22:27] INFO: ==> Test Set: Acc: 64.45%, Loss: 1.47041595
[176215] [2025-01-16 13:22:27] INFO: --------------------------------------------
[176215] [2025-01-16 13:22:27] INFO: Iteration 24/100
[176215] [2025-01-16 13:22:40] INFO: ==> Train Set: Acc: 100.00%, Loss: 0.00299795, Best model in epoch 93
[176215] [2025-01-16 13:22:43] INFO: ==> Test Set: Acc: 64.28%, Loss: 1.28700224
[176215] [2025-01-16 13:22:44] INFO: --------------------------------------------
[176215] [2025-01-16 13:22:44] INFO: Iteration 25/100
[176215] [2025-01-16 13:22:57] INFO: ==> Train Set: Acc: 100.00%, Loss: 0.00494053, Best model in epoch 60
[176215] [2025-01-16 13:23:00] INFO: ==> Test Set: Acc: 62.26%, Loss: 1.38631701
[176215] [2025-01-16 13:23:00] INFO: --------------------------------------------
[176215] [2025-01-16 13:23:00] INFO: Iteration 26/100
[176215] [2025-01-16 13:23:13] INFO: ==> Train Set: Acc: 100.00%, Loss: 0.00393669, Best model in epoch 98
[176215] [2025-01-16 13:23:17] INFO: ==> Test Set: Acc: 62.31%, Loss: 1.50551598
[176215] [2025-01-16 13:23:17] INFO: --------------------------------------------
[176215] [2025-01-16 13:23:17] INFO: Iteration 27/100
[176215] [2025-01-16 13:23:30] INFO: ==> Train Set: Acc: 100.00%, Loss: 0.00374799, Best model in epoch 75
[176215] [2025-01-16 13:23:33] INFO: ==> Test Set: Acc: 67.34%, Loss: 1.38169328
[176215] [2025-01-16 13:23:33] INFO: --------------------------------------------
[176215] [2025-01-16 13:23:33] INFO: Iteration 28/100
[176215] [2025-01-16 13:23:46] INFO: ==> Train Set: Acc: 100.00%, Loss: 0.00463887, Best model in epoch 77
[176215] [2025-01-16 13:23:50] INFO: ==> Test Set: Acc: 66.54%, Loss: 1.36828491
[176215] [2025-01-16 13:23:50] INFO: --------------------------------------------
[176215] [2025-01-16 13:23:50] INFO: Iteration 29/100
[176215] [2025-01-16 13:24:02] INFO: ==> Train Set: Acc: 100.00%, Loss: 0.00263018, Best model in epoch 98
[176215] [2025-01-16 13:24:06] INFO: ==> Test Set: Acc: 68.08%, Loss: 1.39605721
[176215] [2025-01-16 13:24:06] INFO: --------------------------------------------
[176215] [2025-01-16 13:24:06] INFO: Iteration 30/100
[176215] [2025-01-16 13:24:19] INFO: ==> Train Set: Acc: 100.00%, Loss: 0.00307636, Best model in epoch 97
[176215] [2025-01-16 13:24:23] INFO: ==> Test Set: Acc: 62.11%, Loss: 1.68767311
[176215] [2025-01-16 13:24:23] INFO: --------------------------------------------
[176215] [2025-01-16 13:24:23] INFO: Iteration 31/100
[176215] [2025-01-16 13:24:35] INFO: ==> Train Set: Acc: 100.00%, Loss: 0.00388252, Best model in epoch 89
[176215] [2025-01-16 13:24:39] INFO: ==> Test Set: Acc: 67.31%, Loss: 1.20658165
[176215] [2025-01-16 13:24:39] INFO: --------------------------------------------
[176215] [2025-01-16 13:24:39] INFO: Iteration 32/100
[176215] [2025-01-16 13:24:52] INFO: ==> Train Set: Acc: 100.00%, Loss: 0.00361320, Best model in epoch 84
[176215] [2025-01-16 13:24:55] INFO: ==> Test Set: Acc: 61.99%, Loss: 1.31796903
[176215] [2025-01-16 13:24:55] INFO: --------------------------------------------
[176215] [2025-01-16 13:24:55] INFO: Iteration 33/100
[176215] [2025-01-16 13:25:08] INFO: ==> Train Set: Acc: 100.00%, Loss: 0.00376472, Best model in epoch 74
[176215] [2025-01-16 13:25:11] INFO: ==> Test Set: Acc: 66.64%, Loss: 1.47742920
[176215] [2025-01-16 13:25:11] INFO: --------------------------------------------
[176215] [2025-01-16 13:25:11] INFO: Iteration 34/100
[176215] [2025-01-16 13:25:24] INFO: ==> Train Set: Acc: 100.00%, Loss: 0.00362522, Best model in epoch 99
[176215] [2025-01-16 13:25:28] INFO: ==> Test Set: Acc: 64.50%, Loss: 1.17841297
[176215] [2025-01-16 13:25:28] INFO: --------------------------------------------
[176215] [2025-01-16 13:25:28] INFO: Iteration 35/100
[176215] [2025-01-16 13:25:41] INFO: ==> Train Set: Acc: 100.00%, Loss: 0.00360599, Best model in epoch 95
[176215] [2025-01-16 13:25:44] INFO: ==> Test Set: Acc: 67.91%, Loss: 1.19019826
[176215] [2025-01-16 13:25:44] INFO: --------------------------------------------
[176215] [2025-01-16 13:25:44] INFO: Iteration 36/100
[176215] [2025-01-16 13:25:57] INFO: ==> Train Set: Acc: 100.00%, Loss: 0.00399134, Best model in epoch 78
[176215] [2025-01-16 13:26:00] INFO: ==> Test Set: Acc: 69.20%, Loss: 1.35374866
[176215] [2025-01-16 13:26:00] INFO: --------------------------------------------
[176215] [2025-01-16 13:26:00] INFO: Iteration 37/100
[176215] [2025-01-16 13:26:13] INFO: ==> Train Set: Acc: 100.00%, Loss: 0.00429620, Best model in epoch 94
[176215] [2025-01-16 13:26:17] INFO: ==> Test Set: Acc: 64.70%, Loss: 1.38078105
[176215] [2025-01-16 13:26:17] INFO: --------------------------------------------
[176215] [2025-01-16 13:26:17] INFO: Iteration 38/100
[176215] [2025-01-16 13:26:30] INFO: ==> Train Set: Acc: 100.00%, Loss: 0.00346053, Best model in epoch 89
[176215] [2025-01-16 13:26:34] INFO: ==> Test Set: Acc: 67.26%, Loss: 1.36800982
[176215] [2025-01-16 13:26:34] INFO: --------------------------------------------
[176215] [2025-01-16 13:26:34] INFO: Iteration 39/100
[176215] [2025-01-16 13:26:47] INFO: ==> Train Set: Acc: 100.00%, Loss: 0.00366759, Best model in epoch 86
[176215] [2025-01-16 13:26:50] INFO: ==> Test Set: Acc: 59.33%, Loss: 1.57759340
[176215] [2025-01-16 13:26:50] INFO: --------------------------------------------
[176215] [2025-01-16 13:26:50] INFO: Iteration 40/100
[176215] [2025-01-16 13:27:03] INFO: ==> Train Set: Acc: 100.00%, Loss: 0.00347329, Best model in epoch 84
[176215] [2025-01-16 13:27:07] INFO: ==> Test Set: Acc: 65.65%, Loss: 1.35492257
[176215] [2025-01-16 13:27:07] INFO: --------------------------------------------
[176215] [2025-01-16 13:27:07] INFO: Iteration 41/100
[176215] [2025-01-16 13:27:20] INFO: ==> Train Set: Acc: 100.00%, Loss: 0.00411924, Best model in epoch 95
[176215] [2025-01-16 13:27:23] INFO: ==> Test Set: Acc: 65.80%, Loss: 1.30660712
[176215] [2025-01-16 13:27:23] INFO: --------------------------------------------
[176215] [2025-01-16 13:27:23] INFO: Iteration 42/100
[176215] [2025-01-16 13:27:36] INFO: ==> Train Set: Acc: 100.00%, Loss: 0.00455468, Best model in epoch 98
[176215] [2025-01-16 13:27:40] INFO: ==> Test Set: Acc: 64.50%, Loss: 1.35462491
[176215] [2025-01-16 13:27:40] INFO: --------------------------------------------
[176215] [2025-01-16 13:27:40] INFO: Iteration 43/100
[176215] [2025-01-16 13:27:52] INFO: ==> Train Set: Acc: 100.00%, Loss: 0.00370268, Best model in epoch 86
[176215] [2025-01-16 13:27:56] INFO: ==> Test Set: Acc: 65.97%, Loss: 1.41862984
[176215] [2025-01-16 13:27:56] INFO: --------------------------------------------
[176215] [2025-01-16 13:27:56] INFO: Iteration 44/100
[176215] [2025-01-16 13:28:09] INFO: ==> Train Set: Acc: 100.00%, Loss: 0.00365743, Best model in epoch 84
[176215] [2025-01-16 13:28:12] INFO: ==> Test Set: Acc: 72.09%, Loss: 1.01500418
[176215] [2025-01-16 13:28:12] INFO: --------------------------------------------
[176215] [2025-01-16 13:28:12] INFO: Iteration 45/100
[176215] [2025-01-16 13:28:25] INFO: ==> Train Set: Acc: 100.00%, Loss: 0.00406525, Best model in epoch 91
[176215] [2025-01-16 13:28:29] INFO: ==> Test Set: Acc: 70.90%, Loss: 1.14978857
[176215] [2025-01-16 13:28:29] INFO: --------------------------------------------
[176215] [2025-01-16 13:28:29] INFO: Iteration 46/100
[176215] [2025-01-16 13:28:42] INFO: ==> Train Set: Acc: 100.00%, Loss: 0.00378678, Best model in epoch 90
[176215] [2025-01-16 13:28:45] INFO: ==> Test Set: Acc: 67.24%, Loss: 1.43067932
[176215] [2025-01-16 13:28:45] INFO: --------------------------------------------
[176215] [2025-01-16 13:28:45] INFO: Iteration 47/100
[176215] [2025-01-16 13:28:58] INFO: ==> Train Set: Acc: 100.00%, Loss: 0.00324369, Best model in epoch 97
[176215] [2025-01-16 13:29:02] INFO: ==> Test Set: Acc: 66.82%, Loss: 1.35970556
[176215] [2025-01-16 13:29:02] INFO: --------------------------------------------
[176215] [2025-01-16 13:29:02] INFO: Iteration 48/100
[176215] [2025-01-16 13:29:14] INFO: ==> Train Set: Acc: 100.00%, Loss: 0.00365123, Best model in epoch 95
[176215] [2025-01-16 13:29:18] INFO: ==> Test Set: Acc: 62.21%, Loss: 1.39700882
[176215] [2025-01-16 13:29:18] INFO: --------------------------------------------
[176215] [2025-01-16 13:29:18] INFO: Iteration 49/100
[176215] [2025-01-16 13:29:30] INFO: ==> Train Set: Acc: 100.00%, Loss: 0.00418978, Best model in epoch 95
[176215] [2025-01-16 13:29:34] INFO: ==> Test Set: Acc: 63.58%, Loss: 1.47522187
[176215] [2025-01-16 13:29:34] INFO: --------------------------------------------
[176215] [2025-01-16 13:29:34] INFO: Iteration 50/100
[176215] [2025-01-16 13:29:47] INFO: ==> Train Set: Acc: 100.00%, Loss: 0.00356189, Best model in epoch 96
[176215] [2025-01-16 13:29:50] INFO: ==> Test Set: Acc: 67.89%, Loss: 1.23232011
[176215] [2025-01-16 13:29:50] INFO: --------------------------------------------
[176215] [2025-01-16 13:29:50] INFO: Iteration 51/100
[176215] [2025-01-16 13:30:04] INFO: ==> Train Set: Acc: 100.00%, Loss: 0.00315234, Best model in epoch 98
[176215] [2025-01-16 13:30:07] INFO: ==> Test Set: Acc: 61.37%, Loss: 1.54311575
[176215] [2025-01-16 13:30:08] INFO: --------------------------------------------
[176215] [2025-01-16 13:30:08] INFO: Iteration 52/100
[176215] [2025-01-16 13:30:21] INFO: ==> Train Set: Acc: 100.00%, Loss: 0.00352785, Best model in epoch 96
[176215] [2025-01-16 13:30:24] INFO: ==> Test Set: Acc: 62.34%, Loss: 1.56524063
[176215] [2025-01-16 13:30:24] INFO: --------------------------------------------
[176215] [2025-01-16 13:30:24] INFO: Iteration 53/100
[176215] [2025-01-16 13:30:37] INFO: ==> Train Set: Acc: 100.00%, Loss: 0.00338350, Best model in epoch 95
[176215] [2025-01-16 13:30:41] INFO: ==> Test Set: Acc: 66.57%, Loss: 1.17666088
[176215] [2025-01-16 13:30:41] INFO: --------------------------------------------
[176215] [2025-01-16 13:30:41] INFO: Iteration 54/100
[176215] [2025-01-16 13:30:54] INFO: ==> Train Set: Acc: 100.00%, Loss: 0.00387626, Best model in epoch 99
[176215] [2025-01-16 13:30:57] INFO: ==> Test Set: Acc: 68.38%, Loss: 1.31953575
[176215] [2025-01-16 13:30:57] INFO: --------------------------------------------
[176215] [2025-01-16 13:30:57] INFO: Iteration 55/100
[176215] [2025-01-16 13:31:10] INFO: ==> Train Set: Acc: 100.00%, Loss: 0.00401965, Best model in epoch 93
[176215] [2025-01-16 13:31:14] INFO: ==> Test Set: Acc: 63.58%, Loss: 1.49641855
[176215] [2025-01-16 13:31:14] INFO: --------------------------------------------
[176215] [2025-01-16 13:31:14] INFO: Iteration 56/100
[176215] [2025-01-16 13:31:27] INFO: ==> Train Set: Acc: 100.00%, Loss: 0.00315451, Best model in epoch 97
[176215] [2025-01-16 13:31:30] INFO: ==> Test Set: Acc: 69.10%, Loss: 1.45436545
[176215] [2025-01-16 13:31:30] INFO: --------------------------------------------
[176215] [2025-01-16 13:31:30] INFO: Iteration 57/100
[176215] [2025-01-16 13:31:43] INFO: ==> Train Set: Acc: 100.00%, Loss: 0.00328652, Best model in epoch 79
[176215] [2025-01-16 13:31:46] INFO: ==> Test Set: Acc: 67.39%, Loss: 1.16128536
[176215] [2025-01-16 13:31:46] INFO: --------------------------------------------
[176215] [2025-01-16 13:31:46] INFO: Iteration 58/100
[176215] [2025-01-16 13:31:59] INFO: ==> Train Set: Acc: 100.00%, Loss: 0.00311743, Best model in epoch 96
[176215] [2025-01-16 13:32:03] INFO: ==> Test Set: Acc: 63.73%, Loss: 1.48308995
[176215] [2025-01-16 13:32:03] INFO: --------------------------------------------
[176215] [2025-01-16 13:32:03] INFO: Iteration 59/100
[176215] [2025-01-16 13:32:16] INFO: ==> Train Set: Acc: 100.00%, Loss: 0.00354285, Best model in epoch 97
[176215] [2025-01-16 13:32:19] INFO: ==> Test Set: Acc: 66.69%, Loss: 1.37927233
[176215] [2025-01-16 13:32:19] INFO: --------------------------------------------
[176215] [2025-01-16 13:32:19] INFO: Iteration 60/100
[176215] [2025-01-16 13:32:32] INFO: ==> Train Set: Acc: 100.00%, Loss: 0.00367638, Best model in epoch 83
[176215] [2025-01-16 13:32:36] INFO: ==> Test Set: Acc: 65.85%, Loss: 1.15518256
[176215] [2025-01-16 13:32:36] INFO: --------------------------------------------
[176215] [2025-01-16 13:32:36] INFO: Iteration 61/100
[176215] [2025-01-16 13:32:48] INFO: ==> Train Set: Acc: 100.00%, Loss: 0.00294218, Best model in epoch 98
[176215] [2025-01-16 13:32:52] INFO: ==> Test Set: Acc: 69.75%, Loss: 1.13132998
[176215] [2025-01-16 13:32:52] INFO: --------------------------------------------
[176215] [2025-01-16 13:32:52] INFO: Iteration 62/100
[176215] [2025-01-16 13:33:05] INFO: ==> Train Set: Acc: 100.00%, Loss: 0.00268447, Best model in epoch 96
[176215] [2025-01-16 13:33:08] INFO: ==> Test Set: Acc: 72.31%, Loss: 1.08028262
[176215] [2025-01-16 13:33:08] INFO: --------------------------------------------
[176215] [2025-01-16 13:33:08] INFO: Iteration 63/100
[176215] [2025-01-16 13:33:21] INFO: ==> Train Set: Acc: 100.00%, Loss: 0.00380447, Best model in epoch 72
[176215] [2025-01-16 13:33:25] INFO: ==> Test Set: Acc: 66.27%, Loss: 1.29764735
[176215] [2025-01-16 13:33:25] INFO: --------------------------------------------
[176215] [2025-01-16 13:33:25] INFO: Iteration 64/100
[176215] [2025-01-16 13:33:37] INFO: ==> Train Set: Acc: 100.00%, Loss: 0.00337076, Best model in epoch 93
[176215] [2025-01-16 13:33:40] INFO: ==> Test Set: Acc: 62.66%, Loss: 1.59710224
[176215] [2025-01-16 13:33:40] INFO: --------------------------------------------
[176215] [2025-01-16 13:33:40] INFO: Iteration 65/100
[176215] [2025-01-16 13:33:52] INFO: ==> Train Set: Acc: 100.00%, Loss: 0.00339597, Best model in epoch 91
[176215] [2025-01-16 13:33:56] INFO: ==> Test Set: Acc: 66.89%, Loss: 1.34239525
[176215] [2025-01-16 13:33:56] INFO: --------------------------------------------
[176215] [2025-01-16 13:33:56] INFO: Iteration 66/100
[176215] [2025-01-16 13:34:09] INFO: ==> Train Set: Acc: 100.00%, Loss: 0.00252458, Best model in epoch 97
[176215] [2025-01-16 13:34:13] INFO: ==> Test Set: Acc: 65.95%, Loss: 1.22157343
[176215] [2025-01-16 13:34:13] INFO: --------------------------------------------
[176215] [2025-01-16 13:34:13] INFO: Iteration 67/100
[176215] [2025-01-16 13:34:26] INFO: ==> Train Set: Acc: 100.00%, Loss: 0.00263228, Best model in epoch 98
[176215] [2025-01-16 13:34:30] INFO: ==> Test Set: Acc: 58.46%, Loss: 1.70581533
[176215] [2025-01-16 13:34:30] INFO: --------------------------------------------
[176215] [2025-01-16 13:34:30] INFO: Iteration 68/100
[176215] [2025-01-16 13:34:43] INFO: ==> Train Set: Acc: 100.00%, Loss: 0.00371478, Best model in epoch 99
[176215] [2025-01-16 13:34:47] INFO: ==> Test Set: Acc: 66.97%, Loss: 1.39278429
[176215] [2025-01-16 13:34:47] INFO: --------------------------------------------
[176215] [2025-01-16 13:34:47] INFO: Iteration 69/100
[176215] [2025-01-16 13:35:00] INFO: ==> Train Set: Acc: 100.00%, Loss: 0.00583993, Best model in epoch 89
[176215] [2025-01-16 13:35:04] INFO: ==> Test Set: Acc: 70.45%, Loss: 1.20537826
[176215] [2025-01-16 13:35:04] INFO: --------------------------------------------
[176215] [2025-01-16 13:35:04] INFO: Iteration 70/100
[176215] [2025-01-16 13:35:17] INFO: ==> Train Set: Acc: 100.00%, Loss: 0.00388627, Best model in epoch 80
[176215] [2025-01-16 13:35:21] INFO: ==> Test Set: Acc: 63.48%, Loss: 1.64990084
[176215] [2025-01-16 13:35:21] INFO: --------------------------------------------
[176215] [2025-01-16 13:35:21] INFO: Iteration 71/100
[176215] [2025-01-16 13:35:34] INFO: ==> Train Set: Acc: 100.00%, Loss: 0.00521561, Best model in epoch 97
[176215] [2025-01-16 13:35:38] INFO: ==> Test Set: Acc: 61.77%, Loss: 1.75637329
[176215] [2025-01-16 13:35:38] INFO: --------------------------------------------
[176215] [2025-01-16 13:35:38] INFO: Iteration 72/100
[176215] [2025-01-16 13:35:51] INFO: ==> Train Set: Acc: 100.00%, Loss: 0.00281317, Best model in epoch 99
[176215] [2025-01-16 13:35:55] INFO: ==> Test Set: Acc: 71.27%, Loss: 1.33049551
[176215] [2025-01-16 13:35:55] INFO: --------------------------------------------
[176215] [2025-01-16 13:35:55] INFO: Iteration 73/100
[176215] [2025-01-16 13:36:09] INFO: ==> Train Set: Acc: 100.00%, Loss: 0.00364586, Best model in epoch 96
[176215] [2025-01-16 13:36:13] INFO: ==> Test Set: Acc: 73.16%, Loss: 1.09530823
[176215] [2025-01-16 13:36:13] INFO: --------------------------------------------
[176215] [2025-01-16 13:36:13] INFO: Iteration 74/100
[176215] [2025-01-16 13:36:26] INFO: ==> Train Set: Acc: 100.00%, Loss: 0.00378805, Best model in epoch 73
[176215] [2025-01-16 13:36:30] INFO: ==> Test Set: Acc: 67.91%, Loss: 1.27821093
[176215] [2025-01-16 13:36:30] INFO: --------------------------------------------
[176215] [2025-01-16 13:36:30] INFO: Iteration 75/100
[176215] [2025-01-16 13:36:43] INFO: ==> Train Set: Acc: 100.00%, Loss: 0.00390171, Best model in epoch 87
[176215] [2025-01-16 13:36:47] INFO: ==> Test Set: Acc: 62.44%, Loss: 1.50145733
[176215] [2025-01-16 13:36:47] INFO: --------------------------------------------
[176215] [2025-01-16 13:36:47] INFO: Iteration 76/100
[176215] [2025-01-16 13:37:00] INFO: ==> Train Set: Acc: 100.00%, Loss: 0.00403284, Best model in epoch 87
[176215] [2025-01-16 13:37:04] INFO: ==> Test Set: Acc: 63.98%, Loss: 1.29274302
[176215] [2025-01-16 13:37:04] INFO: --------------------------------------------
[176215] [2025-01-16 13:37:04] INFO: Iteration 77/100
[176215] [2025-01-16 13:37:18] INFO: ==> Train Set: Acc: 100.00%, Loss: 0.00368610, Best model in epoch 95
[176215] [2025-01-16 13:37:22] INFO: ==> Test Set: Acc: 66.07%, Loss: 1.26188370
[176215] [2025-01-16 13:37:22] INFO: --------------------------------------------
[176215] [2025-01-16 13:37:22] INFO: Iteration 78/100
[176215] [2025-01-16 13:37:35] INFO: ==> Train Set: Acc: 100.00%, Loss: 0.00496096, Best model in epoch 81
[176215] [2025-01-16 13:37:38] INFO: ==> Test Set: Acc: 66.22%, Loss: 1.48042097
[176215] [2025-01-16 13:37:38] INFO: --------------------------------------------
[176215] [2025-01-16 13:37:38] INFO: Iteration 79/100
[176215] [2025-01-16 13:37:52] INFO: ==> Train Set: Acc: 100.00%, Loss: 0.00279200, Best model in epoch 98
[176215] [2025-01-16 13:37:55] INFO: ==> Test Set: Acc: 70.22%, Loss: 1.29602645
[176215] [2025-01-16 13:37:55] INFO: --------------------------------------------
[176215] [2025-01-16 13:37:55] INFO: Iteration 80/100
[176215] [2025-01-16 13:38:08] INFO: ==> Train Set: Acc: 100.00%, Loss: 0.00417190, Best model in epoch 99
[176215] [2025-01-16 13:38:12] INFO: ==> Test Set: Acc: 67.69%, Loss: 1.19153933
[176215] [2025-01-16 13:38:12] INFO: --------------------------------------------
[176215] [2025-01-16 13:38:12] INFO: Iteration 81/100
[176215] [2025-01-16 13:38:25] INFO: ==> Train Set: Acc: 100.00%, Loss: 0.00421422, Best model in epoch 81
[176215] [2025-01-16 13:38:29] INFO: ==> Test Set: Acc: 66.22%, Loss: 1.55085235
[176215] [2025-01-16 13:38:29] INFO: --------------------------------------------
[176215] [2025-01-16 13:38:29] INFO: Iteration 82/100
[176215] [2025-01-16 13:38:43] INFO: ==> Train Set: Acc: 100.00%, Loss: 0.00382928, Best model in epoch 99
[176215] [2025-01-16 13:38:46] INFO: ==> Test Set: Acc: 62.29%, Loss: 1.29901904
[176215] [2025-01-16 13:38:46] INFO: --------------------------------------------
[176215] [2025-01-16 13:38:46] INFO: Iteration 83/100
[176215] [2025-01-16 13:39:00] INFO: ==> Train Set: Acc: 100.00%, Loss: 0.00325705, Best model in epoch 95
[176215] [2025-01-16 13:39:03] INFO: ==> Test Set: Acc: 61.19%, Loss: 1.42998003
[176215] [2025-01-16 13:39:03] INFO: --------------------------------------------
[176215] [2025-01-16 13:39:03] INFO: Iteration 84/100
[176215] [2025-01-16 13:39:17] INFO: ==> Train Set: Acc: 100.00%, Loss: 0.00333142, Best model in epoch 96
[176215] [2025-01-16 13:39:21] INFO: ==> Test Set: Acc: 71.07%, Loss: 1.10626339
[176215] [2025-01-16 13:39:21] INFO: --------------------------------------------
[176215] [2025-01-16 13:39:21] INFO: Iteration 85/100
[176215] [2025-01-16 13:39:34] INFO: ==> Train Set: Acc: 100.00%, Loss: 0.00331996, Best model in epoch 98
[176215] [2025-01-16 13:39:37] INFO: ==> Test Set: Acc: 70.00%, Loss: 1.17811946
[176215] [2025-01-16 13:39:37] INFO: --------------------------------------------
[176215] [2025-01-16 13:39:37] INFO: Iteration 86/100
[176215] [2025-01-16 13:39:49] INFO: ==> Train Set: Acc: 100.00%, Loss: 0.00470870, Best model in epoch 95
[176215] [2025-01-16 13:39:52] INFO: ==> Test Set: Acc: 62.16%, Loss: 1.43993159
[176215] [2025-01-16 13:39:52] INFO: --------------------------------------------
[176215] [2025-01-16 13:39:52] INFO: Iteration 87/100
[176215] [2025-01-16 13:40:04] INFO: ==> Train Set: Acc: 100.00%, Loss: 0.00275961, Best model in epoch 85
[176215] [2025-01-16 13:40:07] INFO: ==> Test Set: Acc: 66.09%, Loss: 1.27809706
[176215] [2025-01-16 13:40:07] INFO: --------------------------------------------
[176215] [2025-01-16 13:40:07] INFO: Iteration 88/100
[176215] [2025-01-16 13:40:20] INFO: ==> Train Set: Acc: 100.00%, Loss: 0.00355552, Best model in epoch 99
[176215] [2025-01-16 13:40:23] INFO: ==> Test Set: Acc: 60.35%, Loss: 1.65231362
[176215] [2025-01-16 13:40:23] INFO: --------------------------------------------
[176215] [2025-01-16 13:40:23] INFO: Iteration 89/100
[176215] [2025-01-16 13:40:35] INFO: ==> Train Set: Acc: 100.00%, Loss: 0.00414002, Best model in epoch 86
[176215] [2025-01-16 13:40:39] INFO: ==> Test Set: Acc: 69.65%, Loss: 1.07943915
[176215] [2025-01-16 13:40:39] INFO: --------------------------------------------
[176215] [2025-01-16 13:40:39] INFO: Iteration 90/100
[176215] [2025-01-16 13:40:51] INFO: ==> Train Set: Acc: 100.00%, Loss: 0.00428852, Best model in epoch 93
[176215] [2025-01-16 13:40:54] INFO: ==> Test Set: Acc: 63.58%, Loss: 1.25549347
[176215] [2025-01-16 13:40:54] INFO: --------------------------------------------
[176215] [2025-01-16 13:40:54] INFO: Iteration 91/100
[176215] [2025-01-16 13:41:06] INFO: ==> Train Set: Acc: 100.00%, Loss: 0.00367363, Best model in epoch 91
[176215] [2025-01-16 13:41:09] INFO: ==> Test Set: Acc: 67.39%, Loss: 1.23419617
[176215] [2025-01-16 13:41:09] INFO: --------------------------------------------
[176215] [2025-01-16 13:41:09] INFO: Iteration 92/100
[176215] [2025-01-16 13:41:21] INFO: ==> Train Set: Acc: 100.00%, Loss: 0.00391878, Best model in epoch 80
[176215] [2025-01-16 13:41:25] INFO: ==> Test Set: Acc: 63.68%, Loss: 1.45764859
[176215] [2025-01-16 13:41:25] INFO: --------------------------------------------
[176215] [2025-01-16 13:41:25] INFO: Iteration 93/100
[176215] [2025-01-16 13:41:36] INFO: ==> Train Set: Acc: 100.00%, Loss: 0.00376372, Best model in epoch 88
[176215] [2025-01-16 13:41:40] INFO: ==> Test Set: Acc: 62.11%, Loss: 1.39282847
[176215] [2025-01-16 13:41:41] INFO: --------------------------------------------
[176215] [2025-01-16 13:41:41] INFO: Iteration 94/100
[176215] [2025-01-16 13:41:53] INFO: ==> Train Set: Acc: 100.00%, Loss: 0.00440613, Best model in epoch 99
[176215] [2025-01-16 13:41:56] INFO: ==> Test Set: Acc: 70.30%, Loss: 1.09822420
[176215] [2025-01-16 13:41:56] INFO: --------------------------------------------
[176215] [2025-01-16 13:41:56] INFO: Iteration 95/100
[176215] [2025-01-16 13:42:07] INFO: ==> Train Set: Acc: 100.00%, Loss: 0.00393338, Best model in epoch 90
[176215] [2025-01-16 13:42:10] INFO: ==> Test Set: Acc: 59.05%, Loss: 1.62351470
[176215] [2025-01-16 13:42:10] INFO: --------------------------------------------
[176215] [2025-01-16 13:42:10] INFO: Iteration 96/100
[176215] [2025-01-16 13:42:22] INFO: ==> Train Set: Acc: 100.00%, Loss: 0.00398086, Best model in epoch 97
[176215] [2025-01-16 13:42:26] INFO: ==> Test Set: Acc: 63.93%, Loss: 1.44342865
[176215] [2025-01-16 13:42:26] INFO: --------------------------------------------
[176215] [2025-01-16 13:42:26] INFO: Iteration 97/100
[176215] [2025-01-16 13:42:38] INFO: ==> Train Set: Acc: 100.00%, Loss: 0.00300742, Best model in epoch 97
[176215] [2025-01-16 13:42:41] INFO: ==> Test Set: Acc: 67.44%, Loss: 1.38707572
[176215] [2025-01-16 13:42:41] INFO: --------------------------------------------
[176215] [2025-01-16 13:42:41] INFO: Iteration 98/100
[176215] [2025-01-16 13:42:53] INFO: ==> Train Set: Acc: 100.00%, Loss: 0.00394271, Best model in epoch 93
[176215] [2025-01-16 13:42:56] INFO: ==> Test Set: Acc: 64.00%, Loss: 1.30202610
[176215] [2025-01-16 13:42:56] INFO: --------------------------------------------
[176215] [2025-01-16 13:42:56] INFO: Iteration 99/100
[176215] [2025-01-16 13:43:08] INFO: ==> Train Set: Acc: 100.00%, Loss: 0.00360781, Best model in epoch 95
[176215] [2025-01-16 13:43:12] INFO: ==> Test Set: Acc: 62.64%, Loss: 1.60228379
[176215] [2025-01-16 13:43:12] INFO: --------------------------------------------
[176215] [2025-01-16 13:43:12] INFO: Iteration 100/100
[176215] [2025-01-16 13:43:23] INFO: ==> Train Set: Acc: 100.00%, Loss: 0.00351450, Best model in epoch 95
[176215] [2025-01-16 13:43:27] INFO: ==> Test Set: Acc: 65.00%, Loss: 1.51411463
