[18622] [2025-01-14 08:09:56] INFO: ==> Running file: /autodl-fs/data/PythonProject/P3MC/downstream_svm.py
[18622] [2025-01-14 08:09:56] INFO: ==> Config: {'exp_name': 'CVTSLANet_SVM_ads-b_iq_PT_powerNorm_FT_powerNorm', 'exp_type': 'Downstream_random_rot', 'random_seed': 2024, 'platform': 'linux', 'device': 'cuda', 'iteration': 100, 'epoch': 100, 'dataset': {'name': 'ads-b', 'root': '~/Datasets/ADS-B', 'type': 'iq', 'normalize': 'power', 'train_batch_size': 30, 'test_batch_size': 30, 'ratio': 0.2, 'num_classes': 30, 'shot': 5, 'snr': None}, 'encoder': {'name': 'CVTSLANet', 'root': 'models/KANTSLANet2Feature.py', 'feature_dim': 1024, 'pretrain_path': './runs/Pretext_random_rot/CVTSLANet_ads-b_iq_powerNorm/best_encoder.pth', 'TSLA_config': {'seq_len': 4800, 'patch_size': 32, 'num_channels': 2, 'emb_dim': 256, 'depth': 3, 'dropout_rate': 0.3}}, 'classifier': {'name': 'svm', 'root': '', 'in_dim': 1024, 'ratio': 0.2, 'num_classes': 30}, 'optimizer': {'lr': 0.001, 'weight_decay': 0}, 'extra_info': '', 'exp_path': 'runs/Downstream_random_rot/CVTSLANet_SVM_ads-b_iq_PT_powerNorm_FT_powerNorm/5Shot/0114_080956', 'save_path': 'runs/Downstream_random_rot/CVTSLANet_SVM_ads-b_iq_PT_powerNorm_FT_powerNorm'}
[18622] [2025-01-14 08:09:56] INFO: --------------------------------------------
[18622] [2025-01-14 08:09:56] INFO: Iteration 1/100
[18622] [2025-01-14 08:10:00] INFO: Acc: 78.20%
[18622] [2025-01-14 08:10:00] INFO: --------------------------------------------
[18622] [2025-01-14 08:10:00] INFO: Iteration 2/100
[18622] [2025-01-14 08:10:05] INFO: Acc: 78.17%
[18622] [2025-01-14 08:10:05] INFO: --------------------------------------------
[18622] [2025-01-14 08:10:05] INFO: Iteration 3/100
[18622] [2025-01-14 08:10:09] INFO: Acc: 80.00%
[18622] [2025-01-14 08:10:09] INFO: --------------------------------------------
[18622] [2025-01-14 08:10:09] INFO: Iteration 4/100
[18622] [2025-01-14 08:10:14] INFO: Acc: 82.30%
[18622] [2025-01-14 08:10:14] INFO: --------------------------------------------
[18622] [2025-01-14 08:10:14] INFO: Iteration 5/100
[18622] [2025-01-14 08:10:18] INFO: Acc: 81.80%
[18622] [2025-01-14 08:10:18] INFO: --------------------------------------------
[18622] [2025-01-14 08:10:18] INFO: Iteration 6/100
[18622] [2025-01-14 08:10:23] INFO: Acc: 75.77%
[18622] [2025-01-14 08:10:23] INFO: --------------------------------------------
[18622] [2025-01-14 08:10:23] INFO: Iteration 7/100
[18622] [2025-01-14 08:10:28] INFO: Acc: 80.70%
[18622] [2025-01-14 08:10:28] INFO: --------------------------------------------
[18622] [2025-01-14 08:10:28] INFO: Iteration 8/100
[18622] [2025-01-14 08:10:34] INFO: Acc: 78.30%
[18622] [2025-01-14 08:10:34] INFO: --------------------------------------------
[18622] [2025-01-14 08:10:34] INFO: Iteration 9/100
[18622] [2025-01-14 08:10:39] INFO: Acc: 82.07%
[18622] [2025-01-14 08:10:39] INFO: --------------------------------------------
[18622] [2025-01-14 08:10:39] INFO: Iteration 10/100
[18622] [2025-01-14 08:10:44] INFO: Acc: 77.33%
[18622] [2025-01-14 08:10:44] INFO: --------------------------------------------
[18622] [2025-01-14 08:10:44] INFO: Iteration 11/100
[18622] [2025-01-14 08:10:48] INFO: Acc: 80.43%
[18622] [2025-01-14 08:10:48] INFO: --------------------------------------------
[18622] [2025-01-14 08:10:48] INFO: Iteration 12/100
[18622] [2025-01-14 08:10:52] INFO: Acc: 81.90%
[18622] [2025-01-14 08:10:52] INFO: --------------------------------------------
[18622] [2025-01-14 08:10:52] INFO: Iteration 13/100
[18622] [2025-01-14 08:10:57] INFO: Acc: 81.73%
[18622] [2025-01-14 08:10:57] INFO: --------------------------------------------
[18622] [2025-01-14 08:10:57] INFO: Iteration 14/100
[18622] [2025-01-14 08:11:01] INFO: Acc: 81.17%
[18622] [2025-01-14 08:11:01] INFO: --------------------------------------------
[18622] [2025-01-14 08:11:01] INFO: Iteration 15/100
[18622] [2025-01-14 08:11:06] INFO: Acc: 78.20%
[18622] [2025-01-14 08:11:06] INFO: --------------------------------------------
[18622] [2025-01-14 08:11:06] INFO: Iteration 16/100
[18622] [2025-01-14 08:11:10] INFO: Acc: 81.47%
[18622] [2025-01-14 08:11:10] INFO: --------------------------------------------
[18622] [2025-01-14 08:11:10] INFO: Iteration 17/100
[18622] [2025-01-14 08:11:16] INFO: Acc: 81.97%
[18622] [2025-01-14 08:11:16] INFO: --------------------------------------------
[18622] [2025-01-14 08:11:16] INFO: Iteration 18/100
[18622] [2025-01-14 08:11:21] INFO: Acc: 81.20%
[18622] [2025-01-14 08:11:21] INFO: --------------------------------------------
[18622] [2025-01-14 08:11:21] INFO: Iteration 19/100
[18622] [2025-01-14 08:11:26] INFO: Acc: 79.07%
[18622] [2025-01-14 08:11:26] INFO: --------------------------------------------
[18622] [2025-01-14 08:11:26] INFO: Iteration 20/100
[18622] [2025-01-14 08:11:30] INFO: Acc: 79.53%
[18622] [2025-01-14 08:11:30] INFO: --------------------------------------------
[18622] [2025-01-14 08:11:30] INFO: Iteration 21/100
[18622] [2025-01-14 08:11:34] INFO: Acc: 81.63%
[18622] [2025-01-14 08:11:34] INFO: --------------------------------------------
[18622] [2025-01-14 08:11:34] INFO: Iteration 22/100
[18622] [2025-01-14 08:11:39] INFO: Acc: 81.03%
[18622] [2025-01-14 08:11:39] INFO: --------------------------------------------
[18622] [2025-01-14 08:11:39] INFO: Iteration 23/100
[18622] [2025-01-14 08:11:43] INFO: Acc: 79.27%
[18622] [2025-01-14 08:11:43] INFO: --------------------------------------------
[18622] [2025-01-14 08:11:43] INFO: Iteration 24/100
[18622] [2025-01-14 08:11:49] INFO: Acc: 78.60%
[18622] [2025-01-14 08:11:49] INFO: --------------------------------------------
[18622] [2025-01-14 08:11:49] INFO: Iteration 25/100
[18622] [2025-01-14 08:11:53] INFO: Acc: 79.20%
[18622] [2025-01-14 08:11:53] INFO: --------------------------------------------
[18622] [2025-01-14 08:11:53] INFO: Iteration 26/100
[18622] [2025-01-14 08:11:58] INFO: Acc: 80.93%
[18622] [2025-01-14 08:11:58] INFO: --------------------------------------------
[18622] [2025-01-14 08:11:58] INFO: Iteration 27/100
[18622] [2025-01-14 08:12:03] INFO: Acc: 80.60%
[18622] [2025-01-14 08:12:03] INFO: --------------------------------------------
[18622] [2025-01-14 08:12:03] INFO: Iteration 28/100
[18622] [2025-01-14 08:12:08] INFO: Acc: 79.40%
[18622] [2025-01-14 08:12:08] INFO: --------------------------------------------
[18622] [2025-01-14 08:12:08] INFO: Iteration 29/100
[18622] [2025-01-14 08:12:12] INFO: Acc: 81.53%
[18622] [2025-01-14 08:12:13] INFO: --------------------------------------------
[18622] [2025-01-14 08:12:13] INFO: Iteration 30/100
[18622] [2025-01-14 08:12:18] INFO: Acc: 78.40%
[18622] [2025-01-14 08:12:18] INFO: --------------------------------------------
[18622] [2025-01-14 08:12:18] INFO: Iteration 31/100
[18622] [2025-01-14 08:12:22] INFO: Acc: 79.77%
[18622] [2025-01-14 08:12:22] INFO: --------------------------------------------
[18622] [2025-01-14 08:12:22] INFO: Iteration 32/100
[18622] [2025-01-14 08:12:26] INFO: Acc: 80.27%
[18622] [2025-01-14 08:12:26] INFO: --------------------------------------------
[18622] [2025-01-14 08:12:26] INFO: Iteration 33/100
[18622] [2025-01-14 08:12:31] INFO: Acc: 80.27%
[18622] [2025-01-14 08:12:31] INFO: --------------------------------------------
[18622] [2025-01-14 08:12:31] INFO: Iteration 34/100
[18622] [2025-01-14 08:12:35] INFO: Acc: 82.57%
[18622] [2025-01-14 08:12:35] INFO: --------------------------------------------
[18622] [2025-01-14 08:12:35] INFO: Iteration 35/100
[18622] [2025-01-14 08:12:39] INFO: Acc: 81.20%
[18622] [2025-01-14 08:12:39] INFO: --------------------------------------------
[18622] [2025-01-14 08:12:39] INFO: Iteration 36/100
[18622] [2025-01-14 08:12:44] INFO: Acc: 81.83%
[18622] [2025-01-14 08:12:44] INFO: --------------------------------------------
[18622] [2025-01-14 08:12:44] INFO: Iteration 37/100
[18622] [2025-01-14 08:12:50] INFO: Acc: 82.43%
[18622] [2025-01-14 08:12:50] INFO: --------------------------------------------
[18622] [2025-01-14 08:12:50] INFO: Iteration 38/100
[18622] [2025-01-14 08:12:54] INFO: Acc: 80.70%
[18622] [2025-01-14 08:12:54] INFO: --------------------------------------------
[18622] [2025-01-14 08:12:54] INFO: Iteration 39/100
[18622] [2025-01-14 08:12:59] INFO: Acc: 82.33%
[18622] [2025-01-14 08:12:59] INFO: --------------------------------------------
[18622] [2025-01-14 08:12:59] INFO: Iteration 40/100
[18622] [2025-01-14 08:13:03] INFO: Acc: 79.00%
[18622] [2025-01-14 08:13:03] INFO: --------------------------------------------
[18622] [2025-01-14 08:13:03] INFO: Iteration 41/100
[18622] [2025-01-14 08:13:09] INFO: Acc: 80.37%
[18622] [2025-01-14 08:13:09] INFO: --------------------------------------------
[18622] [2025-01-14 08:13:09] INFO: Iteration 42/100
[18622] [2025-01-14 08:13:13] INFO: Acc: 79.03%
[18622] [2025-01-14 08:13:13] INFO: --------------------------------------------
[18622] [2025-01-14 08:13:13] INFO: Iteration 43/100
[18622] [2025-01-14 08:13:18] INFO: Acc: 80.50%
[18622] [2025-01-14 08:13:18] INFO: --------------------------------------------
[18622] [2025-01-14 08:13:18] INFO: Iteration 44/100
[18622] [2025-01-14 08:13:22] INFO: Acc: 76.40%
[18622] [2025-01-14 08:13:22] INFO: --------------------------------------------
[18622] [2025-01-14 08:13:22] INFO: Iteration 45/100
[18622] [2025-01-14 08:13:26] INFO: Acc: 76.47%
[18622] [2025-01-14 08:13:26] INFO: --------------------------------------------
[18622] [2025-01-14 08:13:26] INFO: Iteration 46/100
[18622] [2025-01-14 08:13:31] INFO: Acc: 79.10%
[18622] [2025-01-14 08:13:31] INFO: --------------------------------------------
[18622] [2025-01-14 08:13:31] INFO: Iteration 47/100
[18622] [2025-01-14 08:13:36] INFO: Acc: 80.10%
[18622] [2025-01-14 08:13:36] INFO: --------------------------------------------
[18622] [2025-01-14 08:13:36] INFO: Iteration 48/100
[18622] [2025-01-14 08:13:41] INFO: Acc: 79.30%
[18622] [2025-01-14 08:13:41] INFO: --------------------------------------------
[18622] [2025-01-14 08:13:41] INFO: Iteration 49/100
[18622] [2025-01-14 08:13:46] INFO: Acc: 78.17%
[18622] [2025-01-14 08:13:46] INFO: --------------------------------------------
[18622] [2025-01-14 08:13:46] INFO: Iteration 50/100
[18622] [2025-01-14 08:13:51] INFO: Acc: 80.83%
[18622] [2025-01-14 08:13:51] INFO: --------------------------------------------
[18622] [2025-01-14 08:13:51] INFO: Iteration 51/100
[18622] [2025-01-14 08:13:56] INFO: Acc: 83.13%
[18622] [2025-01-14 08:13:56] INFO: --------------------------------------------
[18622] [2025-01-14 08:13:56] INFO: Iteration 52/100
[18622] [2025-01-14 08:14:01] INFO: Acc: 81.10%
[18622] [2025-01-14 08:14:01] INFO: --------------------------------------------
[18622] [2025-01-14 08:14:01] INFO: Iteration 53/100
[18622] [2025-01-14 08:14:05] INFO: Acc: 79.07%
[18622] [2025-01-14 08:14:05] INFO: --------------------------------------------
[18622] [2025-01-14 08:14:05] INFO: Iteration 54/100
[18622] [2025-01-14 08:14:10] INFO: Acc: 79.43%
[18622] [2025-01-14 08:14:10] INFO: --------------------------------------------
[18622] [2025-01-14 08:14:10] INFO: Iteration 55/100
[18622] [2025-01-14 08:14:14] INFO: Acc: 78.43%
[18622] [2025-01-14 08:14:14] INFO: --------------------------------------------
[18622] [2025-01-14 08:14:14] INFO: Iteration 56/100
[18622] [2025-01-14 08:14:18] INFO: Acc: 78.13%
[18622] [2025-01-14 08:14:18] INFO: --------------------------------------------
[18622] [2025-01-14 08:14:18] INFO: Iteration 57/100
[18622] [2025-01-14 08:14:24] INFO: Acc: 79.93%
[18622] [2025-01-14 08:14:24] INFO: --------------------------------------------
[18622] [2025-01-14 08:14:24] INFO: Iteration 58/100
[18622] [2025-01-14 08:14:29] INFO: Acc: 80.70%
[18622] [2025-01-14 08:14:29] INFO: --------------------------------------------
[18622] [2025-01-14 08:14:29] INFO: Iteration 59/100
[18622] [2025-01-14 08:14:34] INFO: Acc: 76.93%
[18622] [2025-01-14 08:14:34] INFO: --------------------------------------------
[18622] [2025-01-14 08:14:34] INFO: Iteration 60/100
[18622] [2025-01-14 08:14:39] INFO: Acc: 79.30%
[18622] [2025-01-14 08:14:39] INFO: --------------------------------------------
[18622] [2025-01-14 08:14:39] INFO: Iteration 61/100
[18622] [2025-01-14 08:14:43] INFO: Acc: 78.03%
[18622] [2025-01-14 08:14:43] INFO: --------------------------------------------
[18622] [2025-01-14 08:14:43] INFO: Iteration 62/100
[18622] [2025-01-14 08:14:47] INFO: Acc: 80.43%
[18622] [2025-01-14 08:14:47] INFO: --------------------------------------------
[18622] [2025-01-14 08:14:47] INFO: Iteration 63/100
[18622] [2025-01-14 08:14:52] INFO: Acc: 80.20%
[18622] [2025-01-14 08:14:52] INFO: --------------------------------------------
[18622] [2025-01-14 08:14:52] INFO: Iteration 64/100
[18622] [2025-01-14 08:14:57] INFO: Acc: 81.43%
[18622] [2025-01-14 08:14:57] INFO: --------------------------------------------
[18622] [2025-01-14 08:14:57] INFO: Iteration 65/100
[18622] [2025-01-14 08:15:02] INFO: Acc: 81.13%
[18622] [2025-01-14 08:15:02] INFO: --------------------------------------------
[18622] [2025-01-14 08:15:02] INFO: Iteration 66/100
[18622] [2025-01-14 08:15:06] INFO: Acc: 80.93%
[18622] [2025-01-14 08:15:06] INFO: --------------------------------------------
[18622] [2025-01-14 08:15:06] INFO: Iteration 67/100
[18622] [2025-01-14 08:15:10] INFO: Acc: 79.33%
[18622] [2025-01-14 08:15:10] INFO: --------------------------------------------
[18622] [2025-01-14 08:15:10] INFO: Iteration 68/100
[18622] [2025-01-14 08:15:16] INFO: Acc: 80.67%
[18622] [2025-01-14 08:15:16] INFO: --------------------------------------------
[18622] [2025-01-14 08:15:16] INFO: Iteration 69/100
[18622] [2025-01-14 08:15:20] INFO: Acc: 78.17%
[18622] [2025-01-14 08:15:20] INFO: --------------------------------------------
[18622] [2025-01-14 08:15:20] INFO: Iteration 70/100
[18622] [2025-01-14 08:15:25] INFO: Acc: 79.67%
[18622] [2025-01-14 08:15:25] INFO: --------------------------------------------
[18622] [2025-01-14 08:15:25] INFO: Iteration 71/100
[18622] [2025-01-14 08:15:29] INFO: Acc: 76.83%
[18622] [2025-01-14 08:15:29] INFO: --------------------------------------------
[18622] [2025-01-14 08:15:29] INFO: Iteration 72/100
[18622] [2025-01-14 08:15:34] INFO: Acc: 79.80%
[18622] [2025-01-14 08:15:35] INFO: --------------------------------------------
[18622] [2025-01-14 08:15:35] INFO: Iteration 73/100
[18622] [2025-01-14 08:15:39] INFO: Acc: 80.27%
[18622] [2025-01-14 08:15:39] INFO: --------------------------------------------
[18622] [2025-01-14 08:15:39] INFO: Iteration 74/100
[18622] [2025-01-14 08:15:44] INFO: Acc: 78.63%
[18622] [2025-01-14 08:15:44] INFO: --------------------------------------------
[18622] [2025-01-14 08:15:44] INFO: Iteration 75/100
[18622] [2025-01-14 08:15:49] INFO: Acc: 77.40%
[18622] [2025-01-14 08:15:49] INFO: --------------------------------------------
[18622] [2025-01-14 08:15:49] INFO: Iteration 76/100
[18622] [2025-01-14 08:15:53] INFO: Acc: 79.60%
[18622] [2025-01-14 08:15:53] INFO: --------------------------------------------
[18622] [2025-01-14 08:15:53] INFO: Iteration 77/100
[18622] [2025-01-14 08:15:57] INFO: Acc: 81.90%
[18622] [2025-01-14 08:15:57] INFO: --------------------------------------------
[18622] [2025-01-14 08:15:57] INFO: Iteration 78/100
[18622] [2025-01-14 08:16:02] INFO: Acc: 80.93%
[18622] [2025-01-14 08:16:02] INFO: --------------------------------------------
[18622] [2025-01-14 08:16:02] INFO: Iteration 79/100
[18622] [2025-01-14 08:16:07] INFO: Acc: 80.27%
[18622] [2025-01-14 08:16:07] INFO: --------------------------------------------
[18622] [2025-01-14 08:16:07] INFO: Iteration 80/100
[18622] [2025-01-14 08:16:12] INFO: Acc: 78.50%
[18622] [2025-01-14 08:16:12] INFO: --------------------------------------------
[18622] [2025-01-14 08:16:12] INFO: Iteration 81/100
[18622] [2025-01-14 08:16:18] INFO: Acc: 79.13%
[18622] [2025-01-14 08:16:18] INFO: --------------------------------------------
[18622] [2025-01-14 08:16:18] INFO: Iteration 82/100
[18622] [2025-01-14 08:16:22] INFO: Acc: 78.80%
[18622] [2025-01-14 08:16:22] INFO: --------------------------------------------
[18622] [2025-01-14 08:16:22] INFO: Iteration 83/100
[18622] [2025-01-14 08:16:28] INFO: Acc: 81.07%
[18622] [2025-01-14 08:16:28] INFO: --------------------------------------------
[18622] [2025-01-14 08:16:28] INFO: Iteration 84/100
[18622] [2025-01-14 08:16:32] INFO: Acc: 80.57%
[18622] [2025-01-14 08:16:32] INFO: --------------------------------------------
[18622] [2025-01-14 08:16:32] INFO: Iteration 85/100
[18622] [2025-01-14 08:16:37] INFO: Acc: 80.13%
[18622] [2025-01-14 08:16:37] INFO: --------------------------------------------
[18622] [2025-01-14 08:16:37] INFO: Iteration 86/100
[18622] [2025-01-14 08:16:42] INFO: Acc: 80.60%
[18622] [2025-01-14 08:16:42] INFO: --------------------------------------------
[18622] [2025-01-14 08:16:42] INFO: Iteration 87/100
[18622] [2025-01-14 08:16:47] INFO: Acc: 78.90%
[18622] [2025-01-14 08:16:47] INFO: --------------------------------------------
[18622] [2025-01-14 08:16:47] INFO: Iteration 88/100
[18622] [2025-01-14 08:16:51] INFO: Acc: 77.73%
[18622] [2025-01-14 08:16:51] INFO: --------------------------------------------
[18622] [2025-01-14 08:16:51] INFO: Iteration 89/100
[18622] [2025-01-14 08:16:56] INFO: Acc: 81.73%
[18622] [2025-01-14 08:16:56] INFO: --------------------------------------------
[18622] [2025-01-14 08:16:56] INFO: Iteration 90/100
[18622] [2025-01-14 08:17:00] INFO: Acc: 81.77%
[18622] [2025-01-14 08:17:00] INFO: --------------------------------------------
[18622] [2025-01-14 08:17:00] INFO: Iteration 91/100
[18622] [2025-01-14 08:17:05] INFO: Acc: 80.23%
[18622] [2025-01-14 08:17:05] INFO: --------------------------------------------
[18622] [2025-01-14 08:17:05] INFO: Iteration 92/100
[18622] [2025-01-14 08:17:10] INFO: Acc: 78.43%
[18622] [2025-01-14 08:17:11] INFO: --------------------------------------------
[18622] [2025-01-14 08:17:11] INFO: Iteration 93/100
[18622] [2025-01-14 08:17:15] INFO: Acc: 80.80%
[18622] [2025-01-14 08:17:15] INFO: --------------------------------------------
[18622] [2025-01-14 08:17:15] INFO: Iteration 94/100
[18622] [2025-01-14 08:17:19] INFO: Acc: 79.37%
[18622] [2025-01-14 08:17:19] INFO: --------------------------------------------
[18622] [2025-01-14 08:17:19] INFO: Iteration 95/100
[18622] [2025-01-14 08:17:23] INFO: Acc: 81.77%
[18622] [2025-01-14 08:17:23] INFO: --------------------------------------------
[18622] [2025-01-14 08:17:23] INFO: Iteration 96/100
[18622] [2025-01-14 08:17:29] INFO: Acc: 79.03%
[18622] [2025-01-14 08:17:29] INFO: --------------------------------------------
[18622] [2025-01-14 08:17:29] INFO: Iteration 97/100
[18622] [2025-01-14 08:17:33] INFO: Acc: 80.17%
[18622] [2025-01-14 08:17:33] INFO: --------------------------------------------
[18622] [2025-01-14 08:17:33] INFO: Iteration 98/100
[18622] [2025-01-14 08:17:37] INFO: Acc: 80.67%
[18622] [2025-01-14 08:17:37] INFO: --------------------------------------------
[18622] [2025-01-14 08:17:37] INFO: Iteration 99/100
[18622] [2025-01-14 08:17:42] INFO: Acc: 80.63%
[18622] [2025-01-14 08:17:42] INFO: --------------------------------------------
[18622] [2025-01-14 08:17:42] INFO: Iteration 100/100
[18622] [2025-01-14 08:17:46] INFO: Acc: 77.03%
