[13937] [2025-01-14 08:15:50] INFO: ==> Running file: /autodl-fs/data/PythonProject/P3MC/downstream_knn.py
[13937] [2025-01-14 08:15:50] INFO: ==> Config: {'exp_name': 'CVTSLANet_KNN_ads-b_iq_PT_powerNorm_FT_powerNorm', 'exp_type': 'Downstream_random_rot', 'random_seed': 2024, 'platform': 'linux', 'device': 'cuda', 'iteration': 100, 'epoch': 100, 'dataset': {'name': 'ads-b', 'root': '~/Datasets/ADS-B', 'type': 'iq', 'normalize': 'power', 'train_batch_size': 30, 'test_batch_size': 30, 'ratio': 0.2, 'num_classes': 30, 'shot': 10, 'snr': None}, 'encoder': {'name': 'CVTSLANet', 'root': 'models/KANTSLANet2Feature.py', 'feature_dim': 1024, 'pretrain_path': './runs/Pretext_random_rot/CVTSLANet_ads-b_iq_powerNorm/best_encoder.pth', 'TSLA_config': {'seq_len': 4800, 'patch_size': 32, 'num_channels': 2, 'emb_dim': 256, 'depth': 3, 'dropout_rate': 0.3}}, 'classifier': {'name': 'knn', 'root': '', 'in_dim': 1024, 'ratio': 0.2, 'num_classes': 30}, 'optimizer': {'lr': 0.001, 'weight_decay': 0}, 'extra_info': '', 'exp_path': 'runs/Downstream_random_rot/CVTSLANet_KNN_ads-b_iq_PT_powerNorm_FT_powerNorm/10Shot/0114_081550', 'save_path': 'runs/Downstream_random_rot/CVTSLANet_KNN_ads-b_iq_PT_powerNorm_FT_powerNorm'}
[13937] [2025-01-14 08:15:50] INFO: --------------------------------------------
[13937] [2025-01-14 08:15:50] INFO: Iteration 1/100
[13937] [2025-01-14 08:15:55] INFO: Acc: 82.07%
[13937] [2025-01-14 08:15:55] INFO: --------------------------------------------
[13937] [2025-01-14 08:15:55] INFO: Iteration 2/100
[13937] [2025-01-14 08:15:58] INFO: Acc: 80.70%
[13937] [2025-01-14 08:15:58] INFO: --------------------------------------------
[13937] [2025-01-14 08:15:58] INFO: Iteration 3/100
[13937] [2025-01-14 08:16:03] INFO: Acc: 80.83%
[13937] [2025-01-14 08:16:03] INFO: --------------------------------------------
[13937] [2025-01-14 08:16:03] INFO: Iteration 4/100
[13937] [2025-01-14 08:16:08] INFO: Acc: 83.03%
[13937] [2025-01-14 08:16:08] INFO: --------------------------------------------
[13937] [2025-01-14 08:16:08] INFO: Iteration 5/100
[13937] [2025-01-14 08:16:13] INFO: Acc: 79.70%
[13937] [2025-01-14 08:16:13] INFO: --------------------------------------------
[13937] [2025-01-14 08:16:13] INFO: Iteration 6/100
[13937] [2025-01-14 08:16:17] INFO: Acc: 82.07%
[13937] [2025-01-14 08:16:17] INFO: --------------------------------------------
[13937] [2025-01-14 08:16:17] INFO: Iteration 7/100
[13937] [2025-01-14 08:16:22] INFO: Acc: 77.97%
[13937] [2025-01-14 08:16:22] INFO: --------------------------------------------
[13937] [2025-01-14 08:16:22] INFO: Iteration 8/100
[13937] [2025-01-14 08:16:27] INFO: Acc: 82.10%
[13937] [2025-01-14 08:16:27] INFO: --------------------------------------------
[13937] [2025-01-14 08:16:27] INFO: Iteration 9/100
[13937] [2025-01-14 08:16:31] INFO: Acc: 82.70%
[13937] [2025-01-14 08:16:31] INFO: --------------------------------------------
[13937] [2025-01-14 08:16:31] INFO: Iteration 10/100
[13937] [2025-01-14 08:16:36] INFO: Acc: 82.93%
[13937] [2025-01-14 08:16:36] INFO: --------------------------------------------
[13937] [2025-01-14 08:16:36] INFO: Iteration 11/100
[13937] [2025-01-14 08:16:40] INFO: Acc: 80.20%
[13937] [2025-01-14 08:16:40] INFO: --------------------------------------------
[13937] [2025-01-14 08:16:40] INFO: Iteration 12/100
[13937] [2025-01-14 08:16:44] INFO: Acc: 80.63%
[13937] [2025-01-14 08:16:45] INFO: --------------------------------------------
[13937] [2025-01-14 08:16:45] INFO: Iteration 13/100
[13937] [2025-01-14 08:16:49] INFO: Acc: 82.23%
[13937] [2025-01-14 08:16:49] INFO: --------------------------------------------
[13937] [2025-01-14 08:16:49] INFO: Iteration 14/100
[13937] [2025-01-14 08:16:53] INFO: Acc: 83.73%
[13937] [2025-01-14 08:16:53] INFO: --------------------------------------------
[13937] [2025-01-14 08:16:53] INFO: Iteration 15/100
[13937] [2025-01-14 08:16:59] INFO: Acc: 81.00%
[13937] [2025-01-14 08:16:59] INFO: --------------------------------------------
[13937] [2025-01-14 08:16:59] INFO: Iteration 16/100
[13937] [2025-01-14 08:17:03] INFO: Acc: 78.20%
[13937] [2025-01-14 08:17:03] INFO: --------------------------------------------
[13937] [2025-01-14 08:17:03] INFO: Iteration 17/100
[13937] [2025-01-14 08:17:07] INFO: Acc: 79.73%
[13937] [2025-01-14 08:17:07] INFO: --------------------------------------------
[13937] [2025-01-14 08:17:07] INFO: Iteration 18/100
[13937] [2025-01-14 08:17:12] INFO: Acc: 81.33%
[13937] [2025-01-14 08:17:12] INFO: --------------------------------------------
[13937] [2025-01-14 08:17:12] INFO: Iteration 19/100
[13937] [2025-01-14 08:17:17] INFO: Acc: 79.40%
[13937] [2025-01-14 08:17:17] INFO: --------------------------------------------
[13937] [2025-01-14 08:17:17] INFO: Iteration 20/100
[13937] [2025-01-14 08:17:22] INFO: Acc: 80.93%
[13937] [2025-01-14 08:17:22] INFO: --------------------------------------------
[13937] [2025-01-14 08:17:22] INFO: Iteration 21/100
[13937] [2025-01-14 08:17:25] INFO: Acc: 81.30%
[13937] [2025-01-14 08:17:25] INFO: --------------------------------------------
[13937] [2025-01-14 08:17:25] INFO: Iteration 22/100
[13937] [2025-01-14 08:17:30] INFO: Acc: 81.67%
[13937] [2025-01-14 08:17:30] INFO: --------------------------------------------
[13937] [2025-01-14 08:17:30] INFO: Iteration 23/100
[13937] [2025-01-14 08:17:35] INFO: Acc: 79.10%
[13937] [2025-01-14 08:17:35] INFO: --------------------------------------------
[13937] [2025-01-14 08:17:35] INFO: Iteration 24/100
[13937] [2025-01-14 08:17:39] INFO: Acc: 81.77%
[13937] [2025-01-14 08:17:39] INFO: --------------------------------------------
[13937] [2025-01-14 08:17:39] INFO: Iteration 25/100
[13937] [2025-01-14 08:17:43] INFO: Acc: 79.60%
[13937] [2025-01-14 08:17:43] INFO: --------------------------------------------
[13937] [2025-01-14 08:17:43] INFO: Iteration 26/100
[13937] [2025-01-14 08:17:48] INFO: Acc: 81.50%
[13937] [2025-01-14 08:17:48] INFO: --------------------------------------------
[13937] [2025-01-14 08:17:48] INFO: Iteration 27/100
[13937] [2025-01-14 08:17:53] INFO: Acc: 82.10%
[13937] [2025-01-14 08:17:53] INFO: --------------------------------------------
[13937] [2025-01-14 08:17:53] INFO: Iteration 28/100
[13937] [2025-01-14 08:17:56] INFO: Acc: 81.13%
[13937] [2025-01-14 08:17:56] INFO: --------------------------------------------
[13937] [2025-01-14 08:17:56] INFO: Iteration 29/100
[13937] [2025-01-14 08:18:01] INFO: Acc: 80.67%
[13937] [2025-01-14 08:18:01] INFO: --------------------------------------------
[13937] [2025-01-14 08:18:01] INFO: Iteration 30/100
[13937] [2025-01-14 08:18:06] INFO: Acc: 80.90%
[13937] [2025-01-14 08:18:06] INFO: --------------------------------------------
[13937] [2025-01-14 08:18:06] INFO: Iteration 31/100
[13937] [2025-01-14 08:18:11] INFO: Acc: 80.50%
[13937] [2025-01-14 08:18:11] INFO: --------------------------------------------
[13937] [2025-01-14 08:18:11] INFO: Iteration 32/100
[13937] [2025-01-14 08:18:16] INFO: Acc: 80.80%
[13937] [2025-01-14 08:18:16] INFO: --------------------------------------------
[13937] [2025-01-14 08:18:16] INFO: Iteration 33/100
[13937] [2025-01-14 08:18:19] INFO: Acc: 81.33%
[13937] [2025-01-14 08:18:19] INFO: --------------------------------------------
[13937] [2025-01-14 08:18:19] INFO: Iteration 34/100
[13937] [2025-01-14 08:18:24] INFO: Acc: 81.37%
[13937] [2025-01-14 08:18:24] INFO: --------------------------------------------
[13937] [2025-01-14 08:18:24] INFO: Iteration 35/100
[13937] [2025-01-14 08:18:29] INFO: Acc: 79.67%
[13937] [2025-01-14 08:18:29] INFO: --------------------------------------------
[13937] [2025-01-14 08:18:29] INFO: Iteration 36/100
[13937] [2025-01-14 08:18:33] INFO: Acc: 80.63%
[13937] [2025-01-14 08:18:33] INFO: --------------------------------------------
[13937] [2025-01-14 08:18:33] INFO: Iteration 37/100
[13937] [2025-01-14 08:18:37] INFO: Acc: 83.50%
[13937] [2025-01-14 08:18:37] INFO: --------------------------------------------
[13937] [2025-01-14 08:18:37] INFO: Iteration 38/100
[13937] [2025-01-14 08:18:42] INFO: Acc: 83.03%
[13937] [2025-01-14 08:18:42] INFO: --------------------------------------------
[13937] [2025-01-14 08:18:42] INFO: Iteration 39/100
[13937] [2025-01-14 08:18:47] INFO: Acc: 80.13%
[13937] [2025-01-14 08:18:47] INFO: --------------------------------------------
[13937] [2025-01-14 08:18:47] INFO: Iteration 40/100
[13937] [2025-01-14 08:18:51] INFO: Acc: 82.23%
[13937] [2025-01-14 08:18:51] INFO: --------------------------------------------
[13937] [2025-01-14 08:18:51] INFO: Iteration 41/100
[13937] [2025-01-14 08:18:55] INFO: Acc: 82.27%
[13937] [2025-01-14 08:18:55] INFO: --------------------------------------------
[13937] [2025-01-14 08:18:55] INFO: Iteration 42/100
[13937] [2025-01-14 08:19:00] INFO: Acc: 80.53%
[13937] [2025-01-14 08:19:00] INFO: --------------------------------------------
[13937] [2025-01-14 08:19:00] INFO: Iteration 43/100
[13937] [2025-01-14 08:19:05] INFO: Acc: 82.03%
[13937] [2025-01-14 08:19:05] INFO: --------------------------------------------
[13937] [2025-01-14 08:19:05] INFO: Iteration 44/100
[13937] [2025-01-14 08:19:09] INFO: Acc: 82.63%
[13937] [2025-01-14 08:19:09] INFO: --------------------------------------------
[13937] [2025-01-14 08:19:09] INFO: Iteration 45/100
[13937] [2025-01-14 08:19:13] INFO: Acc: 82.00%
[13937] [2025-01-14 08:19:13] INFO: --------------------------------------------
[13937] [2025-01-14 08:19:13] INFO: Iteration 46/100
[13937] [2025-01-14 08:19:19] INFO: Acc: 80.83%
[13937] [2025-01-14 08:19:19] INFO: --------------------------------------------
[13937] [2025-01-14 08:19:19] INFO: Iteration 47/100
[13937] [2025-01-14 08:19:24] INFO: Acc: 82.47%
[13937] [2025-01-14 08:19:24] INFO: --------------------------------------------
[13937] [2025-01-14 08:19:24] INFO: Iteration 48/100
[13937] [2025-01-14 08:19:28] INFO: Acc: 82.50%
[13937] [2025-01-14 08:19:28] INFO: --------------------------------------------
[13937] [2025-01-14 08:19:28] INFO: Iteration 49/100
[13937] [2025-01-14 08:19:32] INFO: Acc: 82.00%
[13937] [2025-01-14 08:19:32] INFO: --------------------------------------------
[13937] [2025-01-14 08:19:32] INFO: Iteration 50/100
[13937] [2025-01-14 08:19:37] INFO: Acc: 81.40%
[13937] [2025-01-14 08:19:37] INFO: --------------------------------------------
[13937] [2025-01-14 08:19:37] INFO: Iteration 51/100
[13937] [2025-01-14 08:19:42] INFO: Acc: 79.53%
[13937] [2025-01-14 08:19:42] INFO: --------------------------------------------
[13937] [2025-01-14 08:19:42] INFO: Iteration 52/100
[13937] [2025-01-14 08:19:47] INFO: Acc: 80.33%
[13937] [2025-01-14 08:19:47] INFO: --------------------------------------------
[13937] [2025-01-14 08:19:47] INFO: Iteration 53/100
[13937] [2025-01-14 08:19:50] INFO: Acc: 82.17%
[13937] [2025-01-14 08:19:50] INFO: --------------------------------------------
[13937] [2025-01-14 08:19:50] INFO: Iteration 54/100
[13937] [2025-01-14 08:19:55] INFO: Acc: 81.50%
[13937] [2025-01-14 08:19:55] INFO: --------------------------------------------
[13937] [2025-01-14 08:19:55] INFO: Iteration 55/100
[13937] [2025-01-14 08:19:59] INFO: Acc: 81.27%
[13937] [2025-01-14 08:19:59] INFO: --------------------------------------------
[13937] [2025-01-14 08:19:59] INFO: Iteration 56/100
[13937] [2025-01-14 08:20:04] INFO: Acc: 84.30%
[13937] [2025-01-14 08:20:04] INFO: --------------------------------------------
[13937] [2025-01-14 08:20:04] INFO: Iteration 57/100
[13937] [2025-01-14 08:20:10] INFO: Acc: 80.50%
[13937] [2025-01-14 08:20:10] INFO: --------------------------------------------
[13937] [2025-01-14 08:20:10] INFO: Iteration 58/100
[13937] [2025-01-14 08:20:13] INFO: Acc: 81.23%
[13937] [2025-01-14 08:20:13] INFO: --------------------------------------------
[13937] [2025-01-14 08:20:13] INFO: Iteration 59/100
[13937] [2025-01-14 08:20:18] INFO: Acc: 82.70%
[13937] [2025-01-14 08:20:18] INFO: --------------------------------------------
[13937] [2025-01-14 08:20:18] INFO: Iteration 60/100
[13937] [2025-01-14 08:20:22] INFO: Acc: 80.67%
[13937] [2025-01-14 08:20:22] INFO: --------------------------------------------
[13937] [2025-01-14 08:20:22] INFO: Iteration 61/100
[13937] [2025-01-14 08:20:27] INFO: Acc: 82.63%
[13937] [2025-01-14 08:20:27] INFO: --------------------------------------------
[13937] [2025-01-14 08:20:27] INFO: Iteration 62/100
[13937] [2025-01-14 08:20:31] INFO: Acc: 81.30%
[13937] [2025-01-14 08:20:31] INFO: --------------------------------------------
[13937] [2025-01-14 08:20:31] INFO: Iteration 63/100
[13937] [2025-01-14 08:20:35] INFO: Acc: 82.40%
[13937] [2025-01-14 08:20:35] INFO: --------------------------------------------
[13937] [2025-01-14 08:20:35] INFO: Iteration 64/100
[13937] [2025-01-14 08:20:41] INFO: Acc: 81.43%
[13937] [2025-01-14 08:20:41] INFO: --------------------------------------------
[13937] [2025-01-14 08:20:41] INFO: Iteration 65/100
[13937] [2025-01-14 08:20:45] INFO: Acc: 81.13%
[13937] [2025-01-14 08:20:45] INFO: --------------------------------------------
[13937] [2025-01-14 08:20:45] INFO: Iteration 66/100
[13937] [2025-01-14 08:20:50] INFO: Acc: 82.43%
[13937] [2025-01-14 08:20:50] INFO: --------------------------------------------
[13937] [2025-01-14 08:20:50] INFO: Iteration 67/100
[13937] [2025-01-14 08:20:53] INFO: Acc: 82.00%
[13937] [2025-01-14 08:20:53] INFO: --------------------------------------------
[13937] [2025-01-14 08:20:53] INFO: Iteration 68/100
[13937] [2025-01-14 08:20:58] INFO: Acc: 80.63%
[13937] [2025-01-14 08:20:58] INFO: --------------------------------------------
[13937] [2025-01-14 08:20:58] INFO: Iteration 69/100
[13937] [2025-01-14 08:21:03] INFO: Acc: 78.93%
[13937] [2025-01-14 08:21:03] INFO: --------------------------------------------
[13937] [2025-01-14 08:21:03] INFO: Iteration 70/100
[13937] [2025-01-14 08:21:08] INFO: Acc: 83.20%
[13937] [2025-01-14 08:21:08] INFO: --------------------------------------------
[13937] [2025-01-14 08:21:08] INFO: Iteration 71/100
[13937] [2025-01-14 08:21:13] INFO: Acc: 81.30%
[13937] [2025-01-14 08:21:13] INFO: --------------------------------------------
[13937] [2025-01-14 08:21:13] INFO: Iteration 72/100
[13937] [2025-01-14 08:21:16] INFO: Acc: 80.27%
[13937] [2025-01-14 08:21:16] INFO: --------------------------------------------
[13937] [2025-01-14 08:21:16] INFO: Iteration 73/100
[13937] [2025-01-14 08:21:21] INFO: Acc: 83.10%
[13937] [2025-01-14 08:21:21] INFO: --------------------------------------------
[13937] [2025-01-14 08:21:21] INFO: Iteration 74/100
[13937] [2025-01-14 08:21:25] INFO: Acc: 80.90%
[13937] [2025-01-14 08:21:25] INFO: --------------------------------------------
[13937] [2025-01-14 08:21:25] INFO: Iteration 75/100
[13937] [2025-01-14 08:21:29] INFO: Acc: 80.73%
[13937] [2025-01-14 08:21:29] INFO: --------------------------------------------
[13937] [2025-01-14 08:21:29] INFO: Iteration 76/100
[13937] [2025-01-14 08:21:35] INFO: Acc: 83.03%
[13937] [2025-01-14 08:21:35] INFO: --------------------------------------------
[13937] [2025-01-14 08:21:35] INFO: Iteration 77/100
[13937] [2025-01-14 08:21:39] INFO: Acc: 81.87%
[13937] [2025-01-14 08:21:39] INFO: --------------------------------------------
[13937] [2025-01-14 08:21:39] INFO: Iteration 78/100
[13937] [2025-01-14 08:21:44] INFO: Acc: 81.33%
[13937] [2025-01-14 08:21:44] INFO: --------------------------------------------
[13937] [2025-01-14 08:21:44] INFO: Iteration 79/100
[13937] [2025-01-14 08:21:47] INFO: Acc: 79.43%
[13937] [2025-01-14 08:21:47] INFO: --------------------------------------------
[13937] [2025-01-14 08:21:47] INFO: Iteration 80/100
[13937] [2025-01-14 08:21:52] INFO: Acc: 80.90%
[13937] [2025-01-14 08:21:52] INFO: --------------------------------------------
[13937] [2025-01-14 08:21:52] INFO: Iteration 81/100
[13937] [2025-01-14 08:21:57] INFO: Acc: 80.93%
[13937] [2025-01-14 08:21:57] INFO: --------------------------------------------
[13937] [2025-01-14 08:21:57] INFO: Iteration 82/100
[13937] [2025-01-14 08:22:01] INFO: Acc: 79.83%
[13937] [2025-01-14 08:22:01] INFO: --------------------------------------------
[13937] [2025-01-14 08:22:01] INFO: Iteration 83/100
[13937] [2025-01-14 08:22:06] INFO: Acc: 83.80%
[13937] [2025-01-14 08:22:06] INFO: --------------------------------------------
[13937] [2025-01-14 08:22:06] INFO: Iteration 84/100
[13937] [2025-01-14 08:22:10] INFO: Acc: 79.80%
[13937] [2025-01-14 08:22:10] INFO: --------------------------------------------
[13937] [2025-01-14 08:22:10] INFO: Iteration 85/100
[13937] [2025-01-14 08:22:15] INFO: Acc: 81.60%
[13937] [2025-01-14 08:22:15] INFO: --------------------------------------------
[13937] [2025-01-14 08:22:15] INFO: Iteration 86/100
[13937] [2025-01-14 08:22:19] INFO: Acc: 82.10%
[13937] [2025-01-14 08:22:19] INFO: --------------------------------------------
[13937] [2025-01-14 08:22:19] INFO: Iteration 87/100
[13937] [2025-01-14 08:22:23] INFO: Acc: 79.33%
[13937] [2025-01-14 08:22:24] INFO: --------------------------------------------
[13937] [2025-01-14 08:22:24] INFO: Iteration 88/100
[13937] [2025-01-14 08:22:29] INFO: Acc: 81.90%
[13937] [2025-01-14 08:22:29] INFO: --------------------------------------------
[13937] [2025-01-14 08:22:29] INFO: Iteration 89/100
[13937] [2025-01-14 08:22:34] INFO: Acc: 82.13%
[13937] [2025-01-14 08:22:34] INFO: --------------------------------------------
[13937] [2025-01-14 08:22:34] INFO: Iteration 90/100
[13937] [2025-01-14 08:22:38] INFO: Acc: 79.97%
[13937] [2025-01-14 08:22:38] INFO: --------------------------------------------
[13937] [2025-01-14 08:22:38] INFO: Iteration 91/100
[13937] [2025-01-14 08:22:43] INFO: Acc: 82.77%
[13937] [2025-01-14 08:22:43] INFO: --------------------------------------------
[13937] [2025-01-14 08:22:43] INFO: Iteration 92/100
[13937] [2025-01-14 08:22:48] INFO: Acc: 82.90%
[13937] [2025-01-14 08:22:48] INFO: --------------------------------------------
[13937] [2025-01-14 08:22:48] INFO: Iteration 93/100
[13937] [2025-01-14 08:22:54] INFO: Acc: 81.60%
[13937] [2025-01-14 08:22:54] INFO: --------------------------------------------
[13937] [2025-01-14 08:22:54] INFO: Iteration 94/100
[13937] [2025-01-14 08:22:57] INFO: Acc: 78.77%
[13937] [2025-01-14 08:22:57] INFO: --------------------------------------------
[13937] [2025-01-14 08:22:57] INFO: Iteration 95/100
[13937] [2025-01-14 08:23:02] INFO: Acc: 81.73%
[13937] [2025-01-14 08:23:02] INFO: --------------------------------------------
[13937] [2025-01-14 08:23:02] INFO: Iteration 96/100
[13937] [2025-01-14 08:23:07] INFO: Acc: 82.63%
[13937] [2025-01-14 08:23:07] INFO: --------------------------------------------
[13937] [2025-01-14 08:23:07] INFO: Iteration 97/100
[13937] [2025-01-14 08:23:12] INFO: Acc: 83.97%
[13937] [2025-01-14 08:23:12] INFO: --------------------------------------------
[13937] [2025-01-14 08:23:12] INFO: Iteration 98/100
[13937] [2025-01-14 08:23:17] INFO: Acc: 81.83%
[13937] [2025-01-14 08:23:17] INFO: --------------------------------------------
[13937] [2025-01-14 08:23:17] INFO: Iteration 99/100
[13937] [2025-01-14 08:23:21] INFO: Acc: 79.57%
[13937] [2025-01-14 08:23:21] INFO: --------------------------------------------
[13937] [2025-01-14 08:23:21] INFO: Iteration 100/100
[13937] [2025-01-14 08:23:26] INFO: Acc: 80.37%
