[459021] [2025-01-14 10:13:39] INFO: ==> Running file: /autodl-fs/data/PythonProject/P3MC/downstream.py
[459021] [2025-01-14 10:13:39] INFO: ==> Config: {'exp_name': 'CVTSLANet_ads-b_iq_PT_powerNorm_FT_powerNorm', 'exp_type': 'Downstream_random_rot', 'random_seed': 2024, 'platform': 'linux', 'device': 'cuda', 'iteration': 100, 'epoch': 100, 'dataset': {'name': 'ads-b', 'root': '~/Datasets/ADS-B', 'type': 'iq', 'normalize': 'power', 'train_batch_size': 30, 'test_batch_size': 30, 'ratio': 0.2, 'num_classes': 30, 'shot': 15, 'snr': None}, 'encoder': {'name': 'CVTSLANet', 'root': 'models/KANTSLANet2Feature.py', 'feature_dim': 1024, 'pretrain_path': './runs/Pretext_random_rot/CVTSLANet_ads-b_iq_powerNorm/best_encoder.pth', 'TSLA_config': {'seq_len': 4800, 'patch_size': 32, 'num_channels': 2, 'emb_dim': 256, 'depth': 3, 'dropout_rate': 0.3}}, 'classifier': {'name': 'linear', 'root': 'models/LinearClassifier.py', 'in_dim': 1024, 'ratio': 0.2, 'num_classes': 30}, 'optimizer': {'lr': 0.001, 'weight_decay': 0}, 'extra_info': '', 'exp_path': 'runs/Downstream_random_rot/CVTSLANet_ads-b_iq_PT_powerNorm_FT_powerNorm/15Shot/0114_101339', 'save_path': 'runs/Downstream_random_rot/CVTSLANet_ads-b_iq_PT_powerNorm_FT_powerNorm'}
[459021] [2025-01-14 10:13:39] INFO: --------------------------------------------
[459021] [2025-01-14 10:13:39] INFO: Iteration 1/100
[459021] [2025-01-14 10:14:31] INFO: ==> Train Set: Acc: 100.00%, Loss: 0.00769017, Best model in epoch 95
[459021] [2025-01-14 10:14:32] INFO: ==> Test Set: Acc: 86.90%, Loss: 0.62875726
[459021] [2025-01-14 10:14:32] INFO: --------------------------------------------
[459021] [2025-01-14 10:14:32] INFO: Iteration 2/100
[459021] [2025-01-14 10:15:30] INFO: ==> Train Set: Acc: 100.00%, Loss: 0.01136535, Best model in epoch 89
[459021] [2025-01-14 10:15:31] INFO: ==> Test Set: Acc: 88.33%, Loss: 0.51556325
[459021] [2025-01-14 10:15:31] INFO: --------------------------------------------
[459021] [2025-01-14 10:15:31] INFO: Iteration 3/100
[459021] [2025-01-14 10:16:56] INFO: ==> Train Set: Acc: 99.56%, Loss: 0.00985437, Best model in epoch 98
[459021] [2025-01-14 10:16:58] INFO: ==> Test Set: Acc: 85.03%, Loss: 0.74124852
[459021] [2025-01-14 10:16:58] INFO: --------------------------------------------
[459021] [2025-01-14 10:16:58] INFO: Iteration 4/100
[459021] [2025-01-14 10:18:22] INFO: ==> Train Set: Acc: 99.78%, Loss: 0.00492035, Best model in epoch 90
[459021] [2025-01-14 10:18:24] INFO: ==> Test Set: Acc: 86.33%, Loss: 0.66514799
[459021] [2025-01-14 10:18:24] INFO: --------------------------------------------
[459021] [2025-01-14 10:18:24] INFO: Iteration 5/100
[459021] [2025-01-14 10:19:47] INFO: ==> Train Set: Acc: 100.00%, Loss: 0.00540310, Best model in epoch 84
[459021] [2025-01-14 10:19:49] INFO: ==> Test Set: Acc: 85.23%, Loss: 0.66480550
[459021] [2025-01-14 10:19:49] INFO: --------------------------------------------
[459021] [2025-01-14 10:19:49] INFO: Iteration 6/100
[459021] [2025-01-14 10:21:13] INFO: ==> Train Set: Acc: 99.56%, Loss: 0.01317382, Best model in epoch 95
[459021] [2025-01-14 10:21:14] INFO: ==> Test Set: Acc: 85.87%, Loss: 0.66575592
[459021] [2025-01-14 10:21:14] INFO: --------------------------------------------
[459021] [2025-01-14 10:21:14] INFO: Iteration 7/100
[459021] [2025-01-14 10:22:40] INFO: ==> Train Set: Acc: 100.00%, Loss: 0.00495827, Best model in epoch 86
[459021] [2025-01-14 10:22:41] INFO: ==> Test Set: Acc: 84.30%, Loss: 0.75575033
[459021] [2025-01-14 10:22:41] INFO: --------------------------------------------
[459021] [2025-01-14 10:22:41] INFO: Iteration 8/100
[459021] [2025-01-14 10:24:06] INFO: ==> Train Set: Acc: 99.78%, Loss: 0.00915685, Best model in epoch 98
[459021] [2025-01-14 10:24:08] INFO: ==> Test Set: Acc: 87.20%, Loss: 0.63562682
[459021] [2025-01-14 10:24:08] INFO: --------------------------------------------
[459021] [2025-01-14 10:24:08] INFO: Iteration 9/100
[459021] [2025-01-14 10:25:32] INFO: ==> Train Set: Acc: 99.56%, Loss: 0.01633537, Best model in epoch 97
[459021] [2025-01-14 10:25:34] INFO: ==> Test Set: Acc: 87.03%, Loss: 0.62484379
[459021] [2025-01-14 10:25:34] INFO: --------------------------------------------
[459021] [2025-01-14 10:25:34] INFO: Iteration 10/100
[459021] [2025-01-14 10:26:57] INFO: ==> Train Set: Acc: 100.00%, Loss: 0.00370364, Best model in epoch 86
[459021] [2025-01-14 10:26:59] INFO: ==> Test Set: Acc: 86.90%, Loss: 0.65402836
[459021] [2025-01-14 10:26:59] INFO: --------------------------------------------
[459021] [2025-01-14 10:26:59] INFO: Iteration 11/100
[459021] [2025-01-14 10:28:23] INFO: ==> Train Set: Acc: 99.78%, Loss: 0.01129517, Best model in epoch 93
[459021] [2025-01-14 10:28:25] INFO: ==> Test Set: Acc: 88.37%, Loss: 0.49541896
[459021] [2025-01-14 10:28:25] INFO: --------------------------------------------
[459021] [2025-01-14 10:28:25] INFO: Iteration 12/100
[459021] [2025-01-14 10:29:51] INFO: ==> Train Set: Acc: 99.78%, Loss: 0.01106640, Best model in epoch 82
[459021] [2025-01-14 10:29:52] INFO: ==> Test Set: Acc: 82.67%, Loss: 1.06538141
[459021] [2025-01-14 10:29:52] INFO: --------------------------------------------
[459021] [2025-01-14 10:29:52] INFO: Iteration 13/100
[459021] [2025-01-14 10:31:16] INFO: ==> Train Set: Acc: 100.00%, Loss: 0.00941410, Best model in epoch 79
[459021] [2025-01-14 10:31:18] INFO: ==> Test Set: Acc: 84.67%, Loss: 0.69602368
[459021] [2025-01-14 10:31:18] INFO: --------------------------------------------
[459021] [2025-01-14 10:31:18] INFO: Iteration 14/100
[459021] [2025-01-14 10:32:42] INFO: ==> Train Set: Acc: 99.56%, Loss: 0.01029793, Best model in epoch 99
[459021] [2025-01-14 10:32:44] INFO: ==> Test Set: Acc: 84.93%, Loss: 0.71219646
[459021] [2025-01-14 10:32:44] INFO: --------------------------------------------
[459021] [2025-01-14 10:32:44] INFO: Iteration 15/100
[459021] [2025-01-14 10:34:08] INFO: ==> Train Set: Acc: 99.78%, Loss: 0.00941265, Best model in epoch 82
[459021] [2025-01-14 10:34:09] INFO: ==> Test Set: Acc: 87.97%, Loss: 0.52393931
[459021] [2025-01-14 10:34:09] INFO: --------------------------------------------
[459021] [2025-01-14 10:34:09] INFO: Iteration 16/100
[459021] [2025-01-14 10:35:36] INFO: ==> Train Set: Acc: 99.56%, Loss: 0.01179990, Best model in epoch 60
[459021] [2025-01-14 10:35:37] INFO: ==> Test Set: Acc: 84.23%, Loss: 0.70884382
[459021] [2025-01-14 10:35:37] INFO: --------------------------------------------
[459021] [2025-01-14 10:35:37] INFO: Iteration 17/100
[459021] [2025-01-14 10:37:01] INFO: ==> Train Set: Acc: 99.78%, Loss: 0.01051158, Best model in epoch 90
[459021] [2025-01-14 10:37:03] INFO: ==> Test Set: Acc: 87.37%, Loss: 0.57333282
[459021] [2025-01-14 10:37:03] INFO: --------------------------------------------
[459021] [2025-01-14 10:37:03] INFO: Iteration 18/100
[459021] [2025-01-14 10:38:27] INFO: ==> Train Set: Acc: 99.56%, Loss: 0.01353664, Best model in epoch 83
[459021] [2025-01-14 10:38:29] INFO: ==> Test Set: Acc: 84.90%, Loss: 0.72319986
[459021] [2025-01-14 10:38:29] INFO: --------------------------------------------
[459021] [2025-01-14 10:38:29] INFO: Iteration 19/100
[459021] [2025-01-14 10:40:14] INFO: ==> Train Set: Acc: 99.78%, Loss: 0.01162305, Best model in epoch 56
[459021] [2025-01-14 10:40:16] INFO: ==> Test Set: Acc: 87.63%, Loss: 0.53690742
[459021] [2025-01-14 10:40:16] INFO: --------------------------------------------
[459021] [2025-01-14 10:40:16] INFO: Iteration 20/100
[459021] [2025-01-14 10:42:23] INFO: ==> Train Set: Acc: 99.78%, Loss: 0.00436432, Best model in epoch 92
[459021] [2025-01-14 10:42:26] INFO: ==> Test Set: Acc: 84.07%, Loss: 0.78094637
[459021] [2025-01-14 10:42:26] INFO: --------------------------------------------
[459021] [2025-01-14 10:42:26] INFO: Iteration 21/100
[459021] [2025-01-14 10:44:45] INFO: ==> Train Set: Acc: 99.78%, Loss: 0.00752740, Best model in epoch 93
[459021] [2025-01-14 10:44:48] INFO: ==> Test Set: Acc: 86.60%, Loss: 0.74218791
[459021] [2025-01-14 10:44:48] INFO: --------------------------------------------
[459021] [2025-01-14 10:44:48] INFO: Iteration 22/100
[459021] [2025-01-14 10:47:07] INFO: ==> Train Set: Acc: 99.78%, Loss: 0.01353041, Best model in epoch 71
[459021] [2025-01-14 10:47:10] INFO: ==> Test Set: Acc: 85.33%, Loss: 0.70391616
[459021] [2025-01-14 10:47:10] INFO: --------------------------------------------
[459021] [2025-01-14 10:47:10] INFO: Iteration 23/100
[459021] [2025-01-14 10:49:29] INFO: ==> Train Set: Acc: 99.78%, Loss: 0.01666743, Best model in epoch 47
[459021] [2025-01-14 10:49:32] INFO: ==> Test Set: Acc: 86.80%, Loss: 0.63467502
[459021] [2025-01-14 10:49:33] INFO: --------------------------------------------
[459021] [2025-01-14 10:49:33] INFO: Iteration 24/100
[459021] [2025-01-14 10:51:52] INFO: ==> Train Set: Acc: 99.78%, Loss: 0.01041867, Best model in epoch 98
[459021] [2025-01-14 10:51:55] INFO: ==> Test Set: Acc: 87.67%, Loss: 0.57676473
[459021] [2025-01-14 10:51:55] INFO: --------------------------------------------
[459021] [2025-01-14 10:51:55] INFO: Iteration 25/100
[459021] [2025-01-14 10:54:14] INFO: ==> Train Set: Acc: 99.56%, Loss: 0.01471760, Best model in epoch 81
[459021] [2025-01-14 10:54:17] INFO: ==> Test Set: Acc: 83.70%, Loss: 0.85146063
[459021] [2025-01-14 10:54:17] INFO: --------------------------------------------
[459021] [2025-01-14 10:54:17] INFO: Iteration 26/100
[459021] [2025-01-14 10:56:34] INFO: ==> Train Set: Acc: 100.00%, Loss: 0.00399050, Best model in epoch 98
[459021] [2025-01-14 10:56:38] INFO: ==> Test Set: Acc: 86.07%, Loss: 0.66222770
[459021] [2025-01-14 10:56:38] INFO: --------------------------------------------
[459021] [2025-01-14 10:56:38] INFO: Iteration 27/100
[459021] [2025-01-14 10:58:56] INFO: ==> Train Set: Acc: 99.78%, Loss: 0.01060330, Best model in epoch 71
[459021] [2025-01-14 10:58:59] INFO: ==> Test Set: Acc: 83.27%, Loss: 0.75618209
[459021] [2025-01-14 10:58:59] INFO: --------------------------------------------
[459021] [2025-01-14 10:58:59] INFO: Iteration 28/100
[459021] [2025-01-14 11:01:17] INFO: ==> Train Set: Acc: 99.78%, Loss: 0.00967671, Best model in epoch 86
[459021] [2025-01-14 11:01:21] INFO: ==> Test Set: Acc: 85.50%, Loss: 0.65975011
[459021] [2025-01-14 11:01:21] INFO: --------------------------------------------
[459021] [2025-01-14 11:01:21] INFO: Iteration 29/100
[459021] [2025-01-14 11:03:41] INFO: ==> Train Set: Acc: 100.00%, Loss: 0.00603045, Best model in epoch 93
[459021] [2025-01-14 11:03:44] INFO: ==> Test Set: Acc: 83.00%, Loss: 0.83147151
[459021] [2025-01-14 11:03:44] INFO: --------------------------------------------
[459021] [2025-01-14 11:03:44] INFO: Iteration 30/100
[459021] [2025-01-14 11:06:01] INFO: ==> Train Set: Acc: 99.56%, Loss: 0.01322642, Best model in epoch 58
[459021] [2025-01-14 11:06:04] INFO: ==> Test Set: Acc: 84.83%, Loss: 0.75876768
[459021] [2025-01-14 11:06:04] INFO: --------------------------------------------
[459021] [2025-01-14 11:06:04] INFO: Iteration 31/100
[459021] [2025-01-14 11:08:21] INFO: ==> Train Set: Acc: 99.56%, Loss: 0.01469766, Best model in epoch 66
[459021] [2025-01-14 11:08:24] INFO: ==> Test Set: Acc: 87.10%, Loss: 0.60570450
[459021] [2025-01-14 11:08:24] INFO: --------------------------------------------
[459021] [2025-01-14 11:08:24] INFO: Iteration 32/100
[459021] [2025-01-14 11:10:42] INFO: ==> Train Set: Acc: 99.78%, Loss: 0.01096856, Best model in epoch 89
[459021] [2025-01-14 11:10:44] INFO: ==> Test Set: Acc: 86.37%, Loss: 0.63153190
[459021] [2025-01-14 11:10:44] INFO: --------------------------------------------
[459021] [2025-01-14 11:10:44] INFO: Iteration 33/100
[459021] [2025-01-14 11:13:02] INFO: ==> Train Set: Acc: 100.00%, Loss: 0.00700946, Best model in epoch 78
[459021] [2025-01-14 11:13:05] INFO: ==> Test Set: Acc: 85.40%, Loss: 0.73255614
[459021] [2025-01-14 11:13:06] INFO: --------------------------------------------
[459021] [2025-01-14 11:13:06] INFO: Iteration 34/100
[459021] [2025-01-14 11:15:20] INFO: ==> Train Set: Acc: 100.00%, Loss: 0.00886917, Best model in epoch 64
[459021] [2025-01-14 11:15:23] INFO: ==> Test Set: Acc: 85.07%, Loss: 0.67452947
[459021] [2025-01-14 11:15:23] INFO: --------------------------------------------
[459021] [2025-01-14 11:15:23] INFO: Iteration 35/100
[459021] [2025-01-14 11:17:37] INFO: ==> Train Set: Acc: 99.78%, Loss: 0.00701046, Best model in epoch 97
[459021] [2025-01-14 11:17:40] INFO: ==> Test Set: Acc: 85.17%, Loss: 0.71196813
[459021] [2025-01-14 11:17:40] INFO: --------------------------------------------
[459021] [2025-01-14 11:17:40] INFO: Iteration 36/100
[459021] [2025-01-14 11:19:53] INFO: ==> Train Set: Acc: 99.56%, Loss: 0.01166419, Best model in epoch 74
[459021] [2025-01-14 11:19:56] INFO: ==> Test Set: Acc: 86.00%, Loss: 0.65497616
[459021] [2025-01-14 11:19:56] INFO: --------------------------------------------
[459021] [2025-01-14 11:19:56] INFO: Iteration 37/100
[459021] [2025-01-14 11:22:13] INFO: ==> Train Set: Acc: 100.00%, Loss: 0.00572728, Best model in epoch 57
[459021] [2025-01-14 11:22:16] INFO: ==> Test Set: Acc: 87.90%, Loss: 0.54724382
[459021] [2025-01-14 11:22:16] INFO: --------------------------------------------
[459021] [2025-01-14 11:22:16] INFO: Iteration 38/100
[459021] [2025-01-14 11:24:33] INFO: ==> Train Set: Acc: 99.78%, Loss: 0.01617262, Best model in epoch 70
[459021] [2025-01-14 11:24:35] INFO: ==> Test Set: Acc: 83.07%, Loss: 0.94649114
[459021] [2025-01-14 11:24:35] INFO: --------------------------------------------
[459021] [2025-01-14 11:24:35] INFO: Iteration 39/100
[459021] [2025-01-14 11:26:52] INFO: ==> Train Set: Acc: 100.00%, Loss: 0.00783296, Best model in epoch 61
[459021] [2025-01-14 11:26:55] INFO: ==> Test Set: Acc: 84.57%, Loss: 0.73026455
[459021] [2025-01-14 11:26:55] INFO: --------------------------------------------
[459021] [2025-01-14 11:26:55] INFO: Iteration 40/100
[459021] [2025-01-14 11:29:09] INFO: ==> Train Set: Acc: 99.78%, Loss: 0.01362585, Best model in epoch 90
[459021] [2025-01-14 11:29:12] INFO: ==> Test Set: Acc: 86.07%, Loss: 0.64282073
[459021] [2025-01-14 11:29:12] INFO: --------------------------------------------
[459021] [2025-01-14 11:29:12] INFO: Iteration 41/100
[459021] [2025-01-14 11:31:29] INFO: ==> Train Set: Acc: 99.56%, Loss: 0.01414619, Best model in epoch 82
[459021] [2025-01-14 11:31:33] INFO: ==> Test Set: Acc: 84.00%, Loss: 0.79628754
[459021] [2025-01-14 11:31:33] INFO: --------------------------------------------
[459021] [2025-01-14 11:31:33] INFO: Iteration 42/100
[459021] [2025-01-14 11:33:48] INFO: ==> Train Set: Acc: 99.56%, Loss: 0.01274157, Best model in epoch 84
[459021] [2025-01-14 11:33:51] INFO: ==> Test Set: Acc: 86.97%, Loss: 0.61576745
[459021] [2025-01-14 11:33:51] INFO: --------------------------------------------
[459021] [2025-01-14 11:33:51] INFO: Iteration 43/100
[459021] [2025-01-14 11:36:07] INFO: ==> Train Set: Acc: 99.78%, Loss: 0.00868698, Best model in epoch 88
[459021] [2025-01-14 11:36:10] INFO: ==> Test Set: Acc: 84.87%, Loss: 0.75900573
[459021] [2025-01-14 11:36:10] INFO: --------------------------------------------
[459021] [2025-01-14 11:36:10] INFO: Iteration 44/100
[459021] [2025-01-14 11:38:24] INFO: ==> Train Set: Acc: 100.00%, Loss: 0.01036425, Best model in epoch 82
[459021] [2025-01-14 11:38:26] INFO: ==> Test Set: Acc: 83.77%, Loss: 0.89978051
[459021] [2025-01-14 11:38:26] INFO: --------------------------------------------
[459021] [2025-01-14 11:38:26] INFO: Iteration 45/100
[459021] [2025-01-14 11:40:40] INFO: ==> Train Set: Acc: 99.56%, Loss: 0.01282626, Best model in epoch 88
[459021] [2025-01-14 11:40:44] INFO: ==> Test Set: Acc: 87.13%, Loss: 0.62500393
[459021] [2025-01-14 11:40:44] INFO: --------------------------------------------
[459021] [2025-01-14 11:40:44] INFO: Iteration 46/100
[459021] [2025-01-14 11:42:55] INFO: ==> Train Set: Acc: 99.56%, Loss: 0.01542143, Best model in epoch 83
[459021] [2025-01-14 11:42:58] INFO: ==> Test Set: Acc: 86.20%, Loss: 0.73196794
[459021] [2025-01-14 11:42:58] INFO: --------------------------------------------
[459021] [2025-01-14 11:42:58] INFO: Iteration 47/100
[459021] [2025-01-14 11:45:11] INFO: ==> Train Set: Acc: 99.33%, Loss: 0.01536881, Best model in epoch 86
[459021] [2025-01-14 11:45:14] INFO: ==> Test Set: Acc: 86.20%, Loss: 0.57226481
[459021] [2025-01-14 11:45:14] INFO: --------------------------------------------
[459021] [2025-01-14 11:45:14] INFO: Iteration 48/100
[459021] [2025-01-14 11:47:30] INFO: ==> Train Set: Acc: 99.56%, Loss: 0.01561863, Best model in epoch 85
[459021] [2025-01-14 11:47:33] INFO: ==> Test Set: Acc: 83.87%, Loss: 0.68113953
[459021] [2025-01-14 11:47:33] INFO: --------------------------------------------
[459021] [2025-01-14 11:47:33] INFO: Iteration 49/100
[459021] [2025-01-14 11:49:48] INFO: ==> Train Set: Acc: 99.56%, Loss: 0.01053790, Best model in epoch 60
[459021] [2025-01-14 11:49:51] INFO: ==> Test Set: Acc: 87.53%, Loss: 0.53737145
[459021] [2025-01-14 11:49:51] INFO: --------------------------------------------
[459021] [2025-01-14 11:49:51] INFO: Iteration 50/100
[459021] [2025-01-14 11:51:43] INFO: ==> Train Set: Acc: 99.56%, Loss: 0.01487998, Best model in epoch 92
[459021] [2025-01-14 11:51:44] INFO: ==> Test Set: Acc: 85.30%, Loss: 0.67088327
[459021] [2025-01-14 11:51:44] INFO: --------------------------------------------
[459021] [2025-01-14 11:51:44] INFO: Iteration 51/100
[459021] [2025-01-14 11:53:27] INFO: ==> Train Set: Acc: 99.56%, Loss: 0.01044056, Best model in epoch 91
[459021] [2025-01-14 11:53:29] INFO: ==> Test Set: Acc: 85.80%, Loss: 0.60353243
[459021] [2025-01-14 11:53:29] INFO: --------------------------------------------
[459021] [2025-01-14 11:53:29] INFO: Iteration 52/100
[459021] [2025-01-14 11:54:52] INFO: ==> Train Set: Acc: 100.00%, Loss: 0.01003561, Best model in epoch 95
[459021] [2025-01-14 11:54:54] INFO: ==> Test Set: Acc: 86.50%, Loss: 0.64671338
[459021] [2025-01-14 11:54:54] INFO: --------------------------------------------
[459021] [2025-01-14 11:54:54] INFO: Iteration 53/100
[459021] [2025-01-14 11:56:20] INFO: ==> Train Set: Acc: 99.56%, Loss: 0.01353207, Best model in epoch 94
[459021] [2025-01-14 11:56:22] INFO: ==> Test Set: Acc: 85.40%, Loss: 0.69493944
[459021] [2025-01-14 11:56:22] INFO: --------------------------------------------
[459021] [2025-01-14 11:56:22] INFO: Iteration 54/100
[459021] [2025-01-14 11:57:45] INFO: ==> Train Set: Acc: 99.78%, Loss: 0.01152887, Best model in epoch 57
[459021] [2025-01-14 11:57:47] INFO: ==> Test Set: Acc: 88.20%, Loss: 0.56502832
[459021] [2025-01-14 11:57:47] INFO: --------------------------------------------
[459021] [2025-01-14 11:57:47] INFO: Iteration 55/100
[459021] [2025-01-14 11:59:12] INFO: ==> Train Set: Acc: 99.78%, Loss: 0.00884905, Best model in epoch 95
[459021] [2025-01-14 11:59:13] INFO: ==> Test Set: Acc: 86.27%, Loss: 0.60156243
[459021] [2025-01-14 11:59:14] INFO: --------------------------------------------
[459021] [2025-01-14 11:59:14] INFO: Iteration 56/100
[459021] [2025-01-14 12:00:38] INFO: ==> Train Set: Acc: 100.00%, Loss: 0.00540454, Best model in epoch 97
[459021] [2025-01-14 12:00:39] INFO: ==> Test Set: Acc: 87.77%, Loss: 0.58847825
[459021] [2025-01-14 12:00:39] INFO: --------------------------------------------
[459021] [2025-01-14 12:00:39] INFO: Iteration 57/100
[459021] [2025-01-14 12:02:05] INFO: ==> Train Set: Acc: 100.00%, Loss: 0.00727024, Best model in epoch 84
[459021] [2025-01-14 12:02:07] INFO: ==> Test Set: Acc: 87.60%, Loss: 0.61162988
[459021] [2025-01-14 12:02:07] INFO: --------------------------------------------
[459021] [2025-01-14 12:02:07] INFO: Iteration 58/100
[459021] [2025-01-14 12:03:31] INFO: ==> Train Set: Acc: 99.78%, Loss: 0.00578439, Best model in epoch 99
[459021] [2025-01-14 12:03:33] INFO: ==> Test Set: Acc: 86.97%, Loss: 0.57924270
[459021] [2025-01-14 12:03:33] INFO: --------------------------------------------
[459021] [2025-01-14 12:03:33] INFO: Iteration 59/100
[459021] [2025-01-14 12:04:57] INFO: ==> Train Set: Acc: 100.00%, Loss: 0.00539942, Best model in epoch 97
[459021] [2025-01-14 12:04:59] INFO: ==> Test Set: Acc: 86.43%, Loss: 0.68568091
[459021] [2025-01-14 12:04:59] INFO: --------------------------------------------
[459021] [2025-01-14 12:04:59] INFO: Iteration 60/100
[459021] [2025-01-14 12:06:24] INFO: ==> Train Set: Acc: 99.78%, Loss: 0.00936912, Best model in epoch 83
[459021] [2025-01-14 12:06:25] INFO: ==> Test Set: Acc: 88.53%, Loss: 0.51763814
[459021] [2025-01-14 12:06:26] INFO: --------------------------------------------
[459021] [2025-01-14 12:06:26] INFO: Iteration 61/100
[459021] [2025-01-14 12:07:51] INFO: ==> Train Set: Acc: 99.33%, Loss: 0.01221690, Best model in epoch 86
[459021] [2025-01-14 12:07:52] INFO: ==> Test Set: Acc: 87.90%, Loss: 0.58993481
[459021] [2025-01-14 12:07:52] INFO: --------------------------------------------
[459021] [2025-01-14 12:07:52] INFO: Iteration 62/100
[459021] [2025-01-14 12:09:18] INFO: ==> Train Set: Acc: 99.56%, Loss: 0.01466280, Best model in epoch 99
[459021] [2025-01-14 12:09:20] INFO: ==> Test Set: Acc: 87.77%, Loss: 0.56903672
[459021] [2025-01-14 12:09:20] INFO: --------------------------------------------
[459021] [2025-01-14 12:09:20] INFO: Iteration 63/100
[459021] [2025-01-14 12:11:12] INFO: ==> Train Set: Acc: 99.78%, Loss: 0.00707640, Best model in epoch 97
[459021] [2025-01-14 12:11:15] INFO: ==> Test Set: Acc: 86.47%, Loss: 0.62550011
[459021] [2025-01-14 12:11:15] INFO: --------------------------------------------
[459021] [2025-01-14 12:11:15] INFO: Iteration 64/100
[459021] [2025-01-14 12:13:44] INFO: ==> Train Set: Acc: 100.00%, Loss: 0.00930293, Best model in epoch 87
[459021] [2025-01-14 12:13:48] INFO: ==> Test Set: Acc: 86.00%, Loss: 0.66783693
[459021] [2025-01-14 12:13:48] INFO: --------------------------------------------
[459021] [2025-01-14 12:13:48] INFO: Iteration 65/100
[459021] [2025-01-14 12:16:16] INFO: ==> Train Set: Acc: 99.11%, Loss: 0.01348680, Best model in epoch 91
[459021] [2025-01-14 12:16:20] INFO: ==> Test Set: Acc: 87.73%, Loss: 0.57786608
[459021] [2025-01-14 12:16:20] INFO: --------------------------------------------
[459021] [2025-01-14 12:16:20] INFO: Iteration 66/100
[459021] [2025-01-14 12:18:51] INFO: ==> Train Set: Acc: 100.00%, Loss: 0.00413233, Best model in epoch 97
[459021] [2025-01-14 12:18:54] INFO: ==> Test Set: Acc: 89.30%, Loss: 0.50081116
[459021] [2025-01-14 12:18:54] INFO: --------------------------------------------
[459021] [2025-01-14 12:18:54] INFO: Iteration 67/100
[459021] [2025-01-14 12:21:23] INFO: ==> Train Set: Acc: 100.00%, Loss: 0.00899313, Best model in epoch 78
[459021] [2025-01-14 12:21:26] INFO: ==> Test Set: Acc: 86.93%, Loss: 0.62599892
[459021] [2025-01-14 12:21:26] INFO: --------------------------------------------
[459021] [2025-01-14 12:21:26] INFO: Iteration 68/100
[459021] [2025-01-14 12:23:57] INFO: ==> Train Set: Acc: 99.78%, Loss: 0.00738236, Best model in epoch 96
[459021] [2025-01-14 12:24:00] INFO: ==> Test Set: Acc: 87.60%, Loss: 0.54533406
[459021] [2025-01-14 12:24:00] INFO: --------------------------------------------
[459021] [2025-01-14 12:24:00] INFO: Iteration 69/100
[459021] [2025-01-14 12:26:30] INFO: ==> Train Set: Acc: 99.56%, Loss: 0.00838568, Best model in epoch 70
[459021] [2025-01-14 12:26:34] INFO: ==> Test Set: Acc: 82.93%, Loss: 0.96635646
[459021] [2025-01-14 12:26:34] INFO: --------------------------------------------
[459021] [2025-01-14 12:26:34] INFO: Iteration 70/100
[459021] [2025-01-14 12:29:05] INFO: ==> Train Set: Acc: 99.78%, Loss: 0.00853885, Best model in epoch 65
[459021] [2025-01-14 12:29:08] INFO: ==> Test Set: Acc: 80.50%, Loss: 0.87148490
[459021] [2025-01-14 12:29:08] INFO: --------------------------------------------
[459021] [2025-01-14 12:29:08] INFO: Iteration 71/100
[459021] [2025-01-14 12:31:39] INFO: ==> Train Set: Acc: 99.33%, Loss: 0.01434485, Best model in epoch 71
[459021] [2025-01-14 12:31:42] INFO: ==> Test Set: Acc: 84.70%, Loss: 0.69298475
[459021] [2025-01-14 12:31:42] INFO: --------------------------------------------
[459021] [2025-01-14 12:31:42] INFO: Iteration 72/100
[459021] [2025-01-14 12:34:11] INFO: ==> Train Set: Acc: 99.56%, Loss: 0.01271292, Best model in epoch 76
[459021] [2025-01-14 12:34:14] INFO: ==> Test Set: Acc: 85.60%, Loss: 0.73619441
[459021] [2025-01-14 12:34:14] INFO: --------------------------------------------
[459021] [2025-01-14 12:34:14] INFO: Iteration 73/100
[459021] [2025-01-14 12:36:44] INFO: ==> Train Set: Acc: 100.00%, Loss: 0.00406685, Best model in epoch 92
[459021] [2025-01-14 12:36:48] INFO: ==> Test Set: Acc: 84.53%, Loss: 0.68997280
[459021] [2025-01-14 12:36:48] INFO: --------------------------------------------
[459021] [2025-01-14 12:36:48] INFO: Iteration 74/100
[459021] [2025-01-14 12:39:19] INFO: ==> Train Set: Acc: 99.78%, Loss: 0.01040042, Best model in epoch 98
[459021] [2025-01-14 12:39:22] INFO: ==> Test Set: Acc: 86.57%, Loss: 0.61766655
[459021] [2025-01-14 12:39:22] INFO: --------------------------------------------
[459021] [2025-01-14 12:39:22] INFO: Iteration 75/100
[459021] [2025-01-14 12:41:54] INFO: ==> Train Set: Acc: 99.78%, Loss: 0.01237478, Best model in epoch 93
[459021] [2025-01-14 12:41:56] INFO: ==> Test Set: Acc: 84.33%, Loss: 0.76805640
[459021] [2025-01-14 12:41:56] INFO: --------------------------------------------
[459021] [2025-01-14 12:41:56] INFO: Iteration 76/100
[459021] [2025-01-14 12:44:27] INFO: ==> Train Set: Acc: 100.00%, Loss: 0.00453579, Best model in epoch 92
[459021] [2025-01-14 12:44:30] INFO: ==> Test Set: Acc: 84.60%, Loss: 0.67179649
[459021] [2025-01-14 12:44:30] INFO: --------------------------------------------
[459021] [2025-01-14 12:44:30] INFO: Iteration 77/100
[459021] [2025-01-14 12:47:00] INFO: ==> Train Set: Acc: 100.00%, Loss: 0.00984236, Best model in epoch 76
[459021] [2025-01-14 12:47:04] INFO: ==> Test Set: Acc: 88.03%, Loss: 0.51995533
[459021] [2025-01-14 12:47:04] INFO: --------------------------------------------
[459021] [2025-01-14 12:47:04] INFO: Iteration 78/100
[459021] [2025-01-14 12:49:38] INFO: ==> Train Set: Acc: 99.33%, Loss: 0.01132867, Best model in epoch 96
[459021] [2025-01-14 12:49:42] INFO: ==> Test Set: Acc: 83.17%, Loss: 0.73480818
[459021] [2025-01-14 12:49:42] INFO: --------------------------------------------
[459021] [2025-01-14 12:49:42] INFO: Iteration 79/100
[459021] [2025-01-14 12:52:17] INFO: ==> Train Set: Acc: 99.78%, Loss: 0.01097425, Best model in epoch 91
[459021] [2025-01-14 12:52:21] INFO: ==> Test Set: Acc: 86.23%, Loss: 0.61731451
[459021] [2025-01-14 12:52:21] INFO: --------------------------------------------
[459021] [2025-01-14 12:52:21] INFO: Iteration 80/100
[459021] [2025-01-14 12:54:56] INFO: ==> Train Set: Acc: 99.78%, Loss: 0.00733568, Best model in epoch 72
[459021] [2025-01-14 12:54:59] INFO: ==> Test Set: Acc: 86.63%, Loss: 0.64211769
[459021] [2025-01-14 12:54:59] INFO: --------------------------------------------
[459021] [2025-01-14 12:54:59] INFO: Iteration 81/100
[459021] [2025-01-14 12:57:34] INFO: ==> Train Set: Acc: 99.56%, Loss: 0.01684941, Best model in epoch 99
[459021] [2025-01-14 12:57:37] INFO: ==> Test Set: Acc: 86.30%, Loss: 0.62545558
[459021] [2025-01-14 12:57:37] INFO: --------------------------------------------
[459021] [2025-01-14 12:57:37] INFO: Iteration 82/100
[459021] [2025-01-14 13:00:13] INFO: ==> Train Set: Acc: 99.33%, Loss: 0.01539138, Best model in epoch 75
[459021] [2025-01-14 13:00:17] INFO: ==> Test Set: Acc: 86.03%, Loss: 0.67204802
[459021] [2025-01-14 13:00:17] INFO: --------------------------------------------
[459021] [2025-01-14 13:00:17] INFO: Iteration 83/100
[459021] [2025-01-14 13:02:50] INFO: ==> Train Set: Acc: 99.33%, Loss: 0.01533684, Best model in epoch 81
[459021] [2025-01-14 13:02:54] INFO: ==> Test Set: Acc: 84.73%, Loss: 0.73723101
[459021] [2025-01-14 13:02:54] INFO: --------------------------------------------
[459021] [2025-01-14 13:02:54] INFO: Iteration 84/100
[459021] [2025-01-14 13:05:28] INFO: ==> Train Set: Acc: 100.00%, Loss: 0.01203513, Best model in epoch 54
[459021] [2025-01-14 13:05:31] INFO: ==> Test Set: Acc: 86.47%, Loss: 0.58981434
[459021] [2025-01-14 13:05:31] INFO: --------------------------------------------
[459021] [2025-01-14 13:05:31] INFO: Iteration 85/100
[459021] [2025-01-14 13:08:06] INFO: ==> Train Set: Acc: 99.78%, Loss: 0.00913455, Best model in epoch 97
[459021] [2025-01-14 13:08:10] INFO: ==> Test Set: Acc: 86.57%, Loss: 0.60769735
[459021] [2025-01-14 13:08:10] INFO: --------------------------------------------
[459021] [2025-01-14 13:08:10] INFO: Iteration 86/100
[459021] [2025-01-14 13:10:46] INFO: ==> Train Set: Acc: 100.00%, Loss: 0.00891452, Best model in epoch 75
[459021] [2025-01-14 13:10:50] INFO: ==> Test Set: Acc: 86.23%, Loss: 0.64370522
[459021] [2025-01-14 13:10:50] INFO: --------------------------------------------
[459021] [2025-01-14 13:10:50] INFO: Iteration 87/100
[459021] [2025-01-14 13:13:25] INFO: ==> Train Set: Acc: 100.00%, Loss: 0.00866422, Best model in epoch 93
[459021] [2025-01-14 13:13:28] INFO: ==> Test Set: Acc: 84.30%, Loss: 0.74744669
[459021] [2025-01-14 13:13:28] INFO: --------------------------------------------
[459021] [2025-01-14 13:13:28] INFO: Iteration 88/100
[459021] [2025-01-14 13:16:05] INFO: ==> Train Set: Acc: 100.00%, Loss: 0.00560565, Best model in epoch 99
[459021] [2025-01-14 13:16:08] INFO: ==> Test Set: Acc: 88.30%, Loss: 0.55899400
[459021] [2025-01-14 13:16:08] INFO: --------------------------------------------
[459021] [2025-01-14 13:16:08] INFO: Iteration 89/100
[459021] [2025-01-14 13:18:44] INFO: ==> Train Set: Acc: 99.78%, Loss: 0.01014674, Best model in epoch 95
[459021] [2025-01-14 13:18:47] INFO: ==> Test Set: Acc: 84.77%, Loss: 0.69311075
[459021] [2025-01-14 13:18:47] INFO: --------------------------------------------
[459021] [2025-01-14 13:18:47] INFO: Iteration 90/100
[459021] [2025-01-14 13:21:12] INFO: ==> Train Set: Acc: 99.56%, Loss: 0.00772161, Best model in epoch 78
[459021] [2025-01-14 13:21:15] INFO: ==> Test Set: Acc: 86.43%, Loss: 0.59822704
[459021] [2025-01-14 13:21:15] INFO: --------------------------------------------
[459021] [2025-01-14 13:21:15] INFO: Iteration 91/100
[459021] [2025-01-14 13:23:22] INFO: ==> Train Set: Acc: 99.78%, Loss: 0.00853777, Best model in epoch 96
[459021] [2025-01-14 13:23:25] INFO: ==> Test Set: Acc: 85.97%, Loss: 0.64121737
[459021] [2025-01-14 13:23:25] INFO: --------------------------------------------
[459021] [2025-01-14 13:23:25] INFO: Iteration 92/100
[459021] [2025-01-14 13:25:30] INFO: ==> Train Set: Acc: 99.56%, Loss: 0.01498111, Best model in epoch 70
[459021] [2025-01-14 13:25:33] INFO: ==> Test Set: Acc: 86.33%, Loss: 0.65540957
[459021] [2025-01-14 13:25:33] INFO: --------------------------------------------
[459021] [2025-01-14 13:25:33] INFO: Iteration 93/100
[459021] [2025-01-14 13:27:38] INFO: ==> Train Set: Acc: 99.78%, Loss: 0.00876735, Best model in epoch 53
[459021] [2025-01-14 13:27:41] INFO: ==> Test Set: Acc: 87.37%, Loss: 0.62397394
[459021] [2025-01-14 13:27:41] INFO: --------------------------------------------
[459021] [2025-01-14 13:27:41] INFO: Iteration 94/100
[459021] [2025-01-14 13:29:46] INFO: ==> Train Set: Acc: 99.78%, Loss: 0.00789164, Best model in epoch 90
[459021] [2025-01-14 13:29:49] INFO: ==> Test Set: Acc: 87.73%, Loss: 0.55200577
[459021] [2025-01-14 13:29:49] INFO: --------------------------------------------
[459021] [2025-01-14 13:29:49] INFO: Iteration 95/100
[459021] [2025-01-14 13:31:55] INFO: ==> Train Set: Acc: 99.78%, Loss: 0.01000701, Best model in epoch 73
[459021] [2025-01-14 13:31:58] INFO: ==> Test Set: Acc: 85.80%, Loss: 0.71978308
[459021] [2025-01-14 13:31:58] INFO: --------------------------------------------
[459021] [2025-01-14 13:31:58] INFO: Iteration 96/100
[459021] [2025-01-14 13:34:03] INFO: ==> Train Set: Acc: 99.78%, Loss: 0.01399356, Best model in epoch 93
[459021] [2025-01-14 13:34:05] INFO: ==> Test Set: Acc: 84.80%, Loss: 0.72544113
[459021] [2025-01-14 13:34:05] INFO: --------------------------------------------
[459021] [2025-01-14 13:34:05] INFO: Iteration 97/100
[459021] [2025-01-14 13:36:08] INFO: ==> Train Set: Acc: 99.56%, Loss: 0.00962347, Best model in epoch 81
[459021] [2025-01-14 13:36:11] INFO: ==> Test Set: Acc: 87.07%, Loss: 0.61234551
[459021] [2025-01-14 13:36:11] INFO: --------------------------------------------
[459021] [2025-01-14 13:36:11] INFO: Iteration 98/100
[459021] [2025-01-14 13:38:16] INFO: ==> Train Set: Acc: 99.56%, Loss: 0.01600007, Best model in epoch 81
[459021] [2025-01-14 13:38:19] INFO: ==> Test Set: Acc: 86.93%, Loss: 0.65566662
[459021] [2025-01-14 13:38:19] INFO: --------------------------------------------
[459021] [2025-01-14 13:38:19] INFO: Iteration 99/100
[459021] [2025-01-14 13:40:25] INFO: ==> Train Set: Acc: 99.56%, Loss: 0.01285872, Best model in epoch 79
[459021] [2025-01-14 13:40:28] INFO: ==> Test Set: Acc: 83.70%, Loss: 0.83311819
[459021] [2025-01-14 13:40:28] INFO: --------------------------------------------
[459021] [2025-01-14 13:40:28] INFO: Iteration 100/100
[459021] [2025-01-14 13:42:33] INFO: ==> Train Set: Acc: 99.78%, Loss: 0.01137023, Best model in epoch 99
[459021] [2025-01-14 13:42:35] INFO: ==> Test Set: Acc: 84.60%, Loss: 0.75220383
