[2190] [2025-01-16 10:45:06] INFO: ==> Running file: /autodl-fs/data/PythonProject/P3MC/downstream_lr.py
[2190] [2025-01-16 10:45:06] INFO: ==> Config: {'exp_name': 'CVTSLANet_LR_ads-b-20_iq_PT_powerNorm_FT_powerNorm', 'exp_type': 'Downstream_random_rot', 'random_seed': 2024, 'platform': 'linux', 'device': 'cuda', 'iteration': 100, 'epoch': 100, 'dataset': {'name': 'ads-b-20', 'root': '~/Datasets/ADS-B', 'type': 'iq', 'normalize': 'power', 'train_batch_size': 30, 'test_batch_size': 30, 'ratio': 0.2, 'num_classes': 20, 'shot': 20, 'snr': None}, 'encoder': {'name': 'CVTSLANet', 'root': 'models/KANTSLANet2Feature.py', 'feature_dim': 1024, 'pretrain_path': './runs/Pretext_random_rot/CVTSLANet_ads-b_iq_powerNorm/best_encoder.pth', 'TSLA_config': {'seq_len': 4800, 'patch_size': 32, 'num_channels': 2, 'emb_dim': 256, 'depth': 3, 'dropout_rate': 0.3}}, 'classifier': {'name': 'lr', 'root': '', 'in_dim': 1024, 'ratio': 0.2, 'num_classes': 20}, 'optimizer': {'lr': 0.001, 'weight_decay': 0}, 'extra_info': '', 'exp_path': 'runs/Downstream_random_rot/CVTSLANet_LR_ads-b-20_iq_PT_powerNorm_FT_powerNorm/20Shot/0116_104506', 'save_path': 'runs/Downstream_random_rot/CVTSLANet_LR_ads-b-20_iq_PT_powerNorm_FT_powerNorm'}
[2190] [2025-01-16 10:45:06] INFO: --------------------------------------------
[2190] [2025-01-16 10:45:06] INFO: Iteration 1/100
[2190] [2025-01-16 10:45:12] INFO: Acc: 93.15%
[2190] [2025-01-16 10:45:12] INFO: --------------------------------------------
[2190] [2025-01-16 10:45:12] INFO: Iteration 2/100
[2190] [2025-01-16 10:45:17] INFO: Acc: 93.80%
[2190] [2025-01-16 10:45:17] INFO: --------------------------------------------
[2190] [2025-01-16 10:45:17] INFO: Iteration 3/100
[2190] [2025-01-16 10:45:23] INFO: Acc: 92.60%
[2190] [2025-01-16 10:45:23] INFO: --------------------------------------------
[2190] [2025-01-16 10:45:23] INFO: Iteration 4/100
[2190] [2025-01-16 10:45:29] INFO: Acc: 92.95%
[2190] [2025-01-16 10:45:29] INFO: --------------------------------------------
[2190] [2025-01-16 10:45:29] INFO: Iteration 5/100
[2190] [2025-01-16 10:45:34] INFO: Acc: 92.65%
[2190] [2025-01-16 10:45:34] INFO: --------------------------------------------
[2190] [2025-01-16 10:45:34] INFO: Iteration 6/100
[2190] [2025-01-16 10:45:39] INFO: Acc: 93.85%
[2190] [2025-01-16 10:45:39] INFO: --------------------------------------------
[2190] [2025-01-16 10:45:39] INFO: Iteration 7/100
[2190] [2025-01-16 10:45:44] INFO: Acc: 93.20%
[2190] [2025-01-16 10:45:44] INFO: --------------------------------------------
[2190] [2025-01-16 10:45:44] INFO: Iteration 8/100
[2190] [2025-01-16 10:45:49] INFO: Acc: 92.85%
[2190] [2025-01-16 10:45:49] INFO: --------------------------------------------
[2190] [2025-01-16 10:45:49] INFO: Iteration 9/100
[2190] [2025-01-16 10:45:54] INFO: Acc: 92.50%
[2190] [2025-01-16 10:45:54] INFO: --------------------------------------------
[2190] [2025-01-16 10:45:54] INFO: Iteration 10/100
[2190] [2025-01-16 10:45:59] INFO: Acc: 93.45%
[2190] [2025-01-16 10:45:59] INFO: --------------------------------------------
[2190] [2025-01-16 10:45:59] INFO: Iteration 11/100
[2190] [2025-01-16 10:46:05] INFO: Acc: 92.40%
[2190] [2025-01-16 10:46:05] INFO: --------------------------------------------
[2190] [2025-01-16 10:46:05] INFO: Iteration 12/100
[2190] [2025-01-16 10:46:10] INFO: Acc: 92.80%
[2190] [2025-01-16 10:46:10] INFO: --------------------------------------------
[2190] [2025-01-16 10:46:10] INFO: Iteration 13/100
[2190] [2025-01-16 10:46:15] INFO: Acc: 93.30%
[2190] [2025-01-16 10:46:15] INFO: --------------------------------------------
[2190] [2025-01-16 10:46:15] INFO: Iteration 14/100
[2190] [2025-01-16 10:46:20] INFO: Acc: 93.15%
[2190] [2025-01-16 10:46:20] INFO: --------------------------------------------
[2190] [2025-01-16 10:46:20] INFO: Iteration 15/100
[2190] [2025-01-16 10:46:25] INFO: Acc: 92.60%
[2190] [2025-01-16 10:46:25] INFO: --------------------------------------------
[2190] [2025-01-16 10:46:25] INFO: Iteration 16/100
[2190] [2025-01-16 10:46:30] INFO: Acc: 93.60%
[2190] [2025-01-16 10:46:30] INFO: --------------------------------------------
[2190] [2025-01-16 10:46:30] INFO: Iteration 17/100
[2190] [2025-01-16 10:46:35] INFO: Acc: 93.55%
[2190] [2025-01-16 10:46:35] INFO: --------------------------------------------
[2190] [2025-01-16 10:46:35] INFO: Iteration 18/100
[2190] [2025-01-16 10:46:41] INFO: Acc: 93.00%
[2190] [2025-01-16 10:46:41] INFO: --------------------------------------------
[2190] [2025-01-16 10:46:41] INFO: Iteration 19/100
[2190] [2025-01-16 10:46:46] INFO: Acc: 92.80%
[2190] [2025-01-16 10:46:46] INFO: --------------------------------------------
[2190] [2025-01-16 10:46:46] INFO: Iteration 20/100
[2190] [2025-01-16 10:46:51] INFO: Acc: 93.55%
[2190] [2025-01-16 10:46:51] INFO: --------------------------------------------
[2190] [2025-01-16 10:46:51] INFO: Iteration 21/100
[2190] [2025-01-16 10:46:56] INFO: Acc: 93.35%
[2190] [2025-01-16 10:46:56] INFO: --------------------------------------------
[2190] [2025-01-16 10:46:56] INFO: Iteration 22/100
[2190] [2025-01-16 10:47:01] INFO: Acc: 92.30%
[2190] [2025-01-16 10:47:01] INFO: --------------------------------------------
[2190] [2025-01-16 10:47:01] INFO: Iteration 23/100
[2190] [2025-01-16 10:47:07] INFO: Acc: 92.05%
[2190] [2025-01-16 10:47:07] INFO: --------------------------------------------
[2190] [2025-01-16 10:47:07] INFO: Iteration 24/100
[2190] [2025-01-16 10:47:12] INFO: Acc: 93.00%
[2190] [2025-01-16 10:47:12] INFO: --------------------------------------------
[2190] [2025-01-16 10:47:12] INFO: Iteration 25/100
[2190] [2025-01-16 10:47:17] INFO: Acc: 93.20%
[2190] [2025-01-16 10:47:17] INFO: --------------------------------------------
[2190] [2025-01-16 10:47:17] INFO: Iteration 26/100
[2190] [2025-01-16 10:47:22] INFO: Acc: 93.55%
[2190] [2025-01-16 10:47:22] INFO: --------------------------------------------
[2190] [2025-01-16 10:47:22] INFO: Iteration 27/100
[2190] [2025-01-16 10:47:28] INFO: Acc: 91.85%
[2190] [2025-01-16 10:47:28] INFO: --------------------------------------------
[2190] [2025-01-16 10:47:28] INFO: Iteration 28/100
[2190] [2025-01-16 10:47:34] INFO: Acc: 94.10%
[2190] [2025-01-16 10:47:34] INFO: --------------------------------------------
[2190] [2025-01-16 10:47:34] INFO: Iteration 29/100
[2190] [2025-01-16 10:47:38] INFO: Acc: 94.10%
[2190] [2025-01-16 10:47:38] INFO: --------------------------------------------
[2190] [2025-01-16 10:47:38] INFO: Iteration 30/100
[2190] [2025-01-16 10:47:43] INFO: Acc: 93.10%
[2190] [2025-01-16 10:47:43] INFO: --------------------------------------------
[2190] [2025-01-16 10:47:43] INFO: Iteration 31/100
[2190] [2025-01-16 10:47:48] INFO: Acc: 92.95%
[2190] [2025-01-16 10:47:49] INFO: --------------------------------------------
[2190] [2025-01-16 10:47:49] INFO: Iteration 32/100
[2190] [2025-01-16 10:47:54] INFO: Acc: 93.60%
[2190] [2025-01-16 10:47:55] INFO: --------------------------------------------
[2190] [2025-01-16 10:47:55] INFO: Iteration 33/100
[2190] [2025-01-16 10:47:59] INFO: Acc: 93.10%
[2190] [2025-01-16 10:48:00] INFO: --------------------------------------------
[2190] [2025-01-16 10:48:00] INFO: Iteration 34/100
[2190] [2025-01-16 10:48:05] INFO: Acc: 93.85%
[2190] [2025-01-16 10:48:05] INFO: --------------------------------------------
[2190] [2025-01-16 10:48:05] INFO: Iteration 35/100
[2190] [2025-01-16 10:48:10] INFO: Acc: 94.60%
[2190] [2025-01-16 10:48:10] INFO: --------------------------------------------
[2190] [2025-01-16 10:48:10] INFO: Iteration 36/100
[2190] [2025-01-16 10:48:15] INFO: Acc: 94.45%
[2190] [2025-01-16 10:48:15] INFO: --------------------------------------------
[2190] [2025-01-16 10:48:15] INFO: Iteration 37/100
[2190] [2025-01-16 10:48:20] INFO: Acc: 92.50%
[2190] [2025-01-16 10:48:20] INFO: --------------------------------------------
[2190] [2025-01-16 10:48:20] INFO: Iteration 38/100
[2190] [2025-01-16 10:48:25] INFO: Acc: 92.40%
[2190] [2025-01-16 10:48:25] INFO: --------------------------------------------
[2190] [2025-01-16 10:48:25] INFO: Iteration 39/100
[2190] [2025-01-16 10:48:31] INFO: Acc: 93.45%
[2190] [2025-01-16 10:48:31] INFO: --------------------------------------------
[2190] [2025-01-16 10:48:31] INFO: Iteration 40/100
[2190] [2025-01-16 10:48:36] INFO: Acc: 92.90%
[2190] [2025-01-16 10:48:36] INFO: --------------------------------------------
[2190] [2025-01-16 10:48:36] INFO: Iteration 41/100
[2190] [2025-01-16 10:48:41] INFO: Acc: 92.50%
[2190] [2025-01-16 10:48:41] INFO: --------------------------------------------
[2190] [2025-01-16 10:48:41] INFO: Iteration 42/100
[2190] [2025-01-16 10:48:47] INFO: Acc: 93.55%
[2190] [2025-01-16 10:48:47] INFO: --------------------------------------------
[2190] [2025-01-16 10:48:47] INFO: Iteration 43/100
[2190] [2025-01-16 10:48:52] INFO: Acc: 93.15%
[2190] [2025-01-16 10:48:52] INFO: --------------------------------------------
[2190] [2025-01-16 10:48:52] INFO: Iteration 44/100
[2190] [2025-01-16 10:48:56] INFO: Acc: 94.35%
[2190] [2025-01-16 10:48:56] INFO: --------------------------------------------
[2190] [2025-01-16 10:48:56] INFO: Iteration 45/100
[2190] [2025-01-16 10:49:02] INFO: Acc: 92.05%
[2190] [2025-01-16 10:49:02] INFO: --------------------------------------------
[2190] [2025-01-16 10:49:02] INFO: Iteration 46/100
[2190] [2025-01-16 10:49:08] INFO: Acc: 92.95%
[2190] [2025-01-16 10:49:08] INFO: --------------------------------------------
[2190] [2025-01-16 10:49:08] INFO: Iteration 47/100
[2190] [2025-01-16 10:49:13] INFO: Acc: 92.75%
[2190] [2025-01-16 10:49:13] INFO: --------------------------------------------
[2190] [2025-01-16 10:49:13] INFO: Iteration 48/100
[2190] [2025-01-16 10:49:19] INFO: Acc: 92.60%
[2190] [2025-01-16 10:49:19] INFO: --------------------------------------------
[2190] [2025-01-16 10:49:19] INFO: Iteration 49/100
[2190] [2025-01-16 10:49:24] INFO: Acc: 92.85%
[2190] [2025-01-16 10:49:24] INFO: --------------------------------------------
[2190] [2025-01-16 10:49:24] INFO: Iteration 50/100
[2190] [2025-01-16 10:49:30] INFO: Acc: 93.10%
[2190] [2025-01-16 10:49:30] INFO: --------------------------------------------
[2190] [2025-01-16 10:49:30] INFO: Iteration 51/100
[2190] [2025-01-16 10:49:35] INFO: Acc: 93.30%
[2190] [2025-01-16 10:49:35] INFO: --------------------------------------------
[2190] [2025-01-16 10:49:35] INFO: Iteration 52/100
[2190] [2025-01-16 10:49:40] INFO: Acc: 93.75%
[2190] [2025-01-16 10:49:40] INFO: --------------------------------------------
[2190] [2025-01-16 10:49:40] INFO: Iteration 53/100
[2190] [2025-01-16 10:49:45] INFO: Acc: 93.55%
[2190] [2025-01-16 10:49:45] INFO: --------------------------------------------
[2190] [2025-01-16 10:49:45] INFO: Iteration 54/100
[2190] [2025-01-16 10:49:50] INFO: Acc: 93.65%
[2190] [2025-01-16 10:49:50] INFO: --------------------------------------------
[2190] [2025-01-16 10:49:50] INFO: Iteration 55/100
[2190] [2025-01-16 10:49:55] INFO: Acc: 94.25%
[2190] [2025-01-16 10:49:55] INFO: --------------------------------------------
[2190] [2025-01-16 10:49:55] INFO: Iteration 56/100
[2190] [2025-01-16 10:50:00] INFO: Acc: 94.55%
[2190] [2025-01-16 10:50:00] INFO: --------------------------------------------
[2190] [2025-01-16 10:50:00] INFO: Iteration 57/100
[2190] [2025-01-16 10:50:05] INFO: Acc: 93.25%
[2190] [2025-01-16 10:50:05] INFO: --------------------------------------------
[2190] [2025-01-16 10:50:05] INFO: Iteration 58/100
[2190] [2025-01-16 10:50:09] INFO: Acc: 93.90%
[2190] [2025-01-16 10:50:09] INFO: --------------------------------------------
[2190] [2025-01-16 10:50:09] INFO: Iteration 59/100
[2190] [2025-01-16 10:50:14] INFO: Acc: 92.10%
[2190] [2025-01-16 10:50:14] INFO: --------------------------------------------
[2190] [2025-01-16 10:50:14] INFO: Iteration 60/100
[2190] [2025-01-16 10:50:20] INFO: Acc: 92.50%
[2190] [2025-01-16 10:50:20] INFO: --------------------------------------------
[2190] [2025-01-16 10:50:20] INFO: Iteration 61/100
[2190] [2025-01-16 10:50:25] INFO: Acc: 92.45%
[2190] [2025-01-16 10:50:25] INFO: --------------------------------------------
[2190] [2025-01-16 10:50:25] INFO: Iteration 62/100
[2190] [2025-01-16 10:50:30] INFO: Acc: 93.75%
[2190] [2025-01-16 10:50:30] INFO: --------------------------------------------
[2190] [2025-01-16 10:50:30] INFO: Iteration 63/100
[2190] [2025-01-16 10:50:35] INFO: Acc: 93.85%
[2190] [2025-01-16 10:50:35] INFO: --------------------------------------------
[2190] [2025-01-16 10:50:35] INFO: Iteration 64/100
[2190] [2025-01-16 10:50:41] INFO: Acc: 93.20%
[2190] [2025-01-16 10:50:41] INFO: --------------------------------------------
[2190] [2025-01-16 10:50:41] INFO: Iteration 65/100
[2190] [2025-01-16 10:50:46] INFO: Acc: 92.25%
[2190] [2025-01-16 10:50:46] INFO: --------------------------------------------
[2190] [2025-01-16 10:50:46] INFO: Iteration 66/100
[2190] [2025-01-16 10:50:51] INFO: Acc: 93.60%
[2190] [2025-01-16 10:50:51] INFO: --------------------------------------------
[2190] [2025-01-16 10:50:51] INFO: Iteration 67/100
[2190] [2025-01-16 10:50:56] INFO: Acc: 94.45%
[2190] [2025-01-16 10:50:56] INFO: --------------------------------------------
[2190] [2025-01-16 10:50:56] INFO: Iteration 68/100
[2190] [2025-01-16 10:51:02] INFO: Acc: 93.40%
[2190] [2025-01-16 10:51:02] INFO: --------------------------------------------
[2190] [2025-01-16 10:51:02] INFO: Iteration 69/100
[2190] [2025-01-16 10:51:07] INFO: Acc: 93.90%
[2190] [2025-01-16 10:51:07] INFO: --------------------------------------------
[2190] [2025-01-16 10:51:07] INFO: Iteration 70/100
[2190] [2025-01-16 10:51:12] INFO: Acc: 92.50%
[2190] [2025-01-16 10:51:12] INFO: --------------------------------------------
[2190] [2025-01-16 10:51:12] INFO: Iteration 71/100
[2190] [2025-01-16 10:51:17] INFO: Acc: 94.00%
[2190] [2025-01-16 10:51:17] INFO: --------------------------------------------
[2190] [2025-01-16 10:51:17] INFO: Iteration 72/100
[2190] [2025-01-16 10:51:22] INFO: Acc: 93.35%
[2190] [2025-01-16 10:51:23] INFO: --------------------------------------------
[2190] [2025-01-16 10:51:23] INFO: Iteration 73/100
[2190] [2025-01-16 10:51:27] INFO: Acc: 95.20%
[2190] [2025-01-16 10:51:27] INFO: --------------------------------------------
[2190] [2025-01-16 10:51:27] INFO: Iteration 74/100
[2190] [2025-01-16 10:51:32] INFO: Acc: 94.00%
[2190] [2025-01-16 10:51:32] INFO: --------------------------------------------
[2190] [2025-01-16 10:51:32] INFO: Iteration 75/100
[2190] [2025-01-16 10:51:37] INFO: Acc: 93.00%
[2190] [2025-01-16 10:51:38] INFO: --------------------------------------------
[2190] [2025-01-16 10:51:38] INFO: Iteration 76/100
[2190] [2025-01-16 10:51:43] INFO: Acc: 94.05%
[2190] [2025-01-16 10:51:44] INFO: --------------------------------------------
[2190] [2025-01-16 10:51:44] INFO: Iteration 77/100
[2190] [2025-01-16 10:51:49] INFO: Acc: 94.30%
[2190] [2025-01-16 10:51:49] INFO: --------------------------------------------
[2190] [2025-01-16 10:51:49] INFO: Iteration 78/100
[2190] [2025-01-16 10:51:54] INFO: Acc: 93.10%
[2190] [2025-01-16 10:51:54] INFO: --------------------------------------------
[2190] [2025-01-16 10:51:54] INFO: Iteration 79/100
[2190] [2025-01-16 10:52:00] INFO: Acc: 94.15%
[2190] [2025-01-16 10:52:00] INFO: --------------------------------------------
[2190] [2025-01-16 10:52:00] INFO: Iteration 80/100
[2190] [2025-01-16 10:52:05] INFO: Acc: 93.85%
[2190] [2025-01-16 10:52:05] INFO: --------------------------------------------
[2190] [2025-01-16 10:52:05] INFO: Iteration 81/100
[2190] [2025-01-16 10:52:11] INFO: Acc: 94.30%
[2190] [2025-01-16 10:52:11] INFO: --------------------------------------------
[2190] [2025-01-16 10:52:11] INFO: Iteration 82/100
[2190] [2025-01-16 10:52:16] INFO: Acc: 93.85%
[2190] [2025-01-16 10:52:16] INFO: --------------------------------------------
[2190] [2025-01-16 10:52:16] INFO: Iteration 83/100
[2190] [2025-01-16 10:52:21] INFO: Acc: 93.55%
[2190] [2025-01-16 10:52:22] INFO: --------------------------------------------
[2190] [2025-01-16 10:52:22] INFO: Iteration 84/100
[2190] [2025-01-16 10:52:27] INFO: Acc: 93.65%
[2190] [2025-01-16 10:52:27] INFO: --------------------------------------------
[2190] [2025-01-16 10:52:27] INFO: Iteration 85/100
[2190] [2025-01-16 10:52:32] INFO: Acc: 93.60%
[2190] [2025-01-16 10:52:32] INFO: --------------------------------------------
[2190] [2025-01-16 10:52:32] INFO: Iteration 86/100
[2190] [2025-01-16 10:52:37] INFO: Acc: 92.75%
[2190] [2025-01-16 10:52:38] INFO: --------------------------------------------
[2190] [2025-01-16 10:52:38] INFO: Iteration 87/100
[2190] [2025-01-16 10:52:44] INFO: Acc: 93.80%
[2190] [2025-01-16 10:52:44] INFO: --------------------------------------------
[2190] [2025-01-16 10:52:44] INFO: Iteration 88/100
[2190] [2025-01-16 10:52:49] INFO: Acc: 92.95%
[2190] [2025-01-16 10:52:49] INFO: --------------------------------------------
[2190] [2025-01-16 10:52:49] INFO: Iteration 89/100
[2190] [2025-01-16 10:52:54] INFO: Acc: 93.50%
[2190] [2025-01-16 10:52:54] INFO: --------------------------------------------
[2190] [2025-01-16 10:52:54] INFO: Iteration 90/100
[2190] [2025-01-16 10:52:59] INFO: Acc: 93.35%
[2190] [2025-01-16 10:52:59] INFO: --------------------------------------------
[2190] [2025-01-16 10:52:59] INFO: Iteration 91/100
[2190] [2025-01-16 10:53:05] INFO: Acc: 94.05%
[2190] [2025-01-16 10:53:05] INFO: --------------------------------------------
[2190] [2025-01-16 10:53:05] INFO: Iteration 92/100
[2190] [2025-01-16 10:53:10] INFO: Acc: 92.35%
[2190] [2025-01-16 10:53:10] INFO: --------------------------------------------
[2190] [2025-01-16 10:53:10] INFO: Iteration 93/100
[2190] [2025-01-16 10:53:14] INFO: Acc: 93.75%
[2190] [2025-01-16 10:53:14] INFO: --------------------------------------------
[2190] [2025-01-16 10:53:14] INFO: Iteration 94/100
[2190] [2025-01-16 10:53:19] INFO: Acc: 93.30%
[2190] [2025-01-16 10:53:19] INFO: --------------------------------------------
[2190] [2025-01-16 10:53:19] INFO: Iteration 95/100
[2190] [2025-01-16 10:53:25] INFO: Acc: 93.85%
[2190] [2025-01-16 10:53:25] INFO: --------------------------------------------
[2190] [2025-01-16 10:53:25] INFO: Iteration 96/100
[2190] [2025-01-16 10:53:31] INFO: Acc: 92.55%
[2190] [2025-01-16 10:53:31] INFO: --------------------------------------------
[2190] [2025-01-16 10:53:31] INFO: Iteration 97/100
[2190] [2025-01-16 10:53:35] INFO: Acc: 93.40%
[2190] [2025-01-16 10:53:36] INFO: --------------------------------------------
[2190] [2025-01-16 10:53:36] INFO: Iteration 98/100
[2190] [2025-01-16 10:53:41] INFO: Acc: 93.90%
[2190] [2025-01-16 10:53:41] INFO: --------------------------------------------
[2190] [2025-01-16 10:53:41] INFO: Iteration 99/100
[2190] [2025-01-16 10:53:46] INFO: Acc: 93.25%
[2190] [2025-01-16 10:53:46] INFO: --------------------------------------------
[2190] [2025-01-16 10:53:46] INFO: Iteration 100/100
[2190] [2025-01-16 10:53:51] INFO: Acc: 94.70%
