[176215] [2025-01-16 20:38:51] INFO: ==> Running file: /autodl-fs/data/PythonProject/P3MC/downstream.py
[176215] [2025-01-16 20:38:51] INFO: ==> Config: {'exp_name': 'CVTSLANet_ads-b-20_iq_PT_powerNorm_FT_powerNorm', 'exp_type': 'Downstream_random_rot', 'random_seed': 2024, 'platform': 'linux', 'device': 'cuda', 'iteration': 100, 'epoch': 100, 'dataset': {'name': 'ads-b-20', 'root': '~/Datasets/ADS-B', 'type': 'iq', 'normalize': 'power', 'train_batch_size': 30, 'test_batch_size': 30, 'ratio': 0.2, 'num_classes': 20, 'shot': 20, 'snr': None}, 'encoder': {'name': 'CVTSLANet', 'root': 'models/KANTSLANet2Feature.py', 'feature_dim': 1024, 'pretrain_path': './runs/Pretext_random_rot/CVTSLANet_ads-b_iq_powerNorm/best_encoder.pth', 'TSLA_config': {'seq_len': 4800, 'patch_size': 32, 'num_channels': 2, 'emb_dim': 256, 'depth': 3, 'dropout_rate': 0.3}}, 'classifier': {'name': 'linear', 'root': 'models/LinearClassifier.py', 'in_dim': 1024, 'ratio': 0.2, 'num_classes': 20}, 'optimizer': {'lr': 0.001, 'weight_decay': 0}, 'extra_info': '', 'exp_path': 'runs/Downstream_random_rot/CVTSLANet_ads-b-20_iq_PT_powerNorm_FT_powerNorm/20Shot/0116_203851', 'save_path': 'runs/Downstream_random_rot/CVTSLANet_ads-b-20_iq_PT_powerNorm_FT_powerNorm'}
[176215] [2025-01-16 20:38:51] INFO: --------------------------------------------
[176215] [2025-01-16 20:38:51] INFO: Iteration 1/100
[176215] [2025-01-16 20:40:59] INFO: ==> Train Set: Acc: 100.00%, Loss: 0.00280562, Best model in epoch 97
[176215] [2025-01-16 20:41:01] INFO: ==> Test Set: Acc: 88.26%, Loss: 0.64208057
[176215] [2025-01-16 20:41:01] INFO: --------------------------------------------
[176215] [2025-01-16 20:41:01] INFO: Iteration 2/100
[176215] [2025-01-16 20:43:10] INFO: ==> Train Set: Acc: 100.00%, Loss: 0.00176550, Best model in epoch 82
[176215] [2025-01-16 20:43:13] INFO: ==> Test Set: Acc: 93.61%, Loss: 0.28009430
[176215] [2025-01-16 20:43:13] INFO: --------------------------------------------
[176215] [2025-01-16 20:43:13] INFO: Iteration 3/100
[176215] [2025-01-16 20:45:22] INFO: ==> Train Set: Acc: 100.00%, Loss: 0.00473459, Best model in epoch 63
[176215] [2025-01-16 20:45:24] INFO: ==> Test Set: Acc: 93.68%, Loss: 0.22508657
[176215] [2025-01-16 20:45:24] INFO: --------------------------------------------
[176215] [2025-01-16 20:45:24] INFO: Iteration 4/100
[176215] [2025-01-16 20:47:34] INFO: ==> Train Set: Acc: 100.00%, Loss: 0.00487719, Best model in epoch 79
[176215] [2025-01-16 20:47:37] INFO: ==> Test Set: Acc: 92.39%, Loss: 0.28698523
[176215] [2025-01-16 20:47:37] INFO: --------------------------------------------
[176215] [2025-01-16 20:47:37] INFO: Iteration 5/100
[176215] [2025-01-16 20:49:45] INFO: ==> Train Set: Acc: 100.00%, Loss: 0.00507877, Best model in epoch 87
[176215] [2025-01-16 20:49:47] INFO: ==> Test Set: Acc: 90.00%, Loss: 0.48063491
[176215] [2025-01-16 20:49:47] INFO: --------------------------------------------
[176215] [2025-01-16 20:49:47] INFO: Iteration 6/100
[176215] [2025-01-16 20:51:56] INFO: ==> Train Set: Acc: 100.00%, Loss: 0.00602098, Best model in epoch 84
[176215] [2025-01-16 20:51:58] INFO: ==> Test Set: Acc: 90.67%, Loss: 0.31776847
[176215] [2025-01-16 20:51:58] INFO: --------------------------------------------
[176215] [2025-01-16 20:51:58] INFO: Iteration 7/100
[176215] [2025-01-16 20:54:08] INFO: ==> Train Set: Acc: 100.00%, Loss: 0.00491102, Best model in epoch 76
[176215] [2025-01-16 20:54:10] INFO: ==> Test Set: Acc: 94.60%, Loss: 0.21800515
[176215] [2025-01-16 20:54:10] INFO: --------------------------------------------
[176215] [2025-01-16 20:54:10] INFO: Iteration 8/100
[176215] [2025-01-16 20:56:20] INFO: ==> Train Set: Acc: 99.76%, Loss: 0.00547504, Best model in epoch 91
[176215] [2025-01-16 20:56:22] INFO: ==> Test Set: Acc: 91.62%, Loss: 0.46684434
[176215] [2025-01-16 20:56:22] INFO: --------------------------------------------
[176215] [2025-01-16 20:56:22] INFO: Iteration 9/100
[176215] [2025-01-16 20:58:33] INFO: ==> Train Set: Acc: 99.76%, Loss: 0.00716131, Best model in epoch 74
[176215] [2025-01-16 20:58:35] INFO: ==> Test Set: Acc: 92.36%, Loss: 0.34246907
[176215] [2025-01-16 20:58:35] INFO: --------------------------------------------
[176215] [2025-01-16 20:58:35] INFO: Iteration 10/100
[176215] [2025-01-16 21:00:44] INFO: ==> Train Set: Acc: 100.00%, Loss: 0.00470425, Best model in epoch 89
[176215] [2025-01-16 21:00:47] INFO: ==> Test Set: Acc: 90.10%, Loss: 0.46388514
[176215] [2025-01-16 21:00:47] INFO: --------------------------------------------
[176215] [2025-01-16 21:00:47] INFO: Iteration 11/100
[176215] [2025-01-16 21:02:56] INFO: ==> Train Set: Acc: 100.00%, Loss: 0.00541962, Best model in epoch 91
[176215] [2025-01-16 21:02:58] INFO: ==> Test Set: Acc: 92.06%, Loss: 0.38318606
[176215] [2025-01-16 21:02:58] INFO: --------------------------------------------
[176215] [2025-01-16 21:02:58] INFO: Iteration 12/100
[176215] [2025-01-16 21:05:07] INFO: ==> Train Set: Acc: 100.00%, Loss: 0.00331095, Best model in epoch 73
[176215] [2025-01-16 21:05:09] INFO: ==> Test Set: Acc: 91.74%, Loss: 0.35151651
[176215] [2025-01-16 21:05:09] INFO: --------------------------------------------
[176215] [2025-01-16 21:05:09] INFO: Iteration 13/100
[176215] [2025-01-16 21:07:20] INFO: ==> Train Set: Acc: 100.00%, Loss: 0.00377338, Best model in epoch 77
[176215] [2025-01-16 21:07:22] INFO: ==> Test Set: Acc: 93.11%, Loss: 0.32770080
[176215] [2025-01-16 21:07:22] INFO: --------------------------------------------
[176215] [2025-01-16 21:07:22] INFO: Iteration 14/100
[176215] [2025-01-16 21:09:31] INFO: ==> Train Set: Acc: 100.00%, Loss: 0.00656536, Best model in epoch 99
[176215] [2025-01-16 21:09:34] INFO: ==> Test Set: Acc: 90.80%, Loss: 0.41148375
[176215] [2025-01-16 21:09:34] INFO: --------------------------------------------
[176215] [2025-01-16 21:09:34] INFO: Iteration 15/100
[176215] [2025-01-16 21:11:42] INFO: ==> Train Set: Acc: 100.00%, Loss: 0.00615101, Best model in epoch 87
[176215] [2025-01-16 21:11:45] INFO: ==> Test Set: Acc: 91.09%, Loss: 0.42141686
[176215] [2025-01-16 21:11:46] INFO: --------------------------------------------
[176215] [2025-01-16 21:11:46] INFO: Iteration 16/100
[176215] [2025-01-16 21:13:54] INFO: ==> Train Set: Acc: 100.00%, Loss: 0.00491265, Best model in epoch 33
[176215] [2025-01-16 21:13:57] INFO: ==> Test Set: Acc: 92.71%, Loss: 0.26310560
[176215] [2025-01-16 21:13:57] INFO: --------------------------------------------
[176215] [2025-01-16 21:13:57] INFO: Iteration 17/100
[176215] [2025-01-16 21:16:05] INFO: ==> Train Set: Acc: 100.00%, Loss: 0.00600583, Best model in epoch 69
[176215] [2025-01-16 21:16:07] INFO: ==> Test Set: Acc: 91.64%, Loss: 0.34240279
[176215] [2025-01-16 21:16:07] INFO: --------------------------------------------
[176215] [2025-01-16 21:16:07] INFO: Iteration 18/100
[176215] [2025-01-16 21:18:18] INFO: ==> Train Set: Acc: 99.76%, Loss: 0.00643598, Best model in epoch 96
[176215] [2025-01-16 21:18:20] INFO: ==> Test Set: Acc: 92.54%, Loss: 0.32844237
[176215] [2025-01-16 21:18:20] INFO: --------------------------------------------
[176215] [2025-01-16 21:18:20] INFO: Iteration 19/100
[176215] [2025-01-16 21:20:30] INFO: ==> Train Set: Acc: 100.00%, Loss: 0.00511310, Best model in epoch 56
[176215] [2025-01-16 21:20:32] INFO: ==> Test Set: Acc: 91.99%, Loss: 0.33740560
[176215] [2025-01-16 21:20:32] INFO: --------------------------------------------
[176215] [2025-01-16 21:20:32] INFO: Iteration 20/100
[176215] [2025-01-16 21:22:41] INFO: ==> Train Set: Acc: 99.76%, Loss: 0.00540311, Best model in epoch 94
[176215] [2025-01-16 21:22:43] INFO: ==> Test Set: Acc: 92.46%, Loss: 0.27483873
[176215] [2025-01-16 21:22:43] INFO: --------------------------------------------
[176215] [2025-01-16 21:22:43] INFO: Iteration 21/100
[176215] [2025-01-16 21:24:52] INFO: ==> Train Set: Acc: 100.00%, Loss: 0.00344174, Best model in epoch 89
[176215] [2025-01-16 21:24:55] INFO: ==> Test Set: Acc: 92.41%, Loss: 0.35120166
[176215] [2025-01-16 21:24:55] INFO: --------------------------------------------
[176215] [2025-01-16 21:24:55] INFO: Iteration 22/100
[176215] [2025-01-16 21:27:04] INFO: ==> Train Set: Acc: 100.00%, Loss: 0.00850867, Best model in epoch 54
[176215] [2025-01-16 21:27:06] INFO: ==> Test Set: Acc: 93.23%, Loss: 0.25214135
[176215] [2025-01-16 21:27:06] INFO: --------------------------------------------
[176215] [2025-01-16 21:27:06] INFO: Iteration 23/100
[176215] [2025-01-16 21:29:16] INFO: ==> Train Set: Acc: 100.00%, Loss: 0.00326636, Best model in epoch 93
[176215] [2025-01-16 21:29:19] INFO: ==> Test Set: Acc: 88.96%, Loss: 0.53737275
[176215] [2025-01-16 21:29:19] INFO: --------------------------------------------
[176215] [2025-01-16 21:29:19] INFO: Iteration 24/100
[176215] [2025-01-16 21:31:27] INFO: ==> Train Set: Acc: 100.00%, Loss: 0.00314361, Best model in epoch 79
[176215] [2025-01-16 21:31:29] INFO: ==> Test Set: Acc: 91.84%, Loss: 0.35098514
[176215] [2025-01-16 21:31:29] INFO: --------------------------------------------
[176215] [2025-01-16 21:31:29] INFO: Iteration 25/100
[176215] [2025-01-16 21:33:39] INFO: ==> Train Set: Acc: 99.76%, Loss: 0.00973414, Best model in epoch 82
[176215] [2025-01-16 21:33:41] INFO: ==> Test Set: Acc: 93.41%, Loss: 0.25225523
[176215] [2025-01-16 21:33:41] INFO: --------------------------------------------
[176215] [2025-01-16 21:33:41] INFO: Iteration 26/100
[176215] [2025-01-16 21:35:50] INFO: ==> Train Set: Acc: 100.00%, Loss: 0.00332580, Best model in epoch 77
[176215] [2025-01-16 21:35:52] INFO: ==> Test Set: Acc: 90.65%, Loss: 0.46826243
[176215] [2025-01-16 21:35:52] INFO: --------------------------------------------
[176215] [2025-01-16 21:35:52] INFO: Iteration 27/100
[176215] [2025-01-16 21:38:02] INFO: ==> Train Set: Acc: 100.00%, Loss: 0.00512371, Best model in epoch 85
[176215] [2025-01-16 21:38:04] INFO: ==> Test Set: Acc: 91.99%, Loss: 0.29655451
[176215] [2025-01-16 21:38:04] INFO: --------------------------------------------
[176215] [2025-01-16 21:38:04] INFO: Iteration 28/100
[176215] [2025-01-16 21:40:15] INFO: ==> Train Set: Acc: 100.00%, Loss: 0.00385983, Best model in epoch 62
[176215] [2025-01-16 21:40:17] INFO: ==> Test Set: Acc: 92.66%, Loss: 0.34158435
[176215] [2025-01-16 21:40:17] INFO: --------------------------------------------
[176215] [2025-01-16 21:40:17] INFO: Iteration 29/100
[176215] [2025-01-16 21:42:26] INFO: ==> Train Set: Acc: 100.00%, Loss: 0.00323694, Best model in epoch 77
[176215] [2025-01-16 21:42:28] INFO: ==> Test Set: Acc: 94.05%, Loss: 0.25225717
[176215] [2025-01-16 21:42:28] INFO: --------------------------------------------
[176215] [2025-01-16 21:42:28] INFO: Iteration 30/100
[176215] [2025-01-16 21:44:37] INFO: ==> Train Set: Acc: 99.76%, Loss: 0.00673441, Best model in epoch 53
[176215] [2025-01-16 21:44:40] INFO: ==> Test Set: Acc: 91.82%, Loss: 0.39666669
[176215] [2025-01-16 21:44:40] INFO: --------------------------------------------
[176215] [2025-01-16 21:44:40] INFO: Iteration 31/100
[176215] [2025-01-16 21:46:49] INFO: ==> Train Set: Acc: 99.76%, Loss: 0.00623976, Best model in epoch 41
[176215] [2025-01-16 21:46:51] INFO: ==> Test Set: Acc: 91.72%, Loss: 0.33463614
[176215] [2025-01-16 21:46:51] INFO: --------------------------------------------
[176215] [2025-01-16 21:46:51] INFO: Iteration 32/100
[176215] [2025-01-16 21:49:02] INFO: ==> Train Set: Acc: 99.76%, Loss: 0.01051875, Best model in epoch 87
[176215] [2025-01-16 21:49:04] INFO: ==> Test Set: Acc: 91.09%, Loss: 0.35801300
[176215] [2025-01-16 21:49:04] INFO: --------------------------------------------
[176215] [2025-01-16 21:49:04] INFO: Iteration 33/100
[176215] [2025-01-16 21:51:14] INFO: ==> Train Set: Acc: 100.00%, Loss: 0.00177876, Best model in epoch 92
[176215] [2025-01-16 21:51:16] INFO: ==> Test Set: Acc: 92.44%, Loss: 0.35676894
[176215] [2025-01-16 21:51:16] INFO: --------------------------------------------
[176215] [2025-01-16 21:51:16] INFO: Iteration 34/100
[176215] [2025-01-16 21:53:25] INFO: ==> Train Set: Acc: 100.00%, Loss: 0.00437277, Best model in epoch 99
[176215] [2025-01-16 21:53:27] INFO: ==> Test Set: Acc: 93.06%, Loss: 0.27934146
[176215] [2025-01-16 21:53:27] INFO: --------------------------------------------
[176215] [2025-01-16 21:53:27] INFO: Iteration 35/100
[176215] [2025-01-16 21:55:36] INFO: ==> Train Set: Acc: 100.00%, Loss: 0.00390255, Best model in epoch 83
[176215] [2025-01-16 21:55:38] INFO: ==> Test Set: Acc: 94.55%, Loss: 0.22265092
[176215] [2025-01-16 21:55:38] INFO: --------------------------------------------
[176215] [2025-01-16 21:55:38] INFO: Iteration 36/100
[176215] [2025-01-16 21:57:47] INFO: ==> Train Set: Acc: 99.76%, Loss: 0.00457456, Best model in epoch 95
[176215] [2025-01-16 21:57:50] INFO: ==> Test Set: Acc: 90.85%, Loss: 0.47869837
[176215] [2025-01-16 21:57:50] INFO: --------------------------------------------
[176215] [2025-01-16 21:57:50] INFO: Iteration 37/100
[176215] [2025-01-16 22:00:01] INFO: ==> Train Set: Acc: 99.76%, Loss: 0.00728270, Best model in epoch 80
[176215] [2025-01-16 22:00:03] INFO: ==> Test Set: Acc: 94.35%, Loss: 0.23114034
[176215] [2025-01-16 22:00:03] INFO: --------------------------------------------
[176215] [2025-01-16 22:00:03] INFO: Iteration 38/100
[176215] [2025-01-16 22:02:13] INFO: ==> Train Set: Acc: 100.00%, Loss: 0.00111120, Best model in epoch 89
[176215] [2025-01-16 22:02:15] INFO: ==> Test Set: Acc: 93.31%, Loss: 0.29156603
[176215] [2025-01-16 22:02:15] INFO: --------------------------------------------
[176215] [2025-01-16 22:02:15] INFO: Iteration 39/100
[176215] [2025-01-16 22:04:24] INFO: ==> Train Set: Acc: 100.00%, Loss: 0.00134561, Best model in epoch 94
[176215] [2025-01-16 22:04:26] INFO: ==> Test Set: Acc: 92.39%, Loss: 0.32181060
[176215] [2025-01-16 22:04:26] INFO: --------------------------------------------
[176215] [2025-01-16 22:04:26] INFO: Iteration 40/100
[176215] [2025-01-16 22:06:35] INFO: ==> Train Set: Acc: 100.00%, Loss: 0.00482139, Best model in epoch 91
[176215] [2025-01-16 22:06:38] INFO: ==> Test Set: Acc: 92.99%, Loss: 0.38584688
[176215] [2025-01-16 22:06:38] INFO: --------------------------------------------
[176215] [2025-01-16 22:06:38] INFO: Iteration 41/100
[176215] [2025-01-16 22:08:47] INFO: ==> Train Set: Acc: 100.00%, Loss: 0.00352892, Best model in epoch 95
[176215] [2025-01-16 22:08:49] INFO: ==> Test Set: Acc: 91.32%, Loss: 0.40160903
[176215] [2025-01-16 22:08:49] INFO: --------------------------------------------
[176215] [2025-01-16 22:08:49] INFO: Iteration 42/100
[176215] [2025-01-16 22:11:01] INFO: ==> Train Set: Acc: 100.00%, Loss: 0.00351380, Best model in epoch 79
[176215] [2025-01-16 22:11:03] INFO: ==> Test Set: Acc: 89.30%, Loss: 0.50809361
[176215] [2025-01-16 22:11:03] INFO: --------------------------------------------
[176215] [2025-01-16 22:11:03] INFO: Iteration 43/100
[176215] [2025-01-16 22:13:12] INFO: ==> Train Set: Acc: 99.76%, Loss: 0.00520617, Best model in epoch 95
[176215] [2025-01-16 22:13:14] INFO: ==> Test Set: Acc: 92.49%, Loss: 0.29522185
[176215] [2025-01-16 22:13:15] INFO: --------------------------------------------
[176215] [2025-01-16 22:13:15] INFO: Iteration 44/100
[176215] [2025-01-16 22:15:24] INFO: ==> Train Set: Acc: 99.76%, Loss: 0.00680544, Best model in epoch 64
[176215] [2025-01-16 22:15:26] INFO: ==> Test Set: Acc: 90.82%, Loss: 0.44580673
[176215] [2025-01-16 22:15:26] INFO: --------------------------------------------
[176215] [2025-01-16 22:15:26] INFO: Iteration 45/100
[176215] [2025-01-16 22:17:35] INFO: ==> Train Set: Acc: 100.00%, Loss: 0.00417028, Best model in epoch 94
[176215] [2025-01-16 22:17:37] INFO: ==> Test Set: Acc: 93.36%, Loss: 0.34406677
[176215] [2025-01-16 22:17:38] INFO: --------------------------------------------
[176215] [2025-01-16 22:17:38] INFO: Iteration 46/100
[176215] [2025-01-16 22:19:47] INFO: ==> Train Set: Acc: 100.00%, Loss: 0.00458507, Best model in epoch 85
[176215] [2025-01-16 22:19:49] INFO: ==> Test Set: Acc: 89.80%, Loss: 0.43764989
[176215] [2025-01-16 22:19:49] INFO: --------------------------------------------
[176215] [2025-01-16 22:19:49] INFO: Iteration 47/100
[176215] [2025-01-16 22:21:59] INFO: ==> Train Set: Acc: 100.00%, Loss: 0.00257722, Best model in epoch 91
[176215] [2025-01-16 22:22:01] INFO: ==> Test Set: Acc: 91.77%, Loss: 0.37996817
[176215] [2025-01-16 22:22:01] INFO: --------------------------------------------
[176215] [2025-01-16 22:22:01] INFO: Iteration 48/100
[176215] [2025-01-16 22:24:09] INFO: ==> Train Set: Acc: 99.76%, Loss: 0.00490196, Best model in epoch 86
[176215] [2025-01-16 22:24:11] INFO: ==> Test Set: Acc: 91.34%, Loss: 0.42309130
[176215] [2025-01-16 22:24:11] INFO: --------------------------------------------
[176215] [2025-01-16 22:24:11] INFO: Iteration 49/100
[176215] [2025-01-16 22:26:20] INFO: ==> Train Set: Acc: 100.00%, Loss: 0.00097092, Best model in epoch 97
[176215] [2025-01-16 22:26:22] INFO: ==> Test Set: Acc: 92.24%, Loss: 0.38781136
[176215] [2025-01-16 22:26:22] INFO: --------------------------------------------
[176215] [2025-01-16 22:26:22] INFO: Iteration 50/100
[176215] [2025-01-16 22:28:30] INFO: ==> Train Set: Acc: 99.52%, Loss: 0.00689507, Best model in epoch 89
[176215] [2025-01-16 22:28:32] INFO: ==> Test Set: Acc: 93.83%, Loss: 0.22382605
[176215] [2025-01-16 22:28:32] INFO: --------------------------------------------
[176215] [2025-01-16 22:28:32] INFO: Iteration 51/100
[176215] [2025-01-16 22:30:43] INFO: ==> Train Set: Acc: 100.00%, Loss: 0.00578550, Best model in epoch 93
[176215] [2025-01-16 22:30:45] INFO: ==> Test Set: Acc: 93.16%, Loss: 0.31076617
[176215] [2025-01-16 22:30:45] INFO: --------------------------------------------
[176215] [2025-01-16 22:30:45] INFO: Iteration 52/100
[176215] [2025-01-16 22:32:55] INFO: ==> Train Set: Acc: 100.00%, Loss: 0.00986005, Best model in epoch 71
[176215] [2025-01-16 22:32:57] INFO: ==> Test Set: Acc: 93.31%, Loss: 0.24522988
[176215] [2025-01-16 22:32:57] INFO: --------------------------------------------
[176215] [2025-01-16 22:32:57] INFO: Iteration 53/100
[176215] [2025-01-16 22:35:06] INFO: ==> Train Set: Acc: 99.76%, Loss: 0.00693971, Best model in epoch 97
[176215] [2025-01-16 22:35:08] INFO: ==> Test Set: Acc: 92.21%, Loss: 0.35245580
[176215] [2025-01-16 22:35:08] INFO: --------------------------------------------
[176215] [2025-01-16 22:35:08] INFO: Iteration 54/100
[176215] [2025-01-16 22:37:17] INFO: ==> Train Set: Acc: 100.00%, Loss: 0.01017111, Best model in epoch 72
[176215] [2025-01-16 22:37:19] INFO: ==> Test Set: Acc: 92.99%, Loss: 0.33952323
[176215] [2025-01-16 22:37:19] INFO: --------------------------------------------
[176215] [2025-01-16 22:37:19] INFO: Iteration 55/100
[176215] [2025-01-16 22:39:28] INFO: ==> Train Set: Acc: 100.00%, Loss: 0.00241022, Best model in epoch 81
[176215] [2025-01-16 22:39:30] INFO: ==> Test Set: Acc: 94.65%, Loss: 0.21151593
[176215] [2025-01-16 22:39:30] INFO: --------------------------------------------
[176215] [2025-01-16 22:39:30] INFO: Iteration 56/100
[176215] [2025-01-16 22:41:41] INFO: ==> Train Set: Acc: 100.00%, Loss: 0.00202793, Best model in epoch 85
[176215] [2025-01-16 22:41:43] INFO: ==> Test Set: Acc: 92.54%, Loss: 0.29378235
[176215] [2025-01-16 22:41:43] INFO: --------------------------------------------
[176215] [2025-01-16 22:41:43] INFO: Iteration 57/100
[176215] [2025-01-16 22:43:51] INFO: ==> Train Set: Acc: 100.00%, Loss: 0.00384632, Best model in epoch 98
[176215] [2025-01-16 22:43:53] INFO: ==> Test Set: Acc: 93.73%, Loss: 0.26116605
[176215] [2025-01-16 22:43:53] INFO: --------------------------------------------
[176215] [2025-01-16 22:43:53] INFO: Iteration 58/100
[176215] [2025-01-16 22:46:03] INFO: ==> Train Set: Acc: 100.00%, Loss: 0.00406647, Best model in epoch 47
[176215] [2025-01-16 22:46:05] INFO: ==> Test Set: Acc: 93.21%, Loss: 0.26504796
[176215] [2025-01-16 22:46:05] INFO: --------------------------------------------
[176215] [2025-01-16 22:46:05] INFO: Iteration 59/100
[176215] [2025-01-16 22:48:14] INFO: ==> Train Set: Acc: 99.76%, Loss: 0.00382228, Best model in epoch 93
[176215] [2025-01-16 22:48:16] INFO: ==> Test Set: Acc: 92.11%, Loss: 0.36189251
[176215] [2025-01-16 22:48:16] INFO: --------------------------------------------
[176215] [2025-01-16 22:48:16] INFO: Iteration 60/100
[176215] [2025-01-16 22:50:25] INFO: ==> Train Set: Acc: 100.00%, Loss: 0.00491879, Best model in epoch 97
[176215] [2025-01-16 22:50:27] INFO: ==> Test Set: Acc: 93.61%, Loss: 0.35312075
[176215] [2025-01-16 22:50:27] INFO: --------------------------------------------
[176215] [2025-01-16 22:50:27] INFO: Iteration 61/100
[176215] [2025-01-16 22:52:37] INFO: ==> Train Set: Acc: 100.00%, Loss: 0.00415074, Best model in epoch 90
[176215] [2025-01-16 22:52:40] INFO: ==> Test Set: Acc: 91.02%, Loss: 0.38367535
[176215] [2025-01-16 22:52:40] INFO: --------------------------------------------
[176215] [2025-01-16 22:52:40] INFO: Iteration 62/100
[176215] [2025-01-16 22:54:49] INFO: ==> Train Set: Acc: 100.00%, Loss: 0.00133309, Best model in epoch 98
[176215] [2025-01-16 22:54:51] INFO: ==> Test Set: Acc: 93.53%, Loss: 0.29399893
[176215] [2025-01-16 22:54:51] INFO: --------------------------------------------
[176215] [2025-01-16 22:54:51] INFO: Iteration 63/100
[176215] [2025-01-16 22:57:00] INFO: ==> Train Set: Acc: 99.76%, Loss: 0.00620596, Best model in epoch 88
[176215] [2025-01-16 22:57:02] INFO: ==> Test Set: Acc: 93.36%, Loss: 0.26819211
[176215] [2025-01-16 22:57:02] INFO: --------------------------------------------
[176215] [2025-01-16 22:57:02] INFO: Iteration 64/100
[176215] [2025-01-16 22:59:11] INFO: ==> Train Set: Acc: 100.00%, Loss: 0.00468214, Best model in epoch 85
[176215] [2025-01-16 22:59:13] INFO: ==> Test Set: Acc: 91.97%, Loss: 0.33446754
[176215] [2025-01-16 22:59:13] INFO: --------------------------------------------
[176215] [2025-01-16 22:59:13] INFO: Iteration 65/100
[176215] [2025-01-16 23:01:23] INFO: ==> Train Set: Acc: 100.00%, Loss: 0.00144588, Best model in epoch 96
[176215] [2025-01-16 23:01:25] INFO: ==> Test Set: Acc: 92.99%, Loss: 0.30213222
[176215] [2025-01-16 23:01:25] INFO: --------------------------------------------
[176215] [2025-01-16 23:01:25] INFO: Iteration 66/100
[176215] [2025-01-16 23:03:34] INFO: ==> Train Set: Acc: 100.00%, Loss: 0.00285029, Best model in epoch 97
[176215] [2025-01-16 23:03:36] INFO: ==> Test Set: Acc: 92.49%, Loss: 0.31427877
[176215] [2025-01-16 23:03:36] INFO: --------------------------------------------
[176215] [2025-01-16 23:03:36] INFO: Iteration 67/100
[176215] [2025-01-16 23:05:45] INFO: ==> Train Set: Acc: 100.00%, Loss: 0.00624218, Best model in epoch 62
[176215] [2025-01-16 23:05:47] INFO: ==> Test Set: Acc: 90.87%, Loss: 0.40075372
[176215] [2025-01-16 23:05:47] INFO: --------------------------------------------
[176215] [2025-01-16 23:05:47] INFO: Iteration 68/100
[176215] [2025-01-16 23:07:55] INFO: ==> Train Set: Acc: 100.00%, Loss: 0.00487931, Best model in epoch 95
[176215] [2025-01-16 23:07:57] INFO: ==> Test Set: Acc: 92.46%, Loss: 0.33544873
[176215] [2025-01-16 23:07:57] INFO: --------------------------------------------
[176215] [2025-01-16 23:07:57] INFO: Iteration 69/100
[176215] [2025-01-16 23:10:05] INFO: ==> Train Set: Acc: 100.00%, Loss: 0.00384735, Best model in epoch 60
[176215] [2025-01-16 23:10:07] INFO: ==> Test Set: Acc: 94.45%, Loss: 0.21984055
[176215] [2025-01-16 23:10:07] INFO: --------------------------------------------
[176215] [2025-01-16 23:10:07] INFO: Iteration 70/100
[176215] [2025-01-16 23:12:16] INFO: ==> Train Set: Acc: 100.00%, Loss: 0.00308917, Best model in epoch 66
[176215] [2025-01-16 23:12:18] INFO: ==> Test Set: Acc: 93.63%, Loss: 0.31026562
[176215] [2025-01-16 23:12:18] INFO: --------------------------------------------
[176215] [2025-01-16 23:12:18] INFO: Iteration 71/100
[176215] [2025-01-16 23:14:26] INFO: ==> Train Set: Acc: 99.76%, Loss: 0.00636515, Best model in epoch 92
[176215] [2025-01-16 23:14:28] INFO: ==> Test Set: Acc: 91.37%, Loss: 0.36340890
[176215] [2025-01-16 23:14:28] INFO: --------------------------------------------
[176215] [2025-01-16 23:14:28] INFO: Iteration 72/100
[176215] [2025-01-16 23:16:37] INFO: ==> Train Set: Acc: 100.00%, Loss: 0.00312140, Best model in epoch 96
[176215] [2025-01-16 23:16:39] INFO: ==> Test Set: Acc: 91.89%, Loss: 0.37451523
[176215] [2025-01-16 23:16:39] INFO: --------------------------------------------
[176215] [2025-01-16 23:16:39] INFO: Iteration 73/100
[176215] [2025-01-16 23:18:48] INFO: ==> Train Set: Acc: 100.00%, Loss: 0.00282248, Best model in epoch 92
[176215] [2025-01-16 23:18:50] INFO: ==> Test Set: Acc: 93.16%, Loss: 0.29174800
[176215] [2025-01-16 23:18:50] INFO: --------------------------------------------
[176215] [2025-01-16 23:18:50] INFO: Iteration 74/100
[176215] [2025-01-16 23:20:59] INFO: ==> Train Set: Acc: 100.00%, Loss: 0.00383967, Best model in epoch 83
[176215] [2025-01-16 23:21:01] INFO: ==> Test Set: Acc: 94.33%, Loss: 0.26372613
[176215] [2025-01-16 23:21:01] INFO: --------------------------------------------
[176215] [2025-01-16 23:21:01] INFO: Iteration 75/100
[176215] [2025-01-16 23:23:12] INFO: ==> Train Set: Acc: 99.76%, Loss: 0.00680559, Best model in epoch 95
[176215] [2025-01-16 23:23:14] INFO: ==> Test Set: Acc: 93.43%, Loss: 0.29542028
[176215] [2025-01-16 23:23:14] INFO: --------------------------------------------
[176215] [2025-01-16 23:23:14] INFO: Iteration 76/100
[176215] [2025-01-16 23:24:53] INFO: ==> Train Set: Acc: 100.00%, Loss: 0.00329641, Best model in epoch 65
[176215] [2025-01-16 23:24:55] INFO: ==> Test Set: Acc: 91.59%, Loss: 0.37439733
[176215] [2025-01-16 23:24:55] INFO: --------------------------------------------
[176215] [2025-01-16 23:24:55] INFO: Iteration 77/100
[176215] [2025-01-16 23:26:25] INFO: ==> Train Set: Acc: 100.00%, Loss: 0.00251234, Best model in epoch 92
[176215] [2025-01-16 23:26:26] INFO: ==> Test Set: Acc: 94.53%, Loss: 0.23886503
[176215] [2025-01-16 23:26:26] INFO: --------------------------------------------
[176215] [2025-01-16 23:26:26] INFO: Iteration 78/100
[176215] [2025-01-16 23:27:56] INFO: ==> Train Set: Acc: 100.00%, Loss: 0.00239907, Best model in epoch 98
[176215] [2025-01-16 23:27:57] INFO: ==> Test Set: Acc: 93.38%, Loss: 0.28300233
[176215] [2025-01-16 23:27:57] INFO: --------------------------------------------
[176215] [2025-01-16 23:27:57] INFO: Iteration 79/100
[176215] [2025-01-16 23:29:27] INFO: ==> Train Set: Acc: 100.00%, Loss: 0.00638717, Best model in epoch 88
[176215] [2025-01-16 23:29:28] INFO: ==> Test Set: Acc: 92.94%, Loss: 0.30654101
[176215] [2025-01-16 23:29:28] INFO: --------------------------------------------
[176215] [2025-01-16 23:29:28] INFO: Iteration 80/100
[176215] [2025-01-16 23:30:40] INFO: ==> Train Set: Acc: 100.00%, Loss: 0.00378204, Best model in epoch 75
[176215] [2025-01-16 23:30:40] INFO: ==> Test Set: Acc: 93.38%, Loss: 0.26620045
[176215] [2025-01-16 23:30:40] INFO: --------------------------------------------
[176215] [2025-01-16 23:30:40] INFO: Iteration 81/100
[176215] [2025-01-16 23:31:30] INFO: ==> Train Set: Acc: 99.76%, Loss: 0.00340273, Best model in epoch 99
[176215] [2025-01-16 23:31:31] INFO: ==> Test Set: Acc: 91.44%, Loss: 0.34979627
[176215] [2025-01-16 23:31:31] INFO: --------------------------------------------
[176215] [2025-01-16 23:31:31] INFO: Iteration 82/100
[176215] [2025-01-16 23:32:21] INFO: ==> Train Set: Acc: 99.76%, Loss: 0.01153524, Best model in epoch 45
[176215] [2025-01-16 23:32:22] INFO: ==> Test Set: Acc: 90.25%, Loss: 0.47816587
[176215] [2025-01-16 23:32:22] INFO: --------------------------------------------
[176215] [2025-01-16 23:32:22] INFO: Iteration 83/100
[176215] [2025-01-16 23:33:12] INFO: ==> Train Set: Acc: 100.00%, Loss: 0.00426368, Best model in epoch 95
[176215] [2025-01-16 23:33:13] INFO: ==> Test Set: Acc: 93.61%, Loss: 0.29497104
[176215] [2025-01-16 23:33:13] INFO: --------------------------------------------
[176215] [2025-01-16 23:33:13] INFO: Iteration 84/100
[176215] [2025-01-16 23:34:04] INFO: ==> Train Set: Acc: 100.00%, Loss: 0.00345992, Best model in epoch 88
[176215] [2025-01-16 23:34:05] INFO: ==> Test Set: Acc: 91.17%, Loss: 0.48988258
[176215] [2025-01-16 23:34:05] INFO: --------------------------------------------
[176215] [2025-01-16 23:34:05] INFO: Iteration 85/100
[176215] [2025-01-16 23:34:56] INFO: ==> Train Set: Acc: 100.00%, Loss: 0.00333604, Best model in epoch 92
[176215] [2025-01-16 23:34:56] INFO: ==> Test Set: Acc: 91.29%, Loss: 0.35405059
[176215] [2025-01-16 23:34:56] INFO: --------------------------------------------
[176215] [2025-01-16 23:34:56] INFO: Iteration 86/100
[176215] [2025-01-16 23:35:47] INFO: ==> Train Set: Acc: 100.00%, Loss: 0.00087727, Best model in epoch 75
[176215] [2025-01-16 23:35:48] INFO: ==> Test Set: Acc: 89.78%, Loss: 0.52378682
[176215] [2025-01-16 23:35:48] INFO: --------------------------------------------
[176215] [2025-01-16 23:35:48] INFO: Iteration 87/100
[176215] [2025-01-16 23:36:39] INFO: ==> Train Set: Acc: 100.00%, Loss: 0.00499240, Best model in epoch 46
[176215] [2025-01-16 23:36:40] INFO: ==> Test Set: Acc: 92.56%, Loss: 0.35652136
[176215] [2025-01-16 23:36:40] INFO: --------------------------------------------
[176215] [2025-01-16 23:36:40] INFO: Iteration 88/100
[176215] [2025-01-16 23:37:30] INFO: ==> Train Set: Acc: 99.76%, Loss: 0.00780599, Best model in epoch 51
[176215] [2025-01-16 23:37:31] INFO: ==> Test Set: Acc: 88.81%, Loss: 0.47045510
[176215] [2025-01-16 23:37:31] INFO: --------------------------------------------
[176215] [2025-01-16 23:37:31] INFO: Iteration 89/100
[176215] [2025-01-16 23:38:22] INFO: ==> Train Set: Acc: 100.00%, Loss: 0.00449299, Best model in epoch 69
[176215] [2025-01-16 23:38:23] INFO: ==> Test Set: Acc: 90.72%, Loss: 0.42102269
[176215] [2025-01-16 23:38:23] INFO: --------------------------------------------
[176215] [2025-01-16 23:38:23] INFO: Iteration 90/100
[176215] [2025-01-16 23:39:13] INFO: ==> Train Set: Acc: 100.00%, Loss: 0.00291132, Best model in epoch 72
[176215] [2025-01-16 23:39:14] INFO: ==> Test Set: Acc: 93.18%, Loss: 0.29465534
[176215] [2025-01-16 23:39:14] INFO: --------------------------------------------
[176215] [2025-01-16 23:39:14] INFO: Iteration 91/100
[176215] [2025-01-16 23:40:05] INFO: ==> Train Set: Acc: 100.00%, Loss: 0.00383065, Best model in epoch 96
[176215] [2025-01-16 23:40:05] INFO: ==> Test Set: Acc: 92.24%, Loss: 0.31349359
[176215] [2025-01-16 23:40:05] INFO: --------------------------------------------
[176215] [2025-01-16 23:40:05] INFO: Iteration 92/100
[176215] [2025-01-16 23:40:56] INFO: ==> Train Set: Acc: 100.00%, Loss: 0.00220826, Best model in epoch 92
[176215] [2025-01-16 23:40:57] INFO: ==> Test Set: Acc: 93.53%, Loss: 0.27505720
[176215] [2025-01-16 23:40:57] INFO: --------------------------------------------
[176215] [2025-01-16 23:40:57] INFO: Iteration 93/100
[176215] [2025-01-16 23:41:47] INFO: ==> Train Set: Acc: 100.00%, Loss: 0.00339386, Best model in epoch 42
[176215] [2025-01-16 23:41:48] INFO: ==> Test Set: Acc: 92.04%, Loss: 0.33345742
[176215] [2025-01-16 23:41:48] INFO: --------------------------------------------
[176215] [2025-01-16 23:41:48] INFO: Iteration 94/100
[176215] [2025-01-16 23:42:39] INFO: ==> Train Set: Acc: 100.00%, Loss: 0.00471439, Best model in epoch 75
[176215] [2025-01-16 23:42:40] INFO: ==> Test Set: Acc: 91.59%, Loss: 0.33523741
[176215] [2025-01-16 23:42:40] INFO: --------------------------------------------
[176215] [2025-01-16 23:42:40] INFO: Iteration 95/100
[176215] [2025-01-16 23:43:30] INFO: ==> Train Set: Acc: 100.00%, Loss: 0.00399457, Best model in epoch 91
[176215] [2025-01-16 23:43:31] INFO: ==> Test Set: Acc: 93.28%, Loss: 0.27673213
[176215] [2025-01-16 23:43:31] INFO: --------------------------------------------
[176215] [2025-01-16 23:43:31] INFO: Iteration 96/100
[176215] [2025-01-16 23:44:22] INFO: ==> Train Set: Acc: 100.00%, Loss: 0.00270801, Best model in epoch 83
[176215] [2025-01-16 23:44:22] INFO: ==> Test Set: Acc: 90.20%, Loss: 0.35057500
[176215] [2025-01-16 23:44:22] INFO: --------------------------------------------
[176215] [2025-01-16 23:44:22] INFO: Iteration 97/100
[176215] [2025-01-16 23:45:13] INFO: ==> Train Set: Acc: 99.76%, Loss: 0.00701903, Best model in epoch 68
[176215] [2025-01-16 23:45:14] INFO: ==> Test Set: Acc: 90.55%, Loss: 0.42725744
[176215] [2025-01-16 23:45:14] INFO: --------------------------------------------
[176215] [2025-01-16 23:45:14] INFO: Iteration 98/100
[176215] [2025-01-16 23:46:05] INFO: ==> Train Set: Acc: 100.00%, Loss: 0.00631551, Best model in epoch 71
[176215] [2025-01-16 23:46:06] INFO: ==> Test Set: Acc: 87.29%, Loss: 0.73473410
[176215] [2025-01-16 23:46:06] INFO: --------------------------------------------
[176215] [2025-01-16 23:46:06] INFO: Iteration 99/100
[176215] [2025-01-16 23:46:56] INFO: ==> Train Set: Acc: 100.00%, Loss: 0.00276117, Best model in epoch 91
[176215] [2025-01-16 23:46:57] INFO: ==> Test Set: Acc: 91.04%, Loss: 0.39016007
[176215] [2025-01-16 23:46:57] INFO: --------------------------------------------
[176215] [2025-01-16 23:46:57] INFO: Iteration 100/100
[176215] [2025-01-16 23:47:49] INFO: ==> Train Set: Acc: 100.00%, Loss: 0.00515422, Best model in epoch 68
[176215] [2025-01-16 23:47:49] INFO: ==> Test Set: Acc: 92.66%, Loss: 0.40177197
