[42229] [2025-01-16 10:14:31] INFO: ==> Running file: /autodl-fs/data/PythonProject/P3MC/downstream_knn.py
[42229] [2025-01-16 10:14:31] INFO: ==> Config: {'exp_name': 'CVTSLANet_KNN_ads-b-20_iq_PT_powerNorm_FT_powerNorm', 'exp_type': 'Downstream_random_rot', 'random_seed': 2024, 'platform': 'linux', 'device': 'cuda', 'iteration': 100, 'epoch': 100, 'dataset': {'name': 'ads-b-20', 'root': '~/Datasets/ADS-B', 'type': 'iq', 'normalize': 'power', 'train_batch_size': 30, 'test_batch_size': 30, 'ratio': 0.2, 'num_classes': 20, 'shot': 1, 'snr': None}, 'encoder': {'name': 'CVTSLANet', 'root': 'models/KANTSLANet2Feature.py', 'feature_dim': 1024, 'pretrain_path': './runs/Pretext_random_rot/CVTSLANet_ads-b_iq_powerNorm/best_encoder.pth', 'TSLA_config': {'seq_len': 4800, 'patch_size': 32, 'num_channels': 2, 'emb_dim': 256, 'depth': 3, 'dropout_rate': 0.3}}, 'classifier': {'name': 'knn', 'root': '', 'in_dim': 1024, 'ratio': 0.2, 'num_classes': 20}, 'optimizer': {'lr': 0.001, 'weight_decay': 0}, 'extra_info': '', 'exp_path': 'runs/Downstream_random_rot/CVTSLANet_KNN_ads-b-20_iq_PT_powerNorm_FT_powerNorm/1Shot/0116_101431', 'save_path': 'runs/Downstream_random_rot/CVTSLANet_KNN_ads-b-20_iq_PT_powerNorm_FT_powerNorm'}
[42229] [2025-01-16 10:14:31] INFO: --------------------------------------------
[42229] [2025-01-16 10:14:31] INFO: Iteration 1/100
[42229] [2025-01-16 10:15:20] INFO: Acc: 25.20%
[42229] [2025-01-16 10:15:20] INFO: --------------------------------------------
[42229] [2025-01-16 10:15:20] INFO: Iteration 2/100
[42229] [2025-01-16 10:15:25] INFO: Acc: 13.00%
[42229] [2025-01-16 10:15:25] INFO: --------------------------------------------
[42229] [2025-01-16 10:15:25] INFO: Iteration 3/100
[42229] [2025-01-16 10:15:29] INFO: Acc: 10.40%
[42229] [2025-01-16 10:15:29] INFO: --------------------------------------------
[42229] [2025-01-16 10:15:29] INFO: Iteration 4/100
[42229] [2025-01-16 10:15:34] INFO: Acc: 15.30%
[42229] [2025-01-16 10:15:34] INFO: --------------------------------------------
[42229] [2025-01-16 10:15:34] INFO: Iteration 5/100
[42229] [2025-01-16 10:15:39] INFO: Acc: 13.80%
[42229] [2025-01-16 10:15:39] INFO: --------------------------------------------
[42229] [2025-01-16 10:15:39] INFO: Iteration 6/100
[42229] [2025-01-16 10:15:44] INFO: Acc: 15.65%
[42229] [2025-01-16 10:15:44] INFO: --------------------------------------------
[42229] [2025-01-16 10:15:44] INFO: Iteration 7/100
[42229] [2025-01-16 10:15:49] INFO: Acc: 15.55%
[42229] [2025-01-16 10:15:49] INFO: --------------------------------------------
[42229] [2025-01-16 10:15:49] INFO: Iteration 8/100
[42229] [2025-01-16 10:15:54] INFO: Acc: 14.85%
[42229] [2025-01-16 10:15:54] INFO: --------------------------------------------
[42229] [2025-01-16 10:15:54] INFO: Iteration 9/100
[42229] [2025-01-16 10:15:58] INFO: Acc: 7.25%
[42229] [2025-01-16 10:15:58] INFO: --------------------------------------------
[42229] [2025-01-16 10:15:58] INFO: Iteration 10/100
[42229] [2025-01-16 10:16:03] INFO: Acc: 10.60%
[42229] [2025-01-16 10:16:03] INFO: --------------------------------------------
[42229] [2025-01-16 10:16:03] INFO: Iteration 11/100
[42229] [2025-01-16 10:16:08] INFO: Acc: 19.90%
[42229] [2025-01-16 10:16:08] INFO: --------------------------------------------
[42229] [2025-01-16 10:16:08] INFO: Iteration 12/100
[42229] [2025-01-16 10:16:12] INFO: Acc: 10.35%
[42229] [2025-01-16 10:16:12] INFO: --------------------------------------------
[42229] [2025-01-16 10:16:12] INFO: Iteration 13/100
[42229] [2025-01-16 10:16:17] INFO: Acc: 9.40%
[42229] [2025-01-16 10:16:17] INFO: --------------------------------------------
[42229] [2025-01-16 10:16:17] INFO: Iteration 14/100
[42229] [2025-01-16 10:16:22] INFO: Acc: 16.20%
[42229] [2025-01-16 10:16:22] INFO: --------------------------------------------
[42229] [2025-01-16 10:16:22] INFO: Iteration 15/100
[42229] [2025-01-16 10:16:26] INFO: Acc: 12.85%
[42229] [2025-01-16 10:16:27] INFO: --------------------------------------------
[42229] [2025-01-16 10:16:27] INFO: Iteration 16/100
[42229] [2025-01-16 10:16:31] INFO: Acc: 17.60%
[42229] [2025-01-16 10:16:31] INFO: --------------------------------------------
[42229] [2025-01-16 10:16:31] INFO: Iteration 17/100
[42229] [2025-01-16 10:16:36] INFO: Acc: 15.90%
[42229] [2025-01-16 10:16:36] INFO: --------------------------------------------
[42229] [2025-01-16 10:16:36] INFO: Iteration 18/100
[42229] [2025-01-16 10:16:40] INFO: Acc: 15.60%
[42229] [2025-01-16 10:16:40] INFO: --------------------------------------------
[42229] [2025-01-16 10:16:40] INFO: Iteration 19/100
[42229] [2025-01-16 10:16:45] INFO: Acc: 15.05%
[42229] [2025-01-16 10:16:45] INFO: --------------------------------------------
[42229] [2025-01-16 10:16:45] INFO: Iteration 20/100
[42229] [2025-01-16 10:16:50] INFO: Acc: 18.90%
[42229] [2025-01-16 10:16:50] INFO: --------------------------------------------
[42229] [2025-01-16 10:16:50] INFO: Iteration 21/100
[42229] [2025-01-16 10:16:54] INFO: Acc: 12.15%
[42229] [2025-01-16 10:16:54] INFO: --------------------------------------------
[42229] [2025-01-16 10:16:54] INFO: Iteration 22/100
[42229] [2025-01-16 10:16:59] INFO: Acc: 18.50%
[42229] [2025-01-16 10:16:59] INFO: --------------------------------------------
[42229] [2025-01-16 10:16:59] INFO: Iteration 23/100
[42229] [2025-01-16 10:17:04] INFO: Acc: 10.25%
[42229] [2025-01-16 10:17:04] INFO: --------------------------------------------
[42229] [2025-01-16 10:17:04] INFO: Iteration 24/100
[42229] [2025-01-16 10:17:09] INFO: Acc: 19.05%
[42229] [2025-01-16 10:17:09] INFO: --------------------------------------------
[42229] [2025-01-16 10:17:09] INFO: Iteration 25/100
[42229] [2025-01-16 10:17:13] INFO: Acc: 14.80%
[42229] [2025-01-16 10:17:13] INFO: --------------------------------------------
[42229] [2025-01-16 10:17:13] INFO: Iteration 26/100
[42229] [2025-01-16 10:17:18] INFO: Acc: 17.50%
[42229] [2025-01-16 10:17:18] INFO: --------------------------------------------
[42229] [2025-01-16 10:17:18] INFO: Iteration 27/100
[42229] [2025-01-16 10:17:23] INFO: Acc: 11.60%
[42229] [2025-01-16 10:17:23] INFO: --------------------------------------------
[42229] [2025-01-16 10:17:23] INFO: Iteration 28/100
[42229] [2025-01-16 10:17:28] INFO: Acc: 13.95%
[42229] [2025-01-16 10:17:28] INFO: --------------------------------------------
[42229] [2025-01-16 10:17:28] INFO: Iteration 29/100
[42229] [2025-01-16 10:17:33] INFO: Acc: 8.30%
[42229] [2025-01-16 10:17:33] INFO: --------------------------------------------
[42229] [2025-01-16 10:17:33] INFO: Iteration 30/100
[42229] [2025-01-16 10:17:37] INFO: Acc: 13.75%
[42229] [2025-01-16 10:17:37] INFO: --------------------------------------------
[42229] [2025-01-16 10:17:37] INFO: Iteration 31/100
[42229] [2025-01-16 10:17:42] INFO: Acc: 9.20%
[42229] [2025-01-16 10:17:42] INFO: --------------------------------------------
[42229] [2025-01-16 10:17:42] INFO: Iteration 32/100
[42229] [2025-01-16 10:17:47] INFO: Acc: 6.70%
[42229] [2025-01-16 10:17:47] INFO: --------------------------------------------
[42229] [2025-01-16 10:17:47] INFO: Iteration 33/100
[42229] [2025-01-16 10:17:51] INFO: Acc: 13.45%
[42229] [2025-01-16 10:17:51] INFO: --------------------------------------------
[42229] [2025-01-16 10:17:51] INFO: Iteration 34/100
[42229] [2025-01-16 10:17:56] INFO: Acc: 10.55%
[42229] [2025-01-16 10:17:56] INFO: --------------------------------------------
[42229] [2025-01-16 10:17:56] INFO: Iteration 35/100
[42229] [2025-01-16 10:18:01] INFO: Acc: 16.80%
[42229] [2025-01-16 10:18:01] INFO: --------------------------------------------
[42229] [2025-01-16 10:18:01] INFO: Iteration 36/100
[42229] [2025-01-16 10:18:06] INFO: Acc: 14.15%
[42229] [2025-01-16 10:18:06] INFO: --------------------------------------------
[42229] [2025-01-16 10:18:06] INFO: Iteration 37/100
[42229] [2025-01-16 10:18:11] INFO: Acc: 17.40%
[42229] [2025-01-16 10:18:11] INFO: --------------------------------------------
[42229] [2025-01-16 10:18:11] INFO: Iteration 38/100
[42229] [2025-01-16 10:18:16] INFO: Acc: 12.75%
[42229] [2025-01-16 10:18:16] INFO: --------------------------------------------
[42229] [2025-01-16 10:18:16] INFO: Iteration 39/100
[42229] [2025-01-16 10:18:20] INFO: Acc: 19.80%
[42229] [2025-01-16 10:18:20] INFO: --------------------------------------------
[42229] [2025-01-16 10:18:20] INFO: Iteration 40/100
[42229] [2025-01-16 10:18:25] INFO: Acc: 14.55%
[42229] [2025-01-16 10:18:25] INFO: --------------------------------------------
[42229] [2025-01-16 10:18:25] INFO: Iteration 41/100
[42229] [2025-01-16 10:18:29] INFO: Acc: 20.55%
[42229] [2025-01-16 10:18:29] INFO: --------------------------------------------
[42229] [2025-01-16 10:18:29] INFO: Iteration 42/100
[42229] [2025-01-16 10:18:34] INFO: Acc: 14.45%
[42229] [2025-01-16 10:18:34] INFO: --------------------------------------------
[42229] [2025-01-16 10:18:34] INFO: Iteration 43/100
[42229] [2025-01-16 10:18:39] INFO: Acc: 9.45%
[42229] [2025-01-16 10:18:39] INFO: --------------------------------------------
[42229] [2025-01-16 10:18:39] INFO: Iteration 44/100
[42229] [2025-01-16 10:18:44] INFO: Acc: 19.50%
[42229] [2025-01-16 10:18:44] INFO: --------------------------------------------
[42229] [2025-01-16 10:18:44] INFO: Iteration 45/100
[42229] [2025-01-16 10:18:49] INFO: Acc: 12.60%
[42229] [2025-01-16 10:18:49] INFO: --------------------------------------------
[42229] [2025-01-16 10:18:49] INFO: Iteration 46/100
[42229] [2025-01-16 10:18:55] INFO: Acc: 16.60%
[42229] [2025-01-16 10:18:55] INFO: --------------------------------------------
[42229] [2025-01-16 10:18:55] INFO: Iteration 47/100
[42229] [2025-01-16 10:19:00] INFO: Acc: 13.55%
[42229] [2025-01-16 10:19:00] INFO: --------------------------------------------
[42229] [2025-01-16 10:19:00] INFO: Iteration 48/100
[42229] [2025-01-16 10:19:05] INFO: Acc: 8.50%
[42229] [2025-01-16 10:19:05] INFO: --------------------------------------------
[42229] [2025-01-16 10:19:05] INFO: Iteration 49/100
[42229] [2025-01-16 10:19:10] INFO: Acc: 12.60%
[42229] [2025-01-16 10:19:11] INFO: --------------------------------------------
[42229] [2025-01-16 10:19:11] INFO: Iteration 50/100
[42229] [2025-01-16 10:19:16] INFO: Acc: 12.95%
[42229] [2025-01-16 10:19:16] INFO: --------------------------------------------
[42229] [2025-01-16 10:19:16] INFO: Iteration 51/100
[42229] [2025-01-16 10:19:20] INFO: Acc: 11.15%
[42229] [2025-01-16 10:19:20] INFO: --------------------------------------------
[42229] [2025-01-16 10:19:20] INFO: Iteration 52/100
[42229] [2025-01-16 10:19:25] INFO: Acc: 9.60%
[42229] [2025-01-16 10:19:26] INFO: --------------------------------------------
[42229] [2025-01-16 10:19:26] INFO: Iteration 53/100
[42229] [2025-01-16 10:19:30] INFO: Acc: 15.95%
[42229] [2025-01-16 10:19:30] INFO: --------------------------------------------
[42229] [2025-01-16 10:19:30] INFO: Iteration 54/100
[42229] [2025-01-16 10:19:34] INFO: Acc: 8.00%
[42229] [2025-01-16 10:19:34] INFO: --------------------------------------------
[42229] [2025-01-16 10:19:34] INFO: Iteration 55/100
[42229] [2025-01-16 10:19:39] INFO: Acc: 19.25%
[42229] [2025-01-16 10:19:39] INFO: --------------------------------------------
[42229] [2025-01-16 10:19:39] INFO: Iteration 56/100
[42229] [2025-01-16 10:19:44] INFO: Acc: 11.55%
[42229] [2025-01-16 10:19:44] INFO: --------------------------------------------
[42229] [2025-01-16 10:19:44] INFO: Iteration 57/100
[42229] [2025-01-16 10:19:49] INFO: Acc: 9.80%
[42229] [2025-01-16 10:19:49] INFO: --------------------------------------------
[42229] [2025-01-16 10:19:49] INFO: Iteration 58/100
[42229] [2025-01-16 10:19:54] INFO: Acc: 10.70%
[42229] [2025-01-16 10:19:54] INFO: --------------------------------------------
[42229] [2025-01-16 10:19:54] INFO: Iteration 59/100
[42229] [2025-01-16 10:19:59] INFO: Acc: 18.55%
[42229] [2025-01-16 10:19:59] INFO: --------------------------------------------
[42229] [2025-01-16 10:19:59] INFO: Iteration 60/100
[42229] [2025-01-16 10:20:04] INFO: Acc: 23.50%
[42229] [2025-01-16 10:20:04] INFO: --------------------------------------------
[42229] [2025-01-16 10:20:04] INFO: Iteration 61/100
[42229] [2025-01-16 10:20:08] INFO: Acc: 10.90%
[42229] [2025-01-16 10:20:08] INFO: --------------------------------------------
[42229] [2025-01-16 10:20:08] INFO: Iteration 62/100
[42229] [2025-01-16 10:20:12] INFO: Acc: 12.45%
[42229] [2025-01-16 10:20:13] INFO: --------------------------------------------
[42229] [2025-01-16 10:20:13] INFO: Iteration 63/100
[42229] [2025-01-16 10:20:17] INFO: Acc: 14.75%
[42229] [2025-01-16 10:20:18] INFO: --------------------------------------------
[42229] [2025-01-16 10:20:18] INFO: Iteration 64/100
[42229] [2025-01-16 10:20:22] INFO: Acc: 17.75%
[42229] [2025-01-16 10:20:22] INFO: --------------------------------------------
[42229] [2025-01-16 10:20:22] INFO: Iteration 65/100
[42229] [2025-01-16 10:20:26] INFO: Acc: 15.45%
[42229] [2025-01-16 10:20:26] INFO: --------------------------------------------
[42229] [2025-01-16 10:20:26] INFO: Iteration 66/100
[42229] [2025-01-16 10:20:31] INFO: Acc: 16.10%
[42229] [2025-01-16 10:20:31] INFO: --------------------------------------------
[42229] [2025-01-16 10:20:31] INFO: Iteration 67/100
[42229] [2025-01-16 10:20:36] INFO: Acc: 15.25%
[42229] [2025-01-16 10:20:36] INFO: --------------------------------------------
[42229] [2025-01-16 10:20:36] INFO: Iteration 68/100
[42229] [2025-01-16 10:20:41] INFO: Acc: 13.80%
[42229] [2025-01-16 10:20:41] INFO: --------------------------------------------
[42229] [2025-01-16 10:20:41] INFO: Iteration 69/100
[42229] [2025-01-16 10:20:46] INFO: Acc: 18.25%
[42229] [2025-01-16 10:20:46] INFO: --------------------------------------------
[42229] [2025-01-16 10:20:46] INFO: Iteration 70/100
[42229] [2025-01-16 10:20:50] INFO: Acc: 13.50%
[42229] [2025-01-16 10:20:50] INFO: --------------------------------------------
[42229] [2025-01-16 10:20:50] INFO: Iteration 71/100
[42229] [2025-01-16 10:20:55] INFO: Acc: 16.35%
[42229] [2025-01-16 10:20:55] INFO: --------------------------------------------
[42229] [2025-01-16 10:20:55] INFO: Iteration 72/100
[42229] [2025-01-16 10:20:59] INFO: Acc: 14.95%
[42229] [2025-01-16 10:20:59] INFO: --------------------------------------------
[42229] [2025-01-16 10:20:59] INFO: Iteration 73/100
[42229] [2025-01-16 10:21:04] INFO: Acc: 13.30%
[42229] [2025-01-16 10:21:04] INFO: --------------------------------------------
[42229] [2025-01-16 10:21:04] INFO: Iteration 74/100
[42229] [2025-01-16 10:21:09] INFO: Acc: 14.45%
[42229] [2025-01-16 10:21:09] INFO: --------------------------------------------
[42229] [2025-01-16 10:21:09] INFO: Iteration 75/100
[42229] [2025-01-16 10:21:14] INFO: Acc: 14.20%
[42229] [2025-01-16 10:21:14] INFO: --------------------------------------------
[42229] [2025-01-16 10:21:14] INFO: Iteration 76/100
[42229] [2025-01-16 10:21:19] INFO: Acc: 9.00%
[42229] [2025-01-16 10:21:19] INFO: --------------------------------------------
[42229] [2025-01-16 10:21:19] INFO: Iteration 77/100
[42229] [2025-01-16 10:21:24] INFO: Acc: 14.30%
[42229] [2025-01-16 10:21:24] INFO: --------------------------------------------
[42229] [2025-01-16 10:21:24] INFO: Iteration 78/100
[42229] [2025-01-16 10:21:28] INFO: Acc: 11.35%
[42229] [2025-01-16 10:21:28] INFO: --------------------------------------------
[42229] [2025-01-16 10:21:28] INFO: Iteration 79/100
[42229] [2025-01-16 10:21:33] INFO: Acc: 12.05%
[42229] [2025-01-16 10:21:33] INFO: --------------------------------------------
[42229] [2025-01-16 10:21:33] INFO: Iteration 80/100
[42229] [2025-01-16 10:21:37] INFO: Acc: 16.40%
[42229] [2025-01-16 10:21:38] INFO: --------------------------------------------
[42229] [2025-01-16 10:21:38] INFO: Iteration 81/100
[42229] [2025-01-16 10:21:42] INFO: Acc: 21.00%
[42229] [2025-01-16 10:21:42] INFO: --------------------------------------------
[42229] [2025-01-16 10:21:42] INFO: Iteration 82/100
[42229] [2025-01-16 10:21:47] INFO: Acc: 12.60%
[42229] [2025-01-16 10:21:47] INFO: --------------------------------------------
[42229] [2025-01-16 10:21:47] INFO: Iteration 83/100
[42229] [2025-01-16 10:21:52] INFO: Acc: 6.60%
[42229] [2025-01-16 10:21:52] INFO: --------------------------------------------
[42229] [2025-01-16 10:21:52] INFO: Iteration 84/100
[42229] [2025-01-16 10:21:57] INFO: Acc: 14.60%
[42229] [2025-01-16 10:21:57] INFO: --------------------------------------------
[42229] [2025-01-16 10:21:57] INFO: Iteration 85/100
[42229] [2025-01-16 10:22:02] INFO: Acc: 20.05%
[42229] [2025-01-16 10:22:02] INFO: --------------------------------------------
[42229] [2025-01-16 10:22:02] INFO: Iteration 86/100
[42229] [2025-01-16 10:22:07] INFO: Acc: 10.20%
[42229] [2025-01-16 10:22:07] INFO: --------------------------------------------
[42229] [2025-01-16 10:22:07] INFO: Iteration 87/100
[42229] [2025-01-16 10:22:12] INFO: Acc: 16.30%
[42229] [2025-01-16 10:22:12] INFO: --------------------------------------------
[42229] [2025-01-16 10:22:12] INFO: Iteration 88/100
[42229] [2025-01-16 10:22:17] INFO: Acc: 11.90%
[42229] [2025-01-16 10:22:17] INFO: --------------------------------------------
[42229] [2025-01-16 10:22:17] INFO: Iteration 89/100
[42229] [2025-01-16 10:22:21] INFO: Acc: 15.05%
[42229] [2025-01-16 10:22:21] INFO: --------------------------------------------
[42229] [2025-01-16 10:22:21] INFO: Iteration 90/100
[42229] [2025-01-16 10:22:26] INFO: Acc: 17.15%
[42229] [2025-01-16 10:22:26] INFO: --------------------------------------------
[42229] [2025-01-16 10:22:26] INFO: Iteration 91/100
[42229] [2025-01-16 10:22:30] INFO: Acc: 12.25%
[42229] [2025-01-16 10:22:30] INFO: --------------------------------------------
[42229] [2025-01-16 10:22:30] INFO: Iteration 92/100
[42229] [2025-01-16 10:22:35] INFO: Acc: 17.30%
[42229] [2025-01-16 10:22:35] INFO: --------------------------------------------
[42229] [2025-01-16 10:22:35] INFO: Iteration 93/100
[42229] [2025-01-16 10:22:40] INFO: Acc: 14.00%
[42229] [2025-01-16 10:22:40] INFO: --------------------------------------------
[42229] [2025-01-16 10:22:40] INFO: Iteration 94/100
[42229] [2025-01-16 10:22:46] INFO: Acc: 17.55%
[42229] [2025-01-16 10:22:46] INFO: --------------------------------------------
[42229] [2025-01-16 10:22:46] INFO: Iteration 95/100
[42229] [2025-01-16 10:22:51] INFO: Acc: 19.85%
[42229] [2025-01-16 10:22:51] INFO: --------------------------------------------
[42229] [2025-01-16 10:22:51] INFO: Iteration 96/100
[42229] [2025-01-16 10:22:55] INFO: Acc: 13.40%
[42229] [2025-01-16 10:22:55] INFO: --------------------------------------------
[42229] [2025-01-16 10:22:55] INFO: Iteration 97/100
[42229] [2025-01-16 10:23:00] INFO: Acc: 8.40%
[42229] [2025-01-16 10:23:00] INFO: --------------------------------------------
[42229] [2025-01-16 10:23:00] INFO: Iteration 98/100
[42229] [2025-01-16 10:23:05] INFO: Acc: 14.05%
[42229] [2025-01-16 10:23:05] INFO: --------------------------------------------
[42229] [2025-01-16 10:23:05] INFO: Iteration 99/100
[42229] [2025-01-16 10:23:09] INFO: Acc: 22.35%
[42229] [2025-01-16 10:23:09] INFO: --------------------------------------------
[42229] [2025-01-16 10:23:09] INFO: Iteration 100/100
[42229] [2025-01-16 10:23:14] INFO: Acc: 9.95%
