[30040] [2025-01-16 10:18:36] INFO: ==> Running file: /autodl-fs/data/PythonProject/P3MC/downstream_knn.py
[30040] [2025-01-16 10:18:36] INFO: ==> Config: {'exp_name': 'CVTSLANet_KNN_ads-b-10_iq_PT_powerNorm_FT_powerNorm', 'exp_type': 'Downstream_random_rot', 'random_seed': 2024, 'platform': 'linux', 'device': 'cuda', 'iteration': 100, 'epoch': 100, 'dataset': {'name': 'ads-b-10', 'root': '~/Datasets/ADS-B', 'type': 'iq', 'normalize': 'power', 'train_batch_size': 30, 'test_batch_size': 30, 'ratio': 0.2, 'num_classes': 10, 'shot': 5, 'snr': None}, 'encoder': {'name': 'CVTSLANet', 'root': 'models/KANTSLANet2Feature.py', 'feature_dim': 1024, 'pretrain_path': './runs/Pretext_random_rot/CVTSLANet_ads-b_iq_powerNorm/best_encoder.pth', 'TSLA_config': {'seq_len': 4800, 'patch_size': 32, 'num_channels': 2, 'emb_dim': 256, 'depth': 3, 'dropout_rate': 0.3}}, 'classifier': {'name': 'knn', 'root': '', 'in_dim': 1024, 'ratio': 0.2, 'num_classes': 10}, 'optimizer': {'lr': 0.001, 'weight_decay': 0}, 'extra_info': '', 'exp_path': 'runs/Downstream_random_rot/CVTSLANet_KNN_ads-b-10_iq_PT_powerNorm_FT_powerNorm/5Shot/0116_101836', 'save_path': 'runs/Downstream_random_rot/CVTSLANet_KNN_ads-b-10_iq_PT_powerNorm_FT_powerNorm'}
[30040] [2025-01-16 10:18:36] INFO: --------------------------------------------
[30040] [2025-01-16 10:18:36] INFO: Iteration 1/100
[30040] [2025-01-16 10:18:39] INFO: Acc: 89.40%
[30040] [2025-01-16 10:18:39] INFO: --------------------------------------------
[30040] [2025-01-16 10:18:39] INFO: Iteration 2/100
[30040] [2025-01-16 10:18:42] INFO: Acc: 91.80%
[30040] [2025-01-16 10:18:42] INFO: --------------------------------------------
[30040] [2025-01-16 10:18:42] INFO: Iteration 3/100
[30040] [2025-01-16 10:18:44] INFO: Acc: 88.40%
[30040] [2025-01-16 10:18:44] INFO: --------------------------------------------
[30040] [2025-01-16 10:18:44] INFO: Iteration 4/100
[30040] [2025-01-16 10:18:48] INFO: Acc: 87.00%
[30040] [2025-01-16 10:18:48] INFO: --------------------------------------------
[30040] [2025-01-16 10:18:48] INFO: Iteration 5/100
[30040] [2025-01-16 10:18:50] INFO: Acc: 87.10%
[30040] [2025-01-16 10:18:51] INFO: --------------------------------------------
[30040] [2025-01-16 10:18:51] INFO: Iteration 6/100
[30040] [2025-01-16 10:18:54] INFO: Acc: 91.50%
[30040] [2025-01-16 10:18:54] INFO: --------------------------------------------
[30040] [2025-01-16 10:18:54] INFO: Iteration 7/100
[30040] [2025-01-16 10:18:57] INFO: Acc: 86.00%
[30040] [2025-01-16 10:18:57] INFO: --------------------------------------------
[30040] [2025-01-16 10:18:57] INFO: Iteration 8/100
[30040] [2025-01-16 10:19:00] INFO: Acc: 90.10%
[30040] [2025-01-16 10:19:00] INFO: --------------------------------------------
[30040] [2025-01-16 10:19:00] INFO: Iteration 9/100
[30040] [2025-01-16 10:19:03] INFO: Acc: 87.50%
[30040] [2025-01-16 10:19:03] INFO: --------------------------------------------
[30040] [2025-01-16 10:19:03] INFO: Iteration 10/100
[30040] [2025-01-16 10:19:05] INFO: Acc: 90.50%
[30040] [2025-01-16 10:19:06] INFO: --------------------------------------------
[30040] [2025-01-16 10:19:06] INFO: Iteration 11/100
[30040] [2025-01-16 10:19:08] INFO: Acc: 91.20%
[30040] [2025-01-16 10:19:08] INFO: --------------------------------------------
[30040] [2025-01-16 10:19:08] INFO: Iteration 12/100
[30040] [2025-01-16 10:19:11] INFO: Acc: 92.30%
[30040] [2025-01-16 10:19:11] INFO: --------------------------------------------
[30040] [2025-01-16 10:19:11] INFO: Iteration 13/100
[30040] [2025-01-16 10:19:14] INFO: Acc: 83.40%
[30040] [2025-01-16 10:19:14] INFO: --------------------------------------------
[30040] [2025-01-16 10:19:14] INFO: Iteration 14/100
[30040] [2025-01-16 10:19:17] INFO: Acc: 85.30%
[30040] [2025-01-16 10:19:17] INFO: --------------------------------------------
[30040] [2025-01-16 10:19:17] INFO: Iteration 15/100
[30040] [2025-01-16 10:19:20] INFO: Acc: 89.60%
[30040] [2025-01-16 10:19:20] INFO: --------------------------------------------
[30040] [2025-01-16 10:19:20] INFO: Iteration 16/100
[30040] [2025-01-16 10:19:23] INFO: Acc: 88.30%
[30040] [2025-01-16 10:19:23] INFO: --------------------------------------------
[30040] [2025-01-16 10:19:23] INFO: Iteration 17/100
[30040] [2025-01-16 10:19:26] INFO: Acc: 88.30%
[30040] [2025-01-16 10:19:27] INFO: --------------------------------------------
[30040] [2025-01-16 10:19:27] INFO: Iteration 18/100
[30040] [2025-01-16 10:19:30] INFO: Acc: 86.80%
[30040] [2025-01-16 10:19:30] INFO: --------------------------------------------
[30040] [2025-01-16 10:19:30] INFO: Iteration 19/100
[30040] [2025-01-16 10:19:33] INFO: Acc: 88.30%
[30040] [2025-01-16 10:19:33] INFO: --------------------------------------------
[30040] [2025-01-16 10:19:33] INFO: Iteration 20/100
[30040] [2025-01-16 10:19:36] INFO: Acc: 89.10%
[30040] [2025-01-16 10:19:36] INFO: --------------------------------------------
[30040] [2025-01-16 10:19:36] INFO: Iteration 21/100
[30040] [2025-01-16 10:19:38] INFO: Acc: 91.00%
[30040] [2025-01-16 10:19:38] INFO: --------------------------------------------
[30040] [2025-01-16 10:19:38] INFO: Iteration 22/100
[30040] [2025-01-16 10:19:41] INFO: Acc: 83.60%
[30040] [2025-01-16 10:19:41] INFO: --------------------------------------------
[30040] [2025-01-16 10:19:41] INFO: Iteration 23/100
[30040] [2025-01-16 10:19:44] INFO: Acc: 92.10%
[30040] [2025-01-16 10:19:44] INFO: --------------------------------------------
[30040] [2025-01-16 10:19:44] INFO: Iteration 24/100
[30040] [2025-01-16 10:19:47] INFO: Acc: 87.20%
[30040] [2025-01-16 10:19:47] INFO: --------------------------------------------
[30040] [2025-01-16 10:19:47] INFO: Iteration 25/100
[30040] [2025-01-16 10:19:50] INFO: Acc: 89.70%
[30040] [2025-01-16 10:19:50] INFO: --------------------------------------------
[30040] [2025-01-16 10:19:50] INFO: Iteration 26/100
[30040] [2025-01-16 10:19:53] INFO: Acc: 89.80%
[30040] [2025-01-16 10:19:53] INFO: --------------------------------------------
[30040] [2025-01-16 10:19:53] INFO: Iteration 27/100
[30040] [2025-01-16 10:19:55] INFO: Acc: 88.50%
[30040] [2025-01-16 10:19:55] INFO: --------------------------------------------
[30040] [2025-01-16 10:19:55] INFO: Iteration 28/100
[30040] [2025-01-16 10:19:59] INFO: Acc: 85.60%
[30040] [2025-01-16 10:19:59] INFO: --------------------------------------------
[30040] [2025-01-16 10:19:59] INFO: Iteration 29/100
[30040] [2025-01-16 10:20:02] INFO: Acc: 88.10%
[30040] [2025-01-16 10:20:02] INFO: --------------------------------------------
[30040] [2025-01-16 10:20:02] INFO: Iteration 30/100
[30040] [2025-01-16 10:20:04] INFO: Acc: 87.70%
[30040] [2025-01-16 10:20:05] INFO: --------------------------------------------
[30040] [2025-01-16 10:20:05] INFO: Iteration 31/100
[30040] [2025-01-16 10:20:08] INFO: Acc: 88.50%
[30040] [2025-01-16 10:20:08] INFO: --------------------------------------------
[30040] [2025-01-16 10:20:08] INFO: Iteration 32/100
[30040] [2025-01-16 10:20:10] INFO: Acc: 90.30%
[30040] [2025-01-16 10:20:10] INFO: --------------------------------------------
[30040] [2025-01-16 10:20:10] INFO: Iteration 33/100
[30040] [2025-01-16 10:20:13] INFO: Acc: 88.70%
[30040] [2025-01-16 10:20:13] INFO: --------------------------------------------
[30040] [2025-01-16 10:20:13] INFO: Iteration 34/100
[30040] [2025-01-16 10:20:15] INFO: Acc: 91.50%
[30040] [2025-01-16 10:20:15] INFO: --------------------------------------------
[30040] [2025-01-16 10:20:15] INFO: Iteration 35/100
[30040] [2025-01-16 10:20:18] INFO: Acc: 92.50%
[30040] [2025-01-16 10:20:18] INFO: --------------------------------------------
[30040] [2025-01-16 10:20:18] INFO: Iteration 36/100
[30040] [2025-01-16 10:20:20] INFO: Acc: 89.20%
[30040] [2025-01-16 10:20:20] INFO: --------------------------------------------
[30040] [2025-01-16 10:20:20] INFO: Iteration 37/100
[30040] [2025-01-16 10:20:23] INFO: Acc: 88.10%
[30040] [2025-01-16 10:20:23] INFO: --------------------------------------------
[30040] [2025-01-16 10:20:23] INFO: Iteration 38/100
[30040] [2025-01-16 10:20:26] INFO: Acc: 90.40%
[30040] [2025-01-16 10:20:26] INFO: --------------------------------------------
[30040] [2025-01-16 10:20:26] INFO: Iteration 39/100
[30040] [2025-01-16 10:20:29] INFO: Acc: 93.80%
[30040] [2025-01-16 10:20:29] INFO: --------------------------------------------
[30040] [2025-01-16 10:20:29] INFO: Iteration 40/100
[30040] [2025-01-16 10:20:32] INFO: Acc: 88.50%
[30040] [2025-01-16 10:20:32] INFO: --------------------------------------------
[30040] [2025-01-16 10:20:32] INFO: Iteration 41/100
[30040] [2025-01-16 10:20:35] INFO: Acc: 91.00%
[30040] [2025-01-16 10:20:35] INFO: --------------------------------------------
[30040] [2025-01-16 10:20:35] INFO: Iteration 42/100
[30040] [2025-01-16 10:20:37] INFO: Acc: 92.50%
[30040] [2025-01-16 10:20:37] INFO: --------------------------------------------
[30040] [2025-01-16 10:20:37] INFO: Iteration 43/100
[30040] [2025-01-16 10:20:41] INFO: Acc: 89.10%
[30040] [2025-01-16 10:20:41] INFO: --------------------------------------------
[30040] [2025-01-16 10:20:41] INFO: Iteration 44/100
[30040] [2025-01-16 10:20:43] INFO: Acc: 85.50%
[30040] [2025-01-16 10:20:43] INFO: --------------------------------------------
[30040] [2025-01-16 10:20:43] INFO: Iteration 45/100
[30040] [2025-01-16 10:20:47] INFO: Acc: 88.50%
[30040] [2025-01-16 10:20:47] INFO: --------------------------------------------
[30040] [2025-01-16 10:20:47] INFO: Iteration 46/100
[30040] [2025-01-16 10:20:49] INFO: Acc: 91.50%
[30040] [2025-01-16 10:20:49] INFO: --------------------------------------------
[30040] [2025-01-16 10:20:49] INFO: Iteration 47/100
[30040] [2025-01-16 10:20:52] INFO: Acc: 88.10%
[30040] [2025-01-16 10:20:52] INFO: --------------------------------------------
[30040] [2025-01-16 10:20:52] INFO: Iteration 48/100
[30040] [2025-01-16 10:20:55] INFO: Acc: 89.50%
[30040] [2025-01-16 10:20:55] INFO: --------------------------------------------
[30040] [2025-01-16 10:20:55] INFO: Iteration 49/100
[30040] [2025-01-16 10:20:58] INFO: Acc: 88.20%
[30040] [2025-01-16 10:20:58] INFO: --------------------------------------------
[30040] [2025-01-16 10:20:58] INFO: Iteration 50/100
[30040] [2025-01-16 10:21:01] INFO: Acc: 83.20%
[30040] [2025-01-16 10:21:01] INFO: --------------------------------------------
[30040] [2025-01-16 10:21:01] INFO: Iteration 51/100
[30040] [2025-01-16 10:21:04] INFO: Acc: 90.70%
[30040] [2025-01-16 10:21:04] INFO: --------------------------------------------
[30040] [2025-01-16 10:21:04] INFO: Iteration 52/100
[30040] [2025-01-16 10:21:07] INFO: Acc: 88.70%
[30040] [2025-01-16 10:21:07] INFO: --------------------------------------------
[30040] [2025-01-16 10:21:07] INFO: Iteration 53/100
[30040] [2025-01-16 10:21:09] INFO: Acc: 89.70%
[30040] [2025-01-16 10:21:09] INFO: --------------------------------------------
[30040] [2025-01-16 10:21:09] INFO: Iteration 54/100
[30040] [2025-01-16 10:21:13] INFO: Acc: 87.40%
[30040] [2025-01-16 10:21:13] INFO: --------------------------------------------
[30040] [2025-01-16 10:21:13] INFO: Iteration 55/100
[30040] [2025-01-16 10:21:15] INFO: Acc: 86.80%
[30040] [2025-01-16 10:21:15] INFO: --------------------------------------------
[30040] [2025-01-16 10:21:15] INFO: Iteration 56/100
[30040] [2025-01-16 10:21:18] INFO: Acc: 85.10%
[30040] [2025-01-16 10:21:18] INFO: --------------------------------------------
[30040] [2025-01-16 10:21:18] INFO: Iteration 57/100
[30040] [2025-01-16 10:21:21] INFO: Acc: 87.00%
[30040] [2025-01-16 10:21:21] INFO: --------------------------------------------
[30040] [2025-01-16 10:21:21] INFO: Iteration 58/100
[30040] [2025-01-16 10:21:24] INFO: Acc: 86.90%
[30040] [2025-01-16 10:21:24] INFO: --------------------------------------------
[30040] [2025-01-16 10:21:24] INFO: Iteration 59/100
[30040] [2025-01-16 10:21:26] INFO: Acc: 89.90%
[30040] [2025-01-16 10:21:26] INFO: --------------------------------------------
[30040] [2025-01-16 10:21:26] INFO: Iteration 60/100
[30040] [2025-01-16 10:21:29] INFO: Acc: 89.50%
[30040] [2025-01-16 10:21:29] INFO: --------------------------------------------
[30040] [2025-01-16 10:21:29] INFO: Iteration 61/100
[30040] [2025-01-16 10:21:32] INFO: Acc: 87.80%
[30040] [2025-01-16 10:21:32] INFO: --------------------------------------------
[30040] [2025-01-16 10:21:32] INFO: Iteration 62/100
[30040] [2025-01-16 10:21:35] INFO: Acc: 90.40%
[30040] [2025-01-16 10:21:35] INFO: --------------------------------------------
[30040] [2025-01-16 10:21:35] INFO: Iteration 63/100
[30040] [2025-01-16 10:21:37] INFO: Acc: 86.30%
[30040] [2025-01-16 10:21:37] INFO: --------------------------------------------
[30040] [2025-01-16 10:21:37] INFO: Iteration 64/100
[30040] [2025-01-16 10:21:40] INFO: Acc: 86.40%
[30040] [2025-01-16 10:21:40] INFO: --------------------------------------------
[30040] [2025-01-16 10:21:40] INFO: Iteration 65/100
[30040] [2025-01-16 10:21:43] INFO: Acc: 87.10%
[30040] [2025-01-16 10:21:43] INFO: --------------------------------------------
[30040] [2025-01-16 10:21:43] INFO: Iteration 66/100
[30040] [2025-01-16 10:21:46] INFO: Acc: 90.10%
[30040] [2025-01-16 10:21:46] INFO: --------------------------------------------
[30040] [2025-01-16 10:21:46] INFO: Iteration 67/100
[30040] [2025-01-16 10:21:49] INFO: Acc: 82.50%
[30040] [2025-01-16 10:21:49] INFO: --------------------------------------------
[30040] [2025-01-16 10:21:49] INFO: Iteration 68/100
[30040] [2025-01-16 10:21:52] INFO: Acc: 92.40%
[30040] [2025-01-16 10:21:52] INFO: --------------------------------------------
[30040] [2025-01-16 10:21:52] INFO: Iteration 69/100
[30040] [2025-01-16 10:21:55] INFO: Acc: 88.80%
[30040] [2025-01-16 10:21:55] INFO: --------------------------------------------
[30040] [2025-01-16 10:21:55] INFO: Iteration 70/100
[30040] [2025-01-16 10:21:57] INFO: Acc: 91.90%
[30040] [2025-01-16 10:21:57] INFO: --------------------------------------------
[30040] [2025-01-16 10:21:57] INFO: Iteration 71/100
[30040] [2025-01-16 10:22:00] INFO: Acc: 86.20%
[30040] [2025-01-16 10:22:00] INFO: --------------------------------------------
[30040] [2025-01-16 10:22:00] INFO: Iteration 72/100
[30040] [2025-01-16 10:22:03] INFO: Acc: 85.00%
[30040] [2025-01-16 10:22:03] INFO: --------------------------------------------
[30040] [2025-01-16 10:22:03] INFO: Iteration 73/100
[30040] [2025-01-16 10:22:06] INFO: Acc: 86.20%
[30040] [2025-01-16 10:22:06] INFO: --------------------------------------------
[30040] [2025-01-16 10:22:06] INFO: Iteration 74/100
[30040] [2025-01-16 10:22:09] INFO: Acc: 90.80%
[30040] [2025-01-16 10:22:09] INFO: --------------------------------------------
[30040] [2025-01-16 10:22:09] INFO: Iteration 75/100
[30040] [2025-01-16 10:22:12] INFO: Acc: 86.80%
[30040] [2025-01-16 10:22:12] INFO: --------------------------------------------
[30040] [2025-01-16 10:22:12] INFO: Iteration 76/100
[30040] [2025-01-16 10:22:15] INFO: Acc: 86.40%
[30040] [2025-01-16 10:22:15] INFO: --------------------------------------------
[30040] [2025-01-16 10:22:15] INFO: Iteration 77/100
[30040] [2025-01-16 10:22:18] INFO: Acc: 87.40%
[30040] [2025-01-16 10:22:18] INFO: --------------------------------------------
[30040] [2025-01-16 10:22:18] INFO: Iteration 78/100
[30040] [2025-01-16 10:22:21] INFO: Acc: 88.50%
[30040] [2025-01-16 10:22:21] INFO: --------------------------------------------
[30040] [2025-01-16 10:22:21] INFO: Iteration 79/100
[30040] [2025-01-16 10:22:23] INFO: Acc: 89.50%
[30040] [2025-01-16 10:22:23] INFO: --------------------------------------------
[30040] [2025-01-16 10:22:23] INFO: Iteration 80/100
[30040] [2025-01-16 10:22:26] INFO: Acc: 91.10%
[30040] [2025-01-16 10:22:26] INFO: --------------------------------------------
[30040] [2025-01-16 10:22:26] INFO: Iteration 81/100
[30040] [2025-01-16 10:22:29] INFO: Acc: 88.20%
[30040] [2025-01-16 10:22:29] INFO: --------------------------------------------
[30040] [2025-01-16 10:22:29] INFO: Iteration 82/100
[30040] [2025-01-16 10:22:32] INFO: Acc: 87.40%
[30040] [2025-01-16 10:22:32] INFO: --------------------------------------------
[30040] [2025-01-16 10:22:32] INFO: Iteration 83/100
[30040] [2025-01-16 10:22:35] INFO: Acc: 90.40%
[30040] [2025-01-16 10:22:35] INFO: --------------------------------------------
[30040] [2025-01-16 10:22:35] INFO: Iteration 84/100
[30040] [2025-01-16 10:22:37] INFO: Acc: 85.50%
[30040] [2025-01-16 10:22:37] INFO: --------------------------------------------
[30040] [2025-01-16 10:22:37] INFO: Iteration 85/100
[30040] [2025-01-16 10:22:40] INFO: Acc: 88.90%
[30040] [2025-01-16 10:22:40] INFO: --------------------------------------------
[30040] [2025-01-16 10:22:40] INFO: Iteration 86/100
[30040] [2025-01-16 10:22:43] INFO: Acc: 92.00%
[30040] [2025-01-16 10:22:43] INFO: --------------------------------------------
[30040] [2025-01-16 10:22:43] INFO: Iteration 87/100
[30040] [2025-01-16 10:22:46] INFO: Acc: 90.90%
[30040] [2025-01-16 10:22:46] INFO: --------------------------------------------
[30040] [2025-01-16 10:22:46] INFO: Iteration 88/100
[30040] [2025-01-16 10:22:49] INFO: Acc: 89.10%
[30040] [2025-01-16 10:22:49] INFO: --------------------------------------------
[30040] [2025-01-16 10:22:49] INFO: Iteration 89/100
[30040] [2025-01-16 10:22:51] INFO: Acc: 89.70%
[30040] [2025-01-16 10:22:51] INFO: --------------------------------------------
[30040] [2025-01-16 10:22:51] INFO: Iteration 90/100
[30040] [2025-01-16 10:22:54] INFO: Acc: 91.20%
[30040] [2025-01-16 10:22:54] INFO: --------------------------------------------
[30040] [2025-01-16 10:22:54] INFO: Iteration 91/100
[30040] [2025-01-16 10:22:56] INFO: Acc: 89.30%
[30040] [2025-01-16 10:22:56] INFO: --------------------------------------------
[30040] [2025-01-16 10:22:56] INFO: Iteration 92/100
[30040] [2025-01-16 10:23:00] INFO: Acc: 89.00%
[30040] [2025-01-16 10:23:00] INFO: --------------------------------------------
[30040] [2025-01-16 10:23:00] INFO: Iteration 93/100
[30040] [2025-01-16 10:23:02] INFO: Acc: 90.40%
[30040] [2025-01-16 10:23:02] INFO: --------------------------------------------
[30040] [2025-01-16 10:23:02] INFO: Iteration 94/100
[30040] [2025-01-16 10:23:05] INFO: Acc: 88.20%
[30040] [2025-01-16 10:23:05] INFO: --------------------------------------------
[30040] [2025-01-16 10:23:05] INFO: Iteration 95/100
[30040] [2025-01-16 10:23:08] INFO: Acc: 94.10%
[30040] [2025-01-16 10:23:08] INFO: --------------------------------------------
[30040] [2025-01-16 10:23:08] INFO: Iteration 96/100
[30040] [2025-01-16 10:23:11] INFO: Acc: 90.80%
[30040] [2025-01-16 10:23:11] INFO: --------------------------------------------
[30040] [2025-01-16 10:23:11] INFO: Iteration 97/100
[30040] [2025-01-16 10:23:14] INFO: Acc: 80.50%
[30040] [2025-01-16 10:23:14] INFO: --------------------------------------------
[30040] [2025-01-16 10:23:14] INFO: Iteration 98/100
[30040] [2025-01-16 10:23:17] INFO: Acc: 91.40%
[30040] [2025-01-16 10:23:17] INFO: --------------------------------------------
[30040] [2025-01-16 10:23:17] INFO: Iteration 99/100
[30040] [2025-01-16 10:23:19] INFO: Acc: 87.70%
[30040] [2025-01-16 10:23:19] INFO: --------------------------------------------
[30040] [2025-01-16 10:23:19] INFO: Iteration 100/100
[30040] [2025-01-16 10:23:22] INFO: Acc: 86.10%
