[176215] [2025-01-16 17:23:05] INFO: ==> Running file: /autodl-fs/data/PythonProject/P3MC/downstream.py
[176215] [2025-01-16 17:23:05] INFO: ==> Config: {'exp_name': 'CVTSLANet_ads-b-20_iq_PT_powerNorm_FT_powerNorm', 'exp_type': 'Downstream_random_rot', 'random_seed': 2024, 'platform': 'linux', 'device': 'cuda', 'iteration': 100, 'epoch': 100, 'dataset': {'name': 'ads-b-20', 'root': '~/Datasets/ADS-B', 'type': 'iq', 'normalize': 'power', 'train_batch_size': 30, 'test_batch_size': 30, 'ratio': 0.2, 'num_classes': 20, 'shot': 15, 'snr': None}, 'encoder': {'name': 'CVTSLANet', 'root': 'models/KANTSLANet2Feature.py', 'feature_dim': 1024, 'pretrain_path': './runs/Pretext_random_rot/CVTSLANet_ads-b_iq_powerNorm/best_encoder.pth', 'TSLA_config': {'seq_len': 4800, 'patch_size': 32, 'num_channels': 2, 'emb_dim': 256, 'depth': 3, 'dropout_rate': 0.3}}, 'classifier': {'name': 'linear', 'root': 'models/LinearClassifier.py', 'in_dim': 1024, 'ratio': 0.2, 'num_classes': 20}, 'optimizer': {'lr': 0.001, 'weight_decay': 0}, 'extra_info': '', 'exp_path': 'runs/Downstream_random_rot/CVTSLANet_ads-b-20_iq_PT_powerNorm_FT_powerNorm/15Shot/0116_172305', 'save_path': 'runs/Downstream_random_rot/CVTSLANet_ads-b-20_iq_PT_powerNorm_FT_powerNorm'}
[176215] [2025-01-16 17:23:05] INFO: --------------------------------------------
[176215] [2025-01-16 17:23:05] INFO: Iteration 1/100
[176215] [2025-01-16 17:25:11] INFO: ==> Train Set: Acc: 100.00%, Loss: 0.00341780, Best model in epoch 77
[176215] [2025-01-16 17:25:14] INFO: ==> Test Set: Acc: 92.51%, Loss: 0.30807221
[176215] [2025-01-16 17:25:14] INFO: --------------------------------------------
[176215] [2025-01-16 17:25:14] INFO: Iteration 2/100
[176215] [2025-01-16 17:27:19] INFO: ==> Train Set: Acc: 100.00%, Loss: 0.00244561, Best model in epoch 67
[176215] [2025-01-16 17:27:22] INFO: ==> Test Set: Acc: 86.00%, Loss: 0.62399343
[176215] [2025-01-16 17:27:22] INFO: --------------------------------------------
[176215] [2025-01-16 17:27:22] INFO: Iteration 3/100
[176215] [2025-01-16 17:29:27] INFO: ==> Train Set: Acc: 100.00%, Loss: 0.00188193, Best model in epoch 80
[176215] [2025-01-16 17:29:30] INFO: ==> Test Set: Acc: 93.01%, Loss: 0.31784231
[176215] [2025-01-16 17:29:30] INFO: --------------------------------------------
[176215] [2025-01-16 17:29:30] INFO: Iteration 4/100
[176215] [2025-01-16 17:31:36] INFO: ==> Train Set: Acc: 100.00%, Loss: 0.00414570, Best model in epoch 95
[176215] [2025-01-16 17:31:39] INFO: ==> Test Set: Acc: 92.44%, Loss: 0.32680374
[176215] [2025-01-16 17:31:39] INFO: --------------------------------------------
[176215] [2025-01-16 17:31:39] INFO: Iteration 5/100
[176215] [2025-01-16 17:33:44] INFO: ==> Train Set: Acc: 100.00%, Loss: 0.00355911, Best model in epoch 69
[176215] [2025-01-16 17:33:47] INFO: ==> Test Set: Acc: 89.98%, Loss: 0.54441784
[176215] [2025-01-16 17:33:47] INFO: --------------------------------------------
[176215] [2025-01-16 17:33:47] INFO: Iteration 6/100
[176215] [2025-01-16 17:35:53] INFO: ==> Train Set: Acc: 100.00%, Loss: 0.00090809, Best model in epoch 96
[176215] [2025-01-16 17:35:56] INFO: ==> Test Set: Acc: 89.80%, Loss: 0.43119219
[176215] [2025-01-16 17:35:56] INFO: --------------------------------------------
[176215] [2025-01-16 17:35:56] INFO: Iteration 7/100
[176215] [2025-01-16 17:38:01] INFO: ==> Train Set: Acc: 100.00%, Loss: 0.00357653, Best model in epoch 63
[176215] [2025-01-16 17:38:04] INFO: ==> Test Set: Acc: 90.05%, Loss: 0.48220525
[176215] [2025-01-16 17:38:04] INFO: --------------------------------------------
[176215] [2025-01-16 17:38:04] INFO: Iteration 8/100
[176215] [2025-01-16 17:40:09] INFO: ==> Train Set: Acc: 100.00%, Loss: 0.00366704, Best model in epoch 85
[176215] [2025-01-16 17:40:12] INFO: ==> Test Set: Acc: 92.36%, Loss: 0.32973738
[176215] [2025-01-16 17:40:12] INFO: --------------------------------------------
[176215] [2025-01-16 17:40:12] INFO: Iteration 9/100
[176215] [2025-01-16 17:42:18] INFO: ==> Train Set: Acc: 100.00%, Loss: 0.00180725, Best model in epoch 92
[176215] [2025-01-16 17:42:21] INFO: ==> Test Set: Acc: 85.07%, Loss: 0.78264262
[176215] [2025-01-16 17:42:21] INFO: --------------------------------------------
[176215] [2025-01-16 17:42:21] INFO: Iteration 10/100
[176215] [2025-01-16 17:44:25] INFO: ==> Train Set: Acc: 100.00%, Loss: 0.00267142, Best model in epoch 93
[176215] [2025-01-16 17:44:28] INFO: ==> Test Set: Acc: 87.71%, Loss: 0.61837187
[176215] [2025-01-16 17:44:28] INFO: --------------------------------------------
[176215] [2025-01-16 17:44:28] INFO: Iteration 11/100
[176215] [2025-01-16 17:46:34] INFO: ==> Train Set: Acc: 100.00%, Loss: 0.00560625, Best model in epoch 79
[176215] [2025-01-16 17:46:37] INFO: ==> Test Set: Acc: 87.29%, Loss: 0.52062340
[176215] [2025-01-16 17:46:37] INFO: --------------------------------------------
[176215] [2025-01-16 17:46:37] INFO: Iteration 12/100
[176215] [2025-01-16 17:48:42] INFO: ==> Train Set: Acc: 100.00%, Loss: 0.00209755, Best model in epoch 97
[176215] [2025-01-16 17:48:45] INFO: ==> Test Set: Acc: 91.27%, Loss: 0.37935400
[176215] [2025-01-16 17:48:45] INFO: --------------------------------------------
[176215] [2025-01-16 17:48:45] INFO: Iteration 13/100
[176215] [2025-01-16 17:50:51] INFO: ==> Train Set: Acc: 100.00%, Loss: 0.00289270, Best model in epoch 99
[176215] [2025-01-16 17:50:54] INFO: ==> Test Set: Acc: 91.59%, Loss: 0.36092271
[176215] [2025-01-16 17:50:54] INFO: --------------------------------------------
[176215] [2025-01-16 17:50:54] INFO: Iteration 14/100
[176215] [2025-01-16 17:52:58] INFO: ==> Train Set: Acc: 100.00%, Loss: 0.00234025, Best model in epoch 80
[176215] [2025-01-16 17:53:01] INFO: ==> Test Set: Acc: 86.82%, Loss: 0.69309663
[176215] [2025-01-16 17:53:01] INFO: --------------------------------------------
[176215] [2025-01-16 17:53:01] INFO: Iteration 15/100
[176215] [2025-01-16 17:55:06] INFO: ==> Train Set: Acc: 99.67%, Loss: 0.00593179, Best model in epoch 55
[176215] [2025-01-16 17:55:09] INFO: ==> Test Set: Acc: 89.80%, Loss: 0.43667081
[176215] [2025-01-16 17:55:09] INFO: --------------------------------------------
[176215] [2025-01-16 17:55:09] INFO: Iteration 16/100
[176215] [2025-01-16 17:57:15] INFO: ==> Train Set: Acc: 100.00%, Loss: 0.00228786, Best model in epoch 79
[176215] [2025-01-16 17:57:18] INFO: ==> Test Set: Acc: 87.29%, Loss: 0.62332817
[176215] [2025-01-16 17:57:18] INFO: --------------------------------------------
[176215] [2025-01-16 17:57:18] INFO: Iteration 17/100
[176215] [2025-01-16 17:59:22] INFO: ==> Train Set: Acc: 100.00%, Loss: 0.00457059, Best model in epoch 68
[176215] [2025-01-16 17:59:25] INFO: ==> Test Set: Acc: 90.55%, Loss: 0.37602116
[176215] [2025-01-16 17:59:25] INFO: --------------------------------------------
[176215] [2025-01-16 17:59:25] INFO: Iteration 18/100
[176215] [2025-01-16 18:01:32] INFO: ==> Train Set: Acc: 100.00%, Loss: 0.00234015, Best model in epoch 93
[176215] [2025-01-16 18:01:35] INFO: ==> Test Set: Acc: 87.49%, Loss: 0.51562170
[176215] [2025-01-16 18:01:35] INFO: --------------------------------------------
[176215] [2025-01-16 18:01:35] INFO: Iteration 19/100
[176215] [2025-01-16 18:03:39] INFO: ==> Train Set: Acc: 100.00%, Loss: 0.00334475, Best model in epoch 86
[176215] [2025-01-16 18:03:42] INFO: ==> Test Set: Acc: 90.50%, Loss: 0.45887270
[176215] [2025-01-16 18:03:42] INFO: --------------------------------------------
[176215] [2025-01-16 18:03:42] INFO: Iteration 20/100
[176215] [2025-01-16 18:05:48] INFO: ==> Train Set: Acc: 100.00%, Loss: 0.00467853, Best model in epoch 96
[176215] [2025-01-16 18:05:51] INFO: ==> Test Set: Acc: 90.35%, Loss: 0.42677856
[176215] [2025-01-16 18:05:51] INFO: --------------------------------------------
[176215] [2025-01-16 18:05:51] INFO: Iteration 21/100
[176215] [2025-01-16 18:07:56] INFO: ==> Train Set: Acc: 100.00%, Loss: 0.00206190, Best model in epoch 76
[176215] [2025-01-16 18:07:59] INFO: ==> Test Set: Acc: 91.67%, Loss: 0.40269067
[176215] [2025-01-16 18:07:59] INFO: --------------------------------------------
[176215] [2025-01-16 18:07:59] INFO: Iteration 22/100
[176215] [2025-01-16 18:10:04] INFO: ==> Train Set: Acc: 100.00%, Loss: 0.00385633, Best model in epoch 55
[176215] [2025-01-16 18:10:07] INFO: ==> Test Set: Acc: 91.74%, Loss: 0.36115573
[176215] [2025-01-16 18:10:07] INFO: --------------------------------------------
[176215] [2025-01-16 18:10:07] INFO: Iteration 23/100
[176215] [2025-01-16 18:12:12] INFO: ==> Train Set: Acc: 100.00%, Loss: 0.00179868, Best model in epoch 89
[176215] [2025-01-16 18:12:15] INFO: ==> Test Set: Acc: 90.47%, Loss: 0.35843887
[176215] [2025-01-16 18:12:15] INFO: --------------------------------------------
[176215] [2025-01-16 18:12:15] INFO: Iteration 24/100
[176215] [2025-01-16 18:14:20] INFO: ==> Train Set: Acc: 100.00%, Loss: 0.00147131, Best model in epoch 97
[176215] [2025-01-16 18:14:23] INFO: ==> Test Set: Acc: 90.70%, Loss: 0.44839763
[176215] [2025-01-16 18:14:23] INFO: --------------------------------------------
[176215] [2025-01-16 18:14:23] INFO: Iteration 25/100
[176215] [2025-01-16 18:16:29] INFO: ==> Train Set: Acc: 100.00%, Loss: 0.00307484, Best model in epoch 71
[176215] [2025-01-16 18:16:32] INFO: ==> Test Set: Acc: 88.83%, Loss: 0.48534275
[176215] [2025-01-16 18:16:32] INFO: --------------------------------------------
[176215] [2025-01-16 18:16:32] INFO: Iteration 26/100
[176215] [2025-01-16 18:18:37] INFO: ==> Train Set: Acc: 100.00%, Loss: 0.00731451, Best model in epoch 61
[176215] [2025-01-16 18:18:40] INFO: ==> Test Set: Acc: 89.38%, Loss: 0.44276819
[176215] [2025-01-16 18:18:40] INFO: --------------------------------------------
[176215] [2025-01-16 18:18:40] INFO: Iteration 27/100
[176215] [2025-01-16 18:20:45] INFO: ==> Train Set: Acc: 100.00%, Loss: 0.00108424, Best model in epoch 95
[176215] [2025-01-16 18:20:48] INFO: ==> Test Set: Acc: 92.36%, Loss: 0.37567028
[176215] [2025-01-16 18:20:48] INFO: --------------------------------------------
[176215] [2025-01-16 18:20:48] INFO: Iteration 28/100
[176215] [2025-01-16 18:22:54] INFO: ==> Train Set: Acc: 100.00%, Loss: 0.00126540, Best model in epoch 96
[176215] [2025-01-16 18:22:57] INFO: ==> Test Set: Acc: 89.05%, Loss: 0.58573830
[176215] [2025-01-16 18:22:57] INFO: --------------------------------------------
[176215] [2025-01-16 18:22:57] INFO: Iteration 29/100
[176215] [2025-01-16 18:25:02] INFO: ==> Train Set: Acc: 100.00%, Loss: 0.00403400, Best model in epoch 74
[176215] [2025-01-16 18:25:05] INFO: ==> Test Set: Acc: 92.36%, Loss: 0.25819552
[176215] [2025-01-16 18:25:05] INFO: --------------------------------------------
[176215] [2025-01-16 18:25:05] INFO: Iteration 30/100
[176215] [2025-01-16 18:27:11] INFO: ==> Train Set: Acc: 100.00%, Loss: 0.00356124, Best model in epoch 91
[176215] [2025-01-16 18:27:14] INFO: ==> Test Set: Acc: 92.99%, Loss: 0.27903571
[176215] [2025-01-16 18:27:14] INFO: --------------------------------------------
[176215] [2025-01-16 18:27:14] INFO: Iteration 31/100
[176215] [2025-01-16 18:29:19] INFO: ==> Train Set: Acc: 100.00%, Loss: 0.00367495, Best model in epoch 96
[176215] [2025-01-16 18:29:22] INFO: ==> Test Set: Acc: 91.24%, Loss: 0.34523037
[176215] [2025-01-16 18:29:22] INFO: --------------------------------------------
[176215] [2025-01-16 18:29:22] INFO: Iteration 32/100
[176215] [2025-01-16 18:31:28] INFO: ==> Train Set: Acc: 100.00%, Loss: 0.00465732, Best model in epoch 57
[176215] [2025-01-16 18:31:31] INFO: ==> Test Set: Acc: 92.01%, Loss: 0.27079174
[176215] [2025-01-16 18:31:31] INFO: --------------------------------------------
[176215] [2025-01-16 18:31:31] INFO: Iteration 33/100
[176215] [2025-01-16 18:33:35] INFO: ==> Train Set: Acc: 100.00%, Loss: 0.00215311, Best model in epoch 65
[176215] [2025-01-16 18:33:38] INFO: ==> Test Set: Acc: 90.92%, Loss: 0.40093708
[176215] [2025-01-16 18:33:38] INFO: --------------------------------------------
[176215] [2025-01-16 18:33:38] INFO: Iteration 34/100
[176215] [2025-01-16 18:35:43] INFO: ==> Train Set: Acc: 100.00%, Loss: 0.00470017, Best model in epoch 54
[176215] [2025-01-16 18:35:46] INFO: ==> Test Set: Acc: 90.77%, Loss: 0.43804703
[176215] [2025-01-16 18:35:46] INFO: --------------------------------------------
[176215] [2025-01-16 18:35:46] INFO: Iteration 35/100
[176215] [2025-01-16 18:37:52] INFO: ==> Train Set: Acc: 100.00%, Loss: 0.00440892, Best model in epoch 86
[176215] [2025-01-16 18:37:55] INFO: ==> Test Set: Acc: 90.87%, Loss: 0.41656785
[176215] [2025-01-16 18:37:56] INFO: --------------------------------------------
[176215] [2025-01-16 18:37:56] INFO: Iteration 36/100
[176215] [2025-01-16 18:40:01] INFO: ==> Train Set: Acc: 100.00%, Loss: 0.00329546, Best model in epoch 81
[176215] [2025-01-16 18:40:03] INFO: ==> Test Set: Acc: 90.50%, Loss: 0.51116519
[176215] [2025-01-16 18:40:03] INFO: --------------------------------------------
[176215] [2025-01-16 18:40:03] INFO: Iteration 37/100
[176215] [2025-01-16 18:42:10] INFO: ==> Train Set: Acc: 100.00%, Loss: 0.00335016, Best model in epoch 93
[176215] [2025-01-16 18:42:13] INFO: ==> Test Set: Acc: 91.92%, Loss: 0.36940513
[176215] [2025-01-16 18:42:13] INFO: --------------------------------------------
[176215] [2025-01-16 18:42:13] INFO: Iteration 38/100
[176215] [2025-01-16 18:44:18] INFO: ==> Train Set: Acc: 100.00%, Loss: 0.00218482, Best model in epoch 91
[176215] [2025-01-16 18:44:21] INFO: ==> Test Set: Acc: 88.31%, Loss: 0.63936851
[176215] [2025-01-16 18:44:21] INFO: --------------------------------------------
[176215] [2025-01-16 18:44:21] INFO: Iteration 39/100
[176215] [2025-01-16 18:46:27] INFO: ==> Train Set: Acc: 100.00%, Loss: 0.00451691, Best model in epoch 92
[176215] [2025-01-16 18:46:30] INFO: ==> Test Set: Acc: 87.49%, Loss: 0.67972008
[176215] [2025-01-16 18:46:30] INFO: --------------------------------------------
[176215] [2025-01-16 18:46:30] INFO: Iteration 40/100
[176215] [2025-01-16 18:48:34] INFO: ==> Train Set: Acc: 100.00%, Loss: 0.00316887, Best model in epoch 90
[176215] [2025-01-16 18:48:37] INFO: ==> Test Set: Acc: 88.83%, Loss: 0.54210855
[176215] [2025-01-16 18:48:37] INFO: --------------------------------------------
[176215] [2025-01-16 18:48:37] INFO: Iteration 41/100
[176215] [2025-01-16 18:50:42] INFO: ==> Train Set: Acc: 100.00%, Loss: 0.00103696, Best model in epoch 96
[176215] [2025-01-16 18:50:45] INFO: ==> Test Set: Acc: 90.45%, Loss: 0.55564863
[176215] [2025-01-16 18:50:45] INFO: --------------------------------------------
[176215] [2025-01-16 18:50:45] INFO: Iteration 42/100
[176215] [2025-01-16 18:52:51] INFO: ==> Train Set: Acc: 100.00%, Loss: 0.00462190, Best model in epoch 78
[176215] [2025-01-16 18:52:54] INFO: ==> Test Set: Acc: 90.45%, Loss: 0.48335823
[176215] [2025-01-16 18:52:54] INFO: --------------------------------------------
[176215] [2025-01-16 18:52:54] INFO: Iteration 43/100
[176215] [2025-01-16 18:54:59] INFO: ==> Train Set: Acc: 100.00%, Loss: 0.00235431, Best model in epoch 71
[176215] [2025-01-16 18:55:02] INFO: ==> Test Set: Acc: 88.68%, Loss: 0.47986264
[176215] [2025-01-16 18:55:02] INFO: --------------------------------------------
[176215] [2025-01-16 18:55:02] INFO: Iteration 44/100
[176215] [2025-01-16 18:57:08] INFO: ==> Train Set: Acc: 100.00%, Loss: 0.00261369, Best model in epoch 92
[176215] [2025-01-16 18:57:11] INFO: ==> Test Set: Acc: 92.69%, Loss: 0.28916242
[176215] [2025-01-16 18:57:11] INFO: --------------------------------------------
[176215] [2025-01-16 18:57:11] INFO: Iteration 45/100
[176215] [2025-01-16 18:59:16] INFO: ==> Train Set: Acc: 99.67%, Loss: 0.00517886, Best model in epoch 98
[176215] [2025-01-16 18:59:19] INFO: ==> Test Set: Acc: 90.30%, Loss: 0.44096013
[176215] [2025-01-16 18:59:19] INFO: --------------------------------------------
[176215] [2025-01-16 18:59:19] INFO: Iteration 46/100
[176215] [2025-01-16 19:01:24] INFO: ==> Train Set: Acc: 100.00%, Loss: 0.00383112, Best model in epoch 72
[176215] [2025-01-16 19:01:27] INFO: ==> Test Set: Acc: 91.09%, Loss: 0.38310292
[176215] [2025-01-16 19:01:27] INFO: --------------------------------------------
[176215] [2025-01-16 19:01:27] INFO: Iteration 47/100
[176215] [2025-01-16 19:03:32] INFO: ==> Train Set: Acc: 100.00%, Loss: 0.00407851, Best model in epoch 65
[176215] [2025-01-16 19:03:35] INFO: ==> Test Set: Acc: 90.92%, Loss: 0.36977477
[176215] [2025-01-16 19:03:35] INFO: --------------------------------------------
[176215] [2025-01-16 19:03:35] INFO: Iteration 48/100
[176215] [2025-01-16 19:05:40] INFO: ==> Train Set: Acc: 100.00%, Loss: 0.00266969, Best model in epoch 84
[176215] [2025-01-16 19:05:43] INFO: ==> Test Set: Acc: 91.07%, Loss: 0.36977507
[176215] [2025-01-16 19:05:43] INFO: --------------------------------------------
[176215] [2025-01-16 19:05:43] INFO: Iteration 49/100
[176215] [2025-01-16 19:07:49] INFO: ==> Train Set: Acc: 100.00%, Loss: 0.00304179, Best model in epoch 99
[176215] [2025-01-16 19:07:52] INFO: ==> Test Set: Acc: 91.72%, Loss: 0.42219874
[176215] [2025-01-16 19:07:52] INFO: --------------------------------------------
[176215] [2025-01-16 19:07:52] INFO: Iteration 50/100
[176215] [2025-01-16 19:09:56] INFO: ==> Train Set: Acc: 100.00%, Loss: 0.00625519, Best model in epoch 94
[176215] [2025-01-16 19:09:59] INFO: ==> Test Set: Acc: 91.47%, Loss: 0.35497009
[176215] [2025-01-16 19:09:59] INFO: --------------------------------------------
[176215] [2025-01-16 19:09:59] INFO: Iteration 51/100
[176215] [2025-01-16 19:12:05] INFO: ==> Train Set: Acc: 99.67%, Loss: 0.00649039, Best model in epoch 96
[176215] [2025-01-16 19:12:08] INFO: ==> Test Set: Acc: 92.34%, Loss: 0.31811976
[176215] [2025-01-16 19:12:08] INFO: --------------------------------------------
[176215] [2025-01-16 19:12:08] INFO: Iteration 52/100
[176215] [2025-01-16 19:14:13] INFO: ==> Train Set: Acc: 100.00%, Loss: 0.00396568, Best model in epoch 74
[176215] [2025-01-16 19:14:16] INFO: ==> Test Set: Acc: 90.62%, Loss: 0.43256832
[176215] [2025-01-16 19:14:16] INFO: --------------------------------------------
[176215] [2025-01-16 19:14:16] INFO: Iteration 53/100
[176215] [2025-01-16 19:16:21] INFO: ==> Train Set: Acc: 100.00%, Loss: 0.00586512, Best model in epoch 67
[176215] [2025-01-16 19:16:24] INFO: ==> Test Set: Acc: 91.59%, Loss: 0.44846558
[176215] [2025-01-16 19:16:24] INFO: --------------------------------------------
[176215] [2025-01-16 19:16:24] INFO: Iteration 54/100
[176215] [2025-01-16 19:18:29] INFO: ==> Train Set: Acc: 100.00%, Loss: 0.00491036, Best model in epoch 91
[176215] [2025-01-16 19:18:32] INFO: ==> Test Set: Acc: 90.95%, Loss: 0.36160687
[176215] [2025-01-16 19:18:32] INFO: --------------------------------------------
[176215] [2025-01-16 19:18:32] INFO: Iteration 55/100
[176215] [2025-01-16 19:20:38] INFO: ==> Train Set: Acc: 99.67%, Loss: 0.00660278, Best model in epoch 61
[176215] [2025-01-16 19:20:40] INFO: ==> Test Set: Acc: 88.68%, Loss: 0.51997158
[176215] [2025-01-16 19:20:41] INFO: --------------------------------------------
[176215] [2025-01-16 19:20:41] INFO: Iteration 56/100
[176215] [2025-01-16 19:22:47] INFO: ==> Train Set: Acc: 99.67%, Loss: 0.00417354, Best model in epoch 85
[176215] [2025-01-16 19:22:49] INFO: ==> Test Set: Acc: 90.27%, Loss: 0.49587976
[176215] [2025-01-16 19:22:50] INFO: --------------------------------------------
[176215] [2025-01-16 19:22:50] INFO: Iteration 57/100
[176215] [2025-01-16 19:24:54] INFO: ==> Train Set: Acc: 100.00%, Loss: 0.00187413, Best model in epoch 99
[176215] [2025-01-16 19:24:57] INFO: ==> Test Set: Acc: 92.89%, Loss: 0.29159555
[176215] [2025-01-16 19:24:58] INFO: --------------------------------------------
[176215] [2025-01-16 19:24:58] INFO: Iteration 58/100
[176215] [2025-01-16 19:27:04] INFO: ==> Train Set: Acc: 100.00%, Loss: 0.00695188, Best model in epoch 49
[176215] [2025-01-16 19:27:07] INFO: ==> Test Set: Acc: 91.82%, Loss: 0.28921709
[176215] [2025-01-16 19:27:07] INFO: --------------------------------------------
[176215] [2025-01-16 19:27:07] INFO: Iteration 59/100
[176215] [2025-01-16 19:29:12] INFO: ==> Train Set: Acc: 100.00%, Loss: 0.00276307, Best model in epoch 70
[176215] [2025-01-16 19:29:15] INFO: ==> Test Set: Acc: 89.10%, Loss: 0.46542991
[176215] [2025-01-16 19:29:15] INFO: --------------------------------------------
[176215] [2025-01-16 19:29:15] INFO: Iteration 60/100
[176215] [2025-01-16 19:31:19] INFO: ==> Train Set: Acc: 100.00%, Loss: 0.00285443, Best model in epoch 86
[176215] [2025-01-16 19:31:22] INFO: ==> Test Set: Acc: 91.42%, Loss: 0.31356467
[176215] [2025-01-16 19:31:22] INFO: --------------------------------------------
[176215] [2025-01-16 19:31:22] INFO: Iteration 61/100
[176215] [2025-01-16 19:33:28] INFO: ==> Train Set: Acc: 100.00%, Loss: 0.00685543, Best model in epoch 67
[176215] [2025-01-16 19:33:31] INFO: ==> Test Set: Acc: 92.34%, Loss: 0.29717065
[176215] [2025-01-16 19:33:31] INFO: --------------------------------------------
[176215] [2025-01-16 19:33:31] INFO: Iteration 62/100
[176215] [2025-01-16 19:35:36] INFO: ==> Train Set: Acc: 100.00%, Loss: 0.00345848, Best model in epoch 84
[176215] [2025-01-16 19:35:39] INFO: ==> Test Set: Acc: 91.89%, Loss: 0.37458879
[176215] [2025-01-16 19:35:39] INFO: --------------------------------------------
[176215] [2025-01-16 19:35:39] INFO: Iteration 63/100
[176215] [2025-01-16 19:37:45] INFO: ==> Train Set: Acc: 100.00%, Loss: 0.00327313, Best model in epoch 72
[176215] [2025-01-16 19:37:48] INFO: ==> Test Set: Acc: 89.93%, Loss: 0.43381115
[176215] [2025-01-16 19:37:48] INFO: --------------------------------------------
[176215] [2025-01-16 19:37:48] INFO: Iteration 64/100
[176215] [2025-01-16 19:39:32] INFO: ==> Train Set: Acc: 100.00%, Loss: 0.00131144, Best model in epoch 89
[176215] [2025-01-16 19:39:34] INFO: ==> Test Set: Acc: 90.95%, Loss: 0.35630853
[176215] [2025-01-16 19:39:34] INFO: --------------------------------------------
[176215] [2025-01-16 19:39:34] INFO: Iteration 65/100
[176215] [2025-01-16 19:41:12] INFO: ==> Train Set: Acc: 100.00%, Loss: 0.00231737, Best model in epoch 88
[176215] [2025-01-16 19:41:14] INFO: ==> Test Set: Acc: 90.65%, Loss: 0.42741199
[176215] [2025-01-16 19:41:14] INFO: --------------------------------------------
[176215] [2025-01-16 19:41:14] INFO: Iteration 66/100
[176215] [2025-01-16 19:42:50] INFO: ==> Train Set: Acc: 100.00%, Loss: 0.00309048, Best model in epoch 89
[176215] [2025-01-16 19:42:53] INFO: ==> Test Set: Acc: 91.47%, Loss: 0.35179086
[176215] [2025-01-16 19:42:54] INFO: --------------------------------------------
[176215] [2025-01-16 19:42:54] INFO: Iteration 67/100
[176215] [2025-01-16 19:44:30] INFO: ==> Train Set: Acc: 99.67%, Loss: 0.00601048, Best model in epoch 99
[176215] [2025-01-16 19:44:33] INFO: ==> Test Set: Acc: 92.41%, Loss: 0.35500414
[176215] [2025-01-16 19:44:33] INFO: --------------------------------------------
[176215] [2025-01-16 19:44:33] INFO: Iteration 68/100
[176215] [2025-01-16 19:46:10] INFO: ==> Train Set: Acc: 100.00%, Loss: 0.00535508, Best model in epoch 96
[176215] [2025-01-16 19:46:12] INFO: ==> Test Set: Acc: 90.70%, Loss: 0.43720050
[176215] [2025-01-16 19:46:12] INFO: --------------------------------------------
[176215] [2025-01-16 19:46:12] INFO: Iteration 69/100
[176215] [2025-01-16 19:47:48] INFO: ==> Train Set: Acc: 100.00%, Loss: 0.00332160, Best model in epoch 57
[176215] [2025-01-16 19:47:50] INFO: ==> Test Set: Acc: 89.33%, Loss: 0.48825829
[176215] [2025-01-16 19:47:50] INFO: --------------------------------------------
[176215] [2025-01-16 19:47:50] INFO: Iteration 70/100
[176215] [2025-01-16 19:49:27] INFO: ==> Train Set: Acc: 100.00%, Loss: 0.00344808, Best model in epoch 81
[176215] [2025-01-16 19:49:29] INFO: ==> Test Set: Acc: 91.87%, Loss: 0.34192289
[176215] [2025-01-16 19:49:29] INFO: --------------------------------------------
[176215] [2025-01-16 19:49:29] INFO: Iteration 71/100
[176215] [2025-01-16 19:51:06] INFO: ==> Train Set: Acc: 100.00%, Loss: 0.00473986, Best model in epoch 71
[176215] [2025-01-16 19:51:08] INFO: ==> Test Set: Acc: 92.29%, Loss: 0.30408223
[176215] [2025-01-16 19:51:08] INFO: --------------------------------------------
[176215] [2025-01-16 19:51:08] INFO: Iteration 72/100
[176215] [2025-01-16 19:52:44] INFO: ==> Train Set: Acc: 100.00%, Loss: 0.00395493, Best model in epoch 97
[176215] [2025-01-16 19:52:46] INFO: ==> Test Set: Acc: 93.81%, Loss: 0.25109145
[176215] [2025-01-16 19:52:46] INFO: --------------------------------------------
[176215] [2025-01-16 19:52:46] INFO: Iteration 73/100
[176215] [2025-01-16 19:54:24] INFO: ==> Train Set: Acc: 100.00%, Loss: 0.00199586, Best model in epoch 77
[176215] [2025-01-16 19:54:26] INFO: ==> Test Set: Acc: 85.35%, Loss: 0.79795648
[176215] [2025-01-16 19:54:26] INFO: --------------------------------------------
[176215] [2025-01-16 19:54:26] INFO: Iteration 74/100
[176215] [2025-01-16 19:56:03] INFO: ==> Train Set: Acc: 100.00%, Loss: 0.00146226, Best model in epoch 88
[176215] [2025-01-16 19:56:05] INFO: ==> Test Set: Acc: 90.17%, Loss: 0.44449758
[176215] [2025-01-16 19:56:05] INFO: --------------------------------------------
[176215] [2025-01-16 19:56:05] INFO: Iteration 75/100
[176215] [2025-01-16 19:57:42] INFO: ==> Train Set: Acc: 100.00%, Loss: 0.00330648, Best model in epoch 56
[176215] [2025-01-16 19:57:44] INFO: ==> Test Set: Acc: 85.10%, Loss: 0.71769804
[176215] [2025-01-16 19:57:44] INFO: --------------------------------------------
[176215] [2025-01-16 19:57:44] INFO: Iteration 76/100
[176215] [2025-01-16 19:59:20] INFO: ==> Train Set: Acc: 100.00%, Loss: 0.00764170, Best model in epoch 52
[176215] [2025-01-16 19:59:23] INFO: ==> Test Set: Acc: 90.12%, Loss: 0.42703363
[176215] [2025-01-16 19:59:23] INFO: --------------------------------------------
[176215] [2025-01-16 19:59:23] INFO: Iteration 77/100
[176215] [2025-01-16 20:00:59] INFO: ==> Train Set: Acc: 100.00%, Loss: 0.00269599, Best model in epoch 77
[176215] [2025-01-16 20:01:01] INFO: ==> Test Set: Acc: 87.84%, Loss: 0.64587781
[176215] [2025-01-16 20:01:01] INFO: --------------------------------------------
[176215] [2025-01-16 20:01:01] INFO: Iteration 78/100
[176215] [2025-01-16 20:02:38] INFO: ==> Train Set: Acc: 100.00%, Loss: 0.00711209, Best model in epoch 91
[176215] [2025-01-16 20:02:40] INFO: ==> Test Set: Acc: 90.62%, Loss: 0.43938578
[176215] [2025-01-16 20:02:40] INFO: --------------------------------------------
[176215] [2025-01-16 20:02:40] INFO: Iteration 79/100
[176215] [2025-01-16 20:04:17] INFO: ==> Train Set: Acc: 100.00%, Loss: 0.00288738, Best model in epoch 83
[176215] [2025-01-16 20:04:19] INFO: ==> Test Set: Acc: 89.73%, Loss: 0.39615219
[176215] [2025-01-16 20:04:19] INFO: --------------------------------------------
[176215] [2025-01-16 20:04:19] INFO: Iteration 80/100
[176215] [2025-01-16 20:05:57] INFO: ==> Train Set: Acc: 100.00%, Loss: 0.00105511, Best model in epoch 94
[176215] [2025-01-16 20:05:59] INFO: ==> Test Set: Acc: 90.32%, Loss: 0.40375150
[176215] [2025-01-16 20:05:59] INFO: --------------------------------------------
[176215] [2025-01-16 20:05:59] INFO: Iteration 81/100
[176215] [2025-01-16 20:07:35] INFO: ==> Train Set: Acc: 99.67%, Loss: 0.00566089, Best model in epoch 97
[176215] [2025-01-16 20:07:37] INFO: ==> Test Set: Acc: 88.98%, Loss: 0.54117725
[176215] [2025-01-16 20:07:37] INFO: --------------------------------------------
[176215] [2025-01-16 20:07:37] INFO: Iteration 82/100
[176215] [2025-01-16 20:09:13] INFO: ==> Train Set: Acc: 100.00%, Loss: 0.00440463, Best model in epoch 95
[176215] [2025-01-16 20:09:15] INFO: ==> Test Set: Acc: 89.53%, Loss: 0.48924388
[176215] [2025-01-16 20:09:15] INFO: --------------------------------------------
[176215] [2025-01-16 20:09:15] INFO: Iteration 83/100
[176215] [2025-01-16 20:10:52] INFO: ==> Train Set: Acc: 100.00%, Loss: 0.00366570, Best model in epoch 83
[176215] [2025-01-16 20:10:54] INFO: ==> Test Set: Acc: 92.66%, Loss: 0.28356866
[176215] [2025-01-16 20:10:54] INFO: --------------------------------------------
[176215] [2025-01-16 20:10:54] INFO: Iteration 84/100
[176215] [2025-01-16 20:12:29] INFO: ==> Train Set: Acc: 100.00%, Loss: 0.00134115, Best model in epoch 98
[176215] [2025-01-16 20:12:31] INFO: ==> Test Set: Acc: 89.65%, Loss: 0.49598880
[176215] [2025-01-16 20:12:31] INFO: --------------------------------------------
[176215] [2025-01-16 20:12:31] INFO: Iteration 85/100
[176215] [2025-01-16 20:14:07] INFO: ==> Train Set: Acc: 100.00%, Loss: 0.00178255, Best model in epoch 86
[176215] [2025-01-16 20:14:09] INFO: ==> Test Set: Acc: 91.47%, Loss: 0.37308309
[176215] [2025-01-16 20:14:09] INFO: --------------------------------------------
[176215] [2025-01-16 20:14:09] INFO: Iteration 86/100
[176215] [2025-01-16 20:15:46] INFO: ==> Train Set: Acc: 99.67%, Loss: 0.00596892, Best model in epoch 83
[176215] [2025-01-16 20:15:48] INFO: ==> Test Set: Acc: 91.47%, Loss: 0.32379364
[176215] [2025-01-16 20:15:48] INFO: --------------------------------------------
[176215] [2025-01-16 20:15:48] INFO: Iteration 87/100
[176215] [2025-01-16 20:17:25] INFO: ==> Train Set: Acc: 100.00%, Loss: 0.00125984, Best model in epoch 65
[176215] [2025-01-16 20:17:27] INFO: ==> Test Set: Acc: 90.62%, Loss: 0.46961835
[176215] [2025-01-16 20:17:27] INFO: --------------------------------------------
[176215] [2025-01-16 20:17:27] INFO: Iteration 88/100
[176215] [2025-01-16 20:19:04] INFO: ==> Train Set: Acc: 99.67%, Loss: 0.00739612, Best model in epoch 76
[176215] [2025-01-16 20:19:06] INFO: ==> Test Set: Acc: 92.26%, Loss: 0.41438764
[176215] [2025-01-16 20:19:06] INFO: --------------------------------------------
[176215] [2025-01-16 20:19:06] INFO: Iteration 89/100
[176215] [2025-01-16 20:20:42] INFO: ==> Train Set: Acc: 100.00%, Loss: 0.00306962, Best model in epoch 86
[176215] [2025-01-16 20:20:44] INFO: ==> Test Set: Acc: 90.02%, Loss: 0.51003158
[176215] [2025-01-16 20:20:44] INFO: --------------------------------------------
[176215] [2025-01-16 20:20:44] INFO: Iteration 90/100
[176215] [2025-01-16 20:22:21] INFO: ==> Train Set: Acc: 100.00%, Loss: 0.00471733, Best model in epoch 64
[176215] [2025-01-16 20:22:23] INFO: ==> Test Set: Acc: 89.60%, Loss: 0.50363726
[176215] [2025-01-16 20:22:23] INFO: --------------------------------------------
[176215] [2025-01-16 20:22:23] INFO: Iteration 91/100
[176215] [2025-01-16 20:24:00] INFO: ==> Train Set: Acc: 100.00%, Loss: 0.00302917, Best model in epoch 96
[176215] [2025-01-16 20:24:02] INFO: ==> Test Set: Acc: 90.07%, Loss: 0.49296281
[176215] [2025-01-16 20:24:02] INFO: --------------------------------------------
[176215] [2025-01-16 20:24:02] INFO: Iteration 92/100
[176215] [2025-01-16 20:25:40] INFO: ==> Train Set: Acc: 100.00%, Loss: 0.00398766, Best model in epoch 95
[176215] [2025-01-16 20:25:41] INFO: ==> Test Set: Acc: 89.58%, Loss: 0.48018879
[176215] [2025-01-16 20:25:41] INFO: --------------------------------------------
[176215] [2025-01-16 20:25:41] INFO: Iteration 93/100
[176215] [2025-01-16 20:27:18] INFO: ==> Train Set: Acc: 100.00%, Loss: 0.00440707, Best model in epoch 79
[176215] [2025-01-16 20:27:20] INFO: ==> Test Set: Acc: 88.71%, Loss: 0.56690981
[176215] [2025-01-16 20:27:20] INFO: --------------------------------------------
[176215] [2025-01-16 20:27:20] INFO: Iteration 94/100
[176215] [2025-01-16 20:28:56] INFO: ==> Train Set: Acc: 100.00%, Loss: 0.00444221, Best model in epoch 85
[176215] [2025-01-16 20:28:58] INFO: ==> Test Set: Acc: 91.62%, Loss: 0.40670602
[176215] [2025-01-16 20:28:58] INFO: --------------------------------------------
[176215] [2025-01-16 20:28:58] INFO: Iteration 95/100
[176215] [2025-01-16 20:30:36] INFO: ==> Train Set: Acc: 100.00%, Loss: 0.00362755, Best model in epoch 81
[176215] [2025-01-16 20:30:38] INFO: ==> Test Set: Acc: 88.81%, Loss: 0.49297619
[176215] [2025-01-16 20:30:38] INFO: --------------------------------------------
[176215] [2025-01-16 20:30:38] INFO: Iteration 96/100
[176215] [2025-01-16 20:32:14] INFO: ==> Train Set: Acc: 100.00%, Loss: 0.00183585, Best model in epoch 55
[176215] [2025-01-16 20:32:16] INFO: ==> Test Set: Acc: 90.67%, Loss: 0.34142305
[176215] [2025-01-16 20:32:16] INFO: --------------------------------------------
[176215] [2025-01-16 20:32:16] INFO: Iteration 97/100
[176215] [2025-01-16 20:33:52] INFO: ==> Train Set: Acc: 99.67%, Loss: 0.00745419, Best model in epoch 78
[176215] [2025-01-16 20:33:55] INFO: ==> Test Set: Acc: 89.50%, Loss: 0.46685912
[176215] [2025-01-16 20:33:55] INFO: --------------------------------------------
[176215] [2025-01-16 20:33:55] INFO: Iteration 98/100
[176215] [2025-01-16 20:35:30] INFO: ==> Train Set: Acc: 100.00%, Loss: 0.00242196, Best model in epoch 95
[176215] [2025-01-16 20:35:32] INFO: ==> Test Set: Acc: 91.79%, Loss: 0.41942883
[176215] [2025-01-16 20:35:33] INFO: --------------------------------------------
[176215] [2025-01-16 20:35:33] INFO: Iteration 99/100
[176215] [2025-01-16 20:37:09] INFO: ==> Train Set: Acc: 100.00%, Loss: 0.00549882, Best model in epoch 90
[176215] [2025-01-16 20:37:11] INFO: ==> Test Set: Acc: 92.96%, Loss: 0.28205786
[176215] [2025-01-16 20:37:11] INFO: --------------------------------------------
[176215] [2025-01-16 20:37:11] INFO: Iteration 100/100
[176215] [2025-01-16 20:38:48] INFO: ==> Train Set: Acc: 100.00%, Loss: 0.00254585, Best model in epoch 84
[176215] [2025-01-16 20:38:50] INFO: ==> Test Set: Acc: 89.90%, Loss: 0.54929667
