[42229] [2025-01-16 10:31:33] INFO: ==> Running file: /autodl-fs/data/PythonProject/P3MC/downstream_knn.py
[42229] [2025-01-16 10:31:33] INFO: ==> Config: {'exp_name': 'CVTSLANet_KNN_ads-b-20_iq_PT_powerNorm_FT_powerNorm', 'exp_type': 'Downstream_random_rot', 'random_seed': 2024, 'platform': 'linux', 'device': 'cuda', 'iteration': 100, 'epoch': 100, 'dataset': {'name': 'ads-b-20', 'root': '~/Datasets/ADS-B', 'type': 'iq', 'normalize': 'power', 'train_batch_size': 30, 'test_batch_size': 30, 'ratio': 0.2, 'num_classes': 20, 'shot': 10, 'snr': None}, 'encoder': {'name': 'CVTSLANet', 'root': 'models/KANTSLANet2Feature.py', 'feature_dim': 1024, 'pretrain_path': './runs/Pretext_random_rot/CVTSLANet_ads-b_iq_powerNorm/best_encoder.pth', 'TSLA_config': {'seq_len': 4800, 'patch_size': 32, 'num_channels': 2, 'emb_dim': 256, 'depth': 3, 'dropout_rate': 0.3}}, 'classifier': {'name': 'knn', 'root': '', 'in_dim': 1024, 'ratio': 0.2, 'num_classes': 20}, 'optimizer': {'lr': 0.001, 'weight_decay': 0}, 'extra_info': '', 'exp_path': 'runs/Downstream_random_rot/CVTSLANet_KNN_ads-b-20_iq_PT_powerNorm_FT_powerNorm/10Shot/0116_103132', 'save_path': 'runs/Downstream_random_rot/CVTSLANet_KNN_ads-b-20_iq_PT_powerNorm_FT_powerNorm'}
[42229] [2025-01-16 10:31:33] INFO: --------------------------------------------
[42229] [2025-01-16 10:31:33] INFO: Iteration 1/100
[42229] [2025-01-16 10:31:37] INFO: Acc: 88.30%
[42229] [2025-01-16 10:31:37] INFO: --------------------------------------------
[42229] [2025-01-16 10:31:37] INFO: Iteration 2/100
[42229] [2025-01-16 10:31:42] INFO: Acc: 85.95%
[42229] [2025-01-16 10:31:42] INFO: --------------------------------------------
[42229] [2025-01-16 10:31:42] INFO: Iteration 3/100
[42229] [2025-01-16 10:31:47] INFO: Acc: 86.15%
[42229] [2025-01-16 10:31:47] INFO: --------------------------------------------
[42229] [2025-01-16 10:31:47] INFO: Iteration 4/100
[42229] [2025-01-16 10:31:52] INFO: Acc: 86.90%
[42229] [2025-01-16 10:31:53] INFO: --------------------------------------------
[42229] [2025-01-16 10:31:53] INFO: Iteration 5/100
[42229] [2025-01-16 10:31:58] INFO: Acc: 85.50%
[42229] [2025-01-16 10:31:58] INFO: --------------------------------------------
[42229] [2025-01-16 10:31:58] INFO: Iteration 6/100
[42229] [2025-01-16 10:32:03] INFO: Acc: 83.40%
[42229] [2025-01-16 10:32:03] INFO: --------------------------------------------
[42229] [2025-01-16 10:32:03] INFO: Iteration 7/100
[42229] [2025-01-16 10:32:08] INFO: Acc: 85.30%
[42229] [2025-01-16 10:32:08] INFO: --------------------------------------------
[42229] [2025-01-16 10:32:08] INFO: Iteration 8/100
[42229] [2025-01-16 10:32:12] INFO: Acc: 87.05%
[42229] [2025-01-16 10:32:13] INFO: --------------------------------------------
[42229] [2025-01-16 10:32:13] INFO: Iteration 9/100
[42229] [2025-01-16 10:32:17] INFO: Acc: 87.05%
[42229] [2025-01-16 10:32:17] INFO: --------------------------------------------
[42229] [2025-01-16 10:32:17] INFO: Iteration 10/100
[42229] [2025-01-16 10:32:22] INFO: Acc: 85.30%
[42229] [2025-01-16 10:32:22] INFO: --------------------------------------------
[42229] [2025-01-16 10:32:22] INFO: Iteration 11/100
[42229] [2025-01-16 10:32:27] INFO: Acc: 86.10%
[42229] [2025-01-16 10:32:27] INFO: --------------------------------------------
[42229] [2025-01-16 10:32:27] INFO: Iteration 12/100
[42229] [2025-01-16 10:32:33] INFO: Acc: 85.60%
[42229] [2025-01-16 10:32:33] INFO: --------------------------------------------
[42229] [2025-01-16 10:32:33] INFO: Iteration 13/100
[42229] [2025-01-16 10:32:38] INFO: Acc: 87.65%
[42229] [2025-01-16 10:32:38] INFO: --------------------------------------------
[42229] [2025-01-16 10:32:38] INFO: Iteration 14/100
[42229] [2025-01-16 10:32:43] INFO: Acc: 85.05%
[42229] [2025-01-16 10:32:44] INFO: --------------------------------------------
[42229] [2025-01-16 10:32:44] INFO: Iteration 15/100
[42229] [2025-01-16 10:32:49] INFO: Acc: 85.90%
[42229] [2025-01-16 10:32:49] INFO: --------------------------------------------
[42229] [2025-01-16 10:32:49] INFO: Iteration 16/100
[42229] [2025-01-16 10:32:54] INFO: Acc: 87.30%
[42229] [2025-01-16 10:32:54] INFO: --------------------------------------------
[42229] [2025-01-16 10:32:54] INFO: Iteration 17/100
[42229] [2025-01-16 10:32:59] INFO: Acc: 86.45%
[42229] [2025-01-16 10:32:59] INFO: --------------------------------------------
[42229] [2025-01-16 10:32:59] INFO: Iteration 18/100
[42229] [2025-01-16 10:33:03] INFO: Acc: 83.90%
[42229] [2025-01-16 10:33:03] INFO: --------------------------------------------
[42229] [2025-01-16 10:33:03] INFO: Iteration 19/100
[42229] [2025-01-16 10:33:09] INFO: Acc: 87.40%
[42229] [2025-01-16 10:33:09] INFO: --------------------------------------------
[42229] [2025-01-16 10:33:09] INFO: Iteration 20/100
[42229] [2025-01-16 10:33:14] INFO: Acc: 86.25%
[42229] [2025-01-16 10:33:14] INFO: --------------------------------------------
[42229] [2025-01-16 10:33:14] INFO: Iteration 21/100
[42229] [2025-01-16 10:33:19] INFO: Acc: 88.90%
[42229] [2025-01-16 10:33:19] INFO: --------------------------------------------
[42229] [2025-01-16 10:33:19] INFO: Iteration 22/100
[42229] [2025-01-16 10:33:25] INFO: Acc: 87.85%
[42229] [2025-01-16 10:33:25] INFO: --------------------------------------------
[42229] [2025-01-16 10:33:25] INFO: Iteration 23/100
[42229] [2025-01-16 10:33:30] INFO: Acc: 84.35%
[42229] [2025-01-16 10:33:30] INFO: --------------------------------------------
[42229] [2025-01-16 10:33:30] INFO: Iteration 24/100
[42229] [2025-01-16 10:33:36] INFO: Acc: 84.80%
[42229] [2025-01-16 10:33:36] INFO: --------------------------------------------
[42229] [2025-01-16 10:33:36] INFO: Iteration 25/100
[42229] [2025-01-16 10:33:41] INFO: Acc: 84.00%
[42229] [2025-01-16 10:33:41] INFO: --------------------------------------------
[42229] [2025-01-16 10:33:41] INFO: Iteration 26/100
[42229] [2025-01-16 10:33:45] INFO: Acc: 84.65%
[42229] [2025-01-16 10:33:45] INFO: --------------------------------------------
[42229] [2025-01-16 10:33:45] INFO: Iteration 27/100
[42229] [2025-01-16 10:33:50] INFO: Acc: 86.50%
[42229] [2025-01-16 10:33:50] INFO: --------------------------------------------
[42229] [2025-01-16 10:33:50] INFO: Iteration 28/100
[42229] [2025-01-16 10:33:55] INFO: Acc: 85.65%
[42229] [2025-01-16 10:33:55] INFO: --------------------------------------------
[42229] [2025-01-16 10:33:55] INFO: Iteration 29/100
[42229] [2025-01-16 10:34:01] INFO: Acc: 87.85%
[42229] [2025-01-16 10:34:01] INFO: --------------------------------------------
[42229] [2025-01-16 10:34:01] INFO: Iteration 30/100
[42229] [2025-01-16 10:34:07] INFO: Acc: 86.10%
[42229] [2025-01-16 10:34:07] INFO: --------------------------------------------
[42229] [2025-01-16 10:34:07] INFO: Iteration 31/100
[42229] [2025-01-16 10:34:12] INFO: Acc: 85.90%
[42229] [2025-01-16 10:34:12] INFO: --------------------------------------------
[42229] [2025-01-16 10:34:12] INFO: Iteration 32/100
[42229] [2025-01-16 10:34:17] INFO: Acc: 85.60%
[42229] [2025-01-16 10:34:17] INFO: --------------------------------------------
[42229] [2025-01-16 10:34:17] INFO: Iteration 33/100
[42229] [2025-01-16 10:34:22] INFO: Acc: 84.15%
[42229] [2025-01-16 10:34:22] INFO: --------------------------------------------
[42229] [2025-01-16 10:34:22] INFO: Iteration 34/100
[42229] [2025-01-16 10:34:26] INFO: Acc: 86.55%
[42229] [2025-01-16 10:34:26] INFO: --------------------------------------------
[42229] [2025-01-16 10:34:26] INFO: Iteration 35/100
[42229] [2025-01-16 10:34:31] INFO: Acc: 85.95%
[42229] [2025-01-16 10:34:31] INFO: --------------------------------------------
[42229] [2025-01-16 10:34:31] INFO: Iteration 36/100
[42229] [2025-01-16 10:34:37] INFO: Acc: 84.60%
[42229] [2025-01-16 10:34:37] INFO: --------------------------------------------
[42229] [2025-01-16 10:34:37] INFO: Iteration 37/100
[42229] [2025-01-16 10:34:42] INFO: Acc: 84.65%
[42229] [2025-01-16 10:34:42] INFO: --------------------------------------------
[42229] [2025-01-16 10:34:42] INFO: Iteration 38/100
[42229] [2025-01-16 10:34:47] INFO: Acc: 87.15%
[42229] [2025-01-16 10:34:47] INFO: --------------------------------------------
[42229] [2025-01-16 10:34:47] INFO: Iteration 39/100
[42229] [2025-01-16 10:34:53] INFO: Acc: 86.70%
[42229] [2025-01-16 10:34:53] INFO: --------------------------------------------
[42229] [2025-01-16 10:34:53] INFO: Iteration 40/100
[42229] [2025-01-16 10:34:58] INFO: Acc: 86.80%
[42229] [2025-01-16 10:34:58] INFO: --------------------------------------------
[42229] [2025-01-16 10:34:58] INFO: Iteration 41/100
[42229] [2025-01-16 10:35:03] INFO: Acc: 87.45%
[42229] [2025-01-16 10:35:03] INFO: --------------------------------------------
[42229] [2025-01-16 10:35:03] INFO: Iteration 42/100
[42229] [2025-01-16 10:35:09] INFO: Acc: 82.90%
[42229] [2025-01-16 10:35:09] INFO: --------------------------------------------
[42229] [2025-01-16 10:35:09] INFO: Iteration 43/100
[42229] [2025-01-16 10:35:14] INFO: Acc: 83.90%
[42229] [2025-01-16 10:35:15] INFO: --------------------------------------------
[42229] [2025-01-16 10:35:15] INFO: Iteration 44/100
[42229] [2025-01-16 10:35:20] INFO: Acc: 87.00%
[42229] [2025-01-16 10:35:20] INFO: --------------------------------------------
[42229] [2025-01-16 10:35:20] INFO: Iteration 45/100
[42229] [2025-01-16 10:35:25] INFO: Acc: 85.10%
[42229] [2025-01-16 10:35:25] INFO: --------------------------------------------
[42229] [2025-01-16 10:35:25] INFO: Iteration 46/100
[42229] [2025-01-16 10:35:31] INFO: Acc: 85.05%
[42229] [2025-01-16 10:35:31] INFO: --------------------------------------------
[42229] [2025-01-16 10:35:31] INFO: Iteration 47/100
[42229] [2025-01-16 10:35:36] INFO: Acc: 89.40%
[42229] [2025-01-16 10:35:36] INFO: --------------------------------------------
[42229] [2025-01-16 10:35:36] INFO: Iteration 48/100
[42229] [2025-01-16 10:35:40] INFO: Acc: 86.90%
[42229] [2025-01-16 10:35:40] INFO: --------------------------------------------
[42229] [2025-01-16 10:35:40] INFO: Iteration 49/100
[42229] [2025-01-16 10:35:46] INFO: Acc: 87.55%
[42229] [2025-01-16 10:35:46] INFO: --------------------------------------------
[42229] [2025-01-16 10:35:46] INFO: Iteration 50/100
[42229] [2025-01-16 10:35:50] INFO: Acc: 85.85%
[42229] [2025-01-16 10:35:51] INFO: --------------------------------------------
[42229] [2025-01-16 10:35:51] INFO: Iteration 51/100
[42229] [2025-01-16 10:35:56] INFO: Acc: 87.40%
[42229] [2025-01-16 10:35:56] INFO: --------------------------------------------
[42229] [2025-01-16 10:35:56] INFO: Iteration 52/100
[42229] [2025-01-16 10:36:01] INFO: Acc: 88.60%
[42229] [2025-01-16 10:36:01] INFO: --------------------------------------------
[42229] [2025-01-16 10:36:01] INFO: Iteration 53/100
[42229] [2025-01-16 10:36:07] INFO: Acc: 86.65%
[42229] [2025-01-16 10:36:07] INFO: --------------------------------------------
[42229] [2025-01-16 10:36:07] INFO: Iteration 54/100
[42229] [2025-01-16 10:36:12] INFO: Acc: 85.65%
[42229] [2025-01-16 10:36:12] INFO: --------------------------------------------
[42229] [2025-01-16 10:36:12] INFO: Iteration 55/100
[42229] [2025-01-16 10:36:17] INFO: Acc: 83.65%
[42229] [2025-01-16 10:36:17] INFO: --------------------------------------------
[42229] [2025-01-16 10:36:17] INFO: Iteration 56/100
[42229] [2025-01-16 10:36:23] INFO: Acc: 87.20%
[42229] [2025-01-16 10:36:23] INFO: --------------------------------------------
[42229] [2025-01-16 10:36:23] INFO: Iteration 57/100
[42229] [2025-01-16 10:36:28] INFO: Acc: 84.65%
[42229] [2025-01-16 10:36:28] INFO: --------------------------------------------
[42229] [2025-01-16 10:36:28] INFO: Iteration 58/100
[42229] [2025-01-16 10:36:32] INFO: Acc: 85.10%
[42229] [2025-01-16 10:36:32] INFO: --------------------------------------------
[42229] [2025-01-16 10:36:32] INFO: Iteration 59/100
[42229] [2025-01-16 10:36:38] INFO: Acc: 87.20%
[42229] [2025-01-16 10:36:38] INFO: --------------------------------------------
[42229] [2025-01-16 10:36:38] INFO: Iteration 60/100
[42229] [2025-01-16 10:36:43] INFO: Acc: 85.10%
[42229] [2025-01-16 10:36:43] INFO: --------------------------------------------
[42229] [2025-01-16 10:36:43] INFO: Iteration 61/100
[42229] [2025-01-16 10:36:49] INFO: Acc: 84.75%
[42229] [2025-01-16 10:36:49] INFO: --------------------------------------------
[42229] [2025-01-16 10:36:49] INFO: Iteration 62/100
[42229] [2025-01-16 10:36:54] INFO: Acc: 88.85%
[42229] [2025-01-16 10:36:54] INFO: --------------------------------------------
[42229] [2025-01-16 10:36:54] INFO: Iteration 63/100
[42229] [2025-01-16 10:36:59] INFO: Acc: 85.35%
[42229] [2025-01-16 10:36:59] INFO: --------------------------------------------
[42229] [2025-01-16 10:36:59] INFO: Iteration 64/100
[42229] [2025-01-16 10:37:04] INFO: Acc: 87.45%
[42229] [2025-01-16 10:37:04] INFO: --------------------------------------------
[42229] [2025-01-16 10:37:04] INFO: Iteration 65/100
[42229] [2025-01-16 10:37:09] INFO: Acc: 85.80%
[42229] [2025-01-16 10:37:09] INFO: --------------------------------------------
[42229] [2025-01-16 10:37:09] INFO: Iteration 66/100
[42229] [2025-01-16 10:37:14] INFO: Acc: 88.80%
[42229] [2025-01-16 10:37:14] INFO: --------------------------------------------
[42229] [2025-01-16 10:37:14] INFO: Iteration 67/100
[42229] [2025-01-16 10:37:19] INFO: Acc: 87.45%
[42229] [2025-01-16 10:37:19] INFO: --------------------------------------------
[42229] [2025-01-16 10:37:19] INFO: Iteration 68/100
[42229] [2025-01-16 10:37:24] INFO: Acc: 87.75%
[42229] [2025-01-16 10:37:24] INFO: --------------------------------------------
[42229] [2025-01-16 10:37:24] INFO: Iteration 69/100
[42229] [2025-01-16 10:37:29] INFO: Acc: 85.55%
[42229] [2025-01-16 10:37:29] INFO: --------------------------------------------
[42229] [2025-01-16 10:37:29] INFO: Iteration 70/100
[42229] [2025-01-16 10:37:34] INFO: Acc: 89.40%
[42229] [2025-01-16 10:37:34] INFO: --------------------------------------------
[42229] [2025-01-16 10:37:34] INFO: Iteration 71/100
[42229] [2025-01-16 10:37:40] INFO: Acc: 86.35%
[42229] [2025-01-16 10:37:40] INFO: --------------------------------------------
[42229] [2025-01-16 10:37:40] INFO: Iteration 72/100
[42229] [2025-01-16 10:37:45] INFO: Acc: 85.70%
[42229] [2025-01-16 10:37:45] INFO: --------------------------------------------
[42229] [2025-01-16 10:37:45] INFO: Iteration 73/100
[42229] [2025-01-16 10:37:50] INFO: Acc: 86.80%
[42229] [2025-01-16 10:37:50] INFO: --------------------------------------------
[42229] [2025-01-16 10:37:50] INFO: Iteration 74/100
[42229] [2025-01-16 10:37:54] INFO: Acc: 87.70%
[42229] [2025-01-16 10:37:54] INFO: --------------------------------------------
[42229] [2025-01-16 10:37:54] INFO: Iteration 75/100
[42229] [2025-01-16 10:38:00] INFO: Acc: 85.45%
[42229] [2025-01-16 10:38:00] INFO: --------------------------------------------
[42229] [2025-01-16 10:38:00] INFO: Iteration 76/100
[42229] [2025-01-16 10:38:05] INFO: Acc: 83.55%
[42229] [2025-01-16 10:38:05] INFO: --------------------------------------------
[42229] [2025-01-16 10:38:05] INFO: Iteration 77/100
[42229] [2025-01-16 10:38:11] INFO: Acc: 84.65%
[42229] [2025-01-16 10:38:11] INFO: --------------------------------------------
[42229] [2025-01-16 10:38:11] INFO: Iteration 78/100
[42229] [2025-01-16 10:38:16] INFO: Acc: 85.70%
[42229] [2025-01-16 10:38:16] INFO: --------------------------------------------
[42229] [2025-01-16 10:38:16] INFO: Iteration 79/100
[42229] [2025-01-16 10:38:21] INFO: Acc: 87.05%
[42229] [2025-01-16 10:38:21] INFO: --------------------------------------------
[42229] [2025-01-16 10:38:21] INFO: Iteration 80/100
[42229] [2025-01-16 10:38:25] INFO: Acc: 87.55%
[42229] [2025-01-16 10:38:25] INFO: --------------------------------------------
[42229] [2025-01-16 10:38:25] INFO: Iteration 81/100
[42229] [2025-01-16 10:38:29] INFO: Acc: 85.70%
[42229] [2025-01-16 10:38:29] INFO: --------------------------------------------
[42229] [2025-01-16 10:38:29] INFO: Iteration 82/100
[42229] [2025-01-16 10:38:34] INFO: Acc: 86.35%
[42229] [2025-01-16 10:38:34] INFO: --------------------------------------------
[42229] [2025-01-16 10:38:34] INFO: Iteration 83/100
[42229] [2025-01-16 10:38:39] INFO: Acc: 84.55%
[42229] [2025-01-16 10:38:39] INFO: --------------------------------------------
[42229] [2025-01-16 10:38:39] INFO: Iteration 84/100
[42229] [2025-01-16 10:38:43] INFO: Acc: 87.75%
[42229] [2025-01-16 10:38:43] INFO: --------------------------------------------
[42229] [2025-01-16 10:38:43] INFO: Iteration 85/100
[42229] [2025-01-16 10:38:47] INFO: Acc: 86.35%
[42229] [2025-01-16 10:38:47] INFO: --------------------------------------------
[42229] [2025-01-16 10:38:47] INFO: Iteration 86/100
[42229] [2025-01-16 10:38:51] INFO: Acc: 87.60%
[42229] [2025-01-16 10:38:51] INFO: --------------------------------------------
[42229] [2025-01-16 10:38:51] INFO: Iteration 87/100
[42229] [2025-01-16 10:38:56] INFO: Acc: 84.50%
[42229] [2025-01-16 10:38:56] INFO: --------------------------------------------
[42229] [2025-01-16 10:38:56] INFO: Iteration 88/100
[42229] [2025-01-16 10:39:00] INFO: Acc: 86.60%
[42229] [2025-01-16 10:39:00] INFO: --------------------------------------------
[42229] [2025-01-16 10:39:00] INFO: Iteration 89/100
[42229] [2025-01-16 10:39:04] INFO: Acc: 87.45%
[42229] [2025-01-16 10:39:04] INFO: --------------------------------------------
[42229] [2025-01-16 10:39:04] INFO: Iteration 90/100
[42229] [2025-01-16 10:39:09] INFO: Acc: 88.45%
[42229] [2025-01-16 10:39:09] INFO: --------------------------------------------
[42229] [2025-01-16 10:39:09] INFO: Iteration 91/100
[42229] [2025-01-16 10:39:12] INFO: Acc: 86.30%
[42229] [2025-01-16 10:39:12] INFO: --------------------------------------------
[42229] [2025-01-16 10:39:12] INFO: Iteration 92/100
[42229] [2025-01-16 10:39:16] INFO: Acc: 86.15%
[42229] [2025-01-16 10:39:16] INFO: --------------------------------------------
[42229] [2025-01-16 10:39:16] INFO: Iteration 93/100
[42229] [2025-01-16 10:39:20] INFO: Acc: 88.70%
[42229] [2025-01-16 10:39:20] INFO: --------------------------------------------
[42229] [2025-01-16 10:39:20] INFO: Iteration 94/100
[42229] [2025-01-16 10:39:25] INFO: Acc: 86.40%
[42229] [2025-01-16 10:39:25] INFO: --------------------------------------------
[42229] [2025-01-16 10:39:25] INFO: Iteration 95/100
[42229] [2025-01-16 10:39:29] INFO: Acc: 87.45%
[42229] [2025-01-16 10:39:29] INFO: --------------------------------------------
[42229] [2025-01-16 10:39:29] INFO: Iteration 96/100
[42229] [2025-01-16 10:39:33] INFO: Acc: 86.70%
[42229] [2025-01-16 10:39:33] INFO: --------------------------------------------
[42229] [2025-01-16 10:39:33] INFO: Iteration 97/100
[42229] [2025-01-16 10:39:36] INFO: Acc: 86.10%
[42229] [2025-01-16 10:39:36] INFO: --------------------------------------------
[42229] [2025-01-16 10:39:36] INFO: Iteration 98/100
[42229] [2025-01-16 10:39:40] INFO: Acc: 84.85%
[42229] [2025-01-16 10:39:40] INFO: --------------------------------------------
[42229] [2025-01-16 10:39:40] INFO: Iteration 99/100
[42229] [2025-01-16 10:39:44] INFO: Acc: 85.75%
[42229] [2025-01-16 10:39:44] INFO: --------------------------------------------
[42229] [2025-01-16 10:39:44] INFO: Iteration 100/100
[42229] [2025-01-16 10:39:48] INFO: Acc: 85.45%
