[28389] [2025-01-14 09:04:42] INFO: ==> Running file: /autodl-fs/data/PythonProject/P3MC/downstream.py
[28389] [2025-01-14 09:04:42] INFO: ==> Config: {'exp_name': 'CVTSLANet_ads-b_iq_PT_powerNorm_FT_powerNorm', 'exp_type': 'Downstream_random_rot', 'random_seed': 2024, 'platform': 'linux', 'device': 'cuda', 'iteration': 100, 'epoch': 100, 'dataset': {'name': 'ads-b', 'root': '~/Datasets/ADS-B', 'type': 'iq', 'normalize': 'power', 'train_batch_size': 30, 'test_batch_size': 30, 'ratio': 0.2, 'num_classes': 30, 'shot': 10, 'snr': None}, 'encoder': {'name': 'CVTSLANet', 'root': 'models/KANTSLANet2Feature.py', 'feature_dim': 1024, 'pretrain_path': './runs/Pretext_random_rot/CVTSLANet_ads-b_iq_powerNorm/best_encoder.pth', 'TSLA_config': {'seq_len': 4800, 'patch_size': 32, 'num_channels': 2, 'emb_dim': 256, 'depth': 3, 'dropout_rate': 0.3}}, 'classifier': {'name': 'linear', 'root': 'models/LinearClassifier.py', 'in_dim': 1024, 'ratio': 0.2, 'num_classes': 30}, 'optimizer': {'lr': 0.001, 'weight_decay': 0}, 'extra_info': '', 'exp_path': 'runs/Downstream_random_rot/CVTSLANet_ads-b_iq_PT_powerNorm_FT_powerNorm/10Shot/0114_090442', 'save_path': 'runs/Downstream_random_rot/CVTSLANet_ads-b_iq_PT_powerNorm_FT_powerNorm'}
[28389] [2025-01-14 09:04:42] INFO: --------------------------------------------
[28389] [2025-01-14 09:04:42] INFO: Iteration 1/100
[28389] [2025-01-14 09:05:15] INFO: ==> Train Set: Acc: 99.67%, Loss: 0.01116240, Best model in epoch 90
[28389] [2025-01-14 09:05:16] INFO: ==> Test Set: Acc: 80.37%, Loss: 0.93198618
[28389] [2025-01-14 09:05:16] INFO: --------------------------------------------
[28389] [2025-01-14 09:05:16] INFO: Iteration 2/100
[28389] [2025-01-14 09:05:49] INFO: ==> Train Set: Acc: 100.00%, Loss: 0.00531106, Best model in epoch 86
[28389] [2025-01-14 09:05:50] INFO: ==> Test Set: Acc: 80.00%, Loss: 0.87893375
[28389] [2025-01-14 09:05:50] INFO: --------------------------------------------
[28389] [2025-01-14 09:05:50] INFO: Iteration 3/100
[28389] [2025-01-14 09:06:24] INFO: ==> Train Set: Acc: 100.00%, Loss: 0.00740387, Best model in epoch 88
[28389] [2025-01-14 09:06:25] INFO: ==> Test Set: Acc: 79.87%, Loss: 1.03953856
[28389] [2025-01-14 09:06:25] INFO: --------------------------------------------
[28389] [2025-01-14 09:06:25] INFO: Iteration 4/100
[28389] [2025-01-14 09:06:59] INFO: ==> Train Set: Acc: 100.00%, Loss: 0.00717726, Best model in epoch 56
[28389] [2025-01-14 09:07:00] INFO: ==> Test Set: Acc: 83.83%, Loss: 0.81420767
[28389] [2025-01-14 09:07:00] INFO: --------------------------------------------
[28389] [2025-01-14 09:07:00] INFO: Iteration 5/100
[28389] [2025-01-14 09:07:34] INFO: ==> Train Set: Acc: 99.67%, Loss: 0.00813819, Best model in epoch 87
[28389] [2025-01-14 09:07:35] INFO: ==> Test Set: Acc: 82.83%, Loss: 0.82281392
[28389] [2025-01-14 09:07:35] INFO: --------------------------------------------
[28389] [2025-01-14 09:07:35] INFO: Iteration 6/100
[28389] [2025-01-14 09:08:08] INFO: ==> Train Set: Acc: 99.67%, Loss: 0.01378949, Best model in epoch 96
[28389] [2025-01-14 09:08:09] INFO: ==> Test Set: Acc: 83.37%, Loss: 0.67148142
[28389] [2025-01-14 09:08:09] INFO: --------------------------------------------
[28389] [2025-01-14 09:08:09] INFO: Iteration 7/100
[28389] [2025-01-14 09:08:43] INFO: ==> Train Set: Acc: 100.00%, Loss: 0.00416229, Best model in epoch 90
[28389] [2025-01-14 09:08:44] INFO: ==> Test Set: Acc: 81.47%, Loss: 0.86443374
[28389] [2025-01-14 09:08:44] INFO: --------------------------------------------
[28389] [2025-01-14 09:08:44] INFO: Iteration 8/100
[28389] [2025-01-14 09:09:18] INFO: ==> Train Set: Acc: 100.00%, Loss: 0.01244294, Best model in epoch 81
[28389] [2025-01-14 09:09:19] INFO: ==> Test Set: Acc: 81.73%, Loss: 0.91176894
[28389] [2025-01-14 09:09:19] INFO: --------------------------------------------
[28389] [2025-01-14 09:09:19] INFO: Iteration 9/100
[28389] [2025-01-14 09:09:52] INFO: ==> Train Set: Acc: 99.67%, Loss: 0.00538625, Best model in epoch 92
[28389] [2025-01-14 09:09:53] INFO: ==> Test Set: Acc: 83.57%, Loss: 0.83173686
[28389] [2025-01-14 09:09:53] INFO: --------------------------------------------
[28389] [2025-01-14 09:09:53] INFO: Iteration 10/100
[28389] [2025-01-14 09:10:27] INFO: ==> Train Set: Acc: 100.00%, Loss: 0.00906640, Best model in epoch 98
[28389] [2025-01-14 09:10:28] INFO: ==> Test Set: Acc: 83.33%, Loss: 0.77729868
[28389] [2025-01-14 09:10:28] INFO: --------------------------------------------
[28389] [2025-01-14 09:10:28] INFO: Iteration 11/100
[28389] [2025-01-14 09:11:00] INFO: ==> Train Set: Acc: 100.00%, Loss: 0.00485029, Best model in epoch 89
[28389] [2025-01-14 09:11:01] INFO: ==> Test Set: Acc: 76.47%, Loss: 1.01694927
[28389] [2025-01-14 09:11:01] INFO: --------------------------------------------
[28389] [2025-01-14 09:11:01] INFO: Iteration 12/100
[28389] [2025-01-14 09:11:34] INFO: ==> Train Set: Acc: 100.00%, Loss: 0.00779400, Best model in epoch 96
[28389] [2025-01-14 09:11:35] INFO: ==> Test Set: Acc: 84.10%, Loss: 0.72354708
[28389] [2025-01-14 09:11:35] INFO: --------------------------------------------
[28389] [2025-01-14 09:11:35] INFO: Iteration 13/100
[28389] [2025-01-14 09:12:07] INFO: ==> Train Set: Acc: 100.00%, Loss: 0.00713877, Best model in epoch 54
[28389] [2025-01-14 09:12:08] INFO: ==> Test Set: Acc: 83.60%, Loss: 0.81323335
[28389] [2025-01-14 09:12:08] INFO: --------------------------------------------
[28389] [2025-01-14 09:12:08] INFO: Iteration 14/100
[28389] [2025-01-14 09:12:41] INFO: ==> Train Set: Acc: 100.00%, Loss: 0.00672008, Best model in epoch 81
[28389] [2025-01-14 09:12:41] INFO: ==> Test Set: Acc: 83.60%, Loss: 0.71282410
[28389] [2025-01-14 09:12:41] INFO: --------------------------------------------
[28389] [2025-01-14 09:12:41] INFO: Iteration 15/100
[28389] [2025-01-14 09:13:13] INFO: ==> Train Set: Acc: 100.00%, Loss: 0.00475115, Best model in epoch 90
[28389] [2025-01-14 09:13:14] INFO: ==> Test Set: Acc: 83.13%, Loss: 0.69709852
[28389] [2025-01-14 09:13:14] INFO: --------------------------------------------
[28389] [2025-01-14 09:13:14] INFO: Iteration 16/100
[28389] [2025-01-14 09:13:47] INFO: ==> Train Set: Acc: 100.00%, Loss: 0.00717312, Best model in epoch 90
[28389] [2025-01-14 09:13:48] INFO: ==> Test Set: Acc: 82.93%, Loss: 0.80938669
[28389] [2025-01-14 09:13:48] INFO: --------------------------------------------
[28389] [2025-01-14 09:13:48] INFO: Iteration 17/100
[28389] [2025-01-14 09:14:20] INFO: ==> Train Set: Acc: 100.00%, Loss: 0.00612190, Best model in epoch 59
[28389] [2025-01-14 09:14:21] INFO: ==> Test Set: Acc: 77.00%, Loss: 1.00846501
[28389] [2025-01-14 09:14:21] INFO: --------------------------------------------
[28389] [2025-01-14 09:14:21] INFO: Iteration 18/100
[28389] [2025-01-14 09:14:53] INFO: ==> Train Set: Acc: 99.67%, Loss: 0.01005148, Best model in epoch 69
[28389] [2025-01-14 09:14:54] INFO: ==> Test Set: Acc: 83.23%, Loss: 0.72449795
[28389] [2025-01-14 09:14:54] INFO: --------------------------------------------
[28389] [2025-01-14 09:14:54] INFO: Iteration 19/100
[28389] [2025-01-14 09:15:27] INFO: ==> Train Set: Acc: 99.67%, Loss: 0.00771235, Best model in epoch 91
[28389] [2025-01-14 09:15:28] INFO: ==> Test Set: Acc: 80.57%, Loss: 0.95570319
[28389] [2025-01-14 09:15:28] INFO: --------------------------------------------
[28389] [2025-01-14 09:15:28] INFO: Iteration 20/100
[28389] [2025-01-14 09:16:00] INFO: ==> Train Set: Acc: 100.00%, Loss: 0.00453217, Best model in epoch 84
[28389] [2025-01-14 09:16:01] INFO: ==> Test Set: Acc: 81.83%, Loss: 0.82255223
[28389] [2025-01-14 09:16:01] INFO: --------------------------------------------
[28389] [2025-01-14 09:16:01] INFO: Iteration 21/100
[28389] [2025-01-14 09:16:33] INFO: ==> Train Set: Acc: 99.67%, Loss: 0.01097677, Best model in epoch 60
[28389] [2025-01-14 09:16:34] INFO: ==> Test Set: Acc: 85.40%, Loss: 0.63527355
[28389] [2025-01-14 09:16:34] INFO: --------------------------------------------
[28389] [2025-01-14 09:16:34] INFO: Iteration 22/100
[28389] [2025-01-14 09:17:07] INFO: ==> Train Set: Acc: 100.00%, Loss: 0.00323598, Best model in epoch 93
[28389] [2025-01-14 09:17:08] INFO: ==> Test Set: Acc: 82.40%, Loss: 0.72032718
[28389] [2025-01-14 09:17:08] INFO: --------------------------------------------
[28389] [2025-01-14 09:17:08] INFO: Iteration 23/100
[28389] [2025-01-14 09:17:40] INFO: ==> Train Set: Acc: 100.00%, Loss: 0.00670098, Best model in epoch 93
[28389] [2025-01-14 09:17:41] INFO: ==> Test Set: Acc: 82.83%, Loss: 0.79319660
[28389] [2025-01-14 09:17:41] INFO: --------------------------------------------
[28389] [2025-01-14 09:17:41] INFO: Iteration 24/100
[28389] [2025-01-14 09:18:13] INFO: ==> Train Set: Acc: 100.00%, Loss: 0.00457904, Best model in epoch 76
[28389] [2025-01-14 09:18:14] INFO: ==> Test Set: Acc: 86.00%, Loss: 0.66384840
[28389] [2025-01-14 09:18:14] INFO: --------------------------------------------
[28389] [2025-01-14 09:18:14] INFO: Iteration 25/100
[28389] [2025-01-14 09:18:47] INFO: ==> Train Set: Acc: 100.00%, Loss: 0.00553828, Best model in epoch 78
[28389] [2025-01-14 09:18:48] INFO: ==> Test Set: Acc: 74.47%, Loss: 1.08392776
[28389] [2025-01-14 09:18:48] INFO: --------------------------------------------
[28389] [2025-01-14 09:18:48] INFO: Iteration 26/100
[28389] [2025-01-14 09:19:20] INFO: ==> Train Set: Acc: 100.00%, Loss: 0.00600221, Best model in epoch 85
[28389] [2025-01-14 09:19:21] INFO: ==> Test Set: Acc: 82.40%, Loss: 0.77730723
[28389] [2025-01-14 09:19:21] INFO: --------------------------------------------
[28389] [2025-01-14 09:19:21] INFO: Iteration 27/100
[28389] [2025-01-14 09:19:53] INFO: ==> Train Set: Acc: 99.67%, Loss: 0.01357089, Best model in epoch 76
[28389] [2025-01-14 09:19:54] INFO: ==> Test Set: Acc: 83.07%, Loss: 0.71378662
[28389] [2025-01-14 09:19:54] INFO: --------------------------------------------
[28389] [2025-01-14 09:19:54] INFO: Iteration 28/100
[28389] [2025-01-14 09:20:27] INFO: ==> Train Set: Acc: 99.67%, Loss: 0.00927895, Best model in epoch 84
[28389] [2025-01-14 09:20:28] INFO: ==> Test Set: Acc: 79.80%, Loss: 0.96813334
[28389] [2025-01-14 09:20:28] INFO: --------------------------------------------
[28389] [2025-01-14 09:20:28] INFO: Iteration 29/100
[28389] [2025-01-14 09:21:01] INFO: ==> Train Set: Acc: 100.00%, Loss: 0.01007249, Best model in epoch 64
[28389] [2025-01-14 09:21:01] INFO: ==> Test Set: Acc: 82.10%, Loss: 0.74792776
[28389] [2025-01-14 09:21:01] INFO: --------------------------------------------
[28389] [2025-01-14 09:21:01] INFO: Iteration 30/100
[28389] [2025-01-14 09:21:34] INFO: ==> Train Set: Acc: 99.67%, Loss: 0.01268462, Best model in epoch 68
[28389] [2025-01-14 09:21:35] INFO: ==> Test Set: Acc: 78.17%, Loss: 0.92163645
[28389] [2025-01-14 09:21:35] INFO: --------------------------------------------
[28389] [2025-01-14 09:21:35] INFO: Iteration 31/100
[28389] [2025-01-14 09:22:08] INFO: ==> Train Set: Acc: 100.00%, Loss: 0.00879273, Best model in epoch 87
[28389] [2025-01-14 09:22:09] INFO: ==> Test Set: Acc: 82.60%, Loss: 0.94937231
[28389] [2025-01-14 09:22:09] INFO: --------------------------------------------
[28389] [2025-01-14 09:22:09] INFO: Iteration 32/100
[28389] [2025-01-14 09:22:41] INFO: ==> Train Set: Acc: 100.00%, Loss: 0.00550396, Best model in epoch 98
[28389] [2025-01-14 09:22:42] INFO: ==> Test Set: Acc: 78.87%, Loss: 0.98470514
[28389] [2025-01-14 09:22:42] INFO: --------------------------------------------
[28389] [2025-01-14 09:22:42] INFO: Iteration 33/100
[28389] [2025-01-14 09:23:15] INFO: ==> Train Set: Acc: 100.00%, Loss: 0.00900361, Best model in epoch 67
[28389] [2025-01-14 09:23:16] INFO: ==> Test Set: Acc: 83.00%, Loss: 0.72346411
[28389] [2025-01-14 09:23:16] INFO: --------------------------------------------
[28389] [2025-01-14 09:23:16] INFO: Iteration 34/100
[28389] [2025-01-14 09:23:49] INFO: ==> Train Set: Acc: 100.00%, Loss: 0.00802824, Best model in epoch 71
[28389] [2025-01-14 09:23:50] INFO: ==> Test Set: Acc: 79.07%, Loss: 0.90577195
[28389] [2025-01-14 09:23:50] INFO: --------------------------------------------
[28389] [2025-01-14 09:23:50] INFO: Iteration 35/100
[28389] [2025-01-14 09:24:22] INFO: ==> Train Set: Acc: 100.00%, Loss: 0.00266763, Best model in epoch 91
[28389] [2025-01-14 09:24:23] INFO: ==> Test Set: Acc: 81.83%, Loss: 0.82225146
[28389] [2025-01-14 09:24:23] INFO: --------------------------------------------
[28389] [2025-01-14 09:24:23] INFO: Iteration 36/100
[28389] [2025-01-14 09:24:55] INFO: ==> Train Set: Acc: 100.00%, Loss: 0.00634990, Best model in epoch 75
[28389] [2025-01-14 09:24:56] INFO: ==> Test Set: Acc: 84.23%, Loss: 0.76370989
[28389] [2025-01-14 09:24:56] INFO: --------------------------------------------
[28389] [2025-01-14 09:24:56] INFO: Iteration 37/100
[28389] [2025-01-14 09:25:28] INFO: ==> Train Set: Acc: 100.00%, Loss: 0.00534143, Best model in epoch 86
[28389] [2025-01-14 09:25:29] INFO: ==> Test Set: Acc: 81.87%, Loss: 0.77556938
[28389] [2025-01-14 09:25:29] INFO: --------------------------------------------
[28389] [2025-01-14 09:25:29] INFO: Iteration 38/100
[28389] [2025-01-14 09:26:02] INFO: ==> Train Set: Acc: 100.00%, Loss: 0.00388831, Best model in epoch 81
[28389] [2025-01-14 09:26:02] INFO: ==> Test Set: Acc: 82.73%, Loss: 0.78349435
[28389] [2025-01-14 09:26:03] INFO: --------------------------------------------
[28389] [2025-01-14 09:26:03] INFO: Iteration 39/100
[28389] [2025-01-14 09:26:35] INFO: ==> Train Set: Acc: 100.00%, Loss: 0.01082729, Best model in epoch 60
[28389] [2025-01-14 09:26:36] INFO: ==> Test Set: Acc: 82.13%, Loss: 0.91452321
[28389] [2025-01-14 09:26:36] INFO: --------------------------------------------
[28389] [2025-01-14 09:26:36] INFO: Iteration 40/100
[28389] [2025-01-14 09:27:08] INFO: ==> Train Set: Acc: 99.67%, Loss: 0.01336602, Best model in epoch 72
[28389] [2025-01-14 09:27:09] INFO: ==> Test Set: Acc: 84.17%, Loss: 0.67115448
[28389] [2025-01-14 09:27:09] INFO: --------------------------------------------
[28389] [2025-01-14 09:27:09] INFO: Iteration 41/100
[28389] [2025-01-14 09:27:41] INFO: ==> Train Set: Acc: 100.00%, Loss: 0.00488585, Best model in epoch 71
[28389] [2025-01-14 09:27:42] INFO: ==> Test Set: Acc: 82.10%, Loss: 0.91080399
[28389] [2025-01-14 09:27:42] INFO: --------------------------------------------
[28389] [2025-01-14 09:27:42] INFO: Iteration 42/100
[28389] [2025-01-14 09:28:15] INFO: ==> Train Set: Acc: 100.00%, Loss: 0.00316284, Best model in epoch 94
[28389] [2025-01-14 09:28:15] INFO: ==> Test Set: Acc: 80.97%, Loss: 0.84101800
[28389] [2025-01-14 09:28:15] INFO: --------------------------------------------
[28389] [2025-01-14 09:28:15] INFO: Iteration 43/100
[28389] [2025-01-14 09:28:48] INFO: ==> Train Set: Acc: 100.00%, Loss: 0.00906457, Best model in epoch 86
[28389] [2025-01-14 09:28:49] INFO: ==> Test Set: Acc: 81.03%, Loss: 0.85797362
[28389] [2025-01-14 09:28:49] INFO: --------------------------------------------
[28389] [2025-01-14 09:28:49] INFO: Iteration 44/100
[28389] [2025-01-14 09:29:21] INFO: ==> Train Set: Acc: 100.00%, Loss: 0.01098371, Best model in epoch 81
[28389] [2025-01-14 09:29:22] INFO: ==> Test Set: Acc: 84.70%, Loss: 0.64351857
[28389] [2025-01-14 09:29:22] INFO: --------------------------------------------
[28389] [2025-01-14 09:29:22] INFO: Iteration 45/100
[28389] [2025-01-14 09:29:54] INFO: ==> Train Set: Acc: 100.00%, Loss: 0.00515335, Best model in epoch 98
[28389] [2025-01-14 09:29:55] INFO: ==> Test Set: Acc: 85.93%, Loss: 0.66225011
[28389] [2025-01-14 09:29:55] INFO: --------------------------------------------
[28389] [2025-01-14 09:29:55] INFO: Iteration 46/100
[28389] [2025-01-14 09:30:27] INFO: ==> Train Set: Acc: 100.00%, Loss: 0.00647065, Best model in epoch 87
[28389] [2025-01-14 09:30:28] INFO: ==> Test Set: Acc: 83.90%, Loss: 0.73024199
[28389] [2025-01-14 09:30:28] INFO: --------------------------------------------
[28389] [2025-01-14 09:30:28] INFO: Iteration 47/100
[28389] [2025-01-14 09:31:00] INFO: ==> Train Set: Acc: 99.67%, Loss: 0.00977425, Best model in epoch 91
[28389] [2025-01-14 09:31:01] INFO: ==> Test Set: Acc: 82.40%, Loss: 0.82479878
[28389] [2025-01-14 09:31:01] INFO: --------------------------------------------
[28389] [2025-01-14 09:31:01] INFO: Iteration 48/100
[28389] [2025-01-14 09:31:34] INFO: ==> Train Set: Acc: 99.67%, Loss: 0.01157334, Best model in epoch 91
[28389] [2025-01-14 09:31:35] INFO: ==> Test Set: Acc: 83.87%, Loss: 0.65627278
[28389] [2025-01-14 09:31:35] INFO: --------------------------------------------
[28389] [2025-01-14 09:31:35] INFO: Iteration 49/100
[28389] [2025-01-14 09:32:07] INFO: ==> Train Set: Acc: 100.00%, Loss: 0.01138338, Best model in epoch 56
[28389] [2025-01-14 09:32:08] INFO: ==> Test Set: Acc: 79.30%, Loss: 0.98151919
[28389] [2025-01-14 09:32:08] INFO: --------------------------------------------
[28389] [2025-01-14 09:32:08] INFO: Iteration 50/100
[28389] [2025-01-14 09:32:40] INFO: ==> Train Set: Acc: 100.00%, Loss: 0.00329826, Best model in epoch 98
[28389] [2025-01-14 09:32:41] INFO: ==> Test Set: Acc: 85.83%, Loss: 0.68569434
[28389] [2025-01-14 09:32:41] INFO: --------------------------------------------
[28389] [2025-01-14 09:32:41] INFO: Iteration 51/100
[28389] [2025-01-14 09:33:13] INFO: ==> Train Set: Acc: 100.00%, Loss: 0.00870169, Best model in epoch 77
[28389] [2025-01-14 09:33:14] INFO: ==> Test Set: Acc: 83.03%, Loss: 0.77662195
[28389] [2025-01-14 09:33:14] INFO: --------------------------------------------
[28389] [2025-01-14 09:33:14] INFO: Iteration 52/100
[28389] [2025-01-14 09:33:46] INFO: ==> Train Set: Acc: 100.00%, Loss: 0.00673071, Best model in epoch 80
[28389] [2025-01-14 09:33:47] INFO: ==> Test Set: Acc: 83.17%, Loss: 0.71815274
[28389] [2025-01-14 09:33:47] INFO: --------------------------------------------
[28389] [2025-01-14 09:33:47] INFO: Iteration 53/100
[28389] [2025-01-14 09:34:19] INFO: ==> Train Set: Acc: 100.00%, Loss: 0.00558842, Best model in epoch 99
[28389] [2025-01-14 09:34:20] INFO: ==> Test Set: Acc: 81.30%, Loss: 0.88165086
[28389] [2025-01-14 09:34:20] INFO: --------------------------------------------
[28389] [2025-01-14 09:34:20] INFO: Iteration 54/100
[28389] [2025-01-14 09:34:53] INFO: ==> Train Set: Acc: 99.67%, Loss: 0.00833514, Best model in epoch 95
[28389] [2025-01-14 09:34:54] INFO: ==> Test Set: Acc: 81.90%, Loss: 0.82157240
[28389] [2025-01-14 09:34:54] INFO: --------------------------------------------
[28389] [2025-01-14 09:34:54] INFO: Iteration 55/100
[28389] [2025-01-14 09:35:26] INFO: ==> Train Set: Acc: 100.00%, Loss: 0.00780573, Best model in epoch 36
[28389] [2025-01-14 09:35:27] INFO: ==> Test Set: Acc: 82.23%, Loss: 0.92342290
[28389] [2025-01-14 09:35:27] INFO: --------------------------------------------
[28389] [2025-01-14 09:35:27] INFO: Iteration 56/100
[28389] [2025-01-14 09:35:59] INFO: ==> Train Set: Acc: 99.67%, Loss: 0.01222765, Best model in epoch 70
[28389] [2025-01-14 09:36:00] INFO: ==> Test Set: Acc: 84.20%, Loss: 0.69618081
[28389] [2025-01-14 09:36:00] INFO: --------------------------------------------
[28389] [2025-01-14 09:36:00] INFO: Iteration 57/100
[28389] [2025-01-14 09:36:33] INFO: ==> Train Set: Acc: 100.00%, Loss: 0.00992328, Best model in epoch 97
[28389] [2025-01-14 09:36:34] INFO: ==> Test Set: Acc: 81.17%, Loss: 0.90409554
[28389] [2025-01-14 09:36:34] INFO: --------------------------------------------
[28389] [2025-01-14 09:36:34] INFO: Iteration 58/100
[28389] [2025-01-14 09:37:06] INFO: ==> Train Set: Acc: 99.33%, Loss: 0.01405645, Best model in epoch 66
[28389] [2025-01-14 09:37:07] INFO: ==> Test Set: Acc: 79.87%, Loss: 0.95184103
[28389] [2025-01-14 09:37:07] INFO: --------------------------------------------
[28389] [2025-01-14 09:37:07] INFO: Iteration 59/100
[28389] [2025-01-14 09:37:39] INFO: ==> Train Set: Acc: 100.00%, Loss: 0.00536200, Best model in epoch 63
[28389] [2025-01-14 09:37:40] INFO: ==> Test Set: Acc: 79.30%, Loss: 0.94258412
[28389] [2025-01-14 09:37:40] INFO: --------------------------------------------
[28389] [2025-01-14 09:37:40] INFO: Iteration 60/100
[28389] [2025-01-14 09:38:13] INFO: ==> Train Set: Acc: 100.00%, Loss: 0.00721741, Best model in epoch 58
[28389] [2025-01-14 09:38:14] INFO: ==> Test Set: Acc: 81.17%, Loss: 0.89893275
[28389] [2025-01-14 09:38:14] INFO: --------------------------------------------
[28389] [2025-01-14 09:38:14] INFO: Iteration 61/100
[28389] [2025-01-14 09:38:46] INFO: ==> Train Set: Acc: 99.67%, Loss: 0.00929898, Best model in epoch 95
[28389] [2025-01-14 09:38:47] INFO: ==> Test Set: Acc: 83.33%, Loss: 0.77845817
[28389] [2025-01-14 09:38:47] INFO: --------------------------------------------
[28389] [2025-01-14 09:38:47] INFO: Iteration 62/100
[28389] [2025-01-14 09:39:19] INFO: ==> Train Set: Acc: 100.00%, Loss: 0.00651772, Best model in epoch 90
[28389] [2025-01-14 09:39:20] INFO: ==> Test Set: Acc: 82.27%, Loss: 0.77381957
[28389] [2025-01-14 09:39:20] INFO: --------------------------------------------
[28389] [2025-01-14 09:39:20] INFO: Iteration 63/100
[28389] [2025-01-14 09:39:53] INFO: ==> Train Set: Acc: 100.00%, Loss: 0.01264376, Best model in epoch 98
[28389] [2025-01-14 09:39:53] INFO: ==> Test Set: Acc: 84.63%, Loss: 0.69288952
[28389] [2025-01-14 09:39:53] INFO: --------------------------------------------
[28389] [2025-01-14 09:39:53] INFO: Iteration 64/100
[28389] [2025-01-14 09:40:26] INFO: ==> Train Set: Acc: 100.00%, Loss: 0.00518959, Best model in epoch 94
[28389] [2025-01-14 09:40:27] INFO: ==> Test Set: Acc: 83.83%, Loss: 0.74613334
[28389] [2025-01-14 09:40:27] INFO: --------------------------------------------
[28389] [2025-01-14 09:40:27] INFO: Iteration 65/100
[28389] [2025-01-14 09:40:59] INFO: ==> Train Set: Acc: 100.00%, Loss: 0.00491474, Best model in epoch 97
[28389] [2025-01-14 09:41:00] INFO: ==> Test Set: Acc: 81.67%, Loss: 0.83757204
[28389] [2025-01-14 09:41:00] INFO: --------------------------------------------
[28389] [2025-01-14 09:41:00] INFO: Iteration 66/100
[28389] [2025-01-14 09:41:32] INFO: ==> Train Set: Acc: 99.67%, Loss: 0.01103923, Best model in epoch 98
[28389] [2025-01-14 09:41:33] INFO: ==> Test Set: Acc: 84.03%, Loss: 0.71192923
[28389] [2025-01-14 09:41:33] INFO: --------------------------------------------
[28389] [2025-01-14 09:41:33] INFO: Iteration 67/100
[28389] [2025-01-14 09:42:05] INFO: ==> Train Set: Acc: 100.00%, Loss: 0.00727179, Best model in epoch 67
[28389] [2025-01-14 09:42:06] INFO: ==> Test Set: Acc: 82.80%, Loss: 0.79808220
[28389] [2025-01-14 09:42:06] INFO: --------------------------------------------
[28389] [2025-01-14 09:42:06] INFO: Iteration 68/100
[28389] [2025-01-14 09:42:39] INFO: ==> Train Set: Acc: 100.00%, Loss: 0.00778767, Best model in epoch 96
[28389] [2025-01-14 09:42:40] INFO: ==> Test Set: Acc: 85.03%, Loss: 0.72776980
[28389] [2025-01-14 09:42:40] INFO: --------------------------------------------
[28389] [2025-01-14 09:42:40] INFO: Iteration 69/100
[28389] [2025-01-14 09:43:12] INFO: ==> Train Set: Acc: 99.67%, Loss: 0.00665945, Best model in epoch 76
[28389] [2025-01-14 09:43:13] INFO: ==> Test Set: Acc: 82.20%, Loss: 0.88441399
[28389] [2025-01-14 09:43:13] INFO: --------------------------------------------
[28389] [2025-01-14 09:43:13] INFO: Iteration 70/100
[28389] [2025-01-14 09:43:45] INFO: ==> Train Set: Acc: 99.67%, Loss: 0.01126492, Best model in epoch 70
[28389] [2025-01-14 09:43:46] INFO: ==> Test Set: Acc: 84.30%, Loss: 0.74420437
[28389] [2025-01-14 09:43:46] INFO: --------------------------------------------
[28389] [2025-01-14 09:43:46] INFO: Iteration 71/100
[28389] [2025-01-14 09:44:19] INFO: ==> Train Set: Acc: 100.00%, Loss: 0.00840407, Best model in epoch 97
[28389] [2025-01-14 09:44:20] INFO: ==> Test Set: Acc: 83.53%, Loss: 0.77997279
[28389] [2025-01-14 09:44:20] INFO: --------------------------------------------
[28389] [2025-01-14 09:44:20] INFO: Iteration 72/100
[28389] [2025-01-14 09:44:54] INFO: ==> Train Set: Acc: 100.00%, Loss: 0.00584247, Best model in epoch 58
[28389] [2025-01-14 09:44:55] INFO: ==> Test Set: Acc: 82.67%, Loss: 0.86530307
[28389] [2025-01-14 09:44:55] INFO: --------------------------------------------
[28389] [2025-01-14 09:44:55] INFO: Iteration 73/100
[28389] [2025-01-14 09:45:28] INFO: ==> Train Set: Acc: 99.67%, Loss: 0.01001622, Best model in epoch 82
[28389] [2025-01-14 09:45:29] INFO: ==> Test Set: Acc: 82.93%, Loss: 0.78955481
[28389] [2025-01-14 09:45:29] INFO: --------------------------------------------
[28389] [2025-01-14 09:45:29] INFO: Iteration 74/100
[28389] [2025-01-14 09:46:03] INFO: ==> Train Set: Acc: 100.00%, Loss: 0.00561161, Best model in epoch 87
[28389] [2025-01-14 09:46:04] INFO: ==> Test Set: Acc: 81.83%, Loss: 0.82625437
[28389] [2025-01-14 09:46:04] INFO: --------------------------------------------
[28389] [2025-01-14 09:46:04] INFO: Iteration 75/100
[28389] [2025-01-14 09:46:37] INFO: ==> Train Set: Acc: 100.00%, Loss: 0.00724629, Best model in epoch 96
[28389] [2025-01-14 09:46:38] INFO: ==> Test Set: Acc: 82.33%, Loss: 0.78194708
[28389] [2025-01-14 09:46:38] INFO: --------------------------------------------
[28389] [2025-01-14 09:46:38] INFO: Iteration 76/100
[28389] [2025-01-14 09:47:11] INFO: ==> Train Set: Acc: 99.67%, Loss: 0.01031381, Best model in epoch 53
[28389] [2025-01-14 09:47:12] INFO: ==> Test Set: Acc: 83.00%, Loss: 0.73333773
[28389] [2025-01-14 09:47:12] INFO: --------------------------------------------
[28389] [2025-01-14 09:47:12] INFO: Iteration 77/100
[28389] [2025-01-14 09:47:45] INFO: ==> Train Set: Acc: 99.67%, Loss: 0.00868737, Best model in epoch 85
[28389] [2025-01-14 09:47:46] INFO: ==> Test Set: Acc: 79.70%, Loss: 0.93442744
[28389] [2025-01-14 09:47:46] INFO: --------------------------------------------
[28389] [2025-01-14 09:47:46] INFO: Iteration 78/100
[28389] [2025-01-14 09:48:19] INFO: ==> Train Set: Acc: 99.67%, Loss: 0.00915913, Best model in epoch 88
[28389] [2025-01-14 09:48:20] INFO: ==> Test Set: Acc: 83.83%, Loss: 0.71922016
[28389] [2025-01-14 09:48:20] INFO: --------------------------------------------
[28389] [2025-01-14 09:48:20] INFO: Iteration 79/100
[28389] [2025-01-14 09:48:54] INFO: ==> Train Set: Acc: 99.67%, Loss: 0.00738528, Best model in epoch 77
[28389] [2025-01-14 09:48:55] INFO: ==> Test Set: Acc: 82.07%, Loss: 0.78503381
[28389] [2025-01-14 09:48:55] INFO: --------------------------------------------
[28389] [2025-01-14 09:48:55] INFO: Iteration 80/100
[28389] [2025-01-14 09:49:27] INFO: ==> Train Set: Acc: 100.00%, Loss: 0.01033549, Best model in epoch 98
[28389] [2025-01-14 09:49:28] INFO: ==> Test Set: Acc: 80.37%, Loss: 0.92027714
[28389] [2025-01-14 09:49:28] INFO: --------------------------------------------
[28389] [2025-01-14 09:49:28] INFO: Iteration 81/100
[28389] [2025-01-14 09:50:02] INFO: ==> Train Set: Acc: 100.00%, Loss: 0.00734737, Best model in epoch 94
[28389] [2025-01-14 09:50:02] INFO: ==> Test Set: Acc: 82.30%, Loss: 0.88965369
[28389] [2025-01-14 09:50:02] INFO: --------------------------------------------
[28389] [2025-01-14 09:50:02] INFO: Iteration 82/100
[28389] [2025-01-14 09:50:36] INFO: ==> Train Set: Acc: 100.00%, Loss: 0.00823520, Best model in epoch 97
[28389] [2025-01-14 09:50:37] INFO: ==> Test Set: Acc: 81.17%, Loss: 0.92157429
[28389] [2025-01-14 09:50:37] INFO: --------------------------------------------
[28389] [2025-01-14 09:50:37] INFO: Iteration 83/100
[28389] [2025-01-14 09:51:09] INFO: ==> Train Set: Acc: 99.67%, Loss: 0.00585021, Best model in epoch 92
[28389] [2025-01-14 09:51:10] INFO: ==> Test Set: Acc: 85.60%, Loss: 0.68455831
[28389] [2025-01-14 09:51:10] INFO: --------------------------------------------
[28389] [2025-01-14 09:51:10] INFO: Iteration 84/100
[28389] [2025-01-14 09:51:43] INFO: ==> Train Set: Acc: 99.67%, Loss: 0.00916958, Best model in epoch 83
[28389] [2025-01-14 09:51:43] INFO: ==> Test Set: Acc: 82.50%, Loss: 0.79410188
[28389] [2025-01-14 09:51:43] INFO: --------------------------------------------
[28389] [2025-01-14 09:51:43] INFO: Iteration 85/100
[28389] [2025-01-14 09:52:16] INFO: ==> Train Set: Acc: 100.00%, Loss: 0.01025352, Best model in epoch 39
[28389] [2025-01-14 09:52:17] INFO: ==> Test Set: Acc: 82.33%, Loss: 0.85447943
[28389] [2025-01-14 09:52:17] INFO: --------------------------------------------
[28389] [2025-01-14 09:52:17] INFO: Iteration 86/100
[28389] [2025-01-14 09:52:50] INFO: ==> Train Set: Acc: 100.00%, Loss: 0.00372971, Best model in epoch 99
[28389] [2025-01-14 09:52:51] INFO: ==> Test Set: Acc: 82.67%, Loss: 0.72637693
[28389] [2025-01-14 09:52:51] INFO: --------------------------------------------
[28389] [2025-01-14 09:52:51] INFO: Iteration 87/100
[28389] [2025-01-14 09:53:23] INFO: ==> Train Set: Acc: 100.00%, Loss: 0.00485293, Best model in epoch 84
[28389] [2025-01-14 09:53:24] INFO: ==> Test Set: Acc: 84.23%, Loss: 0.70105266
[28389] [2025-01-14 09:53:24] INFO: --------------------------------------------
[28389] [2025-01-14 09:53:24] INFO: Iteration 88/100
[28389] [2025-01-14 09:53:57] INFO: ==> Train Set: Acc: 100.00%, Loss: 0.00385246, Best model in epoch 68
[28389] [2025-01-14 09:53:58] INFO: ==> Test Set: Acc: 83.93%, Loss: 0.74885995
[28389] [2025-01-14 09:53:58] INFO: --------------------------------------------
[28389] [2025-01-14 09:53:58] INFO: Iteration 89/100
[28389] [2025-01-14 09:54:31] INFO: ==> Train Set: Acc: 100.00%, Loss: 0.00686101, Best model in epoch 82
[28389] [2025-01-14 09:54:32] INFO: ==> Test Set: Acc: 81.27%, Loss: 0.86099834
[28389] [2025-01-14 09:54:32] INFO: --------------------------------------------
[28389] [2025-01-14 09:54:32] INFO: Iteration 90/100
[28389] [2025-01-14 09:55:04] INFO: ==> Train Set: Acc: 99.67%, Loss: 0.00865343, Best model in epoch 96
[28389] [2025-01-14 09:55:05] INFO: ==> Test Set: Acc: 81.37%, Loss: 0.91485470
[28389] [2025-01-14 09:55:05] INFO: --------------------------------------------
[28389] [2025-01-14 09:55:05] INFO: Iteration 91/100
[28389] [2025-01-14 09:55:38] INFO: ==> Train Set: Acc: 100.00%, Loss: 0.00300194, Best model in epoch 86
[28389] [2025-01-14 09:55:39] INFO: ==> Test Set: Acc: 83.50%, Loss: 0.74329803
[28389] [2025-01-14 09:55:39] INFO: --------------------------------------------
[28389] [2025-01-14 09:55:39] INFO: Iteration 92/100
[28389] [2025-01-14 09:56:11] INFO: ==> Train Set: Acc: 99.00%, Loss: 0.01632607, Best model in epoch 89
[28389] [2025-01-14 09:56:12] INFO: ==> Test Set: Acc: 84.80%, Loss: 0.69633035
[28389] [2025-01-14 09:56:12] INFO: --------------------------------------------
[28389] [2025-01-14 09:56:12] INFO: Iteration 93/100
[28389] [2025-01-14 09:56:45] INFO: ==> Train Set: Acc: 100.00%, Loss: 0.01237759, Best model in epoch 57
[28389] [2025-01-14 09:56:46] INFO: ==> Test Set: Acc: 81.80%, Loss: 0.86137592
[28389] [2025-01-14 09:56:46] INFO: --------------------------------------------
[28389] [2025-01-14 09:56:46] INFO: Iteration 94/100
[28389] [2025-01-14 09:57:19] INFO: ==> Train Set: Acc: 100.00%, Loss: 0.00315881, Best model in epoch 55
[28389] [2025-01-14 09:57:20] INFO: ==> Test Set: Acc: 80.93%, Loss: 0.88557800
[28389] [2025-01-14 09:57:20] INFO: --------------------------------------------
[28389] [2025-01-14 09:57:20] INFO: Iteration 95/100
[28389] [2025-01-14 09:57:53] INFO: ==> Train Set: Acc: 99.33%, Loss: 0.01405554, Best model in epoch 97
[28389] [2025-01-14 09:57:53] INFO: ==> Test Set: Acc: 83.90%, Loss: 0.81712123
[28389] [2025-01-14 09:57:53] INFO: --------------------------------------------
[28389] [2025-01-14 09:57:53] INFO: Iteration 96/100
[28389] [2025-01-14 09:58:26] INFO: ==> Train Set: Acc: 100.00%, Loss: 0.00362714, Best model in epoch 97
[28389] [2025-01-14 09:58:27] INFO: ==> Test Set: Acc: 83.43%, Loss: 0.74380883
[28389] [2025-01-14 09:58:27] INFO: --------------------------------------------
[28389] [2025-01-14 09:58:27] INFO: Iteration 97/100
[28389] [2025-01-14 09:59:00] INFO: ==> Train Set: Acc: 100.00%, Loss: 0.00627087, Best model in epoch 77
[28389] [2025-01-14 09:59:01] INFO: ==> Test Set: Acc: 78.67%, Loss: 0.93810110
[28389] [2025-01-14 09:59:01] INFO: --------------------------------------------
[28389] [2025-01-14 09:59:01] INFO: Iteration 98/100
[28389] [2025-01-14 09:59:34] INFO: ==> Train Set: Acc: 100.00%, Loss: 0.00551340, Best model in epoch 72
[28389] [2025-01-14 09:59:35] INFO: ==> Test Set: Acc: 82.53%, Loss: 0.76883163
[28389] [2025-01-14 09:59:35] INFO: --------------------------------------------
[28389] [2025-01-14 09:59:35] INFO: Iteration 99/100
[28389] [2025-01-14 10:00:09] INFO: ==> Train Set: Acc: 100.00%, Loss: 0.00805001, Best model in epoch 94
[28389] [2025-01-14 10:00:10] INFO: ==> Test Set: Acc: 82.17%, Loss: 0.78346736
[28389] [2025-01-14 10:00:10] INFO: --------------------------------------------
[28389] [2025-01-14 10:00:10] INFO: Iteration 100/100
[28389] [2025-01-14 10:00:44] INFO: ==> Train Set: Acc: 100.00%, Loss: 0.00384529, Best model in epoch 83
[28389] [2025-01-14 10:00:45] INFO: ==> Test Set: Acc: 81.87%, Loss: 0.81553823
