[42229] [2025-01-16 10:39:48] INFO: ==> Running file: /autodl-fs/data/PythonProject/P3MC/downstream_knn.py
[42229] [2025-01-16 10:39:48] INFO: ==> Config: {'exp_name': 'CVTSLANet_KNN_ads-b-20_iq_PT_powerNorm_FT_powerNorm', 'exp_type': 'Downstream_random_rot', 'random_seed': 2024, 'platform': 'linux', 'device': 'cuda', 'iteration': 100, 'epoch': 100, 'dataset': {'name': 'ads-b-20', 'root': '~/Datasets/ADS-B', 'type': 'iq', 'normalize': 'power', 'train_batch_size': 30, 'test_batch_size': 30, 'ratio': 0.2, 'num_classes': 20, 'shot': 15, 'snr': None}, 'encoder': {'name': 'CVTSLANet', 'root': 'models/KANTSLANet2Feature.py', 'feature_dim': 1024, 'pretrain_path': './runs/Pretext_random_rot/CVTSLANet_ads-b_iq_powerNorm/best_encoder.pth', 'TSLA_config': {'seq_len': 4800, 'patch_size': 32, 'num_channels': 2, 'emb_dim': 256, 'depth': 3, 'dropout_rate': 0.3}}, 'classifier': {'name': 'knn', 'root': '', 'in_dim': 1024, 'ratio': 0.2, 'num_classes': 20}, 'optimizer': {'lr': 0.001, 'weight_decay': 0}, 'extra_info': '', 'exp_path': 'runs/Downstream_random_rot/CVTSLANet_KNN_ads-b-20_iq_PT_powerNorm_FT_powerNorm/15Shot/0116_103948', 'save_path': 'runs/Downstream_random_rot/CVTSLANet_KNN_ads-b-20_iq_PT_powerNorm_FT_powerNorm'}
[42229] [2025-01-16 10:39:48] INFO: --------------------------------------------
[42229] [2025-01-16 10:39:48] INFO: Iteration 1/100
[42229] [2025-01-16 10:39:53] INFO: Acc: 89.70%
[42229] [2025-01-16 10:39:53] INFO: --------------------------------------------
[42229] [2025-01-16 10:39:53] INFO: Iteration 2/100
[42229] [2025-01-16 10:39:57] INFO: Acc: 89.20%
[42229] [2025-01-16 10:39:57] INFO: --------------------------------------------
[42229] [2025-01-16 10:39:57] INFO: Iteration 3/100
[42229] [2025-01-16 10:40:00] INFO: Acc: 90.90%
[42229] [2025-01-16 10:40:00] INFO: --------------------------------------------
[42229] [2025-01-16 10:40:00] INFO: Iteration 4/100
[42229] [2025-01-16 10:40:05] INFO: Acc: 88.65%
[42229] [2025-01-16 10:40:05] INFO: --------------------------------------------
[42229] [2025-01-16 10:40:05] INFO: Iteration 5/100
[42229] [2025-01-16 10:40:09] INFO: Acc: 88.10%
[42229] [2025-01-16 10:40:09] INFO: --------------------------------------------
[42229] [2025-01-16 10:40:09] INFO: Iteration 6/100
[42229] [2025-01-16 10:40:13] INFO: Acc: 91.30%
[42229] [2025-01-16 10:40:13] INFO: --------------------------------------------
[42229] [2025-01-16 10:40:13] INFO: Iteration 7/100
[42229] [2025-01-16 10:40:17] INFO: Acc: 90.60%
[42229] [2025-01-16 10:40:17] INFO: --------------------------------------------
[42229] [2025-01-16 10:40:17] INFO: Iteration 8/100
[42229] [2025-01-16 10:40:21] INFO: Acc: 89.75%
[42229] [2025-01-16 10:40:21] INFO: --------------------------------------------
[42229] [2025-01-16 10:40:21] INFO: Iteration 9/100
[42229] [2025-01-16 10:40:25] INFO: Acc: 89.60%
[42229] [2025-01-16 10:40:25] INFO: --------------------------------------------
[42229] [2025-01-16 10:40:25] INFO: Iteration 10/100
[42229] [2025-01-16 10:40:29] INFO: Acc: 87.50%
[42229] [2025-01-16 10:40:29] INFO: --------------------------------------------
[42229] [2025-01-16 10:40:29] INFO: Iteration 11/100
[42229] [2025-01-16 10:40:34] INFO: Acc: 89.75%
[42229] [2025-01-16 10:40:34] INFO: --------------------------------------------
[42229] [2025-01-16 10:40:34] INFO: Iteration 12/100
[42229] [2025-01-16 10:40:38] INFO: Acc: 89.95%
[42229] [2025-01-16 10:40:39] INFO: --------------------------------------------
[42229] [2025-01-16 10:40:39] INFO: Iteration 13/100
[42229] [2025-01-16 10:40:43] INFO: Acc: 90.95%
[42229] [2025-01-16 10:40:43] INFO: --------------------------------------------
[42229] [2025-01-16 10:40:43] INFO: Iteration 14/100
[42229] [2025-01-16 10:40:47] INFO: Acc: 89.20%
[42229] [2025-01-16 10:40:47] INFO: --------------------------------------------
[42229] [2025-01-16 10:40:47] INFO: Iteration 15/100
[42229] [2025-01-16 10:40:51] INFO: Acc: 89.30%
[42229] [2025-01-16 10:40:51] INFO: --------------------------------------------
[42229] [2025-01-16 10:40:51] INFO: Iteration 16/100
[42229] [2025-01-16 10:40:55] INFO: Acc: 88.95%
[42229] [2025-01-16 10:40:55] INFO: --------------------------------------------
[42229] [2025-01-16 10:40:55] INFO: Iteration 17/100
[42229] [2025-01-16 10:40:59] INFO: Acc: 89.15%
[42229] [2025-01-16 10:40:59] INFO: --------------------------------------------
[42229] [2025-01-16 10:40:59] INFO: Iteration 18/100
[42229] [2025-01-16 10:41:03] INFO: Acc: 88.95%
[42229] [2025-01-16 10:41:03] INFO: --------------------------------------------
[42229] [2025-01-16 10:41:03] INFO: Iteration 19/100
[42229] [2025-01-16 10:41:08] INFO: Acc: 91.05%
[42229] [2025-01-16 10:41:08] INFO: --------------------------------------------
[42229] [2025-01-16 10:41:08] INFO: Iteration 20/100
[42229] [2025-01-16 10:41:12] INFO: Acc: 89.30%
[42229] [2025-01-16 10:41:12] INFO: --------------------------------------------
[42229] [2025-01-16 10:41:12] INFO: Iteration 21/100
[42229] [2025-01-16 10:41:16] INFO: Acc: 90.20%
[42229] [2025-01-16 10:41:16] INFO: --------------------------------------------
[42229] [2025-01-16 10:41:16] INFO: Iteration 22/100
[42229] [2025-01-16 10:41:20] INFO: Acc: 89.40%
[42229] [2025-01-16 10:41:20] INFO: --------------------------------------------
[42229] [2025-01-16 10:41:20] INFO: Iteration 23/100
[42229] [2025-01-16 10:41:24] INFO: Acc: 89.20%
[42229] [2025-01-16 10:41:24] INFO: --------------------------------------------
[42229] [2025-01-16 10:41:24] INFO: Iteration 24/100
[42229] [2025-01-16 10:41:28] INFO: Acc: 89.85%
[42229] [2025-01-16 10:41:28] INFO: --------------------------------------------
[42229] [2025-01-16 10:41:28] INFO: Iteration 25/100
[42229] [2025-01-16 10:41:33] INFO: Acc: 91.00%
[42229] [2025-01-16 10:41:33] INFO: --------------------------------------------
[42229] [2025-01-16 10:41:33] INFO: Iteration 26/100
[42229] [2025-01-16 10:41:37] INFO: Acc: 88.95%
[42229] [2025-01-16 10:41:37] INFO: --------------------------------------------
[42229] [2025-01-16 10:41:37] INFO: Iteration 27/100
[42229] [2025-01-16 10:41:41] INFO: Acc: 88.80%
[42229] [2025-01-16 10:41:41] INFO: --------------------------------------------
[42229] [2025-01-16 10:41:41] INFO: Iteration 28/100
[42229] [2025-01-16 10:41:45] INFO: Acc: 88.80%
[42229] [2025-01-16 10:41:45] INFO: --------------------------------------------
[42229] [2025-01-16 10:41:45] INFO: Iteration 29/100
[42229] [2025-01-16 10:41:49] INFO: Acc: 90.15%
[42229] [2025-01-16 10:41:49] INFO: --------------------------------------------
[42229] [2025-01-16 10:41:49] INFO: Iteration 30/100
[42229] [2025-01-16 10:41:53] INFO: Acc: 89.50%
[42229] [2025-01-16 10:41:53] INFO: --------------------------------------------
[42229] [2025-01-16 10:41:53] INFO: Iteration 31/100
[42229] [2025-01-16 10:41:58] INFO: Acc: 89.80%
[42229] [2025-01-16 10:41:58] INFO: --------------------------------------------
[42229] [2025-01-16 10:41:58] INFO: Iteration 32/100
[42229] [2025-01-16 10:42:02] INFO: Acc: 90.75%
[42229] [2025-01-16 10:42:02] INFO: --------------------------------------------
[42229] [2025-01-16 10:42:02] INFO: Iteration 33/100
[42229] [2025-01-16 10:42:06] INFO: Acc: 88.00%
[42229] [2025-01-16 10:42:06] INFO: --------------------------------------------
[42229] [2025-01-16 10:42:06] INFO: Iteration 34/100
[42229] [2025-01-16 10:42:11] INFO: Acc: 88.00%
[42229] [2025-01-16 10:42:11] INFO: --------------------------------------------
[42229] [2025-01-16 10:42:11] INFO: Iteration 35/100
[42229] [2025-01-16 10:42:15] INFO: Acc: 88.25%
[42229] [2025-01-16 10:42:16] INFO: --------------------------------------------
[42229] [2025-01-16 10:42:16] INFO: Iteration 36/100
[42229] [2025-01-16 10:42:21] INFO: Acc: 88.95%
[42229] [2025-01-16 10:42:21] INFO: --------------------------------------------
[42229] [2025-01-16 10:42:21] INFO: Iteration 37/100
[42229] [2025-01-16 10:42:26] INFO: Acc: 90.60%
[42229] [2025-01-16 10:42:26] INFO: --------------------------------------------
[42229] [2025-01-16 10:42:26] INFO: Iteration 38/100
[42229] [2025-01-16 10:42:30] INFO: Acc: 90.00%
[42229] [2025-01-16 10:42:30] INFO: --------------------------------------------
[42229] [2025-01-16 10:42:30] INFO: Iteration 39/100
[42229] [2025-01-16 10:42:34] INFO: Acc: 89.85%
[42229] [2025-01-16 10:42:34] INFO: --------------------------------------------
[42229] [2025-01-16 10:42:34] INFO: Iteration 40/100
[42229] [2025-01-16 10:42:38] INFO: Acc: 87.95%
[42229] [2025-01-16 10:42:38] INFO: --------------------------------------------
[42229] [2025-01-16 10:42:38] INFO: Iteration 41/100
[42229] [2025-01-16 10:42:42] INFO: Acc: 90.25%
[42229] [2025-01-16 10:42:42] INFO: --------------------------------------------
[42229] [2025-01-16 10:42:42] INFO: Iteration 42/100
[42229] [2025-01-16 10:42:47] INFO: Acc: 89.15%
[42229] [2025-01-16 10:42:47] INFO: --------------------------------------------
[42229] [2025-01-16 10:42:47] INFO: Iteration 43/100
[42229] [2025-01-16 10:42:51] INFO: Acc: 89.65%
[42229] [2025-01-16 10:42:51] INFO: --------------------------------------------
[42229] [2025-01-16 10:42:51] INFO: Iteration 44/100
[42229] [2025-01-16 10:42:55] INFO: Acc: 89.40%
[42229] [2025-01-16 10:42:55] INFO: --------------------------------------------
[42229] [2025-01-16 10:42:55] INFO: Iteration 45/100
[42229] [2025-01-16 10:43:00] INFO: Acc: 88.60%
[42229] [2025-01-16 10:43:00] INFO: --------------------------------------------
[42229] [2025-01-16 10:43:00] INFO: Iteration 46/100
[42229] [2025-01-16 10:43:04] INFO: Acc: 90.85%
[42229] [2025-01-16 10:43:04] INFO: --------------------------------------------
[42229] [2025-01-16 10:43:04] INFO: Iteration 47/100
[42229] [2025-01-16 10:43:09] INFO: Acc: 89.65%
[42229] [2025-01-16 10:43:09] INFO: --------------------------------------------
[42229] [2025-01-16 10:43:09] INFO: Iteration 48/100
[42229] [2025-01-16 10:43:13] INFO: Acc: 88.60%
[42229] [2025-01-16 10:43:13] INFO: --------------------------------------------
[42229] [2025-01-16 10:43:13] INFO: Iteration 49/100
[42229] [2025-01-16 10:43:18] INFO: Acc: 90.65%
[42229] [2025-01-16 10:43:18] INFO: --------------------------------------------
[42229] [2025-01-16 10:43:18] INFO: Iteration 50/100
[42229] [2025-01-16 10:43:22] INFO: Acc: 89.00%
[42229] [2025-01-16 10:43:22] INFO: --------------------------------------------
[42229] [2025-01-16 10:43:22] INFO: Iteration 51/100
[42229] [2025-01-16 10:43:26] INFO: Acc: 88.25%
[42229] [2025-01-16 10:43:26] INFO: --------------------------------------------
[42229] [2025-01-16 10:43:26] INFO: Iteration 52/100
[42229] [2025-01-16 10:43:30] INFO: Acc: 88.35%
[42229] [2025-01-16 10:43:30] INFO: --------------------------------------------
[42229] [2025-01-16 10:43:30] INFO: Iteration 53/100
[42229] [2025-01-16 10:43:35] INFO: Acc: 90.10%
[42229] [2025-01-16 10:43:35] INFO: --------------------------------------------
[42229] [2025-01-16 10:43:35] INFO: Iteration 54/100
[42229] [2025-01-16 10:43:39] INFO: Acc: 88.50%
[42229] [2025-01-16 10:43:39] INFO: --------------------------------------------
[42229] [2025-01-16 10:43:39] INFO: Iteration 55/100
[42229] [2025-01-16 10:43:43] INFO: Acc: 90.75%
[42229] [2025-01-16 10:43:43] INFO: --------------------------------------------
[42229] [2025-01-16 10:43:43] INFO: Iteration 56/100
[42229] [2025-01-16 10:43:47] INFO: Acc: 89.55%
[42229] [2025-01-16 10:43:48] INFO: --------------------------------------------
[42229] [2025-01-16 10:43:48] INFO: Iteration 57/100
[42229] [2025-01-16 10:43:52] INFO: Acc: 88.80%
[42229] [2025-01-16 10:43:52] INFO: --------------------------------------------
[42229] [2025-01-16 10:43:52] INFO: Iteration 58/100
[42229] [2025-01-16 10:43:56] INFO: Acc: 89.40%
[42229] [2025-01-16 10:43:56] INFO: --------------------------------------------
[42229] [2025-01-16 10:43:56] INFO: Iteration 59/100
[42229] [2025-01-16 10:44:00] INFO: Acc: 88.95%
[42229] [2025-01-16 10:44:00] INFO: --------------------------------------------
[42229] [2025-01-16 10:44:00] INFO: Iteration 60/100
[42229] [2025-01-16 10:44:04] INFO: Acc: 86.10%
[42229] [2025-01-16 10:44:04] INFO: --------------------------------------------
[42229] [2025-01-16 10:44:04] INFO: Iteration 61/100
[42229] [2025-01-16 10:44:09] INFO: Acc: 90.35%
[42229] [2025-01-16 10:44:09] INFO: --------------------------------------------
[42229] [2025-01-16 10:44:09] INFO: Iteration 62/100
[42229] [2025-01-16 10:44:13] INFO: Acc: 88.75%
[42229] [2025-01-16 10:44:13] INFO: --------------------------------------------
[42229] [2025-01-16 10:44:13] INFO: Iteration 63/100
[42229] [2025-01-16 10:44:18] INFO: Acc: 89.10%
[42229] [2025-01-16 10:44:18] INFO: --------------------------------------------
[42229] [2025-01-16 10:44:18] INFO: Iteration 64/100
[42229] [2025-01-16 10:44:22] INFO: Acc: 90.85%
[42229] [2025-01-16 10:44:22] INFO: --------------------------------------------
[42229] [2025-01-16 10:44:22] INFO: Iteration 65/100
[42229] [2025-01-16 10:44:25] INFO: Acc: 90.30%
[42229] [2025-01-16 10:44:25] INFO: --------------------------------------------
[42229] [2025-01-16 10:44:25] INFO: Iteration 66/100
[42229] [2025-01-16 10:44:29] INFO: Acc: 89.55%
[42229] [2025-01-16 10:44:29] INFO: --------------------------------------------
[42229] [2025-01-16 10:44:29] INFO: Iteration 67/100
[42229] [2025-01-16 10:44:33] INFO: Acc: 90.45%
[42229] [2025-01-16 10:44:33] INFO: --------------------------------------------
[42229] [2025-01-16 10:44:33] INFO: Iteration 68/100
[42229] [2025-01-16 10:44:37] INFO: Acc: 89.55%
[42229] [2025-01-16 10:44:37] INFO: --------------------------------------------
[42229] [2025-01-16 10:44:37] INFO: Iteration 69/100
[42229] [2025-01-16 10:44:42] INFO: Acc: 89.80%
[42229] [2025-01-16 10:44:42] INFO: --------------------------------------------
[42229] [2025-01-16 10:44:42] INFO: Iteration 70/100
[42229] [2025-01-16 10:44:47] INFO: Acc: 91.05%
[42229] [2025-01-16 10:44:47] INFO: --------------------------------------------
[42229] [2025-01-16 10:44:47] INFO: Iteration 71/100
[42229] [2025-01-16 10:44:52] INFO: Acc: 90.60%
[42229] [2025-01-16 10:44:52] INFO: --------------------------------------------
[42229] [2025-01-16 10:44:52] INFO: Iteration 72/100
[42229] [2025-01-16 10:44:56] INFO: Acc: 89.40%
[42229] [2025-01-16 10:44:56] INFO: --------------------------------------------
[42229] [2025-01-16 10:44:56] INFO: Iteration 73/100
[42229] [2025-01-16 10:45:00] INFO: Acc: 89.70%
[42229] [2025-01-16 10:45:00] INFO: --------------------------------------------
[42229] [2025-01-16 10:45:00] INFO: Iteration 74/100
[42229] [2025-01-16 10:45:04] INFO: Acc: 87.30%
[42229] [2025-01-16 10:45:04] INFO: --------------------------------------------
[42229] [2025-01-16 10:45:04] INFO: Iteration 75/100
[42229] [2025-01-16 10:45:08] INFO: Acc: 88.40%
[42229] [2025-01-16 10:45:08] INFO: --------------------------------------------
[42229] [2025-01-16 10:45:08] INFO: Iteration 76/100
[42229] [2025-01-16 10:45:13] INFO: Acc: 90.10%
[42229] [2025-01-16 10:45:13] INFO: --------------------------------------------
[42229] [2025-01-16 10:45:13] INFO: Iteration 77/100
[42229] [2025-01-16 10:45:17] INFO: Acc: 88.80%
[42229] [2025-01-16 10:45:17] INFO: --------------------------------------------
[42229] [2025-01-16 10:45:17] INFO: Iteration 78/100
[42229] [2025-01-16 10:45:21] INFO: Acc: 90.80%
[42229] [2025-01-16 10:45:21] INFO: --------------------------------------------
[42229] [2025-01-16 10:45:21] INFO: Iteration 79/100
[42229] [2025-01-16 10:45:25] INFO: Acc: 87.55%
[42229] [2025-01-16 10:45:25] INFO: --------------------------------------------
[42229] [2025-01-16 10:45:25] INFO: Iteration 80/100
[42229] [2025-01-16 10:45:30] INFO: Acc: 91.10%
[42229] [2025-01-16 10:45:30] INFO: --------------------------------------------
[42229] [2025-01-16 10:45:30] INFO: Iteration 81/100
[42229] [2025-01-16 10:45:35] INFO: Acc: 89.95%
[42229] [2025-01-16 10:45:35] INFO: --------------------------------------------
[42229] [2025-01-16 10:45:35] INFO: Iteration 82/100
[42229] [2025-01-16 10:45:39] INFO: Acc: 90.60%
[42229] [2025-01-16 10:45:39] INFO: --------------------------------------------
[42229] [2025-01-16 10:45:39] INFO: Iteration 83/100
[42229] [2025-01-16 10:45:43] INFO: Acc: 89.80%
[42229] [2025-01-16 10:45:43] INFO: --------------------------------------------
[42229] [2025-01-16 10:45:43] INFO: Iteration 84/100
[42229] [2025-01-16 10:45:47] INFO: Acc: 90.40%
[42229] [2025-01-16 10:45:47] INFO: --------------------------------------------
[42229] [2025-01-16 10:45:47] INFO: Iteration 85/100
[42229] [2025-01-16 10:45:51] INFO: Acc: 91.80%
[42229] [2025-01-16 10:45:51] INFO: --------------------------------------------
[42229] [2025-01-16 10:45:51] INFO: Iteration 86/100
[42229] [2025-01-16 10:45:55] INFO: Acc: 88.65%
[42229] [2025-01-16 10:45:55] INFO: --------------------------------------------
[42229] [2025-01-16 10:45:55] INFO: Iteration 87/100
[42229] [2025-01-16 10:46:00] INFO: Acc: 89.10%
[42229] [2025-01-16 10:46:00] INFO: --------------------------------------------
[42229] [2025-01-16 10:46:00] INFO: Iteration 88/100
[42229] [2025-01-16 10:46:04] INFO: Acc: 90.65%
[42229] [2025-01-16 10:46:04] INFO: --------------------------------------------
[42229] [2025-01-16 10:46:04] INFO: Iteration 89/100
[42229] [2025-01-16 10:46:09] INFO: Acc: 90.40%
[42229] [2025-01-16 10:46:09] INFO: --------------------------------------------
[42229] [2025-01-16 10:46:09] INFO: Iteration 90/100
[42229] [2025-01-16 10:46:13] INFO: Acc: 90.15%
[42229] [2025-01-16 10:46:13] INFO: --------------------------------------------
[42229] [2025-01-16 10:46:13] INFO: Iteration 91/100
[42229] [2025-01-16 10:46:17] INFO: Acc: 90.50%
[42229] [2025-01-16 10:46:17] INFO: --------------------------------------------
[42229] [2025-01-16 10:46:17] INFO: Iteration 92/100
[42229] [2025-01-16 10:46:21] INFO: Acc: 89.20%
[42229] [2025-01-16 10:46:21] INFO: --------------------------------------------
[42229] [2025-01-16 10:46:21] INFO: Iteration 93/100
[42229] [2025-01-16 10:46:25] INFO: Acc: 88.90%
[42229] [2025-01-16 10:46:25] INFO: --------------------------------------------
[42229] [2025-01-16 10:46:25] INFO: Iteration 94/100
[42229] [2025-01-16 10:46:30] INFO: Acc: 89.50%
[42229] [2025-01-16 10:46:30] INFO: --------------------------------------------
[42229] [2025-01-16 10:46:30] INFO: Iteration 95/100
[42229] [2025-01-16 10:46:33] INFO: Acc: 91.35%
[42229] [2025-01-16 10:46:33] INFO: --------------------------------------------
[42229] [2025-01-16 10:46:33] INFO: Iteration 96/100
[42229] [2025-01-16 10:46:37] INFO: Acc: 89.05%
[42229] [2025-01-16 10:46:37] INFO: --------------------------------------------
[42229] [2025-01-16 10:46:37] INFO: Iteration 97/100
[42229] [2025-01-16 10:46:42] INFO: Acc: 90.65%
[42229] [2025-01-16 10:46:42] INFO: --------------------------------------------
[42229] [2025-01-16 10:46:42] INFO: Iteration 98/100
[42229] [2025-01-16 10:46:46] INFO: Acc: 89.35%
[42229] [2025-01-16 10:46:46] INFO: --------------------------------------------
[42229] [2025-01-16 10:46:46] INFO: Iteration 99/100
[42229] [2025-01-16 10:46:50] INFO: Acc: 91.50%
[42229] [2025-01-16 10:46:50] INFO: --------------------------------------------
[42229] [2025-01-16 10:46:50] INFO: Iteration 100/100
[42229] [2025-01-16 10:46:54] INFO: Acc: 90.60%
