[28389] [2025-01-14 08:22:19] INFO: ==> Running file: /autodl-fs/data/PythonProject/P3MC/downstream.py
[28389] [2025-01-14 08:22:19] INFO: ==> Config: {'exp_name': 'CVTSLANet_ads-b_iq_PT_powerNorm_FT_powerNorm', 'exp_type': 'Downstream_random_rot', 'random_seed': 2024, 'platform': 'linux', 'device': 'cuda', 'iteration': 100, 'epoch': 100, 'dataset': {'name': 'ads-b', 'root': '~/Datasets/ADS-B', 'type': 'iq', 'normalize': 'power', 'train_batch_size': 30, 'test_batch_size': 30, 'ratio': 0.2, 'num_classes': 30, 'shot': 5, 'snr': None}, 'encoder': {'name': 'CVTSLANet', 'root': 'models/KANTSLANet2Feature.py', 'feature_dim': 1024, 'pretrain_path': './runs/Pretext_random_rot/CVTSLANet_ads-b_iq_powerNorm/best_encoder.pth', 'TSLA_config': {'seq_len': 4800, 'patch_size': 32, 'num_channels': 2, 'emb_dim': 256, 'depth': 3, 'dropout_rate': 0.3}}, 'classifier': {'name': 'linear', 'root': 'models/LinearClassifier.py', 'in_dim': 1024, 'ratio': 0.2, 'num_classes': 30}, 'optimizer': {'lr': 0.001, 'weight_decay': 0}, 'extra_info': '', 'exp_path': 'runs/Downstream_random_rot/CVTSLANet_ads-b_iq_PT_powerNorm_FT_powerNorm/5Shot/0114_082219', 'save_path': 'runs/Downstream_random_rot/CVTSLANet_ads-b_iq_PT_powerNorm_FT_powerNorm'}
[28389] [2025-01-14 08:22:19] INFO: --------------------------------------------
[28389] [2025-01-14 08:22:19] INFO: Iteration 1/100
[28389] [2025-01-14 08:22:53] INFO: ==> Train Set: Acc: 100.00%, Loss: 0.00364250, Best model in epoch 94
[28389] [2025-01-14 08:22:55] INFO: ==> Test Set: Acc: 75.80%, Loss: 1.01667658
[28389] [2025-01-14 08:22:55] INFO: --------------------------------------------
[28389] [2025-01-14 08:22:55] INFO: Iteration 2/100
[28389] [2025-01-14 08:23:29] INFO: ==> Train Set: Acc: 100.00%, Loss: 0.00421109, Best model in epoch 73
[28389] [2025-01-14 08:23:31] INFO: ==> Test Set: Acc: 75.20%, Loss: 1.00709362
[28389] [2025-01-14 08:23:31] INFO: --------------------------------------------
[28389] [2025-01-14 08:23:31] INFO: Iteration 3/100
[28389] [2025-01-14 08:24:05] INFO: ==> Train Set: Acc: 100.00%, Loss: 0.00420429, Best model in epoch 66
[28389] [2025-01-14 08:24:07] INFO: ==> Test Set: Acc: 76.70%, Loss: 1.06160432
[28389] [2025-01-14 08:24:07] INFO: --------------------------------------------
[28389] [2025-01-14 08:24:07] INFO: Iteration 4/100
[28389] [2025-01-14 08:24:41] INFO: ==> Train Set: Acc: 100.00%, Loss: 0.00469084, Best model in epoch 73
[28389] [2025-01-14 08:24:44] INFO: ==> Test Set: Acc: 74.47%, Loss: 1.03254673
[28389] [2025-01-14 08:24:44] INFO: --------------------------------------------
[28389] [2025-01-14 08:24:44] INFO: Iteration 5/100
[28389] [2025-01-14 08:25:19] INFO: ==> Train Set: Acc: 100.00%, Loss: 0.00395564, Best model in epoch 90
[28389] [2025-01-14 08:25:20] INFO: ==> Test Set: Acc: 75.47%, Loss: 1.05529556
[28389] [2025-01-14 08:25:20] INFO: --------------------------------------------
[28389] [2025-01-14 08:25:20] INFO: Iteration 6/100
[28389] [2025-01-14 08:25:54] INFO: ==> Train Set: Acc: 100.00%, Loss: 0.00214052, Best model in epoch 80
[28389] [2025-01-14 08:25:56] INFO: ==> Test Set: Acc: 70.90%, Loss: 1.30499139
[28389] [2025-01-14 08:25:56] INFO: --------------------------------------------
[28389] [2025-01-14 08:25:56] INFO: Iteration 7/100
[28389] [2025-01-14 08:26:28] INFO: ==> Train Set: Acc: 100.00%, Loss: 0.00787482, Best model in epoch 94
[28389] [2025-01-14 08:26:30] INFO: ==> Test Set: Acc: 75.60%, Loss: 1.11131702
[28389] [2025-01-14 08:26:30] INFO: --------------------------------------------
[28389] [2025-01-14 08:26:30] INFO: Iteration 8/100
[28389] [2025-01-14 08:27:04] INFO: ==> Train Set: Acc: 100.00%, Loss: 0.00514554, Best model in epoch 73
[28389] [2025-01-14 08:27:06] INFO: ==> Test Set: Acc: 74.57%, Loss: 1.16621795
[28389] [2025-01-14 08:27:06] INFO: --------------------------------------------
[28389] [2025-01-14 08:27:06] INFO: Iteration 9/100
[28389] [2025-01-14 08:27:40] INFO: ==> Train Set: Acc: 100.00%, Loss: 0.00368085, Best model in epoch 94
[28389] [2025-01-14 08:27:42] INFO: ==> Test Set: Acc: 78.37%, Loss: 0.86991576
[28389] [2025-01-14 08:27:42] INFO: --------------------------------------------
[28389] [2025-01-14 08:27:42] INFO: Iteration 10/100
[28389] [2025-01-14 08:28:16] INFO: ==> Train Set: Acc: 100.00%, Loss: 0.00233966, Best model in epoch 89
[28389] [2025-01-14 08:28:17] INFO: ==> Test Set: Acc: 73.93%, Loss: 1.15440546
[28389] [2025-01-14 08:28:17] INFO: --------------------------------------------
[28389] [2025-01-14 08:28:17] INFO: Iteration 11/100
[28389] [2025-01-14 08:28:51] INFO: ==> Train Set: Acc: 100.00%, Loss: 0.00255104, Best model in epoch 92
[28389] [2025-01-14 08:28:54] INFO: ==> Test Set: Acc: 76.07%, Loss: 1.02427744
[28389] [2025-01-14 08:28:54] INFO: --------------------------------------------
[28389] [2025-01-14 08:28:54] INFO: Iteration 12/100
[28389] [2025-01-14 08:29:25] INFO: ==> Train Set: Acc: 100.00%, Loss: 0.00886289, Best model in epoch 83
[28389] [2025-01-14 08:29:26] INFO: ==> Test Set: Acc: 69.90%, Loss: 1.24450266
[28389] [2025-01-14 08:29:26] INFO: --------------------------------------------
[28389] [2025-01-14 08:29:26] INFO: Iteration 13/100
[28389] [2025-01-14 08:29:59] INFO: ==> Train Set: Acc: 100.00%, Loss: 0.00464143, Best model in epoch 98
[28389] [2025-01-14 08:30:02] INFO: ==> Test Set: Acc: 77.20%, Loss: 0.93125815
[28389] [2025-01-14 08:30:02] INFO: --------------------------------------------
[28389] [2025-01-14 08:30:02] INFO: Iteration 14/100
[28389] [2025-01-14 08:30:33] INFO: ==> Train Set: Acc: 100.00%, Loss: 0.00854814, Best model in epoch 87
[28389] [2025-01-14 08:30:35] INFO: ==> Test Set: Acc: 75.30%, Loss: 1.14786492
[28389] [2025-01-14 08:30:35] INFO: --------------------------------------------
[28389] [2025-01-14 08:30:35] INFO: Iteration 15/100
[28389] [2025-01-14 08:31:08] INFO: ==> Train Set: Acc: 100.00%, Loss: 0.00378998, Best model in epoch 84
[28389] [2025-01-14 08:31:11] INFO: ==> Test Set: Acc: 72.17%, Loss: 1.29425295
[28389] [2025-01-14 08:31:11] INFO: --------------------------------------------
[28389] [2025-01-14 08:31:11] INFO: Iteration 16/100
[28389] [2025-01-14 08:31:45] INFO: ==> Train Set: Acc: 100.00%, Loss: 0.00688693, Best model in epoch 76
[28389] [2025-01-14 08:31:47] INFO: ==> Test Set: Acc: 76.83%, Loss: 1.04256115
[28389] [2025-01-14 08:31:47] INFO: --------------------------------------------
[28389] [2025-01-14 08:31:47] INFO: Iteration 17/100
[28389] [2025-01-14 08:32:19] INFO: ==> Train Set: Acc: 100.00%, Loss: 0.00460372, Best model in epoch 98
[28389] [2025-01-14 08:32:21] INFO: ==> Test Set: Acc: 77.93%, Loss: 0.88757525
[28389] [2025-01-14 08:32:21] INFO: --------------------------------------------
[28389] [2025-01-14 08:32:21] INFO: Iteration 18/100
[28389] [2025-01-14 08:32:54] INFO: ==> Train Set: Acc: 100.00%, Loss: 0.00663580, Best model in epoch 72
[28389] [2025-01-14 08:32:57] INFO: ==> Test Set: Acc: 76.47%, Loss: 0.93652125
[28389] [2025-01-14 08:32:57] INFO: --------------------------------------------
[28389] [2025-01-14 08:32:57] INFO: Iteration 19/100
[28389] [2025-01-14 08:33:31] INFO: ==> Train Set: Acc: 100.00%, Loss: 0.00403970, Best model in epoch 95
[28389] [2025-01-14 08:33:33] INFO: ==> Test Set: Acc: 74.80%, Loss: 0.95289375
[28389] [2025-01-14 08:33:33] INFO: --------------------------------------------
[28389] [2025-01-14 08:33:33] INFO: Iteration 20/100
[28389] [2025-01-14 08:34:06] INFO: ==> Train Set: Acc: 100.00%, Loss: 0.00756826, Best model in epoch 65
[28389] [2025-01-14 08:34:09] INFO: ==> Test Set: Acc: 74.57%, Loss: 1.06003970
[28389] [2025-01-14 08:34:09] INFO: --------------------------------------------
[28389] [2025-01-14 08:34:09] INFO: Iteration 21/100
[28389] [2025-01-14 08:34:41] INFO: ==> Train Set: Acc: 100.00%, Loss: 0.00322726, Best model in epoch 96
[28389] [2025-01-14 08:34:44] INFO: ==> Test Set: Acc: 76.90%, Loss: 1.07538828
[28389] [2025-01-14 08:34:44] INFO: --------------------------------------------
[28389] [2025-01-14 08:34:44] INFO: Iteration 22/100
[28389] [2025-01-14 08:35:16] INFO: ==> Train Set: Acc: 100.00%, Loss: 0.00577744, Best model in epoch 97
[28389] [2025-01-14 08:35:19] INFO: ==> Test Set: Acc: 80.03%, Loss: 0.86750510
[28389] [2025-01-14 08:35:19] INFO: --------------------------------------------
[28389] [2025-01-14 08:35:19] INFO: Iteration 23/100
[28389] [2025-01-14 08:35:51] INFO: ==> Train Set: Acc: 100.00%, Loss: 0.00512073, Best model in epoch 81
[28389] [2025-01-14 08:35:53] INFO: ==> Test Set: Acc: 74.87%, Loss: 1.24052238
[28389] [2025-01-14 08:35:53] INFO: --------------------------------------------
[28389] [2025-01-14 08:35:53] INFO: Iteration 24/100
[28389] [2025-01-14 08:36:27] INFO: ==> Train Set: Acc: 100.00%, Loss: 0.00530898, Best model in epoch 72
[28389] [2025-01-14 08:36:28] INFO: ==> Test Set: Acc: 75.53%, Loss: 1.27364952
[28389] [2025-01-14 08:36:28] INFO: --------------------------------------------
[28389] [2025-01-14 08:36:28] INFO: Iteration 25/100
[28389] [2025-01-14 08:37:02] INFO: ==> Train Set: Acc: 100.00%, Loss: 0.00399519, Best model in epoch 80
[28389] [2025-01-14 08:37:03] INFO: ==> Test Set: Acc: 77.37%, Loss: 1.04262530
[28389] [2025-01-14 08:37:03] INFO: --------------------------------------------
[28389] [2025-01-14 08:37:03] INFO: Iteration 26/100
[28389] [2025-01-14 08:37:37] INFO: ==> Train Set: Acc: 100.00%, Loss: 0.00310891, Best model in epoch 88
[28389] [2025-01-14 08:37:40] INFO: ==> Test Set: Acc: 75.40%, Loss: 1.19075511
[28389] [2025-01-14 08:37:40] INFO: --------------------------------------------
[28389] [2025-01-14 08:37:40] INFO: Iteration 27/100
[28389] [2025-01-14 08:38:14] INFO: ==> Train Set: Acc: 100.00%, Loss: 0.00301894, Best model in epoch 97
[28389] [2025-01-14 08:38:16] INFO: ==> Test Set: Acc: 75.70%, Loss: 1.02641814
[28389] [2025-01-14 08:38:16] INFO: --------------------------------------------
[28389] [2025-01-14 08:38:16] INFO: Iteration 28/100
[28389] [2025-01-14 08:38:50] INFO: ==> Train Set: Acc: 100.00%, Loss: 0.00449481, Best model in epoch 85
[28389] [2025-01-14 08:38:51] INFO: ==> Test Set: Acc: 73.47%, Loss: 1.18094124
[28389] [2025-01-14 08:38:51] INFO: --------------------------------------------
[28389] [2025-01-14 08:38:51] INFO: Iteration 29/100
[28389] [2025-01-14 08:39:25] INFO: ==> Train Set: Acc: 100.00%, Loss: 0.00382421, Best model in epoch 93
[28389] [2025-01-14 08:39:26] INFO: ==> Test Set: Acc: 74.83%, Loss: 1.09926301
[28389] [2025-01-14 08:39:26] INFO: --------------------------------------------
[28389] [2025-01-14 08:39:26] INFO: Iteration 30/100
[28389] [2025-01-14 08:40:00] INFO: ==> Train Set: Acc: 100.00%, Loss: 0.00671616, Best model in epoch 66
[28389] [2025-01-14 08:40:02] INFO: ==> Test Set: Acc: 77.60%, Loss: 0.88694694
[28389] [2025-01-14 08:40:02] INFO: --------------------------------------------
[28389] [2025-01-14 08:40:02] INFO: Iteration 31/100
[28389] [2025-01-14 08:40:35] INFO: ==> Train Set: Acc: 100.00%, Loss: 0.00368785, Best model in epoch 92
[28389] [2025-01-14 08:40:37] INFO: ==> Test Set: Acc: 74.33%, Loss: 1.17677573
[28389] [2025-01-14 08:40:37] INFO: --------------------------------------------
[28389] [2025-01-14 08:40:37] INFO: Iteration 32/100
[28389] [2025-01-14 08:41:02] INFO: ==> Train Set: Acc: 100.00%, Loss: 0.00589282, Best model in epoch 59
[28389] [2025-01-14 08:41:04] INFO: ==> Test Set: Acc: 75.30%, Loss: 1.13875339
[28389] [2025-01-14 08:41:04] INFO: --------------------------------------------
[28389] [2025-01-14 08:41:04] INFO: Iteration 33/100
[28389] [2025-01-14 08:41:31] INFO: ==> Train Set: Acc: 100.00%, Loss: 0.00323469, Best model in epoch 77
[28389] [2025-01-14 08:41:33] INFO: ==> Test Set: Acc: 71.03%, Loss: 1.35042026
[28389] [2025-01-14 08:41:33] INFO: --------------------------------------------
[28389] [2025-01-14 08:41:33] INFO: Iteration 34/100
[28389] [2025-01-14 08:41:58] INFO: ==> Train Set: Acc: 100.00%, Loss: 0.00604905, Best model in epoch 79
[28389] [2025-01-14 08:42:00] INFO: ==> Test Set: Acc: 73.53%, Loss: 1.13047871
[28389] [2025-01-14 08:42:00] INFO: --------------------------------------------
[28389] [2025-01-14 08:42:00] INFO: Iteration 35/100
[28389] [2025-01-14 08:42:27] INFO: ==> Train Set: Acc: 100.00%, Loss: 0.00130818, Best model in epoch 99
[28389] [2025-01-14 08:42:28] INFO: ==> Test Set: Acc: 81.40%, Loss: 0.79084085
[28389] [2025-01-14 08:42:28] INFO: --------------------------------------------
[28389] [2025-01-14 08:42:28] INFO: Iteration 36/100
[28389] [2025-01-14 08:42:55] INFO: ==> Train Set: Acc: 100.00%, Loss: 0.00415583, Best model in epoch 99
[28389] [2025-01-14 08:42:56] INFO: ==> Test Set: Acc: 78.70%, Loss: 0.94899752
[28389] [2025-01-14 08:42:56] INFO: --------------------------------------------
[28389] [2025-01-14 08:42:56] INFO: Iteration 37/100
[28389] [2025-01-14 08:43:22] INFO: ==> Train Set: Acc: 100.00%, Loss: 0.00519901, Best model in epoch 80
[28389] [2025-01-14 08:43:24] INFO: ==> Test Set: Acc: 75.97%, Loss: 0.96495285
[28389] [2025-01-14 08:43:24] INFO: --------------------------------------------
[28389] [2025-01-14 08:43:24] INFO: Iteration 38/100
[28389] [2025-01-14 08:43:48] INFO: ==> Train Set: Acc: 100.00%, Loss: 0.00758356, Best model in epoch 80
[28389] [2025-01-14 08:43:50] INFO: ==> Test Set: Acc: 78.27%, Loss: 1.03681637
[28389] [2025-01-14 08:43:50] INFO: --------------------------------------------
[28389] [2025-01-14 08:43:50] INFO: Iteration 39/100
[28389] [2025-01-14 08:44:15] INFO: ==> Train Set: Acc: 100.00%, Loss: 0.00645577, Best model in epoch 67
[28389] [2025-01-14 08:44:17] INFO: ==> Test Set: Acc: 72.60%, Loss: 1.15679976
[28389] [2025-01-14 08:44:17] INFO: --------------------------------------------
[28389] [2025-01-14 08:44:17] INFO: Iteration 40/100
[28389] [2025-01-14 08:44:44] INFO: ==> Train Set: Acc: 100.00%, Loss: 0.00390805, Best model in epoch 89
[28389] [2025-01-14 08:44:45] INFO: ==> Test Set: Acc: 74.20%, Loss: 1.07874106
[28389] [2025-01-14 08:44:45] INFO: --------------------------------------------
[28389] [2025-01-14 08:44:45] INFO: Iteration 41/100
[28389] [2025-01-14 08:45:12] INFO: ==> Train Set: Acc: 100.00%, Loss: 0.00549902, Best model in epoch 66
[28389] [2025-01-14 08:45:14] INFO: ==> Test Set: Acc: 77.83%, Loss: 0.92701655
[28389] [2025-01-14 08:45:14] INFO: --------------------------------------------
[28389] [2025-01-14 08:45:14] INFO: Iteration 42/100
[28389] [2025-01-14 08:45:41] INFO: ==> Train Set: Acc: 100.00%, Loss: 0.01027663, Best model in epoch 84
[28389] [2025-01-14 08:45:42] INFO: ==> Test Set: Acc: 76.97%, Loss: 1.00685500
[28389] [2025-01-14 08:45:42] INFO: --------------------------------------------
[28389] [2025-01-14 08:45:42] INFO: Iteration 43/100
[28389] [2025-01-14 08:46:09] INFO: ==> Train Set: Acc: 100.00%, Loss: 0.00261303, Best model in epoch 91
[28389] [2025-01-14 08:46:11] INFO: ==> Test Set: Acc: 76.80%, Loss: 0.89260385
[28389] [2025-01-14 08:46:11] INFO: --------------------------------------------
[28389] [2025-01-14 08:46:11] INFO: Iteration 44/100
[28389] [2025-01-14 08:46:38] INFO: ==> Train Set: Acc: 100.00%, Loss: 0.00488379, Best model in epoch 87
[28389] [2025-01-14 08:46:40] INFO: ==> Test Set: Acc: 74.47%, Loss: 1.09542428
[28389] [2025-01-14 08:46:40] INFO: --------------------------------------------
[28389] [2025-01-14 08:46:40] INFO: Iteration 45/100
[28389] [2025-01-14 08:47:07] INFO: ==> Train Set: Acc: 100.00%, Loss: 0.00207325, Best model in epoch 99
[28389] [2025-01-14 08:47:08] INFO: ==> Test Set: Acc: 71.97%, Loss: 1.27673621
[28389] [2025-01-14 08:47:08] INFO: --------------------------------------------
[28389] [2025-01-14 08:47:08] INFO: Iteration 46/100
[28389] [2025-01-14 08:47:32] INFO: ==> Train Set: Acc: 100.00%, Loss: 0.00814875, Best model in epoch 91
[28389] [2025-01-14 08:47:34] INFO: ==> Test Set: Acc: 77.70%, Loss: 0.88447028
[28389] [2025-01-14 08:47:34] INFO: --------------------------------------------
[28389] [2025-01-14 08:47:34] INFO: Iteration 47/100
[28389] [2025-01-14 08:47:59] INFO: ==> Train Set: Acc: 100.00%, Loss: 0.00274659, Best model in epoch 81
[28389] [2025-01-14 08:48:01] INFO: ==> Test Set: Acc: 75.97%, Loss: 0.98987537
[28389] [2025-01-14 08:48:01] INFO: --------------------------------------------
[28389] [2025-01-14 08:48:01] INFO: Iteration 48/100
[28389] [2025-01-14 08:48:22] INFO: ==> Train Set: Acc: 100.00%, Loss: 0.00915343, Best model in epoch 97
[28389] [2025-01-14 08:48:23] INFO: ==> Test Set: Acc: 77.10%, Loss: 0.89721983
[28389] [2025-01-14 08:48:23] INFO: --------------------------------------------
[28389] [2025-01-14 08:48:23] INFO: Iteration 49/100
[28389] [2025-01-14 08:48:41] INFO: ==> Train Set: Acc: 100.00%, Loss: 0.00675466, Best model in epoch 78
[28389] [2025-01-14 08:48:42] INFO: ==> Test Set: Acc: 75.30%, Loss: 1.31313498
[28389] [2025-01-14 08:48:42] INFO: --------------------------------------------
[28389] [2025-01-14 08:48:42] INFO: Iteration 50/100
[28389] [2025-01-14 08:49:00] INFO: ==> Train Set: Acc: 100.00%, Loss: 0.00186219, Best model in epoch 94
[28389] [2025-01-14 08:49:01] INFO: ==> Test Set: Acc: 77.27%, Loss: 1.05015427
[28389] [2025-01-14 08:49:01] INFO: --------------------------------------------
[28389] [2025-01-14 08:49:01] INFO: Iteration 51/100
[28389] [2025-01-14 08:49:19] INFO: ==> Train Set: Acc: 100.00%, Loss: 0.00310588, Best model in epoch 96
[28389] [2025-01-14 08:49:20] INFO: ==> Test Set: Acc: 79.67%, Loss: 0.88182683
[28389] [2025-01-14 08:49:20] INFO: --------------------------------------------
[28389] [2025-01-14 08:49:20] INFO: Iteration 52/100
[28389] [2025-01-14 08:49:38] INFO: ==> Train Set: Acc: 100.00%, Loss: 0.00469999, Best model in epoch 79
[28389] [2025-01-14 08:49:39] INFO: ==> Test Set: Acc: 74.63%, Loss: 1.11958227
[28389] [2025-01-14 08:49:39] INFO: --------------------------------------------
[28389] [2025-01-14 08:49:39] INFO: Iteration 53/100
[28389] [2025-01-14 08:49:57] INFO: ==> Train Set: Acc: 100.00%, Loss: 0.00202178, Best model in epoch 98
[28389] [2025-01-14 08:49:58] INFO: ==> Test Set: Acc: 78.33%, Loss: 0.87286553
[28389] [2025-01-14 08:49:58] INFO: --------------------------------------------
[28389] [2025-01-14 08:49:58] INFO: Iteration 54/100
[28389] [2025-01-14 08:50:15] INFO: ==> Train Set: Acc: 100.00%, Loss: 0.00385825, Best model in epoch 76
[28389] [2025-01-14 08:50:16] INFO: ==> Test Set: Acc: 77.83%, Loss: 0.94206765
[28389] [2025-01-14 08:50:16] INFO: --------------------------------------------
[28389] [2025-01-14 08:50:16] INFO: Iteration 55/100
[28389] [2025-01-14 08:50:34] INFO: ==> Train Set: Acc: 100.00%, Loss: 0.00387657, Best model in epoch 97
[28389] [2025-01-14 08:50:35] INFO: ==> Test Set: Acc: 77.07%, Loss: 0.97464144
[28389] [2025-01-14 08:50:35] INFO: --------------------------------------------
[28389] [2025-01-14 08:50:35] INFO: Iteration 56/100
[28389] [2025-01-14 08:50:53] INFO: ==> Train Set: Acc: 100.00%, Loss: 0.00763395, Best model in epoch 95
[28389] [2025-01-14 08:50:54] INFO: ==> Test Set: Acc: 76.27%, Loss: 1.01239954
[28389] [2025-01-14 08:50:54] INFO: --------------------------------------------
[28389] [2025-01-14 08:50:54] INFO: Iteration 57/100
[28389] [2025-01-14 08:51:12] INFO: ==> Train Set: Acc: 100.00%, Loss: 0.00885905, Best model in epoch 97
[28389] [2025-01-14 08:51:13] INFO: ==> Test Set: Acc: 78.20%, Loss: 1.03751896
[28389] [2025-01-14 08:51:13] INFO: --------------------------------------------
[28389] [2025-01-14 08:51:13] INFO: Iteration 58/100
[28389] [2025-01-14 08:51:31] INFO: ==> Train Set: Acc: 100.00%, Loss: 0.00587666, Best model in epoch 97
[28389] [2025-01-14 08:51:32] INFO: ==> Test Set: Acc: 76.90%, Loss: 0.88499245
[28389] [2025-01-14 08:51:32] INFO: --------------------------------------------
[28389] [2025-01-14 08:51:32] INFO: Iteration 59/100
[28389] [2025-01-14 08:51:50] INFO: ==> Train Set: Acc: 100.00%, Loss: 0.00833897, Best model in epoch 98
[28389] [2025-01-14 08:51:51] INFO: ==> Test Set: Acc: 71.20%, Loss: 1.27188859
[28389] [2025-01-14 08:51:51] INFO: --------------------------------------------
[28389] [2025-01-14 08:51:51] INFO: Iteration 60/100
[28389] [2025-01-14 08:52:09] INFO: ==> Train Set: Acc: 100.00%, Loss: 0.00408081, Best model in epoch 81
[28389] [2025-01-14 08:52:10] INFO: ==> Test Set: Acc: 77.10%, Loss: 0.91980492
[28389] [2025-01-14 08:52:10] INFO: --------------------------------------------
[28389] [2025-01-14 08:52:10] INFO: Iteration 61/100
[28389] [2025-01-14 08:52:27] INFO: ==> Train Set: Acc: 100.00%, Loss: 0.00804189, Best model in epoch 86
[28389] [2025-01-14 08:52:28] INFO: ==> Test Set: Acc: 72.30%, Loss: 1.38630673
[28389] [2025-01-14 08:52:28] INFO: --------------------------------------------
[28389] [2025-01-14 08:52:28] INFO: Iteration 62/100
[28389] [2025-01-14 08:52:46] INFO: ==> Train Set: Acc: 100.00%, Loss: 0.00529531, Best model in epoch 59
[28389] [2025-01-14 08:52:47] INFO: ==> Test Set: Acc: 75.33%, Loss: 0.98181734
[28389] [2025-01-14 08:52:47] INFO: --------------------------------------------
[28389] [2025-01-14 08:52:47] INFO: Iteration 63/100
[28389] [2025-01-14 08:53:05] INFO: ==> Train Set: Acc: 100.00%, Loss: 0.00765728, Best model in epoch 86
[28389] [2025-01-14 08:53:06] INFO: ==> Test Set: Acc: 79.90%, Loss: 0.86984714
[28389] [2025-01-14 08:53:06] INFO: --------------------------------------------
[28389] [2025-01-14 08:53:06] INFO: Iteration 64/100
[28389] [2025-01-14 08:53:24] INFO: ==> Train Set: Acc: 100.00%, Loss: 0.00424950, Best model in epoch 93
[28389] [2025-01-14 08:53:25] INFO: ==> Test Set: Acc: 73.63%, Loss: 1.38551366
[28389] [2025-01-14 08:53:25] INFO: --------------------------------------------
[28389] [2025-01-14 08:53:25] INFO: Iteration 65/100
[28389] [2025-01-14 08:53:43] INFO: ==> Train Set: Acc: 100.00%, Loss: 0.00351198, Best model in epoch 97
[28389] [2025-01-14 08:53:44] INFO: ==> Test Set: Acc: 78.00%, Loss: 0.95640534
[28389] [2025-01-14 08:53:44] INFO: --------------------------------------------
[28389] [2025-01-14 08:53:44] INFO: Iteration 66/100
[28389] [2025-01-14 08:54:02] INFO: ==> Train Set: Acc: 100.00%, Loss: 0.00331458, Best model in epoch 79
[28389] [2025-01-14 08:54:02] INFO: ==> Test Set: Acc: 75.43%, Loss: 1.08241424
[28389] [2025-01-14 08:54:03] INFO: --------------------------------------------
[28389] [2025-01-14 08:54:03] INFO: Iteration 67/100
[28389] [2025-01-14 08:54:20] INFO: ==> Train Set: Acc: 100.00%, Loss: 0.00434509, Best model in epoch 87
[28389] [2025-01-14 08:54:21] INFO: ==> Test Set: Acc: 72.43%, Loss: 1.29770923
[28389] [2025-01-14 08:54:21] INFO: --------------------------------------------
[28389] [2025-01-14 08:54:21] INFO: Iteration 68/100
[28389] [2025-01-14 08:54:39] INFO: ==> Train Set: Acc: 100.00%, Loss: 0.00198055, Best model in epoch 93
[28389] [2025-01-14 08:54:40] INFO: ==> Test Set: Acc: 77.17%, Loss: 0.95361729
[28389] [2025-01-14 08:54:40] INFO: --------------------------------------------
[28389] [2025-01-14 08:54:40] INFO: Iteration 69/100
[28389] [2025-01-14 08:54:58] INFO: ==> Train Set: Acc: 100.00%, Loss: 0.00310678, Best model in epoch 98
[28389] [2025-01-14 08:54:59] INFO: ==> Test Set: Acc: 76.43%, Loss: 0.99049403
[28389] [2025-01-14 08:54:59] INFO: --------------------------------------------
[28389] [2025-01-14 08:54:59] INFO: Iteration 70/100
[28389] [2025-01-14 08:55:17] INFO: ==> Train Set: Acc: 100.00%, Loss: 0.00599881, Best model in epoch 87
[28389] [2025-01-14 08:55:18] INFO: ==> Test Set: Acc: 76.17%, Loss: 1.03684141
[28389] [2025-01-14 08:55:18] INFO: --------------------------------------------
[28389] [2025-01-14 08:55:18] INFO: Iteration 71/100
[28389] [2025-01-14 08:55:36] INFO: ==> Train Set: Acc: 100.00%, Loss: 0.00737447, Best model in epoch 99
[28389] [2025-01-14 08:55:37] INFO: ==> Test Set: Acc: 76.40%, Loss: 1.19054481
[28389] [2025-01-14 08:55:37] INFO: --------------------------------------------
[28389] [2025-01-14 08:55:37] INFO: Iteration 72/100
[28389] [2025-01-14 08:55:55] INFO: ==> Train Set: Acc: 100.00%, Loss: 0.00319527, Best model in epoch 95
[28389] [2025-01-14 08:55:56] INFO: ==> Test Set: Acc: 75.60%, Loss: 1.12690292
[28389] [2025-01-14 08:55:56] INFO: --------------------------------------------
[28389] [2025-01-14 08:55:56] INFO: Iteration 73/100
[28389] [2025-01-14 08:56:14] INFO: ==> Train Set: Acc: 100.00%, Loss: 0.00416103, Best model in epoch 98
[28389] [2025-01-14 08:56:15] INFO: ==> Test Set: Acc: 77.23%, Loss: 0.94350783
[28389] [2025-01-14 08:56:15] INFO: --------------------------------------------
[28389] [2025-01-14 08:56:15] INFO: Iteration 74/100
[28389] [2025-01-14 08:56:32] INFO: ==> Train Set: Acc: 100.00%, Loss: 0.00308550, Best model in epoch 99
[28389] [2025-01-14 08:56:33] INFO: ==> Test Set: Acc: 74.97%, Loss: 1.00589020
[28389] [2025-01-14 08:56:33] INFO: --------------------------------------------
[28389] [2025-01-14 08:56:33] INFO: Iteration 75/100
[28389] [2025-01-14 08:56:52] INFO: ==> Train Set: Acc: 100.00%, Loss: 0.00303205, Best model in epoch 88
[28389] [2025-01-14 08:56:52] INFO: ==> Test Set: Acc: 75.20%, Loss: 1.20422345
[28389] [2025-01-14 08:56:53] INFO: --------------------------------------------
[28389] [2025-01-14 08:56:53] INFO: Iteration 76/100
[28389] [2025-01-14 08:57:10] INFO: ==> Train Set: Acc: 100.00%, Loss: 0.00413646, Best model in epoch 93
[28389] [2025-01-14 08:57:11] INFO: ==> Test Set: Acc: 75.90%, Loss: 1.18280030
[28389] [2025-01-14 08:57:11] INFO: --------------------------------------------
[28389] [2025-01-14 08:57:11] INFO: Iteration 77/100
[28389] [2025-01-14 08:57:29] INFO: ==> Train Set: Acc: 100.00%, Loss: 0.00339452, Best model in epoch 80
[28389] [2025-01-14 08:57:30] INFO: ==> Test Set: Acc: 77.20%, Loss: 1.08205068
[28389] [2025-01-14 08:57:30] INFO: --------------------------------------------
[28389] [2025-01-14 08:57:30] INFO: Iteration 78/100
[28389] [2025-01-14 08:57:48] INFO: ==> Train Set: Acc: 100.00%, Loss: 0.00650714, Best model in epoch 83
[28389] [2025-01-14 08:57:49] INFO: ==> Test Set: Acc: 77.63%, Loss: 1.03280153
[28389] [2025-01-14 08:57:49] INFO: --------------------------------------------
[28389] [2025-01-14 08:57:49] INFO: Iteration 79/100
[28389] [2025-01-14 08:58:07] INFO: ==> Train Set: Acc: 100.00%, Loss: 0.00674047, Best model in epoch 58
[28389] [2025-01-14 08:58:08] INFO: ==> Test Set: Acc: 77.10%, Loss: 1.02257403
[28389] [2025-01-14 08:58:08] INFO: --------------------------------------------
[28389] [2025-01-14 08:58:08] INFO: Iteration 80/100
[28389] [2025-01-14 08:58:26] INFO: ==> Train Set: Acc: 100.00%, Loss: 0.00635780, Best model in epoch 86
[28389] [2025-01-14 08:58:26] INFO: ==> Test Set: Acc: 78.13%, Loss: 0.95227165
[28389] [2025-01-14 08:58:26] INFO: --------------------------------------------
[28389] [2025-01-14 08:58:26] INFO: Iteration 81/100
[28389] [2025-01-14 08:58:45] INFO: ==> Train Set: Acc: 100.00%, Loss: 0.00649613, Best model in epoch 59
[28389] [2025-01-14 08:58:46] INFO: ==> Test Set: Acc: 74.30%, Loss: 1.12394274
[28389] [2025-01-14 08:58:46] INFO: --------------------------------------------
[28389] [2025-01-14 08:58:46] INFO: Iteration 82/100
[28389] [2025-01-14 08:59:04] INFO: ==> Train Set: Acc: 100.00%, Loss: 0.00492477, Best model in epoch 78
[28389] [2025-01-14 08:59:05] INFO: ==> Test Set: Acc: 74.83%, Loss: 1.13336259
[28389] [2025-01-14 08:59:05] INFO: --------------------------------------------
[28389] [2025-01-14 08:59:05] INFO: Iteration 83/100
[28389] [2025-01-14 08:59:23] INFO: ==> Train Set: Acc: 100.00%, Loss: 0.00461265, Best model in epoch 88
[28389] [2025-01-14 08:59:24] INFO: ==> Test Set: Acc: 73.40%, Loss: 0.99509467
[28389] [2025-01-14 08:59:24] INFO: --------------------------------------------
[28389] [2025-01-14 08:59:24] INFO: Iteration 84/100
[28389] [2025-01-14 08:59:41] INFO: ==> Train Set: Acc: 100.00%, Loss: 0.00317691, Best model in epoch 91
[28389] [2025-01-14 08:59:42] INFO: ==> Test Set: Acc: 76.73%, Loss: 0.95321153
[28389] [2025-01-14 08:59:42] INFO: --------------------------------------------
[28389] [2025-01-14 08:59:42] INFO: Iteration 85/100
[28389] [2025-01-14 09:00:00] INFO: ==> Train Set: Acc: 100.00%, Loss: 0.00469105, Best model in epoch 57
[28389] [2025-01-14 09:00:01] INFO: ==> Test Set: Acc: 74.00%, Loss: 1.07847812
[28389] [2025-01-14 09:00:01] INFO: --------------------------------------------
[28389] [2025-01-14 09:00:01] INFO: Iteration 86/100
[28389] [2025-01-14 09:00:19] INFO: ==> Train Set: Acc: 100.00%, Loss: 0.00629334, Best model in epoch 82
[28389] [2025-01-14 09:00:20] INFO: ==> Test Set: Acc: 77.40%, Loss: 0.88473620
[28389] [2025-01-14 09:00:20] INFO: --------------------------------------------
[28389] [2025-01-14 09:00:20] INFO: Iteration 87/100
[28389] [2025-01-14 09:00:38] INFO: ==> Train Set: Acc: 100.00%, Loss: 0.00504494, Best model in epoch 88
[28389] [2025-01-14 09:00:38] INFO: ==> Test Set: Acc: 72.33%, Loss: 1.13790769
[28389] [2025-01-14 09:00:38] INFO: --------------------------------------------
[28389] [2025-01-14 09:00:38] INFO: Iteration 88/100
[28389] [2025-01-14 09:00:56] INFO: ==> Train Set: Acc: 100.00%, Loss: 0.00642213, Best model in epoch 98
[28389] [2025-01-14 09:00:57] INFO: ==> Test Set: Acc: 78.63%, Loss: 0.87120142
[28389] [2025-01-14 09:00:57] INFO: --------------------------------------------
[28389] [2025-01-14 09:00:57] INFO: Iteration 89/100
[28389] [2025-01-14 09:01:15] INFO: ==> Train Set: Acc: 100.00%, Loss: 0.00448920, Best model in epoch 87
[28389] [2025-01-14 09:01:16] INFO: ==> Test Set: Acc: 71.57%, Loss: 1.20013466
[28389] [2025-01-14 09:01:16] INFO: --------------------------------------------
[28389] [2025-01-14 09:01:16] INFO: Iteration 90/100
[28389] [2025-01-14 09:01:34] INFO: ==> Train Set: Acc: 100.00%, Loss: 0.00418084, Best model in epoch 76
[28389] [2025-01-14 09:01:35] INFO: ==> Test Set: Acc: 78.03%, Loss: 0.91538648
[28389] [2025-01-14 09:01:35] INFO: --------------------------------------------
[28389] [2025-01-14 09:01:35] INFO: Iteration 91/100
[28389] [2025-01-14 09:01:53] INFO: ==> Train Set: Acc: 100.00%, Loss: 0.00506061, Best model in epoch 92
[28389] [2025-01-14 09:01:53] INFO: ==> Test Set: Acc: 78.77%, Loss: 0.82038239
[28389] [2025-01-14 09:01:54] INFO: --------------------------------------------
[28389] [2025-01-14 09:01:54] INFO: Iteration 92/100
[28389] [2025-01-14 09:02:11] INFO: ==> Train Set: Acc: 100.00%, Loss: 0.00425449, Best model in epoch 94
[28389] [2025-01-14 09:02:12] INFO: ==> Test Set: Acc: 77.13%, Loss: 1.01184411
[28389] [2025-01-14 09:02:12] INFO: --------------------------------------------
[28389] [2025-01-14 09:02:12] INFO: Iteration 93/100
[28389] [2025-01-14 09:02:30] INFO: ==> Train Set: Acc: 100.00%, Loss: 0.00750345, Best model in epoch 72
[28389] [2025-01-14 09:02:31] INFO: ==> Test Set: Acc: 72.87%, Loss: 1.12941954
[28389] [2025-01-14 09:02:31] INFO: --------------------------------------------
[28389] [2025-01-14 09:02:31] INFO: Iteration 94/100
[28389] [2025-01-14 09:02:48] INFO: ==> Train Set: Acc: 100.00%, Loss: 0.00540993, Best model in epoch 90
[28389] [2025-01-14 09:02:49] INFO: ==> Test Set: Acc: 73.47%, Loss: 1.33654774
[28389] [2025-01-14 09:02:49] INFO: --------------------------------------------
[28389] [2025-01-14 09:02:49] INFO: Iteration 95/100
[28389] [2025-01-14 09:03:07] INFO: ==> Train Set: Acc: 100.00%, Loss: 0.00692909, Best model in epoch 64
[28389] [2025-01-14 09:03:08] INFO: ==> Test Set: Acc: 74.33%, Loss: 1.02308811
[28389] [2025-01-14 09:03:08] INFO: --------------------------------------------
[28389] [2025-01-14 09:03:08] INFO: Iteration 96/100
[28389] [2025-01-14 09:03:26] INFO: ==> Train Set: Acc: 100.00%, Loss: 0.00567986, Best model in epoch 98
[28389] [2025-01-14 09:03:27] INFO: ==> Test Set: Acc: 73.03%, Loss: 1.19987348
[28389] [2025-01-14 09:03:27] INFO: --------------------------------------------
[28389] [2025-01-14 09:03:27] INFO: Iteration 97/100
[28389] [2025-01-14 09:03:44] INFO: ==> Train Set: Acc: 100.00%, Loss: 0.00624760, Best model in epoch 93
[28389] [2025-01-14 09:03:45] INFO: ==> Test Set: Acc: 72.70%, Loss: 1.18090255
[28389] [2025-01-14 09:03:45] INFO: --------------------------------------------
[28389] [2025-01-14 09:03:45] INFO: Iteration 98/100
[28389] [2025-01-14 09:04:03] INFO: ==> Train Set: Acc: 100.00%, Loss: 0.00884917, Best model in epoch 80
[28389] [2025-01-14 09:04:04] INFO: ==> Test Set: Acc: 74.00%, Loss: 1.12529345
[28389] [2025-01-14 09:04:04] INFO: --------------------------------------------
[28389] [2025-01-14 09:04:04] INFO: Iteration 99/100
[28389] [2025-01-14 09:04:22] INFO: ==> Train Set: Acc: 100.00%, Loss: 0.00177657, Best model in epoch 99
[28389] [2025-01-14 09:04:23] INFO: ==> Test Set: Acc: 77.07%, Loss: 1.05467089
[28389] [2025-01-14 09:04:23] INFO: --------------------------------------------
[28389] [2025-01-14 09:04:23] INFO: Iteration 100/100
[28389] [2025-01-14 09:04:41] INFO: ==> Train Set: Acc: 100.00%, Loss: 0.00412144, Best model in epoch 93
[28389] [2025-01-14 09:04:41] INFO: ==> Test Set: Acc: 72.07%, Loss: 1.40875242
