[2190] [2025-01-16 10:17:55] INFO: ==> Running file: /autodl-fs/data/PythonProject/P3MC/downstream_lr.py
[2190] [2025-01-16 10:17:55] INFO: ==> Config: {'exp_name': 'CVTSLANet_LR_ads-b-20_iq_PT_powerNorm_FT_powerNorm', 'exp_type': 'Downstream_random_rot', 'random_seed': 2024, 'platform': 'linux', 'device': 'cuda', 'iteration': 100, 'epoch': 100, 'dataset': {'name': 'ads-b-20', 'root': '~/Datasets/ADS-B', 'type': 'iq', 'normalize': 'power', 'train_batch_size': 30, 'test_batch_size': 30, 'ratio': 0.2, 'num_classes': 20, 'shot': 5, 'snr': None}, 'encoder': {'name': 'CVTSLANet', 'root': 'models/KANTSLANet2Feature.py', 'feature_dim': 1024, 'pretrain_path': './runs/Pretext_random_rot/CVTSLANet_ads-b_iq_powerNorm/best_encoder.pth', 'TSLA_config': {'seq_len': 4800, 'patch_size': 32, 'num_channels': 2, 'emb_dim': 256, 'depth': 3, 'dropout_rate': 0.3}}, 'classifier': {'name': 'lr', 'root': '', 'in_dim': 1024, 'ratio': 0.2, 'num_classes': 20}, 'optimizer': {'lr': 0.001, 'weight_decay': 0}, 'extra_info': '', 'exp_path': 'runs/Downstream_random_rot/CVTSLANet_LR_ads-b-20_iq_PT_powerNorm_FT_powerNorm/5Shot/0116_101755', 'save_path': 'runs/Downstream_random_rot/CVTSLANet_LR_ads-b-20_iq_PT_powerNorm_FT_powerNorm'}
[2190] [2025-01-16 10:17:55] INFO: --------------------------------------------
[2190] [2025-01-16 10:17:55] INFO: Iteration 1/100
[2190] [2025-01-16 10:18:00] INFO: Acc: 88.75%
[2190] [2025-01-16 10:18:00] INFO: --------------------------------------------
[2190] [2025-01-16 10:18:00] INFO: Iteration 2/100
[2190] [2025-01-16 10:18:06] INFO: Acc: 85.00%
[2190] [2025-01-16 10:18:06] INFO: --------------------------------------------
[2190] [2025-01-16 10:18:06] INFO: Iteration 3/100
[2190] [2025-01-16 10:18:11] INFO: Acc: 84.15%
[2190] [2025-01-16 10:18:11] INFO: --------------------------------------------
[2190] [2025-01-16 10:18:11] INFO: Iteration 4/100
[2190] [2025-01-16 10:18:17] INFO: Acc: 85.55%
[2190] [2025-01-16 10:18:17] INFO: --------------------------------------------
[2190] [2025-01-16 10:18:17] INFO: Iteration 5/100
[2190] [2025-01-16 10:18:22] INFO: Acc: 85.45%
[2190] [2025-01-16 10:18:22] INFO: --------------------------------------------
[2190] [2025-01-16 10:18:22] INFO: Iteration 6/100
[2190] [2025-01-16 10:18:27] INFO: Acc: 86.25%
[2190] [2025-01-16 10:18:27] INFO: --------------------------------------------
[2190] [2025-01-16 10:18:27] INFO: Iteration 7/100
[2190] [2025-01-16 10:18:32] INFO: Acc: 85.75%
[2190] [2025-01-16 10:18:32] INFO: --------------------------------------------
[2190] [2025-01-16 10:18:32] INFO: Iteration 8/100
[2190] [2025-01-16 10:18:38] INFO: Acc: 85.50%
[2190] [2025-01-16 10:18:38] INFO: --------------------------------------------
[2190] [2025-01-16 10:18:38] INFO: Iteration 9/100
[2190] [2025-01-16 10:18:43] INFO: Acc: 89.05%
[2190] [2025-01-16 10:18:43] INFO: --------------------------------------------
[2190] [2025-01-16 10:18:43] INFO: Iteration 10/100
[2190] [2025-01-16 10:18:48] INFO: Acc: 89.70%
[2190] [2025-01-16 10:18:48] INFO: --------------------------------------------
[2190] [2025-01-16 10:18:48] INFO: Iteration 11/100
[2190] [2025-01-16 10:18:54] INFO: Acc: 86.35%
[2190] [2025-01-16 10:18:54] INFO: --------------------------------------------
[2190] [2025-01-16 10:18:54] INFO: Iteration 12/100
[2190] [2025-01-16 10:18:59] INFO: Acc: 86.10%
[2190] [2025-01-16 10:18:59] INFO: --------------------------------------------
[2190] [2025-01-16 10:18:59] INFO: Iteration 13/100
[2190] [2025-01-16 10:19:04] INFO: Acc: 88.55%
[2190] [2025-01-16 10:19:04] INFO: --------------------------------------------
[2190] [2025-01-16 10:19:04] INFO: Iteration 14/100
[2190] [2025-01-16 10:19:10] INFO: Acc: 87.10%
[2190] [2025-01-16 10:19:10] INFO: --------------------------------------------
[2190] [2025-01-16 10:19:10] INFO: Iteration 15/100
[2190] [2025-01-16 10:19:15] INFO: Acc: 89.70%
[2190] [2025-01-16 10:19:16] INFO: --------------------------------------------
[2190] [2025-01-16 10:19:16] INFO: Iteration 16/100
[2190] [2025-01-16 10:19:21] INFO: Acc: 88.20%
[2190] [2025-01-16 10:19:21] INFO: --------------------------------------------
[2190] [2025-01-16 10:19:21] INFO: Iteration 17/100
[2190] [2025-01-16 10:19:26] INFO: Acc: 83.90%
[2190] [2025-01-16 10:19:26] INFO: --------------------------------------------
[2190] [2025-01-16 10:19:26] INFO: Iteration 18/100
[2190] [2025-01-16 10:19:32] INFO: Acc: 84.45%
[2190] [2025-01-16 10:19:32] INFO: --------------------------------------------
[2190] [2025-01-16 10:19:32] INFO: Iteration 19/100
[2190] [2025-01-16 10:19:37] INFO: Acc: 87.25%
[2190] [2025-01-16 10:19:37] INFO: --------------------------------------------
[2190] [2025-01-16 10:19:37] INFO: Iteration 20/100
[2190] [2025-01-16 10:19:42] INFO: Acc: 87.05%
[2190] [2025-01-16 10:19:42] INFO: --------------------------------------------
[2190] [2025-01-16 10:19:42] INFO: Iteration 21/100
[2190] [2025-01-16 10:19:48] INFO: Acc: 88.45%
[2190] [2025-01-16 10:19:48] INFO: --------------------------------------------
[2190] [2025-01-16 10:19:48] INFO: Iteration 22/100
[2190] [2025-01-16 10:19:53] INFO: Acc: 88.15%
[2190] [2025-01-16 10:19:53] INFO: --------------------------------------------
[2190] [2025-01-16 10:19:53] INFO: Iteration 23/100
[2190] [2025-01-16 10:19:58] INFO: Acc: 87.85%
[2190] [2025-01-16 10:19:58] INFO: --------------------------------------------
[2190] [2025-01-16 10:19:58] INFO: Iteration 24/100
[2190] [2025-01-16 10:20:04] INFO: Acc: 85.60%
[2190] [2025-01-16 10:20:04] INFO: --------------------------------------------
[2190] [2025-01-16 10:20:04] INFO: Iteration 25/100
[2190] [2025-01-16 10:20:09] INFO: Acc: 84.90%
[2190] [2025-01-16 10:20:09] INFO: --------------------------------------------
[2190] [2025-01-16 10:20:09] INFO: Iteration 26/100
[2190] [2025-01-16 10:20:14] INFO: Acc: 81.80%
[2190] [2025-01-16 10:20:14] INFO: --------------------------------------------
[2190] [2025-01-16 10:20:14] INFO: Iteration 27/100
[2190] [2025-01-16 10:20:19] INFO: Acc: 87.05%
[2190] [2025-01-16 10:20:19] INFO: --------------------------------------------
[2190] [2025-01-16 10:20:19] INFO: Iteration 28/100
[2190] [2025-01-16 10:20:24] INFO: Acc: 85.35%
[2190] [2025-01-16 10:20:24] INFO: --------------------------------------------
[2190] [2025-01-16 10:20:24] INFO: Iteration 29/100
[2190] [2025-01-16 10:20:30] INFO: Acc: 85.80%
[2190] [2025-01-16 10:20:30] INFO: --------------------------------------------
[2190] [2025-01-16 10:20:30] INFO: Iteration 30/100
[2190] [2025-01-16 10:20:35] INFO: Acc: 89.00%
[2190] [2025-01-16 10:20:35] INFO: --------------------------------------------
[2190] [2025-01-16 10:20:35] INFO: Iteration 31/100
[2190] [2025-01-16 10:20:41] INFO: Acc: 84.20%
[2190] [2025-01-16 10:20:41] INFO: --------------------------------------------
[2190] [2025-01-16 10:20:41] INFO: Iteration 32/100
[2190] [2025-01-16 10:20:46] INFO: Acc: 87.55%
[2190] [2025-01-16 10:20:46] INFO: --------------------------------------------
[2190] [2025-01-16 10:20:46] INFO: Iteration 33/100
[2190] [2025-01-16 10:20:52] INFO: Acc: 87.45%
[2190] [2025-01-16 10:20:52] INFO: --------------------------------------------
[2190] [2025-01-16 10:20:52] INFO: Iteration 34/100
[2190] [2025-01-16 10:20:57] INFO: Acc: 83.70%
[2190] [2025-01-16 10:20:57] INFO: --------------------------------------------
[2190] [2025-01-16 10:20:57] INFO: Iteration 35/100
[2190] [2025-01-16 10:21:02] INFO: Acc: 87.70%
[2190] [2025-01-16 10:21:02] INFO: --------------------------------------------
[2190] [2025-01-16 10:21:02] INFO: Iteration 36/100
[2190] [2025-01-16 10:21:07] INFO: Acc: 86.20%
[2190] [2025-01-16 10:21:07] INFO: --------------------------------------------
[2190] [2025-01-16 10:21:07] INFO: Iteration 37/100
[2190] [2025-01-16 10:21:13] INFO: Acc: 87.75%
[2190] [2025-01-16 10:21:13] INFO: --------------------------------------------
[2190] [2025-01-16 10:21:13] INFO: Iteration 38/100
[2190] [2025-01-16 10:21:19] INFO: Acc: 87.75%
[2190] [2025-01-16 10:21:19] INFO: --------------------------------------------
[2190] [2025-01-16 10:21:19] INFO: Iteration 39/100
[2190] [2025-01-16 10:21:24] INFO: Acc: 87.15%
[2190] [2025-01-16 10:21:24] INFO: --------------------------------------------
[2190] [2025-01-16 10:21:24] INFO: Iteration 40/100
[2190] [2025-01-16 10:21:29] INFO: Acc: 86.40%
[2190] [2025-01-16 10:21:30] INFO: --------------------------------------------
[2190] [2025-01-16 10:21:30] INFO: Iteration 41/100
[2190] [2025-01-16 10:21:35] INFO: Acc: 87.30%
[2190] [2025-01-16 10:21:35] INFO: --------------------------------------------
[2190] [2025-01-16 10:21:35] INFO: Iteration 42/100
[2190] [2025-01-16 10:21:40] INFO: Acc: 86.40%
[2190] [2025-01-16 10:21:40] INFO: --------------------------------------------
[2190] [2025-01-16 10:21:40] INFO: Iteration 43/100
[2190] [2025-01-16 10:21:46] INFO: Acc: 90.30%
[2190] [2025-01-16 10:21:46] INFO: --------------------------------------------
[2190] [2025-01-16 10:21:46] INFO: Iteration 44/100
[2190] [2025-01-16 10:21:51] INFO: Acc: 87.15%
[2190] [2025-01-16 10:21:51] INFO: --------------------------------------------
[2190] [2025-01-16 10:21:51] INFO: Iteration 45/100
[2190] [2025-01-16 10:21:56] INFO: Acc: 87.05%
[2190] [2025-01-16 10:21:56] INFO: --------------------------------------------
[2190] [2025-01-16 10:21:56] INFO: Iteration 46/100
[2190] [2025-01-16 10:22:01] INFO: Acc: 86.70%
[2190] [2025-01-16 10:22:01] INFO: --------------------------------------------
[2190] [2025-01-16 10:22:01] INFO: Iteration 47/100
[2190] [2025-01-16 10:22:07] INFO: Acc: 87.20%
[2190] [2025-01-16 10:22:07] INFO: --------------------------------------------
[2190] [2025-01-16 10:22:07] INFO: Iteration 48/100
[2190] [2025-01-16 10:22:12] INFO: Acc: 87.90%
[2190] [2025-01-16 10:22:12] INFO: --------------------------------------------
[2190] [2025-01-16 10:22:12] INFO: Iteration 49/100
[2190] [2025-01-16 10:22:18] INFO: Acc: 86.85%
[2190] [2025-01-16 10:22:18] INFO: --------------------------------------------
[2190] [2025-01-16 10:22:18] INFO: Iteration 50/100
[2190] [2025-01-16 10:22:23] INFO: Acc: 86.85%
[2190] [2025-01-16 10:22:24] INFO: --------------------------------------------
[2190] [2025-01-16 10:22:24] INFO: Iteration 51/100
[2190] [2025-01-16 10:22:29] INFO: Acc: 83.35%
[2190] [2025-01-16 10:22:29] INFO: --------------------------------------------
[2190] [2025-01-16 10:22:29] INFO: Iteration 52/100
[2190] [2025-01-16 10:22:34] INFO: Acc: 86.90%
[2190] [2025-01-16 10:22:34] INFO: --------------------------------------------
[2190] [2025-01-16 10:22:34] INFO: Iteration 53/100
[2190] [2025-01-16 10:22:39] INFO: Acc: 88.95%
[2190] [2025-01-16 10:22:39] INFO: --------------------------------------------
[2190] [2025-01-16 10:22:39] INFO: Iteration 54/100
[2190] [2025-01-16 10:22:45] INFO: Acc: 87.20%
[2190] [2025-01-16 10:22:45] INFO: --------------------------------------------
[2190] [2025-01-16 10:22:45] INFO: Iteration 55/100
[2190] [2025-01-16 10:22:50] INFO: Acc: 86.30%
[2190] [2025-01-16 10:22:50] INFO: --------------------------------------------
[2190] [2025-01-16 10:22:50] INFO: Iteration 56/100
[2190] [2025-01-16 10:22:56] INFO: Acc: 83.65%
[2190] [2025-01-16 10:22:56] INFO: --------------------------------------------
[2190] [2025-01-16 10:22:56] INFO: Iteration 57/100
[2190] [2025-01-16 10:23:01] INFO: Acc: 89.55%
[2190] [2025-01-16 10:23:01] INFO: --------------------------------------------
[2190] [2025-01-16 10:23:01] INFO: Iteration 58/100
[2190] [2025-01-16 10:23:06] INFO: Acc: 85.25%
[2190] [2025-01-16 10:23:06] INFO: --------------------------------------------
[2190] [2025-01-16 10:23:06] INFO: Iteration 59/100
[2190] [2025-01-16 10:23:11] INFO: Acc: 87.45%
[2190] [2025-01-16 10:23:11] INFO: --------------------------------------------
[2190] [2025-01-16 10:23:11] INFO: Iteration 60/100
[2190] [2025-01-16 10:23:17] INFO: Acc: 85.25%
[2190] [2025-01-16 10:23:17] INFO: --------------------------------------------
[2190] [2025-01-16 10:23:17] INFO: Iteration 61/100
[2190] [2025-01-16 10:23:22] INFO: Acc: 87.55%
[2190] [2025-01-16 10:23:22] INFO: --------------------------------------------
[2190] [2025-01-16 10:23:22] INFO: Iteration 62/100
[2190] [2025-01-16 10:23:28] INFO: Acc: 89.60%
[2190] [2025-01-16 10:23:28] INFO: --------------------------------------------
[2190] [2025-01-16 10:23:28] INFO: Iteration 63/100
[2190] [2025-01-16 10:23:33] INFO: Acc: 84.35%
[2190] [2025-01-16 10:23:33] INFO: --------------------------------------------
[2190] [2025-01-16 10:23:33] INFO: Iteration 64/100
[2190] [2025-01-16 10:23:38] INFO: Acc: 89.00%
[2190] [2025-01-16 10:23:38] INFO: --------------------------------------------
[2190] [2025-01-16 10:23:38] INFO: Iteration 65/100
[2190] [2025-01-16 10:23:44] INFO: Acc: 86.20%
[2190] [2025-01-16 10:23:44] INFO: --------------------------------------------
[2190] [2025-01-16 10:23:44] INFO: Iteration 66/100
[2190] [2025-01-16 10:23:48] INFO: Acc: 86.45%
[2190] [2025-01-16 10:23:49] INFO: --------------------------------------------
[2190] [2025-01-16 10:23:49] INFO: Iteration 67/100
[2190] [2025-01-16 10:23:54] INFO: Acc: 86.45%
[2190] [2025-01-16 10:23:54] INFO: --------------------------------------------
[2190] [2025-01-16 10:23:54] INFO: Iteration 68/100
[2190] [2025-01-16 10:23:59] INFO: Acc: 88.60%
[2190] [2025-01-16 10:23:59] INFO: --------------------------------------------
[2190] [2025-01-16 10:23:59] INFO: Iteration 69/100
[2190] [2025-01-16 10:24:04] INFO: Acc: 87.10%
[2190] [2025-01-16 10:24:04] INFO: --------------------------------------------
[2190] [2025-01-16 10:24:04] INFO: Iteration 70/100
[2190] [2025-01-16 10:24:09] INFO: Acc: 86.20%
[2190] [2025-01-16 10:24:09] INFO: --------------------------------------------
[2190] [2025-01-16 10:24:09] INFO: Iteration 71/100
[2190] [2025-01-16 10:24:15] INFO: Acc: 87.05%
[2190] [2025-01-16 10:24:15] INFO: --------------------------------------------
[2190] [2025-01-16 10:24:15] INFO: Iteration 72/100
[2190] [2025-01-16 10:24:20] INFO: Acc: 88.25%
[2190] [2025-01-16 10:24:20] INFO: --------------------------------------------
[2190] [2025-01-16 10:24:20] INFO: Iteration 73/100
[2190] [2025-01-16 10:24:26] INFO: Acc: 89.35%
[2190] [2025-01-16 10:24:26] INFO: --------------------------------------------
[2190] [2025-01-16 10:24:26] INFO: Iteration 74/100
[2190] [2025-01-16 10:24:31] INFO: Acc: 86.50%
[2190] [2025-01-16 10:24:31] INFO: --------------------------------------------
[2190] [2025-01-16 10:24:31] INFO: Iteration 75/100
[2190] [2025-01-16 10:24:36] INFO: Acc: 84.00%
[2190] [2025-01-16 10:24:36] INFO: --------------------------------------------
[2190] [2025-01-16 10:24:36] INFO: Iteration 76/100
[2190] [2025-01-16 10:24:41] INFO: Acc: 84.55%
[2190] [2025-01-16 10:24:41] INFO: --------------------------------------------
[2190] [2025-01-16 10:24:41] INFO: Iteration 77/100
[2190] [2025-01-16 10:24:46] INFO: Acc: 88.10%
[2190] [2025-01-16 10:24:46] INFO: --------------------------------------------
[2190] [2025-01-16 10:24:46] INFO: Iteration 78/100
[2190] [2025-01-16 10:24:51] INFO: Acc: 85.95%
[2190] [2025-01-16 10:24:51] INFO: --------------------------------------------
[2190] [2025-01-16 10:24:51] INFO: Iteration 79/100
[2190] [2025-01-16 10:24:57] INFO: Acc: 85.35%
[2190] [2025-01-16 10:24:57] INFO: --------------------------------------------
[2190] [2025-01-16 10:24:57] INFO: Iteration 80/100
[2190] [2025-01-16 10:25:02] INFO: Acc: 84.65%
[2190] [2025-01-16 10:25:02] INFO: --------------------------------------------
[2190] [2025-01-16 10:25:02] INFO: Iteration 81/100
[2190] [2025-01-16 10:25:08] INFO: Acc: 90.05%
[2190] [2025-01-16 10:25:08] INFO: --------------------------------------------
[2190] [2025-01-16 10:25:08] INFO: Iteration 82/100
[2190] [2025-01-16 10:25:14] INFO: Acc: 89.20%
[2190] [2025-01-16 10:25:14] INFO: --------------------------------------------
[2190] [2025-01-16 10:25:14] INFO: Iteration 83/100
[2190] [2025-01-16 10:25:19] INFO: Acc: 82.20%
[2190] [2025-01-16 10:25:19] INFO: --------------------------------------------
[2190] [2025-01-16 10:25:19] INFO: Iteration 84/100
[2190] [2025-01-16 10:25:24] INFO: Acc: 83.80%
[2190] [2025-01-16 10:25:24] INFO: --------------------------------------------
[2190] [2025-01-16 10:25:24] INFO: Iteration 85/100
[2190] [2025-01-16 10:25:29] INFO: Acc: 85.20%
[2190] [2025-01-16 10:25:29] INFO: --------------------------------------------
[2190] [2025-01-16 10:25:29] INFO: Iteration 86/100
[2190] [2025-01-16 10:25:35] INFO: Acc: 89.55%
[2190] [2025-01-16 10:25:35] INFO: --------------------------------------------
[2190] [2025-01-16 10:25:35] INFO: Iteration 87/100
[2190] [2025-01-16 10:25:40] INFO: Acc: 85.60%
[2190] [2025-01-16 10:25:40] INFO: --------------------------------------------
[2190] [2025-01-16 10:25:40] INFO: Iteration 88/100
[2190] [2025-01-16 10:25:45] INFO: Acc: 87.10%
[2190] [2025-01-16 10:25:45] INFO: --------------------------------------------
[2190] [2025-01-16 10:25:45] INFO: Iteration 89/100
[2190] [2025-01-16 10:25:51] INFO: Acc: 82.10%
[2190] [2025-01-16 10:25:51] INFO: --------------------------------------------
[2190] [2025-01-16 10:25:51] INFO: Iteration 90/100
[2190] [2025-01-16 10:25:56] INFO: Acc: 87.15%
[2190] [2025-01-16 10:25:56] INFO: --------------------------------------------
[2190] [2025-01-16 10:25:56] INFO: Iteration 91/100
[2190] [2025-01-16 10:26:02] INFO: Acc: 87.10%
[2190] [2025-01-16 10:26:02] INFO: --------------------------------------------
[2190] [2025-01-16 10:26:02] INFO: Iteration 92/100
[2190] [2025-01-16 10:26:07] INFO: Acc: 89.70%
[2190] [2025-01-16 10:26:07] INFO: --------------------------------------------
[2190] [2025-01-16 10:26:07] INFO: Iteration 93/100
[2190] [2025-01-16 10:26:12] INFO: Acc: 84.10%
[2190] [2025-01-16 10:26:12] INFO: --------------------------------------------
[2190] [2025-01-16 10:26:12] INFO: Iteration 94/100
[2190] [2025-01-16 10:26:18] INFO: Acc: 86.80%
[2190] [2025-01-16 10:26:18] INFO: --------------------------------------------
[2190] [2025-01-16 10:26:18] INFO: Iteration 95/100
[2190] [2025-01-16 10:26:23] INFO: Acc: 85.10%
[2190] [2025-01-16 10:26:23] INFO: --------------------------------------------
[2190] [2025-01-16 10:26:23] INFO: Iteration 96/100
[2190] [2025-01-16 10:26:29] INFO: Acc: 88.10%
[2190] [2025-01-16 10:26:29] INFO: --------------------------------------------
[2190] [2025-01-16 10:26:29] INFO: Iteration 97/100
[2190] [2025-01-16 10:26:34] INFO: Acc: 85.10%
[2190] [2025-01-16 10:26:34] INFO: --------------------------------------------
[2190] [2025-01-16 10:26:34] INFO: Iteration 98/100
[2190] [2025-01-16 10:26:40] INFO: Acc: 86.70%
[2190] [2025-01-16 10:26:40] INFO: --------------------------------------------
[2190] [2025-01-16 10:26:40] INFO: Iteration 99/100
[2190] [2025-01-16 10:26:46] INFO: Acc: 86.60%
[2190] [2025-01-16 10:26:46] INFO: --------------------------------------------
[2190] [2025-01-16 10:26:46] INFO: Iteration 100/100
[2190] [2025-01-16 10:26:50] INFO: Acc: 86.20%
