[13937] [2025-01-14 08:08:44] INFO: ==> Running file: /autodl-fs/data/PythonProject/P3MC/downstream_knn.py
[13937] [2025-01-14 08:08:44] INFO: ==> Config: {'exp_name': 'CVTSLANet_KNN_ads-b_iq_PT_powerNorm_FT_powerNorm', 'exp_type': 'Downstream_random_rot', 'random_seed': 2024, 'platform': 'linux', 'device': 'cuda', 'iteration': 100, 'epoch': 100, 'dataset': {'name': 'ads-b', 'root': '~/Datasets/ADS-B', 'type': 'iq', 'normalize': 'power', 'train_batch_size': 30, 'test_batch_size': 30, 'ratio': 0.2, 'num_classes': 30, 'shot': 5, 'snr': None}, 'encoder': {'name': 'CVTSLANet', 'root': 'models/KANTSLANet2Feature.py', 'feature_dim': 1024, 'pretrain_path': './runs/Pretext_random_rot/CVTSLANet_ads-b_iq_powerNorm/best_encoder.pth', 'TSLA_config': {'seq_len': 4800, 'patch_size': 32, 'num_channels': 2, 'emb_dim': 256, 'depth': 3, 'dropout_rate': 0.3}}, 'classifier': {'name': 'knn', 'root': '', 'in_dim': 1024, 'ratio': 0.2, 'num_classes': 30}, 'optimizer': {'lr': 0.001, 'weight_decay': 0}, 'extra_info': '', 'exp_path': 'runs/Downstream_random_rot/CVTSLANet_KNN_ads-b_iq_PT_powerNorm_FT_powerNorm/5Shot/0114_080844', 'save_path': 'runs/Downstream_random_rot/CVTSLANet_KNN_ads-b_iq_PT_powerNorm_FT_powerNorm'}
[13937] [2025-01-14 08:08:44] INFO: --------------------------------------------
[13937] [2025-01-14 08:08:44] INFO: Iteration 1/100
[13937] [2025-01-14 08:08:49] INFO: Acc: 72.40%
[13937] [2025-01-14 08:08:49] INFO: --------------------------------------------
[13937] [2025-01-14 08:08:49] INFO: Iteration 2/100
[13937] [2025-01-14 08:08:53] INFO: Acc: 73.67%
[13937] [2025-01-14 08:08:53] INFO: --------------------------------------------
[13937] [2025-01-14 08:08:53] INFO: Iteration 3/100
[13937] [2025-01-14 08:08:56] INFO: Acc: 72.97%
[13937] [2025-01-14 08:08:56] INFO: --------------------------------------------
[13937] [2025-01-14 08:08:56] INFO: Iteration 4/100
[13937] [2025-01-14 08:09:01] INFO: Acc: 72.97%
[13937] [2025-01-14 08:09:01] INFO: --------------------------------------------
[13937] [2025-01-14 08:09:01] INFO: Iteration 5/100
[13937] [2025-01-14 08:09:05] INFO: Acc: 75.03%
[13937] [2025-01-14 08:09:05] INFO: --------------------------------------------
[13937] [2025-01-14 08:09:05] INFO: Iteration 6/100
[13937] [2025-01-14 08:09:10] INFO: Acc: 70.77%
[13937] [2025-01-14 08:09:10] INFO: --------------------------------------------
[13937] [2025-01-14 08:09:10] INFO: Iteration 7/100
[13937] [2025-01-14 08:09:13] INFO: Acc: 74.10%
[13937] [2025-01-14 08:09:13] INFO: --------------------------------------------
[13937] [2025-01-14 08:09:13] INFO: Iteration 8/100
[13937] [2025-01-14 08:09:17] INFO: Acc: 73.37%
[13937] [2025-01-14 08:09:17] INFO: --------------------------------------------
[13937] [2025-01-14 08:09:17] INFO: Iteration 9/100
[13937] [2025-01-14 08:09:21] INFO: Acc: 75.57%
[13937] [2025-01-14 08:09:21] INFO: --------------------------------------------
[13937] [2025-01-14 08:09:21] INFO: Iteration 10/100
[13937] [2025-01-14 08:09:25] INFO: Acc: 68.53%
[13937] [2025-01-14 08:09:26] INFO: --------------------------------------------
[13937] [2025-01-14 08:09:26] INFO: Iteration 11/100
[13937] [2025-01-14 08:09:30] INFO: Acc: 71.70%
[13937] [2025-01-14 08:09:30] INFO: --------------------------------------------
[13937] [2025-01-14 08:09:30] INFO: Iteration 12/100
[13937] [2025-01-14 08:09:34] INFO: Acc: 73.30%
[13937] [2025-01-14 08:09:34] INFO: --------------------------------------------
[13937] [2025-01-14 08:09:34] INFO: Iteration 13/100
[13937] [2025-01-14 08:09:37] INFO: Acc: 72.17%
[13937] [2025-01-14 08:09:37] INFO: --------------------------------------------
[13937] [2025-01-14 08:09:37] INFO: Iteration 14/100
[13937] [2025-01-14 08:09:42] INFO: Acc: 74.37%
[13937] [2025-01-14 08:09:42] INFO: --------------------------------------------
[13937] [2025-01-14 08:09:42] INFO: Iteration 15/100
[13937] [2025-01-14 08:09:46] INFO: Acc: 70.33%
[13937] [2025-01-14 08:09:46] INFO: --------------------------------------------
[13937] [2025-01-14 08:09:46] INFO: Iteration 16/100
[13937] [2025-01-14 08:09:50] INFO: Acc: 73.43%
[13937] [2025-01-14 08:09:50] INFO: --------------------------------------------
[13937] [2025-01-14 08:09:50] INFO: Iteration 17/100
[13937] [2025-01-14 08:09:54] INFO: Acc: 70.60%
[13937] [2025-01-14 08:09:54] INFO: --------------------------------------------
[13937] [2025-01-14 08:09:54] INFO: Iteration 18/100
[13937] [2025-01-14 08:09:57] INFO: Acc: 73.03%
[13937] [2025-01-14 08:09:57] INFO: --------------------------------------------
[13937] [2025-01-14 08:09:57] INFO: Iteration 19/100
[13937] [2025-01-14 08:10:02] INFO: Acc: 73.40%
[13937] [2025-01-14 08:10:02] INFO: --------------------------------------------
[13937] [2025-01-14 08:10:02] INFO: Iteration 20/100
[13937] [2025-01-14 08:10:06] INFO: Acc: 67.73%
[13937] [2025-01-14 08:10:06] INFO: --------------------------------------------
[13937] [2025-01-14 08:10:06] INFO: Iteration 21/100
[13937] [2025-01-14 08:10:10] INFO: Acc: 74.23%
[13937] [2025-01-14 08:10:10] INFO: --------------------------------------------
[13937] [2025-01-14 08:10:10] INFO: Iteration 22/100
[13937] [2025-01-14 08:10:15] INFO: Acc: 73.43%
[13937] [2025-01-14 08:10:15] INFO: --------------------------------------------
[13937] [2025-01-14 08:10:15] INFO: Iteration 23/100
[13937] [2025-01-14 08:10:19] INFO: Acc: 71.53%
[13937] [2025-01-14 08:10:19] INFO: --------------------------------------------
[13937] [2025-01-14 08:10:19] INFO: Iteration 24/100
[13937] [2025-01-14 08:10:24] INFO: Acc: 73.83%
[13937] [2025-01-14 08:10:24] INFO: --------------------------------------------
[13937] [2025-01-14 08:10:24] INFO: Iteration 25/100
[13937] [2025-01-14 08:10:28] INFO: Acc: 71.67%
[13937] [2025-01-14 08:10:28] INFO: --------------------------------------------
[13937] [2025-01-14 08:10:28] INFO: Iteration 26/100
[13937] [2025-01-14 08:10:33] INFO: Acc: 70.67%
[13937] [2025-01-14 08:10:33] INFO: --------------------------------------------
[13937] [2025-01-14 08:10:33] INFO: Iteration 27/100
[13937] [2025-01-14 08:10:37] INFO: Acc: 69.70%
[13937] [2025-01-14 08:10:37] INFO: --------------------------------------------
[13937] [2025-01-14 08:10:37] INFO: Iteration 28/100
[13937] [2025-01-14 08:10:41] INFO: Acc: 70.73%
[13937] [2025-01-14 08:10:41] INFO: --------------------------------------------
[13937] [2025-01-14 08:10:41] INFO: Iteration 29/100
[13937] [2025-01-14 08:10:45] INFO: Acc: 75.20%
[13937] [2025-01-14 08:10:45] INFO: --------------------------------------------
[13937] [2025-01-14 08:10:45] INFO: Iteration 30/100
[13937] [2025-01-14 08:10:50] INFO: Acc: 71.87%
[13937] [2025-01-14 08:10:50] INFO: --------------------------------------------
[13937] [2025-01-14 08:10:50] INFO: Iteration 31/100
[13937] [2025-01-14 08:10:54] INFO: Acc: 73.93%
[13937] [2025-01-14 08:10:54] INFO: --------------------------------------------
[13937] [2025-01-14 08:10:54] INFO: Iteration 32/100
[13937] [2025-01-14 08:10:58] INFO: Acc: 71.87%
[13937] [2025-01-14 08:10:58] INFO: --------------------------------------------
[13937] [2025-01-14 08:10:58] INFO: Iteration 33/100
[13937] [2025-01-14 08:11:02] INFO: Acc: 70.73%
[13937] [2025-01-14 08:11:02] INFO: --------------------------------------------
[13937] [2025-01-14 08:11:02] INFO: Iteration 34/100
[13937] [2025-01-14 08:11:07] INFO: Acc: 73.47%
[13937] [2025-01-14 08:11:07] INFO: --------------------------------------------
[13937] [2025-01-14 08:11:07] INFO: Iteration 35/100
[13937] [2025-01-14 08:11:11] INFO: Acc: 73.33%
[13937] [2025-01-14 08:11:11] INFO: --------------------------------------------
[13937] [2025-01-14 08:11:11] INFO: Iteration 36/100
[13937] [2025-01-14 08:11:16] INFO: Acc: 71.77%
[13937] [2025-01-14 08:11:16] INFO: --------------------------------------------
[13937] [2025-01-14 08:11:16] INFO: Iteration 37/100
[13937] [2025-01-14 08:11:19] INFO: Acc: 74.97%
[13937] [2025-01-14 08:11:19] INFO: --------------------------------------------
[13937] [2025-01-14 08:11:19] INFO: Iteration 38/100
[13937] [2025-01-14 08:11:23] INFO: Acc: 72.23%
[13937] [2025-01-14 08:11:23] INFO: --------------------------------------------
[13937] [2025-01-14 08:11:23] INFO: Iteration 39/100
[13937] [2025-01-14 08:11:27] INFO: Acc: 73.33%
[13937] [2025-01-14 08:11:27] INFO: --------------------------------------------
[13937] [2025-01-14 08:11:27] INFO: Iteration 40/100
[13937] [2025-01-14 08:11:31] INFO: Acc: 72.77%
[13937] [2025-01-14 08:11:32] INFO: --------------------------------------------
[13937] [2025-01-14 08:11:32] INFO: Iteration 41/100
[13937] [2025-01-14 08:11:36] INFO: Acc: 69.37%
[13937] [2025-01-14 08:11:37] INFO: --------------------------------------------
[13937] [2025-01-14 08:11:37] INFO: Iteration 42/100
[13937] [2025-01-14 08:11:40] INFO: Acc: 72.03%
[13937] [2025-01-14 08:11:40] INFO: --------------------------------------------
[13937] [2025-01-14 08:11:40] INFO: Iteration 43/100
[13937] [2025-01-14 08:11:44] INFO: Acc: 72.17%
[13937] [2025-01-14 08:11:44] INFO: --------------------------------------------
[13937] [2025-01-14 08:11:44] INFO: Iteration 44/100
[13937] [2025-01-14 08:11:49] INFO: Acc: 69.97%
[13937] [2025-01-14 08:11:49] INFO: --------------------------------------------
[13937] [2025-01-14 08:11:49] INFO: Iteration 45/100
[13937] [2025-01-14 08:11:53] INFO: Acc: 70.87%
[13937] [2025-01-14 08:11:53] INFO: --------------------------------------------
[13937] [2025-01-14 08:11:53] INFO: Iteration 46/100
[13937] [2025-01-14 08:11:58] INFO: Acc: 67.63%
[13937] [2025-01-14 08:11:58] INFO: --------------------------------------------
[13937] [2025-01-14 08:11:58] INFO: Iteration 47/100
[13937] [2025-01-14 08:12:02] INFO: Acc: 74.03%
[13937] [2025-01-14 08:12:02] INFO: --------------------------------------------
[13937] [2025-01-14 08:12:02] INFO: Iteration 48/100
[13937] [2025-01-14 08:12:07] INFO: Acc: 74.63%
[13937] [2025-01-14 08:12:07] INFO: --------------------------------------------
[13937] [2025-01-14 08:12:07] INFO: Iteration 49/100
[13937] [2025-01-14 08:12:11] INFO: Acc: 73.30%
[13937] [2025-01-14 08:12:11] INFO: --------------------------------------------
[13937] [2025-01-14 08:12:11] INFO: Iteration 50/100
[13937] [2025-01-14 08:12:16] INFO: Acc: 71.87%
[13937] [2025-01-14 08:12:16] INFO: --------------------------------------------
[13937] [2025-01-14 08:12:16] INFO: Iteration 51/100
[13937] [2025-01-14 08:12:20] INFO: Acc: 73.33%
[13937] [2025-01-14 08:12:20] INFO: --------------------------------------------
[13937] [2025-01-14 08:12:20] INFO: Iteration 52/100
[13937] [2025-01-14 08:12:24] INFO: Acc: 73.93%
[13937] [2025-01-14 08:12:24] INFO: --------------------------------------------
[13937] [2025-01-14 08:12:24] INFO: Iteration 53/100
[13937] [2025-01-14 08:12:28] INFO: Acc: 72.43%
[13937] [2025-01-14 08:12:28] INFO: --------------------------------------------
[13937] [2025-01-14 08:12:28] INFO: Iteration 54/100
[13937] [2025-01-14 08:12:32] INFO: Acc: 70.07%
[13937] [2025-01-14 08:12:32] INFO: --------------------------------------------
[13937] [2025-01-14 08:12:32] INFO: Iteration 55/100
[13937] [2025-01-14 08:12:37] INFO: Acc: 68.87%
[13937] [2025-01-14 08:12:37] INFO: --------------------------------------------
[13937] [2025-01-14 08:12:37] INFO: Iteration 56/100
[13937] [2025-01-14 08:12:40] INFO: Acc: 69.43%
[13937] [2025-01-14 08:12:40] INFO: --------------------------------------------
[13937] [2025-01-14 08:12:40] INFO: Iteration 57/100
[13937] [2025-01-14 08:12:45] INFO: Acc: 70.23%
[13937] [2025-01-14 08:12:45] INFO: --------------------------------------------
[13937] [2025-01-14 08:12:45] INFO: Iteration 58/100
[13937] [2025-01-14 08:12:49] INFO: Acc: 74.20%
[13937] [2025-01-14 08:12:50] INFO: --------------------------------------------
[13937] [2025-01-14 08:12:50] INFO: Iteration 59/100
[13937] [2025-01-14 08:12:54] INFO: Acc: 69.23%
[13937] [2025-01-14 08:12:54] INFO: --------------------------------------------
[13937] [2025-01-14 08:12:54] INFO: Iteration 60/100
[13937] [2025-01-14 08:12:59] INFO: Acc: 73.53%
[13937] [2025-01-14 08:12:59] INFO: --------------------------------------------
[13937] [2025-01-14 08:12:59] INFO: Iteration 61/100
[13937] [2025-01-14 08:13:03] INFO: Acc: 73.40%
[13937] [2025-01-14 08:13:03] INFO: --------------------------------------------
[13937] [2025-01-14 08:13:03] INFO: Iteration 62/100
[13937] [2025-01-14 08:13:07] INFO: Acc: 69.97%
[13937] [2025-01-14 08:13:08] INFO: --------------------------------------------
[13937] [2025-01-14 08:13:08] INFO: Iteration 63/100
[13937] [2025-01-14 08:13:11] INFO: Acc: 76.00%
[13937] [2025-01-14 08:13:11] INFO: --------------------------------------------
[13937] [2025-01-14 08:13:11] INFO: Iteration 64/100
[13937] [2025-01-14 08:13:15] INFO: Acc: 74.50%
[13937] [2025-01-14 08:13:15] INFO: --------------------------------------------
[13937] [2025-01-14 08:13:15] INFO: Iteration 65/100
[13937] [2025-01-14 08:13:19] INFO: Acc: 73.60%
[13937] [2025-01-14 08:13:19] INFO: --------------------------------------------
[13937] [2025-01-14 08:13:19] INFO: Iteration 66/100
[13937] [2025-01-14 08:13:23] INFO: Acc: 74.97%
[13937] [2025-01-14 08:13:23] INFO: --------------------------------------------
[13937] [2025-01-14 08:13:23] INFO: Iteration 67/100
[13937] [2025-01-14 08:13:28] INFO: Acc: 70.87%
[13937] [2025-01-14 08:13:28] INFO: --------------------------------------------
[13937] [2025-01-14 08:13:28] INFO: Iteration 68/100
[13937] [2025-01-14 08:13:32] INFO: Acc: 76.33%
[13937] [2025-01-14 08:13:32] INFO: --------------------------------------------
[13937] [2025-01-14 08:13:32] INFO: Iteration 69/100
[13937] [2025-01-14 08:13:36] INFO: Acc: 74.13%
[13937] [2025-01-14 08:13:36] INFO: --------------------------------------------
[13937] [2025-01-14 08:13:36] INFO: Iteration 70/100
[13937] [2025-01-14 08:13:41] INFO: Acc: 72.53%
[13937] [2025-01-14 08:13:41] INFO: --------------------------------------------
[13937] [2025-01-14 08:13:41] INFO: Iteration 71/100
[13937] [2025-01-14 08:13:45] INFO: Acc: 71.10%
[13937] [2025-01-14 08:13:45] INFO: --------------------------------------------
[13937] [2025-01-14 08:13:45] INFO: Iteration 72/100
[13937] [2025-01-14 08:13:50] INFO: Acc: 70.90%
[13937] [2025-01-14 08:13:50] INFO: --------------------------------------------
[13937] [2025-01-14 08:13:50] INFO: Iteration 73/100
[13937] [2025-01-14 08:13:55] INFO: Acc: 73.47%
[13937] [2025-01-14 08:13:55] INFO: --------------------------------------------
[13937] [2025-01-14 08:13:55] INFO: Iteration 74/100
[13937] [2025-01-14 08:13:59] INFO: Acc: 71.37%
[13937] [2025-01-14 08:13:59] INFO: --------------------------------------------
[13937] [2025-01-14 08:13:59] INFO: Iteration 75/100
[13937] [2025-01-14 08:14:02] INFO: Acc: 73.13%
[13937] [2025-01-14 08:14:02] INFO: --------------------------------------------
[13937] [2025-01-14 08:14:02] INFO: Iteration 76/100
[13937] [2025-01-14 08:14:07] INFO: Acc: 71.53%
[13937] [2025-01-14 08:14:07] INFO: --------------------------------------------
[13937] [2025-01-14 08:14:07] INFO: Iteration 77/100
[13937] [2025-01-14 08:14:11] INFO: Acc: 74.07%
[13937] [2025-01-14 08:14:11] INFO: --------------------------------------------
[13937] [2025-01-14 08:14:11] INFO: Iteration 78/100
[13937] [2025-01-14 08:14:15] INFO: Acc: 70.33%
[13937] [2025-01-14 08:14:15] INFO: --------------------------------------------
[13937] [2025-01-14 08:14:15] INFO: Iteration 79/100
[13937] [2025-01-14 08:14:19] INFO: Acc: 66.90%
[13937] [2025-01-14 08:14:19] INFO: --------------------------------------------
[13937] [2025-01-14 08:14:19] INFO: Iteration 80/100
[13937] [2025-01-14 08:14:24] INFO: Acc: 72.00%
[13937] [2025-01-14 08:14:24] INFO: --------------------------------------------
[13937] [2025-01-14 08:14:24] INFO: Iteration 81/100
[13937] [2025-01-14 08:14:28] INFO: Acc: 73.77%
[13937] [2025-01-14 08:14:29] INFO: --------------------------------------------
[13937] [2025-01-14 08:14:29] INFO: Iteration 82/100
[13937] [2025-01-14 08:14:33] INFO: Acc: 72.60%
[13937] [2025-01-14 08:14:33] INFO: --------------------------------------------
[13937] [2025-01-14 08:14:33] INFO: Iteration 83/100
[13937] [2025-01-14 08:14:37] INFO: Acc: 73.47%
[13937] [2025-01-14 08:14:37] INFO: --------------------------------------------
[13937] [2025-01-14 08:14:37] INFO: Iteration 84/100
[13937] [2025-01-14 08:14:41] INFO: Acc: 73.43%
[13937] [2025-01-14 08:14:41] INFO: --------------------------------------------
[13937] [2025-01-14 08:14:41] INFO: Iteration 85/100
[13937] [2025-01-14 08:14:45] INFO: Acc: 72.13%
[13937] [2025-01-14 08:14:45] INFO: --------------------------------------------
[13937] [2025-01-14 08:14:45] INFO: Iteration 86/100
[13937] [2025-01-14 08:14:48] INFO: Acc: 73.00%
[13937] [2025-01-14 08:14:48] INFO: --------------------------------------------
[13937] [2025-01-14 08:14:48] INFO: Iteration 87/100
[13937] [2025-01-14 08:14:53] INFO: Acc: 71.47%
[13937] [2025-01-14 08:14:53] INFO: --------------------------------------------
[13937] [2025-01-14 08:14:53] INFO: Iteration 88/100
[13937] [2025-01-14 08:14:57] INFO: Acc: 74.63%
[13937] [2025-01-14 08:14:57] INFO: --------------------------------------------
[13937] [2025-01-14 08:14:57] INFO: Iteration 89/100
[13937] [2025-01-14 08:15:02] INFO: Acc: 72.13%
[13937] [2025-01-14 08:15:02] INFO: --------------------------------------------
[13937] [2025-01-14 08:15:02] INFO: Iteration 90/100
[13937] [2025-01-14 08:15:06] INFO: Acc: 75.97%
[13937] [2025-01-14 08:15:06] INFO: --------------------------------------------
[13937] [2025-01-14 08:15:06] INFO: Iteration 91/100
[13937] [2025-01-14 08:15:11] INFO: Acc: 73.00%
[13937] [2025-01-14 08:15:11] INFO: --------------------------------------------
[13937] [2025-01-14 08:15:11] INFO: Iteration 92/100
[13937] [2025-01-14 08:15:15] INFO: Acc: 71.57%
[13937] [2025-01-14 08:15:15] INFO: --------------------------------------------
[13937] [2025-01-14 08:15:15] INFO: Iteration 93/100
[13937] [2025-01-14 08:15:19] INFO: Acc: 70.17%
[13937] [2025-01-14 08:15:19] INFO: --------------------------------------------
[13937] [2025-01-14 08:15:19] INFO: Iteration 94/100
[13937] [2025-01-14 08:15:24] INFO: Acc: 69.47%
[13937] [2025-01-14 08:15:24] INFO: --------------------------------------------
[13937] [2025-01-14 08:15:24] INFO: Iteration 95/100
[13937] [2025-01-14 08:15:28] INFO: Acc: 72.03%
[13937] [2025-01-14 08:15:28] INFO: --------------------------------------------
[13937] [2025-01-14 08:15:28] INFO: Iteration 96/100
[13937] [2025-01-14 08:15:33] INFO: Acc: 71.17%
[13937] [2025-01-14 08:15:33] INFO: --------------------------------------------
[13937] [2025-01-14 08:15:33] INFO: Iteration 97/100
[13937] [2025-01-14 08:15:36] INFO: Acc: 73.60%
[13937] [2025-01-14 08:15:36] INFO: --------------------------------------------
[13937] [2025-01-14 08:15:36] INFO: Iteration 98/100
[13937] [2025-01-14 08:15:40] INFO: Acc: 74.27%
[13937] [2025-01-14 08:15:40] INFO: --------------------------------------------
[13937] [2025-01-14 08:15:40] INFO: Iteration 99/100
[13937] [2025-01-14 08:15:45] INFO: Acc: 76.10%
[13937] [2025-01-14 08:15:45] INFO: --------------------------------------------
[13937] [2025-01-14 08:15:45] INFO: Iteration 100/100
[13937] [2025-01-14 08:15:49] INFO: Acc: 69.20%
