[176494] [2025-01-16 14:18:38] INFO: ==> Running file: /autodl-fs/data/PythonProject/P3MC/downstream.py
[176494] [2025-01-16 14:18:38] INFO: ==> Config: {'exp_name': 'CVTSLANet_ads-b-10_iq_PT_powerNorm_FT_powerNorm', 'exp_type': 'Downstream_random_rot', 'random_seed': 2024, 'platform': 'linux', 'device': 'cuda', 'iteration': 100, 'epoch': 100, 'dataset': {'name': 'ads-b-10', 'root': '~/Datasets/ADS-B', 'type': 'iq', 'normalize': 'power', 'train_batch_size': 30, 'test_batch_size': 30, 'ratio': 0.2, 'num_classes': 10, 'shot': 10, 'snr': None}, 'encoder': {'name': 'CVTSLANet', 'root': 'models/KANTSLANet2Feature.py', 'feature_dim': 1024, 'pretrain_path': './runs/Pretext_random_rot/CVTSLANet_ads-b_iq_powerNorm/best_encoder.pth', 'TSLA_config': {'seq_len': 4800, 'patch_size': 32, 'num_channels': 2, 'emb_dim': 256, 'depth': 3, 'dropout_rate': 0.3}}, 'classifier': {'name': 'linear', 'root': 'models/LinearClassifier.py', 'in_dim': 1024, 'ratio': 0.2, 'num_classes': 10}, 'optimizer': {'lr': 0.001, 'weight_decay': 0}, 'extra_info': '', 'exp_path': 'runs/Downstream_random_rot/CVTSLANet_ads-b-10_iq_PT_powerNorm_FT_powerNorm/10Shot/0116_141838', 'save_path': 'runs/Downstream_random_rot/CVTSLANet_ads-b-10_iq_PT_powerNorm_FT_powerNorm'}
[176494] [2025-01-16 14:18:38] INFO: --------------------------------------------
[176494] [2025-01-16 14:18:38] INFO: Iteration 1/100
[176494] [2025-01-16 14:19:21] INFO: ==> Train Set: Acc: 100.00%, Loss: 0.00054543, Best model in epoch 88
[176494] [2025-01-16 14:19:23] INFO: ==> Test Set: Acc: 90.29%, Loss: 0.42040404
[176494] [2025-01-16 14:19:23] INFO: --------------------------------------------
[176494] [2025-01-16 14:19:23] INFO: Iteration 2/100
[176494] [2025-01-16 14:20:07] INFO: ==> Train Set: Acc: 100.00%, Loss: 0.00073537, Best model in epoch 74
[176494] [2025-01-16 14:20:08] INFO: ==> Test Set: Acc: 95.49%, Loss: 0.14080822
[176494] [2025-01-16 14:20:08] INFO: --------------------------------------------
[176494] [2025-01-16 14:20:08] INFO: Iteration 3/100
[176494] [2025-01-16 14:20:51] INFO: ==> Train Set: Acc: 100.00%, Loss: 0.00113548, Best model in epoch 82
[176494] [2025-01-16 14:20:53] INFO: ==> Test Set: Acc: 95.88%, Loss: 0.15614813
[176494] [2025-01-16 14:20:53] INFO: --------------------------------------------
[176494] [2025-01-16 14:20:53] INFO: Iteration 4/100
[176494] [2025-01-16 14:21:37] INFO: ==> Train Set: Acc: 100.00%, Loss: 0.00076644, Best model in epoch 91
[176494] [2025-01-16 14:21:38] INFO: ==> Test Set: Acc: 96.76%, Loss: 0.12204861
[176494] [2025-01-16 14:21:38] INFO: --------------------------------------------
[176494] [2025-01-16 14:21:38] INFO: Iteration 5/100
[176494] [2025-01-16 14:22:22] INFO: ==> Train Set: Acc: 100.00%, Loss: 0.00092787, Best model in epoch 71
[176494] [2025-01-16 14:22:23] INFO: ==> Test Set: Acc: 95.69%, Loss: 0.14203064
[176494] [2025-01-16 14:22:23] INFO: --------------------------------------------
[176494] [2025-01-16 14:22:23] INFO: Iteration 6/100
[176494] [2025-01-16 14:23:08] INFO: ==> Train Set: Acc: 100.00%, Loss: 0.00036864, Best model in epoch 93
[176494] [2025-01-16 14:23:09] INFO: ==> Test Set: Acc: 96.86%, Loss: 0.11583569
[176494] [2025-01-16 14:23:09] INFO: --------------------------------------------
[176494] [2025-01-16 14:23:09] INFO: Iteration 7/100
[176494] [2025-01-16 14:23:52] INFO: ==> Train Set: Acc: 100.00%, Loss: 0.00088056, Best model in epoch 76
[176494] [2025-01-16 14:23:54] INFO: ==> Test Set: Acc: 96.08%, Loss: 0.13502490
[176494] [2025-01-16 14:23:54] INFO: --------------------------------------------
[176494] [2025-01-16 14:23:54] INFO: Iteration 8/100
[176494] [2025-01-16 14:24:38] INFO: ==> Train Set: Acc: 100.00%, Loss: 0.00068980, Best model in epoch 99
[176494] [2025-01-16 14:24:40] INFO: ==> Test Set: Acc: 94.51%, Loss: 0.23031541
[176494] [2025-01-16 14:24:40] INFO: --------------------------------------------
[176494] [2025-01-16 14:24:40] INFO: Iteration 9/100
[176494] [2025-01-16 14:25:24] INFO: ==> Train Set: Acc: 100.00%, Loss: 0.00041118, Best model in epoch 90
[176494] [2025-01-16 14:25:25] INFO: ==> Test Set: Acc: 96.18%, Loss: 0.21309300
[176494] [2025-01-16 14:25:26] INFO: --------------------------------------------
[176494] [2025-01-16 14:25:26] INFO: Iteration 10/100
[176494] [2025-01-16 14:26:11] INFO: ==> Train Set: Acc: 100.00%, Loss: 0.00075873, Best model in epoch 90
[176494] [2025-01-16 14:26:12] INFO: ==> Test Set: Acc: 90.49%, Loss: 0.40389504
[176494] [2025-01-16 14:26:12] INFO: --------------------------------------------
[176494] [2025-01-16 14:26:12] INFO: Iteration 11/100
[176494] [2025-01-16 14:26:57] INFO: ==> Train Set: Acc: 100.00%, Loss: 0.00054444, Best model in epoch 78
[176494] [2025-01-16 14:26:58] INFO: ==> Test Set: Acc: 95.29%, Loss: 0.24044377
[176494] [2025-01-16 14:26:58] INFO: --------------------------------------------
[176494] [2025-01-16 14:26:58] INFO: Iteration 12/100
[176494] [2025-01-16 14:27:41] INFO: ==> Train Set: Acc: 100.00%, Loss: 0.00050995, Best model in epoch 94
[176494] [2025-01-16 14:27:43] INFO: ==> Test Set: Acc: 96.67%, Loss: 0.13464405
[176494] [2025-01-16 14:27:43] INFO: --------------------------------------------
[176494] [2025-01-16 14:27:43] INFO: Iteration 13/100
[176494] [2025-01-16 14:28:27] INFO: ==> Train Set: Acc: 100.00%, Loss: 0.00087040, Best model in epoch 71
[176494] [2025-01-16 14:28:28] INFO: ==> Test Set: Acc: 96.57%, Loss: 0.11062942
[176494] [2025-01-16 14:28:28] INFO: --------------------------------------------
[176494] [2025-01-16 14:28:28] INFO: Iteration 14/100
[176494] [2025-01-16 14:29:12] INFO: ==> Train Set: Acc: 100.00%, Loss: 0.00080533, Best model in epoch 95
[176494] [2025-01-16 14:29:13] INFO: ==> Test Set: Acc: 95.78%, Loss: 0.16310915
[176494] [2025-01-16 14:29:13] INFO: --------------------------------------------
[176494] [2025-01-16 14:29:13] INFO: Iteration 15/100
[176494] [2025-01-16 14:29:57] INFO: ==> Train Set: Acc: 100.00%, Loss: 0.00086849, Best model in epoch 90
[176494] [2025-01-16 14:29:59] INFO: ==> Test Set: Acc: 97.25%, Loss: 0.10695807
[176494] [2025-01-16 14:29:59] INFO: --------------------------------------------
[176494] [2025-01-16 14:29:59] INFO: Iteration 16/100
[176494] [2025-01-16 14:30:42] INFO: ==> Train Set: Acc: 100.00%, Loss: 0.00037116, Best model in epoch 92
[176494] [2025-01-16 14:30:44] INFO: ==> Test Set: Acc: 95.00%, Loss: 0.23748856
[176494] [2025-01-16 14:30:44] INFO: --------------------------------------------
[176494] [2025-01-16 14:30:44] INFO: Iteration 17/100
[176494] [2025-01-16 14:31:27] INFO: ==> Train Set: Acc: 100.00%, Loss: 0.00067838, Best model in epoch 78
[176494] [2025-01-16 14:31:28] INFO: ==> Test Set: Acc: 94.61%, Loss: 0.20057453
[176494] [2025-01-16 14:31:28] INFO: --------------------------------------------
[176494] [2025-01-16 14:31:28] INFO: Iteration 18/100
[176494] [2025-01-16 14:32:12] INFO: ==> Train Set: Acc: 100.00%, Loss: 0.00052909, Best model in epoch 96
[176494] [2025-01-16 14:32:14] INFO: ==> Test Set: Acc: 97.25%, Loss: 0.11330479
[176494] [2025-01-16 14:32:14] INFO: --------------------------------------------
[176494] [2025-01-16 14:32:14] INFO: Iteration 19/100
[176494] [2025-01-16 14:32:58] INFO: ==> Train Set: Acc: 100.00%, Loss: 0.00070747, Best model in epoch 79
[176494] [2025-01-16 14:32:59] INFO: ==> Test Set: Acc: 95.29%, Loss: 0.18505803
[176494] [2025-01-16 14:32:59] INFO: --------------------------------------------
[176494] [2025-01-16 14:32:59] INFO: Iteration 20/100
[176494] [2025-01-16 14:33:43] INFO: ==> Train Set: Acc: 100.00%, Loss: 0.00054867, Best model in epoch 81
[176494] [2025-01-16 14:33:44] INFO: ==> Test Set: Acc: 91.67%, Loss: 0.37650411
[176494] [2025-01-16 14:33:44] INFO: --------------------------------------------
[176494] [2025-01-16 14:33:44] INFO: Iteration 21/100
[176494] [2025-01-16 14:34:28] INFO: ==> Train Set: Acc: 100.00%, Loss: 0.00085643, Best model in epoch 78
[176494] [2025-01-16 14:34:30] INFO: ==> Test Set: Acc: 96.76%, Loss: 0.17123300
[176494] [2025-01-16 14:34:30] INFO: --------------------------------------------
[176494] [2025-01-16 14:34:30] INFO: Iteration 22/100
[176494] [2025-01-16 14:35:12] INFO: ==> Train Set: Acc: 100.00%, Loss: 0.00112926, Best model in epoch 63
[176494] [2025-01-16 14:35:14] INFO: ==> Test Set: Acc: 96.57%, Loss: 0.16745755
[176494] [2025-01-16 14:35:14] INFO: --------------------------------------------
[176494] [2025-01-16 14:35:14] INFO: Iteration 23/100
[176494] [2025-01-16 14:35:58] INFO: ==> Train Set: Acc: 100.00%, Loss: 0.00074169, Best model in epoch 99
[176494] [2025-01-16 14:35:59] INFO: ==> Test Set: Acc: 96.86%, Loss: 0.11133692
[176494] [2025-01-16 14:35:59] INFO: --------------------------------------------
[176494] [2025-01-16 14:35:59] INFO: Iteration 24/100
[176494] [2025-01-16 14:36:43] INFO: ==> Train Set: Acc: 100.00%, Loss: 0.00078120, Best model in epoch 97
[176494] [2025-01-16 14:36:44] INFO: ==> Test Set: Acc: 94.31%, Loss: 0.31202193
[176494] [2025-01-16 14:36:44] INFO: --------------------------------------------
[176494] [2025-01-16 14:36:44] INFO: Iteration 25/100
[176494] [2025-01-16 14:37:28] INFO: ==> Train Set: Acc: 100.00%, Loss: 0.00089268, Best model in epoch 86
[176494] [2025-01-16 14:37:30] INFO: ==> Test Set: Acc: 96.96%, Loss: 0.08901148
[176494] [2025-01-16 14:37:30] INFO: --------------------------------------------
[176494] [2025-01-16 14:37:30] INFO: Iteration 26/100
[176494] [2025-01-16 14:38:14] INFO: ==> Train Set: Acc: 100.00%, Loss: 0.00064036, Best model in epoch 65
[176494] [2025-01-16 14:38:15] INFO: ==> Test Set: Acc: 90.20%, Loss: 0.46937609
[176494] [2025-01-16 14:38:15] INFO: --------------------------------------------
[176494] [2025-01-16 14:38:15] INFO: Iteration 27/100
[176494] [2025-01-16 14:38:58] INFO: ==> Train Set: Acc: 100.00%, Loss: 0.00070971, Best model in epoch 66
[176494] [2025-01-16 14:38:59] INFO: ==> Test Set: Acc: 95.29%, Loss: 0.27422742
[176494] [2025-01-16 14:38:59] INFO: --------------------------------------------
[176494] [2025-01-16 14:38:59] INFO: Iteration 28/100
[176494] [2025-01-16 14:39:43] INFO: ==> Train Set: Acc: 100.00%, Loss: 0.00101008, Best model in epoch 95
[176494] [2025-01-16 14:39:45] INFO: ==> Test Set: Acc: 96.18%, Loss: 0.12847150
[176494] [2025-01-16 14:39:45] INFO: --------------------------------------------
[176494] [2025-01-16 14:39:45] INFO: Iteration 29/100
[176494] [2025-01-16 14:40:29] INFO: ==> Train Set: Acc: 100.00%, Loss: 0.00061340, Best model in epoch 71
[176494] [2025-01-16 14:40:30] INFO: ==> Test Set: Acc: 95.78%, Loss: 0.13248479
[176494] [2025-01-16 14:40:30] INFO: --------------------------------------------
[176494] [2025-01-16 14:40:30] INFO: Iteration 30/100
[176494] [2025-01-16 14:41:14] INFO: ==> Train Set: Acc: 100.00%, Loss: 0.00090643, Best model in epoch 74
[176494] [2025-01-16 14:41:15] INFO: ==> Test Set: Acc: 94.80%, Loss: 0.28660349
[176494] [2025-01-16 14:41:16] INFO: --------------------------------------------
[176494] [2025-01-16 14:41:16] INFO: Iteration 31/100
[176494] [2025-01-16 14:41:58] INFO: ==> Train Set: Acc: 100.00%, Loss: 0.00087467, Best model in epoch 73
[176494] [2025-01-16 14:42:00] INFO: ==> Test Set: Acc: 95.69%, Loss: 0.15014395
[176494] [2025-01-16 14:42:00] INFO: --------------------------------------------
[176494] [2025-01-16 14:42:00] INFO: Iteration 32/100
[176494] [2025-01-16 14:42:44] INFO: ==> Train Set: Acc: 100.00%, Loss: 0.00091493, Best model in epoch 64
[176494] [2025-01-16 14:42:46] INFO: ==> Test Set: Acc: 91.86%, Loss: 0.30753800
[176494] [2025-01-16 14:42:46] INFO: --------------------------------------------
[176494] [2025-01-16 14:42:46] INFO: Iteration 33/100
[176494] [2025-01-16 14:43:29] INFO: ==> Train Set: Acc: 100.00%, Loss: 0.00197067, Best model in epoch 62
[176494] [2025-01-16 14:43:31] INFO: ==> Test Set: Acc: 95.49%, Loss: 0.20021317
[176494] [2025-01-16 14:43:31] INFO: --------------------------------------------
[176494] [2025-01-16 14:43:31] INFO: Iteration 34/100
[176494] [2025-01-16 14:44:15] INFO: ==> Train Set: Acc: 100.00%, Loss: 0.00069068, Best model in epoch 93
[176494] [2025-01-16 14:44:16] INFO: ==> Test Set: Acc: 95.88%, Loss: 0.17720300
[176494] [2025-01-16 14:44:17] INFO: --------------------------------------------
[176494] [2025-01-16 14:44:17] INFO: Iteration 35/100
[176494] [2025-01-16 14:45:01] INFO: ==> Train Set: Acc: 100.00%, Loss: 0.00049087, Best model in epoch 98
[176494] [2025-01-16 14:45:02] INFO: ==> Test Set: Acc: 95.69%, Loss: 0.24719559
[176494] [2025-01-16 14:45:02] INFO: --------------------------------------------
[176494] [2025-01-16 14:45:02] INFO: Iteration 36/100
[176494] [2025-01-16 14:45:45] INFO: ==> Train Set: Acc: 100.00%, Loss: 0.00136494, Best model in epoch 57
[176494] [2025-01-16 14:45:47] INFO: ==> Test Set: Acc: 92.35%, Loss: 0.30827232
[176494] [2025-01-16 14:45:47] INFO: --------------------------------------------
[176494] [2025-01-16 14:45:47] INFO: Iteration 37/100
[176494] [2025-01-16 14:46:30] INFO: ==> Train Set: Acc: 100.00%, Loss: 0.00054123, Best model in epoch 98
[176494] [2025-01-16 14:46:32] INFO: ==> Test Set: Acc: 96.27%, Loss: 0.20963398
[176494] [2025-01-16 14:46:32] INFO: --------------------------------------------
[176494] [2025-01-16 14:46:32] INFO: Iteration 38/100
[176494] [2025-01-16 14:47:16] INFO: ==> Train Set: Acc: 100.00%, Loss: 0.00057160, Best model in epoch 75
[176494] [2025-01-16 14:47:17] INFO: ==> Test Set: Acc: 95.10%, Loss: 0.17529126
[176494] [2025-01-16 14:47:17] INFO: --------------------------------------------
[176494] [2025-01-16 14:47:17] INFO: Iteration 39/100
[176494] [2025-01-16 14:48:01] INFO: ==> Train Set: Acc: 100.00%, Loss: 0.00054907, Best model in epoch 96
[176494] [2025-01-16 14:48:03] INFO: ==> Test Set: Acc: 96.86%, Loss: 0.16412738
[176494] [2025-01-16 14:48:03] INFO: --------------------------------------------
[176494] [2025-01-16 14:48:03] INFO: Iteration 40/100
[176494] [2025-01-16 14:48:46] INFO: ==> Train Set: Acc: 100.00%, Loss: 0.00086506, Best model in epoch 77
[176494] [2025-01-16 14:48:48] INFO: ==> Test Set: Acc: 93.63%, Loss: 0.39063156
[176494] [2025-01-16 14:48:48] INFO: --------------------------------------------
[176494] [2025-01-16 14:48:48] INFO: Iteration 41/100
[176494] [2025-01-16 14:49:31] INFO: ==> Train Set: Acc: 100.00%, Loss: 0.00044166, Best model in epoch 98
[176494] [2025-01-16 14:49:32] INFO: ==> Test Set: Acc: 96.47%, Loss: 0.14722631
[176494] [2025-01-16 14:49:32] INFO: --------------------------------------------
[176494] [2025-01-16 14:49:32] INFO: Iteration 42/100
[176494] [2025-01-16 14:50:16] INFO: ==> Train Set: Acc: 100.00%, Loss: 0.00054151, Best model in epoch 99
[176494] [2025-01-16 14:50:18] INFO: ==> Test Set: Acc: 96.37%, Loss: 0.15439503
[176494] [2025-01-16 14:50:18] INFO: --------------------------------------------
[176494] [2025-01-16 14:50:18] INFO: Iteration 43/100
[176494] [2025-01-16 14:51:01] INFO: ==> Train Set: Acc: 100.00%, Loss: 0.00078439, Best model in epoch 79
[176494] [2025-01-16 14:51:03] INFO: ==> Test Set: Acc: 96.08%, Loss: 0.19020249
[176494] [2025-01-16 14:51:03] INFO: --------------------------------------------
[176494] [2025-01-16 14:51:03] INFO: Iteration 44/100
[176494] [2025-01-16 14:51:47] INFO: ==> Train Set: Acc: 100.00%, Loss: 0.00055604, Best model in epoch 89
[176494] [2025-01-16 14:51:48] INFO: ==> Test Set: Acc: 94.61%, Loss: 0.37040977
[176494] [2025-01-16 14:51:48] INFO: --------------------------------------------
[176494] [2025-01-16 14:51:48] INFO: Iteration 45/100
[176494] [2025-01-16 14:52:32] INFO: ==> Train Set: Acc: 100.00%, Loss: 0.00050898, Best model in epoch 99
[176494] [2025-01-16 14:52:33] INFO: ==> Test Set: Acc: 95.88%, Loss: 0.23036066
[176494] [2025-01-16 14:52:34] INFO: --------------------------------------------
[176494] [2025-01-16 14:52:34] INFO: Iteration 46/100
[176494] [2025-01-16 14:53:16] INFO: ==> Train Set: Acc: 100.00%, Loss: 0.00106146, Best model in epoch 88
[176494] [2025-01-16 14:53:18] INFO: ==> Test Set: Acc: 95.69%, Loss: 0.16522056
[176494] [2025-01-16 14:53:18] INFO: --------------------------------------------
[176494] [2025-01-16 14:53:18] INFO: Iteration 47/100
[176494] [2025-01-16 14:54:01] INFO: ==> Train Set: Acc: 100.00%, Loss: 0.00077416, Best model in epoch 82
[176494] [2025-01-16 14:54:03] INFO: ==> Test Set: Acc: 96.67%, Loss: 0.13883377
[176494] [2025-01-16 14:54:03] INFO: --------------------------------------------
[176494] [2025-01-16 14:54:03] INFO: Iteration 48/100
[176494] [2025-01-16 14:54:47] INFO: ==> Train Set: Acc: 100.00%, Loss: 0.00069269, Best model in epoch 98
[176494] [2025-01-16 14:54:49] INFO: ==> Test Set: Acc: 95.78%, Loss: 0.14699036
[176494] [2025-01-16 14:54:49] INFO: --------------------------------------------
[176494] [2025-01-16 14:54:49] INFO: Iteration 49/100
[176494] [2025-01-16 14:55:33] INFO: ==> Train Set: Acc: 100.00%, Loss: 0.00102578, Best model in epoch 96
[176494] [2025-01-16 14:55:34] INFO: ==> Test Set: Acc: 93.53%, Loss: 0.36995065
[176494] [2025-01-16 14:55:34] INFO: --------------------------------------------
[176494] [2025-01-16 14:55:34] INFO: Iteration 50/100
[176494] [2025-01-16 14:56:18] INFO: ==> Train Set: Acc: 100.00%, Loss: 0.00065274, Best model in epoch 94
[176494] [2025-01-16 14:56:19] INFO: ==> Test Set: Acc: 96.08%, Loss: 0.18943692
[176494] [2025-01-16 14:56:19] INFO: --------------------------------------------
[176494] [2025-01-16 14:56:19] INFO: Iteration 51/100
[176494] [2025-01-16 14:57:02] INFO: ==> Train Set: Acc: 100.00%, Loss: 0.00100511, Best model in epoch 98
[176494] [2025-01-16 14:57:03] INFO: ==> Test Set: Acc: 97.16%, Loss: 0.14863407
[176494] [2025-01-16 14:57:03] INFO: --------------------------------------------
[176494] [2025-01-16 14:57:03] INFO: Iteration 52/100
[176494] [2025-01-16 14:57:47] INFO: ==> Train Set: Acc: 100.00%, Loss: 0.00034884, Best model in epoch 99
[176494] [2025-01-16 14:57:48] INFO: ==> Test Set: Acc: 96.27%, Loss: 0.24628999
[176494] [2025-01-16 14:57:49] INFO: --------------------------------------------
[176494] [2025-01-16 14:57:49] INFO: Iteration 53/100
[176494] [2025-01-16 14:58:33] INFO: ==> Train Set: Acc: 100.00%, Loss: 0.00070979, Best model in epoch 98
[176494] [2025-01-16 14:58:34] INFO: ==> Test Set: Acc: 95.10%, Loss: 0.21008019
[176494] [2025-01-16 14:58:34] INFO: --------------------------------------------
[176494] [2025-01-16 14:58:34] INFO: Iteration 54/100
[176494] [2025-01-16 14:59:18] INFO: ==> Train Set: Acc: 100.00%, Loss: 0.00109369, Best model in epoch 74
[176494] [2025-01-16 14:59:19] INFO: ==> Test Set: Acc: 95.39%, Loss: 0.21525006
[176494] [2025-01-16 14:59:19] INFO: --------------------------------------------
[176494] [2025-01-16 14:59:19] INFO: Iteration 55/100
[176494] [2025-01-16 15:00:03] INFO: ==> Train Set: Acc: 100.00%, Loss: 0.00093418, Best model in epoch 99
[176494] [2025-01-16 15:00:04] INFO: ==> Test Set: Acc: 97.25%, Loss: 0.08278230
[176494] [2025-01-16 15:00:04] INFO: --------------------------------------------
[176494] [2025-01-16 15:00:04] INFO: Iteration 56/100
[176494] [2025-01-16 15:00:47] INFO: ==> Train Set: Acc: 100.00%, Loss: 0.00145519, Best model in epoch 60
[176494] [2025-01-16 15:00:49] INFO: ==> Test Set: Acc: 94.71%, Loss: 0.21256983
[176494] [2025-01-16 15:00:49] INFO: --------------------------------------------
[176494] [2025-01-16 15:00:49] INFO: Iteration 57/100
[176494] [2025-01-16 15:01:32] INFO: ==> Train Set: Acc: 100.00%, Loss: 0.00055835, Best model in epoch 93
[176494] [2025-01-16 15:01:34] INFO: ==> Test Set: Acc: 97.55%, Loss: 0.06704530
[176494] [2025-01-16 15:01:34] INFO: --------------------------------------------
[176494] [2025-01-16 15:01:34] INFO: Iteration 58/100
[176494] [2025-01-16 15:02:18] INFO: ==> Train Set: Acc: 100.00%, Loss: 0.00042757, Best model in epoch 92
[176494] [2025-01-16 15:02:19] INFO: ==> Test Set: Acc: 95.00%, Loss: 0.17899541
[176494] [2025-01-16 15:02:19] INFO: --------------------------------------------
[176494] [2025-01-16 15:02:19] INFO: Iteration 59/100
[176494] [2025-01-16 15:03:03] INFO: ==> Train Set: Acc: 100.00%, Loss: 0.00041624, Best model in epoch 74
[176494] [2025-01-16 15:03:04] INFO: ==> Test Set: Acc: 96.67%, Loss: 0.10927571
[176494] [2025-01-16 15:03:04] INFO: --------------------------------------------
[176494] [2025-01-16 15:03:04] INFO: Iteration 60/100
[176494] [2025-01-16 15:03:48] INFO: ==> Train Set: Acc: 100.00%, Loss: 0.00041663, Best model in epoch 93
[176494] [2025-01-16 15:03:49] INFO: ==> Test Set: Acc: 97.16%, Loss: 0.08945979
[176494] [2025-01-16 15:03:49] INFO: --------------------------------------------
[176494] [2025-01-16 15:03:49] INFO: Iteration 61/100
[176494] [2025-01-16 15:04:33] INFO: ==> Train Set: Acc: 100.00%, Loss: 0.00074198, Best model in epoch 67
[176494] [2025-01-16 15:04:34] INFO: ==> Test Set: Acc: 95.00%, Loss: 0.35546755
[176494] [2025-01-16 15:04:34] INFO: --------------------------------------------
[176494] [2025-01-16 15:04:34] INFO: Iteration 62/100
[176494] [2025-01-16 15:05:18] INFO: ==> Train Set: Acc: 100.00%, Loss: 0.00060323, Best model in epoch 97
[176494] [2025-01-16 15:05:20] INFO: ==> Test Set: Acc: 96.76%, Loss: 0.15307353
[176494] [2025-01-16 15:05:20] INFO: --------------------------------------------
[176494] [2025-01-16 15:05:20] INFO: Iteration 63/100
[176494] [2025-01-16 15:06:04] INFO: ==> Train Set: Acc: 100.00%, Loss: 0.00035593, Best model in epoch 97
[176494] [2025-01-16 15:06:06] INFO: ==> Test Set: Acc: 93.24%, Loss: 0.39799108
[176494] [2025-01-16 15:06:06] INFO: --------------------------------------------
[176494] [2025-01-16 15:06:06] INFO: Iteration 64/100
[176494] [2025-01-16 15:06:50] INFO: ==> Train Set: Acc: 100.00%, Loss: 0.00101255, Best model in epoch 79
[176494] [2025-01-16 15:06:51] INFO: ==> Test Set: Acc: 95.10%, Loss: 0.30129723
[176494] [2025-01-16 15:06:51] INFO: --------------------------------------------
[176494] [2025-01-16 15:06:51] INFO: Iteration 65/100
[176494] [2025-01-16 15:07:34] INFO: ==> Train Set: Acc: 100.00%, Loss: 0.00087528, Best model in epoch 66
[176494] [2025-01-16 15:07:36] INFO: ==> Test Set: Acc: 91.47%, Loss: 0.43703021
[176494] [2025-01-16 15:07:36] INFO: --------------------------------------------
[176494] [2025-01-16 15:07:36] INFO: Iteration 66/100
[176494] [2025-01-16 15:08:20] INFO: ==> Train Set: Acc: 100.00%, Loss: 0.00075060, Best model in epoch 81
[176494] [2025-01-16 15:08:21] INFO: ==> Test Set: Acc: 95.59%, Loss: 0.15625521
[176494] [2025-01-16 15:08:21] INFO: --------------------------------------------
[176494] [2025-01-16 15:08:21] INFO: Iteration 67/100
[176494] [2025-01-16 15:09:06] INFO: ==> Train Set: Acc: 100.00%, Loss: 0.00068489, Best model in epoch 91
[176494] [2025-01-16 15:09:07] INFO: ==> Test Set: Acc: 93.92%, Loss: 0.31062953
[176494] [2025-01-16 15:09:07] INFO: --------------------------------------------
[176494] [2025-01-16 15:09:07] INFO: Iteration 68/100
[176494] [2025-01-16 15:09:51] INFO: ==> Train Set: Acc: 100.00%, Loss: 0.00081885, Best model in epoch 54
[176494] [2025-01-16 15:09:52] INFO: ==> Test Set: Acc: 95.39%, Loss: 0.18756565
[176494] [2025-01-16 15:09:52] INFO: --------------------------------------------
[176494] [2025-01-16 15:09:52] INFO: Iteration 69/100
[176494] [2025-01-16 15:10:37] INFO: ==> Train Set: Acc: 100.00%, Loss: 0.00073534, Best model in epoch 72
[176494] [2025-01-16 15:10:38] INFO: ==> Test Set: Acc: 91.27%, Loss: 0.36717379
[176494] [2025-01-16 15:10:38] INFO: --------------------------------------------
[176494] [2025-01-16 15:10:38] INFO: Iteration 70/100
[176494] [2025-01-16 15:11:21] INFO: ==> Train Set: Acc: 100.00%, Loss: 0.00056284, Best model in epoch 97
[176494] [2025-01-16 15:11:23] INFO: ==> Test Set: Acc: 96.86%, Loss: 0.08272935
[176494] [2025-01-16 15:11:23] INFO: --------------------------------------------
[176494] [2025-01-16 15:11:23] INFO: Iteration 71/100
[176494] [2025-01-16 15:12:08] INFO: ==> Train Set: Acc: 100.00%, Loss: 0.00048983, Best model in epoch 93
[176494] [2025-01-16 15:12:09] INFO: ==> Test Set: Acc: 96.47%, Loss: 0.16285483
[176494] [2025-01-16 15:12:09] INFO: --------------------------------------------
[176494] [2025-01-16 15:12:09] INFO: Iteration 72/100
[176494] [2025-01-16 15:12:53] INFO: ==> Train Set: Acc: 100.00%, Loss: 0.00063472, Best model in epoch 91
[176494] [2025-01-16 15:12:54] INFO: ==> Test Set: Acc: 95.00%, Loss: 0.25198714
[176494] [2025-01-16 15:12:54] INFO: --------------------------------------------
[176494] [2025-01-16 15:12:54] INFO: Iteration 73/100
[176494] [2025-01-16 15:13:39] INFO: ==> Train Set: Acc: 100.00%, Loss: 0.00100497, Best model in epoch 89
[176494] [2025-01-16 15:13:40] INFO: ==> Test Set: Acc: 94.90%, Loss: 0.17034757
[176494] [2025-01-16 15:13:40] INFO: --------------------------------------------
[176494] [2025-01-16 15:13:40] INFO: Iteration 74/100
[176494] [2025-01-16 15:14:24] INFO: ==> Train Set: Acc: 100.00%, Loss: 0.00105320, Best model in epoch 98
[176494] [2025-01-16 15:14:26] INFO: ==> Test Set: Acc: 94.61%, Loss: 0.22567112
[176494] [2025-01-16 15:14:26] INFO: --------------------------------------------
[176494] [2025-01-16 15:14:26] INFO: Iteration 75/100
[176494] [2025-01-16 15:15:09] INFO: ==> Train Set: Acc: 100.00%, Loss: 0.00077045, Best model in epoch 73
[176494] [2025-01-16 15:15:11] INFO: ==> Test Set: Acc: 95.49%, Loss: 0.25351417
[176494] [2025-01-16 15:15:11] INFO: --------------------------------------------
[176494] [2025-01-16 15:15:11] INFO: Iteration 76/100
[176494] [2025-01-16 15:15:54] INFO: ==> Train Set: Acc: 100.00%, Loss: 0.00044888, Best model in epoch 99
[176494] [2025-01-16 15:15:56] INFO: ==> Test Set: Acc: 96.76%, Loss: 0.15047900
[176494] [2025-01-16 15:15:56] INFO: --------------------------------------------
[176494] [2025-01-16 15:15:56] INFO: Iteration 77/100
[176494] [2025-01-16 15:16:41] INFO: ==> Train Set: Acc: 100.00%, Loss: 0.00037108, Best model in epoch 99
[176494] [2025-01-16 15:16:42] INFO: ==> Test Set: Acc: 97.06%, Loss: 0.08521880
[176494] [2025-01-16 15:16:42] INFO: --------------------------------------------
[176494] [2025-01-16 15:16:42] INFO: Iteration 78/100
[176494] [2025-01-16 15:17:26] INFO: ==> Train Set: Acc: 100.00%, Loss: 0.00111219, Best model in epoch 70
[176494] [2025-01-16 15:17:27] INFO: ==> Test Set: Acc: 97.25%, Loss: 0.08695600
[176494] [2025-01-16 15:17:27] INFO: --------------------------------------------
[176494] [2025-01-16 15:17:27] INFO: Iteration 79/100
[176494] [2025-01-16 15:18:12] INFO: ==> Train Set: Acc: 100.00%, Loss: 0.00050929, Best model in epoch 89
[176494] [2025-01-16 15:18:13] INFO: ==> Test Set: Acc: 96.57%, Loss: 0.15736346
[176494] [2025-01-16 15:18:13] INFO: --------------------------------------------
[176494] [2025-01-16 15:18:13] INFO: Iteration 80/100
[176494] [2025-01-16 15:18:56] INFO: ==> Train Set: Acc: 100.00%, Loss: 0.00136116, Best model in epoch 98
[176494] [2025-01-16 15:18:58] INFO: ==> Test Set: Acc: 94.71%, Loss: 0.24279806
[176494] [2025-01-16 15:18:58] INFO: --------------------------------------------
[176494] [2025-01-16 15:18:58] INFO: Iteration 81/100
[176494] [2025-01-16 15:19:42] INFO: ==> Train Set: Acc: 100.00%, Loss: 0.00057984, Best model in epoch 99
[176494] [2025-01-16 15:19:44] INFO: ==> Test Set: Acc: 97.45%, Loss: 0.11950024
[176494] [2025-01-16 15:19:44] INFO: --------------------------------------------
[176494] [2025-01-16 15:19:44] INFO: Iteration 82/100
[176494] [2025-01-16 15:20:28] INFO: ==> Train Set: Acc: 100.00%, Loss: 0.00058274, Best model in epoch 97
[176494] [2025-01-16 15:20:29] INFO: ==> Test Set: Acc: 97.84%, Loss: 0.09511912
[176494] [2025-01-16 15:20:29] INFO: --------------------------------------------
[176494] [2025-01-16 15:20:29] INFO: Iteration 83/100
[176494] [2025-01-16 15:21:14] INFO: ==> Train Set: Acc: 100.00%, Loss: 0.00051217, Best model in epoch 93
[176494] [2025-01-16 15:21:15] INFO: ==> Test Set: Acc: 95.29%, Loss: 0.22205776
[176494] [2025-01-16 15:21:15] INFO: --------------------------------------------
[176494] [2025-01-16 15:21:15] INFO: Iteration 84/100
[176494] [2025-01-16 15:21:58] INFO: ==> Train Set: Acc: 100.00%, Loss: 0.00039844, Best model in epoch 99
[176494] [2025-01-16 15:22:00] INFO: ==> Test Set: Acc: 97.35%, Loss: 0.11325542
[176494] [2025-01-16 15:22:00] INFO: --------------------------------------------
[176494] [2025-01-16 15:22:00] INFO: Iteration 85/100
[176494] [2025-01-16 15:22:44] INFO: ==> Train Set: Acc: 100.00%, Loss: 0.00085042, Best model in epoch 70
[176494] [2025-01-16 15:22:45] INFO: ==> Test Set: Acc: 95.10%, Loss: 0.16460605
[176494] [2025-01-16 15:22:45] INFO: --------------------------------------------
[176494] [2025-01-16 15:22:45] INFO: Iteration 86/100
[176494] [2025-01-16 15:23:30] INFO: ==> Train Set: Acc: 100.00%, Loss: 0.00046505, Best model in epoch 97
[176494] [2025-01-16 15:23:31] INFO: ==> Test Set: Acc: 96.47%, Loss: 0.18559076
[176494] [2025-01-16 15:23:31] INFO: --------------------------------------------
[176494] [2025-01-16 15:23:31] INFO: Iteration 87/100
[176494] [2025-01-16 15:24:06] INFO: ==> Train Set: Acc: 100.00%, Loss: 0.00132354, Best model in epoch 94
[176494] [2025-01-16 15:24:07] INFO: ==> Test Set: Acc: 93.33%, Loss: 0.29478018
[176494] [2025-01-16 15:24:07] INFO: --------------------------------------------
[176494] [2025-01-16 15:24:07] INFO: Iteration 88/100
[176494] [2025-01-16 15:24:40] INFO: ==> Train Set: Acc: 100.00%, Loss: 0.00045902, Best model in epoch 85
[176494] [2025-01-16 15:24:41] INFO: ==> Test Set: Acc: 95.39%, Loss: 0.18618015
[176494] [2025-01-16 15:24:41] INFO: --------------------------------------------
[176494] [2025-01-16 15:24:41] INFO: Iteration 89/100
[176494] [2025-01-16 15:25:13] INFO: ==> Train Set: Acc: 100.00%, Loss: 0.00063937, Best model in epoch 99
[176494] [2025-01-16 15:25:14] INFO: ==> Test Set: Acc: 96.67%, Loss: 0.13153585
[176494] [2025-01-16 15:25:14] INFO: --------------------------------------------
[176494] [2025-01-16 15:25:14] INFO: Iteration 90/100
[176494] [2025-01-16 15:25:47] INFO: ==> Train Set: Acc: 100.00%, Loss: 0.00085511, Best model in epoch 80
[176494] [2025-01-16 15:25:48] INFO: ==> Test Set: Acc: 95.49%, Loss: 0.17475999
[176494] [2025-01-16 15:25:48] INFO: --------------------------------------------
[176494] [2025-01-16 15:25:48] INFO: Iteration 91/100
[176494] [2025-01-16 15:26:20] INFO: ==> Train Set: Acc: 100.00%, Loss: 0.00057865, Best model in epoch 97
[176494] [2025-01-16 15:26:22] INFO: ==> Test Set: Acc: 94.90%, Loss: 0.21707968
[176494] [2025-01-16 15:26:22] INFO: --------------------------------------------
[176494] [2025-01-16 15:26:22] INFO: Iteration 92/100
[176494] [2025-01-16 15:26:55] INFO: ==> Train Set: Acc: 100.00%, Loss: 0.00076003, Best model in epoch 99
[176494] [2025-01-16 15:26:56] INFO: ==> Test Set: Acc: 95.88%, Loss: 0.24041585
[176494] [2025-01-16 15:26:56] INFO: --------------------------------------------
[176494] [2025-01-16 15:26:56] INFO: Iteration 93/100
[176494] [2025-01-16 15:27:28] INFO: ==> Train Set: Acc: 100.00%, Loss: 0.00065398, Best model in epoch 90
[176494] [2025-01-16 15:27:29] INFO: ==> Test Set: Acc: 95.10%, Loss: 0.19995012
[176494] [2025-01-16 15:27:29] INFO: --------------------------------------------
[176494] [2025-01-16 15:27:29] INFO: Iteration 94/100
[176494] [2025-01-16 15:28:01] INFO: ==> Train Set: Acc: 100.00%, Loss: 0.00048088, Best model in epoch 92
[176494] [2025-01-16 15:28:02] INFO: ==> Test Set: Acc: 97.75%, Loss: 0.09957764
[176494] [2025-01-16 15:28:02] INFO: --------------------------------------------
[176494] [2025-01-16 15:28:02] INFO: Iteration 95/100
[176494] [2025-01-16 15:28:35] INFO: ==> Train Set: Acc: 100.00%, Loss: 0.00070182, Best model in epoch 76
[176494] [2025-01-16 15:28:36] INFO: ==> Test Set: Acc: 97.55%, Loss: 0.10161274
[176494] [2025-01-16 15:28:36] INFO: --------------------------------------------
[176494] [2025-01-16 15:28:36] INFO: Iteration 96/100
[176494] [2025-01-16 15:29:09] INFO: ==> Train Set: Acc: 100.00%, Loss: 0.00039525, Best model in epoch 90
[176494] [2025-01-16 15:29:10] INFO: ==> Test Set: Acc: 91.18%, Loss: 0.32009481
[176494] [2025-01-16 15:29:10] INFO: --------------------------------------------
[176494] [2025-01-16 15:29:10] INFO: Iteration 97/100
[176494] [2025-01-16 15:29:43] INFO: ==> Train Set: Acc: 100.00%, Loss: 0.00077464, Best model in epoch 93
[176494] [2025-01-16 15:29:44] INFO: ==> Test Set: Acc: 96.76%, Loss: 0.13995002
[176494] [2025-01-16 15:29:45] INFO: --------------------------------------------
[176494] [2025-01-16 15:29:45] INFO: Iteration 98/100
[176494] [2025-01-16 15:30:18] INFO: ==> Train Set: Acc: 100.00%, Loss: 0.00063082, Best model in epoch 78
[176494] [2025-01-16 15:30:18] INFO: ==> Test Set: Acc: 94.41%, Loss: 0.20349750
[176494] [2025-01-16 15:30:18] INFO: --------------------------------------------
[176494] [2025-01-16 15:30:18] INFO: Iteration 99/100
[176494] [2025-01-16 15:30:50] INFO: ==> Train Set: Acc: 100.00%, Loss: 0.00139564, Best model in epoch 95
[176494] [2025-01-16 15:30:52] INFO: ==> Test Set: Acc: 94.51%, Loss: 0.23649702
[176494] [2025-01-16 15:30:52] INFO: --------------------------------------------
[176494] [2025-01-16 15:30:52] INFO: Iteration 100/100
[176494] [2025-01-16 15:31:25] INFO: ==> Train Set: Acc: 100.00%, Loss: 0.00059062, Best model in epoch 94
[176494] [2025-01-16 15:31:26] INFO: ==> Test Set: Acc: 96.08%, Loss: 0.11555207
