[459119] [2025-01-14 10:14:57] INFO: ==> Running file: /autodl-fs/data/PythonProject/P3MC/downstream.py
[459119] [2025-01-14 10:14:57] INFO: ==> Config: {'exp_name': 'CVTSLANet_ads-b_iq_PT_powerNorm_FT_powerNorm', 'exp_type': 'Downstream_random_rot', 'random_seed': 2024, 'platform': 'linux', 'device': 'cuda', 'iteration': 100, 'epoch': 100, 'dataset': {'name': 'ads-b', 'root': '~/Datasets/ADS-B', 'type': 'iq', 'normalize': 'power', 'train_batch_size': 30, 'test_batch_size': 30, 'ratio': 0.2, 'num_classes': 30, 'shot': 20, 'snr': None}, 'encoder': {'name': 'CVTSLANet', 'root': 'models/KANTSLANet2Feature.py', 'feature_dim': 1024, 'pretrain_path': './runs/Pretext_random_rot/CVTSLANet_ads-b_iq_powerNorm/best_encoder.pth', 'TSLA_config': {'seq_len': 4800, 'patch_size': 32, 'num_channels': 2, 'emb_dim': 256, 'depth': 3, 'dropout_rate': 0.3}}, 'classifier': {'name': 'linear', 'root': 'models/LinearClassifier.py', 'in_dim': 1024, 'ratio': 0.2, 'num_classes': 30}, 'optimizer': {'lr': 0.001, 'weight_decay': 0}, 'extra_info': '', 'exp_path': 'runs/Downstream_random_rot/CVTSLANet_ads-b_iq_PT_powerNorm_FT_powerNorm/20Shot/0114_101457', 'save_path': 'runs/Downstream_random_rot/CVTSLANet_ads-b_iq_PT_powerNorm_FT_powerNorm'}
[459119] [2025-01-14 10:14:57] INFO: --------------------------------------------
[459119] [2025-01-14 10:14:57] INFO: Iteration 1/100
[459119] [2025-01-14 10:16:58] INFO: ==> Train Set: Acc: 99.67%, Loss: 0.01153466, Best model in epoch 84
[459119] [2025-01-14 10:16:59] INFO: ==> Test Set: Acc: 89.40%, Loss: 0.49956529
[459119] [2025-01-14 10:16:59] INFO: --------------------------------------------
[459119] [2025-01-14 10:16:59] INFO: Iteration 2/100
[459119] [2025-01-14 10:18:50] INFO: ==> Train Set: Acc: 99.83%, Loss: 0.01195429, Best model in epoch 99
[459119] [2025-01-14 10:18:52] INFO: ==> Test Set: Acc: 87.23%, Loss: 0.62946426
[459119] [2025-01-14 10:18:52] INFO: --------------------------------------------
[459119] [2025-01-14 10:18:52] INFO: Iteration 3/100
[459119] [2025-01-14 10:20:44] INFO: ==> Train Set: Acc: 99.50%, Loss: 0.01687459, Best model in epoch 64
[459119] [2025-01-14 10:20:46] INFO: ==> Test Set: Acc: 88.50%, Loss: 0.50590307
[459119] [2025-01-14 10:20:46] INFO: --------------------------------------------
[459119] [2025-01-14 10:20:46] INFO: Iteration 4/100
[459119] [2025-01-14 10:22:38] INFO: ==> Train Set: Acc: 99.33%, Loss: 0.01597256, Best model in epoch 82
[459119] [2025-01-14 10:22:39] INFO: ==> Test Set: Acc: 89.07%, Loss: 0.50296894
[459119] [2025-01-14 10:22:39] INFO: --------------------------------------------
[459119] [2025-01-14 10:22:39] INFO: Iteration 5/100
[459119] [2025-01-14 10:24:30] INFO: ==> Train Set: Acc: 99.50%, Loss: 0.01466471, Best model in epoch 88
[459119] [2025-01-14 10:24:32] INFO: ==> Test Set: Acc: 89.53%, Loss: 0.51170197
[459119] [2025-01-14 10:24:32] INFO: --------------------------------------------
[459119] [2025-01-14 10:24:32] INFO: Iteration 6/100
[459119] [2025-01-14 10:26:25] INFO: ==> Train Set: Acc: 99.50%, Loss: 0.01436880, Best model in epoch 65
[459119] [2025-01-14 10:26:27] INFO: ==> Test Set: Acc: 87.17%, Loss: 0.65212954
[459119] [2025-01-14 10:26:27] INFO: --------------------------------------------
[459119] [2025-01-14 10:26:27] INFO: Iteration 7/100
[459119] [2025-01-14 10:28:18] INFO: ==> Train Set: Acc: 99.50%, Loss: 0.01311619, Best model in epoch 57
[459119] [2025-01-14 10:28:20] INFO: ==> Test Set: Acc: 85.50%, Loss: 0.68142532
[459119] [2025-01-14 10:28:20] INFO: --------------------------------------------
[459119] [2025-01-14 10:28:20] INFO: Iteration 8/100
[459119] [2025-01-14 10:30:11] INFO: ==> Train Set: Acc: 99.83%, Loss: 0.00884466, Best model in epoch 98
[459119] [2025-01-14 10:30:13] INFO: ==> Test Set: Acc: 82.37%, Loss: 0.91699094
[459119] [2025-01-14 10:30:13] INFO: --------------------------------------------
[459119] [2025-01-14 10:30:13] INFO: Iteration 9/100
[459119] [2025-01-14 10:32:05] INFO: ==> Train Set: Acc: 99.50%, Loss: 0.01380409, Best model in epoch 93
[459119] [2025-01-14 10:32:06] INFO: ==> Test Set: Acc: 89.37%, Loss: 0.54128663
[459119] [2025-01-14 10:32:06] INFO: --------------------------------------------
[459119] [2025-01-14 10:32:06] INFO: Iteration 10/100
[459119] [2025-01-14 10:33:58] INFO: ==> Train Set: Acc: 99.83%, Loss: 0.00997951, Best model in epoch 96
[459119] [2025-01-14 10:34:00] INFO: ==> Test Set: Acc: 85.80%, Loss: 0.68507677
[459119] [2025-01-14 10:34:00] INFO: --------------------------------------------
[459119] [2025-01-14 10:34:00] INFO: Iteration 11/100
[459119] [2025-01-14 10:35:51] INFO: ==> Train Set: Acc: 99.67%, Loss: 0.00845490, Best model in epoch 82
[459119] [2025-01-14 10:35:53] INFO: ==> Test Set: Acc: 86.83%, Loss: 0.59554091
[459119] [2025-01-14 10:35:53] INFO: --------------------------------------------
[459119] [2025-01-14 10:35:53] INFO: Iteration 12/100
[459119] [2025-01-14 10:37:44] INFO: ==> Train Set: Acc: 99.83%, Loss: 0.01111235, Best model in epoch 72
[459119] [2025-01-14 10:37:46] INFO: ==> Test Set: Acc: 86.40%, Loss: 0.67514763
[459119] [2025-01-14 10:37:46] INFO: --------------------------------------------
[459119] [2025-01-14 10:37:46] INFO: Iteration 13/100
[459119] [2025-01-14 10:39:55] INFO: ==> Train Set: Acc: 99.83%, Loss: 0.01073373, Best model in epoch 93
[459119] [2025-01-14 10:39:57] INFO: ==> Test Set: Acc: 89.87%, Loss: 0.47233112
[459119] [2025-01-14 10:39:57] INFO: --------------------------------------------
[459119] [2025-01-14 10:39:57] INFO: Iteration 14/100
[459119] [2025-01-14 10:42:42] INFO: ==> Train Set: Acc: 99.50%, Loss: 0.01229870, Best model in epoch 94
[459119] [2025-01-14 10:42:45] INFO: ==> Test Set: Acc: 87.77%, Loss: 0.69033440
[459119] [2025-01-14 10:42:45] INFO: --------------------------------------------
[459119] [2025-01-14 10:42:45] INFO: Iteration 15/100
[459119] [2025-01-14 10:45:49] INFO: ==> Train Set: Acc: 100.00%, Loss: 0.00679790, Best model in epoch 66
[459119] [2025-01-14 10:45:52] INFO: ==> Test Set: Acc: 87.97%, Loss: 0.60706600
[459119] [2025-01-14 10:45:52] INFO: --------------------------------------------
[459119] [2025-01-14 10:45:52] INFO: Iteration 16/100
[459119] [2025-01-14 10:48:57] INFO: ==> Train Set: Acc: 99.50%, Loss: 0.01313791, Best model in epoch 69
[459119] [2025-01-14 10:49:00] INFO: ==> Test Set: Acc: 86.40%, Loss: 0.86110889
[459119] [2025-01-14 10:49:00] INFO: --------------------------------------------
[459119] [2025-01-14 10:49:00] INFO: Iteration 17/100
[459119] [2025-01-14 10:52:03] INFO: ==> Train Set: Acc: 99.50%, Loss: 0.01283691, Best model in epoch 68
[459119] [2025-01-14 10:52:06] INFO: ==> Test Set: Acc: 85.57%, Loss: 0.77828037
[459119] [2025-01-14 10:52:06] INFO: --------------------------------------------
[459119] [2025-01-14 10:52:06] INFO: Iteration 18/100
[459119] [2025-01-14 10:55:11] INFO: ==> Train Set: Acc: 99.83%, Loss: 0.01025498, Best model in epoch 90
[459119] [2025-01-14 10:55:14] INFO: ==> Test Set: Acc: 86.73%, Loss: 0.57982260
[459119] [2025-01-14 10:55:14] INFO: --------------------------------------------
[459119] [2025-01-14 10:55:14] INFO: Iteration 19/100
[459119] [2025-01-14 10:58:17] INFO: ==> Train Set: Acc: 99.83%, Loss: 0.00647579, Best model in epoch 71
[459119] [2025-01-14 10:58:19] INFO: ==> Test Set: Acc: 88.93%, Loss: 0.60415690
[459119] [2025-01-14 10:58:19] INFO: --------------------------------------------
[459119] [2025-01-14 10:58:19] INFO: Iteration 20/100
[459119] [2025-01-14 11:01:22] INFO: ==> Train Set: Acc: 99.67%, Loss: 0.00752536, Best model in epoch 85
[459119] [2025-01-14 11:01:25] INFO: ==> Test Set: Acc: 91.30%, Loss: 0.39749132
[459119] [2025-01-14 11:01:25] INFO: --------------------------------------------
[459119] [2025-01-14 11:01:25] INFO: Iteration 21/100
[459119] [2025-01-14 11:04:30] INFO: ==> Train Set: Acc: 99.50%, Loss: 0.01841561, Best model in epoch 69
[459119] [2025-01-14 11:04:32] INFO: ==> Test Set: Acc: 86.10%, Loss: 0.65365357
[459119] [2025-01-14 11:04:33] INFO: --------------------------------------------
[459119] [2025-01-14 11:04:33] INFO: Iteration 22/100
[459119] [2025-01-14 11:07:33] INFO: ==> Train Set: Acc: 99.67%, Loss: 0.01580083, Best model in epoch 88
[459119] [2025-01-14 11:07:36] INFO: ==> Test Set: Acc: 82.57%, Loss: 0.81985369
[459119] [2025-01-14 11:07:36] INFO: --------------------------------------------
[459119] [2025-01-14 11:07:36] INFO: Iteration 23/100
[459119] [2025-01-14 11:10:38] INFO: ==> Train Set: Acc: 100.00%, Loss: 0.00441511, Best model in epoch 70
[459119] [2025-01-14 11:10:41] INFO: ==> Test Set: Acc: 87.60%, Loss: 0.58112616
[459119] [2025-01-14 11:10:41] INFO: --------------------------------------------
[459119] [2025-01-14 11:10:41] INFO: Iteration 24/100
[459119] [2025-01-14 11:13:41] INFO: ==> Train Set: Acc: 99.50%, Loss: 0.01697326, Best model in epoch 98
[459119] [2025-01-14 11:13:45] INFO: ==> Test Set: Acc: 87.77%, Loss: 0.61985857
[459119] [2025-01-14 11:13:45] INFO: --------------------------------------------
[459119] [2025-01-14 11:13:45] INFO: Iteration 25/100
[459119] [2025-01-14 11:16:44] INFO: ==> Train Set: Acc: 99.17%, Loss: 0.01716771, Best model in epoch 97
[459119] [2025-01-14 11:16:47] INFO: ==> Test Set: Acc: 89.60%, Loss: 0.50061063
[459119] [2025-01-14 11:16:47] INFO: --------------------------------------------
[459119] [2025-01-14 11:16:47] INFO: Iteration 26/100
[459119] [2025-01-14 11:19:44] INFO: ==> Train Set: Acc: 99.50%, Loss: 0.01268314, Best model in epoch 73
[459119] [2025-01-14 11:19:47] INFO: ==> Test Set: Acc: 89.40%, Loss: 0.49221564
[459119] [2025-01-14 11:19:47] INFO: --------------------------------------------
[459119] [2025-01-14 11:19:47] INFO: Iteration 27/100
[459119] [2025-01-14 11:22:46] INFO: ==> Train Set: Acc: 100.00%, Loss: 0.01054009, Best model in epoch 83
[459119] [2025-01-14 11:22:49] INFO: ==> Test Set: Acc: 89.53%, Loss: 0.52561325
[459119] [2025-01-14 11:22:49] INFO: --------------------------------------------
[459119] [2025-01-14 11:22:49] INFO: Iteration 28/100
[459119] [2025-01-14 11:25:52] INFO: ==> Train Set: Acc: 99.33%, Loss: 0.01915993, Best model in epoch 99
[459119] [2025-01-14 11:25:55] INFO: ==> Test Set: Acc: 88.10%, Loss: 0.62185455
[459119] [2025-01-14 11:25:55] INFO: --------------------------------------------
[459119] [2025-01-14 11:25:55] INFO: Iteration 29/100
[459119] [2025-01-14 11:28:55] INFO: ==> Train Set: Acc: 99.67%, Loss: 0.01106453, Best model in epoch 99
[459119] [2025-01-14 11:28:58] INFO: ==> Test Set: Acc: 90.83%, Loss: 0.43502861
[459119] [2025-01-14 11:28:58] INFO: --------------------------------------------
[459119] [2025-01-14 11:28:58] INFO: Iteration 30/100
[459119] [2025-01-14 11:31:58] INFO: ==> Train Set: Acc: 99.67%, Loss: 0.01309295, Best model in epoch 87
[459119] [2025-01-14 11:32:02] INFO: ==> Test Set: Acc: 88.40%, Loss: 0.53202220
[459119] [2025-01-14 11:32:02] INFO: --------------------------------------------
[459119] [2025-01-14 11:32:02] INFO: Iteration 31/100
[459119] [2025-01-14 11:35:04] INFO: ==> Train Set: Acc: 99.67%, Loss: 0.00693479, Best model in epoch 59
[459119] [2025-01-14 11:35:07] INFO: ==> Test Set: Acc: 88.30%, Loss: 0.49605695
[459119] [2025-01-14 11:35:07] INFO: --------------------------------------------
[459119] [2025-01-14 11:35:07] INFO: Iteration 32/100
[459119] [2025-01-14 11:38:06] INFO: ==> Train Set: Acc: 99.67%, Loss: 0.01397359, Best model in epoch 98
[459119] [2025-01-14 11:38:10] INFO: ==> Test Set: Acc: 89.63%, Loss: 0.51319669
[459119] [2025-01-14 11:38:10] INFO: --------------------------------------------
[459119] [2025-01-14 11:38:10] INFO: Iteration 33/100
[459119] [2025-01-14 11:41:06] INFO: ==> Train Set: Acc: 99.50%, Loss: 0.01344703, Best model in epoch 88
[459119] [2025-01-14 11:41:08] INFO: ==> Test Set: Acc: 87.00%, Loss: 0.58063520
[459119] [2025-01-14 11:41:08] INFO: --------------------------------------------
[459119] [2025-01-14 11:41:08] INFO: Iteration 34/100
[459119] [2025-01-14 11:44:06] INFO: ==> Train Set: Acc: 99.67%, Loss: 0.01382662, Best model in epoch 88
[459119] [2025-01-14 11:44:10] INFO: ==> Test Set: Acc: 89.90%, Loss: 0.43900012
[459119] [2025-01-14 11:44:10] INFO: --------------------------------------------
[459119] [2025-01-14 11:44:10] INFO: Iteration 35/100
[459119] [2025-01-14 11:47:07] INFO: ==> Train Set: Acc: 99.50%, Loss: 0.01185547, Best model in epoch 96
[459119] [2025-01-14 11:47:10] INFO: ==> Test Set: Acc: 89.63%, Loss: 0.48401703
[459119] [2025-01-14 11:47:10] INFO: --------------------------------------------
[459119] [2025-01-14 11:47:10] INFO: Iteration 36/100
[459119] [2025-01-14 11:50:06] INFO: ==> Train Set: Acc: 99.67%, Loss: 0.01247598, Best model in epoch 91
[459119] [2025-01-14 11:50:08] INFO: ==> Test Set: Acc: 88.17%, Loss: 0.62570357
[459119] [2025-01-14 11:50:08] INFO: --------------------------------------------
[459119] [2025-01-14 11:50:08] INFO: Iteration 37/100
[459119] [2025-01-14 11:52:30] INFO: ==> Train Set: Acc: 99.67%, Loss: 0.00895035, Best model in epoch 82
[459119] [2025-01-14 11:52:33] INFO: ==> Test Set: Acc: 90.87%, Loss: 0.44490914
[459119] [2025-01-14 11:52:33] INFO: --------------------------------------------
[459119] [2025-01-14 11:52:33] INFO: Iteration 38/100
[459119] [2025-01-14 11:54:34] INFO: ==> Train Set: Acc: 99.50%, Loss: 0.01557602, Best model in epoch 77
[459119] [2025-01-14 11:54:36] INFO: ==> Test Set: Acc: 87.10%, Loss: 0.68106785
[459119] [2025-01-14 11:54:36] INFO: --------------------------------------------
[459119] [2025-01-14 11:54:36] INFO: Iteration 39/100
[459119] [2025-01-14 11:56:26] INFO: ==> Train Set: Acc: 99.67%, Loss: 0.01196211, Best model in epoch 71
[459119] [2025-01-14 11:56:28] INFO: ==> Test Set: Acc: 88.93%, Loss: 0.52086279
[459119] [2025-01-14 11:56:28] INFO: --------------------------------------------
[459119] [2025-01-14 11:56:28] INFO: Iteration 40/100
[459119] [2025-01-14 11:58:20] INFO: ==> Train Set: Acc: 99.67%, Loss: 0.01236871, Best model in epoch 70
[459119] [2025-01-14 11:58:22] INFO: ==> Test Set: Acc: 85.67%, Loss: 0.67466714
[459119] [2025-01-14 11:58:22] INFO: --------------------------------------------
[459119] [2025-01-14 11:58:22] INFO: Iteration 41/100
[459119] [2025-01-14 12:00:14] INFO: ==> Train Set: Acc: 99.83%, Loss: 0.00898568, Best model in epoch 99
[459119] [2025-01-14 12:00:15] INFO: ==> Test Set: Acc: 86.77%, Loss: 0.65452931
[459119] [2025-01-14 12:00:15] INFO: --------------------------------------------
[459119] [2025-01-14 12:00:15] INFO: Iteration 42/100
[459119] [2025-01-14 12:02:07] INFO: ==> Train Set: Acc: 99.50%, Loss: 0.01699001, Best model in epoch 83
[459119] [2025-01-14 12:02:08] INFO: ==> Test Set: Acc: 89.80%, Loss: 0.49063601
[459119] [2025-01-14 12:02:08] INFO: --------------------------------------------
[459119] [2025-01-14 12:02:08] INFO: Iteration 43/100
[459119] [2025-01-14 12:04:00] INFO: ==> Train Set: Acc: 99.50%, Loss: 0.01556344, Best model in epoch 49
[459119] [2025-01-14 12:04:02] INFO: ==> Test Set: Acc: 86.13%, Loss: 0.75389677
[459119] [2025-01-14 12:04:02] INFO: --------------------------------------------
[459119] [2025-01-14 12:04:02] INFO: Iteration 44/100
[459119] [2025-01-14 12:05:54] INFO: ==> Train Set: Acc: 99.67%, Loss: 0.01122137, Best model in epoch 96
[459119] [2025-01-14 12:05:56] INFO: ==> Test Set: Acc: 86.73%, Loss: 0.68636710
[459119] [2025-01-14 12:05:56] INFO: --------------------------------------------
[459119] [2025-01-14 12:05:56] INFO: Iteration 45/100
[459119] [2025-01-14 12:07:49] INFO: ==> Train Set: Acc: 99.83%, Loss: 0.01185301, Best model in epoch 53
[459119] [2025-01-14 12:07:51] INFO: ==> Test Set: Acc: 86.77%, Loss: 0.62286198
[459119] [2025-01-14 12:07:51] INFO: --------------------------------------------
[459119] [2025-01-14 12:07:51] INFO: Iteration 46/100
[459119] [2025-01-14 12:09:42] INFO: ==> Train Set: Acc: 99.83%, Loss: 0.00688144, Best model in epoch 83
[459119] [2025-01-14 12:09:43] INFO: ==> Test Set: Acc: 87.93%, Loss: 0.64844400
[459119] [2025-01-14 12:09:44] INFO: --------------------------------------------
[459119] [2025-01-14 12:09:44] INFO: Iteration 47/100
[459119] [2025-01-14 12:12:46] INFO: ==> Train Set: Acc: 99.50%, Loss: 0.01310694, Best model in epoch 78
[459119] [2025-01-14 12:12:49] INFO: ==> Test Set: Acc: 85.53%, Loss: 0.68007346
[459119] [2025-01-14 12:12:49] INFO: --------------------------------------------
[459119] [2025-01-14 12:12:49] INFO: Iteration 48/100
[459119] [2025-01-14 12:16:09] INFO: ==> Train Set: Acc: 99.67%, Loss: 0.00942872, Best model in epoch 87
[459119] [2025-01-14 12:16:12] INFO: ==> Test Set: Acc: 88.80%, Loss: 0.45682588
[459119] [2025-01-14 12:16:12] INFO: --------------------------------------------
[459119] [2025-01-14 12:16:12] INFO: Iteration 49/100
[459119] [2025-01-14 12:19:31] INFO: ==> Train Set: Acc: 99.83%, Loss: 0.00969649, Best model in epoch 97
[459119] [2025-01-14 12:19:34] INFO: ==> Test Set: Acc: 87.73%, Loss: 0.61486223
[459119] [2025-01-14 12:19:34] INFO: --------------------------------------------
[459119] [2025-01-14 12:19:34] INFO: Iteration 50/100
[459119] [2025-01-14 12:22:54] INFO: ==> Train Set: Acc: 100.00%, Loss: 0.00754222, Best model in epoch 96
[459119] [2025-01-14 12:22:57] INFO: ==> Test Set: Acc: 87.20%, Loss: 0.64658612
[459119] [2025-01-14 12:22:57] INFO: --------------------------------------------
[459119] [2025-01-14 12:22:57] INFO: Iteration 51/100
[459119] [2025-01-14 12:26:17] INFO: ==> Train Set: Acc: 99.83%, Loss: 0.00698400, Best model in epoch 78
[459119] [2025-01-14 12:26:20] INFO: ==> Test Set: Acc: 89.53%, Loss: 0.49329009
[459119] [2025-01-14 12:26:20] INFO: --------------------------------------------
[459119] [2025-01-14 12:26:20] INFO: Iteration 52/100
[459119] [2025-01-14 12:29:39] INFO: ==> Train Set: Acc: 99.83%, Loss: 0.00703019, Best model in epoch 95
[459119] [2025-01-14 12:29:42] INFO: ==> Test Set: Acc: 87.20%, Loss: 0.61922109
[459119] [2025-01-14 12:29:42] INFO: --------------------------------------------
[459119] [2025-01-14 12:29:42] INFO: Iteration 53/100
[459119] [2025-01-14 12:33:02] INFO: ==> Train Set: Acc: 100.00%, Loss: 0.00593110, Best model in epoch 85
[459119] [2025-01-14 12:33:06] INFO: ==> Test Set: Acc: 84.20%, Loss: 0.79703163
[459119] [2025-01-14 12:33:06] INFO: --------------------------------------------
[459119] [2025-01-14 12:33:06] INFO: Iteration 54/100
[459119] [2025-01-14 12:36:25] INFO: ==> Train Set: Acc: 99.83%, Loss: 0.00640630, Best model in epoch 77
[459119] [2025-01-14 12:36:28] INFO: ==> Test Set: Acc: 86.80%, Loss: 0.55981484
[459119] [2025-01-14 12:36:28] INFO: --------------------------------------------
[459119] [2025-01-14 12:36:28] INFO: Iteration 55/100
[459119] [2025-01-14 12:39:46] INFO: ==> Train Set: Acc: 99.83%, Loss: 0.00971355, Best model in epoch 88
[459119] [2025-01-14 12:39:49] INFO: ==> Test Set: Acc: 89.83%, Loss: 0.48100022
[459119] [2025-01-14 12:39:49] INFO: --------------------------------------------
[459119] [2025-01-14 12:39:49] INFO: Iteration 56/100
[459119] [2025-01-14 12:43:09] INFO: ==> Train Set: Acc: 99.00%, Loss: 0.01727732, Best model in epoch 65
[459119] [2025-01-14 12:43:12] INFO: ==> Test Set: Acc: 85.30%, Loss: 0.71237030
[459119] [2025-01-14 12:43:12] INFO: --------------------------------------------
[459119] [2025-01-14 12:43:12] INFO: Iteration 57/100
[459119] [2025-01-14 12:46:32] INFO: ==> Train Set: Acc: 99.83%, Loss: 0.00888096, Best model in epoch 88
[459119] [2025-01-14 12:46:36] INFO: ==> Test Set: Acc: 88.87%, Loss: 0.53287522
[459119] [2025-01-14 12:46:36] INFO: --------------------------------------------
[459119] [2025-01-14 12:46:36] INFO: Iteration 58/100
[459119] [2025-01-14 12:49:58] INFO: ==> Train Set: Acc: 99.67%, Loss: 0.01210785, Best model in epoch 92
[459119] [2025-01-14 12:50:01] INFO: ==> Test Set: Acc: 86.43%, Loss: 0.76167722
[459119] [2025-01-14 12:50:01] INFO: --------------------------------------------
[459119] [2025-01-14 12:50:01] INFO: Iteration 59/100
[459119] [2025-01-14 12:53:28] INFO: ==> Train Set: Acc: 99.50%, Loss: 0.01613927, Best model in epoch 91
[459119] [2025-01-14 12:53:32] INFO: ==> Test Set: Acc: 86.87%, Loss: 0.60921468
[459119] [2025-01-14 12:53:32] INFO: --------------------------------------------
[459119] [2025-01-14 12:53:32] INFO: Iteration 60/100
[459119] [2025-01-14 12:56:59] INFO: ==> Train Set: Acc: 99.67%, Loss: 0.01198373, Best model in epoch 63
[459119] [2025-01-14 12:57:02] INFO: ==> Test Set: Acc: 89.77%, Loss: 0.46699253
[459119] [2025-01-14 12:57:02] INFO: --------------------------------------------
[459119] [2025-01-14 12:57:02] INFO: Iteration 61/100
[459119] [2025-01-14 13:00:28] INFO: ==> Train Set: Acc: 99.50%, Loss: 0.01496061, Best model in epoch 99
[459119] [2025-01-14 13:00:31] INFO: ==> Test Set: Acc: 89.47%, Loss: 0.45240102
[459119] [2025-01-14 13:00:31] INFO: --------------------------------------------
[459119] [2025-01-14 13:00:31] INFO: Iteration 62/100
[459119] [2025-01-14 13:03:56] INFO: ==> Train Set: Acc: 99.67%, Loss: 0.00873408, Best model in epoch 73
[459119] [2025-01-14 13:03:58] INFO: ==> Test Set: Acc: 85.07%, Loss: 0.71496095
[459119] [2025-01-14 13:03:58] INFO: --------------------------------------------
[459119] [2025-01-14 13:03:58] INFO: Iteration 63/100
[459119] [2025-01-14 13:07:25] INFO: ==> Train Set: Acc: 99.83%, Loss: 0.00674469, Best model in epoch 88
[459119] [2025-01-14 13:07:29] INFO: ==> Test Set: Acc: 89.40%, Loss: 0.48964537
[459119] [2025-01-14 13:07:29] INFO: --------------------------------------------
[459119] [2025-01-14 13:07:29] INFO: Iteration 64/100
[459119] [2025-01-14 13:10:53] INFO: ==> Train Set: Acc: 99.67%, Loss: 0.01272615, Best model in epoch 82
[459119] [2025-01-14 13:10:57] INFO: ==> Test Set: Acc: 89.67%, Loss: 0.44908956
[459119] [2025-01-14 13:10:57] INFO: --------------------------------------------
[459119] [2025-01-14 13:10:57] INFO: Iteration 65/100
[459119] [2025-01-14 13:14:24] INFO: ==> Train Set: Acc: 99.83%, Loss: 0.01101585, Best model in epoch 68
[459119] [2025-01-14 13:14:28] INFO: ==> Test Set: Acc: 90.20%, Loss: 0.48968999
[459119] [2025-01-14 13:14:28] INFO: --------------------------------------------
[459119] [2025-01-14 13:14:28] INFO: Iteration 66/100
[459119] [2025-01-14 13:17:55] INFO: ==> Train Set: Acc: 99.33%, Loss: 0.01925638, Best model in epoch 72
[459119] [2025-01-14 13:17:59] INFO: ==> Test Set: Acc: 87.23%, Loss: 0.55231108
[459119] [2025-01-14 13:17:59] INFO: --------------------------------------------
[459119] [2025-01-14 13:17:59] INFO: Iteration 67/100
[459119] [2025-01-14 13:21:12] INFO: ==> Train Set: Acc: 99.50%, Loss: 0.00956401, Best model in epoch 77
[459119] [2025-01-14 13:21:15] INFO: ==> Test Set: Acc: 87.10%, Loss: 0.56930688
[459119] [2025-01-14 13:21:15] INFO: --------------------------------------------
[459119] [2025-01-14 13:21:15] INFO: Iteration 68/100
[459119] [2025-01-14 13:24:01] INFO: ==> Train Set: Acc: 99.83%, Loss: 0.00863231, Best model in epoch 92
[459119] [2025-01-14 13:24:04] INFO: ==> Test Set: Acc: 89.13%, Loss: 0.42434209
[459119] [2025-01-14 13:24:04] INFO: --------------------------------------------
[459119] [2025-01-14 13:24:04] INFO: Iteration 69/100
[459119] [2025-01-14 13:26:50] INFO: ==> Train Set: Acc: 99.33%, Loss: 0.01906694, Best model in epoch 37
[459119] [2025-01-14 13:26:52] INFO: ==> Test Set: Acc: 84.93%, Loss: 0.70051410
[459119] [2025-01-14 13:26:52] INFO: --------------------------------------------
[459119] [2025-01-14 13:26:52] INFO: Iteration 70/100
[459119] [2025-01-14 13:29:40] INFO: ==> Train Set: Acc: 99.33%, Loss: 0.01538669, Best model in epoch 84
[459119] [2025-01-14 13:29:42] INFO: ==> Test Set: Acc: 84.87%, Loss: 0.71072615
[459119] [2025-01-14 13:29:42] INFO: --------------------------------------------
[459119] [2025-01-14 13:29:42] INFO: Iteration 71/100
[459119] [2025-01-14 13:32:28] INFO: ==> Train Set: Acc: 99.83%, Loss: 0.00927623, Best model in epoch 76
[459119] [2025-01-14 13:32:31] INFO: ==> Test Set: Acc: 87.93%, Loss: 0.53610713
[459119] [2025-01-14 13:32:31] INFO: --------------------------------------------
[459119] [2025-01-14 13:32:31] INFO: Iteration 72/100
[459119] [2025-01-14 13:35:18] INFO: ==> Train Set: Acc: 99.67%, Loss: 0.01053643, Best model in epoch 82
[459119] [2025-01-14 13:35:21] INFO: ==> Test Set: Acc: 86.83%, Loss: 0.60334418
[459119] [2025-01-14 13:35:21] INFO: --------------------------------------------
[459119] [2025-01-14 13:35:21] INFO: Iteration 73/100
[459119] [2025-01-14 13:38:07] INFO: ==> Train Set: Acc: 99.67%, Loss: 0.01293139, Best model in epoch 97
[459119] [2025-01-14 13:38:09] INFO: ==> Test Set: Acc: 86.90%, Loss: 0.70182631
[459119] [2025-01-14 13:38:09] INFO: --------------------------------------------
[459119] [2025-01-14 13:38:09] INFO: Iteration 74/100
[459119] [2025-01-14 13:40:54] INFO: ==> Train Set: Acc: 99.67%, Loss: 0.00973207, Best model in epoch 99
[459119] [2025-01-14 13:40:57] INFO: ==> Test Set: Acc: 88.70%, Loss: 0.59990721
[459119] [2025-01-14 13:40:57] INFO: --------------------------------------------
[459119] [2025-01-14 13:40:57] INFO: Iteration 75/100
[459119] [2025-01-14 13:43:23] INFO: ==> Train Set: Acc: 99.67%, Loss: 0.00692320, Best model in epoch 86
[459119] [2025-01-14 13:43:25] INFO: ==> Test Set: Acc: 89.53%, Loss: 0.53039865
[459119] [2025-01-14 13:43:25] INFO: --------------------------------------------
[459119] [2025-01-14 13:43:25] INFO: Iteration 76/100
[459119] [2025-01-14 13:45:18] INFO: ==> Train Set: Acc: 99.67%, Loss: 0.00861682, Best model in epoch 93
[459119] [2025-01-14 13:45:20] INFO: ==> Test Set: Acc: 89.33%, Loss: 0.53637797
[459119] [2025-01-14 13:45:20] INFO: --------------------------------------------
[459119] [2025-01-14 13:45:20] INFO: Iteration 77/100
[459119] [2025-01-14 13:47:15] INFO: ==> Train Set: Acc: 99.17%, Loss: 0.01525164, Best model in epoch 81
[459119] [2025-01-14 13:47:16] INFO: ==> Test Set: Acc: 90.63%, Loss: 0.44358671
[459119] [2025-01-14 13:47:16] INFO: --------------------------------------------
[459119] [2025-01-14 13:47:16] INFO: Iteration 78/100
[459119] [2025-01-14 13:49:12] INFO: ==> Train Set: Acc: 99.67%, Loss: 0.00914507, Best model in epoch 92
[459119] [2025-01-14 13:49:14] INFO: ==> Test Set: Acc: 89.90%, Loss: 0.45793779
[459119] [2025-01-14 13:49:14] INFO: --------------------------------------------
[459119] [2025-01-14 13:49:14] INFO: Iteration 79/100
[459119] [2025-01-14 13:51:08] INFO: ==> Train Set: Acc: 99.83%, Loss: 0.01081936, Best model in epoch 94
[459119] [2025-01-14 13:51:10] INFO: ==> Test Set: Acc: 88.47%, Loss: 0.60773421
[459119] [2025-01-14 13:51:10] INFO: --------------------------------------------
[459119] [2025-01-14 13:51:10] INFO: Iteration 80/100
[459119] [2025-01-14 13:53:05] INFO: ==> Train Set: Acc: 99.33%, Loss: 0.01651124, Best model in epoch 66
[459119] [2025-01-14 13:53:07] INFO: ==> Test Set: Acc: 87.43%, Loss: 0.56988650
[459119] [2025-01-14 13:53:07] INFO: --------------------------------------------
[459119] [2025-01-14 13:53:07] INFO: Iteration 81/100
[459119] [2025-01-14 13:55:03] INFO: ==> Train Set: Acc: 99.67%, Loss: 0.01311711, Best model in epoch 99
[459119] [2025-01-14 13:55:05] INFO: ==> Test Set: Acc: 89.10%, Loss: 0.56159347
[459119] [2025-01-14 13:55:05] INFO: --------------------------------------------
[459119] [2025-01-14 13:55:05] INFO: Iteration 82/100
[459119] [2025-01-14 13:56:59] INFO: ==> Train Set: Acc: 99.67%, Loss: 0.01219207, Best model in epoch 81
[459119] [2025-01-14 13:57:01] INFO: ==> Test Set: Acc: 89.47%, Loss: 0.47254971
[459119] [2025-01-14 13:57:01] INFO: --------------------------------------------
[459119] [2025-01-14 13:57:01] INFO: Iteration 83/100
[459119] [2025-01-14 13:58:55] INFO: ==> Train Set: Acc: 99.67%, Loss: 0.01206658, Best model in epoch 75
[459119] [2025-01-14 13:58:57] INFO: ==> Test Set: Acc: 87.20%, Loss: 0.57419123
[459119] [2025-01-14 13:58:57] INFO: --------------------------------------------
[459119] [2025-01-14 13:58:57] INFO: Iteration 84/100
[459119] [2025-01-14 14:00:53] INFO: ==> Train Set: Acc: 100.00%, Loss: 0.00886511, Best model in epoch 96
[459119] [2025-01-14 14:00:55] INFO: ==> Test Set: Acc: 87.60%, Loss: 0.63977599
[459119] [2025-01-14 14:00:55] INFO: --------------------------------------------
[459119] [2025-01-14 14:00:55] INFO: Iteration 85/100
[459119] [2025-01-14 14:02:49] INFO: ==> Train Set: Acc: 99.67%, Loss: 0.01140468, Best model in epoch 92
[459119] [2025-01-14 14:02:50] INFO: ==> Test Set: Acc: 82.17%, Loss: 0.92913106
[459119] [2025-01-14 14:02:50] INFO: --------------------------------------------
[459119] [2025-01-14 14:02:50] INFO: Iteration 86/100
[459119] [2025-01-14 14:04:45] INFO: ==> Train Set: Acc: 99.50%, Loss: 0.01750088, Best model in epoch 92
[459119] [2025-01-14 14:04:46] INFO: ==> Test Set: Acc: 88.77%, Loss: 0.58048175
[459119] [2025-01-14 14:04:46] INFO: --------------------------------------------
[459119] [2025-01-14 14:04:46] INFO: Iteration 87/100
[459119] [2025-01-14 14:06:41] INFO: ==> Train Set: Acc: 99.50%, Loss: 0.00807379, Best model in epoch 98
[459119] [2025-01-14 14:06:43] INFO: ==> Test Set: Acc: 89.10%, Loss: 0.57506070
[459119] [2025-01-14 14:06:43] INFO: --------------------------------------------
[459119] [2025-01-14 14:06:43] INFO: Iteration 88/100
[459119] [2025-01-14 14:08:36] INFO: ==> Train Set: Acc: 99.67%, Loss: 0.01352273, Best model in epoch 99
[459119] [2025-01-14 14:08:38] INFO: ==> Test Set: Acc: 87.07%, Loss: 0.61650525
[459119] [2025-01-14 14:08:38] INFO: --------------------------------------------
[459119] [2025-01-14 14:08:38] INFO: Iteration 89/100
[459119] [2025-01-14 14:10:34] INFO: ==> Train Set: Acc: 99.83%, Loss: 0.00770687, Best model in epoch 83
[459119] [2025-01-14 14:10:35] INFO: ==> Test Set: Acc: 85.93%, Loss: 0.70540005
[459119] [2025-01-14 14:10:35] INFO: --------------------------------------------
[459119] [2025-01-14 14:10:35] INFO: Iteration 90/100
[459119] [2025-01-14 14:12:30] INFO: ==> Train Set: Acc: 99.67%, Loss: 0.01507328, Best model in epoch 96
[459119] [2025-01-14 14:12:32] INFO: ==> Test Set: Acc: 88.87%, Loss: 0.62864183
[459119] [2025-01-14 14:12:32] INFO: --------------------------------------------
[459119] [2025-01-14 14:12:32] INFO: Iteration 91/100
[459119] [2025-01-14 14:14:26] INFO: ==> Train Set: Acc: 99.83%, Loss: 0.01267772, Best model in epoch 87
[459119] [2025-01-14 14:14:28] INFO: ==> Test Set: Acc: 83.63%, Loss: 0.87548442
[459119] [2025-01-14 14:14:28] INFO: --------------------------------------------
[459119] [2025-01-14 14:14:28] INFO: Iteration 92/100
[459119] [2025-01-14 14:16:24] INFO: ==> Train Set: Acc: 99.50%, Loss: 0.01349099, Best model in epoch 92
[459119] [2025-01-14 14:16:26] INFO: ==> Test Set: Acc: 89.53%, Loss: 0.49457557
[459119] [2025-01-14 14:16:26] INFO: --------------------------------------------
[459119] [2025-01-14 14:16:26] INFO: Iteration 93/100
[459119] [2025-01-14 14:18:22] INFO: ==> Train Set: Acc: 99.50%, Loss: 0.01486159, Best model in epoch 88
[459119] [2025-01-14 14:18:24] INFO: ==> Test Set: Acc: 89.10%, Loss: 0.53659281
[459119] [2025-01-14 14:18:24] INFO: --------------------------------------------
[459119] [2025-01-14 14:18:24] INFO: Iteration 94/100
[459119] [2025-01-14 14:20:18] INFO: ==> Train Set: Acc: 99.67%, Loss: 0.01186511, Best model in epoch 70
[459119] [2025-01-14 14:20:20] INFO: ==> Test Set: Acc: 84.57%, Loss: 0.71773862
[459119] [2025-01-14 14:20:20] INFO: --------------------------------------------
[459119] [2025-01-14 14:20:20] INFO: Iteration 95/100
[459119] [2025-01-14 14:22:16] INFO: ==> Train Set: Acc: 99.50%, Loss: 0.01458985, Best model in epoch 75
[459119] [2025-01-14 14:22:18] INFO: ==> Test Set: Acc: 87.17%, Loss: 0.62535714
[459119] [2025-01-14 14:22:18] INFO: --------------------------------------------
[459119] [2025-01-14 14:22:18] INFO: Iteration 96/100
[459119] [2025-01-14 14:24:16] INFO: ==> Train Set: Acc: 99.67%, Loss: 0.01291451, Best model in epoch 96
[459119] [2025-01-14 14:24:18] INFO: ==> Test Set: Acc: 87.90%, Loss: 0.54807892
[459119] [2025-01-14 14:24:18] INFO: --------------------------------------------
[459119] [2025-01-14 14:24:18] INFO: Iteration 97/100
[459119] [2025-01-14 14:26:13] INFO: ==> Train Set: Acc: 99.83%, Loss: 0.00798253, Best model in epoch 78
[459119] [2025-01-14 14:26:15] INFO: ==> Test Set: Acc: 88.03%, Loss: 0.50825113
[459119] [2025-01-14 14:26:15] INFO: --------------------------------------------
[459119] [2025-01-14 14:26:15] INFO: Iteration 98/100
[459119] [2025-01-14 14:28:13] INFO: ==> Train Set: Acc: 99.83%, Loss: 0.00889939, Best model in epoch 77
[459119] [2025-01-14 14:28:14] INFO: ==> Test Set: Acc: 89.13%, Loss: 0.50373245
[459119] [2025-01-14 14:28:14] INFO: --------------------------------------------
[459119] [2025-01-14 14:28:14] INFO: Iteration 99/100
[459119] [2025-01-14 14:30:10] INFO: ==> Train Set: Acc: 99.67%, Loss: 0.01217992, Best model in epoch 95
[459119] [2025-01-14 14:30:12] INFO: ==> Test Set: Acc: 88.40%, Loss: 0.60043774
[459119] [2025-01-14 14:30:12] INFO: --------------------------------------------
[459119] [2025-01-14 14:30:12] INFO: Iteration 100/100
[459119] [2025-01-14 14:32:09] INFO: ==> Train Set: Acc: 99.67%, Loss: 0.01274952, Best model in epoch 93
[459119] [2025-01-14 14:32:11] INFO: ==> Test Set: Acc: 88.63%, Loss: 0.56663344
