[12554] [2025-01-16 10:12:04] INFO: ==> Running file: /autodl-fs/data/PythonProject/P3MC/downstream_lr.py
[12554] [2025-01-16 10:12:04] INFO: ==> Config: {'exp_name': 'CVTSLANet_LR_ads-b-10_iq_PT_powerNorm_FT_powerNorm', 'exp_type': 'Downstream_random_rot', 'random_seed': 2024, 'platform': 'linux', 'device': 'cuda', 'iteration': 100, 'epoch': 100, 'dataset': {'name': 'ads-b-10', 'root': '~/Datasets/ADS-B', 'type': 'iq', 'normalize': 'power', 'train_batch_size': 30, 'test_batch_size': 30, 'ratio': 0.2, 'num_classes': 10, 'shot': 1, 'snr': None}, 'encoder': {'name': 'CVTSLANet', 'root': 'models/KANTSLANet2Feature.py', 'feature_dim': 1024, 'pretrain_path': './runs/Pretext_random_rot/CVTSLANet_ads-b_iq_powerNorm/best_encoder.pth', 'TSLA_config': {'seq_len': 4800, 'patch_size': 32, 'num_channels': 2, 'emb_dim': 256, 'depth': 3, 'dropout_rate': 0.3}}, 'classifier': {'name': 'lr', 'root': '', 'in_dim': 1024, 'ratio': 0.2, 'num_classes': 10}, 'optimizer': {'lr': 0.001, 'weight_decay': 0}, 'extra_info': '', 'exp_path': 'runs/Downstream_random_rot/CVTSLANet_LR_ads-b-10_iq_PT_powerNorm_FT_powerNorm/1Shot/0116_101204', 'save_path': 'runs/Downstream_random_rot/CVTSLANet_LR_ads-b-10_iq_PT_powerNorm_FT_powerNorm'}
[12554] [2025-01-16 10:12:04] INFO: --------------------------------------------
[12554] [2025-01-16 10:12:04] INFO: Iteration 1/100
[12554] [2025-01-16 10:12:39] INFO: Acc: 80.00%
[12554] [2025-01-16 10:12:39] INFO: --------------------------------------------
[12554] [2025-01-16 10:12:39] INFO: Iteration 2/100
[12554] [2025-01-16 10:12:42] INFO: Acc: 85.00%
[12554] [2025-01-16 10:12:42] INFO: --------------------------------------------
[12554] [2025-01-16 10:12:42] INFO: Iteration 3/100
[12554] [2025-01-16 10:12:43] INFO: Acc: 83.80%
[12554] [2025-01-16 10:12:43] INFO: --------------------------------------------
[12554] [2025-01-16 10:12:43] INFO: Iteration 4/100
[12554] [2025-01-16 10:12:46] INFO: Acc: 85.90%
[12554] [2025-01-16 10:12:46] INFO: --------------------------------------------
[12554] [2025-01-16 10:12:46] INFO: Iteration 5/100
[12554] [2025-01-16 10:12:48] INFO: Acc: 80.60%
[12554] [2025-01-16 10:12:48] INFO: --------------------------------------------
[12554] [2025-01-16 10:12:48] INFO: Iteration 6/100
[12554] [2025-01-16 10:12:50] INFO: Acc: 83.80%
[12554] [2025-01-16 10:12:50] INFO: --------------------------------------------
[12554] [2025-01-16 10:12:50] INFO: Iteration 7/100
[12554] [2025-01-16 10:12:52] INFO: Acc: 86.50%
[12554] [2025-01-16 10:12:52] INFO: --------------------------------------------
[12554] [2025-01-16 10:12:52] INFO: Iteration 8/100
[12554] [2025-01-16 10:12:55] INFO: Acc: 88.50%
[12554] [2025-01-16 10:12:55] INFO: --------------------------------------------
[12554] [2025-01-16 10:12:55] INFO: Iteration 9/100
[12554] [2025-01-16 10:12:57] INFO: Acc: 81.10%
[12554] [2025-01-16 10:12:57] INFO: --------------------------------------------
[12554] [2025-01-16 10:12:57] INFO: Iteration 10/100
[12554] [2025-01-16 10:12:59] INFO: Acc: 81.10%
[12554] [2025-01-16 10:12:59] INFO: --------------------------------------------
[12554] [2025-01-16 10:12:59] INFO: Iteration 11/100
[12554] [2025-01-16 10:13:01] INFO: Acc: 74.10%
[12554] [2025-01-16 10:13:01] INFO: --------------------------------------------
[12554] [2025-01-16 10:13:01] INFO: Iteration 12/100
[12554] [2025-01-16 10:13:03] INFO: Acc: 84.30%
[12554] [2025-01-16 10:13:03] INFO: --------------------------------------------
[12554] [2025-01-16 10:13:03] INFO: Iteration 13/100
[12554] [2025-01-16 10:13:06] INFO: Acc: 85.30%
[12554] [2025-01-16 10:13:06] INFO: --------------------------------------------
[12554] [2025-01-16 10:13:06] INFO: Iteration 14/100
[12554] [2025-01-16 10:13:08] INFO: Acc: 86.50%
[12554] [2025-01-16 10:13:08] INFO: --------------------------------------------
[12554] [2025-01-16 10:13:08] INFO: Iteration 15/100
[12554] [2025-01-16 10:13:10] INFO: Acc: 76.70%
[12554] [2025-01-16 10:13:10] INFO: --------------------------------------------
[12554] [2025-01-16 10:13:10] INFO: Iteration 16/100
[12554] [2025-01-16 10:13:12] INFO: Acc: 82.50%
[12554] [2025-01-16 10:13:12] INFO: --------------------------------------------
[12554] [2025-01-16 10:13:12] INFO: Iteration 17/100
[12554] [2025-01-16 10:13:14] INFO: Acc: 83.30%
[12554] [2025-01-16 10:13:14] INFO: --------------------------------------------
[12554] [2025-01-16 10:13:14] INFO: Iteration 18/100
[12554] [2025-01-16 10:13:16] INFO: Acc: 74.00%
[12554] [2025-01-16 10:13:16] INFO: --------------------------------------------
[12554] [2025-01-16 10:13:16] INFO: Iteration 19/100
[12554] [2025-01-16 10:13:18] INFO: Acc: 85.30%
[12554] [2025-01-16 10:13:18] INFO: --------------------------------------------
[12554] [2025-01-16 10:13:18] INFO: Iteration 20/100
[12554] [2025-01-16 10:13:20] INFO: Acc: 82.30%
[12554] [2025-01-16 10:13:20] INFO: --------------------------------------------
[12554] [2025-01-16 10:13:20] INFO: Iteration 21/100
[12554] [2025-01-16 10:13:22] INFO: Acc: 78.80%
[12554] [2025-01-16 10:13:22] INFO: --------------------------------------------
[12554] [2025-01-16 10:13:22] INFO: Iteration 22/100
[12554] [2025-01-16 10:13:25] INFO: Acc: 79.90%
[12554] [2025-01-16 10:13:25] INFO: --------------------------------------------
[12554] [2025-01-16 10:13:25] INFO: Iteration 23/100
[12554] [2025-01-16 10:13:26] INFO: Acc: 83.20%
[12554] [2025-01-16 10:13:26] INFO: --------------------------------------------
[12554] [2025-01-16 10:13:26] INFO: Iteration 24/100
[12554] [2025-01-16 10:13:29] INFO: Acc: 82.90%
[12554] [2025-01-16 10:13:29] INFO: --------------------------------------------
[12554] [2025-01-16 10:13:29] INFO: Iteration 25/100
[12554] [2025-01-16 10:13:31] INFO: Acc: 81.60%
[12554] [2025-01-16 10:13:31] INFO: --------------------------------------------
[12554] [2025-01-16 10:13:31] INFO: Iteration 26/100
[12554] [2025-01-16 10:13:33] INFO: Acc: 85.00%
[12554] [2025-01-16 10:13:33] INFO: --------------------------------------------
[12554] [2025-01-16 10:13:33] INFO: Iteration 27/100
[12554] [2025-01-16 10:13:36] INFO: Acc: 86.70%
[12554] [2025-01-16 10:13:36] INFO: --------------------------------------------
[12554] [2025-01-16 10:13:36] INFO: Iteration 28/100
[12554] [2025-01-16 10:13:38] INFO: Acc: 79.90%
[12554] [2025-01-16 10:13:38] INFO: --------------------------------------------
[12554] [2025-01-16 10:13:38] INFO: Iteration 29/100
[12554] [2025-01-16 10:13:40] INFO: Acc: 81.00%
[12554] [2025-01-16 10:13:40] INFO: --------------------------------------------
[12554] [2025-01-16 10:13:40] INFO: Iteration 30/100
[12554] [2025-01-16 10:13:42] INFO: Acc: 80.30%
[12554] [2025-01-16 10:13:42] INFO: --------------------------------------------
[12554] [2025-01-16 10:13:42] INFO: Iteration 31/100
[12554] [2025-01-16 10:13:44] INFO: Acc: 83.20%
[12554] [2025-01-16 10:13:44] INFO: --------------------------------------------
[12554] [2025-01-16 10:13:44] INFO: Iteration 32/100
[12554] [2025-01-16 10:13:46] INFO: Acc: 83.80%
[12554] [2025-01-16 10:13:46] INFO: --------------------------------------------
[12554] [2025-01-16 10:13:46] INFO: Iteration 33/100
[12554] [2025-01-16 10:13:48] INFO: Acc: 82.50%
[12554] [2025-01-16 10:13:48] INFO: --------------------------------------------
[12554] [2025-01-16 10:13:48] INFO: Iteration 34/100
[12554] [2025-01-16 10:13:51] INFO: Acc: 87.00%
[12554] [2025-01-16 10:13:51] INFO: --------------------------------------------
[12554] [2025-01-16 10:13:51] INFO: Iteration 35/100
[12554] [2025-01-16 10:13:53] INFO: Acc: 89.20%
[12554] [2025-01-16 10:13:53] INFO: --------------------------------------------
[12554] [2025-01-16 10:13:53] INFO: Iteration 36/100
[12554] [2025-01-16 10:13:55] INFO: Acc: 82.20%
[12554] [2025-01-16 10:13:55] INFO: --------------------------------------------
[12554] [2025-01-16 10:13:55] INFO: Iteration 37/100
[12554] [2025-01-16 10:13:58] INFO: Acc: 82.10%
[12554] [2025-01-16 10:13:58] INFO: --------------------------------------------
[12554] [2025-01-16 10:13:58] INFO: Iteration 38/100
[12554] [2025-01-16 10:14:01] INFO: Acc: 82.00%
[12554] [2025-01-16 10:14:01] INFO: --------------------------------------------
[12554] [2025-01-16 10:14:01] INFO: Iteration 39/100
[12554] [2025-01-16 10:14:03] INFO: Acc: 86.50%
[12554] [2025-01-16 10:14:03] INFO: --------------------------------------------
[12554] [2025-01-16 10:14:03] INFO: Iteration 40/100
[12554] [2025-01-16 10:14:05] INFO: Acc: 85.40%
[12554] [2025-01-16 10:14:05] INFO: --------------------------------------------
[12554] [2025-01-16 10:14:05] INFO: Iteration 41/100
[12554] [2025-01-16 10:14:08] INFO: Acc: 86.70%
[12554] [2025-01-16 10:14:08] INFO: --------------------------------------------
[12554] [2025-01-16 10:14:08] INFO: Iteration 42/100
[12554] [2025-01-16 10:14:10] INFO: Acc: 85.60%
[12554] [2025-01-16 10:14:10] INFO: --------------------------------------------
[12554] [2025-01-16 10:14:10] INFO: Iteration 43/100
[12554] [2025-01-16 10:14:13] INFO: Acc: 86.30%
[12554] [2025-01-16 10:14:13] INFO: --------------------------------------------
[12554] [2025-01-16 10:14:13] INFO: Iteration 44/100
[12554] [2025-01-16 10:14:15] INFO: Acc: 78.80%
[12554] [2025-01-16 10:14:15] INFO: --------------------------------------------
[12554] [2025-01-16 10:14:15] INFO: Iteration 45/100
[12554] [2025-01-16 10:14:18] INFO: Acc: 88.90%
[12554] [2025-01-16 10:14:18] INFO: --------------------------------------------
[12554] [2025-01-16 10:14:18] INFO: Iteration 46/100
[12554] [2025-01-16 10:14:20] INFO: Acc: 85.10%
[12554] [2025-01-16 10:14:21] INFO: --------------------------------------------
[12554] [2025-01-16 10:14:21] INFO: Iteration 47/100
[12554] [2025-01-16 10:14:23] INFO: Acc: 81.10%
[12554] [2025-01-16 10:14:23] INFO: --------------------------------------------
[12554] [2025-01-16 10:14:23] INFO: Iteration 48/100
[12554] [2025-01-16 10:14:25] INFO: Acc: 84.70%
[12554] [2025-01-16 10:14:25] INFO: --------------------------------------------
[12554] [2025-01-16 10:14:25] INFO: Iteration 49/100
[12554] [2025-01-16 10:14:28] INFO: Acc: 84.20%
[12554] [2025-01-16 10:14:28] INFO: --------------------------------------------
[12554] [2025-01-16 10:14:28] INFO: Iteration 50/100
[12554] [2025-01-16 10:14:30] INFO: Acc: 87.80%
[12554] [2025-01-16 10:14:30] INFO: --------------------------------------------
[12554] [2025-01-16 10:14:30] INFO: Iteration 51/100
[12554] [2025-01-16 10:14:33] INFO: Acc: 73.20%
[12554] [2025-01-16 10:14:33] INFO: --------------------------------------------
[12554] [2025-01-16 10:14:33] INFO: Iteration 52/100
[12554] [2025-01-16 10:14:36] INFO: Acc: 84.50%
[12554] [2025-01-16 10:14:36] INFO: --------------------------------------------
[12554] [2025-01-16 10:14:36] INFO: Iteration 53/100
[12554] [2025-01-16 10:14:38] INFO: Acc: 87.80%
[12554] [2025-01-16 10:14:39] INFO: --------------------------------------------
[12554] [2025-01-16 10:14:39] INFO: Iteration 54/100
[12554] [2025-01-16 10:14:41] INFO: Acc: 82.60%
[12554] [2025-01-16 10:14:41] INFO: --------------------------------------------
[12554] [2025-01-16 10:14:41] INFO: Iteration 55/100
[12554] [2025-01-16 10:14:43] INFO: Acc: 89.10%
[12554] [2025-01-16 10:14:44] INFO: --------------------------------------------
[12554] [2025-01-16 10:14:44] INFO: Iteration 56/100
[12554] [2025-01-16 10:14:46] INFO: Acc: 78.60%
[12554] [2025-01-16 10:14:46] INFO: --------------------------------------------
[12554] [2025-01-16 10:14:46] INFO: Iteration 57/100
[12554] [2025-01-16 10:14:49] INFO: Acc: 84.80%
[12554] [2025-01-16 10:14:49] INFO: --------------------------------------------
[12554] [2025-01-16 10:14:49] INFO: Iteration 58/100
[12554] [2025-01-16 10:14:51] INFO: Acc: 76.40%
[12554] [2025-01-16 10:14:51] INFO: --------------------------------------------
[12554] [2025-01-16 10:14:51] INFO: Iteration 59/100
[12554] [2025-01-16 10:14:54] INFO: Acc: 88.10%
[12554] [2025-01-16 10:14:54] INFO: --------------------------------------------
[12554] [2025-01-16 10:14:54] INFO: Iteration 60/100
[12554] [2025-01-16 10:14:56] INFO: Acc: 77.80%
[12554] [2025-01-16 10:14:56] INFO: --------------------------------------------
[12554] [2025-01-16 10:14:56] INFO: Iteration 61/100
[12554] [2025-01-16 10:14:59] INFO: Acc: 77.50%
[12554] [2025-01-16 10:14:59] INFO: --------------------------------------------
[12554] [2025-01-16 10:14:59] INFO: Iteration 62/100
[12554] [2025-01-16 10:15:01] INFO: Acc: 82.80%
[12554] [2025-01-16 10:15:01] INFO: --------------------------------------------
[12554] [2025-01-16 10:15:01] INFO: Iteration 63/100
[12554] [2025-01-16 10:15:04] INFO: Acc: 88.20%
[12554] [2025-01-16 10:15:04] INFO: --------------------------------------------
[12554] [2025-01-16 10:15:04] INFO: Iteration 64/100
[12554] [2025-01-16 10:15:06] INFO: Acc: 80.10%
[12554] [2025-01-16 10:15:06] INFO: --------------------------------------------
[12554] [2025-01-16 10:15:06] INFO: Iteration 65/100
[12554] [2025-01-16 10:15:08] INFO: Acc: 81.30%
[12554] [2025-01-16 10:15:08] INFO: --------------------------------------------
[12554] [2025-01-16 10:15:08] INFO: Iteration 66/100
[12554] [2025-01-16 10:15:10] INFO: Acc: 79.80%
[12554] [2025-01-16 10:15:10] INFO: --------------------------------------------
[12554] [2025-01-16 10:15:10] INFO: Iteration 67/100
[12554] [2025-01-16 10:15:13] INFO: Acc: 84.90%
[12554] [2025-01-16 10:15:13] INFO: --------------------------------------------
[12554] [2025-01-16 10:15:13] INFO: Iteration 68/100
[12554] [2025-01-16 10:15:15] INFO: Acc: 81.40%
[12554] [2025-01-16 10:15:15] INFO: --------------------------------------------
[12554] [2025-01-16 10:15:15] INFO: Iteration 69/100
[12554] [2025-01-16 10:15:18] INFO: Acc: 82.00%
[12554] [2025-01-16 10:15:18] INFO: --------------------------------------------
[12554] [2025-01-16 10:15:18] INFO: Iteration 70/100
[12554] [2025-01-16 10:15:21] INFO: Acc: 83.80%
[12554] [2025-01-16 10:15:21] INFO: --------------------------------------------
[12554] [2025-01-16 10:15:21] INFO: Iteration 71/100
[12554] [2025-01-16 10:15:23] INFO: Acc: 85.00%
[12554] [2025-01-16 10:15:23] INFO: --------------------------------------------
[12554] [2025-01-16 10:15:23] INFO: Iteration 72/100
[12554] [2025-01-16 10:15:26] INFO: Acc: 82.10%
[12554] [2025-01-16 10:15:26] INFO: --------------------------------------------
[12554] [2025-01-16 10:15:26] INFO: Iteration 73/100
[12554] [2025-01-16 10:15:29] INFO: Acc: 86.20%
[12554] [2025-01-16 10:15:29] INFO: --------------------------------------------
[12554] [2025-01-16 10:15:29] INFO: Iteration 74/100
[12554] [2025-01-16 10:15:32] INFO: Acc: 89.70%
[12554] [2025-01-16 10:15:32] INFO: --------------------------------------------
[12554] [2025-01-16 10:15:32] INFO: Iteration 75/100
[12554] [2025-01-16 10:15:35] INFO: Acc: 81.20%
[12554] [2025-01-16 10:15:35] INFO: --------------------------------------------
[12554] [2025-01-16 10:15:35] INFO: Iteration 76/100
[12554] [2025-01-16 10:15:37] INFO: Acc: 85.30%
[12554] [2025-01-16 10:15:37] INFO: --------------------------------------------
[12554] [2025-01-16 10:15:37] INFO: Iteration 77/100
[12554] [2025-01-16 10:15:40] INFO: Acc: 87.40%
[12554] [2025-01-16 10:15:40] INFO: --------------------------------------------
[12554] [2025-01-16 10:15:40] INFO: Iteration 78/100
[12554] [2025-01-16 10:15:43] INFO: Acc: 78.90%
[12554] [2025-01-16 10:15:43] INFO: --------------------------------------------
[12554] [2025-01-16 10:15:43] INFO: Iteration 79/100
[12554] [2025-01-16 10:15:46] INFO: Acc: 84.50%
[12554] [2025-01-16 10:15:46] INFO: --------------------------------------------
[12554] [2025-01-16 10:15:46] INFO: Iteration 80/100
[12554] [2025-01-16 10:15:49] INFO: Acc: 83.40%
[12554] [2025-01-16 10:15:49] INFO: --------------------------------------------
[12554] [2025-01-16 10:15:49] INFO: Iteration 81/100
[12554] [2025-01-16 10:15:51] INFO: Acc: 72.60%
[12554] [2025-01-16 10:15:51] INFO: --------------------------------------------
[12554] [2025-01-16 10:15:51] INFO: Iteration 82/100
[12554] [2025-01-16 10:15:54] INFO: Acc: 79.20%
[12554] [2025-01-16 10:15:54] INFO: --------------------------------------------
[12554] [2025-01-16 10:15:54] INFO: Iteration 83/100
[12554] [2025-01-16 10:15:57] INFO: Acc: 86.80%
[12554] [2025-01-16 10:15:57] INFO: --------------------------------------------
[12554] [2025-01-16 10:15:57] INFO: Iteration 84/100
[12554] [2025-01-16 10:16:00] INFO: Acc: 84.40%
[12554] [2025-01-16 10:16:00] INFO: --------------------------------------------
[12554] [2025-01-16 10:16:00] INFO: Iteration 85/100
[12554] [2025-01-16 10:16:03] INFO: Acc: 82.40%
[12554] [2025-01-16 10:16:03] INFO: --------------------------------------------
[12554] [2025-01-16 10:16:03] INFO: Iteration 86/100
[12554] [2025-01-16 10:16:05] INFO: Acc: 79.60%
[12554] [2025-01-16 10:16:05] INFO: --------------------------------------------
[12554] [2025-01-16 10:16:05] INFO: Iteration 87/100
[12554] [2025-01-16 10:16:08] INFO: Acc: 77.20%
[12554] [2025-01-16 10:16:08] INFO: --------------------------------------------
[12554] [2025-01-16 10:16:08] INFO: Iteration 88/100
[12554] [2025-01-16 10:16:11] INFO: Acc: 80.70%
[12554] [2025-01-16 10:16:11] INFO: --------------------------------------------
[12554] [2025-01-16 10:16:11] INFO: Iteration 89/100
[12554] [2025-01-16 10:16:14] INFO: Acc: 88.60%
[12554] [2025-01-16 10:16:14] INFO: --------------------------------------------
[12554] [2025-01-16 10:16:14] INFO: Iteration 90/100
[12554] [2025-01-16 10:16:17] INFO: Acc: 75.90%
[12554] [2025-01-16 10:16:17] INFO: --------------------------------------------
[12554] [2025-01-16 10:16:17] INFO: Iteration 91/100
[12554] [2025-01-16 10:16:19] INFO: Acc: 89.80%
[12554] [2025-01-16 10:16:19] INFO: --------------------------------------------
[12554] [2025-01-16 10:16:19] INFO: Iteration 92/100
[12554] [2025-01-16 10:16:22] INFO: Acc: 86.70%
[12554] [2025-01-16 10:16:22] INFO: --------------------------------------------
[12554] [2025-01-16 10:16:22] INFO: Iteration 93/100
[12554] [2025-01-16 10:16:25] INFO: Acc: 85.40%
[12554] [2025-01-16 10:16:25] INFO: --------------------------------------------
[12554] [2025-01-16 10:16:25] INFO: Iteration 94/100
[12554] [2025-01-16 10:16:28] INFO: Acc: 83.50%
[12554] [2025-01-16 10:16:28] INFO: --------------------------------------------
[12554] [2025-01-16 10:16:28] INFO: Iteration 95/100
[12554] [2025-01-16 10:16:31] INFO: Acc: 85.50%
[12554] [2025-01-16 10:16:31] INFO: --------------------------------------------
[12554] [2025-01-16 10:16:31] INFO: Iteration 96/100
[12554] [2025-01-16 10:16:33] INFO: Acc: 73.50%
[12554] [2025-01-16 10:16:33] INFO: --------------------------------------------
[12554] [2025-01-16 10:16:33] INFO: Iteration 97/100
[12554] [2025-01-16 10:16:36] INFO: Acc: 78.90%
[12554] [2025-01-16 10:16:36] INFO: --------------------------------------------
[12554] [2025-01-16 10:16:36] INFO: Iteration 98/100
[12554] [2025-01-16 10:16:38] INFO: Acc: 80.60%
[12554] [2025-01-16 10:16:38] INFO: --------------------------------------------
[12554] [2025-01-16 10:16:38] INFO: Iteration 99/100
[12554] [2025-01-16 10:16:41] INFO: Acc: 74.00%
[12554] [2025-01-16 10:16:41] INFO: --------------------------------------------
[12554] [2025-01-16 10:16:41] INFO: Iteration 100/100
[12554] [2025-01-16 10:16:44] INFO: Acc: 84.80%
