[13937] [2025-01-14 08:31:51] INFO: ==> Running file: /autodl-fs/data/PythonProject/P3MC/downstream_knn.py
[13937] [2025-01-14 08:31:51] INFO: ==> Config: {'exp_name': 'CVTSLANet_KNN_ads-b_iq_PT_powerNorm_FT_powerNorm', 'exp_type': 'Downstream_random_rot', 'random_seed': 2024, 'platform': 'linux', 'device': 'cuda', 'iteration': 100, 'epoch': 100, 'dataset': {'name': 'ads-b', 'root': '~/Datasets/ADS-B', 'type': 'iq', 'normalize': 'power', 'train_batch_size': 30, 'test_batch_size': 30, 'ratio': 0.2, 'num_classes': 30, 'shot': 20, 'snr': None}, 'encoder': {'name': 'CVTSLANet', 'root': 'models/KANTSLANet2Feature.py', 'feature_dim': 1024, 'pretrain_path': './runs/Pretext_random_rot/CVTSLANet_ads-b_iq_powerNorm/best_encoder.pth', 'TSLA_config': {'seq_len': 4800, 'patch_size': 32, 'num_channels': 2, 'emb_dim': 256, 'depth': 3, 'dropout_rate': 0.3}}, 'classifier': {'name': 'knn', 'root': '', 'in_dim': 1024, 'ratio': 0.2, 'num_classes': 30}, 'optimizer': {'lr': 0.001, 'weight_decay': 0}, 'extra_info': '', 'exp_path': 'runs/Downstream_random_rot/CVTSLANet_KNN_ads-b_iq_PT_powerNorm_FT_powerNorm/20Shot/0114_083151', 'save_path': 'runs/Downstream_random_rot/CVTSLANet_KNN_ads-b_iq_PT_powerNorm_FT_powerNorm'}
[13937] [2025-01-14 08:31:51] INFO: --------------------------------------------
[13937] [2025-01-14 08:31:51] INFO: Iteration 1/100
[13937] [2025-01-14 08:31:57] INFO: Acc: 87.10%
[13937] [2025-01-14 08:31:57] INFO: --------------------------------------------
[13937] [2025-01-14 08:31:57] INFO: Iteration 2/100
[13937] [2025-01-14 08:32:03] INFO: Acc: 86.87%
[13937] [2025-01-14 08:32:03] INFO: --------------------------------------------
[13937] [2025-01-14 08:32:03] INFO: Iteration 3/100
[13937] [2025-01-14 08:32:08] INFO: Acc: 85.20%
[13937] [2025-01-14 08:32:08] INFO: --------------------------------------------
[13937] [2025-01-14 08:32:08] INFO: Iteration 4/100
[13937] [2025-01-14 08:32:12] INFO: Acc: 87.10%
[13937] [2025-01-14 08:32:12] INFO: --------------------------------------------
[13937] [2025-01-14 08:32:12] INFO: Iteration 5/100
[13937] [2025-01-14 08:32:18] INFO: Acc: 85.77%
[13937] [2025-01-14 08:32:18] INFO: --------------------------------------------
[13937] [2025-01-14 08:32:18] INFO: Iteration 6/100
[13937] [2025-01-14 08:32:22] INFO: Acc: 87.17%
[13937] [2025-01-14 08:32:22] INFO: --------------------------------------------
[13937] [2025-01-14 08:32:22] INFO: Iteration 7/100
[13937] [2025-01-14 08:32:27] INFO: Acc: 87.33%
[13937] [2025-01-14 08:32:27] INFO: --------------------------------------------
[13937] [2025-01-14 08:32:27] INFO: Iteration 8/100
[13937] [2025-01-14 08:32:32] INFO: Acc: 86.67%
[13937] [2025-01-14 08:32:32] INFO: --------------------------------------------
[13937] [2025-01-14 08:32:32] INFO: Iteration 9/100
[13937] [2025-01-14 08:32:38] INFO: Acc: 87.03%
[13937] [2025-01-14 08:32:38] INFO: --------------------------------------------
[13937] [2025-01-14 08:32:38] INFO: Iteration 10/100
[13937] [2025-01-14 08:32:43] INFO: Acc: 85.53%
[13937] [2025-01-14 08:32:43] INFO: --------------------------------------------
[13937] [2025-01-14 08:32:43] INFO: Iteration 11/100
[13937] [2025-01-14 08:32:48] INFO: Acc: 85.77%
[13937] [2025-01-14 08:32:48] INFO: --------------------------------------------
[13937] [2025-01-14 08:32:48] INFO: Iteration 12/100
[13937] [2025-01-14 08:32:53] INFO: Acc: 86.53%
[13937] [2025-01-14 08:32:53] INFO: --------------------------------------------
[13937] [2025-01-14 08:32:53] INFO: Iteration 13/100
[13937] [2025-01-14 08:32:58] INFO: Acc: 87.47%
[13937] [2025-01-14 08:32:58] INFO: --------------------------------------------
[13937] [2025-01-14 08:32:58] INFO: Iteration 14/100
[13937] [2025-01-14 08:33:04] INFO: Acc: 86.77%
[13937] [2025-01-14 08:33:04] INFO: --------------------------------------------
[13937] [2025-01-14 08:33:04] INFO: Iteration 15/100
[13937] [2025-01-14 08:33:10] INFO: Acc: 86.13%
[13937] [2025-01-14 08:33:10] INFO: --------------------------------------------
[13937] [2025-01-14 08:33:10] INFO: Iteration 16/100
[13937] [2025-01-14 08:33:15] INFO: Acc: 85.50%
[13937] [2025-01-14 08:33:15] INFO: --------------------------------------------
[13937] [2025-01-14 08:33:15] INFO: Iteration 17/100
[13937] [2025-01-14 08:33:20] INFO: Acc: 86.20%
[13937] [2025-01-14 08:33:20] INFO: --------------------------------------------
[13937] [2025-01-14 08:33:20] INFO: Iteration 18/100
[13937] [2025-01-14 08:33:25] INFO: Acc: 86.47%
[13937] [2025-01-14 08:33:25] INFO: --------------------------------------------
[13937] [2025-01-14 08:33:25] INFO: Iteration 19/100
[13937] [2025-01-14 08:33:30] INFO: Acc: 86.30%
[13937] [2025-01-14 08:33:30] INFO: --------------------------------------------
[13937] [2025-01-14 08:33:30] INFO: Iteration 20/100
[13937] [2025-01-14 08:33:35] INFO: Acc: 87.43%
[13937] [2025-01-14 08:33:35] INFO: --------------------------------------------
[13937] [2025-01-14 08:33:35] INFO: Iteration 21/100
[13937] [2025-01-14 08:33:40] INFO: Acc: 86.30%
[13937] [2025-01-14 08:33:40] INFO: --------------------------------------------
[13937] [2025-01-14 08:33:40] INFO: Iteration 22/100
[13937] [2025-01-14 08:33:44] INFO: Acc: 87.07%
[13937] [2025-01-14 08:33:44] INFO: --------------------------------------------
[13937] [2025-01-14 08:33:44] INFO: Iteration 23/100
[13937] [2025-01-14 08:33:50] INFO: Acc: 86.67%
[13937] [2025-01-14 08:33:50] INFO: --------------------------------------------
[13937] [2025-01-14 08:33:50] INFO: Iteration 24/100
[13937] [2025-01-14 08:33:56] INFO: Acc: 85.83%
[13937] [2025-01-14 08:33:56] INFO: --------------------------------------------
[13937] [2025-01-14 08:33:56] INFO: Iteration 25/100
[13937] [2025-01-14 08:34:02] INFO: Acc: 87.50%
[13937] [2025-01-14 08:34:02] INFO: --------------------------------------------
[13937] [2025-01-14 08:34:02] INFO: Iteration 26/100
[13937] [2025-01-14 08:34:08] INFO: Acc: 86.57%
[13937] [2025-01-14 08:34:08] INFO: --------------------------------------------
[13937] [2025-01-14 08:34:08] INFO: Iteration 27/100
[13937] [2025-01-14 08:34:11] INFO: Acc: 87.57%
[13937] [2025-01-14 08:34:11] INFO: --------------------------------------------
[13937] [2025-01-14 08:34:11] INFO: Iteration 28/100
[13937] [2025-01-14 08:34:17] INFO: Acc: 85.87%
[13937] [2025-01-14 08:34:17] INFO: --------------------------------------------
[13937] [2025-01-14 08:34:17] INFO: Iteration 29/100
[13937] [2025-01-14 08:34:23] INFO: Acc: 87.73%
[13937] [2025-01-14 08:34:23] INFO: --------------------------------------------
[13937] [2025-01-14 08:34:23] INFO: Iteration 30/100
[13937] [2025-01-14 08:34:28] INFO: Acc: 86.00%
[13937] [2025-01-14 08:34:28] INFO: --------------------------------------------
[13937] [2025-01-14 08:34:28] INFO: Iteration 31/100
[13937] [2025-01-14 08:34:33] INFO: Acc: 84.33%
[13937] [2025-01-14 08:34:33] INFO: --------------------------------------------
[13937] [2025-01-14 08:34:33] INFO: Iteration 32/100
[13937] [2025-01-14 08:34:39] INFO: Acc: 86.60%
[13937] [2025-01-14 08:34:39] INFO: --------------------------------------------
[13937] [2025-01-14 08:34:39] INFO: Iteration 33/100
[13937] [2025-01-14 08:34:45] INFO: Acc: 85.57%
[13937] [2025-01-14 08:34:45] INFO: --------------------------------------------
[13937] [2025-01-14 08:34:45] INFO: Iteration 34/100
[13937] [2025-01-14 08:34:51] INFO: Acc: 86.30%
[13937] [2025-01-14 08:34:51] INFO: --------------------------------------------
[13937] [2025-01-14 08:34:51] INFO: Iteration 35/100
[13937] [2025-01-14 08:34:56] INFO: Acc: 85.97%
[13937] [2025-01-14 08:34:56] INFO: --------------------------------------------
[13937] [2025-01-14 08:34:56] INFO: Iteration 36/100
[13937] [2025-01-14 08:35:00] INFO: Acc: 85.53%
[13937] [2025-01-14 08:35:00] INFO: --------------------------------------------
[13937] [2025-01-14 08:35:00] INFO: Iteration 37/100
[13937] [2025-01-14 08:35:06] INFO: Acc: 85.23%
[13937] [2025-01-14 08:35:06] INFO: --------------------------------------------
[13937] [2025-01-14 08:35:06] INFO: Iteration 38/100
[13937] [2025-01-14 08:35:12] INFO: Acc: 85.73%
[13937] [2025-01-14 08:35:12] INFO: --------------------------------------------
[13937] [2025-01-14 08:35:12] INFO: Iteration 39/100
[13937] [2025-01-14 08:35:17] INFO: Acc: 86.90%
[13937] [2025-01-14 08:35:17] INFO: --------------------------------------------
[13937] [2025-01-14 08:35:17] INFO: Iteration 40/100
[13937] [2025-01-14 08:35:21] INFO: Acc: 87.30%
[13937] [2025-01-14 08:35:21] INFO: --------------------------------------------
[13937] [2025-01-14 08:35:21] INFO: Iteration 41/100
[13937] [2025-01-14 08:35:27] INFO: Acc: 86.53%
[13937] [2025-01-14 08:35:27] INFO: --------------------------------------------
[13937] [2025-01-14 08:35:27] INFO: Iteration 42/100
[13937] [2025-01-14 08:35:33] INFO: Acc: 86.93%
[13937] [2025-01-14 08:35:33] INFO: --------------------------------------------
[13937] [2025-01-14 08:35:33] INFO: Iteration 43/100
[13937] [2025-01-14 08:35:38] INFO: Acc: 86.57%
[13937] [2025-01-14 08:35:38] INFO: --------------------------------------------
[13937] [2025-01-14 08:35:38] INFO: Iteration 44/100
[13937] [2025-01-14 08:35:42] INFO: Acc: 85.90%
[13937] [2025-01-14 08:35:42] INFO: --------------------------------------------
[13937] [2025-01-14 08:35:42] INFO: Iteration 45/100
[13937] [2025-01-14 08:35:47] INFO: Acc: 84.93%
[13937] [2025-01-14 08:35:47] INFO: --------------------------------------------
[13937] [2025-01-14 08:35:47] INFO: Iteration 46/100
[13937] [2025-01-14 08:35:52] INFO: Acc: 85.43%
[13937] [2025-01-14 08:35:52] INFO: --------------------------------------------
[13937] [2025-01-14 08:35:52] INFO: Iteration 47/100
[13937] [2025-01-14 08:35:56] INFO: Acc: 84.70%
[13937] [2025-01-14 08:35:56] INFO: --------------------------------------------
[13937] [2025-01-14 08:35:56] INFO: Iteration 48/100
[13937] [2025-01-14 08:36:02] INFO: Acc: 86.37%
[13937] [2025-01-14 08:36:02] INFO: --------------------------------------------
[13937] [2025-01-14 08:36:02] INFO: Iteration 49/100
[13937] [2025-01-14 08:36:08] INFO: Acc: 85.87%
[13937] [2025-01-14 08:36:08] INFO: --------------------------------------------
[13937] [2025-01-14 08:36:08] INFO: Iteration 50/100
[13937] [2025-01-14 08:36:13] INFO: Acc: 86.83%
[13937] [2025-01-14 08:36:13] INFO: --------------------------------------------
[13937] [2025-01-14 08:36:13] INFO: Iteration 51/100
[13937] [2025-01-14 08:36:18] INFO: Acc: 86.33%
[13937] [2025-01-14 08:36:18] INFO: --------------------------------------------
[13937] [2025-01-14 08:36:18] INFO: Iteration 52/100
[13937] [2025-01-14 08:36:23] INFO: Acc: 86.10%
[13937] [2025-01-14 08:36:23] INFO: --------------------------------------------
[13937] [2025-01-14 08:36:23] INFO: Iteration 53/100
[13937] [2025-01-14 08:36:28] INFO: Acc: 86.73%
[13937] [2025-01-14 08:36:28] INFO: --------------------------------------------
[13937] [2025-01-14 08:36:28] INFO: Iteration 54/100
[13937] [2025-01-14 08:36:35] INFO: Acc: 86.27%
[13937] [2025-01-14 08:36:35] INFO: --------------------------------------------
[13937] [2025-01-14 08:36:35] INFO: Iteration 55/100
[13937] [2025-01-14 08:36:41] INFO: Acc: 88.27%
[13937] [2025-01-14 08:36:41] INFO: --------------------------------------------
[13937] [2025-01-14 08:36:41] INFO: Iteration 56/100
[13937] [2025-01-14 08:36:45] INFO: Acc: 85.27%
[13937] [2025-01-14 08:36:45] INFO: --------------------------------------------
[13937] [2025-01-14 08:36:45] INFO: Iteration 57/100
[13937] [2025-01-14 08:36:50] INFO: Acc: 86.20%
[13937] [2025-01-14 08:36:50] INFO: --------------------------------------------
[13937] [2025-01-14 08:36:50] INFO: Iteration 58/100
[13937] [2025-01-14 08:36:56] INFO: Acc: 87.87%
[13937] [2025-01-14 08:36:56] INFO: --------------------------------------------
[13937] [2025-01-14 08:36:56] INFO: Iteration 59/100
[13937] [2025-01-14 08:37:02] INFO: Acc: 86.40%
[13937] [2025-01-14 08:37:02] INFO: --------------------------------------------
[13937] [2025-01-14 08:37:02] INFO: Iteration 60/100
[13937] [2025-01-14 08:37:06] INFO: Acc: 85.83%
[13937] [2025-01-14 08:37:06] INFO: --------------------------------------------
[13937] [2025-01-14 08:37:06] INFO: Iteration 61/100
[13937] [2025-01-14 08:37:11] INFO: Acc: 87.50%
[13937] [2025-01-14 08:37:11] INFO: --------------------------------------------
[13937] [2025-01-14 08:37:11] INFO: Iteration 62/100
[13937] [2025-01-14 08:37:16] INFO: Acc: 86.23%
[13937] [2025-01-14 08:37:16] INFO: --------------------------------------------
[13937] [2025-01-14 08:37:16] INFO: Iteration 63/100
[13937] [2025-01-14 08:37:21] INFO: Acc: 86.13%
[13937] [2025-01-14 08:37:21] INFO: --------------------------------------------
[13937] [2025-01-14 08:37:21] INFO: Iteration 64/100
[13937] [2025-01-14 08:37:26] INFO: Acc: 86.40%
[13937] [2025-01-14 08:37:26] INFO: --------------------------------------------
[13937] [2025-01-14 08:37:26] INFO: Iteration 65/100
[13937] [2025-01-14 08:37:31] INFO: Acc: 86.43%
[13937] [2025-01-14 08:37:31] INFO: --------------------------------------------
[13937] [2025-01-14 08:37:31] INFO: Iteration 66/100
[13937] [2025-01-14 08:37:36] INFO: Acc: 87.33%
[13937] [2025-01-14 08:37:36] INFO: --------------------------------------------
[13937] [2025-01-14 08:37:36] INFO: Iteration 67/100
[13937] [2025-01-14 08:37:40] INFO: Acc: 85.93%
[13937] [2025-01-14 08:37:40] INFO: --------------------------------------------
[13937] [2025-01-14 08:37:40] INFO: Iteration 68/100
[13937] [2025-01-14 08:37:46] INFO: Acc: 86.13%
[13937] [2025-01-14 08:37:46] INFO: --------------------------------------------
[13937] [2025-01-14 08:37:46] INFO: Iteration 69/100
[13937] [2025-01-14 08:37:51] INFO: Acc: 86.27%
[13937] [2025-01-14 08:37:51] INFO: --------------------------------------------
[13937] [2025-01-14 08:37:51] INFO: Iteration 70/100
[13937] [2025-01-14 08:37:56] INFO: Acc: 85.80%
[13937] [2025-01-14 08:37:56] INFO: --------------------------------------------
[13937] [2025-01-14 08:37:56] INFO: Iteration 71/100
[13937] [2025-01-14 08:38:01] INFO: Acc: 87.27%
[13937] [2025-01-14 08:38:01] INFO: --------------------------------------------
[13937] [2025-01-14 08:38:01] INFO: Iteration 72/100
[13937] [2025-01-14 08:38:07] INFO: Acc: 85.53%
[13937] [2025-01-14 08:38:07] INFO: --------------------------------------------
[13937] [2025-01-14 08:38:07] INFO: Iteration 73/100
[13937] [2025-01-14 08:38:13] INFO: Acc: 87.03%
[13937] [2025-01-14 08:38:13] INFO: --------------------------------------------
[13937] [2025-01-14 08:38:13] INFO: Iteration 74/100
[13937] [2025-01-14 08:38:17] INFO: Acc: 85.50%
[13937] [2025-01-14 08:38:17] INFO: --------------------------------------------
[13937] [2025-01-14 08:38:17] INFO: Iteration 75/100
[13937] [2025-01-14 08:38:22] INFO: Acc: 86.57%
[13937] [2025-01-14 08:38:22] INFO: --------------------------------------------
[13937] [2025-01-14 08:38:22] INFO: Iteration 76/100
[13937] [2025-01-14 08:38:28] INFO: Acc: 86.43%
[13937] [2025-01-14 08:38:28] INFO: --------------------------------------------
[13937] [2025-01-14 08:38:28] INFO: Iteration 77/100
[13937] [2025-01-14 08:38:34] INFO: Acc: 85.93%
[13937] [2025-01-14 08:38:34] INFO: --------------------------------------------
[13937] [2025-01-14 08:38:34] INFO: Iteration 78/100
[13937] [2025-01-14 08:38:39] INFO: Acc: 87.73%
[13937] [2025-01-14 08:38:39] INFO: --------------------------------------------
[13937] [2025-01-14 08:38:39] INFO: Iteration 79/100
[13937] [2025-01-14 08:38:44] INFO: Acc: 86.30%
[13937] [2025-01-14 08:38:44] INFO: --------------------------------------------
[13937] [2025-01-14 08:38:44] INFO: Iteration 80/100
[13937] [2025-01-14 08:38:49] INFO: Acc: 86.27%
[13937] [2025-01-14 08:38:49] INFO: --------------------------------------------
[13937] [2025-01-14 08:38:49] INFO: Iteration 81/100
[13937] [2025-01-14 08:38:54] INFO: Acc: 87.37%
[13937] [2025-01-14 08:38:55] INFO: --------------------------------------------
[13937] [2025-01-14 08:38:55] INFO: Iteration 82/100
[13937] [2025-01-14 08:39:00] INFO: Acc: 86.93%
[13937] [2025-01-14 08:39:00] INFO: --------------------------------------------
[13937] [2025-01-14 08:39:00] INFO: Iteration 83/100
[13937] [2025-01-14 08:39:05] INFO: Acc: 86.30%
[13937] [2025-01-14 08:39:05] INFO: --------------------------------------------
[13937] [2025-01-14 08:39:05] INFO: Iteration 84/100
[13937] [2025-01-14 08:39:10] INFO: Acc: 86.33%
[13937] [2025-01-14 08:39:10] INFO: --------------------------------------------
[13937] [2025-01-14 08:39:10] INFO: Iteration 85/100
[13937] [2025-01-14 08:39:17] INFO: Acc: 86.90%
[13937] [2025-01-14 08:39:17] INFO: --------------------------------------------
[13937] [2025-01-14 08:39:17] INFO: Iteration 86/100
[13937] [2025-01-14 08:39:22] INFO: Acc: 86.07%
[13937] [2025-01-14 08:39:22] INFO: --------------------------------------------
[13937] [2025-01-14 08:39:22] INFO: Iteration 87/100
[13937] [2025-01-14 08:39:26] INFO: Acc: 86.80%
[13937] [2025-01-14 08:39:26] INFO: --------------------------------------------
[13937] [2025-01-14 08:39:26] INFO: Iteration 88/100
[13937] [2025-01-14 08:39:31] INFO: Acc: 87.20%
[13937] [2025-01-14 08:39:31] INFO: --------------------------------------------
[13937] [2025-01-14 08:39:31] INFO: Iteration 89/100
[13937] [2025-01-14 08:39:37] INFO: Acc: 86.93%
[13937] [2025-01-14 08:39:37] INFO: --------------------------------------------
[13937] [2025-01-14 08:39:37] INFO: Iteration 90/100
[13937] [2025-01-14 08:39:42] INFO: Acc: 86.17%
[13937] [2025-01-14 08:39:42] INFO: --------------------------------------------
[13937] [2025-01-14 08:39:42] INFO: Iteration 91/100
[13937] [2025-01-14 08:39:47] INFO: Acc: 86.30%
[13937] [2025-01-14 08:39:47] INFO: --------------------------------------------
[13937] [2025-01-14 08:39:47] INFO: Iteration 92/100
[13937] [2025-01-14 08:39:52] INFO: Acc: 86.33%
[13937] [2025-01-14 08:39:52] INFO: --------------------------------------------
[13937] [2025-01-14 08:39:52] INFO: Iteration 93/100
[13937] [2025-01-14 08:39:56] INFO: Acc: 85.87%
[13937] [2025-01-14 08:39:56] INFO: --------------------------------------------
[13937] [2025-01-14 08:39:56] INFO: Iteration 94/100
[13937] [2025-01-14 08:40:02] INFO: Acc: 86.63%
[13937] [2025-01-14 08:40:02] INFO: --------------------------------------------
[13937] [2025-01-14 08:40:02] INFO: Iteration 95/100
[13937] [2025-01-14 08:40:06] INFO: Acc: 85.20%
[13937] [2025-01-14 08:40:06] INFO: --------------------------------------------
[13937] [2025-01-14 08:40:06] INFO: Iteration 96/100
[13937] [2025-01-14 08:40:11] INFO: Acc: 86.20%
[13937] [2025-01-14 08:40:11] INFO: --------------------------------------------
[13937] [2025-01-14 08:40:11] INFO: Iteration 97/100
[13937] [2025-01-14 08:40:16] INFO: Acc: 86.07%
[13937] [2025-01-14 08:40:16] INFO: --------------------------------------------
[13937] [2025-01-14 08:40:16] INFO: Iteration 98/100
[13937] [2025-01-14 08:40:21] INFO: Acc: 86.17%
[13937] [2025-01-14 08:40:21] INFO: --------------------------------------------
[13937] [2025-01-14 08:40:21] INFO: Iteration 99/100
[13937] [2025-01-14 08:40:27] INFO: Acc: 86.30%
[13937] [2025-01-14 08:40:27] INFO: --------------------------------------------
[13937] [2025-01-14 08:40:27] INFO: Iteration 100/100
[13937] [2025-01-14 08:40:32] INFO: Acc: 86.10%
