[9427] [2025-01-14 08:08:00] INFO: ==> Running file: /autodl-fs/data/PythonProject/P3MC/downstream_lr.py
[9427] [2025-01-14 08:08:00] INFO: ==> Config: {'exp_name': 'CVTSLANet_LR_ads-b_iq_PT_powerNorm_FT_powerNorm', 'exp_type': 'Downstream_random_rot', 'random_seed': 2024, 'platform': 'linux', 'device': 'cuda', 'iteration': 100, 'epoch': 100, 'dataset': {'name': 'ads-b', 'root': '~/Datasets/ADS-B', 'type': 'iq', 'normalize': 'power', 'train_batch_size': 30, 'test_batch_size': 30, 'ratio': 0.2, 'num_classes': 30, 'shot': 5, 'snr': None}, 'encoder': {'name': 'CVTSLANet', 'root': 'models/KANTSLANet2Feature.py', 'feature_dim': 1024, 'pretrain_path': './runs/Pretext_random_rot/CVTSLANet_ads-b_iq_powerNorm/best_encoder.pth', 'TSLA_config': {'seq_len': 4800, 'patch_size': 32, 'num_channels': 2, 'emb_dim': 256, 'depth': 3, 'dropout_rate': 0.3}}, 'classifier': {'name': 'lr', 'root': '', 'in_dim': 1024, 'ratio': 0.2, 'num_classes': 30}, 'optimizer': {'lr': 0.001, 'weight_decay': 0}, 'extra_info': '', 'exp_path': 'runs/Downstream_random_rot/CVTSLANet_LR_ads-b_iq_PT_powerNorm_FT_powerNorm/5Shot/0114_080800', 'save_path': 'runs/Downstream_random_rot/CVTSLANet_LR_ads-b_iq_PT_powerNorm_FT_powerNorm'}
[9427] [2025-01-14 08:08:00] INFO: --------------------------------------------
[9427] [2025-01-14 08:08:00] INFO: Iteration 1/100
[9427] [2025-01-14 08:08:06] INFO: Acc: 83.00%
[9427] [2025-01-14 08:08:06] INFO: --------------------------------------------
[9427] [2025-01-14 08:08:06] INFO: Iteration 2/100
[9427] [2025-01-14 08:08:11] INFO: Acc: 81.60%
[9427] [2025-01-14 08:08:11] INFO: --------------------------------------------
[9427] [2025-01-14 08:08:11] INFO: Iteration 3/100
[9427] [2025-01-14 08:08:16] INFO: Acc: 83.53%
[9427] [2025-01-14 08:08:17] INFO: --------------------------------------------
[9427] [2025-01-14 08:08:17] INFO: Iteration 4/100
[9427] [2025-01-14 08:08:22] INFO: Acc: 84.57%
[9427] [2025-01-14 08:08:22] INFO: --------------------------------------------
[9427] [2025-01-14 08:08:22] INFO: Iteration 5/100
[9427] [2025-01-14 08:08:28] INFO: Acc: 81.47%
[9427] [2025-01-14 08:08:28] INFO: --------------------------------------------
[9427] [2025-01-14 08:08:28] INFO: Iteration 6/100
[9427] [2025-01-14 08:08:32] INFO: Acc: 82.10%
[9427] [2025-01-14 08:08:32] INFO: --------------------------------------------
[9427] [2025-01-14 08:08:32] INFO: Iteration 7/100
[9427] [2025-01-14 08:08:38] INFO: Acc: 81.60%
[9427] [2025-01-14 08:08:38] INFO: --------------------------------------------
[9427] [2025-01-14 08:08:38] INFO: Iteration 8/100
[9427] [2025-01-14 08:08:42] INFO: Acc: 81.40%
[9427] [2025-01-14 08:08:42] INFO: --------------------------------------------
[9427] [2025-01-14 08:08:42] INFO: Iteration 9/100
[9427] [2025-01-14 08:08:48] INFO: Acc: 85.23%
[9427] [2025-01-14 08:08:48] INFO: --------------------------------------------
[9427] [2025-01-14 08:08:48] INFO: Iteration 10/100
[9427] [2025-01-14 08:08:53] INFO: Acc: 80.83%
[9427] [2025-01-14 08:08:53] INFO: --------------------------------------------
[9427] [2025-01-14 08:08:53] INFO: Iteration 11/100
[9427] [2025-01-14 08:08:59] INFO: Acc: 82.23%
[9427] [2025-01-14 08:08:59] INFO: --------------------------------------------
[9427] [2025-01-14 08:08:59] INFO: Iteration 12/100
[9427] [2025-01-14 08:09:03] INFO: Acc: 83.57%
[9427] [2025-01-14 08:09:03] INFO: --------------------------------------------
[9427] [2025-01-14 08:09:03] INFO: Iteration 13/100
[9427] [2025-01-14 08:09:09] INFO: Acc: 85.43%
[9427] [2025-01-14 08:09:09] INFO: --------------------------------------------
[9427] [2025-01-14 08:09:09] INFO: Iteration 14/100
[9427] [2025-01-14 08:09:14] INFO: Acc: 82.50%
[9427] [2025-01-14 08:09:14] INFO: --------------------------------------------
[9427] [2025-01-14 08:09:14] INFO: Iteration 15/100
[9427] [2025-01-14 08:09:20] INFO: Acc: 80.40%
[9427] [2025-01-14 08:09:20] INFO: --------------------------------------------
[9427] [2025-01-14 08:09:20] INFO: Iteration 16/100
[9427] [2025-01-14 08:09:24] INFO: Acc: 82.60%
[9427] [2025-01-14 08:09:24] INFO: --------------------------------------------
[9427] [2025-01-14 08:09:24] INFO: Iteration 17/100
[9427] [2025-01-14 08:09:31] INFO: Acc: 83.53%
[9427] [2025-01-14 08:09:31] INFO: --------------------------------------------
[9427] [2025-01-14 08:09:31] INFO: Iteration 18/100
[9427] [2025-01-14 08:09:35] INFO: Acc: 83.00%
[9427] [2025-01-14 08:09:36] INFO: --------------------------------------------
[9427] [2025-01-14 08:09:36] INFO: Iteration 19/100
[9427] [2025-01-14 08:09:41] INFO: Acc: 82.97%
[9427] [2025-01-14 08:09:41] INFO: --------------------------------------------
[9427] [2025-01-14 08:09:41] INFO: Iteration 20/100
[9427] [2025-01-14 08:09:46] INFO: Acc: 82.27%
[9427] [2025-01-14 08:09:46] INFO: --------------------------------------------
[9427] [2025-01-14 08:09:46] INFO: Iteration 21/100
[9427] [2025-01-14 08:09:52] INFO: Acc: 83.60%
[9427] [2025-01-14 08:09:52] INFO: --------------------------------------------
[9427] [2025-01-14 08:09:52] INFO: Iteration 22/100
[9427] [2025-01-14 08:09:56] INFO: Acc: 85.90%
[9427] [2025-01-14 08:09:56] INFO: --------------------------------------------
[9427] [2025-01-14 08:09:56] INFO: Iteration 23/100
[9427] [2025-01-14 08:10:02] INFO: Acc: 81.27%
[9427] [2025-01-14 08:10:02] INFO: --------------------------------------------
[9427] [2025-01-14 08:10:02] INFO: Iteration 24/100
[9427] [2025-01-14 08:10:07] INFO: Acc: 80.20%
[9427] [2025-01-14 08:10:07] INFO: --------------------------------------------
[9427] [2025-01-14 08:10:07] INFO: Iteration 25/100
[9427] [2025-01-14 08:10:12] INFO: Acc: 82.20%
[9427] [2025-01-14 08:10:12] INFO: --------------------------------------------
[9427] [2025-01-14 08:10:12] INFO: Iteration 26/100
[9427] [2025-01-14 08:10:16] INFO: Acc: 82.90%
[9427] [2025-01-14 08:10:16] INFO: --------------------------------------------
[9427] [2025-01-14 08:10:16] INFO: Iteration 27/100
[9427] [2025-01-14 08:10:22] INFO: Acc: 81.90%
[9427] [2025-01-14 08:10:22] INFO: --------------------------------------------
[9427] [2025-01-14 08:10:22] INFO: Iteration 28/100
[9427] [2025-01-14 08:10:27] INFO: Acc: 82.50%
[9427] [2025-01-14 08:10:27] INFO: --------------------------------------------
[9427] [2025-01-14 08:10:27] INFO: Iteration 29/100
[9427] [2025-01-14 08:10:33] INFO: Acc: 83.17%
[9427] [2025-01-14 08:10:33] INFO: --------------------------------------------
[9427] [2025-01-14 08:10:33] INFO: Iteration 30/100
[9427] [2025-01-14 08:10:39] INFO: Acc: 81.23%
[9427] [2025-01-14 08:10:39] INFO: --------------------------------------------
[9427] [2025-01-14 08:10:39] INFO: Iteration 31/100
[9427] [2025-01-14 08:10:44] INFO: Acc: 83.53%
[9427] [2025-01-14 08:10:44] INFO: --------------------------------------------
[9427] [2025-01-14 08:10:44] INFO: Iteration 32/100
[9427] [2025-01-14 08:10:49] INFO: Acc: 80.53%
[9427] [2025-01-14 08:10:50] INFO: --------------------------------------------
[9427] [2025-01-14 08:10:50] INFO: Iteration 33/100
[9427] [2025-01-14 08:10:55] INFO: Acc: 81.80%
[9427] [2025-01-14 08:10:55] INFO: --------------------------------------------
[9427] [2025-01-14 08:10:55] INFO: Iteration 34/100
[9427] [2025-01-14 08:10:59] INFO: Acc: 84.53%
[9427] [2025-01-14 08:10:59] INFO: --------------------------------------------
[9427] [2025-01-14 08:10:59] INFO: Iteration 35/100
[9427] [2025-01-14 08:11:05] INFO: Acc: 83.73%
[9427] [2025-01-14 08:11:05] INFO: --------------------------------------------
[9427] [2025-01-14 08:11:05] INFO: Iteration 36/100
[9427] [2025-01-14 08:11:09] INFO: Acc: 82.87%
[9427] [2025-01-14 08:11:09] INFO: --------------------------------------------
[9427] [2025-01-14 08:11:09] INFO: Iteration 37/100
[9427] [2025-01-14 08:11:14] INFO: Acc: 82.73%
[9427] [2025-01-14 08:11:15] INFO: --------------------------------------------
[9427] [2025-01-14 08:11:15] INFO: Iteration 38/100
[9427] [2025-01-14 08:11:20] INFO: Acc: 82.63%
[9427] [2025-01-14 08:11:20] INFO: --------------------------------------------
[9427] [2025-01-14 08:11:20] INFO: Iteration 39/100
[9427] [2025-01-14 08:11:26] INFO: Acc: 83.27%
[9427] [2025-01-14 08:11:26] INFO: --------------------------------------------
[9427] [2025-01-14 08:11:26] INFO: Iteration 40/100
[9427] [2025-01-14 08:11:30] INFO: Acc: 82.77%
[9427] [2025-01-14 08:11:30] INFO: --------------------------------------------
[9427] [2025-01-14 08:11:30] INFO: Iteration 41/100
[9427] [2025-01-14 08:11:36] INFO: Acc: 82.27%
[9427] [2025-01-14 08:11:36] INFO: --------------------------------------------
[9427] [2025-01-14 08:11:36] INFO: Iteration 42/100
[9427] [2025-01-14 08:11:41] INFO: Acc: 84.67%
[9427] [2025-01-14 08:11:41] INFO: --------------------------------------------
[9427] [2025-01-14 08:11:41] INFO: Iteration 43/100
[9427] [2025-01-14 08:11:46] INFO: Acc: 82.60%
[9427] [2025-01-14 08:11:46] INFO: --------------------------------------------
[9427] [2025-01-14 08:11:46] INFO: Iteration 44/100
[9427] [2025-01-14 08:11:51] INFO: Acc: 78.07%
[9427] [2025-01-14 08:11:51] INFO: --------------------------------------------
[9427] [2025-01-14 08:11:51] INFO: Iteration 45/100
[9427] [2025-01-14 08:11:56] INFO: Acc: 79.50%
[9427] [2025-01-14 08:11:56] INFO: --------------------------------------------
[9427] [2025-01-14 08:11:56] INFO: Iteration 46/100
[9427] [2025-01-14 08:12:00] INFO: Acc: 84.43%
[9427] [2025-01-14 08:12:00] INFO: --------------------------------------------
[9427] [2025-01-14 08:12:00] INFO: Iteration 47/100
[9427] [2025-01-14 08:12:05] INFO: Acc: 83.53%
[9427] [2025-01-14 08:12:05] INFO: --------------------------------------------
[9427] [2025-01-14 08:12:05] INFO: Iteration 48/100
[9427] [2025-01-14 08:12:10] INFO: Acc: 83.23%
[9427] [2025-01-14 08:12:10] INFO: --------------------------------------------
[9427] [2025-01-14 08:12:10] INFO: Iteration 49/100
[9427] [2025-01-14 08:12:16] INFO: Acc: 81.03%
[9427] [2025-01-14 08:12:16] INFO: --------------------------------------------
[9427] [2025-01-14 08:12:16] INFO: Iteration 50/100
[9427] [2025-01-14 08:12:21] INFO: Acc: 84.80%
[9427] [2025-01-14 08:12:21] INFO: --------------------------------------------
[9427] [2025-01-14 08:12:21] INFO: Iteration 51/100
[9427] [2025-01-14 08:12:27] INFO: Acc: 84.27%
[9427] [2025-01-14 08:12:27] INFO: --------------------------------------------
[9427] [2025-01-14 08:12:27] INFO: Iteration 52/100
[9427] [2025-01-14 08:12:31] INFO: Acc: 83.70%
[9427] [2025-01-14 08:12:31] INFO: --------------------------------------------
[9427] [2025-01-14 08:12:31] INFO: Iteration 53/100
[9427] [2025-01-14 08:12:37] INFO: Acc: 81.10%
[9427] [2025-01-14 08:12:37] INFO: --------------------------------------------
[9427] [2025-01-14 08:12:37] INFO: Iteration 54/100
[9427] [2025-01-14 08:12:41] INFO: Acc: 83.30%
[9427] [2025-01-14 08:12:42] INFO: --------------------------------------------
[9427] [2025-01-14 08:12:42] INFO: Iteration 55/100
[9427] [2025-01-14 08:12:47] INFO: Acc: 79.80%
[9427] [2025-01-14 08:12:47] INFO: --------------------------------------------
[9427] [2025-01-14 08:12:47] INFO: Iteration 56/100
[9427] [2025-01-14 08:12:51] INFO: Acc: 80.67%
[9427] [2025-01-14 08:12:51] INFO: --------------------------------------------
[9427] [2025-01-14 08:12:51] INFO: Iteration 57/100
[9427] [2025-01-14 08:12:56] INFO: Acc: 82.70%
[9427] [2025-01-14 08:12:56] INFO: --------------------------------------------
[9427] [2025-01-14 08:12:56] INFO: Iteration 58/100
[9427] [2025-01-14 08:13:01] INFO: Acc: 83.80%
[9427] [2025-01-14 08:13:01] INFO: --------------------------------------------
[9427] [2025-01-14 08:13:01] INFO: Iteration 59/100
[9427] [2025-01-14 08:13:08] INFO: Acc: 80.90%
[9427] [2025-01-14 08:13:08] INFO: --------------------------------------------
[9427] [2025-01-14 08:13:08] INFO: Iteration 60/100
[9427] [2025-01-14 08:13:13] INFO: Acc: 84.70%
[9427] [2025-01-14 08:13:13] INFO: --------------------------------------------
[9427] [2025-01-14 08:13:13] INFO: Iteration 61/100
[9427] [2025-01-14 08:13:18] INFO: Acc: 81.37%
[9427] [2025-01-14 08:13:18] INFO: --------------------------------------------
[9427] [2025-01-14 08:13:18] INFO: Iteration 62/100
[9427] [2025-01-14 08:13:23] INFO: Acc: 83.50%
[9427] [2025-01-14 08:13:23] INFO: --------------------------------------------
[9427] [2025-01-14 08:13:23] INFO: Iteration 63/100
[9427] [2025-01-14 08:13:29] INFO: Acc: 83.07%
[9427] [2025-01-14 08:13:29] INFO: --------------------------------------------
[9427] [2025-01-14 08:13:29] INFO: Iteration 64/100
[9427] [2025-01-14 08:13:33] INFO: Acc: 83.57%
[9427] [2025-01-14 08:13:33] INFO: --------------------------------------------
[9427] [2025-01-14 08:13:33] INFO: Iteration 65/100
[9427] [2025-01-14 08:13:39] INFO: Acc: 83.70%
[9427] [2025-01-14 08:13:39] INFO: --------------------------------------------
[9427] [2025-01-14 08:13:39] INFO: Iteration 66/100
[9427] [2025-01-14 08:13:43] INFO: Acc: 83.83%
[9427] [2025-01-14 08:13:43] INFO: --------------------------------------------
[9427] [2025-01-14 08:13:43] INFO: Iteration 67/100
[9427] [2025-01-14 08:13:49] INFO: Acc: 80.70%
[9427] [2025-01-14 08:13:49] INFO: --------------------------------------------
[9427] [2025-01-14 08:13:49] INFO: Iteration 68/100
[9427] [2025-01-14 08:13:54] INFO: Acc: 82.03%
[9427] [2025-01-14 08:13:54] INFO: --------------------------------------------
[9427] [2025-01-14 08:13:54] INFO: Iteration 69/100
[9427] [2025-01-14 08:14:00] INFO: Acc: 82.13%
[9427] [2025-01-14 08:14:00] INFO: --------------------------------------------
[9427] [2025-01-14 08:14:00] INFO: Iteration 70/100
[9427] [2025-01-14 08:14:05] INFO: Acc: 83.07%
[9427] [2025-01-14 08:14:05] INFO: --------------------------------------------
[9427] [2025-01-14 08:14:05] INFO: Iteration 71/100
[9427] [2025-01-14 08:14:11] INFO: Acc: 79.73%
[9427] [2025-01-14 08:14:11] INFO: --------------------------------------------
[9427] [2025-01-14 08:14:11] INFO: Iteration 72/100
[9427] [2025-01-14 08:14:16] INFO: Acc: 84.13%
[9427] [2025-01-14 08:14:16] INFO: --------------------------------------------
[9427] [2025-01-14 08:14:16] INFO: Iteration 73/100
[9427] [2025-01-14 08:14:21] INFO: Acc: 82.73%
[9427] [2025-01-14 08:14:22] INFO: --------------------------------------------
[9427] [2025-01-14 08:14:22] INFO: Iteration 74/100
[9427] [2025-01-14 08:14:26] INFO: Acc: 81.97%
[9427] [2025-01-14 08:14:26] INFO: --------------------------------------------
[9427] [2025-01-14 08:14:26] INFO: Iteration 75/100
[9427] [2025-01-14 08:14:31] INFO: Acc: 80.17%
[9427] [2025-01-14 08:14:31] INFO: --------------------------------------------
[9427] [2025-01-14 08:14:31] INFO: Iteration 76/100
[9427] [2025-01-14 08:14:36] INFO: Acc: 81.43%
[9427] [2025-01-14 08:14:36] INFO: --------------------------------------------
[9427] [2025-01-14 08:14:36] INFO: Iteration 77/100
[9427] [2025-01-14 08:14:41] INFO: Acc: 83.93%
[9427] [2025-01-14 08:14:41] INFO: --------------------------------------------
[9427] [2025-01-14 08:14:41] INFO: Iteration 78/100
[9427] [2025-01-14 08:14:46] INFO: Acc: 83.17%
[9427] [2025-01-14 08:14:46] INFO: --------------------------------------------
[9427] [2025-01-14 08:14:46] INFO: Iteration 79/100
[9427] [2025-01-14 08:14:52] INFO: Acc: 81.47%
[9427] [2025-01-14 08:14:52] INFO: --------------------------------------------
[9427] [2025-01-14 08:14:52] INFO: Iteration 80/100
[9427] [2025-01-14 08:14:57] INFO: Acc: 82.97%
[9427] [2025-01-14 08:14:57] INFO: --------------------------------------------
[9427] [2025-01-14 08:14:57] INFO: Iteration 81/100
[9427] [2025-01-14 08:15:03] INFO: Acc: 82.63%
[9427] [2025-01-14 08:15:03] INFO: --------------------------------------------
[9427] [2025-01-14 08:15:03] INFO: Iteration 82/100
[9427] [2025-01-14 08:15:07] INFO: Acc: 82.90%
[9427] [2025-01-14 08:15:07] INFO: --------------------------------------------
[9427] [2025-01-14 08:15:07] INFO: Iteration 83/100
[9427] [2025-01-14 08:15:13] INFO: Acc: 82.40%
[9427] [2025-01-14 08:15:13] INFO: --------------------------------------------
[9427] [2025-01-14 08:15:13] INFO: Iteration 84/100
[9427] [2025-01-14 08:15:17] INFO: Acc: 82.23%
[9427] [2025-01-14 08:15:17] INFO: --------------------------------------------
[9427] [2025-01-14 08:15:17] INFO: Iteration 85/100
[9427] [2025-01-14 08:15:23] INFO: Acc: 80.63%
[9427] [2025-01-14 08:15:23] INFO: --------------------------------------------
[9427] [2025-01-14 08:15:23] INFO: Iteration 86/100
[9427] [2025-01-14 08:15:27] INFO: Acc: 84.13%
[9427] [2025-01-14 08:15:27] INFO: --------------------------------------------
[9427] [2025-01-14 08:15:27] INFO: Iteration 87/100
[9427] [2025-01-14 08:15:33] INFO: Acc: 82.20%
[9427] [2025-01-14 08:15:33] INFO: --------------------------------------------
[9427] [2025-01-14 08:15:33] INFO: Iteration 88/100
[9427] [2025-01-14 08:15:38] INFO: Acc: 81.13%
[9427] [2025-01-14 08:15:38] INFO: --------------------------------------------
[9427] [2025-01-14 08:15:38] INFO: Iteration 89/100
[9427] [2025-01-14 08:15:44] INFO: Acc: 84.37%
[9427] [2025-01-14 08:15:44] INFO: --------------------------------------------
[9427] [2025-01-14 08:15:44] INFO: Iteration 90/100
[9427] [2025-01-14 08:15:49] INFO: Acc: 83.97%
[9427] [2025-01-14 08:15:49] INFO: --------------------------------------------
[9427] [2025-01-14 08:15:49] INFO: Iteration 91/100
[9427] [2025-01-14 08:15:55] INFO: Acc: 83.97%
[9427] [2025-01-14 08:15:55] INFO: --------------------------------------------
[9427] [2025-01-14 08:15:55] INFO: Iteration 92/100
[9427] [2025-01-14 08:16:00] INFO: Acc: 80.43%
[9427] [2025-01-14 08:16:00] INFO: --------------------------------------------
[9427] [2025-01-14 08:16:00] INFO: Iteration 93/100
[9427] [2025-01-14 08:16:05] INFO: Acc: 81.47%
[9427] [2025-01-14 08:16:05] INFO: --------------------------------------------
[9427] [2025-01-14 08:16:05] INFO: Iteration 94/100
[9427] [2025-01-14 08:16:10] INFO: Acc: 79.50%
[9427] [2025-01-14 08:16:10] INFO: --------------------------------------------
[9427] [2025-01-14 08:16:10] INFO: Iteration 95/100
[9427] [2025-01-14 08:16:14] INFO: Acc: 82.73%
[9427] [2025-01-14 08:16:14] INFO: --------------------------------------------
[9427] [2025-01-14 08:16:14] INFO: Iteration 96/100
[9427] [2025-01-14 08:16:20] INFO: Acc: 79.40%
[9427] [2025-01-14 08:16:20] INFO: --------------------------------------------
[9427] [2025-01-14 08:16:20] INFO: Iteration 97/100
[9427] [2025-01-14 08:16:25] INFO: Acc: 82.63%
[9427] [2025-01-14 08:16:25] INFO: --------------------------------------------
[9427] [2025-01-14 08:16:25] INFO: Iteration 98/100
[9427] [2025-01-14 08:16:30] INFO: Acc: 83.73%
[9427] [2025-01-14 08:16:30] INFO: --------------------------------------------
[9427] [2025-01-14 08:16:30] INFO: Iteration 99/100
[9427] [2025-01-14 08:16:35] INFO: Acc: 83.00%
[9427] [2025-01-14 08:16:35] INFO: --------------------------------------------
[9427] [2025-01-14 08:16:35] INFO: Iteration 100/100
[9427] [2025-01-14 08:16:41] INFO: Acc: 80.27%
